Linux 6.6.95 (minikube) 	04/17/26 	_x86_64_	(4 CPU)

13:47:36    kbmemfree   kbavail kbmemused  %memused kbbuffers  kbcached  kbcommit   %commit  kbactive   kbinact   kbdirty
13:47:37   [34;1m   1324184[0m[34;1m   1614764[0m[34;1m   1111216[0m[34;1m     27.77[0m[34;1m     13080[0m[34;1m   1453840[0m[34;1m   6137684[0m[31;1m    153.39[0m[34;1m    660036[0m[34;1m   1797888[0m[34;1m       556[0m
13:47:38   [34;1m   1295600[0m[34;1m   1586268[0m[34;1m   1139308[0m[34;1m     28.47[0m[34;1m     13080[0m[34;1m   1453944[0m[34;1m   6178336[0m[31;1m    154.40[0m[34;1m    660192[0m[34;1m   1812448[0m[34;1m       640[0m
13:47:39   [34;1m   1271548[0m[34;1m   1562332[0m[34;1m   1162568[0m[34;1m     29.05[0m[34;1m     13080[0m[34;1m   1454060[0m[34;1m   6218860[0m[31;1m    155.42[0m[34;1m    660324[0m[34;1m   1836304[0m[34;1m       756[0m
13:47:40   [34;1m   1244988[0m[34;1m   1535928[0m[34;1m   1188124[0m[34;1m     29.69[0m[34;1m     13080[0m[34;1m   1454204[0m[34;1m   6259256[0m[31;1m    156.43[0m[34;1m    660456[0m[34;1m   1861620[0m[34;1m       900[0m
13:47:41   [34;1m   1216608[0m[34;1m   1507724[0m[34;1m   1215580[0m[34;1m     30.38[0m[34;1m     13080[0m[34;1m   1454364[0m[34;1m   6299780[0m[31;1m    157.44[0m[34;1m    660588[0m[34;1m   1872828[0m[34;1m      1060[0m
13:47:42   [34;1m   1193364[0m[34;1m   1484820[0m[34;1m   1237372[0m[34;1m     30.92[0m[34;1m     13080[0m[34;1m   1454512[0m[34;1m   6340304[0m[31;1m    158.45[0m[34;1m    660744[0m[34;1m   1897104[0m[34;1m      1208[0m
13:47:43   [34;1m   1163780[0m[34;1m   1455504[0m[34;1m   1265544[0m[34;1m     31.63[0m[34;1m     13088[0m[34;1m   1454724[0m[34;1m   6380828[0m[31;1m    159.46[0m[34;1m    660884[0m[34;1m   1921928[0m[34;1m      1420[0m
13:47:44   [34;1m   1135756[0m[34;1m   1427804[0m[34;1m   1291912[0m[34;1m     32.29[0m[34;1m     13088[0m[34;1m   1455000[0m[34;1m   6421352[0m[31;1m    160.48[0m[34;1m    661016[0m[34;1m   1947680[0m[34;1m       144[0m
13:47:45   [34;1m   1120504[0m[34;1m   1412920[0m[34;1m   1305348[0m[34;1m     32.62[0m[34;1m     13096[0m[34;1m   1455316[0m[34;1m   6461876[0m[31;1m    161.49[0m[34;1m    661148[0m[34;1m   1916384[0m[34;1m       512[0m
13:47:46   [34;1m   1106316[0m[34;1m   1399080[0m[34;1m   1317608[0m[34;1m     32.93[0m[34;1m     13096[0m[34;1m   1455616[0m[34;1m   6502400[0m[31;1m    162.50[0m[34;1m    661288[0m[34;1m   1941164[0m[34;1m       812[0m
13:47:47   [34;1m   1093404[0m[34;1m   1386628[0m[34;1m   1328500[0m[34;1m     33.20[0m[34;1m     13096[0m[34;1m   1455968[0m[34;1m   6542924[0m[31;1m    163.52[0m[34;1m    661420[0m[34;1m   1966644[0m[34;1m      1164[0m
13:47:48   [34;1m   1070424[0m[34;1m   1364016[0m[34;1m   1349564[0m[34;1m     33.73[0m[34;1m     13096[0m[34;1m   1456284[0m[34;1m   6583448[0m[31;1m    164.53[0m[34;1m    661552[0m[34;1m   1992668[0m[34;1m      1480[0m
13:47:49   [34;1m   1038080[0m[34;1m   1332104[0m[34;1m   1379852[0m[34;1m     34.48[0m[34;1m     13096[0m[34;1m   1456652[0m[34;1m   6624100[0m[31;1m    165.54[0m[34;1m    661684[0m[34;1m   2017532[0m[34;1m      1848[0m
13:47:50   [34;1m   1007376[0m[34;1m   1301768[0m[34;1m   1408408[0m[34;1m     35.20[0m[34;1m     13104[0m[34;1m   1456988[0m[34;1m   6664624[0m[31;1m    166.56[0m[34;1m    661820[0m[34;1m   2042604[0m[34;1m      2200[0m
13:47:51   [34;1m    973308[0m[34;1m   1268184[0m[34;1m   1440296[0m[34;1m     35.99[0m[34;1m     13112[0m[34;1m   1457368[0m[34;1m   6709868[0m[31;1m    167.69[0m[34;1m    661956[0m[34;1m   2069984[0m[34;1m      2576[0m
13:47:52   [34;1m    941988[0m[34;1m   1237424[0m[34;1m   1469008[0m[34;1m     36.71[0m[34;1m     13120[0m[34;1m   1457852[0m[34;1m   6750392[0m[31;1m    168.70[0m[34;1m    662096[0m[34;1m   2096136[0m[34;1m      3068[0m
13:47:53   [34;1m    910820[0m[34;1m   1206784[0m[34;1m   1497488[0m[34;1m     37.42[0m[34;1m     13120[0m[34;1m   1458336[0m[34;1m   6790916[0m[31;1m    169.71[0m[34;1m    662236[0m[34;1m   2120352[0m[34;1m      3544[0m
13:47:54   [34;1m    878608[0m[34;1m   1175108[0m[34;1m   1527016[0m[34;1m     38.16[0m[34;1m     13120[0m[34;1m   1458792[0m[34;1m   6826592[0m[31;1m    170.61[0m[34;1m    662368[0m[34;1m   2144232[0m[34;1m      4000[0m
13:47:55   [34;1m    847880[0m[34;1m   1145020[0m[34;1m   1554800[0m[34;1m     38.86[0m[34;1m     13120[0m[34;1m   1459396[0m[34;1m   6867116[0m[31;1m    171.62[0m[34;1m    662500[0m[34;1m   2171120[0m[34;1m      4600[0m
13:47:56   [34;1m    812140[0m[34;1m   1109932[0m[34;1m   1587548[0m[34;1m     39.67[0m[34;1m     13120[0m[34;1m   1459924[0m[34;1m   6907640[0m[31;1m    172.63[0m[34;1m    662632[0m[34;1m   2200984[0m[34;1m      5128[0m
13:47:57   [34;1m    777376[0m[34;1m   1075876[0m[34;1m   1619308[0m[34;1m     40.47[0m[34;1m     13128[0m[34;1m   1460576[0m[34;1m   6948164[0m[31;1m    173.64[0m[34;1m    662772[0m[34;1m   2228916[0m[34;1m      5776[0m
13:47:58   [34;1m    739688[0m[34;1m   1038880[0m[34;1m   1653652[0m[34;1m     41.33[0m[34;1m     13128[0m[34;1m   1461172[0m[34;1m   6988816[0m[31;1m    174.66[0m[34;1m    662904[0m[34;1m   2259660[0m[34;1m      6372[0m
13:47:59   [34;1m    699188[0m[34;1m    999124[0m[34;1m   1690812[0m[34;1m     42.26[0m[34;1m     13128[0m[34;1m   1461772[0m[34;1m   7029212[0m[31;1m    175.67[0m[34;1m    663036[0m[34;1m   2290976[0m[34;1m       132[0m
13:48:00   [34;1m    659780[0m[34;1m    960484[0m[34;1m   1726740[0m[34;1m     43.15[0m[34;1m     13128[0m[34;1m   1462440[0m[34;1m   7069736[0m[31;1m    176.68[0m[34;1m    663168[0m[34;1m   2323056[0m[34;1m       800[0m
13:48:01   [34;1m    627876[0m[34;1m    929328[0m[34;1m   1755012[0m[34;1m     43.86[0m[34;1m     13128[0m[34;1m   1463116[0m[34;1m   7110260[0m[31;1m    177.69[0m[34;1m    663300[0m[34;1m   2348992[0m[34;1m      1476[0m
13:48:02   [34;1m    590904[0m[34;1m    893160[0m[34;1m   1788316[0m[34;1m     44.69[0m[34;1m     13136[0m[34;1m   1463844[0m[34;1m   7154880[0m[31;1m    178.81[0m[34;1m    663440[0m[34;1m   2378564[0m[34;1m      2260[0m
13:48:03   [34;1m    556308[0m[34;1m    859404[0m[34;1m   1819216[0m[34;1m     45.46[0m[34;1m     13144[0m[34;1m   1464544[0m[34;1m   7195660[0m[31;1m    179.83[0m[34;1m    663580[0m[34;1m   2405088[0m[34;1m      2956[0m
13:48:04   [34;1m    516904[0m[34;1m    820824[0m[34;1m   1854864[0m[34;1m     46.36[0m[34;1m     13144[0m[34;1m   1465284[0m[34;1m   7236184[0m[31;1m    180.84[0m[34;1m    663712[0m[34;1m   2435056[0m[34;1m      3696[0m
13:48:05   [34;1m    568288[0m[34;1m    774656[0m[34;1m   1898732[0m[34;1m     47.45[0m[34;1m     13144[0m[34;1m   1368176[0m[34;1m   7277092[0m[31;1m    181.86[0m[34;1m    663844[0m[34;1m   2367056[0m[34;1m       156[0m
13:48:06   [34;1m    541212[0m[34;1m    748640[0m[34;1m   1921896[0m[34;1m     48.03[0m[34;1m     13144[0m[34;1m   1369176[0m[34;1m   7317680[0m[31;1m    182.88[0m[34;1m    663976[0m[34;1m   2395604[0m[34;1m      1156[0m
13:48:07   [34;1m    528740[0m[34;1m    736992[0m[34;1m   1932908[0m[34;1m     48.31[0m[34;1m     13156[0m[34;1m   1369756[0m[34;1m   7329960[0m[31;1m    183.18[0m[34;1m    664016[0m[34;1m   2405720[0m[34;1m      1752[0m
13:48:08   [34;1m    525520[0m[34;1m    734636[0m[34;1m   1935132[0m[34;1m     48.36[0m[34;1m     13164[0m[34;1m   1370748[0m[34;1m   7334056[0m[31;1m    183.29[0m[34;1m    664036[0m[34;1m   2407228[0m[34;1m      2744[0m
13:48:09   [34;1m    521740[0m[34;1m    731608[0m[34;1m   1938120[0m[34;1m     48.44[0m[34;1m     13164[0m[34;1m   1371492[0m[34;1m   7334056[0m[31;1m    183.29[0m[34;1m    664036[0m[34;1m   2409716[0m[34;1m      3488[0m
13:48:10   [34;1m    519260[0m[34;1m    729960[0m[34;1m   1939552[0m[34;1m     48.47[0m[34;1m     13164[0m[34;1m   1372276[0m[34;1m   7334056[0m[31;1m    183.29[0m[34;1m    664036[0m[34;1m   2412860[0m[34;1m      4272[0m
13:48:11   [34;1m    515508[0m[34;1m    727008[0m[34;1m   1942416[0m[34;1m     48.54[0m[34;1m     13164[0m[34;1m   1373028[0m[34;1m   7338776[0m[31;1m    183.41[0m[34;1m    664036[0m[34;1m   2416612[0m[34;1m      5024[0m
13:48:12   [34;1m    513764[0m[34;1m    726116[0m[34;1m   1943364[0m[34;1m     48.57[0m[34;1m     13164[0m[34;1m   1373824[0m[34;1m   7338776[0m[31;1m    183.41[0m[34;1m    664036[0m[34;1m   2417952[0m[34;1m      5820[0m
13:48:13   [34;1m    511524[0m[34;1m    724624[0m[34;1m   1944824[0m[34;1m     48.60[0m[34;1m     13172[0m[34;1m   1374572[0m[34;1m   7338776[0m[31;1m    183.41[0m[34;1m    664044[0m[34;1m   2419796[0m[34;1m      6572[0m
13:48:14   [34;1m    510012[0m[34;1m    723896[0m[34;1m   1945592[0m[34;1m     48.62[0m[34;1m     13172[0m[34;1m   1375400[0m[34;1m   7334056[0m[31;1m    183.29[0m[34;1m    664044[0m[34;1m   2419616[0m[34;1m      7400[0m
13:48:15   [34;1m    508752[0m[34;1m    723576[0m[34;1m   1945972[0m[34;1m     48.63[0m[34;1m     13180[0m[34;1m   1376300[0m[34;1m   7334056[0m[31;1m    183.29[0m[34;1m    664052[0m[34;1m   2421240[0m[34;1m      8296[0m
13:48:16   [34;1m    507772[0m[34;1m    723272[0m[34;1m   1946208[0m[34;1m     48.64[0m[34;1m     13180[0m[34;1m   1377036[0m[34;1m   7334056[0m[31;1m    183.29[0m[34;1m    664052[0m[34;1m   2422300[0m[34;1m      9032[0m
13:48:17   [34;1m    506036[0m[34;1m    722260[0m[34;1m   1947248[0m[34;1m     48.66[0m[34;1m     13180[0m[34;1m   1377732[0m[34;1m   7334056[0m[31;1m    183.29[0m[34;1m    664052[0m[34;1m   2424144[0m[34;1m      9724[0m
13:48:18   [34;1m    503292[0m[34;1m    720356[0m[34;1m   1949180[0m[34;1m     48.71[0m[34;1m     13180[0m[34;1m   1378544[0m[34;1m   7334056[0m[31;1m    183.29[0m[34;1m    664052[0m[34;1m   2427320[0m[34;1m     10532[0m
13:48:19   [34;1m    499540[0m[34;1m    717496[0m[34;1m   1952040[0m[34;1m     48.78[0m[34;1m     13188[0m[34;1m   1379396[0m[34;1m   7338152[0m[31;1m    183.39[0m[34;1m    664060[0m[34;1m   2429456[0m[34;1m     11376[0m
13:48:20   [34;1m    498280[0m[34;1m    717072[0m[34;1m   1952452[0m[34;1m     48.79[0m[34;1m     13188[0m[34;1m   1380244[0m[34;1m   7338152[0m[31;1m    183.39[0m[34;1m    664060[0m[34;1m   2430888[0m[34;1m       720[0m
13:48:21   [34;1m    494528[0m[34;1m    714200[0m[34;1m   1955272[0m[34;1m     48.86[0m[34;1m     13188[0m[34;1m   1381168[0m[34;1m   7338152[0m[31;1m    183.39[0m[34;1m    664060[0m[34;1m   2434528[0m[34;1m      1520[0m
13:48:22   [34;1m    493044[0m[34;1m    713620[0m[34;1m   1955904[0m[34;1m     48.88[0m[34;1m     13196[0m[34;1m   1382016[0m[34;1m   7342248[0m[31;1m    183.49[0m[34;1m    664064[0m[34;1m   2436252[0m[34;1m      2408[0m
13:48:23   [34;1m    490356[0m[34;1m    711640[0m[34;1m   1957800[0m[34;1m     48.93[0m[34;1m     13196[0m[34;1m   1382776[0m[34;1m   7342504[0m[31;1m    183.50[0m[34;1m    664068[0m[34;1m   2438320[0m[34;1m      3164[0m
13:48:24   [34;1m    487396[0m[34;1m    709420[0m[34;1m   1960004[0m[34;1m     48.98[0m[34;1m     13196[0m[34;1m   1383532[0m[34;1m   7342504[0m[31;1m    183.50[0m[34;1m    664068[0m[34;1m   2439792[0m[34;1m      3920[0m
13:48:25   [34;1m    486388[0m[34;1m    709136[0m[34;1m   1960288[0m[34;1m     48.99[0m[34;1m     13204[0m[34;1m   1384248[0m[34;1m   7346600[0m[31;1m    183.60[0m[34;1m    664076[0m[34;1m   2441624[0m[34;1m      4632[0m
13:48:26   [34;1m    484904[0m[34;1m    708472[0m[34;1m   1961016[0m[34;1m     49.01[0m[34;1m     13204[0m[34;1m   1385012[0m[34;1m   7346600[0m[31;1m    183.60[0m[34;1m    664076[0m[34;1m   2443124[0m[34;1m      5396[0m
13:48:27   [34;1m    481880[0m[34;1m    706476[0m[34;1m   1963028[0m[34;1m     49.06[0m[34;1m     13204[0m[34;1m   1386024[0m[34;1m   7346600[0m[31;1m    183.60[0m[34;1m    664076[0m[34;1m   2446240[0m[34;1m      6260[0m
13:48:28   [34;1m    478608[0m[34;1m    704088[0m[34;1m   1965404[0m[34;1m     49.12[0m[34;1m     13212[0m[34;1m   1386912[0m[34;1m   7350768[0m[31;1m    183.70[0m[34;1m    664084[0m[34;1m   2449224[0m[34;1m      7208[0m
13:48:29   [34;1m    477128[0m[34;1m    703284[0m[34;1m   1966172[0m[34;1m     49.14[0m[34;1m     13212[0m[34;1m   1387600[0m[34;1m   7351024[0m[31;1m    183.71[0m[34;1m    664084[0m[34;1m   2449808[0m[34;1m      7892[0m
13:48:30   [34;1m    475896[0m[34;1m    702940[0m[34;1m   1966500[0m[34;1m     49.15[0m[34;1m     13212[0m[34;1m   1388488[0m[34;1m   7351024[0m[31;1m    183.71[0m[34;1m    664084[0m[34;1m   2451604[0m[34;1m      8780[0m
13:48:31   [34;1m    470884[0m[34;1m    698568[0m[34;1m   1970824[0m[34;1m     49.25[0m[34;1m     13212[0m[34;1m   1389144[0m[34;1m   7359840[0m[31;1m    183.93[0m[34;1m    664084[0m[34;1m   2456440[0m[34;1m      9436[0m
13:48:32   [34;1m    468420[0m[34;1m    697124[0m[34;1m   1972284[0m[34;1m     49.29[0m[34;1m     13212[0m[34;1m   1390148[0m[34;1m   7359840[0m[31;1m    183.93[0m[34;1m    664084[0m[34;1m   2458556[0m[34;1m     10440[0m
13:48:33   [34;1m    465928[0m[34;1m    695340[0m[34;1m   1974092[0m[34;1m     49.34[0m[34;1m     13220[0m[34;1m   1390824[0m[34;1m   7359840[0m[31;1m    183.93[0m[34;1m    664092[0m[34;1m   2460832[0m[34;1m     11116[0m
13:48:34   [34;1m    462680[0m[34;1m    692964[0m[34;1m   1976476[0m[34;1m     49.39[0m[34;1m     13220[0m[34;1m   1391692[0m[34;1m   7359216[0m[31;1m    183.92[0m[34;1m    664092[0m[34;1m   2461668[0m[34;1m     11984[0m
13:48:35   [34;1m    462176[0m[34;1m    693012[0m[34;1m   1976404[0m[34;1m     49.39[0m[34;1m     13220[0m[34;1m   1392268[0m[34;1m   7363312[0m[31;1m    184.02[0m[34;1m    664092[0m[34;1m   2462480[0m[34;1m     12560[0m
13:48:36   [34;1m    460972[0m[34;1m    692792[0m[34;1m   1976636[0m[34;1m     49.40[0m[34;1m     13228[0m[34;1m   1393232[0m[34;1m   7363312[0m[31;1m    184.02[0m[34;1m    664100[0m[34;1m   2464200[0m[34;1m     13520[0m
13:48:37   [34;1m    460216[0m[34;1m    692600[0m[34;1m   1976820[0m[34;1m     49.40[0m[34;1m     13236[0m[34;1m   1393796[0m[34;1m   7363312[0m[31;1m    184.02[0m[34;1m    664100[0m[34;1m   2465084[0m[34;1m     14092[0m
13:48:38   [34;1m    458480[0m[34;1m    691792[0m[34;1m   1977628[0m[34;1m     49.42[0m[34;1m     13236[0m[34;1m   1394724[0m[34;1m   7363312[0m[31;1m    184.02[0m[34;1m    664108[0m[34;1m   2463732[0m[34;1m     15008[0m
13:48:39   [34;1m    456476[0m[34;1m    690492[0m[34;1m   1978964[0m[34;1m     49.46[0m[34;1m     13244[0m[34;1m   1395412[0m[34;1m   7363312[0m[31;1m    184.02[0m[34;1m    664116[0m[34;1m   2464620[0m[34;1m     15692[0m
13:48:40   [34;1m    455244[0m[34;1m    690100[0m[34;1m   1979340[0m[34;1m     49.47[0m[34;1m     13244[0m[34;1m   1396252[0m[34;1m   7363312[0m[31;1m    184.02[0m[34;1m    664116[0m[34;1m   2465824[0m[34;1m       340[0m
13:48:41   [34;1m    453508[0m[34;1m    689136[0m[34;1m   1980236[0m[34;1m     49.49[0m[34;1m     13244[0m[34;1m   1397052[0m[34;1m   7363312[0m[31;1m    184.02[0m[34;1m    664116[0m[34;1m   2468316[0m[34;1m      1144[0m
13:48:42   [34;1m    453004[0m[34;1m    689232[0m[34;1m   1980100[0m[34;1m     49.49[0m[34;1m     13244[0m[34;1m   1397696[0m[34;1m   7363312[0m[31;1m    184.02[0m[34;1m    664116[0m[34;1m   2468972[0m[34;1m      1788[0m
13:48:43   [34;1m    447488[0m[34;1m    684740[0m[34;1m   1984680[0m[34;1m     49.60[0m[34;1m     13244[0m[34;1m   1398652[0m[34;1m   7363312[0m[31;1m    184.02[0m[34;1m    664116[0m[34;1m   2470656[0m[34;1m      2748[0m
13:48:44   [34;1m    445724[0m[34;1m    683740[0m[34;1m   1985636[0m[34;1m     49.62[0m[34;1m     13256[0m[34;1m   1399440[0m[34;1m   7363312[0m[31;1m    184.02[0m[34;1m    664128[0m[34;1m   2471632[0m[34;1m      3592[0m
13:48:45   [34;1m    445500[0m[34;1m    684212[0m[34;1m   1985196[0m[34;1m     49.61[0m[34;1m     13256[0m[34;1m   1400104[0m[34;1m   7363312[0m[31;1m    184.02[0m[34;1m    664128[0m[34;1m   2472448[0m[34;1m      4256[0m
13:48:46   [34;1m    445052[0m[34;1m    684648[0m[34;1m   1984652[0m[34;1m     49.60[0m[34;1m     13264[0m[34;1m   1401092[0m[34;1m   7363312[0m[31;1m    184.02[0m[34;1m    664128[0m[34;1m   2473368[0m[34;1m      5112[0m
13:48:47   [34;1m    444576[0m[34;1m    684920[0m[34;1m   1984416[0m[34;1m     49.59[0m[34;1m     13264[0m[34;1m   1401804[0m[34;1m   7363312[0m[31;1m    184.02[0m[34;1m    664136[0m[34;1m   2473356[0m[34;1m      5824[0m
13:48:48   [34;1m    444324[0m[34;1m    685484[0m[34;1m   1983880[0m[34;1m     49.58[0m[34;1m     13264[0m[34;1m   1402616[0m[34;1m   7363312[0m[31;1m    184.02[0m[34;1m    664136[0m[34;1m   2474452[0m[34;1m      6636[0m
13:48:49   [34;1m    442084[0m[34;1m    684100[0m[34;1m   1985320[0m[34;1m     49.62[0m[34;1m     13264[0m[34;1m   1403436[0m[34;1m   7363312[0m[31;1m    184.02[0m[34;1m    664136[0m[34;1m   2475468[0m[34;1m      7456[0m
13:48:50   [34;1m    441860[0m[34;1m    684528[0m[34;1m   1984852[0m[34;1m     49.60[0m[34;1m     13264[0m[34;1m   1404112[0m[34;1m   7363312[0m[31;1m    184.02[0m[34;1m    664136[0m[34;1m   2476412[0m[34;1m      8132[0m
13:48:51   [34;1m    440628[0m[34;1m    684132[0m[34;1m   1985280[0m[34;1m     49.61[0m[34;1m     13280[0m[34;1m   1404876[0m[34;1m   7368032[0m[31;1m    184.14[0m[34;1m    664152[0m[34;1m   2479020[0m[34;1m      8896[0m
13:48:52   [34;1m    440152[0m[34;1m    684428[0m[34;1m   1984940[0m[34;1m     49.61[0m[34;1m     13280[0m[34;1m   1405684[0m[34;1m   7368032[0m[31;1m    184.14[0m[34;1m    664152[0m[34;1m   2479916[0m[34;1m      9704[0m
13:48:53   [34;1m    439648[0m[34;1m    684688[0m[34;1m   1984628[0m[34;1m     49.60[0m[34;1m     13288[0m[34;1m   1406492[0m[34;1m   7368032[0m[31;1m    184.14[0m[34;1m    664160[0m[34;1m   2480664[0m[34;1m     10508[0m
13:48:54   [34;1m    437884[0m[34;1m    683736[0m[34;1m   1985632[0m[34;1m     49.62[0m[34;1m     13288[0m[34;1m   1407252[0m[34;1m   7363312[0m[31;1m    184.02[0m[34;1m    664160[0m[34;1m   2479932[0m[34;1m     11268[0m
13:48:55   [34;1m    437408[0m[34;1m    683848[0m[34;1m   1985472[0m[34;1m     49.62[0m[34;1m     13288[0m[34;1m   1407888[0m[34;1m   7363312[0m[31;1m    184.02[0m[34;1m    664160[0m[34;1m   2480532[0m[34;1m     11904[0m
13:48:56   [34;1m    435924[0m[34;1m    683284[0m[34;1m   1986152[0m[34;1m     49.64[0m[34;1m     13288[0m[34;1m   1408692[0m[34;1m   7363312[0m[31;1m    184.02[0m[34;1m    664160[0m[34;1m   2479932[0m[34;1m     12708[0m
13:48:57   [34;1m    434944[0m[34;1m    683040[0m[34;1m   1986328[0m[34;1m     49.64[0m[34;1m     13296[0m[34;1m   1409488[0m[34;1m   7363312[0m[31;1m    184.02[0m[34;1m    664160[0m[34;1m   2479144[0m[34;1m     13512[0m
13:48:58   [34;1m    432172[0m[34;1m    681096[0m[34;1m   1988296[0m[34;1m     49.69[0m[34;1m     13296[0m[34;1m   1410296[0m[34;1m   7363312[0m[31;1m    184.02[0m[34;1m    664168[0m[34;1m   2482672[0m[34;1m     14308[0m
13:48:59   [34;1m    430408[0m[34;1m    680148[0m[34;1m   1989204[0m[34;1m     49.71[0m[34;1m     13304[0m[34;1m   1411164[0m[34;1m   7363312[0m[31;1m    184.02[0m[34;1m    664176[0m[34;1m   2482536[0m[34;1m     15172[0m
13:49:00   [34;1m    429932[0m[34;1m    680396[0m[34;1m   1988984[0m[34;1m     49.71[0m[34;1m     13304[0m[34;1m   1411860[0m[34;1m   7363312[0m[31;1m    184.02[0m[34;1m    664176[0m[34;1m   2483352[0m[34;1m     15868[0m
13:49:01   [34;1m    429456[0m[34;1m    680520[0m[34;1m   1988820[0m[34;1m     49.70[0m[34;1m     13304[0m[34;1m   1412476[0m[34;1m   7363312[0m[31;1m    184.02[0m[34;1m    664176[0m[34;1m   2484360[0m[34;1m     16484[0m
13:49:02   [34;1m    428476[0m[34;1m    680516[0m[34;1m   1988840[0m[34;1m     49.70[0m[34;1m     13304[0m[34;1m   1413436[0m[34;1m   7363312[0m[31;1m    184.02[0m[34;1m    664176[0m[34;1m   2485436[0m[34;1m     17444[0m
13:49:03   [34;1m    427244[0m[34;1m    680072[0m[34;1m   1989352[0m[34;1m     49.72[0m[34;1m     13304[0m[34;1m   1414140[0m[34;1m   7363312[0m[31;1m    184.02[0m[34;1m    664176[0m[34;1m   2486372[0m[34;1m     18148[0m
13:49:04   [34;1m    425480[0m[34;1m    678868[0m[34;1m   1990468[0m[34;1m     49.74[0m[34;1m     13312[0m[34;1m   1414780[0m[34;1m   7363312[0m[31;1m    184.02[0m[34;1m    664184[0m[34;1m   2486728[0m[34;1m     18788[0m
13:49:05   [34;1m    423768[0m[34;1m    678012[0m[34;1m   1991296[0m[34;1m     49.76[0m[34;1m     13312[0m[34;1m   1415680[0m[34;1m   7363312[0m[31;1m    184.02[0m[34;1m    664184[0m[34;1m   2487428[0m[34;1m     19688[0m
13:49:06   [34;1m    423228[0m[34;1m    678300[0m[34;1m   1991072[0m[34;1m     49.76[0m[34;1m     13312[0m[34;1m   1416500[0m[34;1m   7363312[0m[31;1m    184.02[0m[34;1m    664184[0m[34;1m   2488064[0m[34;1m       676[0m
13:49:07   [34;1m    422512[0m[34;1m    678464[0m[34;1m   1990952[0m[34;1m     49.76[0m[34;1m     13332[0m[34;1m   1417312[0m[34;1m   7363312[0m[31;1m    184.02[0m[34;1m    664196[0m[34;1m   2489572[0m[34;1m      1532[0m
13:49:08   [34;1m    420776[0m[34;1m    677528[0m[34;1m   1991892[0m[34;1m     49.78[0m[34;1m     13332[0m[34;1m   1418100[0m[34;1m   7363312[0m[31;1m    184.02[0m[34;1m    664204[0m[34;1m   2489856[0m[34;1m      2324[0m
13:49:09   [34;1m    420272[0m[34;1m    677796[0m[34;1m   1991656[0m[34;1m     49.77[0m[34;1m     13340[0m[34;1m   1418848[0m[34;1m   7363312[0m[31;1m    184.02[0m[34;1m    664212[0m[34;1m   2490676[0m[34;1m      3076[0m
13:49:10   [34;1m    419348[0m[34;1m    677704[0m[34;1m   1991672[0m[34;1m     49.77[0m[34;1m     13340[0m[34;1m   1419748[0m[34;1m   7363312[0m[31;1m    184.02[0m[34;1m    664212[0m[34;1m   2491616[0m[34;1m      3976[0m
13:49:11   [34;1m    417360[0m[34;1m    676660[0m[34;1m   1992824[0m[34;1m     49.80[0m[34;1m     13340[0m[34;1m   1420600[0m[34;1m   7368032[0m[31;1m    184.14[0m[34;1m    664212[0m[34;1m   2495448[0m[34;1m       616[0m
13:49:12   [34;1m    416856[0m[34;1m    676996[0m[34;1m   1992468[0m[34;1m     49.79[0m[34;1m     13340[0m[34;1m   1421472[0m[34;1m   7368032[0m[31;1m    184.14[0m[34;1m    664212[0m[34;1m   2496040[0m[34;1m      1488[0m
13:49:13   [34;1m    416100[0m[34;1m    676940[0m[34;1m   1992444[0m[34;1m     49.79[0m[34;1m     13340[0m[34;1m   1422240[0m[34;1m   7368032[0m[31;1m    184.14[0m[34;1m    664212[0m[34;1m   2496796[0m[34;1m      2256[0m
13:49:14   [34;1m    414840[0m[34;1m    676428[0m[34;1m   1993064[0m[34;1m     49.81[0m[34;1m     13348[0m[34;1m   1422884[0m[34;1m   7363312[0m[31;1m    184.02[0m[34;1m    664212[0m[34;1m   2495908[0m[34;1m      2900[0m
13:49:15   [34;1m    414840[0m[34;1m    677632[0m[34;1m   1991812[0m[34;1m     49.78[0m[34;1m     13348[0m[34;1m   1424096[0m[34;1m   7363312[0m[31;1m    184.02[0m[34;1m    664216[0m[34;1m   2497128[0m[34;1m      3904[0m
13:49:16   [34;1m    413636[0m[34;1m    677300[0m[34;1m   1992136[0m[34;1m     49.79[0m[34;1m     13348[0m[34;1m   1424984[0m[34;1m   7363312[0m[31;1m    184.02[0m[34;1m    664216[0m[34;1m   2498240[0m[34;1m      4792[0m
13:49:17   [34;1m    412404[0m[34;1m    676880[0m[34;1m   1992528[0m[34;1m     49.80[0m[34;1m     13356[0m[34;1m   1425788[0m[34;1m   7363312[0m[31;1m    184.02[0m[34;1m    664228[0m[34;1m   2500540[0m[34;1m      5592[0m
13:49:18   [34;1m    410892[0m[34;1m    676108[0m[34;1m   1993300[0m[34;1m     49.82[0m[34;1m     13356[0m[34;1m   1426512[0m[34;1m   7367664[0m[31;1m    184.13[0m[34;1m    664228[0m[34;1m   2503384[0m[34;1m      6316[0m
13:49:19   [34;1m    405404[0m[34;1m    671692[0m[34;1m   1997808[0m[34;1m     49.93[0m[34;1m     13356[0m[34;1m   1427432[0m[34;1m   7367664[0m[31;1m    184.13[0m[34;1m    664228[0m[34;1m   2506160[0m[34;1m      7236[0m
13:49:20   [34;1m    402940[0m[34;1m    670012[0m[34;1m   1999312[0m[34;1m     49.97[0m[34;1m     13356[0m[34;1m   1428372[0m[34;1m   7367664[0m[31;1m    184.13[0m[34;1m    664228[0m[34;1m   2507164[0m[34;1m      8164[0m
13:49:21   [34;1m    399188[0m[34;1m    667124[0m[34;1m   2002200[0m[34;1m     50.04[0m[34;1m     13364[0m[34;1m   1429184[0m[34;1m   7371760[0m[31;1m    184.23[0m[34;1m    664236[0m[34;1m   2510820[0m[34;1m      8984[0m
13:49:22   [34;1m    397928[0m[34;1m    666608[0m[34;1m   2002696[0m[34;1m     50.05[0m[34;1m     13364[0m[34;1m   1429928[0m[34;1m   7371760[0m[31;1m    184.23[0m[34;1m    664236[0m[34;1m   2512296[0m[34;1m      9728[0m
13:49:23   [34;1m    395940[0m[34;1m    665368[0m[34;1m   2003948[0m[34;1m     50.08[0m[34;1m     13372[0m[34;1m   1430640[0m[34;1m   7372704[0m[31;1m    184.25[0m[34;1m    664244[0m[34;1m   2512676[0m[34;1m     10436[0m
13:49:24   [34;1m    394708[0m[34;1m    665084[0m[34;1m   2004264[0m[34;1m     50.09[0m[34;1m     13372[0m[34;1m   1431556[0m[34;1m   7372704[0m[31;1m    184.25[0m[34;1m    664244[0m[34;1m   2515172[0m[34;1m     11352[0m
13:49:25   [34;1m    393952[0m[34;1m    664996[0m[34;1m   2004308[0m[34;1m     50.09[0m[34;1m     13372[0m[34;1m   1432252[0m[34;1m   7376800[0m[31;1m    184.36[0m[34;1m    664244[0m[34;1m   2517984[0m[34;1m     12048[0m
13:49:26   [34;1m    392440[0m[34;1m    664312[0m[34;1m   2004948[0m[34;1m     50.11[0m[34;1m     13372[0m[34;1m   1433108[0m[34;1m   7376800[0m[31;1m    184.36[0m[34;1m    664244[0m[34;1m   2519476[0m[34;1m     12904[0m
13:49:27   [34;1m    391460[0m[34;1m    664192[0m[34;1m   2005132[0m[34;1m     50.11[0m[34;1m     13380[0m[34;1m   1433880[0m[34;1m   7376800[0m[31;1m    184.36[0m[34;1m    664244[0m[34;1m   2521120[0m[34;1m     13556[0m
13:49:28   [34;1m    387708[0m[34;1m    661308[0m[34;1m   2007952[0m[34;1m     50.18[0m[34;1m     13380[0m[34;1m   1434772[0m[34;1m   7380896[0m[31;1m    184.46[0m[34;1m    664252[0m[34;1m   2524836[0m[34;1m     14436[0m
13:49:29   [34;1m    384432[0m[34;1m    659000[0m[34;1m   2010384[0m[34;1m     50.24[0m[34;1m     13380[0m[34;1m   1435576[0m[34;1m   7380896[0m[31;1m    184.46[0m[34;1m    664252[0m[34;1m   2526076[0m[34;1m     15240[0m
13:49:30   [34;1m    382444[0m[34;1m    657784[0m[34;1m   2011460[0m[34;1m     50.27[0m[34;1m     13380[0m[34;1m   1436524[0m[34;1m   7380896[0m[31;1m    184.46[0m[34;1m    664252[0m[34;1m   2527928[0m[34;1m     16108[0m
13:49:31   [34;1m    378664[0m[34;1m    654900[0m[34;1m   2014308[0m[34;1m     50.34[0m[34;1m     13380[0m[34;1m   1437312[0m[34;1m   7389712[0m[31;1m    184.68[0m[34;1m    664252[0m[34;1m   2533168[0m[34;1m     16896[0m
13:49:32   [34;1m    376424[0m[34;1m    653292[0m[34;1m   2015844[0m[34;1m     50.38[0m[34;1m     13388[0m[34;1m   1437992[0m[34;1m   7389712[0m[31;1m    184.68[0m[34;1m    664260[0m[34;1m   2535148[0m[34;1m     17576[0m
13:49:33   [34;1m    373428[0m[34;1m    650996[0m[34;1m   2018180[0m[34;1m     50.44[0m[34;1m     13396[0m[34;1m   1438624[0m[34;1m   7389712[0m[31;1m    184.68[0m[34;1m    664260[0m[34;1m   2537232[0m[34;1m     18216[0m
13:49:34   [34;1m    370488[0m[34;1m    648956[0m[34;1m   2020096[0m[34;1m     50.48[0m[34;1m     13396[0m[34;1m   1439604[0m[34;1m   7384992[0m[31;1m    184.56[0m[34;1m    664268[0m[34;1m   2537136[0m[34;1m     19116[0m
13:49:35   [34;1m    368976[0m[34;1m    648212[0m[34;1m   2020812[0m[34;1m     50.50[0m[34;1m     13396[0m[34;1m   1440384[0m[34;1m   7389088[0m[31;1m    184.66[0m[34;1m    664268[0m[34;1m   2539080[0m[34;1m     19896[0m
13:49:36   [34;1m    364972[0m[34;1m    645048[0m[34;1m   2024040[0m[34;1m     50.58[0m[34;1m     13396[0m[34;1m   1441092[0m[34;1m   7389088[0m[31;1m    184.66[0m[34;1m    664268[0m[34;1m   2540640[0m[34;1m        36[0m
13:49:37   [34;1m    364720[0m[34;1m    645744[0m[34;1m   2023312[0m[34;1m     50.57[0m[34;1m     13408[0m[34;1m   1442048[0m[34;1m   7389088[0m[31;1m    184.66[0m[34;1m    664280[0m[34;1m   2542816[0m[34;1m      1024[0m
13:49:38   [34;1m    363460[0m[34;1m    645188[0m[34;1m   2023872[0m[34;1m     50.58[0m[34;1m     13416[0m[34;1m   1442724[0m[34;1m   7393440[0m[31;1m    184.77[0m[34;1m    664288[0m[34;1m   2546104[0m[34;1m      1700[0m
13:49:39   [34;1m    359680[0m[34;1m    642472[0m[34;1m   2026700[0m[34;1m     50.65[0m[34;1m     13416[0m[34;1m   1443672[0m[34;1m   7393696[0m[31;1m    184.78[0m[34;1m    664288[0m[34;1m   2548416[0m[34;1m      2648[0m
13:49:40   [34;1m    357944[0m[34;1m    641536[0m[34;1m   2027532[0m[34;1m     50.67[0m[34;1m     13416[0m[34;1m   1444560[0m[34;1m   7393696[0m[31;1m    184.78[0m[34;1m    664288[0m[34;1m   2546508[0m[34;1m      3536[0m
13:49:41   [34;1m    357188[0m[34;1m    641336[0m[34;1m   2027716[0m[34;1m     50.68[0m[34;1m     13416[0m[34;1m   1445140[0m[34;1m   7393696[0m[31;1m    184.78[0m[34;1m    664288[0m[34;1m   2547916[0m[34;1m       120[0m
13:49:42   [34;1m    356180[0m[34;1m    641244[0m[34;1m   2027780[0m[34;1m     50.68[0m[34;1m     13416[0m[34;1m   1446036[0m[34;1m   7393696[0m[31;1m    184.78[0m[34;1m    664288[0m[34;1m   2550640[0m[34;1m       860[0m
13:49:43   [34;1m    370336[0m[34;1m    656156[0m[34;1m   2012896[0m[34;1m     50.30[0m[34;1m     13432[0m[34;1m   1446744[0m[34;1m   7393696[0m[31;1m    184.78[0m[34;1m    664296[0m[34;1m   2551492[0m[34;1m      1580[0m
13:49:44   [34;1m    368152[0m[34;1m    654732[0m[34;1m   2014264[0m[34;1m     50.34[0m[34;1m     13432[0m[34;1m   1447540[0m[34;1m   7393696[0m[31;1m    184.78[0m[34;1m    664304[0m[34;1m   2553436[0m[34;1m      2372[0m
13:49:45   [34;1m    367436[0m[34;1m    654792[0m[34;1m   2014220[0m[34;1m     50.34[0m[34;1m     13432[0m[34;1m   1448288[0m[34;1m   7393696[0m[31;1m    184.78[0m[34;1m    664304[0m[34;1m   2551020[0m[34;1m      3120[0m
13:49:46   [34;1m    365952[0m[34;1m    654148[0m[34;1m   2014864[0m[34;1m     50.35[0m[34;1m     13432[0m[34;1m   1449100[0m[34;1m   7393696[0m[31;1m    184.78[0m[34;1m    664304[0m[34;1m   2552832[0m[34;1m      3932[0m
13:49:47   [34;1m    365448[0m[34;1m    654364[0m[34;1m   2014564[0m[34;1m     50.35[0m[34;1m     13432[0m[34;1m   1449884[0m[34;1m   7393696[0m[31;1m    184.78[0m[34;1m    664304[0m[34;1m   2554088[0m[34;1m      4716[0m
13:49:48   [34;1m    364748[0m[34;1m    654452[0m[34;1m   2014532[0m[34;1m     50.35[0m[34;1m     13440[0m[34;1m   1450580[0m[34;1m   7393696[0m[31;1m    184.78[0m[34;1m    664304[0m[34;1m   2555584[0m[34;1m      5420[0m
13:49:49   [34;1m    362508[0m[34;1m    653076[0m[34;1m   2015912[0m[34;1m     50.38[0m[34;1m     13440[0m[34;1m   1451424[0m[34;1m   7393696[0m[31;1m    184.78[0m[34;1m    664312[0m[34;1m   2556556[0m[34;1m      6256[0m
13:49:50   [34;1m    361752[0m[34;1m    653256[0m[34;1m   2015728[0m[34;1m     50.38[0m[34;1m     13448[0m[34;1m   1452344[0m[34;1m   7393696[0m[31;1m    184.78[0m[34;1m    664320[0m[34;1m   2557668[0m[34;1m      7112[0m
13:49:51   [34;1m    359484[0m[34;1m    651576[0m[34;1m   2017292[0m[34;1m     50.41[0m[34;1m     13448[0m[34;1m   1452948[0m[34;1m   7398416[0m[31;1m    184.90[0m[34;1m    664320[0m[34;1m   2560172[0m[34;1m      7716[0m
13:49:52   [34;1m    358980[0m[34;1m    652004[0m[34;1m   2016868[0m[34;1m     50.40[0m[34;1m     13456[0m[34;1m   1453856[0m[34;1m   7398416[0m[31;1m    184.90[0m[34;1m    664320[0m[34;1m   2561132[0m[34;1m      8620[0m
13:49:53   [34;1m    358000[0m[34;1m    651664[0m[34;1m   2017184[0m[34;1m     50.41[0m[34;1m     13456[0m[34;1m   1454504[0m[34;1m   7398416[0m[31;1m    184.90[0m[34;1m    664328[0m[34;1m   2557636[0m[34;1m      9268[0m
13:49:54   [34;1m    357020[0m[34;1m    651648[0m[34;1m   2017204[0m[34;1m     50.41[0m[34;1m     13456[0m[34;1m   1455452[0m[34;1m   7393696[0m[31;1m    184.78[0m[34;1m    664328[0m[34;1m   2557640[0m[34;1m     10216[0m
13:49:55   [34;1m    356068[0m[34;1m    651496[0m[34;1m   2017396[0m[34;1m     50.42[0m[34;1m     13456[0m[34;1m   1456192[0m[34;1m   7393696[0m[31;1m    184.78[0m[34;1m    664328[0m[34;1m   2560352[0m[34;1m     10956[0m
13:49:56   [34;1m    355088[0m[34;1m    651288[0m[34;1m   2017480[0m[34;1m     50.42[0m[34;1m     13464[0m[34;1m   1457060[0m[34;1m   7393696[0m[31;1m    184.78[0m[34;1m    664336[0m[34;1m   2561636[0m[34;1m     11820[0m
13:49:57   [34;1m    354360[0m[34;1m    651292[0m[34;1m   2017528[0m[34;1m     50.42[0m[34;1m     13464[0m[34;1m   1457720[0m[34;1m   7393696[0m[31;1m    184.78[0m[34;1m    664336[0m[34;1m   2562844[0m[34;1m     12480[0m
13:49:58   [34;1m    353884[0m[34;1m    651756[0m[34;1m   2017080[0m[34;1m     50.41[0m[34;1m     13464[0m[34;1m   1458636[0m[34;1m   7393760[0m[31;1m    184.78[0m[34;1m    664336[0m[34;1m   2564192[0m[34;1m     13396[0m
13:49:59   [34;1m    351644[0m[34;1m    650236[0m[34;1m   2018608[0m[34;1m     50.45[0m[34;1m     13464[0m[34;1m   1459320[0m[34;1m   7393760[0m[31;1m    184.78[0m[34;1m    664336[0m[34;1m   2564068[0m[34;1m     14080[0m
13:50:00   [34;1m    350916[0m[34;1m    650500[0m[34;1m   2018332[0m[34;1m     50.44[0m[34;1m     13472[0m[34;1m   1460280[0m[34;1m   7393760[0m[31;1m    184.78[0m[34;1m    664336[0m[34;1m   2565508[0m[34;1m     15036[0m
13:50:01   [34;1m    350692[0m[34;1m    650848[0m[34;1m   2017944[0m[34;1m     50.43[0m[34;1m     13472[0m[34;1m   1460916[0m[34;1m   7393760[0m[31;1m    184.78[0m[34;1m    664344[0m[34;1m   2566464[0m[34;1m     15672[0m
13:50:02   [34;1m    350692[0m[34;1m    651732[0m[34;1m   2017072[0m[34;1m     50.41[0m[34;1m     13472[0m[34;1m   1461764[0m[34;1m   7393760[0m[31;1m    184.78[0m[34;1m    664344[0m[34;1m   2567528[0m[34;1m     16520[0m
13:50:03   [34;1m    349712[0m[34;1m    651604[0m[34;1m   2017236[0m[34;1m     50.41[0m[34;1m     13472[0m[34;1m   1462556[0m[34;1m   7393760[0m[31;1m    184.78[0m[34;1m    664344[0m[34;1m   2568496[0m[34;1m     17312[0m
13:50:04   [34;1m    346716[0m[34;1m    649428[0m[34;1m   2019372[0m[34;1m     50.47[0m[34;1m     13472[0m[34;1m   1463400[0m[34;1m   7393760[0m[31;1m    184.78[0m[34;1m    664344[0m[34;1m   2568932[0m[34;1m     18156[0m
13:50:05   [34;1m    345960[0m[34;1m    649320[0m[34;1m   2019476[0m[34;1m     50.47[0m[34;1m     13480[0m[34;1m   1464036[0m[34;1m   7393760[0m[31;1m    184.78[0m[34;1m    664344[0m[34;1m   2569932[0m[34;1m     18800[0m
13:50:06   [34;1m    345708[0m[34;1m    649788[0m[34;1m   2018996[0m[34;1m     50.46[0m[34;1m     13480[0m[34;1m   1464752[0m[34;1m   7393760[0m[31;1m    184.78[0m[34;1m    664352[0m[34;1m   2570752[0m[34;1m     19508[0m
13:50:07   [34;1m    345232[0m[34;1m    650136[0m[34;1m   2018648[0m[34;1m     50.45[0m[34;1m     13492[0m[34;1m   1465520[0m[34;1m   7393760[0m[31;1m    184.78[0m[34;1m    664352[0m[34;1m   2571400[0m[34;1m       224[0m
13:50:08   [34;1m    344000[0m[34;1m    649768[0m[34;1m   2019004[0m[34;1m     50.46[0m[34;1m     13500[0m[34;1m   1466368[0m[34;1m   7393760[0m[31;1m    184.78[0m[34;1m    664372[0m[34;1m   2572312[0m[34;1m      1064[0m
13:50:09   [34;1m    432488[0m[34;1m    640904[0m[34;1m   2028344[0m[34;1m     50.69[0m[34;1m     13500[0m[34;1m   1369488[0m[34;1m   7393760[0m[31;1m    184.78[0m[34;1m    664372[0m[34;1m   2475036[0m[34;1m       288[0m
13:50:10   [34;1m    431732[0m[34;1m    640956[0m[34;1m   2028276[0m[34;1m     50.69[0m[34;1m     13500[0m[34;1m   1370312[0m[34;1m   7393760[0m[31;1m    184.78[0m[34;1m    664372[0m[34;1m   2475920[0m[34;1m      1112[0m
13:50:11   [34;1m    430220[0m[34;1m    640244[0m[34;1m   2028924[0m[34;1m     50.71[0m[34;1m     13500[0m[34;1m   1371164[0m[34;1m   7398480[0m[31;1m    184.90[0m[34;1m    664372[0m[34;1m   2479008[0m[34;1m      1964[0m
13:50:12   [34;1m    429492[0m[34;1m    640432[0m[34;1m   2028804[0m[34;1m     50.70[0m[34;1m     13508[0m[34;1m   1372004[0m[34;1m   7398480[0m[31;1m    184.90[0m[34;1m    664380[0m[34;1m   2477996[0m[34;1m      2832[0m
13:50:13   [34;1m    428540[0m[34;1m    640112[0m[34;1m   2029088[0m[34;1m     50.71[0m[34;1m     13508[0m[34;1m   1372660[0m[34;1m   7398480[0m[31;1m    184.90[0m[34;1m    664380[0m[34;1m   2478104[0m[34;1m      3488[0m
13:50:14   [34;1m    427028[0m[34;1m    639596[0m[34;1m   2029640[0m[34;1m     50.72[0m[34;1m     13508[0m[34;1m   1373620[0m[34;1m   7393760[0m[31;1m    184.78[0m[34;1m    664380[0m[34;1m   2478308[0m[34;1m      4444[0m
13:50:15   [34;1m    426300[0m[34;1m    639492[0m[34;1m   2029704[0m[34;1m     50.72[0m[34;1m     13508[0m[34;1m   1374276[0m[34;1m   7393760[0m[31;1m    184.78[0m[34;1m    664380[0m[34;1m   2479236[0m[34;1m      5100[0m
13:50:16   [34;1m    425796[0m[34;1m    639908[0m[34;1m   2029264[0m[34;1m     50.71[0m[34;1m     13508[0m[34;1m   1375212[0m[34;1m   7393760[0m[31;1m    184.78[0m[34;1m    664380[0m[34;1m   2480548[0m[34;1m      6036[0m
13:50:17   [34;1m    425040[0m[34;1m    639956[0m[34;1m   2029248[0m[34;1m     50.71[0m[34;1m     13516[0m[34;1m   1375960[0m[34;1m   7393760[0m[31;1m    184.78[0m[34;1m    664388[0m[34;1m   2482976[0m[34;1m      6784[0m
13:50:18   [34;1m    423836[0m[34;1m    639436[0m[34;1m   2029736[0m[34;1m     50.73[0m[34;1m     13524[0m[34;1m   1376672[0m[34;1m   7393824[0m[31;1m    184.78[0m[34;1m    664396[0m[34;1m   2479380[0m[34;1m      7492[0m
13:50:19   [34;1m    423584[0m[34;1m    639996[0m[34;1m   2029184[0m[34;1m     50.71[0m[34;1m     13524[0m[34;1m   1377484[0m[34;1m   7393824[0m[31;1m    184.78[0m[34;1m    664396[0m[34;1m   2480396[0m[34;1m      8304[0m
13:50:20   [34;1m    421624[0m[34;1m    638760[0m[34;1m   2030448[0m[34;1m     50.74[0m[34;1m     13524[0m[34;1m   1378184[0m[34;1m   7393824[0m[31;1m    184.78[0m[34;1m    664396[0m[34;1m   2483204[0m[34;1m      9004[0m
13:50:21   [34;1m    420644[0m[34;1m    638636[0m[34;1m   2030544[0m[34;1m     50.75[0m[34;1m     13524[0m[34;1m   1379064[0m[34;1m   7393824[0m[31;1m    184.78[0m[34;1m    664396[0m[34;1m   2484992[0m[34;1m      9884[0m
13:50:22   [34;1m    419160[0m[34;1m    637912[0m[34;1m   2031272[0m[34;1m     50.76[0m[34;1m     13532[0m[34;1m   1379812[0m[34;1m   7393824[0m[31;1m    184.78[0m[34;1m    664396[0m[34;1m   2486428[0m[34;1m     10640[0m
13:50:23   [34;1m    418180[0m[34;1m    637700[0m[34;1m   2031424[0m[34;1m     50.77[0m[34;1m     13540[0m[34;1m   1380632[0m[34;1m   7393824[0m[31;1m    184.78[0m[34;1m    664412[0m[34;1m   2485808[0m[34;1m     11444[0m
13:50:24   [34;1m    416668[0m[34;1m    636964[0m[34;1m   2032260[0m[34;1m     50.79[0m[34;1m     13540[0m[34;1m   1381340[0m[34;1m   7393824[0m[31;1m    184.78[0m[34;1m    664408[0m[34;1m   2487264[0m[34;1m     12152[0m
13:50:25   [34;1m    415912[0m[34;1m    637188[0m[34;1m   2032156[0m[34;1m     50.79[0m[34;1m     13540[0m[34;1m   1382192[0m[34;1m   7393824[0m[31;1m    184.78[0m[34;1m    664412[0m[34;1m   2488964[0m[34;1m     13004[0m
13:50:26   [34;1m    415912[0m[34;1m    637740[0m[34;1m   2031472[0m[34;1m     50.77[0m[34;1m     13540[0m[34;1m   1382876[0m[34;1m   7393824[0m[31;1m    184.78[0m[34;1m    664412[0m[34;1m   2489668[0m[34;1m     13688[0m
13:50:27   [34;1m    414932[0m[34;1m    637612[0m[34;1m   2031612[0m[34;1m     50.77[0m[34;1m     13540[0m[34;1m   1383704[0m[34;1m   7393824[0m[31;1m    184.78[0m[34;1m    664412[0m[34;1m   2491456[0m[34;1m     14516[0m
13:50:28   [34;1m    414460[0m[34;1m    637784[0m[34;1m   2031336[0m[34;1m     50.77[0m[34;1m     13548[0m[34;1m   1384448[0m[34;1m   7393824[0m[31;1m    184.78[0m[34;1m    664416[0m[34;1m   2490860[0m[34;1m     15260[0m
13:50:29   [34;1m    413200[0m[34;1m    637432[0m[34;1m   2031756[0m[34;1m     50.78[0m[34;1m     13548[0m[34;1m   1385292[0m[34;1m   7393824[0m[31;1m    184.78[0m[34;1m    664420[0m[34;1m   2491072[0m[34;1m     16104[0m
13:50:30   [34;1m    412948[0m[34;1m    638080[0m[34;1m   2031152[0m[34;1m     50.76[0m[34;1m     13556[0m[34;1m   1386140[0m[34;1m   7393824[0m[31;1m    184.78[0m[34;1m    664428[0m[34;1m   2492216[0m[34;1m     16948[0m
13:50:31   [34;1m    411968[0m[34;1m    637792[0m[34;1m   2031424[0m[34;1m     50.77[0m[34;1m     13556[0m[34;1m   1386832[0m[34;1m   7398544[0m[31;1m    184.90[0m[34;1m    664428[0m[34;1m   2494696[0m[34;1m     17640[0m
13:50:32   [34;1m    411464[0m[34;1m    638012[0m[34;1m   2031188[0m[34;1m     50.76[0m[34;1m     13556[0m[34;1m   1387572[0m[34;1m   7398544[0m[31;1m    184.90[0m[34;1m    664428[0m[34;1m   2495412[0m[34;1m     18380[0m
13:50:33   [34;1m    410456[0m[34;1m    637876[0m[34;1m   2031308[0m[34;1m     50.76[0m[34;1m     13556[0m[34;1m   1388460[0m[34;1m   7398544[0m[31;1m    184.90[0m[34;1m    664428[0m[34;1m   2496340[0m[34;1m       592[0m
13:50:34   [34;1m    407712[0m[34;1m    635772[0m[34;1m   2033460[0m[34;1m     50.82[0m[34;1m     13556[0m[34;1m   1389108[0m[34;1m   7393824[0m[31;1m    184.78[0m[34;1m    664428[0m[34;1m   2495656[0m[34;1m      1244[0m
13:50:35   [34;1m    407460[0m[34;1m    636408[0m[34;1m   2032816[0m[34;1m     50.80[0m[34;1m     13564[0m[34;1m   1390008[0m[34;1m   7393888[0m[31;1m    184.78[0m[34;1m    664436[0m[34;1m   2496016[0m[34;1m      2188[0m
13:50:36   [34;1m    407460[0m[34;1m    637216[0m[34;1m   2032056[0m[34;1m     50.78[0m[34;1m     13572[0m[34;1m   1390760[0m[34;1m   7393888[0m[31;1m    184.78[0m[34;1m    664444[0m[34;1m   2497188[0m[34;1m      2940[0m
13:50:37   [34;1m    407236[0m[34;1m    637672[0m[34;1m   2031556[0m[34;1m     50.77[0m[34;1m     13572[0m[34;1m   1391484[0m[34;1m   7393888[0m[31;1m    184.78[0m[34;1m    664444[0m[34;1m   2497908[0m[34;1m      3664[0m
13:50:38   [34;1m    406984[0m[34;1m    638320[0m[34;1m   2030908[0m[34;1m     50.75[0m[34;1m     13572[0m[34;1m   1392384[0m[34;1m   7393888[0m[31;1m    184.78[0m[34;1m    664444[0m[34;1m   2498952[0m[34;1m      4568[0m
13:50:39   [34;1m    405724[0m[34;1m    637668[0m[34;1m   2031484[0m[34;1m     50.77[0m[34;1m     13580[0m[34;1m   1393020[0m[34;1m   7393888[0m[31;1m    184.78[0m[34;1m    664452[0m[34;1m   2499708[0m[34;1m      5208[0m
13:50:40   [34;1m    404464[0m[34;1m    637416[0m[34;1m   2031852[0m[34;1m     50.78[0m[34;1m     13580[0m[34;1m   1393952[0m[34;1m   7393888[0m[31;1m    184.78[0m[34;1m    664452[0m[34;1m   2497964[0m[34;1m      6140[0m
13:50:41   [34;1m    403708[0m[34;1m    637352[0m[34;1m   2031916[0m[34;1m     50.78[0m[34;1m     13580[0m[34;1m   1394656[0m[34;1m   7393888[0m[31;1m    184.78[0m[34;1m    664452[0m[34;1m   2500092[0m[34;1m      6844[0m
13:50:42   [34;1m    402728[0m[34;1m    637252[0m[34;1m   2032036[0m[34;1m     50.78[0m[34;1m     13580[0m[34;1m   1395516[0m[34;1m   7393888[0m[31;1m    184.78[0m[34;1m    664452[0m[34;1m   2501952[0m[34;1m      7704[0m
13:50:43   [34;1m    399452[0m[34;1m    634812[0m[34;1m   2034476[0m[34;1m     50.84[0m[34;1m     13580[0m[34;1m   1396368[0m[34;1m   7393888[0m[31;1m    184.78[0m[34;1m    664452[0m[34;1m   2503884[0m[34;1m      8556[0m
13:50:44   [34;1m    398724[0m[34;1m    634764[0m[34;1m   2034500[0m[34;1m     50.84[0m[34;1m     13588[0m[34;1m   1397072[0m[34;1m   7393888[0m[31;1m    184.78[0m[34;1m    664460[0m[34;1m   2504848[0m[34;1m      9256[0m
13:50:45   [34;1m    397968[0m[34;1m    634908[0m[34;1m   2034400[0m[34;1m     50.84[0m[34;1m     13588[0m[34;1m   1397932[0m[34;1m   7393888[0m[31;1m    184.78[0m[34;1m    664460[0m[34;1m   2505920[0m[34;1m     10116[0m
13:50:46   [34;1m    397240[0m[34;1m    634816[0m[34;1m   2034460[0m[34;1m     50.84[0m[34;1m     13588[0m[34;1m   1398600[0m[34;1m   7393888[0m[31;1m    184.78[0m[34;1m    664460[0m[34;1m   2506808[0m[34;1m     10784[0m
13:50:47   [34;1m    396512[0m[34;1m    635020[0m[34;1m   2034336[0m[34;1m     50.84[0m[34;1m     13588[0m[34;1m   1399456[0m[34;1m   7393888[0m[31;1m    184.78[0m[34;1m    664460[0m[34;1m   2505608[0m[34;1m     11640[0m
13:50:48   [34;1m    396512[0m[34;1m    635608[0m[34;1m   2033612[0m[34;1m     50.82[0m[34;1m     13588[0m[34;1m   1400176[0m[34;1m   7393888[0m[31;1m    184.78[0m[34;1m    664460[0m[34;1m   2504948[0m[34;1m     12360[0m
13:50:49   [34;1m    393768[0m[34;1m    634020[0m[34;1m   2035328[0m[34;1m     50.87[0m[34;1m     13596[0m[34;1m   1401216[0m[34;1m   7393888[0m[31;1m    184.78[0m[34;1m    664464[0m[34;1m   2507856[0m[34;1m     13400[0m
13:50:50   [34;1m    393544[0m[34;1m    634484[0m[34;1m   2034860[0m[34;1m     50.85[0m[34;1m     13596[0m[34;1m   1401896[0m[34;1m   7393888[0m[31;1m    184.78[0m[34;1m    664468[0m[34;1m   2509172[0m[34;1m     14080[0m
13:50:51   [34;1m    393292[0m[34;1m    635112[0m[34;1m   2034172[0m[34;1m     50.84[0m[34;1m     13604[0m[34;1m   1402788[0m[34;1m   7393888[0m[31;1m    184.78[0m[34;1m    664476[0m[34;1m   2510960[0m[34;1m     14948[0m
13:50:52   [34;1m    392564[0m[34;1m    635128[0m[34;1m   2034076[0m[34;1m     50.83[0m[34;1m     13604[0m[34;1m   1403612[0m[34;1m   7393888[0m[31;1m    184.78[0m[34;1m    664476[0m[34;1m   2511480[0m[34;1m     15772[0m
13:50:53   [34;1m    392060[0m[34;1m    635428[0m[34;1m   2033848[0m[34;1m     50.83[0m[34;1m     13604[0m[34;1m   1404344[0m[34;1m   7393888[0m[31;1m    184.78[0m[34;1m    664476[0m[34;1m   2512328[0m[34;1m     16504[0m
13:50:54   [34;1m    389820[0m[34;1m    633964[0m[34;1m   2035288[0m[34;1m     50.86[0m[34;1m     13604[0m[34;1m   1405104[0m[34;1m   7393888[0m[31;1m    184.78[0m[34;1m    664476[0m[34;1m   2513196[0m[34;1m     17264[0m
13:50:55   [34;1m    389568[0m[34;1m    634320[0m[34;1m   2034940[0m[34;1m     50.86[0m[34;1m     13604[0m[34;1m   1405768[0m[34;1m   7393888[0m[31;1m    184.78[0m[34;1m    664476[0m[34;1m   2513724[0m[34;1m     17928[0m
13:50:56   [34;1m    389064[0m[34;1m    634640[0m[34;1m   2034628[0m[34;1m     50.85[0m[34;1m     13612[0m[34;1m   1406572[0m[34;1m   7393888[0m[31;1m    184.78[0m[34;1m    664484[0m[34;1m   2514588[0m[34;1m     18732[0m
13:50:57   [34;1m    389064[0m[34;1m    635468[0m[34;1m   2033820[0m[34;1m     50.83[0m[34;1m     13620[0m[34;1m   1407372[0m[34;1m   7393888[0m[31;1m    184.78[0m[34;1m    664492[0m[34;1m   2515512[0m[34;1m     19532[0m
13:50:58   [34;1m    388840[0m[34;1m    636020[0m[34;1m   2033292[0m[34;1m     50.81[0m[34;1m     13620[0m[34;1m   1408140[0m[34;1m   7393888[0m[31;1m    184.78[0m[34;1m    664492[0m[34;1m   2516100[0m[34;1m      7932[0m
13:50:59   [34;1m    387608[0m[34;1m    635536[0m[34;1m   2033724[0m[34;1m     50.83[0m[34;1m     13620[0m[34;1m   1408928[0m[34;1m   7393888[0m[31;1m    184.78[0m[34;1m    664492[0m[34;1m   2515652[0m[34;1m      8720[0m
13:51:00   [34;1m    387132[0m[34;1m    636052[0m[34;1m   2033352[0m[34;1m     50.82[0m[34;1m     13620[0m[34;1m   1409776[0m[34;1m   7393888[0m[31;1m    184.78[0m[34;1m    664492[0m[34;1m   2514592[0m[34;1m      9572[0m
13:51:01   [34;1m    386124[0m[34;1m    635668[0m[34;1m   2033672[0m[34;1m     50.82[0m[34;1m     13628[0m[34;1m   1410464[0m[34;1m   7393888[0m[31;1m    184.78[0m[34;1m    664492[0m[34;1m   2515580[0m[34;1m     10268[0m
13:51:02   [34;1m    385872[0m[34;1m    636188[0m[34;1m   2033036[0m[34;1m     50.81[0m[34;1m     13628[0m[34;1m   1411352[0m[34;1m   7393888[0m[31;1m    184.78[0m[34;1m    664500[0m[34;1m   2516456[0m[34;1m     11196[0m
13:51:03   [34;1m    385620[0m[34;1m    636700[0m[34;1m   2032652[0m[34;1m     50.80[0m[34;1m     13628[0m[34;1m   1411988[0m[34;1m   7393888[0m[31;1m    184.78[0m[34;1m    664500[0m[34;1m   2517936[0m[34;22m         0[0m
13:51:04   [34;1m    384612[0m[34;1m    636592[0m[34;1m   2032780[0m[34;1m     50.80[0m[34;1m     13628[0m[34;1m   1412904[0m[34;1m   7393888[0m[31;1m    184.78[0m[34;1m    664500[0m[34;1m   2519184[0m[34;1m       888[0m
13:51:05   [34;1m    384108[0m[34;1m    636716[0m[34;1m   2032584[0m[34;1m     50.80[0m[34;1m     13628[0m[34;1m   1413568[0m[34;1m   7393888[0m[31;1m    184.78[0m[34;1m    664500[0m[34;1m   2520588[0m[34;1m      1552[0m
13:51:06   [34;1m    383380[0m[34;1m    636768[0m[34;1m   2032536[0m[34;1m     50.80[0m[34;1m     13636[0m[34;1m   1414324[0m[34;1m   7393888[0m[31;1m    184.78[0m[34;1m    664504[0m[34;1m   2521400[0m[34;1m      2312[0m
13:51:07   [34;1m    383128[0m[34;1m    637232[0m[34;1m   2031984[0m[34;1m     50.78[0m[34;1m     13636[0m[34;1m   1415112[0m[34;1m   7402212[0m[31;1m    184.99[0m[34;1m    664504[0m[34;1m   2521920[0m[34;1m      3100[0m
13:51:08   [34;1m    382652[0m[34;1m    637828[0m[34;1m   2031444[0m[34;1m     50.77[0m[34;1m     13644[0m[34;1m   1416088[0m[34;1m   7402212[0m[31;1m    184.99[0m[34;1m    664516[0m[34;1m   2523072[0m[34;1m      4076[0m
13:51:09   [34;1m    380468[0m[34;1m    636284[0m[34;1m   2032920[0m[34;1m     50.81[0m[34;1m     13644[0m[34;1m   1416800[0m[34;1m   7402276[0m[31;1m    184.99[0m[34;1m    664516[0m[34;1m   2523680[0m[34;1m      4788[0m
13:51:10   [34;1m    379964[0m[34;1m    636652[0m[34;1m   2032532[0m[34;1m     50.80[0m[34;1m     13644[0m[34;1m   1417696[0m[34;1m   7402276[0m[31;1m    184.99[0m[34;1m    664516[0m[34;1m   2524756[0m[34;1m      5684[0m
13:51:11   [34;1m    379460[0m[34;1m    636920[0m[34;1m   2032372[0m[34;1m     50.79[0m[34;1m     13644[0m[34;1m   1418352[0m[34;1m   7402276[0m[31;1m    184.99[0m[34;1m    664516[0m[34;1m   2526008[0m[34;1m      6340[0m
13:51:12   [34;1m    378452[0m[34;1m    636636[0m[34;1m   2032588[0m[34;1m     50.80[0m[34;1m     13644[0m[34;1m   1419148[0m[34;1m   7402276[0m[31;1m    184.99[0m[34;1m    664516[0m[34;1m   2526844[0m[34;1m      7136[0m
13:51:13   [34;1m    378200[0m[34;1m    637196[0m[34;1m   2031988[0m[34;1m     50.78[0m[34;1m     13652[0m[34;1m   1419992[0m[34;1m   7402276[0m[31;1m    184.99[0m[34;1m    664524[0m[34;1m   2527588[0m[34;1m      7980[0m
13:51:14   [34;1m    375680[0m[34;1m    635500[0m[34;1m   2033804[0m[34;1m     50.83[0m[34;1m     13660[0m[34;1m   1420720[0m[34;1m   7402276[0m[31;1m    184.99[0m[34;1m    664532[0m[34;1m   2527580[0m[34;1m      8704[0m
13:51:15   [34;1m    374952[0m[34;1m    635660[0m[34;1m   2033604[0m[34;1m     50.82[0m[34;1m     13660[0m[34;1m   1421640[0m[34;1m   7402276[0m[31;1m    184.99[0m[34;1m    664532[0m[34;1m   2528488[0m[34;1m      9624[0m
13:51:16   [34;1m    374448[0m[34;1m    636016[0m[34;1m   2033260[0m[34;1m     50.81[0m[34;1m     13660[0m[34;1m   1422488[0m[34;1m   7402276[0m[31;1m    184.99[0m[34;1m    664532[0m[34;1m   2529660[0m[34;1m     10472[0m
13:51:17   [34;1m    373216[0m[34;1m    635568[0m[34;1m   2033732[0m[34;1m     50.83[0m[34;1m     13660[0m[34;1m   1423256[0m[34;1m   7402276[0m[31;1m    184.99[0m[34;1m    664532[0m[34;1m   2530972[0m[34;1m     11240[0m
13:51:18   [34;1m    371732[0m[34;1m    634944[0m[34;1m   2034296[0m[34;1m     50.84[0m[34;1m     13660[0m[34;1m   1424168[0m[34;1m   7402276[0m[31;1m    184.99[0m[34;1m    664532[0m[34;1m   2532312[0m[34;1m     12072[0m
13:51:19   [34;1m    368960[0m[34;1m    632764[0m[34;1m   2036432[0m[34;1m     50.89[0m[34;1m     13668[0m[34;1m   1424788[0m[34;1m   7402276[0m[31;1m    184.99[0m[34;1m    664540[0m[34;1m   2532864[0m[34;1m     12692[0m
13:51:20   [34;1m    368736[0m[34;1m    633520[0m[34;1m   2035704[0m[34;1m     50.87[0m[34;1m     13684[0m[34;1m   1425716[0m[34;1m   7402276[0m[31;1m    184.99[0m[34;1m    664556[0m[34;1m   2533600[0m[34;1m     13612[0m
13:51:21   [34;1m    368260[0m[34;1m    633808[0m[34;1m   2035484[0m[34;1m     50.87[0m[34;1m     13684[0m[34;1m   1426408[0m[34;1m   7402276[0m[31;1m    184.99[0m[34;1m    664556[0m[34;1m   2534520[0m[34;1m     14304[0m
13:51:22   [34;1m    367560[0m[34;1m    633928[0m[34;1m   2035320[0m[34;1m     50.87[0m[34;1m     13684[0m[34;1m   1427272[0m[34;1m   7402340[0m[31;1m    184.99[0m[34;1m    664556[0m[34;1m   2535092[0m[34;1m     15168[0m
13:51:23   [34;1m    367336[0m[34;1m    634556[0m[34;1m   2034740[0m[34;1m     50.85[0m[34;1m     13684[0m[34;1m   1428068[0m[34;1m   7402340[0m[31;1m    184.99[0m[34;1m    664556[0m[34;1m   2536004[0m[34;1m     15964[0m
13:51:24   [34;1m    383268[0m[34;1m    651316[0m[34;1m   2017896[0m[34;1m     50.43[0m[34;1m     13684[0m[34;1m   1428908[0m[34;1m   7402340[0m[31;1m    184.99[0m[34;1m    664556[0m[34;1m   2537024[0m[34;1m     16804[0m
13:51:25   [34;1m    382040[0m[34;1m    650844[0m[34;1m   2018356[0m[34;1m     50.44[0m[34;1m     13692[0m[34;1m   1429740[0m[34;1m   7402340[0m[31;1m    184.99[0m[34;1m    664564[0m[34;1m   2537616[0m[34;1m     17636[0m
13:51:26   [34;1m    380780[0m[34;1m    650320[0m[34;1m   2018848[0m[34;1m     50.45[0m[34;1m     13700[0m[34;1m   1430484[0m[34;1m   7402340[0m[31;1m    184.99[0m[34;1m    664568[0m[34;1m   2538368[0m[34;1m     18376[0m
13:51:27   [34;1m    380528[0m[34;1m    650808[0m[34;1m   2018344[0m[34;1m     50.44[0m[34;1m     13700[0m[34;1m   1431228[0m[34;1m   7402340[0m[31;1m    184.99[0m[34;1m    664568[0m[34;1m   2539036[0m[34;1m     19120[0m
13:51:28   [34;1m    379588[0m[34;1m    650680[0m[34;1m   2018564[0m[34;1m     50.45[0m[34;1m     13700[0m[34;1m   1431936[0m[34;1m   7402340[0m[31;1m    184.99[0m[34;1m    664568[0m[34;1m   2538740[0m[34;1m     19828[0m
13:51:29   [34;1m    377360[0m[34;1m    649220[0m[34;1m   2019988[0m[34;1m     50.48[0m[34;1m     13700[0m[34;1m   1432744[0m[34;1m   7402340[0m[31;1m    184.99[0m[34;1m    664572[0m[34;1m   2538156[0m[34;1m       328[0m
13:51:30   [34;1m    376632[0m[34;1m    649268[0m[34;1m   2019896[0m[34;1m     50.48[0m[34;1m     13700[0m[34;1m   1433520[0m[34;1m   7402340[0m[31;1m    184.99[0m[34;1m    664572[0m[34;1m   2539216[0m[34;1m      1108[0m
13:51:31   [34;1m    374644[0m[34;1m    648204[0m[34;1m   2020920[0m[34;1m     50.51[0m[34;1m     13712[0m[34;1m   1434384[0m[34;1m   7407060[0m[31;1m    185.11[0m[34;1m    664584[0m[34;1m   2542628[0m[34;1m      2032[0m
13:51:32   [34;1m    374392[0m[34;1m    648620[0m[34;1m   2020512[0m[34;1m     50.50[0m[34;1m     13720[0m[34;1m   1435028[0m[34;1m   7407060[0m[31;1m    185.11[0m[34;1m    664588[0m[34;1m   2542248[0m[34;1m      2672[0m
13:51:33   [34;1m    373636[0m[34;1m    648736[0m[34;1m   2020412[0m[34;1m     50.49[0m[34;1m     13720[0m[34;1m   1435856[0m[34;1m   7407060[0m[31;1m    185.11[0m[34;1m    664592[0m[34;1m   2543408[0m[34;1m      3500[0m
13:51:34   [34;1m    372376[0m[34;1m    648208[0m[34;1m   2020880[0m[34;1m     50.50[0m[34;1m     13724[0m[34;1m   1436632[0m[34;1m   7403076[0m[31;1m    185.01[0m[34;1m    664596[0m[34;1m   2542700[0m[34;1m       224[0m
13:51:35   [34;1m    371172[0m[34;1m    647908[0m[34;1m   2021196[0m[34;1m     50.51[0m[34;1m     13724[0m[34;1m   1437480[0m[34;1m   7402340[0m[31;1m    184.99[0m[34;1m    664596[0m[34;1m   2543352[0m[34;1m      1072[0m
13:51:36   [34;1m    370696[0m[34;1m    648104[0m[34;1m   2020936[0m[34;1m     50.51[0m[34;1m     13724[0m[34;1m   1438204[0m[34;1m   7402340[0m[31;1m    184.99[0m[34;1m    664596[0m[34;1m   2544296[0m[34;1m      1796[0m
13:51:37   [34;1m    370444[0m[34;1m    648740[0m[34;1m   2020344[0m[34;1m     50.49[0m[34;1m     13732[0m[34;1m   1439020[0m[34;1m   7402340[0m[31;1m    184.99[0m[34;1m    664604[0m[34;1m   2545008[0m[34;1m      2616[0m
13:51:38   [34;1m    369716[0m[34;1m    648724[0m[34;1m   2020308[0m[34;1m     50.49[0m[34;1m     13740[0m[34;1m   1439788[0m[34;1m   7402340[0m[31;1m    184.99[0m[34;1m    664612[0m[34;1m   2545800[0m[34;1m      3384[0m
13:51:39   [34;1m    368764[0m[34;1m    648592[0m[34;1m   2020424[0m[34;1m     50.49[0m[34;1m     13740[0m[34;1m   1440604[0m[34;1m   7402340[0m[31;1m    184.99[0m[34;1m    664612[0m[34;1m   2546224[0m[34;1m      4200[0m
13:51:40   [34;1m    366776[0m[34;1m    647412[0m[34;1m   2021604[0m[34;1m     50.52[0m[34;1m     13740[0m[34;1m   1441408[0m[34;1m   7402340[0m[31;1m    184.99[0m[34;1m    664612[0m[34;1m   2547068[0m[34;1m      4876[0m
13:51:41   [34;1m    366020[0m[34;1m    647376[0m[34;1m   2021680[0m[34;1m     50.52[0m[34;1m     13740[0m[34;1m   1442072[0m[34;1m   7402404[0m[31;1m    185.00[0m[34;1m    664612[0m[34;1m   2548056[0m[34;1m      5540[0m
13:51:42   [34;1m    365768[0m[34;1m    648024[0m[34;1m   2021020[0m[34;1m     50.51[0m[34;1m     13740[0m[34;1m   1442936[0m[34;1m   7402404[0m[31;1m    185.00[0m[34;1m    664612[0m[34;1m   2549688[0m[34;1m      6404[0m
13:51:43   [34;1m    359748[0m[34;1m    642796[0m[34;1m   2026276[0m[34;1m     50.64[0m[34;1m     13748[0m[34;1m   1443696[0m[34;1m   7402404[0m[31;1m    185.00[0m[34;1m    664620[0m[34;1m   2550500[0m[34;1m      7164[0m
13:51:44   [34;1m    358992[0m[34;1m    642784[0m[34;1m   2026184[0m[34;1m     50.64[0m[34;1m     13756[0m[34;1m   1444516[0m[34;1m   7402404[0m[31;1m    185.00[0m[34;1m    664628[0m[34;1m   2551040[0m[34;1m      7980[0m
13:51:45   [34;1m    358292[0m[34;1m    643016[0m[34;1m   2025956[0m[34;1m     50.63[0m[34;1m     13756[0m[34;1m   1445424[0m[34;1m   7402404[0m[31;1m    185.00[0m[34;1m    664628[0m[34;1m   2551896[0m[34;1m      8888[0m
13:51:46   [34;1m    357788[0m[34;1m    643292[0m[34;1m   2025728[0m[34;1m     50.63[0m[34;1m     13756[0m[34;1m   1446136[0m[34;1m   7402404[0m[31;1m    185.00[0m[34;1m    664628[0m[34;1m   2552724[0m[34;1m      9600[0m
13:51:47   [34;1m    357088[0m[34;1m    643384[0m[34;1m   2025620[0m[34;1m     50.62[0m[34;1m     13756[0m[34;1m   1446924[0m[34;1m   7402404[0m[31;1m    185.00[0m[34;1m    664628[0m[34;1m   2553572[0m[34;1m     10388[0m
13:51:48   [34;1m    355856[0m[34;1m    643000[0m[34;1m   2026004[0m[34;1m     50.63[0m[34;1m     13756[0m[34;1m   1447780[0m[34;1m   7406500[0m[31;1m    185.10[0m[34;1m    664628[0m[34;1m   2555216[0m[34;1m     11244[0m
13:51:49   [34;1m    355604[0m[34;1m    643540[0m[34;1m   2025460[0m[34;1m     50.62[0m[34;1m     13764[0m[34;1m   1448544[0m[34;1m   7406500[0m[31;1m    185.10[0m[34;1m    664628[0m[34;1m   2556088[0m[34;1m     12008[0m
13:51:50   [34;1m    353896[0m[34;1m    642684[0m[34;1m   2026304[0m[34;1m     50.64[0m[34;1m     13772[0m[34;1m   1449368[0m[34;1m   7406500[0m[31;1m    185.10[0m[34;1m    664644[0m[34;1m   2556916[0m[34;1m     12828[0m
13:51:51   [34;1m    352916[0m[34;1m    642452[0m[34;1m   2026480[0m[34;1m     50.64[0m[34;1m     13772[0m[34;1m   1450124[0m[34;1m   7411220[0m[31;1m    185.22[0m[34;1m    664644[0m[34;1m   2559432[0m[34;1m     13584[0m
13:51:52   [34;1m    352188[0m[34;1m    642496[0m[34;1m   2026500[0m[34;1m     50.64[0m[34;1m     13772[0m[34;1m   1450836[0m[34;1m   7411220[0m[31;1m    185.22[0m[34;1m    664644[0m[34;1m   2560676[0m[34;1m     14296[0m
13:51:53   [34;1m    351460[0m[34;1m    642684[0m[34;1m   2026212[0m[34;1m     50.64[0m[34;1m     13772[0m[34;1m   1451832[0m[34;1m   7411220[0m[31;1m    185.22[0m[34;1m    664644[0m[34;1m   2561688[0m[34;1m     15292[0m
13:51:54   [34;1m    350732[0m[34;1m    642952[0m[34;1m   2025996[0m[34;1m     50.63[0m[34;1m     13772[0m[34;1m   1452756[0m[34;1m   7406500[0m[31;1m    185.10[0m[34;1m    664644[0m[34;1m   2561056[0m[34;1m     16216[0m
13:51:55   [34;1m    349220[0m[34;1m    642068[0m[34;1m   2026884[0m[34;1m     50.65[0m[34;1m     13784[0m[34;1m   1453384[0m[34;1m   7406500[0m[31;1m    185.10[0m[34;1m    664664[0m[34;1m   2558784[0m[34;1m       616[0m
13:51:56   [34;1m    347988[0m[34;1m    641868[0m[34;1m   2027120[0m[34;1m     50.66[0m[34;1m     13784[0m[34;1m   1454360[0m[34;1m   7406500[0m[31;1m    185.10[0m[34;1m    664664[0m[34;1m   2561264[0m[34;1m      1596[0m
13:51:57   [34;1m    347764[0m[34;1m    642372[0m[34;1m   2026592[0m[34;1m     50.65[0m[34;1m     13784[0m[34;1m   1455080[0m[34;1m   7406500[0m[31;1m    185.10[0m[34;1m    664664[0m[34;1m   2561880[0m[34;1m      2320[0m
13:51:58   [34;1m    347288[0m[34;1m    642632[0m[34;1m   2026172[0m[34;1m     50.64[0m[34;1m     13792[0m[34;1m   1455936[0m[34;1m   7406500[0m[31;1m    185.10[0m[34;1m    664668[0m[34;1m   2563040[0m[34;1m      3176[0m
13:51:59   [34;1m    347036[0m[34;1m    643192[0m[34;1m   2025800[0m[34;1m     50.63[0m[34;1m     13792[0m[34;1m   1456548[0m[34;1m   7406500[0m[31;1m    185.10[0m[34;1m    664672[0m[34;1m   2562708[0m[34;1m      3788[0m
13:52:00   [34;1m    345272[0m[34;1m    642144[0m[34;1m   2026768[0m[34;1m     50.65[0m[34;1m     13792[0m[34;1m   1457324[0m[34;1m   7406500[0m[31;1m    185.10[0m[34;1m    664672[0m[34;1m   2563644[0m[34;1m      4564[0m
13:52:01   [34;1m    344292[0m[34;1m    641992[0m[34;1m   2026912[0m[34;1m     50.66[0m[34;1m     13792[0m[34;1m   1458152[0m[34;1m   7406500[0m[31;1m    185.10[0m[34;1m    664672[0m[34;1m   2564664[0m[34;1m      5392[0m
13:52:02   [34;1m    344068[0m[34;1m    642548[0m[34;1m   2026428[0m[34;1m     50.64[0m[34;1m     13800[0m[34;1m   1458828[0m[34;1m   7406500[0m[31;1m    185.10[0m[34;1m    664680[0m[34;1m   2565804[0m[34;1m      6068[0m
13:52:03   [34;1m    344068[0m[34;1m    643400[0m[34;1m   2025500[0m[34;1m     50.62[0m[34;1m     13800[0m[34;1m   1459736[0m[34;1m   7406756[0m[31;1m    185.10[0m[34;1m    664680[0m[34;1m   2566708[0m[34;1m      6972[0m
13:52:04   [34;1m    343844[0m[34;1m    643720[0m[34;1m   2025108[0m[34;1m     50.61[0m[34;1m     13800[0m[34;1m   1460336[0m[34;1m   7406756[0m[31;1m    185.10[0m[34;1m    664680[0m[34;1m   2567204[0m[34;1m      7572[0m
13:52:05   [34;1m    341604[0m[34;1m    642528[0m[34;1m   2026352[0m[34;1m     50.64[0m[34;1m     13800[0m[34;1m   1461308[0m[34;1m   7406756[0m[31;1m    185.10[0m[34;1m    664680[0m[34;1m   2568436[0m[34;1m       604[0m
13:52:06   [34;1m    340652[0m[34;1m    642108[0m[34;1m   2026732[0m[34;1m     50.65[0m[34;1m     13800[0m[34;1m   1461864[0m[34;1m   7406820[0m[31;1m    185.11[0m[34;1m    664680[0m[34;1m   2569052[0m[34;1m      1160[0m
13:52:07   [34;1m    339896[0m[34;1m    642272[0m[34;1m   2026720[0m[34;1m     50.65[0m[34;1m     13808[0m[34;1m   1462604[0m[34;1m   7406820[0m[31;1m    185.11[0m[34;1m    664680[0m[34;1m   2569840[0m[34;1m      1908[0m
13:52:08   [34;1m    338888[0m[34;1m    641920[0m[34;1m   2026856[0m[34;1m     50.65[0m[34;1m     13808[0m[34;1m   1463456[0m[34;1m   7406820[0m[31;1m    185.11[0m[34;1m    664688[0m[34;1m   2570568[0m[34;1m      2752[0m
13:52:09   [34;1m    338160[0m[34;1m    641972[0m[34;1m   2026808[0m[34;1m     50.65[0m[34;1m     13808[0m[34;1m   1464208[0m[34;1m   7406820[0m[31;1m    185.11[0m[34;1m    664688[0m[34;1m   2571392[0m[34;1m      3504[0m
13:52:10   [34;1m    334912[0m[34;1m    639680[0m[34;1m   2029112[0m[34;1m     50.71[0m[34;1m     13816[0m[34;1m   1465116[0m[34;1m   7406820[0m[31;1m    185.11[0m[34;1m    664692[0m[34;1m   2572524[0m[34;1m      4404[0m
13:52:11   [34;1m    333176[0m[34;1m    638548[0m[34;1m   2030196[0m[34;1m     50.74[0m[34;1m     13816[0m[34;1m   1465700[0m[34;1m   7411540[0m[31;1m    185.22[0m[34;1m    664696[0m[34;1m   2574816[0m[34;1m      4988[0m
13:52:12   [34;1m    331944[0m[34;1m    638236[0m[34;1m   2030548[0m[34;1m     50.75[0m[34;1m     13816[0m[34;1m   1466556[0m[34;1m   7411604[0m[31;1m    185.23[0m[34;1m    664696[0m[34;1m   2576080[0m[34;1m      5844[0m
13:52:13   [34;1m    418092[0m[34;1m    627128[0m[34;1m   2041956[0m[34;1m     51.03[0m[34;1m     13816[0m[34;1m   1369716[0m[34;1m   7411604[0m[31;1m    185.23[0m[34;1m    664696[0m[34;1m   2479372[0m[34;1m       172[0m
13:52:14   [34;1m    417428[0m[34;1m    627264[0m[34;1m   2041848[0m[34;1m     51.03[0m[34;1m     13824[0m[34;1m   1370572[0m[34;1m   7406884[0m[31;1m    185.11[0m[34;1m    664700[0m[34;1m   2478664[0m[34;1m      1016[0m
13:52:15   [34;1m    416728[0m[34;1m    627184[0m[34;1m   2041908[0m[34;1m     51.03[0m[34;1m     13824[0m[34;1m   1371216[0m[34;1m   7406884[0m[31;1m    185.11[0m[34;1m    664704[0m[34;1m   2479376[0m[34;1m      1660[0m
13:52:16   [34;1m    416728[0m[34;1m    628088[0m[34;1m   2041052[0m[34;1m     51.01[0m[34;1m     13824[0m[34;1m   1372088[0m[34;1m   7406884[0m[31;1m    185.11[0m[34;1m    664704[0m[34;1m   2480296[0m[34;1m      2532[0m
13:52:17   [34;1m    416476[0m[34;1m    628596[0m[34;1m   2040504[0m[34;1m     50.99[0m[34;1m     13824[0m[34;1m   1372888[0m[34;1m   7406884[0m[31;1m    185.11[0m[34;1m    664704[0m[34;1m   2481192[0m[34;1m      3332[0m
13:52:18   [34;1m    416224[0m[34;1m    629076[0m[34;1m   2040076[0m[34;1m     50.98[0m[34;1m     13824[0m[34;1m   1373568[0m[34;1m   7406884[0m[31;1m    185.11[0m[34;1m    664704[0m[34;1m   2481688[0m[34;1m      4012[0m
13:52:19   [34;1m    415720[0m[34;1m    629292[0m[34;1m   2039796[0m[34;1m     50.98[0m[34;1m     13832[0m[34;1m   1374348[0m[34;1m   7406884[0m[31;1m    185.11[0m[34;1m    664704[0m[34;1m   2482420[0m[34;1m      4792[0m
13:52:20   [34;1m    415020[0m[34;1m    629448[0m[34;1m   2039708[0m[34;1m     50.97[0m[34;1m     13840[0m[34;1m   1375140[0m[34;1m   7406884[0m[31;1m    185.11[0m[34;1m    664720[0m[34;1m   2483132[0m[34;1m      5584[0m
13:52:21   [34;1m    414068[0m[34;1m    629368[0m[34;1m   2039716[0m[34;1m     50.98[0m[34;1m     13840[0m[34;1m   1376088[0m[34;1m   7406884[0m[31;1m    185.11[0m[34;1m    664720[0m[34;1m   2483628[0m[34;1m      6528[0m
13:52:22   [34;1m    413088[0m[34;1m    629192[0m[34;1m   2040012[0m[34;1m     50.98[0m[34;1m     13840[0m[34;1m   1376760[0m[34;1m   7406884[0m[31;1m    185.11[0m[34;1m    664720[0m[34;1m   2484444[0m[34;1m      7200[0m
13:52:23   [34;1m    412388[0m[34;1m    629288[0m[34;1m   2039888[0m[34;1m     50.98[0m[34;1m     13840[0m[34;1m   1377580[0m[34;1m   7406884[0m[31;1m    185.11[0m[34;1m    664720[0m[34;1m   2485664[0m[34;1m      8020[0m
13:52:24   [34;1m    411884[0m[34;1m    629572[0m[34;1m   2039608[0m[34;1m     50.97[0m[34;1m     13840[0m[34;1m   1378368[0m[34;1m   7406884[0m[31;1m    185.11[0m[34;1m    664720[0m[34;1m   2486416[0m[34;1m      8808[0m
13:52:25   [34;1m    410372[0m[34;1m    628960[0m[34;1m   2040196[0m[34;1m     50.99[0m[34;1m     13848[0m[34;1m   1379276[0m[34;1m   7406884[0m[31;1m    185.11[0m[34;1m    664728[0m[34;1m   2487476[0m[34;1m       160[0m
13:52:26   [34;1m    409112[0m[34;1m    628272[0m[34;1m   2040904[0m[34;1m     51.00[0m[34;1m     13848[0m[34;1m   1379844[0m[34;1m   7406884[0m[31;1m    185.11[0m[34;1m    664728[0m[34;1m   2484440[0m[34;1m       732[0m
13:52:27   [34;1m    408132[0m[34;1m    628200[0m[34;1m   2040992[0m[34;1m     51.01[0m[34;1m     13856[0m[34;1m   1380728[0m[34;1m   7406884[0m[31;1m    185.11[0m[34;1m    664736[0m[34;1m   2486008[0m[34;1m      1616[0m
13:52:28   [34;1m    406648[0m[34;1m    627388[0m[34;1m   2041784[0m[34;1m     51.03[0m[34;1m     13856[0m[34;1m   1381420[0m[34;1m   7406884[0m[31;1m    185.11[0m[34;1m    664736[0m[34;1m   2488520[0m[34;1m      2308[0m
13:52:29   [34;1m    406396[0m[34;1m    627908[0m[34;1m   2041272[0m[34;1m     51.01[0m[34;1m     13856[0m[34;1m   1382208[0m[34;1m   7406884[0m[31;1m    185.11[0m[34;1m    664736[0m[34;1m   2489140[0m[34;1m      3096[0m
13:52:30   [34;1m    404380[0m[34;1m    626560[0m[34;1m   2042688[0m[34;1m     51.05[0m[34;1m     13856[0m[34;1m   1382812[0m[34;1m   7406884[0m[31;1m    185.11[0m[34;1m    664736[0m[34;1m   2489400[0m[34;1m      3700[0m
13:52:31   [34;1m    403176[0m[34;1m    626152[0m[34;1m   2042996[0m[34;1m     51.06[0m[34;1m     13856[0m[34;1m   1383708[0m[34;1m   7406884[0m[31;1m    185.11[0m[34;1m    664736[0m[34;1m   2490336[0m[34;1m      4596[0m
13:52:32   [34;1m    402224[0m[34;1m    625968[0m[34;1m   2043228[0m[34;1m     51.06[0m[34;1m     13864[0m[34;1m   1384416[0m[34;1m   7406884[0m[31;1m    185.11[0m[34;1m    664736[0m[34;1m   2489420[0m[34;1m      5312[0m
13:52:33   [34;1m    400768[0m[34;1m    625332[0m[34;1m   2043892[0m[34;1m     51.08[0m[34;1m     13872[0m[34;1m   1385216[0m[34;1m   7406884[0m[31;1m    185.11[0m[34;1m    664752[0m[34;1m   2491820[0m[34;1m      6112[0m
13:52:34   [34;1m    400768[0m[34;1m    626108[0m[34;1m   2043112[0m[34;1m     51.06[0m[34;1m     13872[0m[34;1m   1385996[0m[34;1m   7406884[0m[31;1m    185.11[0m[34;1m    664752[0m[34;1m   2493148[0m[34;1m      6892[0m
13:52:35   [34;1m    400012[0m[34;1m    625932[0m[34;1m   2043252[0m[34;1m     51.06[0m[34;1m     13872[0m[34;1m   1386628[0m[34;1m   7406884[0m[31;1m    185.11[0m[34;1m    664752[0m[34;1m   2493540[0m[34;1m      7524[0m
13:52:36   [34;1m    399788[0m[34;1m    626668[0m[34;1m   2042600[0m[34;1m     51.05[0m[34;1m     13872[0m[34;1m   1387512[0m[34;1m   7394604[0m[31;1m    184.80[0m[34;1m    664752[0m[34;1m   2487992[0m[34;1m      8324[0m
