Linux 6.6.95 (minikube) 	04/17/26 	_x86_64_	(4 CPU)

13:47:36        CPU     %user     %nice   %system   %iowait    %steal     %idle
13:47:37   [32;22m     all[0m[34;1m      3.87[0m[34;22m      0.00[0m[34;1m      4.90[0m[34;22m      0.00[0m[34;22m      0.00[0m[34;1m     91.24[0m
13:47:38   [32;22m     all[0m[34;1m      4.15[0m[34;22m      0.00[0m[34;1m      4.92[0m[34;22m      0.00[0m[34;22m      0.00[0m[34;1m     90.93[0m
13:47:39   [32;22m     all[0m[34;1m      4.39[0m[34;22m      0.00[0m[34;1m      8.01[0m[34;22m      0.00[0m[34;22m      0.00[0m[34;1m     87.60[0m
13:47:40   [32;22m     all[0m[34;1m      5.21[0m[34;22m      0.00[0m[34;1m      5.99[0m[34;22m      0.00[0m[34;22m      0.00[0m[34;1m     88.80[0m
13:47:41   [32;22m     all[0m[34;1m      6.49[0m[34;22m      0.00[0m[34;1m      8.31[0m[34;22m      0.00[0m[34;22m      0.00[0m[34;1m     85.19[0m
13:47:42   [32;22m     all[0m[34;1m      5.25[0m[34;22m      0.00[0m[34;1m      6.82[0m[34;22m      0.00[0m[34;22m      0.00[0m[34;1m     87.93[0m
13:47:43   [32;22m     all[0m[34;1m      6.86[0m[34;22m      0.00[0m[34;1m      9.50[0m[34;22m      0.00[0m[34;22m      0.00[0m[34;1m     83.64[0m
13:47:44   [32;22m     all[0m[34;1m      7.77[0m[34;22m      0.00[0m[34;1m     13.14[0m[34;22m      0.00[0m[34;22m      0.00[0m[34;1m     79.09[0m
13:47:45   [32;22m     all[0m[34;1m      7.71[0m[34;22m      0.00[0m[34;1m     11.44[0m[34;22m      0.00[0m[34;22m      0.00[0m[34;1m     80.85[0m
13:47:46   [32;22m     all[0m[34;1m      8.60[0m[34;22m      0.00[0m[34;1m     12.63[0m[34;22m      0.00[0m[34;22m      0.00[0m[34;1m     78.76[0m
13:47:47   [32;22m     all[0m[34;1m      9.19[0m[34;22m      0.00[0m[34;1m     13.24[0m[34;22m      0.00[0m[34;22m      0.00[0m[34;1m     77.57[0m
13:47:48   [32;22m     all[0m[34;1m     11.80[0m[34;22m      0.00[0m[34;1m     16.35[0m[34;22m      0.00[0m[34;22m      0.00[0m[34;1m     71.85[0m
13:47:49   [32;22m     all[0m[34;1m      8.87[0m[34;22m      0.00[0m[34;1m     13.71[0m[34;22m      0.00[0m[34;22m      0.00[0m[34;1m     77.42[0m
13:47:50   [32;22m     all[0m[34;1m      9.21[0m[34;22m      0.00[0m[34;1m     13.55[0m[34;22m      0.00[0m[34;22m      0.00[0m[34;1m     77.24[0m
13:47:51   [32;22m     all[0m[34;1m     10.27[0m[34;22m      0.00[0m[34;1m     15.14[0m[34;22m      0.00[0m[34;22m      0.00[0m[34;1m     74.59[0m
13:47:52   [32;22m     all[0m[34;1m     10.46[0m[34;22m      0.00[0m[34;1m     15.82[0m[34;22m      0.00[0m[34;22m      0.00[0m[34;1m     73.73[0m
13:47:53   [32;22m     all[0m[34;1m     11.17[0m[34;22m      0.00[0m[34;1m     16.62[0m[34;22m      0.00[0m[34;22m      0.00[0m[34;1m     72.21[0m
13:47:54   [32;22m     all[0m[34;1m     12.40[0m[34;22m      0.00[0m[34;1m     16.25[0m[34;22m      0.00[0m[34;22m      0.00[0m[34;1m     71.35[0m
13:47:55   [32;22m     all[0m[34;1m     12.13[0m[34;22m      0.00[0m[34;1m     16.44[0m[34;1m      0.27[0m[34;22m      0.00[0m[34;1m     71.16[0m
13:47:56   [32;22m     all[0m[34;1m     11.99[0m[34;22m      0.00[0m[34;1m     19.62[0m[34;22m      0.00[0m[34;22m      0.00[0m[34;1m     68.39[0m
13:47:57   [32;22m     all[0m[34;1m     14.01[0m[34;22m      0.00[0m[34;1m     20.05[0m[34;22m      0.00[0m[34;22m      0.00[0m[34;1m     65.93[0m
13:47:58   [32;22m     all[0m[34;1m     13.35[0m[34;22m      0.00[0m[34;1m     18.80[0m[34;22m      0.00[0m[34;22m      0.00[0m[34;1m     67.85[0m
13:47:59   [32;22m     all[0m[34;1m     13.57[0m[34;22m      0.00[0m[34;1m     21.88[0m[34;22m      0.00[0m[34;22m      0.00[0m[34;1m     64.54[0m
13:48:00   [32;22m     all[0m[34;1m     14.72[0m[34;22m      0.00[0m[34;1m     21.11[0m[34;22m      0.00[0m[34;22m      0.00[0m[34;1m     64.17[0m
13:48:01   [32;22m     all[0m[34;1m     13.82[0m[34;22m      0.00[0m[34;1m     21.95[0m[34;22m      0.00[0m[34;22m      0.00[0m[34;1m     64.23[0m
13:48:02   [32;22m     all[0m[34;1m     14.68[0m[34;22m      0.00[0m[34;1m     21.33[0m[34;22m      0.00[0m[34;22m      0.00[0m[34;1m     63.99[0m
13:48:03   [32;22m     all[0m[34;1m     15.66[0m[34;22m      0.00[0m[34;1m     23.35[0m[34;22m      0.00[0m[34;22m      0.00[0m[34;1m     60.99[0m
13:48:04   [32;22m     all[0m[34;1m     17.04[0m[34;22m      0.00[0m[34;1m     24.30[0m[34;22m      0.00[0m[34;22m      0.00[0m[34;1m     58.66[0m
13:48:05   [32;22m     all[0m[34;1m     15.85[0m[34;22m      0.00[0m[34;1m     24.59[0m[34;22m      0.00[0m[34;22m      0.00[0m[34;1m     59.56[0m
13:48:06   [32;22m     all[0m[34;1m     15.88[0m[34;22m      0.00[0m[34;1m     24.23[0m[34;22m      0.00[0m[34;22m      0.00[0m[34;1m     59.89[0m
13:48:07   [32;22m     all[0m[34;1m     17.37[0m[34;22m      0.00[0m[34;1m     24.93[0m[34;22m      0.00[0m[34;22m      0.00[0m[34;1m     57.70[0m
13:48:08   [32;22m     all[0m[34;1m     17.22[0m[34;22m      0.00[0m[34;1m     24.44[0m[34;22m      0.00[0m[34;22m      0.00[0m[34;1m     58.33[0m
13:48:09   [32;22m     all[0m[34;1m     15.67[0m[34;22m      0.00[0m[34;1m     24.50[0m[34;22m      0.00[0m[34;22m      0.00[0m[34;1m     59.83[0m
13:48:10   [32;22m     all[0m[34;1m     15.01[0m[34;22m      0.00[0m[34;1m     25.21[0m[34;22m      0.00[0m[34;22m      0.00[0m[34;1m     59.77[0m
13:48:11   [32;22m     all[0m[34;1m     15.04[0m[34;22m      0.00[0m[34;1m     23.96[0m[34;22m      0.00[0m[34;22m      0.00[0m[34;1m     61.00[0m
13:48:12   [32;22m     all[0m[34;1m     14.97[0m[34;22m      0.00[0m[34;1m     22.03[0m[34;22m      0.00[0m[34;22m      0.00[0m[34;1m     62.99[0m
13:48:13   [32;22m     all[0m[34;1m     14.29[0m[34;22m      0.00[0m[34;1m     22.97[0m[34;22m      0.00[0m[34;22m      0.00[0m[34;1m     62.75[0m
13:48:14   [32;22m     all[0m[34;1m     14.93[0m[34;22m      0.00[0m[34;1m     23.66[0m[34;22m      0.00[0m[34;22m      0.00[0m[34;1m     61.41[0m
13:48:15   [32;22m     all[0m[34;1m     16.34[0m[34;22m      0.00[0m[34;1m     23.94[0m[34;22m      0.00[0m[34;22m      0.00[0m[34;1m     59.72[0m
13:48:16   [32;22m     all[0m[34;1m     15.86[0m[34;22m      0.00[0m[34;1m     27.48[0m[34;22m      0.00[0m[34;22m      0.00[0m[34;1m     56.66[0m
13:48:17   [32;22m     all[0m[34;1m     15.17[0m[34;22m      0.00[0m[34;1m     23.03[0m[34;22m      0.00[0m[34;22m      0.00[0m[34;1m     61.80[0m
13:48:18   [32;22m     all[0m[34;1m     15.49[0m[34;22m      0.00[0m[34;1m     24.23[0m[34;22m      0.00[0m[34;22m      0.00[0m[34;1m     60.28[0m
13:48:19   [32;22m     all[0m[34;1m     15.36[0m[34;22m      0.00[0m[34;1m     24.58[0m[34;22m      0.00[0m[34;22m      0.00[0m[34;1m     60.06[0m
13:48:20   [32;22m     all[0m[34;1m     15.00[0m[34;22m      0.00[0m[34;1m     23.33[0m[34;22m      0.00[0m[34;22m      0.00[0m[34;1m     61.67[0m
13:48:21   [32;22m     all[0m[34;1m     16.81[0m[34;22m      0.00[0m[34;1m     26.33[0m[34;1m      0.28[0m[34;22m      0.00[0m[34;1m     56.58[0m
13:48:22   [32;22m     all[0m[34;1m     13.52[0m[34;22m      0.00[0m[34;1m     21.69[0m[34;22m      0.00[0m[34;22m      0.00[0m[34;1m     64.79[0m
13:48:23   [32;22m     all[0m[34;1m     16.06[0m[34;22m      0.00[0m[34;1m     25.07[0m[34;22m      0.00[0m[34;22m      0.00[0m[34;1m     58.87[0m
13:48:24   [32;22m     all[0m[34;1m     14.69[0m[34;22m      0.00[0m[34;1m     24.58[0m[34;22m      0.00[0m[34;22m      0.00[0m[34;1m     60.73[0m
13:48:25   [32;22m     all[0m[34;1m     15.17[0m[34;22m      0.00[0m[34;1m     21.35[0m[34;22m      0.00[0m[34;22m      0.00[0m[34;1m     63.48[0m
13:48:26   [32;22m     all[0m[34;1m     14.29[0m[34;22m      0.00[0m[34;1m     25.21[0m[34;22m      0.00[0m[34;22m      0.00[0m[34;1m     60.50[0m
13:48:27   [32;22m     all[0m[34;1m     18.03[0m[34;22m      0.00[0m[34;1m     27.61[0m[34;22m      0.00[0m[34;22m      0.00[0m[34;1m     54.37[0m
13:48:28   [32;22m     all[0m[34;1m     17.05[0m[34;22m      0.00[0m[34;1m     26.42[0m[34;22m      0.00[0m[34;22m      0.00[0m[34;1m     56.53[0m
13:48:29   [32;22m     all[0m[34;1m     15.28[0m[34;22m      0.00[0m[34;1m     21.67[0m[34;1m      0.28[0m[34;22m      0.00[0m[34;1m     62.78[0m
13:48:30   [32;22m     all[0m[34;1m     15.17[0m[34;22m      0.00[0m[34;1m     25.56[0m[34;22m      0.00[0m[34;22m      0.00[0m[34;1m     59.27[0m
13:48:31   [32;22m     all[0m[34;1m     16.34[0m[34;22m      0.00[0m[34;1m     25.92[0m[34;22m      0.00[0m[34;22m      0.00[0m[34;1m     57.75[0m
13:48:32   [32;22m     all[0m[34;1m     16.48[0m[34;22m      0.00[0m[34;1m     25.70[0m[34;22m      0.00[0m[34;22m      0.00[0m[34;1m     57.82[0m
13:48:33   [32;22m     all[0m[34;1m     14.80[0m[34;22m      0.00[0m[34;1m     22.91[0m[34;22m      0.00[0m[34;22m      0.00[0m[34;1m     62.29[0m
13:48:34   [32;22m     all[0m[34;1m     15.32[0m[34;22m      0.00[0m[34;1m     27.30[0m[34;22m      0.00[0m[34;22m      0.00[0m[34;1m     57.38[0m
13:48:35   [32;22m     all[0m[34;1m     15.21[0m[34;22m      0.00[0m[34;1m     21.13[0m[34;22m      0.00[0m[34;22m      0.00[0m[34;1m     63.66[0m
13:48:36   [32;22m     all[0m[34;1m     15.32[0m[34;22m      0.00[0m[34;1m     23.96[0m[34;22m      0.00[0m[34;22m      0.00[0m[34;1m     60.72[0m
13:48:37   [32;22m     all[0m[34;1m     16.29[0m[34;22m      0.00[0m[34;1m     23.88[0m[34;22m      0.00[0m[34;22m      0.00[0m[34;1m     59.83[0m
13:48:38   [32;22m     all[0m[34;1m     17.18[0m[34;22m      0.00[0m[34;1m     25.07[0m[34;22m      0.00[0m[34;22m      0.00[0m[34;1m     57.75[0m
13:48:39   [32;22m     all[0m[34;1m     15.06[0m[34;22m      0.00[0m[34;1m     28.12[0m[34;22m      0.00[0m[34;22m      0.00[0m[34;1m     56.82[0m
13:48:40   [32;22m     all[0m[34;1m     15.25[0m[34;22m      0.00[0m[34;1m     24.58[0m[34;22m      0.00[0m[34;22m      0.00[0m[34;1m     60.17[0m
13:48:41   [32;22m     all[0m[34;1m     15.86[0m[34;22m      0.00[0m[34;1m     24.93[0m[34;22m      0.00[0m[34;22m      0.00[0m[34;1m     59.21[0m
13:48:42   [32;22m     all[0m[34;1m     14.48[0m[34;22m      0.00[0m[34;1m     22.84[0m[34;22m      0.00[0m[34;22m      0.00[0m[34;1m     62.67[0m
13:48:43   [32;22m     all[0m[34;1m     16.24[0m[34;22m      0.00[0m[34;1m     25.93[0m[34;22m      0.00[0m[34;22m      0.00[0m[34;1m     57.83[0m
13:48:44   [32;22m     all[0m[34;1m     15.75[0m[34;22m      0.00[0m[34;1m     25.97[0m[34;22m      0.00[0m[34;22m      0.00[0m[34;1m     58.29[0m
13:48:45   [32;22m     all[0m[34;1m     14.69[0m[34;22m      0.00[0m[34;1m     23.45[0m[34;22m      0.00[0m[34;22m      0.00[0m[34;1m     61.86[0m
13:48:46   [32;22m     all[0m[34;1m     14.80[0m[34;22m      0.00[0m[34;1m     25.98[0m[34;22m      0.00[0m[34;22m      0.00[0m[34;1m     59.22[0m
13:48:47   [32;22m     all[0m[34;1m     16.71[0m[34;22m      0.00[0m[34;1m     24.36[0m[34;22m      0.00[0m[34;22m      0.00[0m[34;1m     58.92[0m
13:48:48   [32;22m     all[0m[34;1m     15.21[0m[34;22m      0.00[0m[34;1m     25.63[0m[34;22m      0.00[0m[34;22m      0.00[0m[34;1m     59.15[0m
13:48:49   [32;22m     all[0m[34;1m     15.41[0m[34;22m      0.00[0m[34;1m     23.81[0m[34;22m      0.00[0m[34;22m      0.00[0m[34;1m     60.78[0m
13:48:50   [32;22m     all[0m[34;1m     15.41[0m[34;22m      0.00[0m[34;1m     26.05[0m[34;22m      0.00[0m[34;22m      0.00[0m[34;1m     58.54[0m
13:48:51   [32;22m     all[0m[34;1m     16.10[0m[34;22m      0.00[0m[34;1m     25.71[0m[34;22m      0.00[0m[34;22m      0.00[0m[34;1m     58.19[0m
13:48:52   [32;22m     all[0m[34;1m     15.76[0m[34;22m      0.00[0m[34;1m     26.93[0m[34;22m      0.00[0m[34;22m      0.00[0m[34;1m     57.31[0m
13:48:53   [32;22m     all[0m[34;1m     17.04[0m[34;22m      0.00[0m[34;1m     26.26[0m[34;22m      0.00[0m[34;22m      0.00[0m[34;1m     56.70[0m
13:48:54   [32;22m     all[0m[34;1m     13.65[0m[34;22m      0.00[0m[34;1m     24.51[0m[34;22m      0.00[0m[34;22m      0.00[0m[34;1m     61.84[0m
13:48:55   [32;22m     all[0m[34;1m     15.21[0m[34;22m      0.00[0m[34;1m     24.51[0m[34;22m      0.00[0m[34;22m      0.00[0m[34;1m     60.28[0m
13:48:56   [32;22m     all[0m[34;1m     15.13[0m[34;22m      0.00[0m[34;1m     24.65[0m[34;22m      0.00[0m[34;22m      0.00[0m[34;1m     60.22[0m
13:48:57   [32;22m     all[0m[34;1m     17.56[0m[34;22m      0.00[0m[34;1m     26.35[0m[34;22m      0.00[0m[34;22m      0.00[0m[34;1m     56.09[0m
13:48:58   [32;22m     all[0m[34;1m     16.29[0m[34;22m      0.00[0m[34;1m     24.57[0m[34;22m      0.00[0m[34;22m      0.00[0m[34;1m     59.14[0m
13:48:59   [32;22m     all[0m[34;1m     14.65[0m[34;22m      0.00[0m[34;1m     25.35[0m[34;22m      0.00[0m[34;22m      0.00[0m[34;1m     60.00[0m
13:49:00   [32;22m     all[0m[34;1m     14.04[0m[34;22m      0.00[0m[34;1m     24.16[0m[34;22m      0.00[0m[34;22m      0.00[0m[34;1m     61.80[0m
13:49:01   [32;22m     all[0m[34;1m     15.64[0m[34;22m      0.00[0m[34;1m     24.30[0m[34;22m      0.00[0m[34;22m      0.00[0m[34;1m     60.06[0m
13:49:02   [32;22m     all[0m[34;1m     16.15[0m[34;22m      0.00[0m[34;1m     26.35[0m[34;22m      0.00[0m[34;22m      0.00[0m[34;1m     57.51[0m
13:49:03   [32;22m     all[0m[34;1m     16.01[0m[34;22m      0.00[0m[34;1m     25.56[0m[34;22m      0.00[0m[34;22m      0.00[0m[34;1m     58.43[0m
13:49:04   [32;22m     all[0m[34;1m     13.06[0m[34;22m      0.00[0m[34;1m     21.11[0m[34;22m      0.00[0m[34;22m      0.00[0m[34;1m     65.83[0m
13:49:05   [32;22m     all[0m[34;1m     15.64[0m[34;22m      0.00[0m[34;1m     27.37[0m[34;22m      0.00[0m[34;22m      0.00[0m[34;1m     56.98[0m
13:49:06   [32;22m     all[0m[34;1m     17.09[0m[34;22m      0.00[0m[34;1m     27.35[0m[34;22m      0.00[0m[34;22m      0.00[0m[34;1m     55.56[0m
13:49:07   [32;22m     all[0m[34;1m     17.75[0m[34;22m      0.00[0m[34;1m     25.92[0m[34;22m      0.00[0m[34;22m      0.00[0m[34;1m     56.34[0m
13:49:08   [32;22m     all[0m[34;1m     20.22[0m[34;22m      0.00[0m[34;1m     25.56[0m[34;22m      0.00[0m[34;22m      0.00[0m[34;1m     54.21[0m
13:49:09   [32;22m     all[0m[34;1m     16.71[0m[34;22m      0.00[0m[34;1m     25.21[0m[34;22m      0.00[0m[34;22m      0.00[0m[34;1m     58.07[0m
13:49:10   [32;22m     all[0m[34;1m     16.10[0m[34;22m      0.00[0m[34;1m     27.68[0m[34;22m      0.00[0m[34;22m      0.00[0m[34;1m     56.21[0m
13:49:11   [32;22m     all[0m[34;1m     16.67[0m[34;22m      0.00[0m[34;1m     24.01[0m[34;22m      0.00[0m[34;22m      0.00[0m[34;1m     59.32[0m
13:49:12   [32;22m     all[0m[34;1m     16.62[0m[34;22m      0.00[0m[34;1m     26.36[0m[34;22m      0.00[0m[34;22m      0.00[0m[34;1m     57.02[0m
13:49:13   [32;22m     all[0m[34;1m     15.73[0m[34;22m      0.00[0m[34;1m     25.28[0m[34;22m      0.00[0m[34;22m      0.00[0m[34;1m     58.99[0m
13:49:14   [32;22m     all[0m[34;1m     14.33[0m[34;22m      0.00[0m[34;1m     23.88[0m[34;22m      0.00[0m[34;22m      0.00[0m[34;1m     61.80[0m
13:49:15   [32;22m     all[0m[34;1m     15.58[0m[34;22m      0.00[0m[34;1m     26.35[0m[34;22m      0.00[0m[34;22m      0.00[0m[34;1m     58.07[0m
13:49:16   [32;22m     all[0m[34;1m     16.71[0m[34;22m      0.00[0m[34;1m     26.74[0m[34;22m      0.00[0m[34;22m      0.00[0m[34;1m     56.55[0m
13:49:17   [32;22m     all[0m[34;1m     18.29[0m[34;22m      0.00[0m[34;1m     27.43[0m[34;22m      0.00[0m[34;22m      0.00[0m[34;1m     54.29[0m
13:49:18   [32;22m     all[0m[34;1m     15.86[0m[34;22m      0.00[0m[34;1m     24.65[0m[34;22m      0.00[0m[34;22m      0.00[0m[34;1m     59.49[0m
13:49:19   [32;22m     all[0m[34;1m     17.43[0m[34;22m      0.00[0m[34;1m     27.71[0m[34;22m      0.00[0m[34;22m      0.00[0m[34;1m     54.86[0m
13:49:20   [32;22m     all[0m[34;1m     16.85[0m[34;22m      0.00[0m[34;1m     27.53[0m[34;22m      0.00[0m[34;22m      0.00[0m[34;1m     55.62[0m
13:49:21   [32;22m     all[0m[34;1m     16.33[0m[34;22m      0.00[0m[34;1m     26.07[0m[34;22m      0.00[0m[34;22m      0.00[0m[34;1m     57.59[0m
13:49:22   [32;22m     all[0m[34;1m     14.33[0m[34;22m      0.00[0m[34;1m     24.44[0m[34;22m      0.00[0m[34;22m      0.00[0m[34;1m     61.24[0m
13:49:23   [32;22m     all[0m[34;1m     14.89[0m[34;22m      0.00[0m[34;1m     25.00[0m[34;22m      0.00[0m[34;22m      0.00[0m[34;1m     60.11[0m
13:49:24   [32;22m     all[0m[34;1m     17.18[0m[34;22m      0.00[0m[34;1m     30.42[0m[34;22m      0.00[0m[34;22m      0.00[0m[34;1m     52.39[0m
13:49:25   [32;22m     all[0m[34;1m     14.69[0m[34;22m      0.00[0m[34;1m     25.71[0m[34;22m      0.00[0m[34;22m      0.00[0m[34;1m     59.60[0m
13:49:26   [32;22m     all[0m[34;1m     16.71[0m[34;22m      0.00[0m[34;1m     26.91[0m[34;22m      0.00[0m[34;22m      0.00[0m[34;1m     56.37[0m
13:49:27   [32;22m     all[0m[34;1m     15.82[0m[34;22m      0.00[0m[34;1m     22.32[0m[34;1m      0.28[0m[34;22m      0.00[0m[34;1m     61.58[0m
13:49:28   [32;22m     all[0m[34;1m     17.61[0m[34;22m      0.00[0m[34;1m     26.70[0m[34;22m      0.00[0m[34;22m      0.00[0m[34;1m     55.68[0m
13:49:29   [32;22m     all[0m[34;1m     16.86[0m[34;22m      0.00[0m[34;1m     25.71[0m[34;22m      0.00[0m[34;22m      0.00[0m[34;1m     57.43[0m
13:49:30   [32;22m     all[0m[34;1m     16.85[0m[34;22m      0.00[0m[34;1m     29.49[0m[34;22m      0.00[0m[34;22m      0.00[0m[34;1m     53.65[0m
13:49:31   [32;22m     all[0m[34;1m     17.37[0m[34;22m      0.00[0m[34;1m     27.73[0m[34;22m      0.00[0m[34;22m      0.00[0m[34;1m     54.90[0m
13:49:32   [32;22m     all[0m[34;1m     13.88[0m[34;22m      0.00[0m[34;1m     22.38[0m[34;22m      0.00[0m[34;22m      0.00[0m[34;1m     63.74[0m
13:49:33   [32;22m     all[0m[34;1m     16.71[0m[34;22m      0.00[0m[34;1m     25.91[0m[34;1m      0.28[0m[34;22m      0.00[0m[34;1m     57.10[0m
13:49:34   [32;22m     all[0m[34;1m     17.00[0m[34;22m      0.00[0m[34;1m     27.38[0m[34;22m      0.00[0m[34;22m      0.00[0m[34;1m     55.62[0m
13:49:35   [32;22m     all[0m[34;1m     16.00[0m[34;22m      0.00[0m[34;1m     26.00[0m[34;22m      0.00[0m[34;22m      0.00[0m[34;1m     58.00[0m
13:49:36   [32;22m     all[0m[34;1m     15.49[0m[34;22m      0.00[0m[34;1m     25.92[0m[34;22m      0.00[0m[34;22m      0.00[0m[34;1m     58.59[0m
13:49:37   [32;22m     all[0m[34;1m     17.70[0m[34;22m      0.00[0m[34;1m     27.53[0m[34;22m      0.00[0m[34;22m      0.00[0m[34;1m     54.78[0m
13:49:38   [32;22m     all[0m[34;1m     18.16[0m[34;22m      0.00[0m[34;1m     29.11[0m[34;22m      0.00[0m[34;22m      0.00[0m[34;1m     52.74[0m
13:49:39   [32;22m     all[0m[34;1m     18.18[0m[34;22m      0.00[0m[34;1m     28.69[0m[34;22m      0.00[0m[34;22m      0.00[0m[34;1m     53.12[0m
13:49:40   [32;22m     all[0m[34;1m     15.76[0m[34;22m      0.00[0m[34;1m     27.51[0m[34;22m      0.00[0m[34;22m      0.00[0m[34;1m     56.73[0m
13:49:41   [32;22m     all[0m[34;1m     16.48[0m[34;22m      0.00[0m[34;1m     23.86[0m[34;22m      0.00[0m[34;22m      0.00[0m[34;1m     59.66[0m
13:49:42   [32;22m     all[0m[34;1m     18.23[0m[34;22m      0.00[0m[34;1m     28.77[0m[34;22m      0.00[0m[34;22m      0.00[0m[34;1m     52.99[0m
13:49:43   [32;22m     all[0m[34;1m     16.62[0m[34;22m      0.00[0m[34;1m     25.63[0m[34;22m      0.00[0m[34;22m      0.00[0m[34;1m     57.75[0m
13:49:44   [32;22m     all[0m[34;1m     14.48[0m[34;22m      0.00[0m[34;1m     22.28[0m[34;22m      0.00[0m[34;22m      0.00[0m[34;1m     63.23[0m
13:49:45   [32;22m     all[0m[34;1m     16.52[0m[34;22m      0.00[0m[34;1m     24.64[0m[34;22m      0.00[0m[34;22m      0.00[0m[34;1m     58.84[0m
13:49:46   [32;22m     all[0m[34;1m     14.86[0m[34;22m      0.00[0m[34;1m     24.57[0m[34;22m      0.00[0m[34;22m      0.00[0m[34;1m     60.57[0m
13:49:47   [32;22m     all[0m[34;1m     16.25[0m[34;22m      0.00[0m[34;1m     26.33[0m[34;22m      0.00[0m[34;22m      0.00[0m[34;1m     57.42[0m
13:49:48   [32;22m     all[0m[34;1m     13.52[0m[34;22m      0.00[0m[34;1m     24.23[0m[34;22m      0.00[0m[34;22m      0.00[0m[34;1m     62.25[0m
13:49:49   [32;22m     all[0m[34;1m     17.51[0m[34;22m      0.00[0m[34;1m     26.27[0m[34;22m      0.00[0m[34;22m      0.00[0m[34;1m     56.21[0m
13:49:50   [32;22m     all[0m[34;1m     14.01[0m[34;22m      0.00[0m[34;1m     22.69[0m[34;22m      0.00[0m[34;22m      0.00[0m[34;1m     63.31[0m
13:49:51   [32;22m     all[0m[34;1m     15.85[0m[34;22m      0.00[0m[34;1m     25.65[0m[34;22m      0.00[0m[34;22m      0.00[0m[34;1m     58.50[0m
13:49:52   [32;22m     all[0m[34;1m     15.60[0m[34;22m      0.00[0m[34;1m     24.23[0m[34;22m      0.00[0m[34;22m      0.00[0m[34;1m     60.17[0m
13:49:53   [32;22m     all[0m[34;1m     16.24[0m[34;22m      0.00[0m[34;1m     24.22[0m[34;22m      0.00[0m[34;22m      0.00[0m[34;1m     59.54[0m
13:49:54   [32;22m     all[0m[34;1m     15.28[0m[34;22m      0.00[0m[34;1m     25.56[0m[34;22m      0.00[0m[34;22m      0.00[0m[34;1m     59.17[0m
13:49:55   [32;22m     all[0m[34;1m     14.77[0m[34;22m      0.00[0m[34;1m     25.28[0m[34;22m      0.00[0m[34;22m      0.00[0m[34;1m     59.94[0m
13:49:56   [32;22m     all[0m[34;1m     15.91[0m[34;22m      0.00[0m[34;1m     24.43[0m[34;22m      0.00[0m[34;22m      0.00[0m[34;1m     59.66[0m
13:49:57   [32;22m     all[0m[34;1m     15.86[0m[34;22m      0.00[0m[34;1m     22.95[0m[34;22m      0.00[0m[34;22m      0.00[0m[34;1m     61.19[0m
13:49:58   [32;22m     all[0m[34;1m     16.76[0m[34;22m      0.00[0m[34;1m     25.00[0m[34;22m      0.00[0m[34;22m      0.00[0m[34;1m     58.24[0m
13:49:59   [32;22m     all[0m[34;1m     16.16[0m[34;22m      0.00[0m[34;1m     26.74[0m[34;22m      0.00[0m[34;22m      0.00[0m[34;1m     57.10[0m
13:50:00   [32;22m     all[0m[34;1m     17.00[0m[34;22m      0.00[0m[34;1m     25.21[0m[34;22m      0.00[0m[34;22m      0.00[0m[34;1m     57.79[0m
13:50:01   [32;22m     all[0m[34;1m     14.64[0m[34;22m      0.00[0m[34;1m     23.20[0m[34;22m      0.00[0m[34;22m      0.00[0m[34;1m     62.15[0m
13:50:02   [32;22m     all[0m[34;1m     16.29[0m[34;22m      0.00[0m[34;1m     24.29[0m[34;22m      0.00[0m[34;22m      0.00[0m[34;1m     59.43[0m
13:50:03   [32;22m     all[0m[34;1m     17.13[0m[34;22m      0.00[0m[34;1m     26.97[0m[34;22m      0.00[0m[34;22m      0.00[0m[34;1m     55.90[0m
13:50:04   [32;22m     all[0m[34;1m     16.15[0m[34;22m      0.00[0m[34;1m     25.50[0m[34;22m      0.00[0m[34;22m      0.00[0m[34;1m     58.36[0m
13:50:05   [32;22m     all[0m[34;1m     15.69[0m[34;22m      0.00[0m[34;1m     24.09[0m[34;1m      0.28[0m[34;22m      0.00[0m[34;1m     59.94[0m
13:50:06   [32;22m     all[0m[34;1m     15.14[0m[34;22m      0.00[0m[34;1m     25.71[0m[34;22m      0.00[0m[34;22m      0.00[0m[34;1m     59.14[0m
13:50:07   [32;22m     all[0m[34;1m     18.77[0m[34;22m      0.00[0m[34;1m     30.25[0m[34;22m      0.00[0m[34;22m      0.00[0m[34;1m     50.98[0m
13:50:08   [32;22m     all[0m[34;1m     19.26[0m[34;22m      0.00[0m[34;1m     26.91[0m[34;22m      0.00[0m[34;22m      0.00[0m[34;1m     53.82[0m
13:50:09   [32;22m     all[0m[34;1m     16.48[0m[34;22m      0.00[0m[34;1m     26.26[0m[34;22m      0.00[0m[34;22m      0.00[0m[34;1m     57.26[0m
13:50:10   [32;22m     all[0m[34;1m     17.71[0m[34;22m      0.00[0m[34;1m     27.71[0m[34;22m      0.00[0m[34;22m      0.00[0m[34;1m     54.57[0m
13:50:11   [32;22m     all[0m[34;1m     16.20[0m[34;22m      0.00[0m[34;1m     24.30[0m[34;22m      0.00[0m[34;22m      0.00[0m[34;1m     59.50[0m
13:50:12   [32;22m     all[0m[34;1m     17.29[0m[34;22m      0.00[0m[34;1m     25.65[0m[34;22m      0.00[0m[34;22m      0.00[0m[34;1m     57.06[0m
13:50:13   [32;22m     all[0m[34;1m     15.27[0m[34;22m      0.00[0m[34;1m     23.63[0m[34;22m      0.00[0m[34;22m      0.00[0m[34;1m     61.10[0m
13:50:14   [32;22m     all[0m[34;1m     16.62[0m[34;22m      0.00[0m[34;1m     27.32[0m[34;22m      0.00[0m[34;22m      0.00[0m[34;1m     56.06[0m
13:50:15   [32;22m     all[0m[34;1m     14.49[0m[34;22m      0.00[0m[34;1m     24.43[0m[34;22m      0.00[0m[34;22m      0.00[0m[34;1m     61.08[0m
13:50:16   [32;22m     all[0m[34;1m     16.81[0m[34;22m      0.00[0m[34;1m     27.07[0m[34;22m      0.00[0m[34;22m      0.00[0m[34;1m     56.13[0m
13:50:17   [32;22m     all[0m[34;1m     14.81[0m[34;22m      0.00[0m[34;1m     23.65[0m[34;22m      0.00[0m[34;22m      0.00[0m[34;1m     61.54[0m
13:50:18   [32;22m     all[0m[34;1m     17.13[0m[34;22m      0.00[0m[34;1m     26.12[0m[34;22m      0.00[0m[34;22m      0.00[0m[34;1m     56.74[0m
13:50:19   [32;22m     all[0m[34;1m     16.62[0m[34;22m      0.00[0m[34;1m     25.92[0m[34;22m      0.00[0m[34;22m      0.00[0m[34;1m     57.46[0m
13:50:20   [32;22m     all[0m[34;1m     16.05[0m[34;22m      0.00[0m[34;1m     25.50[0m[34;22m      0.00[0m[34;22m      0.00[0m[34;1m     58.45[0m
13:50:21   [32;22m     all[0m[34;1m     16.05[0m[34;22m      0.00[0m[34;1m     25.21[0m[34;22m      0.00[0m[34;22m      0.00[0m[34;1m     58.74[0m
13:50:22   [32;22m     all[0m[34;1m     14.85[0m[34;22m      0.00[0m[34;1m     23.81[0m[34;22m      0.00[0m[34;22m      0.00[0m[34;1m     61.34[0m
13:50:23   [32;22m     all[0m[34;1m     15.62[0m[34;22m      0.00[0m[34;1m     28.98[0m[34;22m      0.00[0m[34;22m      0.00[0m[34;1m     55.40[0m
13:50:24   [32;22m     all[0m[34;1m     15.83[0m[34;22m      0.00[0m[34;1m     25.56[0m[34;22m      0.00[0m[34;22m      0.00[0m[34;1m     58.61[0m
13:50:25   [32;22m     all[0m[34;1m     17.43[0m[34;22m      0.00[0m[34;1m     25.43[0m[34;22m      0.00[0m[34;22m      0.00[0m[34;1m     57.14[0m
13:50:26   [32;22m     all[0m[34;1m     16.00[0m[34;22m      0.00[0m[34;1m     25.71[0m[34;22m      0.00[0m[34;22m      0.00[0m[34;1m     58.29[0m
13:50:27   [32;22m     all[0m[34;1m     15.92[0m[34;22m      0.00[0m[34;1m     23.74[0m[34;22m      0.00[0m[34;22m      0.00[0m[34;1m     60.34[0m
13:50:28   [32;22m     all[0m[34;1m     16.19[0m[34;22m      0.00[0m[34;1m     24.15[0m[34;22m      0.00[0m[34;22m      0.00[0m[34;1m     59.66[0m
13:50:29   [32;22m     all[0m[34;1m     17.23[0m[34;22m      0.00[0m[34;1m     26.55[0m[34;22m      0.00[0m[34;22m      0.00[0m[34;1m     56.21[0m
13:50:30   [32;22m     all[0m[34;1m     16.01[0m[34;22m      0.00[0m[34;1m     26.69[0m[34;22m      0.00[0m[34;22m      0.00[0m[34;1m     57.30[0m
13:50:31   [32;22m     all[0m[34;1m     16.90[0m[34;22m      0.00[0m[34;1m     26.20[0m[34;22m      0.00[0m[34;22m      0.00[0m[34;1m     56.90[0m
13:50:32   [32;22m     all[0m[34;1m     15.47[0m[34;22m      0.00[0m[34;1m     24.07[0m[34;22m      0.00[0m[34;22m      0.00[0m[34;1m     60.46[0m
13:50:33   [32;22m     all[0m[34;1m     16.76[0m[34;22m      0.00[0m[34;1m     28.98[0m[34;22m      0.00[0m[34;22m      0.00[0m[34;1m     54.26[0m
13:50:34   [32;22m     all[0m[34;1m     14.53[0m[34;22m      0.00[0m[34;1m     23.65[0m[34;22m      0.00[0m[34;22m      0.00[0m[34;1m     61.82[0m
13:50:35   [32;22m     all[0m[34;1m     14.08[0m[34;22m      0.00[0m[34;1m     25.35[0m[34;22m      0.00[0m[34;22m      0.00[0m[34;1m     60.56[0m
13:50:36   [32;22m     all[0m[34;1m     15.73[0m[34;22m      0.00[0m[34;1m     26.97[0m[34;22m      0.00[0m[34;22m      0.00[0m[34;1m     57.30[0m
13:50:37   [32;22m     all[0m[34;1m     16.81[0m[34;22m      0.00[0m[34;1m     23.93[0m[34;22m      0.00[0m[34;22m      0.00[0m[34;1m     59.26[0m
13:50:38   [32;22m     all[0m[34;1m     18.52[0m[34;22m      0.00[0m[34;1m     26.78[0m[34;22m      0.00[0m[34;22m      0.00[0m[34;1m     54.70[0m
13:50:39   [32;22m     all[0m[34;1m     15.77[0m[34;22m      0.00[0m[34;1m     25.07[0m[34;22m      0.00[0m[34;22m      0.00[0m[34;1m     59.15[0m
13:50:40   [32;22m     all[0m[34;1m     17.23[0m[34;22m      0.00[0m[34;1m     27.97[0m[34;22m      0.00[0m[34;22m      0.00[0m[34;1m     54.80[0m
13:50:41   [32;22m     all[0m[34;1m     15.30[0m[34;22m      0.00[0m[34;1m     25.78[0m[34;22m      0.00[0m[34;22m      0.00[0m[34;1m     58.92[0m
13:50:42   [32;22m     all[0m[34;1m     17.18[0m[34;22m      0.00[0m[34;1m     26.48[0m[34;22m      0.00[0m[34;22m      0.00[0m[34;1m     56.34[0m
13:50:43   [32;22m     all[0m[34;1m     17.71[0m[34;22m      0.00[0m[34;1m     27.14[0m[34;22m      0.00[0m[34;22m      0.00[0m[34;1m     55.14[0m
13:50:44   [32;22m     all[0m[34;1m     17.00[0m[34;22m      0.00[0m[34;1m     27.48[0m[34;22m      0.00[0m[34;22m      0.00[0m[34;1m     55.52[0m
13:50:45   [32;22m     all[0m[34;1m     14.57[0m[34;22m      0.00[0m[34;1m     24.09[0m[34;22m      0.00[0m[34;22m      0.00[0m[34;1m     61.34[0m
13:50:46   [32;22m     all[0m[34;1m     14.16[0m[34;22m      0.00[0m[34;1m     24.93[0m[34;22m      0.00[0m[34;22m      0.00[0m[34;1m     60.91[0m
13:50:47   [32;22m     all[0m[34;1m     15.90[0m[34;22m      0.00[0m[34;1m     27.46[0m[34;22m      0.00[0m[34;22m      0.00[0m[34;1m     56.65[0m
13:50:48   [32;22m     all[0m[34;1m     16.57[0m[34;22m      0.00[0m[34;1m     27.53[0m[34;22m      0.00[0m[34;22m      0.00[0m[34;1m     55.90[0m
13:50:49   [32;22m     all[0m[34;1m     18.18[0m[34;22m      0.00[0m[34;1m     26.42[0m[34;1m      0.28[0m[34;22m      0.00[0m[34;1m     55.11[0m
13:50:50   [32;22m     all[0m[34;1m     15.21[0m[34;22m      0.00[0m[34;1m     25.63[0m[34;22m      0.00[0m[34;22m      0.00[0m[34;1m     59.15[0m
13:50:51   [32;22m     all[0m[34;1m     17.66[0m[34;22m      0.00[0m[34;1m     28.77[0m[34;22m      0.00[0m[34;22m      0.00[0m[34;1m     53.56[0m
13:50:52   [32;22m     all[0m[34;1m     13.52[0m[34;22m      0.00[0m[34;1m     24.51[0m[34;22m      0.00[0m[34;22m      0.00[0m[34;1m     61.97[0m
13:50:53   [32;22m     all[0m[34;1m     17.00[0m[34;22m      0.00[0m[34;1m     26.91[0m[34;22m      0.00[0m[34;22m      0.00[0m[34;1m     56.09[0m
13:50:54   [32;22m     all[0m[34;1m     14.16[0m[34;22m      0.00[0m[34;1m     25.21[0m[34;22m      0.00[0m[34;22m      0.00[0m[34;1m     60.62[0m
13:50:55   [32;22m     all[0m[34;1m     15.06[0m[34;22m      0.00[0m[34;1m     25.57[0m[34;22m      0.00[0m[34;22m      0.00[0m[34;1m     59.38[0m
13:50:56   [32;22m     all[0m[34;1m     14.37[0m[34;22m      0.00[0m[34;1m     24.51[0m[34;22m      0.00[0m[34;22m      0.00[0m[34;1m     61.13[0m
13:50:57   [32;22m     all[0m[34;1m     17.19[0m[34;22m      0.00[0m[34;1m     28.65[0m[34;22m      0.00[0m[34;22m      0.00[0m[34;1m     54.15[0m
13:50:58   [32;22m     all[0m[34;1m     16.86[0m[34;22m      0.00[0m[34;1m     25.43[0m[34;22m      0.00[0m[34;22m      0.00[0m[34;1m     57.71[0m
13:50:59   [32;22m     all[0m[34;1m     17.19[0m[34;22m      0.00[0m[34;1m     27.22[0m[34;22m      0.00[0m[34;22m      0.00[0m[34;1m     55.59[0m
13:51:00   [32;22m     all[0m[34;1m     16.81[0m[34;22m      0.00[0m[34;1m     27.64[0m[34;22m      0.00[0m[34;22m      0.00[0m[34;1m     55.56[0m
13:51:01   [32;22m     all[0m[34;1m     16.57[0m[34;22m      0.00[0m[34;1m     25.84[0m[34;22m      0.00[0m[34;22m      0.00[0m[34;1m     57.58[0m
13:51:02   [32;22m     all[0m[34;1m     13.80[0m[34;22m      0.00[0m[34;1m     22.54[0m[34;22m      0.00[0m[34;22m      0.00[0m[34;1m     63.66[0m
13:51:03   [32;22m     all[0m[34;1m     15.47[0m[34;22m      0.00[0m[34;1m     28.37[0m[34;22m      0.00[0m[34;22m      0.00[0m[34;1m     56.16[0m
13:51:04   [32;22m     all[0m[34;1m     16.25[0m[34;22m      0.00[0m[34;1m     25.21[0m[34;22m      0.00[0m[34;22m      0.00[0m[34;1m     58.54[0m
13:51:05   [32;22m     all[0m[34;1m     14.77[0m[34;22m      0.00[0m[34;1m     24.15[0m[34;22m      0.00[0m[34;22m      0.00[0m[34;1m     61.08[0m
13:51:06   [32;22m     all[0m[34;1m     16.00[0m[34;22m      0.00[0m[34;1m     26.57[0m[34;22m      0.00[0m[34;22m      0.00[0m[34;1m     57.43[0m
13:51:07   [32;22m     all[0m[34;1m     16.06[0m[34;22m      0.00[0m[34;1m     25.35[0m[34;22m      0.00[0m[34;22m      0.00[0m[34;1m     58.59[0m
13:51:08   [32;22m     all[0m[34;1m     18.91[0m[34;22m      0.00[0m[34;1m     26.36[0m[34;22m      0.00[0m[34;22m      0.00[0m[34;1m     54.73[0m
13:51:09   [32;22m     all[0m[34;1m     16.67[0m[34;22m      0.00[0m[34;1m     31.07[0m[34;22m      0.00[0m[34;22m      0.00[0m[34;1m     52.26[0m
13:51:10   [32;22m     all[0m[34;1m     13.39[0m[34;22m      0.00[0m[34;1m     25.07[0m[34;22m      0.00[0m[34;22m      0.00[0m[34;1m     61.54[0m
13:51:11   [32;22m     all[0m[34;1m     18.86[0m[34;22m      0.00[0m[34;1m     24.57[0m[34;22m      0.00[0m[34;22m      0.00[0m[34;1m     56.57[0m
13:51:12   [32;22m     all[0m[34;1m     16.48[0m[34;22m      0.00[0m[34;1m     26.42[0m[34;22m      0.00[0m[34;22m      0.00[0m[34;1m     57.10[0m
13:51:13   [32;22m     all[0m[34;1m     14.89[0m[34;22m      0.00[0m[34;1m     21.35[0m[34;22m      0.00[0m[34;22m      0.00[0m[34;1m     63.76[0m
13:51:14   [32;22m     all[0m[34;1m     15.06[0m[34;22m      0.00[0m[34;1m     25.85[0m[34;22m      0.00[0m[34;22m      0.00[0m[34;1m     59.09[0m
13:51:15   [32;22m     all[0m[34;1m     15.30[0m[34;22m      0.00[0m[34;1m     24.65[0m[34;22m      0.00[0m[34;22m      0.00[0m[34;1m     60.06[0m
13:51:16   [32;22m     all[0m[34;1m     16.01[0m[34;22m      0.00[0m[34;1m     26.97[0m[34;22m      0.00[0m[34;22m      0.00[0m[34;1m     57.02[0m
13:51:17   [32;22m     all[0m[34;1m     18.44[0m[34;22m      0.00[0m[34;1m     31.70[0m[34;22m      0.00[0m[34;22m      0.00[0m[34;1m     49.86[0m
13:51:18   [32;22m     all[0m[34;1m     16.11[0m[34;22m      0.00[0m[34;1m     24.44[0m[34;22m      0.00[0m[34;22m      0.00[0m[34;1m     59.44[0m
13:51:19   [32;22m     all[0m[34;1m     15.82[0m[34;22m      0.00[0m[34;1m     25.71[0m[34;22m      0.00[0m[34;22m      0.00[0m[34;1m     58.47[0m
13:51:20   [32;22m     all[0m[34;1m     19.48[0m[34;22m      0.00[0m[34;1m     27.51[0m[34;1m      0.29[0m[34;22m      0.00[0m[34;1m     52.72[0m
13:51:21   [32;22m     all[0m[34;1m     15.60[0m[34;22m      0.00[0m[34;1m     25.91[0m[34;22m      0.00[0m[34;22m      0.00[0m[34;1m     58.50[0m
13:51:22   [32;22m     all[0m[34;1m     14.93[0m[34;22m      0.00[0m[34;1m     25.07[0m[34;22m      0.00[0m[34;22m      0.00[0m[34;1m     60.00[0m
13:51:23   [32;22m     all[0m[34;1m     17.23[0m[34;22m      0.00[0m[34;1m     26.55[0m[34;22m      0.00[0m[34;22m      0.00[0m[34;1m     56.21[0m
13:51:24   [32;22m     all[0m[34;1m     16.25[0m[34;22m      0.00[0m[34;1m     26.89[0m[34;22m      0.00[0m[34;22m      0.00[0m[34;1m     56.86[0m
13:51:25   [32;22m     all[0m[34;1m     13.92[0m[34;22m      0.00[0m[34;1m     27.56[0m[34;22m      0.00[0m[34;22m      0.00[0m[34;1m     58.52[0m
13:51:26   [32;22m     all[0m[34;1m     17.14[0m[34;22m      0.00[0m[34;1m     25.71[0m[34;22m      0.00[0m[34;22m      0.00[0m[34;1m     57.14[0m
13:51:27   [32;22m     all[0m[34;1m     16.39[0m[34;22m      0.00[0m[34;1m     22.50[0m[34;22m      0.00[0m[34;22m      0.00[0m[34;1m     61.11[0m
13:51:28   [32;22m     all[0m[34;1m     17.38[0m[34;22m      0.00[0m[34;1m     26.50[0m[34;22m      0.00[0m[34;22m      0.00[0m[34;1m     56.13[0m
13:51:29   [32;22m     all[0m[34;1m     14.29[0m[34;22m      0.00[0m[34;1m     25.71[0m[34;22m      0.00[0m[34;22m      0.00[0m[34;1m     60.00[0m
13:51:30   [32;22m     all[0m[34;1m     16.20[0m[34;22m      0.00[0m[34;1m     28.21[0m[34;22m      0.00[0m[34;22m      0.00[0m[34;1m     55.59[0m
13:51:31   [32;22m     all[0m[34;1m     17.00[0m[34;22m      0.00[0m[34;1m     25.50[0m[34;22m      0.00[0m[34;22m      0.00[0m[34;1m     57.51[0m
13:51:32   [32;22m     all[0m[34;1m     15.32[0m[34;22m      0.00[0m[34;1m     23.12[0m[34;22m      0.00[0m[34;22m      0.00[0m[34;1m     61.56[0m
13:51:33   [32;22m     all[0m[34;1m     17.37[0m[34;22m      0.00[0m[34;1m     23.81[0m[34;22m      0.00[0m[34;22m      0.00[0m[34;1m     58.82[0m
13:51:34   [32;22m     all[0m[34;1m     15.30[0m[34;22m      0.00[0m[34;1m     23.23[0m[34;22m      0.00[0m[34;22m      0.00[0m[34;1m     61.47[0m
13:51:35   [32;22m     all[0m[34;1m     14.66[0m[34;22m      0.00[0m[34;1m     26.72[0m[34;22m      0.00[0m[34;22m      0.00[0m[34;1m     58.62[0m
13:51:36   [32;22m     all[0m[34;1m     17.05[0m[34;22m      0.00[0m[34;1m     26.70[0m[34;22m      0.00[0m[34;22m      0.00[0m[34;1m     56.25[0m
13:51:37   [32;22m     all[0m[34;1m     16.34[0m[34;22m      0.00[0m[34;1m     23.27[0m[34;22m      0.00[0m[34;22m      0.00[0m[34;1m     60.39[0m
13:51:38   [32;22m     all[0m[34;1m     17.14[0m[34;22m      0.00[0m[34;1m     25.14[0m[34;22m      0.00[0m[34;22m      0.00[0m[34;1m     57.71[0m
13:51:39   [32;22m     all[0m[34;1m     15.58[0m[34;22m      0.00[0m[34;1m     24.36[0m[34;22m      0.00[0m[34;22m      0.00[0m[34;1m     60.06[0m
13:51:40   [32;22m     all[0m[34;1m     15.88[0m[34;22m      0.00[0m[34;1m     23.12[0m[34;22m      0.00[0m[34;22m      0.00[0m[34;1m     61.00[0m
13:51:41   [32;22m     all[0m[34;1m     16.29[0m[34;22m      0.00[0m[34;1m     27.25[0m[34;22m      0.00[0m[34;22m      0.00[0m[34;1m     56.46[0m
13:51:42   [32;22m     all[0m[34;1m     14.81[0m[34;22m      0.00[0m[34;1m     21.94[0m[34;22m      0.00[0m[34;22m      0.00[0m[34;1m     63.25[0m
13:51:43   [32;22m     all[0m[34;1m     16.91[0m[34;22m      0.00[0m[34;1m     25.79[0m[34;22m      0.00[0m[34;22m      0.00[0m[34;1m     57.31[0m
13:51:44   [32;22m     all[0m[34;1m     15.77[0m[34;22m      0.00[0m[34;1m     22.82[0m[34;1m      0.28[0m[34;22m      0.00[0m[34;1m     61.13[0m
13:51:45   [32;22m     all[0m[34;1m     15.82[0m[34;22m      0.00[0m[34;1m     25.71[0m[34;22m      0.00[0m[34;22m      0.00[0m[34;1m     58.47[0m
13:51:46   [32;22m     all[0m[34;1m     16.95[0m[34;22m      0.00[0m[34;1m     25.99[0m[34;22m      0.00[0m[34;22m      0.00[0m[34;1m     57.06[0m
13:51:47   [32;22m     all[0m[34;1m     16.15[0m[34;22m      0.00[0m[34;1m     24.65[0m[34;22m      0.00[0m[34;22m      0.00[0m[34;1m     59.21[0m
13:51:48   [32;22m     all[0m[34;1m     18.31[0m[34;22m      0.00[0m[34;1m     29.58[0m[34;22m      0.00[0m[34;22m      0.00[0m[34;1m     52.11[0m
13:51:49   [32;22m     all[0m[34;1m     15.21[0m[34;22m      0.00[0m[34;1m     23.38[0m[34;22m      0.00[0m[34;22m      0.00[0m[34;1m     61.41[0m
13:51:50   [32;22m     all[0m[34;1m     15.83[0m[34;22m      0.00[0m[34;1m     26.11[0m[34;22m      0.00[0m[34;22m      0.00[0m[34;1m     58.06[0m
13:51:51   [32;22m     all[0m[34;1m     16.62[0m[34;22m      0.00[0m[34;1m     26.07[0m[34;22m      0.00[0m[34;22m      0.00[0m[34;1m     57.31[0m
13:51:52   [32;22m     all[0m[34;1m     16.10[0m[34;22m      0.00[0m[34;1m     27.40[0m[34;22m      0.00[0m[34;22m      0.00[0m[34;1m     56.50[0m
13:51:53   [32;22m     all[0m[34;1m     17.75[0m[34;22m      0.00[0m[34;1m     26.48[0m[34;22m      0.00[0m[34;22m      0.00[0m[34;1m     55.77[0m
13:51:54   [32;22m     all[0m[34;1m     15.97[0m[34;22m      0.00[0m[34;1m     27.73[0m[34;22m      0.00[0m[34;22m      0.00[0m[34;1m     56.30[0m
13:51:55   [32;22m     all[0m[34;1m     15.21[0m[34;22m      0.00[0m[34;1m     24.23[0m[34;22m      0.00[0m[34;22m      0.00[0m[34;1m     60.56[0m
13:51:56   [32;22m     all[0m[34;1m     16.34[0m[34;22m      0.00[0m[34;1m     25.35[0m[34;22m      0.00[0m[34;22m      0.00[0m[34;1m     58.31[0m
13:51:57   [32;22m     all[0m[34;1m     17.58[0m[34;22m      0.00[0m[34;1m     25.07[0m[34;22m      0.00[0m[34;22m      0.00[0m[34;1m     57.35[0m
13:51:58   [32;22m     all[0m[34;1m     17.53[0m[34;22m      0.00[0m[34;1m     25.57[0m[34;22m      0.00[0m[34;22m      0.00[0m[34;1m     56.90[0m
13:51:59   [32;22m     all[0m[34;1m     13.97[0m[34;22m      0.00[0m[34;1m     24.02[0m[34;22m      0.00[0m[34;22m      0.00[0m[34;1m     62.01[0m
13:52:00   [32;22m     all[0m[34;1m     14.69[0m[34;22m      0.00[0m[34;1m     23.73[0m[34;22m      0.00[0m[34;22m      0.00[0m[34;1m     61.58[0m
13:52:01   [32;22m     all[0m[34;1m     18.31[0m[34;22m      0.00[0m[34;1m     28.17[0m[34;22m      0.00[0m[34;22m      0.00[0m[34;1m     53.52[0m
13:52:02   [32;22m     all[0m[34;1m     15.91[0m[34;22m      0.00[0m[34;1m     25.57[0m[34;22m      0.00[0m[34;22m      0.00[0m[34;1m     58.52[0m
13:52:03   [32;22m     all[0m[34;1m     16.05[0m[34;22m      0.00[0m[34;1m     28.08[0m[34;22m      0.00[0m[34;22m      0.00[0m[34;1m     55.87[0m
13:52:04   [32;22m     all[0m[34;1m     14.01[0m[34;22m      0.00[0m[34;1m     21.85[0m[34;22m      0.00[0m[34;22m      0.00[0m[34;1m     64.15[0m
13:52:05   [32;22m     all[0m[34;1m     15.58[0m[34;22m      0.00[0m[34;1m     25.50[0m[34;22m      0.00[0m[34;22m      0.00[0m[34;1m     58.92[0m
13:52:06   [32;22m     all[0m[34;1m     15.41[0m[34;22m      0.00[0m[34;1m     24.37[0m[34;22m      0.00[0m[34;22m      0.00[0m[34;1m     60.22[0m
13:52:07   [32;22m     all[0m[34;1m     16.43[0m[34;22m      0.00[0m[34;1m     26.06[0m[34;22m      0.00[0m[34;22m      0.00[0m[34;1m     57.51[0m
13:52:08   [32;22m     all[0m[34;1m     16.01[0m[34;22m      0.00[0m[34;1m     23.88[0m[34;22m      0.00[0m[34;22m      0.00[0m[34;1m     60.11[0m
13:52:09   [32;22m     all[0m[34;1m     14.41[0m[34;22m      0.00[0m[34;1m     22.88[0m[34;22m      0.00[0m[34;22m      0.00[0m[34;1m     62.71[0m
13:52:10   [32;22m     all[0m[34;1m     16.43[0m[34;22m      0.00[0m[34;1m     27.20[0m[34;22m      0.00[0m[34;22m      0.00[0m[34;1m     56.37[0m
13:52:11   [32;22m     all[0m[34;1m     15.08[0m[34;22m      0.00[0m[34;1m     24.86[0m[34;22m      0.00[0m[34;22m      0.00[0m[34;1m     60.06[0m
13:52:12   [32;22m     all[0m[34;1m     17.51[0m[34;22m      0.00[0m[34;1m     25.71[0m[34;22m      0.00[0m[34;22m      0.00[0m[34;1m     56.78[0m
13:52:13   [32;22m     all[0m[34;1m     17.14[0m[34;22m      0.00[0m[34;1m     24.57[0m[34;22m      0.00[0m[34;22m      0.00[0m[34;1m     58.29[0m
13:52:14   [32;22m     all[0m[34;1m     16.06[0m[34;22m      0.00[0m[34;1m     25.35[0m[34;22m      0.00[0m[34;22m      0.00[0m[34;1m     58.59[0m
13:52:15   [32;22m     all[0m[34;1m     14.49[0m[34;22m      0.00[0m[34;1m     24.15[0m[34;22m      0.00[0m[34;22m      0.00[0m[34;1m     61.36[0m
13:52:16   [32;22m     all[0m[34;1m     15.86[0m[34;22m      0.00[0m[34;1m     25.50[0m[34;22m      0.00[0m[34;22m      0.00[0m[34;1m     58.64[0m
13:52:17   [32;22m     all[0m[34;1m     14.69[0m[34;22m      0.00[0m[34;1m     24.58[0m[34;22m      0.00[0m[34;22m      0.00[0m[34;1m     60.73[0m
13:52:18   [32;22m     all[0m[34;1m     17.56[0m[34;22m      0.00[0m[34;1m     26.91[0m[34;22m      0.00[0m[34;22m      0.00[0m[34;1m     55.52[0m
13:52:19   [32;22m     all[0m[34;1m     13.92[0m[34;22m      0.00[0m[34;1m     23.01[0m[34;22m      0.00[0m[34;22m      0.00[0m[34;1m     63.07[0m
13:52:20   [32;22m     all[0m[34;1m     15.56[0m[34;22m      0.00[0m[34;1m     25.56[0m[34;22m      0.00[0m[34;22m      0.00[0m[34;1m     58.89[0m
13:52:21   [32;22m     all[0m[34;1m     16.57[0m[34;22m      0.00[0m[34;1m     29.43[0m[34;22m      0.00[0m[34;22m      0.00[0m[34;1m     54.00[0m
13:52:22   [32;22m     all[0m[34;1m     16.25[0m[34;22m      0.00[0m[34;1m     24.65[0m[34;22m      0.00[0m[34;22m      0.00[0m[34;1m     59.10[0m
13:52:23   [32;22m     all[0m[34;1m     15.01[0m[34;22m      0.00[0m[34;1m     23.80[0m[34;22m      0.00[0m[34;22m      0.00[0m[34;1m     61.19[0m
13:52:24   [32;22m     all[0m[34;1m     17.95[0m[34;22m      0.00[0m[34;1m     27.64[0m[34;22m      0.00[0m[34;22m      0.00[0m[34;1m     54.42[0m
13:52:25   [32;22m     all[0m[34;1m     17.09[0m[34;22m      0.00[0m[34;1m     28.77[0m[34;22m      0.00[0m[34;22m      0.00[0m[34;1m     54.13[0m
13:52:26   [32;22m     all[0m[34;1m     16.01[0m[34;22m      0.00[0m[34;1m     25.00[0m[34;22m      0.00[0m[34;22m      0.00[0m[34;1m     58.99[0m
13:52:27   [32;22m     all[0m[34;1m     22.10[0m[34;22m      0.00[0m[34;1m     28.33[0m[34;22m      0.00[0m[34;22m      0.00[0m[34;1m     49.58[0m
13:52:28   [32;22m     all[0m[34;1m     16.90[0m[34;22m      0.00[0m[34;1m     24.51[0m[34;22m      0.00[0m[34;22m      0.00[0m[34;1m     58.59[0m
13:52:29   [32;22m     all[0m[34;1m     14.04[0m[34;22m      0.00[0m[34;1m     22.47[0m[34;22m      0.00[0m[34;22m      0.00[0m[34;1m     63.48[0m
13:52:30   [32;22m     all[0m[34;1m     13.93[0m[34;22m      0.00[0m[34;1m     22.01[0m[34;22m      0.00[0m[34;22m      0.00[0m[34;1m     64.07[0m
13:52:31   [32;22m     all[0m[34;1m     14.29[0m[34;22m      0.00[0m[34;1m     23.25[0m[34;22m      0.00[0m[34;22m      0.00[0m[34;1m     62.46[0m
13:52:32   [32;22m     all[0m[34;1m     14.53[0m[34;22m      0.00[0m[34;1m     22.07[0m[34;22m      0.00[0m[34;22m      0.00[0m[34;1m     63.41[0m
13:52:33   [32;22m     all[0m[34;1m     14.25[0m[34;22m      0.00[0m[34;1m     22.63[0m[34;22m      0.00[0m[34;22m      0.00[0m[34;1m     63.13[0m
13:52:34   [32;22m     all[0m[34;1m     14.85[0m[34;22m      0.00[0m[34;1m     22.97[0m[34;22m      0.00[0m[34;22m      0.00[0m[34;1m     62.18[0m
13:52:35   [32;22m     all[0m[34;1m     13.57[0m[34;22m      0.00[0m[34;1m     19.94[0m[34;22m      0.00[0m[34;22m      0.00[0m[34;1m     66.48[0m
13:52:36   [32;22m     all[0m[34;1m     11.63[0m[34;22m      0.00[0m[34;1m     18.28[0m[34;22m      0.00[0m[34;22m      0.00[0m[34;1m     70.08[0m
