Linux 6.6.95 (minikube) 	04/17/26 	_x86_64_	(4 CPU)

13:31:27    kbmemfree   kbavail kbmemused  %memused kbbuffers  kbcached  kbcommit   %commit  kbactive   kbinact   kbdirty
13:31:28   [34;1m   1409100[0m[34;1m   1648192[0m[34;1m   1074032[0m[34;1m     26.84[0m[34;1m      9240[0m[34;1m   1403648[0m[34;1m   6083212[0m[31;1m    152.03[0m[34;1m    605240[0m[34;1m   1712384[0m[34;1m       376[0m
13:31:29   [34;1m   1346744[0m[34;1m   1586100[0m[34;1m   1134552[0m[34;1m     28.35[0m[34;1m      9252[0m[34;1m   1403852[0m[34;1m   6164260[0m[31;1m    154.05[0m[34;1m    605520[0m[34;1m   1759524[0m[34;1m       588[0m
13:31:30   [34;1m   1290316[0m[34;1m   1530040[0m[34;1m   1188668[0m[34;1m     29.71[0m[34;1m      9252[0m[34;1m   1404180[0m[34;1m   6245308[0m[31;1m    156.08[0m[34;1m    605792[0m[34;1m   1815012[0m[34;1m       832[0m
13:31:31   [34;1m   1225256[0m[34;1m   1465480[0m[34;1m   1250756[0m[34;1m     31.26[0m[34;1m      9252[0m[34;1m   1404456[0m[34;1m   6331076[0m[31;1m    158.22[0m[34;1m    606052[0m[34;1m   1869272[0m[34;1m      1108[0m
13:31:32   [34;1m   1162692[0m[34;1m   1403320[0m[34;1m   1309556[0m[34;1m     32.73[0m[34;1m      9260[0m[34;1m   1404748[0m[34;1m   6412124[0m[31;1m    160.25[0m[34;1m    606320[0m[34;1m   1921308[0m[34;1m      1404[0m
13:31:33   [34;1m   1091560[0m[34;1m   1332820[0m[34;1m   1376688[0m[34;1m     34.41[0m[34;1m      9260[0m[34;1m   1405284[0m[34;1m   6493172[0m[31;1m    162.27[0m[34;1m    606592[0m[34;1m   1980932[0m[34;1m      1864[0m
13:31:34   [34;1m   1022400[0m[34;1m   1264292[0m[34;1m   1441676[0m[34;1m     36.03[0m[34;1m      9260[0m[34;1m   1405784[0m[34;1m   6574220[0m[31;1m    164.30[0m[34;1m    606852[0m[34;1m   2037516[0m[34;1m      2352[0m
13:31:35   [34;1m    956384[0m[34;1m   1198840[0m[34;1m   1503464[0m[34;1m     37.57[0m[34;1m      9260[0m[34;1m   1406256[0m[34;1m   6650548[0m[31;1m    166.21[0m[34;1m    607120[0m[34;1m   2091092[0m[34;1m      2824[0m
13:31:36   [34;1m    887272[0m[34;1m   1130444[0m[34;1m   1567124[0m[34;1m     39.16[0m[34;1m      9268[0m[34;1m   1406860[0m[34;1m   6731596[0m[31;1m    168.23[0m[34;1m    607376[0m[34;1m   2146732[0m[34;1m      3308[0m
13:31:37   [34;1m    812816[0m[34;1m   1056712[0m[34;1m   1635964[0m[34;1m     40.88[0m[34;1m      9268[0m[34;1m   1407464[0m[34;1m   6812644[0m[31;1m    170.26[0m[34;1m    607668[0m[34;1m   2205696[0m[34;1m      3900[0m
13:31:38   [34;1m    739028[0m[34;1m    983948[0m[34;1m   1703992[0m[34;1m     42.58[0m[34;1m      9268[0m[34;1m   1408372[0m[34;1m   6893692[0m[31;1m    172.28[0m[34;1m    607924[0m[34;1m   2266788[0m[34;1m      4552[0m
13:31:39   [34;1m    667520[0m[34;1m    913280[0m[34;1m   1769840[0m[34;1m     44.23[0m[34;1m      9268[0m[34;1m   1409068[0m[34;1m   6974740[0m[31;1m    174.31[0m[34;1m    608140[0m[34;1m   2324320[0m[34;1m      5248[0m
13:31:40   [34;1m    599708[0m[34;1m    846724[0m[34;1m   1831488[0m[34;1m     45.77[0m[34;1m      9268[0m[34;1m   1410048[0m[34;1m   7055916[0m[31;1m    176.34[0m[34;1m    608448[0m[34;1m   2379620[0m[34;1m      6016[0m
13:31:41   [34;1m    528664[0m[34;1m    776880[0m[34;1m   1896020[0m[34;1m     47.38[0m[34;1m      9276[0m[34;1m   1411016[0m[34;1m   7136836[0m[31;1m    178.36[0m[34;1m    608664[0m[34;1m   2435128[0m[34;1m      6828[0m
13:31:42   [34;1m    460556[0m[34;1m    709884[0m[34;1m   1958184[0m[34;1m     48.94[0m[34;1m      9276[0m[34;1m   1411696[0m[34;1m   7218012[0m[31;1m    180.39[0m[34;1m    608992[0m[34;1m   2489452[0m[34;1m      7600[0m
13:31:43   [34;1m    388972[0m[34;1m    639372[0m[34;1m   2022576[0m[34;1m     50.55[0m[34;1m      9276[0m[34;1m   1412596[0m[34;1m   7298932[0m[31;1m    182.41[0m[34;1m    609216[0m[34;1m   2545732[0m[34;1m      8500[0m
13:31:44   [34;1m    314848[0m[34;1m    566260[0m[34;1m   2088356[0m[34;1m     52.19[0m[34;1m      9284[0m[34;1m   1413624[0m[34;1m   7379980[0m[31;1m    184.43[0m[34;1m    609460[0m[34;1m   2603752[0m[34;1m      9532[0m
13:31:45   [34;1m    239284[0m[34;1m    492028[0m[34;1m   2156052[0m[34;1m     53.88[0m[34;1m      9292[0m[34;1m   1414552[0m[34;1m   7461028[0m[31;1m    186.46[0m[34;1m    609764[0m[34;1m   2659536[0m[34;1m     10448[0m
13:31:46   [34;1m    166956[0m[34;1m    421084[0m[34;1m   2220056[0m[34;1m     55.48[0m[34;1m      9292[0m[34;1m   1415644[0m[34;1m   7542268[0m[31;1m    188.49[0m[34;1m    610048[0m[34;1m   2718812[0m[34;1m      3036[0m
13:31:47   [34;1m    117764[0m[34;1m    348072[0m[34;1m   2288096[0m[34;1m     57.18[0m[34;1m      9116[0m[34;1m   1389768[0m[34;1m   7623188[0m[31;1m    190.51[0m[34;1m    673332[0m[34;1m   2697800[0m[34;1m      4100[0m
13:31:48   [34;1m    118944[0m[34;1m    276784[0m[34;1m   2352372[0m[34;1m     58.79[0m[34;1m      8524[0m[34;1m   1317924[0m[34;1m   7704236[0m[31;1m    192.54[0m[34;1m    726308[0m[34;1m   2628116[0m[34;1m      1232[0m
13:31:49   [34;1m    122712[0m[34;1m    209412[0m[34;1m   2412236[0m[34;1m     60.28[0m[34;1m      6700[0m[34;1m   1248320[0m[34;1m   7785348[0m[31;1m    194.57[0m[34;1m    710984[0m[34;1m   2624332[0m[34;1m      2492[0m
13:31:50   [34;1m    129848[0m[34;1m    136732[0m[34;1m   2477476[0m[34;1m     61.92[0m[34;1m      5152[0m[34;1m   1169972[0m[34;1m   7866396[0m[31;1m    196.59[0m[34;1m    658812[0m[34;1m   2652956[0m[34;1m      1080[0m
13:31:51   [34;1m    116904[0m[34;1m     83856[0m[34;1m   2540304[0m[34;1m     63.49[0m[34;1m      4220[0m[34;1m   1113680[0m[34;1m   7952420[0m[31;1m    198.74[0m[34;1m    622924[0m[34;1m   2685464[0m[34;1m      2320[0m
13:31:52   [34;1m    133384[0m[34;1m     57512[0m[34;1m   2602176[0m[34;1m     65.03[0m[34;1m      2344[0m[34;1m   1030240[0m[34;1m   8033532[0m[31;1m    200.77[0m[34;1m    593324[0m[34;1m   2684580[0m[34;1m        96[0m
13:31:53   [34;1m    102112[0m[34;1m      6424[0m[34;1m   2665164[0m[34;1m     66.61[0m[34;1m      2336[0m[34;1m    990780[0m[34;1m   8115092[0m[31;1m    202.81[0m[34;1m    585608[0m[34;1m   2710272[0m[34;1m       196[0m
13:31:54   [34;1m     95348[0m[34;1m      2180[0m[34;1m   2666812[0m[34;1m     66.65[0m[34;1m      2336[0m[34;1m    995536[0m[34;1m   8115092[0m[31;1m    202.81[0m[34;1m    581068[0m[34;1m   2720220[0m[34;22m         0[0m
13:31:55   [34;1m    105676[0m[34;1m      8348[0m[34;1m   2664492[0m[34;1m     66.59[0m[34;1m      2356[0m[34;1m    987252[0m[34;1m   8110372[0m[31;1m    202.69[0m[34;1m    579584[0m[34;1m   2712280[0m[34;22m         0[0m
13:31:56   [34;1m     92952[0m[34;1m      1900[0m[34;1m   2664684[0m[34;1m     66.59[0m[34;1m      2316[0m[34;1m    999860[0m[34;1m   8110372[0m[31;1m    202.69[0m[34;1m    587440[0m[34;1m   2717192[0m[34;22m         0[0m
13:31:57   [34;1m    101576[0m[34;1m      5316[0m[34;1m   2666464[0m[34;1m     66.64[0m[34;1m      2368[0m[34;1m    989404[0m[34;1m   8110628[0m[31;1m    202.69[0m[34;1m    579780[0m[34;1m   2714524[0m[34;1m         4[0m
13:31:58   [34;1m     93292[0m[34;1m      1932[0m[34;1m   2665012[0m[34;1m     66.60[0m[34;1m      2344[0m[34;1m    999168[0m[34;1m   8110628[0m[31;1m    202.69[0m[34;1m    593468[0m[34;1m   2710936[0m[34;22m         0[0m
13:31:59   [34;1m    105340[0m[34;1m      6664[0m[34;1m   2667264[0m[34;1m     66.66[0m[34;1m      2368[0m[34;1m    984704[0m[34;1m   8151780[0m[31;1m    203.72[0m[34;1m    578724[0m[34;1m   2711444[0m[34;22m         0[0m
13:32:00   [34;1m    100720[0m[34;1m      5112[0m[34;1m   2666120[0m[34;1m     66.63[0m[34;1m      2436[0m[34;1m    990644[0m[34;1m   8110628[0m[31;1m    202.69[0m[34;1m    580012[0m[34;1m   2716036[0m[34;22m         0[0m
13:32:01   [34;1m    101684[0m[34;1m      5316[0m[34;1m   2666528[0m[34;1m     66.64[0m[34;1m      2308[0m[34;1m    989380[0m[34;1m   8110628[0m[31;1m    202.69[0m[34;1m    579640[0m[34;1m   2715140[0m[34;22m         0[0m
13:32:02   [34;1m     94328[0m[34;1m      2008[0m[34;1m   2666176[0m[34;1m     66.63[0m[34;1m      2284[0m[34;1m    997128[0m[34;1m   8110628[0m[31;1m    202.69[0m[34;1m    582756[0m[34;1m   2720360[0m[34;22m         0[0m
13:32:03   [34;1m    102264[0m[34;1m      5500[0m[34;1m   2666668[0m[34;1m     66.64[0m[34;1m      2320[0m[34;1m    988608[0m[34;1m   8110628[0m[31;1m    202.69[0m[34;1m    579332[0m[34;1m   2715512[0m[34;22m         0[0m
13:32:04   [34;1m    102912[0m[34;1m      5612[0m[34;1m   2666984[0m[34;1m     66.65[0m[34;1m      2384[0m[34;1m    987432[0m[34;1m   8110628[0m[31;1m    202.69[0m[34;1m    579156[0m[34;1m   2714340[0m[34;22m         0[0m
13:32:05   [34;1m    103196[0m[34;1m      5568[0m[34;1m   2667604[0m[34;1m     66.67[0m[34;1m      2340[0m[34;1m    986576[0m[34;1m   8110628[0m[31;1m    202.69[0m[34;1m    579284[0m[34;1m   2713796[0m[34;1m         4[0m
13:32:06   [34;1m     91596[0m[34;1m         4[0m[34;1m   2667324[0m[34;1m     66.66[0m[34;1m      2324[0m[34;1m    998600[0m[34;1m   8110628[0m[31;1m    202.69[0m[34;1m    585380[0m[34;1m   2719988[0m[34;22m         0[0m
13:32:07   [34;1m    100268[0m[34;1m      4348[0m[34;1m   2667296[0m[34;1m     66.66[0m[34;1m      2272[0m[34;1m    989992[0m[34;1m   8110628[0m[31;1m    202.69[0m[34;1m    579672[0m[34;1m   2716964[0m[34;22m         0[0m
13:32:08   [34;1m    100160[0m[34;1m      4172[0m[34;1m   2667284[0m[34;1m     66.66[0m[34;1m      2396[0m[34;1m    989976[0m[34;1m   8110628[0m[31;1m    202.69[0m[34;1m    579252[0m[34;1m   2717316[0m[34;22m         0[0m
13:32:09   [34;1m     91852[0m[34;1m      1060[0m[34;1m   2665372[0m[34;1m     66.61[0m[34;1m      2296[0m[34;1m   1000304[0m[34;1m   8110628[0m[31;1m    202.69[0m[34;1m    583040[0m[34;1m   2723988[0m[34;1m         4[0m
13:32:10   [34;1m     90560[0m[34;22m         0[0m[34;1m   2680436[0m[34;1m     66.99[0m[34;1m      2312[0m[34;1m    984916[0m[34;1m   8129048[0m[31;1m    203.16[0m[34;1m    579436[0m[34;1m   2723900[0m[34;22m         0[0m
13:32:11   [34;1m     90016[0m[34;22m         0[0m[34;1m   2681464[0m[34;1m     67.01[0m[34;1m      2260[0m[34;1m    984220[0m[34;1m   8133768[0m[31;1m    203.27[0m[34;1m    578900[0m[34;1m   2725172[0m[34;22m         0[0m
13:32:12   [34;1m     90608[0m[34;22m         0[0m[34;1m   2680252[0m[34;1m     66.98[0m[34;1m      2264[0m[34;1m    984716[0m[34;1m   8133768[0m[31;1m    203.27[0m[34;1m    579100[0m[34;1m   2725508[0m[34;22m         0[0m
13:32:13   [34;1m     88640[0m[34;22m         0[0m[34;1m   2681948[0m[34;1m     67.03[0m[34;1m      2308[0m[34;1m    984976[0m[34;1m   8133768[0m[31;1m    203.27[0m[34;1m    579724[0m[34;1m   2725768[0m[34;22m         0[0m
13:32:14   [34;1m     90948[0m[34;22m         0[0m[34;1m   2680336[0m[34;1m     66.98[0m[34;1m      2320[0m[34;1m    984260[0m[34;1m   8133768[0m[31;1m    203.27[0m[34;1m    578036[0m[34;1m   2726244[0m[34;22m         0[0m
13:32:15   [34;1m     89708[0m[34;22m         0[0m[34;1m   2682408[0m[34;1m     67.04[0m[34;1m      2320[0m[34;1m    983408[0m[34;1m   8170196[0m[31;1m    204.18[0m[34;1m    577720[0m[34;1m   2725132[0m[34;22m         0[0m
13:32:16   [34;1m     89396[0m[34;22m         0[0m[34;1m   2680764[0m[34;1m     67.00[0m[34;1m      2320[0m[34;1m    985304[0m[34;1m   8129048[0m[31;1m    203.16[0m[34;1m    579032[0m[34;1m   2724684[0m[34;22m         0[0m
13:32:17   [34;1m     91164[0m[34;22m         0[0m[34;1m   2677676[0m[34;1m     66.92[0m[34;1m      2264[0m[34;1m    986752[0m[34;1m   8129048[0m[31;1m    203.16[0m[34;1m    579196[0m[34;1m   2725764[0m[34;22m         0[0m
13:32:18   [34;1m     91288[0m[34;22m         0[0m[34;1m   2678900[0m[34;1m     66.95[0m[34;1m      2368[0m[34;1m    985288[0m[34;1m   8129048[0m[31;1m    203.16[0m[34;1m    580232[0m[34;1m   2723468[0m[34;22m         0[0m
13:32:19   [34;1m     90608[0m[34;22m         0[0m[34;1m   2680572[0m[34;1m     66.99[0m[34;1m      2312[0m[34;1m    984304[0m[34;1m   8130276[0m[31;1m    203.19[0m[34;1m    578020[0m[34;1m   2725196[0m[34;22m         0[0m
13:32:20   [34;1m     90324[0m[34;22m         0[0m[34;1m   2680288[0m[34;1m     66.98[0m[34;1m      2312[0m[34;1m    984868[0m[34;1m   8130276[0m[31;1m    203.19[0m[34;1m    579504[0m[34;1m   2724388[0m[34;22m         0[0m
13:32:21   [34;1m     90088[0m[34;22m         0[0m[34;1m   2680568[0m[34;1m     66.99[0m[34;1m      2316[0m[34;1m    984788[0m[34;1m   8130276[0m[31;1m    203.19[0m[34;1m    579448[0m[34;1m   2724216[0m[34;22m         0[0m
13:32:22   [34;1m     91472[0m[34;22m         0[0m[34;1m   2680020[0m[34;1m     66.98[0m[34;1m      2316[0m[34;1m    983940[0m[34;1m   8130276[0m[31;1m    203.19[0m[34;1m    578600[0m[34;1m   2724480[0m[34;22m         0[0m
13:32:23   [34;1m     90244[0m[34;22m         0[0m[34;1m   2680528[0m[34;1m     66.99[0m[34;1m      2316[0m[34;1m    984660[0m[34;1m   8130276[0m[31;1m    203.19[0m[34;1m    578000[0m[34;1m   2725204[0m[34;22m         0[0m
13:32:24   [34;1m     91084[0m[34;22m         0[0m[34;1m   2679912[0m[34;1m     66.97[0m[34;1m      2312[0m[34;1m    984384[0m[34;1m   8130276[0m[31;1m    203.19[0m[34;1m    578136[0m[34;1m   2725028[0m[34;22m         0[0m
13:32:25   [34;1m     90680[0m[34;22m         0[0m[34;1m   2680164[0m[34;1m     66.98[0m[34;1m      2312[0m[34;1m    984516[0m[34;1m   8130276[0m[31;1m    203.19[0m[34;1m    578984[0m[34;1m   2724444[0m[34;22m         0[0m
13:32:26   [34;1m     89720[0m[34;22m         0[0m[34;1m   2680648[0m[34;1m     66.99[0m[34;1m      2372[0m[34;1m    984900[0m[34;1m   8169248[0m[31;1m    204.16[0m[34;1m    577616[0m[34;1m   2726392[0m[34;22m         0[0m
13:32:27   [34;1m    324696[0m[34;1m    308792[0m[34;1m   2300332[0m[34;1m     57.49[0m[34;1m      3208[0m[34;1m   1149452[0m[34;1m   7449364[0m[31;1m    186.17[0m[34;1m    601316[0m[34;1m   2511524[0m[34;1m         4[0m
13:32:28   [34;1m   1559072[0m[34;1m   1613808[0m[34;1m   1107256[0m[34;1m     27.67[0m[34;1m      4688[0m[34;1m   1221988[0m[34;1m   5454096[0m[31;1m    136.30[0m[34;1m    601412[0m[34;1m   1584284[0m[34;22m         0[0m
13:32:29   [34;1m   1490228[0m[34;1m   1593780[0m[34;1m   1124728[0m[34;1m     28.11[0m[34;1m      5300[0m[34;1m   1270436[0m[34;1m   5727076[0m[31;1m    143.13[0m[34;1m    605100[0m[34;1m   1648544[0m[34;1m       184[0m
13:32:30   [34;1m   1492820[0m[34;1m   1597200[0m[34;1m   1125736[0m[34;1m     28.13[0m[34;1m      5324[0m[34;1m   1271376[0m[34;1m   5727140[0m[31;1m    143.13[0m[34;1m    605304[0m[34;1m   1649780[0m[34;1m       228[0m
13:32:31   [34;1m   1488380[0m[34;1m   1593244[0m[34;1m   1126920[0m[34;1m     28.16[0m[34;1m      5352[0m[34;1m   1271532[0m[34;1m   5731860[0m[31;1m    143.25[0m[34;1m    605524[0m[34;1m   1651288[0m[34;1m       232[0m
13:32:32   [34;1m   1483444[0m[34;1m   1588612[0m[34;1m   1128296[0m[34;1m     28.20[0m[34;1m      5352[0m[34;1m   1271852[0m[34;1m   5731860[0m[31;1m    143.25[0m[34;1m    605548[0m[34;1m   1651744[0m[34;1m       232[0m
13:32:33   [34;1m   1489968[0m[34;1m   1595208[0m[34;1m   1128424[0m[34;1m     28.20[0m[34;1m      5396[0m[34;1m   1271864[0m[34;1m   5731860[0m[31;1m    143.25[0m[34;1m    605548[0m[34;1m   1651888[0m[34;1m       232[0m
13:32:34   [34;1m   1489628[0m[34;1m   1594912[0m[34;1m   1128724[0m[34;1m     28.21[0m[34;1m      5396[0m[34;1m   1271908[0m[34;1m   5727140[0m[31;1m    143.13[0m[34;1m    605596[0m[34;1m   1650412[0m[34;1m       232[0m
13:32:35   [34;1m   1489628[0m[34;1m   1595280[0m[34;1m   1128364[0m[34;1m     28.20[0m[34;1m      5396[0m[34;1m   1272300[0m[34;1m   5727140[0m[31;1m    143.13[0m[34;1m    605596[0m[34;1m   1648352[0m[34;1m       232[0m
13:32:36   [34;1m   1489532[0m[34;1m   1595304[0m[34;1m   1128324[0m[34;1m     28.20[0m[34;1m      5432[0m[34;1m   1272400[0m[34;1m   5727140[0m[31;1m    143.13[0m[34;1m    605596[0m[34;1m   1648472[0m[34;1m       236[0m
13:32:37   [34;1m   1488816[0m[34;1m   1594640[0m[34;1m   1128892[0m[34;1m     28.21[0m[34;1m      5432[0m[34;1m   1272428[0m[34;1m   5727140[0m[31;1m    143.13[0m[34;1m    605624[0m[34;1m   1648500[0m[34;1m       236[0m
13:32:38   [34;1m   1488604[0m[34;1m   1594692[0m[34;1m   1129028[0m[34;1m     28.22[0m[34;1m      5440[0m[34;1m   1272668[0m[34;1m   5727396[0m[31;1m    143.13[0m[34;1m    605708[0m[34;1m   1649180[0m[34;1m       236[0m
13:32:39   [34;1m   1488604[0m[34;1m   1594720[0m[34;1m   1129000[0m[34;1m     28.22[0m[34;1m      5440[0m[34;1m   1272696[0m[34;1m   5727396[0m[31;1m    143.13[0m[34;1m    605732[0m[34;1m   1649468[0m[34;1m        88[0m
13:32:40   [34;1m   1846864[0m[34;1m   1953404[0m[34;1m    778380[0m[34;1m     19.45[0m[34;1m      5440[0m[34;1m   1278968[0m[34;1m   5319076[0m[31;1m    132.93[0m[34;1m    608992[0m[34;1m   1381400[0m[34;22m         0[0m
13:32:41   [34;1m   1846912[0m[34;1m   1953536[0m[34;1m    778172[0m[34;1m     19.45[0m[34;1m      5440[0m[34;1m   1279224[0m[34;1m   5319076[0m[31;1m    132.93[0m[34;1m    609068[0m[34;1m   1381356[0m[34;22m         0[0m
13:32:42   [34;1m   1843040[0m[34;1m   1950044[0m[34;1m    781604[0m[34;1m     19.53[0m[34;1m      5448[0m[34;1m   1279512[0m[34;1m   5371452[0m[31;1m    134.24[0m[34;1m    609080[0m[34;1m   1391540[0m[34;1m         4[0m
13:32:43   [34;1m   1841908[0m[34;1m   1949032[0m[34;1m    782700[0m[34;1m     19.56[0m[34;1m      5476[0m[34;1m   1279516[0m[34;1m   5371452[0m[31;1m    134.24[0m[34;1m    609124[0m[34;1m   1392460[0m[34;1m        52[0m
13:32:44   [34;1m   1841560[0m[34;1m   1948720[0m[34;1m    782856[0m[34;1m     19.56[0m[34;1m      5476[0m[34;1m   1279692[0m[34;1m   5371452[0m[31;1m    134.24[0m[34;1m    609144[0m[34;1m   1392656[0m[34;1m        52[0m
13:32:45   [34;1m   1840484[0m[34;1m   1947832[0m[34;1m    783896[0m[34;1m     19.59[0m[34;1m      5476[0m[34;1m   1279716[0m[34;1m   5371452[0m[31;1m    134.24[0m[34;1m    609148[0m[34;1m   1393592[0m[34;1m        52[0m
13:32:46   [34;1m   1840360[0m[34;1m   1947708[0m[34;1m    784032[0m[34;1m     19.59[0m[34;1m      5476[0m[34;1m   1279716[0m[34;1m   5371452[0m[31;1m    134.24[0m[34;1m    609148[0m[34;1m   1393660[0m[34;1m        52[0m
13:32:47   [34;1m   1838376[0m[34;1m   1945724[0m[34;1m    786016[0m[34;1m     19.64[0m[34;1m      5484[0m[34;1m   1279708[0m[34;1m   5371452[0m[31;1m    134.24[0m[34;1m    609152[0m[34;1m   1394148[0m[34;1m        52[0m
13:32:48   [34;1m   1835952[0m[34;1m   1943804[0m[34;1m    788076[0m[34;1m     19.70[0m[34;1m      6048[0m[34;1m   1279488[0m[34;1m   5371452[0m[31;1m    134.24[0m[34;1m    609488[0m[34;1m   1396636[0m[34;1m        12[0m
13:32:49   [34;1m   1835680[0m[34;1m   1943956[0m[34;1m    787876[0m[34;1m     19.69[0m[34;1m      6056[0m[34;1m   1280016[0m[34;1m   5375548[0m[31;1m    134.34[0m[34;1m    609748[0m[34;1m   1397204[0m[34;1m        12[0m
13:32:50   [34;1m   1835556[0m[34;1m   1943912[0m[34;1m    787876[0m[34;1m     19.69[0m[34;1m      6060[0m[34;1m   1280140[0m[34;1m   5375548[0m[31;1m    134.34[0m[34;1m    609756[0m[34;1m   1397288[0m[34;1m        12[0m
13:32:51   [34;1m   1833848[0m[34;1m   1942204[0m[34;1m    789580[0m[34;1m     19.73[0m[34;1m      6080[0m[34;1m   1280124[0m[34;1m   5380268[0m[31;1m    134.46[0m[34;1m    609772[0m[34;1m   1398732[0m[34;1m        12[0m
13:32:52   [34;1m   1832312[0m[34;1m   1940716[0m[34;1m    791044[0m[34;1m     19.77[0m[34;1m      6080[0m[34;1m   1280152[0m[34;1m   5380268[0m[31;1m    134.46[0m[34;1m    609804[0m[34;1m   1398836[0m[34;1m        12[0m
13:32:53   [34;1m   1832312[0m[34;1m   1940716[0m[34;1m    791060[0m[34;1m     19.77[0m[34;1m      6088[0m[34;1m   1280144[0m[34;1m   5380268[0m[31;1m    134.46[0m[34;1m    609800[0m[34;1m   1398968[0m[34;1m        12[0m
13:32:54   [34;1m   1831320[0m[34;1m   1941168[0m[34;1m    790444[0m[34;1m     19.75[0m[34;1m      6088[0m[34;1m   1281776[0m[34;1m   5375548[0m[31;1m    134.34[0m[34;1m    610008[0m[34;1m   1398752[0m[34;1m        16[0m
13:32:55   [34;1m   1831112[0m[34;1m   1941108[0m[34;1m    790656[0m[34;1m     19.76[0m[34;1m      6088[0m[34;1m   1281776[0m[34;1m   5375548[0m[31;1m    134.34[0m[34;1m    610024[0m[34;1m   1398848[0m[34;1m        16[0m
13:32:56   [34;1m   1831112[0m[34;1m   1941144[0m[34;1m    790656[0m[34;1m     19.76[0m[34;1m      6088[0m[34;1m   1281776[0m[34;1m   5375548[0m[31;1m    134.34[0m[34;1m    610024[0m[34;1m   1398968[0m[34;1m        16[0m
13:32:57   [34;1m   1810060[0m[34;1m   1931044[0m[34;1m    800460[0m[34;1m     20.00[0m[34;1m      6300[0m[34;1m   1292812[0m[34;1m   5522616[0m[31;1m    138.02[0m[34;1m    610172[0m[34;1m   1418356[0m[34;1m       164[0m
13:32:58   [34;1m   1809636[0m[34;1m   1931376[0m[34;1m    800316[0m[34;1m     20.00[0m[34;1m      6300[0m[34;1m   1293284[0m[34;1m   5522616[0m[31;1m    138.02[0m[34;1m    610380[0m[34;1m   1419760[0m[34;1m       176[0m
13:32:59   [34;1m   1806328[0m[34;1m   1930432[0m[34;1m    801196[0m[34;1m     20.02[0m[34;1m      6320[0m[34;1m   1295688[0m[34;1m   5522616[0m[31;1m    138.02[0m[34;1m    610624[0m[34;1m   1421200[0m[34;1m       176[0m
13:33:00   [34;1m   1804596[0m[34;1m   1930136[0m[34;1m    801496[0m[34;1m     20.03[0m[34;1m      6328[0m[34;1m   1297112[0m[34;1m   5522616[0m[31;1m    138.02[0m[34;1m    610652[0m[34;1m   1422576[0m[34;1m       176[0m
13:33:01   [34;1m   1804344[0m[34;1m   1929952[0m[34;1m    801664[0m[34;1m     20.03[0m[34;1m      6328[0m[34;1m   1297204[0m[34;1m   5522616[0m[31;1m    138.02[0m[34;1m    610652[0m[34;1m   1422648[0m[34;1m       176[0m
13:33:02   [34;1m   1802104[0m[34;1m   1927780[0m[34;1m    803904[0m[34;1m     20.09[0m[34;1m      6328[0m[34;1m   1297204[0m[34;1m   5522616[0m[31;1m    138.02[0m[34;1m    610660[0m[34;1m   1422896[0m[34;1m       176[0m
13:33:03   [34;1m   1801612[0m[34;1m   1927300[0m[34;1m    804396[0m[34;1m     20.10[0m[34;1m      6336[0m[34;1m   1297196[0m[34;1m   5522616[0m[31;1m    138.02[0m[34;1m    610656[0m[34;1m   1423116[0m[34;1m       176[0m
13:33:04   [34;1m   1800884[0m[34;1m   1926876[0m[34;1m    804820[0m[34;1m     20.11[0m[34;1m      6364[0m[34;1m   1297472[0m[34;1m   5522616[0m[31;1m    138.02[0m[34;1m    610664[0m[34;1m   1423344[0m[34;1m       176[0m
13:33:05   [34;1m   1800884[0m[34;1m   1927052[0m[34;1m    804628[0m[34;1m     20.11[0m[34;1m      6364[0m[34;1m   1297664[0m[34;1m   5522616[0m[31;1m    138.02[0m[34;1m    610692[0m[34;1m   1423736[0m[34;1m       176[0m
13:33:06   [34;1m   1800632[0m[34;1m   1926800[0m[34;1m    804880[0m[34;1m     20.11[0m[34;1m      6364[0m[34;1m   1297664[0m[34;1m   5522616[0m[31;1m    138.02[0m[34;1m    610692[0m[34;1m   1423764[0m[34;1m       176[0m
13:33:07   [34;1m   1797648[0m[34;1m   1924128[0m[34;1m    807552[0m[34;1m     20.18[0m[34;1m      6368[0m[34;1m   1297972[0m[34;1m   5522616[0m[31;1m    138.02[0m[34;1m    610692[0m[34;1m   1424116[0m[34;1m       176[0m
13:33:08   [34;1m   1797396[0m[34;1m   1924020[0m[34;1m    807676[0m[34;1m     20.18[0m[34;1m      6376[0m[34;1m   1298092[0m[34;1m   5522616[0m[31;1m    138.02[0m[34;1m    610696[0m[34;1m   1424112[0m[34;1m       176[0m
13:33:09   [34;1m   1797172[0m[34;1m   1923824[0m[34;1m    807872[0m[34;1m     20.19[0m[34;1m      6376[0m[34;1m   1298124[0m[34;1m   5522616[0m[31;1m    138.02[0m[34;1m    610704[0m[34;1m   1424356[0m[34;1m       176[0m
13:33:10   [34;1m   1797172[0m[34;1m   1923824[0m[34;1m    807876[0m[34;1m     20.19[0m[34;1m      6376[0m[34;1m   1298124[0m[34;1m   5522616[0m[31;1m    138.02[0m[34;1m    610704[0m[34;1m   1424260[0m[34;1m       176[0m
13:33:11   [34;1m   1796672[0m[34;1m   1923324[0m[34;1m    808368[0m[34;1m     20.20[0m[34;1m      6376[0m[34;1m   1298124[0m[34;1m   5527336[0m[31;1m    138.14[0m[34;1m    610704[0m[34;1m   1425776[0m[34;1m       176[0m
13:33:12   [34;1m   1795040[0m[34;1m   1921796[0m[34;1m    809868[0m[34;1m     20.24[0m[34;1m      6384[0m[34;1m   1298216[0m[34;1m   5527336[0m[31;1m    138.14[0m[34;1m    610708[0m[34;1m   1426072[0m[34;1m       180[0m
13:33:13   [34;1m   1790252[0m[34;1m   1921164[0m[34;1m    810352[0m[34;1m     20.25[0m[34;1m      6384[0m[34;1m   1302520[0m[34;1m   5527336[0m[31;1m    138.14[0m[34;1m    610712[0m[34;1m   1428992[0m[34;1m       180[0m
13:33:14   [34;1m   1790624[0m[34;1m   1921808[0m[34;1m    809844[0m[34;1m     20.24[0m[34;1m      6384[0m[34;1m   1302672[0m[34;1m   5522616[0m[31;1m    138.02[0m[34;1m    610736[0m[34;1m   1427596[0m[34;1m       180[0m
13:33:15   [34;1m   1790028[0m[34;1m   1921384[0m[34;1m    810268[0m[34;1m     20.25[0m[34;1m      6384[0m[34;1m   1302844[0m[34;1m   5523256[0m[31;1m    138.03[0m[34;1m    610736[0m[34;1m   1429548[0m[34;1m       180[0m
13:33:16   [34;1m   1790028[0m[34;1m   1921436[0m[34;1m    810248[0m[34;1m     20.25[0m[34;1m      6384[0m[34;1m   1302868[0m[34;1m   5523256[0m[31;1m    138.03[0m[34;1m    610736[0m[34;1m   1429628[0m[34;1m       180[0m
13:33:17   [34;1m   1780984[0m[34;1m   1920308[0m[34;1m    811336[0m[34;1m     20.28[0m[34;1m      6384[0m[34;1m   1310824[0m[34;1m   5523576[0m[31;1m    138.04[0m[34;1m    610804[0m[34;1m   1438356[0m[34;1m       180[0m
13:33:18   [34;1m   1780984[0m[34;1m   1920320[0m[34;1m    811336[0m[34;1m     20.28[0m[34;1m      6392[0m[34;1m   1310816[0m[34;1m   5523576[0m[31;1m    138.04[0m[34;1m    610816[0m[34;1m   1438284[0m[34;1m       180[0m
13:33:19   [34;1m   1780984[0m[34;1m   1920372[0m[34;1m    811328[0m[34;1m     20.28[0m[34;1m      6400[0m[34;1m   1310832[0m[34;1m   5523576[0m[31;1m    138.04[0m[34;1m    610832[0m[34;1m   1438728[0m[34;1m       180[0m
13:33:20   [34;1m   1780984[0m[34;1m   1920380[0m[34;1m    811320[0m[34;1m     20.28[0m[34;1m      6400[0m[34;1m   1310840[0m[34;1m   5523576[0m[31;1m    138.04[0m[34;1m    610832[0m[34;1m   1438748[0m[34;1m       184[0m
13:33:21   [34;1m   1780760[0m[34;1m   1920156[0m[34;1m    811544[0m[34;1m     20.28[0m[34;1m      6400[0m[34;1m   1310840[0m[34;1m   5523576[0m[31;1m    138.04[0m[34;1m    610832[0m[34;1m   1438684[0m[34;1m       184[0m
13:33:22   [34;1m   1780760[0m[34;1m   1920168[0m[34;1m    811532[0m[34;1m     20.28[0m[34;1m      6400[0m[34;1m   1310852[0m[34;1m   5523576[0m[31;1m    138.04[0m[34;1m    610828[0m[34;1m   1438752[0m[34;1m       184[0m
13:33:23   [34;1m   1780760[0m[34;1m   1920168[0m[34;1m    811532[0m[34;1m     20.28[0m[34;1m      6400[0m[34;1m   1310852[0m[34;1m   5523576[0m[31;1m    138.04[0m[34;1m    610832[0m[34;1m   1438860[0m[34;1m       184[0m
13:33:24   [34;1m   1780760[0m[34;1m   1920168[0m[34;1m    811532[0m[34;1m     20.28[0m[34;1m      6400[0m[34;1m   1310852[0m[34;1m   5523576[0m[31;1m    138.04[0m[34;1m    610832[0m[34;1m   1438712[0m[34;1m       184[0m
13:33:25   [34;1m   1780760[0m[34;1m   1920248[0m[34;1m    811452[0m[34;1m     20.28[0m[34;1m      6416[0m[34;1m   1310916[0m[34;1m   5523576[0m[31;1m    138.04[0m[34;1m    610836[0m[34;1m   1438664[0m[34;1m       184[0m
13:33:26   [34;1m   1780760[0m[34;1m   1920252[0m[34;1m    811436[0m[34;1m     20.28[0m[34;1m      6416[0m[34;1m   1310932[0m[34;1m   5523576[0m[31;1m    138.04[0m[34;1m    610836[0m[34;1m   1438668[0m[34;1m       184[0m
13:33:27   [34;1m   1780632[0m[34;1m   1920124[0m[34;1m    811556[0m[34;1m     20.28[0m[34;1m      6424[0m[34;1m   1310932[0m[34;1m   5523576[0m[31;1m    138.04[0m[34;1m    610836[0m[34;1m   1438520[0m[34;1m       184[0m
13:33:28   [34;1m   1780540[0m[34;1m   1920328[0m[34;1m    811376[0m[34;1m     20.28[0m[34;1m      6424[0m[34;1m   1311212[0m[34;1m   5523576[0m[31;1m    138.04[0m[34;1m    610884[0m[34;1m   1437368[0m[34;22m         0[0m
13:33:29   [34;1m   1780540[0m[34;1m   1920476[0m[34;1m    811228[0m[34;1m     20.27[0m[34;1m      6432[0m[34;1m   1311352[0m[34;1m   5523576[0m[31;1m    138.04[0m[34;1m    610884[0m[34;1m   1437576[0m[34;22m         0[0m
13:33:30   [34;1m   1780540[0m[34;1m   1920488[0m[34;1m    811348[0m[34;1m     20.28[0m[34;1m      6432[0m[34;1m   1311364[0m[34;1m   5523576[0m[31;1m    138.04[0m[34;1m    610892[0m[34;1m   1437644[0m[34;1m        48[0m
13:33:31   [34;1m   1780540[0m[34;1m   1920492[0m[34;1m    811348[0m[34;1m     20.28[0m[34;1m      6432[0m[34;1m   1311364[0m[34;1m   5528296[0m[31;1m    138.16[0m[34;1m    610892[0m[34;1m   1438980[0m[34;1m        48[0m
13:33:32   [34;1m   1778776[0m[34;1m   1918728[0m[34;1m    813100[0m[34;1m     20.32[0m[34;1m      6432[0m[34;1m   1311364[0m[34;1m   5528296[0m[31;1m    138.16[0m[34;1m    610892[0m[34;1m   1438092[0m[34;1m        48[0m
13:33:33   [34;1m   1778524[0m[34;1m   1918476[0m[34;1m    813336[0m[34;1m     20.33[0m[34;1m      6432[0m[34;1m   1311380[0m[34;1m   5528296[0m[31;1m    138.16[0m[34;1m    610892[0m[34;1m   1438136[0m[34;1m        48[0m
13:33:34   [34;1m   1778524[0m[34;1m   1918496[0m[34;1m    813336[0m[34;1m     20.33[0m[34;1m      6432[0m[34;1m   1311384[0m[34;1m   5523576[0m[31;1m    138.04[0m[34;1m    610892[0m[34;1m   1436564[0m[34;1m        48[0m
13:33:35   [34;1m   1778524[0m[34;1m   1918504[0m[34;1m    813328[0m[34;1m     20.33[0m[34;1m      6440[0m[34;1m   1311384[0m[34;1m   5523576[0m[31;1m    138.04[0m[34;1m    610900[0m[34;1m   1436884[0m[34;1m        48[0m
13:33:36   [34;1m   1778524[0m[34;1m   1918564[0m[34;1m    813264[0m[34;1m     20.32[0m[34;1m      6440[0m[34;1m   1311448[0m[34;1m   5523576[0m[31;1m    138.04[0m[34;1m    610960[0m[34;1m   1436884[0m[34;1m        48[0m
13:33:37   [34;1m   1777516[0m[34;1m   1917560[0m[34;1m    814272[0m[34;1m     20.35[0m[34;1m      6440[0m[34;1m   1311448[0m[34;1m   5523576[0m[31;1m    138.04[0m[34;1m    610960[0m[34;1m   1437092[0m[34;1m        48[0m
13:33:38   [34;1m   1777276[0m[34;1m   1917332[0m[34;1m    814516[0m[34;1m     20.36[0m[34;1m      6448[0m[34;1m   1311452[0m[34;1m   5523576[0m[31;1m    138.04[0m[34;1m    610968[0m[34;1m   1437644[0m[34;1m        48[0m
13:33:39   [34;1m   1777276[0m[34;1m   1917332[0m[34;1m    814524[0m[34;1m     20.36[0m[34;1m      6448[0m[34;1m   1311452[0m[34;1m   5523576[0m[31;1m    138.04[0m[34;1m    610968[0m[34;1m   1437812[0m[34;1m        48[0m
13:33:40   [34;1m   1777276[0m[34;1m   1917336[0m[34;1m    814520[0m[34;1m     20.36[0m[34;1m      6448[0m[34;1m   1311456[0m[34;1m   5523576[0m[31;1m    138.04[0m[34;1m    610968[0m[34;1m   1437808[0m[34;1m        48[0m
13:33:41   [34;1m   1777372[0m[34;1m   1917432[0m[34;1m    814424[0m[34;1m     20.35[0m[34;1m      6448[0m[34;1m   1311456[0m[34;1m   5523576[0m[31;1m    138.04[0m[34;1m    610968[0m[34;1m   1437808[0m[34;1m        48[0m
13:33:42   [34;1m   1776300[0m[34;1m   1916380[0m[34;1m    815476[0m[34;1m     20.38[0m[34;1m      6456[0m[34;1m   1311468[0m[34;1m   5523576[0m[31;1m    138.04[0m[34;1m    610988[0m[34;1m   1438208[0m[34;1m        60[0m
13:33:43   [34;1m   1775796[0m[34;1m   1915876[0m[34;1m    815980[0m[34;1m     20.39[0m[34;1m      6456[0m[34;1m   1311468[0m[34;1m   5523576[0m[31;1m    138.04[0m[34;1m    610984[0m[34;1m   1438064[0m[34;1m        60[0m
13:33:44   [34;1m   1775796[0m[34;1m   1915956[0m[34;1m    815900[0m[34;1m     20.39[0m[34;1m      6456[0m[34;1m   1311548[0m[34;1m   5523576[0m[31;1m    138.04[0m[34;1m    611008[0m[34;1m   1438004[0m[34;1m        60[0m
13:33:45   [34;1m   1775796[0m[34;1m   1915956[0m[34;1m    815900[0m[34;1m     20.39[0m[34;1m      6456[0m[34;1m   1311548[0m[34;1m   5523576[0m[31;1m    138.04[0m[34;1m    611008[0m[34;1m   1438036[0m[34;1m        60[0m
13:33:46   [34;1m   1775796[0m[34;1m   1915956[0m[34;1m    815900[0m[34;1m     20.39[0m[34;1m      6456[0m[34;1m   1311548[0m[34;1m   5523576[0m[31;1m    138.04[0m[34;1m    611008[0m[34;1m   1437984[0m[34;1m        60[0m
13:33:47   [34;1m   1775544[0m[34;1m   1915704[0m[34;1m    816152[0m[34;1m     20.40[0m[34;1m      6464[0m[34;1m   1311540[0m[34;1m   5523576[0m[31;1m    138.04[0m[34;1m    611008[0m[34;1m   1438132[0m[34;1m        60[0m
13:33:48   [34;1m   1775544[0m[34;1m   1915720[0m[34;1m    816136[0m[34;1m     20.40[0m[34;1m      6464[0m[34;1m   1311556[0m[34;1m   5523576[0m[31;1m    138.04[0m[34;1m    611016[0m[34;1m   1438120[0m[34;1m        60[0m
13:33:49   [34;1m   1775544[0m[34;1m   1915720[0m[34;1m    816136[0m[34;1m     20.40[0m[34;1m      6464[0m[34;1m   1311556[0m[34;1m   5523576[0m[31;1m    138.04[0m[34;1m    611016[0m[34;1m   1438244[0m[34;1m        60[0m
13:33:50   [34;1m   1775544[0m[34;1m   1915852[0m[34;1m    816004[0m[34;1m     20.39[0m[34;1m      6464[0m[34;1m   1311688[0m[34;1m   5523576[0m[31;1m    138.04[0m[34;1m    611016[0m[34;1m   1438488[0m[34;1m        60[0m
13:33:51   [34;1m   1774788[0m[34;1m   1915096[0m[34;1m    816760[0m[34;1m     20.41[0m[34;1m      6472[0m[34;1m   1311680[0m[34;1m   5528296[0m[31;1m    138.16[0m[34;1m    611016[0m[34;1m   1439672[0m[34;1m        60[0m
13:33:52   [34;1m   1773528[0m[34;1m   1913852[0m[34;1m    818008[0m[34;1m     20.44[0m[34;1m      6472[0m[34;1m   1311696[0m[34;1m   5528296[0m[31;1m    138.16[0m[34;1m    611028[0m[34;1m   1439980[0m[34;1m        60[0m
13:33:53   [34;1m   1773528[0m[34;1m   1913852[0m[34;1m    818008[0m[34;1m     20.44[0m[34;1m      6472[0m[34;1m   1311696[0m[34;1m   5528296[0m[31;1m    138.16[0m[34;1m    611032[0m[34;1m   1440024[0m[34;1m        60[0m
13:33:54   [34;1m   1773528[0m[34;1m   1913852[0m[34;1m    818008[0m[34;1m     20.44[0m[34;1m      6472[0m[34;1m   1311696[0m[34;1m   5523576[0m[31;1m    138.04[0m[34;1m    611040[0m[34;1m   1438508[0m[34;1m        60[0m
13:33:55   [34;1m   1773528[0m[34;1m   1913852[0m[34;1m    818008[0m[34;1m     20.44[0m[34;1m      6472[0m[34;1m   1311696[0m[34;1m   5523576[0m[31;1m    138.04[0m[34;1m    611040[0m[34;1m   1438456[0m[34;1m        60[0m
13:33:56   [34;1m   1773528[0m[34;1m   1913852[0m[34;1m    818012[0m[34;1m     20.44[0m[34;1m      6472[0m[34;1m   1311696[0m[34;1m   5523576[0m[31;1m    138.04[0m[34;1m    611040[0m[34;1m   1438468[0m[34;1m        60[0m
13:33:57   [34;1m   1773024[0m[34;1m   1914080[0m[34;1m    817604[0m[34;1m     20.43[0m[34;1m      6488[0m[34;1m   1312588[0m[34;1m   5523576[0m[31;1m    138.04[0m[34;1m    611060[0m[34;1m   1439992[0m[34;1m        60[0m
13:33:58   [34;1m   1773024[0m[34;1m   1914436[0m[34;1m    817428[0m[34;1m     20.43[0m[34;1m      6496[0m[34;1m   1312756[0m[34;1m   5523576[0m[31;1m    138.04[0m[34;1m    611100[0m[34;1m   1438288[0m[34;1m        64[0m
13:33:59   [34;1m   1773024[0m[34;1m   1914444[0m[34;1m    817420[0m[34;1m     20.43[0m[34;1m      6496[0m[34;1m   1312764[0m[34;1m   5523576[0m[31;1m    138.04[0m[34;1m    611108[0m[34;1m   1438324[0m[34;1m        64[0m
13:34:00   [34;1m   1773024[0m[34;1m   1914444[0m[34;1m    817420[0m[34;1m     20.43[0m[34;1m      6496[0m[34;1m   1312764[0m[34;1m   5523576[0m[31;1m    138.04[0m[34;1m    611108[0m[34;1m   1438420[0m[34;1m        12[0m
13:34:01   [34;1m   1773024[0m[34;1m   1914444[0m[34;1m    817420[0m[34;1m     20.43[0m[34;1m      6496[0m[34;1m   1312764[0m[34;1m   5523576[0m[31;1m    138.04[0m[34;1m    611108[0m[34;1m   1438424[0m[34;1m        12[0m
13:34:02   [34;1m   1773024[0m[34;1m   1914444[0m[34;1m    817420[0m[34;1m     20.43[0m[34;1m      6496[0m[34;1m   1312764[0m[34;1m   5523576[0m[31;1m    138.04[0m[34;1m    611104[0m[34;1m   1438336[0m[34;1m        16[0m
13:34:03   [34;1m   1773024[0m[34;1m   1914452[0m[34;1m    817412[0m[34;1m     20.43[0m[34;1m      6512[0m[34;1m   1312756[0m[34;1m   5523576[0m[31;1m    138.04[0m[34;1m    611108[0m[34;1m   1438356[0m[34;1m        20[0m
13:34:04   [34;1m   1773024[0m[34;1m   1914468[0m[34;1m    817396[0m[34;1m     20.43[0m[34;1m      6512[0m[34;1m   1312772[0m[34;1m   5523576[0m[31;1m    138.04[0m[34;1m    611124[0m[34;1m   1438252[0m[34;1m        36[0m
13:34:05   [34;1m   1773024[0m[34;1m   1914468[0m[34;1m    817396[0m[34;1m     20.43[0m[34;1m      6512[0m[34;1m   1312772[0m[34;1m   5523576[0m[31;1m    138.04[0m[34;1m    611124[0m[34;1m   1438164[0m[34;1m        36[0m
13:34:06   [34;1m   1773024[0m[34;1m   1914476[0m[34;1m    817388[0m[34;1m     20.43[0m[34;1m      6512[0m[34;1m   1312780[0m[34;1m   5523576[0m[31;1m    138.04[0m[34;1m    611124[0m[34;1m   1438236[0m[34;1m        36[0m
13:34:07   [34;1m   1772800[0m[34;1m   1914268[0m[34;1m    817596[0m[34;1m     20.43[0m[34;1m      6512[0m[34;1m   1312796[0m[34;1m   5523576[0m[31;1m    138.04[0m[34;1m    611128[0m[34;1m   1438312[0m[34;1m        36[0m
13:34:08   [34;1m   1772800[0m[34;1m   1914324[0m[34;1m    817544[0m[34;1m     20.43[0m[34;1m      6512[0m[34;1m   1312852[0m[34;1m   5523576[0m[31;1m    138.04[0m[34;1m    611124[0m[34;1m   1438840[0m[34;1m        36[0m
13:34:09   [34;1m   1772800[0m[34;1m   1914324[0m[34;1m    817544[0m[34;1m     20.43[0m[34;1m      6520[0m[34;1m   1312844[0m[34;1m   5523576[0m[31;1m    138.04[0m[34;1m    611124[0m[34;1m   1438968[0m[34;1m        36[0m
13:34:10   [34;1m   1772800[0m[34;1m   1914332[0m[34;1m    817528[0m[34;1m     20.43[0m[34;1m      6528[0m[34;1m   1312852[0m[34;1m   5523576[0m[31;1m    138.04[0m[34;1m    611128[0m[34;1m   1438960[0m[34;1m        36[0m
13:34:11   [34;1m   1772548[0m[34;1m   1914084[0m[34;1m    817780[0m[34;1m     20.44[0m[34;1m      6528[0m[34;1m   1312856[0m[34;1m   5528296[0m[31;1m    138.16[0m[34;1m    611128[0m[34;1m   1440472[0m[34;1m        36[0m
13:34:12   [34;1m   1769776[0m[34;1m   1911316[0m[34;1m    820540[0m[34;1m     20.51[0m[34;1m      6536[0m[34;1m   1312852[0m[34;1m   5528296[0m[31;1m    138.16[0m[34;1m    611140[0m[34;1m   1440700[0m[34;1m        40[0m
13:34:13   [34;1m   1769776[0m[34;1m   1911420[0m[34;1m    820440[0m[34;1m     20.50[0m[34;1m      6536[0m[34;1m   1312948[0m[34;1m   5528296[0m[31;1m    138.16[0m[34;1m    611148[0m[34;1m   1440604[0m[34;1m        40[0m
13:34:14   [34;1m   1769776[0m[34;1m   1911524[0m[34;1m    820336[0m[34;1m     20.50[0m[34;1m      6536[0m[34;1m   1313052[0m[34;1m   5523576[0m[31;1m    138.04[0m[34;1m    611148[0m[34;1m   1439176[0m[34;1m        40[0m
13:34:15   [34;1m   1769776[0m[34;1m   1911620[0m[34;1m    820240[0m[34;1m     20.50[0m[34;1m      6536[0m[34;1m   1313148[0m[34;1m   5523576[0m[31;1m    138.04[0m[34;1m    611148[0m[34;1m   1439416[0m[34;1m        40[0m
13:34:16   [34;1m   1769776[0m[34;1m   1911620[0m[34;1m    820240[0m[34;1m     20.50[0m[34;1m      6536[0m[34;1m   1313148[0m[34;1m   5523576[0m[31;1m    138.04[0m[34;1m    611148[0m[34;1m   1439384[0m[34;1m        24[0m
13:34:17   [34;1m   1768768[0m[34;1m   1910612[0m[34;1m    821248[0m[34;1m     20.52[0m[34;1m      6536[0m[34;1m   1313148[0m[34;1m   5523576[0m[31;1m    138.04[0m[34;1m    611148[0m[34;1m   1439532[0m[34;1m        24[0m
13:34:18   [34;1m   1768768[0m[34;1m   1910612[0m[34;1m    821240[0m[34;1m     20.52[0m[34;1m      6544[0m[34;1m   1313148[0m[34;1m   5523576[0m[31;1m    138.04[0m[34;1m    611148[0m[34;1m   1439364[0m[34;1m        40[0m
13:34:19   [34;1m   1768768[0m[34;1m   1910612[0m[34;1m    821248[0m[34;1m     20.52[0m[34;1m      6552[0m[34;1m   1313140[0m[34;1m   5523576[0m[31;1m    138.04[0m[34;1m    611148[0m[34;1m   1439372[0m[34;1m        40[0m
13:34:20   [34;1m   1768768[0m[34;1m   1910624[0m[34;1m    821224[0m[34;1m     20.52[0m[34;1m      6552[0m[34;1m   1313164[0m[34;1m   5523576[0m[31;1m    138.04[0m[34;1m    611164[0m[34;1m   1439344[0m[34;1m        40[0m
13:34:21   [34;1m   1768768[0m[34;1m   1910624[0m[34;1m    821224[0m[34;1m     20.52[0m[34;1m      6552[0m[34;1m   1313164[0m[34;1m   5523576[0m[31;1m    138.04[0m[34;1m    611164[0m[34;1m   1439404[0m[34;1m        40[0m
13:34:22   [34;1m   1768264[0m[34;1m   1910496[0m[34;1m    821364[0m[34;1m     20.53[0m[34;1m      6552[0m[34;1m   1313528[0m[34;1m   5523576[0m[31;1m    138.04[0m[34;1m    611160[0m[34;1m   1440716[0m[34;1m        40[0m
13:34:23   [34;1m   1768264[0m[34;1m   1910564[0m[34;1m    821288[0m[34;1m     20.53[0m[34;1m      6552[0m[34;1m   1313604[0m[34;1m   5523576[0m[31;1m    138.04[0m[34;1m    611172[0m[34;1m   1440096[0m[34;1m        40[0m
13:34:24   [34;1m   1768264[0m[34;1m   1910584[0m[34;1m    821284[0m[34;1m     20.52[0m[34;1m      6552[0m[34;1m   1313608[0m[34;1m   5523576[0m[31;1m    138.04[0m[34;1m    611172[0m[34;1m   1440168[0m[34;1m        44[0m
13:34:25   [34;1m   1768012[0m[34;1m   1910332[0m[34;1m    821520[0m[34;1m     20.53[0m[34;1m      6568[0m[34;1m   1313608[0m[34;1m   5523576[0m[31;1m    138.04[0m[34;1m    611172[0m[34;1m   1440168[0m[34;1m        44[0m
13:34:26   [34;1m   1768012[0m[34;1m   1910336[0m[34;1m    821516[0m[34;1m     20.53[0m[34;1m      6568[0m[34;1m   1313612[0m[34;1m   5523576[0m[31;1m    138.04[0m[34;1m    611172[0m[34;1m   1440216[0m[34;1m        44[0m
13:34:27   [34;1m   1767760[0m[34;1m   1910232[0m[34;1m    821620[0m[34;1m     20.53[0m[34;1m      6576[0m[34;1m   1313752[0m[34;1m   5523576[0m[31;1m    138.04[0m[34;1m    611172[0m[34;1m   1440364[0m[34;1m        44[0m
13:34:28   [34;1m   1767760[0m[34;1m   1910592[0m[34;1m    821276[0m[34;1m     20.52[0m[34;1m      6576[0m[34;1m   1314096[0m[34;1m   5523576[0m[31;1m    138.04[0m[34;1m    611196[0m[34;1m   1441388[0m[34;1m        52[0m
13:34:29   [34;1m   1767760[0m[34;1m   1910592[0m[34;1m    821276[0m[34;1m     20.52[0m[34;1m      6576[0m[34;1m   1314096[0m[34;1m   5524152[0m[31;1m    138.06[0m[34;1m    611196[0m[34;1m   1441952[0m[34;1m        52[0m
13:34:30   [34;1m   1767760[0m[34;1m   1910672[0m[34;1m    821196[0m[34;1m     20.52[0m[34;1m      6576[0m[34;1m   1314176[0m[34;1m   5532476[0m[31;1m    138.26[0m[34;1m    611204[0m[34;1m   1442168[0m[34;1m        52[0m
13:34:31   [34;1m   1767760[0m[34;1m   1910672[0m[34;1m    821196[0m[34;1m     20.52[0m[34;1m      6576[0m[34;1m   1314176[0m[34;1m   5537196[0m[31;1m    138.38[0m[34;1m    611204[0m[34;1m   1443500[0m[34;1m        52[0m
13:34:32   [34;1m   1767508[0m[34;1m   1910548[0m[34;1m    821320[0m[34;1m     20.53[0m[34;1m      6576[0m[34;1m   1314304[0m[34;1m   5537196[0m[31;1m    138.38[0m[34;1m    611200[0m[34;1m   1443728[0m[34;1m        52[0m
13:34:33   [34;1m   1767508[0m[34;1m   1910624[0m[34;1m    821212[0m[34;1m     20.52[0m[34;1m      6592[0m[34;1m   1314396[0m[34;1m   5537196[0m[31;1m    138.38[0m[34;1m    611220[0m[34;1m   1443868[0m[34;1m        52[0m
13:34:34   [34;1m   1767508[0m[34;1m   1910776[0m[34;1m    821080[0m[34;1m     20.52[0m[34;1m      6592[0m[34;1m   1314528[0m[34;1m   5540668[0m[31;1m    138.47[0m[34;1m    611228[0m[34;1m   1442292[0m[34;1m        52[0m
13:34:35   [34;1m   1767508[0m[34;1m   1911608[0m[34;1m    820232[0m[34;1m     20.50[0m[34;1m      6592[0m[34;1m   1315376[0m[34;1m   5540668[0m[31;1m    138.47[0m[34;1m    611228[0m[34;1m   1443040[0m[34;1m        52[0m
13:34:36   [34;1m   1767508[0m[34;1m   1911708[0m[34;1m    820132[0m[34;1m     20.50[0m[34;1m      6592[0m[34;1m   1315476[0m[34;1m   5540668[0m[31;1m    138.47[0m[34;1m    611228[0m[34;1m   1443208[0m[34;1m         8[0m
13:34:37   [34;1m   1767508[0m[34;1m   1911708[0m[34;1m    820132[0m[34;1m     20.50[0m[34;1m      6592[0m[34;1m   1315476[0m[34;1m   5540668[0m[31;1m    138.47[0m[34;1m    611228[0m[34;1m   1443060[0m[34;1m         8[0m
13:34:38   [34;1m   1767508[0m[34;1m   1911736[0m[34;1m    820132[0m[34;1m     20.50[0m[34;1m      6592[0m[34;1m   1315476[0m[34;1m   5540668[0m[31;1m    138.47[0m[34;1m    611228[0m[34;1m   1443156[0m[34;1m        12[0m
13:34:39   [34;1m   1767508[0m[34;1m   1911872[0m[34;1m    819996[0m[34;1m     20.49[0m[34;1m      6600[0m[34;1m   1315604[0m[34;1m   5540668[0m[31;1m    138.47[0m[34;1m    611236[0m[34;1m   1443472[0m[34;1m        28[0m
13:34:40   [34;1m   1767508[0m[34;1m   1913552[0m[34;1m    818160[0m[34;1m     20.45[0m[34;1m      6600[0m[34;1m   1317440[0m[34;1m   5540668[0m[31;1m    138.47[0m[34;1m    611384[0m[34;1m   1444992[0m[34;1m        28[0m
13:34:41   [34;1m   1767508[0m[34;1m   1913828[0m[34;1m    817984[0m[34;1m     20.44[0m[34;1m      6608[0m[34;1m   1317608[0m[34;1m   5540668[0m[31;1m    138.47[0m[34;1m    611396[0m[34;1m   1445276[0m[34;1m        28[0m
13:34:42   [34;1m   1765240[0m[34;1m   1911616[0m[34;1m    820252[0m[34;1m     20.50[0m[34;1m      6616[0m[34;1m   1317600[0m[34;1m   5540668[0m[31;1m    138.47[0m[34;1m    611396[0m[34;1m   1445364[0m[34;1m        28[0m
13:34:43   [34;1m   1762972[0m[34;1m   1909364[0m[34;1m    822504[0m[34;1m     20.56[0m[34;1m      6616[0m[34;1m   1317616[0m[34;1m   5540668[0m[31;1m    138.47[0m[34;1m    611408[0m[34;1m   1445372[0m[34;1m        36[0m
13:34:44   [34;1m   1762972[0m[34;1m   1909372[0m[34;1m    822496[0m[34;1m     20.56[0m[34;1m      6616[0m[34;1m   1317624[0m[34;1m   5540668[0m[31;1m    138.47[0m[34;1m    611404[0m[34;1m   1445220[0m[34;1m        36[0m
13:34:45   [34;1m   1762972[0m[34;1m   1909484[0m[34;1m    822368[0m[34;1m     20.55[0m[34;1m      6616[0m[34;1m   1317752[0m[34;1m   5540668[0m[31;1m    138.47[0m[34;1m    611404[0m[34;1m   1445340[0m[34;1m        36[0m
13:34:46   [34;1m   1762972[0m[34;1m   1909628[0m[34;1m    822236[0m[34;1m     20.55[0m[34;1m      6616[0m[34;1m   1317884[0m[34;1m   5540668[0m[31;1m    138.47[0m[34;1m    611404[0m[34;1m   1445372[0m[34;1m        40[0m
13:34:47   [34;1m   1762216[0m[34;1m   1908872[0m[34;1m    822992[0m[34;1m     20.57[0m[34;1m      6616[0m[34;1m   1317884[0m[34;1m   5540668[0m[31;1m    138.47[0m[34;1m    611404[0m[34;1m   1445372[0m[34;1m        40[0m
13:34:48   [34;1m   1761220[0m[34;1m   1907952[0m[34;1m    823888[0m[34;1m     20.59[0m[34;1m      6624[0m[34;1m   1317976[0m[34;1m   5540668[0m[31;1m    138.47[0m[34;1m    611412[0m[34;1m   1445668[0m[34;1m        40[0m
13:34:49   [34;1m   1761220[0m[34;1m   1907980[0m[34;1m    823888[0m[34;1m     20.59[0m[34;1m      6632[0m[34;1m   1317968[0m[34;1m   5540668[0m[31;1m    138.47[0m[34;1m    611412[0m[34;1m   1445832[0m[34;1m        40[0m
13:34:50   [34;1m   1761220[0m[34;1m   1907992[0m[34;1m    823876[0m[34;1m     20.59[0m[34;1m      6632[0m[34;1m   1317980[0m[34;1m   5540668[0m[31;1m    138.47[0m[34;1m    611420[0m[34;1m   1445968[0m[34;1m        40[0m
13:34:51   [34;1m   1761220[0m[34;1m   1907992[0m[34;1m    823876[0m[34;1m     20.59[0m[34;1m      6632[0m[34;1m   1317980[0m[34;1m   5545388[0m[31;1m    138.59[0m[34;1m    611420[0m[34;1m   1447216[0m[34;1m        40[0m
13:34:52   [34;1m   1761220[0m[34;1m   1907992[0m[34;1m    823876[0m[34;1m     20.59[0m[34;1m      6632[0m[34;1m   1317980[0m[34;1m   5545388[0m[31;1m    138.59[0m[34;1m    611420[0m[34;1m   1447368[0m[34;1m        40[0m
13:34:53   [34;1m   1760212[0m[34;1m   1906984[0m[34;1m    824884[0m[34;1m     20.61[0m[34;1m      6640[0m[34;1m   1317972[0m[34;1m   5545388[0m[31;1m    138.59[0m[34;1m    611420[0m[34;1m   1447476[0m[34;1m        40[0m
13:34:54   [34;1m   1760212[0m[34;1m   1907048[0m[34;1m    824780[0m[34;1m     20.61[0m[34;1m      6640[0m[34;1m   1318076[0m[34;1m   5540668[0m[31;1m    138.47[0m[34;1m    611428[0m[34;1m   1446016[0m[34;1m        40[0m
13:34:55   [34;1m   1760212[0m[34;1m   1907088[0m[34;1m    824780[0m[34;1m     20.61[0m[34;1m      6640[0m[34;1m   1318076[0m[34;1m   5540668[0m[31;1m    138.47[0m[34;1m    611428[0m[34;1m   1446008[0m[34;1m        40[0m
13:34:56   [34;1m   1760212[0m[34;1m   1907088[0m[34;1m    824756[0m[34;1m     20.61[0m[34;1m      6640[0m[34;1m   1318100[0m[34;1m   5540668[0m[31;1m    138.47[0m[34;1m    611428[0m[34;1m   1446080[0m[34;1m        40[0m
13:34:57   [34;1m   1760212[0m[34;1m   1907092[0m[34;1m    824752[0m[34;1m     20.61[0m[34;1m      6640[0m[34;1m   1318104[0m[34;1m   5540668[0m[31;1m    138.47[0m[34;1m    611428[0m[34;1m   1446108[0m[34;1m        40[0m
13:34:58   [34;1m   1760212[0m[34;1m   1907268[0m[34;1m    824600[0m[34;1m     20.61[0m[34;1m      6640[0m[34;1m   1318256[0m[34;1m   5540668[0m[31;1m    138.47[0m[34;1m    611428[0m[34;1m   1446524[0m[34;1m        44[0m
13:34:59   [34;1m   1760212[0m[34;1m   1907384[0m[34;1m    824464[0m[34;1m     20.60[0m[34;1m      6656[0m[34;1m   1318376[0m[34;1m   5540668[0m[31;1m    138.47[0m[34;1m    611440[0m[34;1m   1446904[0m[34;1m        44[0m
13:35:00   [34;1m   1760212[0m[34;1m   1907388[0m[34;1m    824460[0m[34;1m     20.60[0m[34;1m      6656[0m[34;1m   1318380[0m[34;1m   5540668[0m[31;1m    138.47[0m[34;1m    611440[0m[34;1m   1446788[0m[34;1m        44[0m
13:35:01   [34;1m   1760212[0m[34;1m   1907408[0m[34;1m    824460[0m[34;1m     20.60[0m[34;1m      6656[0m[34;1m   1318380[0m[34;1m   5540668[0m[31;1m    138.47[0m[34;1m    611440[0m[34;1m   1446820[0m[34;1m        44[0m
13:35:02   [34;1m   1760212[0m[34;1m   1907412[0m[34;1m    824456[0m[34;1m     20.60[0m[34;1m      6656[0m[34;1m   1318384[0m[34;1m   5540668[0m[31;1m    138.47[0m[34;1m    611440[0m[34;1m   1446760[0m[34;1m        28[0m
13:35:03   [34;1m   1760212[0m[34;1m   1907412[0m[34;1m    824456[0m[34;1m     20.60[0m[34;1m      6656[0m[34;1m   1318384[0m[34;1m   5540668[0m[31;1m    138.47[0m[34;1m    611440[0m[34;1m   1446780[0m[34;1m        28[0m
13:35:04   [34;1m   1760212[0m[34;1m   1907412[0m[34;1m    824456[0m[34;1m     20.60[0m[34;1m      6656[0m[34;1m   1318384[0m[34;1m   5540668[0m[31;1m    138.47[0m[34;1m    611440[0m[34;1m   1446588[0m[34;1m        28[0m
13:35:05   [34;1m   1760212[0m[34;1m   1907424[0m[34;1m    824436[0m[34;1m     20.60[0m[34;1m      6672[0m[34;1m   1318388[0m[34;1m   5544764[0m[31;1m    138.57[0m[34;1m    611452[0m[34;1m   1446664[0m[34;1m        40[0m
13:35:06   [34;1m   1760212[0m[34;1m   1907424[0m[34;1m    824436[0m[34;1m     20.60[0m[34;1m      6672[0m[34;1m   1318388[0m[34;1m   5544764[0m[31;1m    138.57[0m[34;1m    611452[0m[34;1m   1446684[0m[34;1m        40[0m
13:35:07   [34;1m   1760212[0m[34;1m   1907632[0m[34;1m    824200[0m[34;1m     20.60[0m[34;1m      6672[0m[34;1m   1318624[0m[34;1m   5544764[0m[31;1m    138.57[0m[34;1m    611460[0m[34;1m   1446968[0m[34;1m        40[0m
13:35:08   [34;1m   1759960[0m[34;1m   1907424[0m[34;1m    824444[0m[34;1m     20.60[0m[34;1m      6672[0m[34;1m   1318632[0m[34;1m   5544764[0m[31;1m    138.57[0m[34;1m    611460[0m[34;1m   1447276[0m[34;1m        44[0m
13:35:09   [34;1m   1759960[0m[34;1m   1907468[0m[34;1m    824388[0m[34;1m     20.60[0m[34;1m      6688[0m[34;1m   1318672[0m[34;1m   5544764[0m[31;1m    138.57[0m[34;1m    611460[0m[34;1m   1447644[0m[34;1m        44[0m
13:35:10   [34;1m   1759960[0m[34;1m   1907472[0m[34;1m    824380[0m[34;1m     20.60[0m[34;1m      6688[0m[34;1m   1318680[0m[34;1m   5544764[0m[31;1m    138.57[0m[34;1m    611460[0m[34;1m   1447824[0m[34;1m        44[0m
13:35:11   [34;1m   1759960[0m[34;1m   1907476[0m[34;1m    824380[0m[34;1m     20.60[0m[34;1m      6704[0m[34;1m   1318664[0m[34;1m   5549484[0m[31;1m    138.69[0m[34;1m    611464[0m[34;1m   1448772[0m[34;1m        44[0m
13:35:12   [34;1m   1759960[0m[34;1m   1907584[0m[34;1m    824284[0m[34;1m     20.60[0m[34;1m      6704[0m[34;1m   1318760[0m[34;1m   5549484[0m[31;1m    138.69[0m[34;1m    611492[0m[34;1m   1449204[0m[34;1m         4[0m
13:35:13   [34;1m   1759960[0m[34;1m   1907588[0m[34;1m    824280[0m[34;1m     20.60[0m[34;1m      6704[0m[34;1m   1318764[0m[34;1m   5549484[0m[31;1m    138.69[0m[34;1m    611492[0m[34;1m   1449096[0m[34;1m         8[0m
13:35:14   [34;1m   1759960[0m[34;1m   1907588[0m[34;1m    824280[0m[34;1m     20.60[0m[34;1m      6704[0m[34;1m   1318764[0m[34;1m   5544764[0m[31;1m    138.57[0m[34;1m    611492[0m[34;1m   1447776[0m[34;1m        12[0m
13:35:15   [34;1m   1759960[0m[34;1m   1907588[0m[34;1m    824280[0m[34;1m     20.60[0m[34;1m      6704[0m[34;1m   1318764[0m[34;1m   5544764[0m[31;1m    138.57[0m[34;1m    611492[0m[34;1m   1447720[0m[34;1m        12[0m
13:35:16   [34;1m   1759960[0m[34;1m   1907588[0m[34;1m    824280[0m[34;1m     20.60[0m[34;1m      6704[0m[34;1m   1318764[0m[34;1m   5544764[0m[31;1m    138.57[0m[34;1m    611492[0m[34;1m   1447744[0m[34;1m        12[0m
13:35:17   [34;1m   1759960[0m[34;1m   1907708[0m[34;1m    824156[0m[34;1m     20.60[0m[34;1m      6712[0m[34;1m   1318880[0m[34;1m   5544764[0m[31;1m    138.57[0m[34;1m    611492[0m[34;1m   1447924[0m[34;1m        12[0m
13:35:18   [34;1m   1759708[0m[34;1m   1907480[0m[34;1m    824388[0m[34;1m     20.60[0m[34;1m      6720[0m[34;1m   1318888[0m[34;1m   5544764[0m[31;1m    138.57[0m[34;1m    611508[0m[34;1m   1447712[0m[34;1m        32[0m
13:35:19   [34;1m   1759708[0m[34;1m   1907484[0m[34;1m    824384[0m[34;1m     20.60[0m[34;1m      6720[0m[34;1m   1318892[0m[34;1m   5544764[0m[31;1m    138.57[0m[34;1m    611508[0m[34;1m   1447872[0m[34;1m        32[0m
13:35:20   [34;1m   1759708[0m[34;1m   1907548[0m[34;1m    824288[0m[34;1m     20.60[0m[34;1m      6720[0m[34;1m   1318988[0m[34;1m   5544764[0m[31;1m    138.57[0m[34;1m    611528[0m[34;1m   1447976[0m[34;1m        32[0m
13:35:21   [34;1m   1759708[0m[34;1m   1907548[0m[34;1m    824288[0m[34;1m     20.60[0m[34;1m      6720[0m[34;1m   1318988[0m[34;1m   5544764[0m[31;1m    138.57[0m[34;1m    611528[0m[34;1m   1447928[0m[34;1m        32[0m
13:35:22   [34;1m   1759708[0m[34;1m   1907584[0m[34;1m    824284[0m[34;1m     20.60[0m[34;1m      6720[0m[34;1m   1318992[0m[34;1m   5544764[0m[31;1m    138.57[0m[34;1m    611528[0m[34;1m   1447928[0m[34;1m        32[0m
13:35:23   [34;1m   1759708[0m[34;1m   1907736[0m[34;1m    824116[0m[34;1m     20.60[0m[34;1m      6736[0m[34;1m   1319144[0m[34;1m   5544764[0m[31;1m    138.57[0m[34;1m    611528[0m[34;1m   1447668[0m[34;1m        32[0m
13:35:24   [34;1m   1759708[0m[34;1m   1907860[0m[34;1m    823992[0m[34;1m     20.59[0m[34;1m      6736[0m[34;1m   1319268[0m[34;1m   5544764[0m[31;1m    138.57[0m[34;1m    611528[0m[34;1m   1447808[0m[34;1m        32[0m
13:35:25   [34;1m   1759708[0m[34;1m   1907880[0m[34;1m    823988[0m[34;1m     20.59[0m[34;1m      6736[0m[34;1m   1319272[0m[34;1m   5544764[0m[31;1m    138.57[0m[34;1m    611544[0m[34;1m   1447844[0m[34;1m        32[0m
13:35:26   [34;1m   1759708[0m[34;1m   1907880[0m[34;1m    823944[0m[34;1m     20.59[0m[34;1m      6736[0m[34;1m   1319316[0m[34;1m   5544764[0m[31;1m    138.57[0m[34;1m    611544[0m[34;1m   1447792[0m[34;1m        32[0m
13:35:27   [34;1m   1759708[0m[34;1m   1907880[0m[34;1m    823940[0m[34;1m     20.59[0m[34;1m      6736[0m[34;1m   1319320[0m[34;1m   5544764[0m[31;1m    138.57[0m[34;1m    611544[0m[34;1m   1447792[0m[34;1m        36[0m
13:35:28   [34;1m   1759708[0m[34;1m   1907936[0m[34;1m    823932[0m[34;1m     20.59[0m[34;1m      6736[0m[34;1m   1319328[0m[34;1m   5544764[0m[31;1m    138.57[0m[34;1m    611544[0m[34;1m   1445932[0m[34;1m        36[0m
13:35:29   [34;1m   1759708[0m[34;1m   1907936[0m[34;1m    823932[0m[34;1m     20.59[0m[34;1m      6744[0m[34;1m   1319320[0m[34;1m   5544764[0m[31;1m    138.57[0m[34;1m    611544[0m[34;1m   1445888[0m[34;1m        36[0m
13:35:30   [34;1m   1759708[0m[34;1m   1908004[0m[34;1m    823860[0m[34;1m     20.59[0m[34;1m      6744[0m[34;1m   1319392[0m[34;1m   5544764[0m[31;1m    138.57[0m[34;1m    611552[0m[34;1m   1445892[0m[34;1m        36[0m
13:35:31   [34;1m   1759456[0m[34;1m   1907768[0m[34;1m    824044[0m[34;1m     20.59[0m[34;1m      6752[0m[34;1m   1319452[0m[34;1m   5549484[0m[31;1m    138.69[0m[34;1m    611552[0m[34;1m   1447184[0m[34;1m        36[0m
13:35:32   [34;1m   1759456[0m[34;1m   1907840[0m[34;1m    824020[0m[34;1m     20.59[0m[34;1m      6752[0m[34;1m   1319468[0m[34;1m   5549484[0m[31;1m    138.69[0m[34;1m    611560[0m[34;1m   1447588[0m[34;1m        36[0m
13:35:33   [34;1m   1759456[0m[34;1m   1907840[0m[34;1m    824020[0m[34;1m     20.59[0m[34;1m      6752[0m[34;1m   1319468[0m[34;1m   5549484[0m[31;1m    138.69[0m[34;1m    611560[0m[34;1m   1447708[0m[34;1m        36[0m
13:35:34   [34;1m   1759456[0m[34;1m   1907840[0m[34;1m    824020[0m[34;1m     20.59[0m[34;1m      6752[0m[34;1m   1319468[0m[34;1m   5544764[0m[31;1m    138.57[0m[34;1m    611560[0m[34;1m   1445992[0m[34;1m        36[0m
13:35:35   [34;1m   1759456[0m[34;1m   1907840[0m[34;1m    824020[0m[34;1m     20.59[0m[34;1m      6752[0m[34;1m   1319468[0m[34;1m   5544764[0m[31;1m    138.57[0m[34;1m    611560[0m[34;1m   1445940[0m[34;1m        36[0m
13:35:36   [34;1m   1759456[0m[34;1m   1907840[0m[34;1m    824020[0m[34;1m     20.59[0m[34;1m      6752[0m[34;1m   1319468[0m[34;1m   5544764[0m[31;1m    138.57[0m[34;1m    611560[0m[34;1m   1445952[0m[34;1m        36[0m
13:35:37   [34;1m   1759456[0m[34;1m   1907840[0m[34;1m    824020[0m[34;1m     20.59[0m[34;1m      6768[0m[34;1m   1319452[0m[34;1m   5544764[0m[31;1m    138.57[0m[34;1m    611560[0m[34;1m   1445656[0m[34;1m        36[0m
13:35:38   [34;1m   1759456[0m[34;1m   1907868[0m[34;1m    823992[0m[34;1m     20.59[0m[34;1m      6768[0m[34;1m   1319484[0m[34;1m   5544764[0m[31;1m    138.57[0m[34;1m    611576[0m[34;1m   1445820[0m[34;1m        36[0m
13:35:39   [34;1m   1759456[0m[34;1m   1907868[0m[34;1m    823996[0m[34;1m     20.59[0m[34;1m      6768[0m[34;1m   1319484[0m[34;1m   5544764[0m[31;1m    138.57[0m[34;1m    611576[0m[34;1m   1445880[0m[34;1m        36[0m
13:35:40   [34;1m   1759456[0m[34;1m   1907872[0m[34;1m    823848[0m[34;1m     20.59[0m[34;1m      6768[0m[34;1m   1319632[0m[34;1m   5544764[0m[31;1m    138.57[0m[34;1m    611576[0m[34;1m   1445800[0m[34;1m        36[0m
13:35:41   [34;1m   1759456[0m[34;1m   1908016[0m[34;1m    823812[0m[34;1m     20.59[0m[34;1m      6768[0m[34;1m   1319668[0m[34;1m   5544764[0m[31;1m    138.57[0m[34;1m    611576[0m[34;1m   1445980[0m[34;1m        36[0m
13:35:42   [34;1m   1759456[0m[34;1m   1908056[0m[34;1m    823812[0m[34;1m     20.59[0m[34;1m      6776[0m[34;1m   1319660[0m[34;1m   5544764[0m[31;1m    138.57[0m[34;1m    611576[0m[34;1m   1445980[0m[34;1m        36[0m
13:35:43   [34;1m   1756684[0m[34;1m   1905300[0m[34;1m    826568[0m[34;1m     20.66[0m[34;1m      6776[0m[34;1m   1319676[0m[34;1m   5544764[0m[31;1m    138.57[0m[34;1m    611580[0m[34;1m   1445968[0m[34;1m        40[0m
13:35:44   [34;1m   1756432[0m[34;1m   1905936[0m[34;1m    825784[0m[34;1m     20.64[0m[34;1m      6776[0m[34;1m   1320712[0m[34;1m   5544764[0m[31;1m    138.57[0m[34;1m    611584[0m[34;1m   1446824[0m[34;1m        20[0m
13:35:45   [34;1m   1756208[0m[34;1m   1905876[0m[34;1m    825936[0m[34;1m     20.64[0m[34;1m      6776[0m[34;1m   1320784[0m[34;1m   5548860[0m[31;1m    138.67[0m[34;1m    611584[0m[34;1m   1444792[0m[34;1m        20[0m
13:35:46   [34;1m   1756208[0m[34;1m   1905932[0m[34;1m    825928[0m[34;1m     20.64[0m[34;1m      6776[0m[34;1m   1320792[0m[34;1m   5548860[0m[31;1m    138.67[0m[34;1m    611584[0m[34;1m   1444920[0m[34;1m        24[0m
13:35:47   [34;1m   1756208[0m[34;1m   1905932[0m[34;1m    825928[0m[34;1m     20.64[0m[34;1m      6784[0m[34;1m   1320784[0m[34;1m   5548860[0m[31;1m    138.67[0m[34;1m    611584[0m[34;1m   1444940[0m[34;1m        24[0m
13:35:48   [34;1m   1753952[0m[34;1m   1903780[0m[34;1m    828084[0m[34;1m     20.69[0m[34;1m      6784[0m[34;1m   1320880[0m[34;1m   5549116[0m[31;1m    138.68[0m[34;1m    611592[0m[34;1m   1445960[0m[34;1m         4[0m
13:35:49   [34;1m   1753952[0m[34;1m   1903840[0m[34;1m    827996[0m[34;1m     20.69[0m[34;1m      6792[0m[34;1m   1320960[0m[34;1m   5549116[0m[31;1m    138.68[0m[34;1m    611592[0m[34;1m   1446072[0m[34;1m         4[0m
13:35:50   [34;1m   1753952[0m[34;1m   1903852[0m[34;1m    827980[0m[34;1m     20.69[0m[34;1m      6792[0m[34;1m   1320976[0m[34;1m   5549116[0m[31;1m    138.68[0m[34;1m    611600[0m[34;1m   1446112[0m[34;1m        16[0m
13:35:51   [34;1m   1753196[0m[34;1m   1903096[0m[34;1m    828736[0m[34;1m     20.71[0m[34;1m      6792[0m[34;1m   1320976[0m[34;1m   5553836[0m[31;1m    138.80[0m[34;1m    611600[0m[34;1m   1447324[0m[34;1m        16[0m
13:35:52   [34;1m   1753196[0m[34;1m   1903256[0m[34;1m    828596[0m[34;1m     20.71[0m[34;1m      6792[0m[34;1m   1321104[0m[34;1m   5553836[0m[31;1m    138.80[0m[34;1m    611600[0m[34;1m   1447908[0m[34;1m        16[0m
13:35:53   [34;1m   1753196[0m[34;1m   1903256[0m[34;1m    828596[0m[34;1m     20.71[0m[34;1m      6792[0m[34;1m   1321104[0m[34;1m   5553836[0m[31;1m    138.80[0m[34;1m    611608[0m[34;1m   1447752[0m[34;1m        16[0m
13:35:54   [34;1m   1753196[0m[34;1m   1903256[0m[34;1m    828560[0m[34;1m     20.71[0m[34;1m      6792[0m[34;1m   1321140[0m[34;1m   5549116[0m[31;1m    138.68[0m[34;1m    611600[0m[34;1m   1446016[0m[34;1m        16[0m
13:35:55   [34;1m   1753196[0m[34;1m   1903404[0m[34;1m    828560[0m[34;1m     20.71[0m[34;1m      6808[0m[34;1m   1321124[0m[34;1m   5549116[0m[31;1m    138.68[0m[34;1m    611600[0m[34;1m   1446208[0m[34;1m        16[0m
13:35:56   [34;1m   1753196[0m[34;1m   1903456[0m[34;1m    828384[0m[34;1m     20.70[0m[34;1m      6808[0m[34;1m   1321300[0m[34;1m   5549116[0m[31;1m    138.68[0m[34;1m    611608[0m[34;1m   1446280[0m[34;1m        16[0m
13:35:57   [34;1m   1753196[0m[34;1m   1903456[0m[34;1m    828384[0m[34;1m     20.70[0m[34;1m      6808[0m[34;1m   1321300[0m[34;1m   5549116[0m[31;1m    138.68[0m[34;1m    611608[0m[34;1m   1440656[0m[34;1m        16[0m
13:35:58   [34;1m   1753196[0m[34;1m   1903476[0m[34;1m    828376[0m[34;1m     20.70[0m[34;1m      6808[0m[34;1m   1321312[0m[34;1m   5549116[0m[31;1m    138.68[0m[34;1m    611616[0m[34;1m   1440900[0m[34;1m        24[0m
13:35:59   [34;1m   1753196[0m[34;1m   1903480[0m[34;1m    828380[0m[34;1m     20.70[0m[34;1m      6808[0m[34;1m   1321312[0m[34;1m   5549116[0m[31;1m    138.68[0m[34;1m    611616[0m[34;1m   1440976[0m[34;1m        24[0m
13:36:00   [34;1m   1753196[0m[34;1m   1903480[0m[34;1m    828380[0m[34;1m     20.70[0m[34;1m      6808[0m[34;1m   1321312[0m[34;1m   5549116[0m[31;1m    138.68[0m[34;1m    611616[0m[34;1m   1440920[0m[34;1m        24[0m
13:36:01   [34;1m   1753196[0m[34;1m   1903480[0m[34;1m    828380[0m[34;1m     20.70[0m[34;1m      6824[0m[34;1m   1321296[0m[34;1m   5549116[0m[31;1m    138.68[0m[34;1m    611616[0m[34;1m   1440876[0m[34;1m        24[0m
13:36:02   [34;1m   1753196[0m[34;1m   1903504[0m[34;1m    828356[0m[34;1m     20.70[0m[34;1m      6824[0m[34;1m   1321320[0m[34;1m   5549116[0m[31;1m    138.68[0m[34;1m    611632[0m[34;1m   1440964[0m[34;1m        28[0m
13:36:03   [34;1m   1752972[0m[34;1m   1903340[0m[34;1m    828488[0m[34;1m     20.70[0m[34;1m      6824[0m[34;1m   1321412[0m[34;1m   5549116[0m[31;1m    138.68[0m[34;1m    611632[0m[34;1m   1441052[0m[34;1m        28[0m
13:36:04   [34;1m   1752972[0m[34;1m   1903372[0m[34;1m    828488[0m[34;1m     20.70[0m[34;1m      6824[0m[34;1m   1321412[0m[34;1m   5549116[0m[31;1m    138.68[0m[34;1m    611632[0m[34;1m   1440852[0m[34;1m        28[0m
13:36:05   [34;1m   1752972[0m[34;1m   1903520[0m[34;1m    828340[0m[34;1m     20.70[0m[34;1m      6824[0m[34;1m   1321560[0m[34;1m   5549116[0m[31;1m    138.68[0m[34;1m    611632[0m[34;1m   1440984[0m[34;1m        28[0m
13:36:06   [34;1m   1752972[0m[34;1m   1903612[0m[34;1m    828232[0m[34;1m     20.70[0m[34;1m      6824[0m[34;1m   1321668[0m[34;1m   5549116[0m[31;1m    138.68[0m[34;1m    611632[0m[34;1m   1441080[0m[34;1m        28[0m
13:36:07   [34;1m   1752972[0m[34;1m   1903628[0m[34;1m    828216[0m[34;1m     20.70[0m[34;1m      6840[0m[34;1m   1321668[0m[34;1m   5549116[0m[31;1m    138.68[0m[34;1m    611648[0m[34;1m   1441088[0m[34;1m        28[0m
13:36:08   [34;1m   1752972[0m[34;1m   1903648[0m[34;1m    828212[0m[34;1m     20.70[0m[34;1m      6840[0m[34;1m   1321672[0m[34;1m   5549116[0m[31;1m    138.68[0m[34;1m    611648[0m[34;1m   1440400[0m[34;1m        28[0m
13:36:09   [34;1m   1752972[0m[34;1m   1903652[0m[34;1m    828208[0m[34;1m     20.70[0m[34;1m      6840[0m[34;1m   1321676[0m[34;1m   5549116[0m[31;1m    138.68[0m[34;1m    611648[0m[34;1m   1440504[0m[34;1m        28[0m
13:36:10   [34;1m   1752972[0m[34;1m   1903652[0m[34;1m    828208[0m[34;1m     20.70[0m[34;1m      6840[0m[34;1m   1321676[0m[34;1m   5549116[0m[31;1m    138.68[0m[34;1m    611648[0m[34;1m   1440624[0m[34;1m        28[0m
13:36:11   [34;1m   1752972[0m[34;1m   1903652[0m[34;1m    828208[0m[34;1m     20.70[0m[34;1m      6840[0m[34;1m   1321676[0m[34;1m   5553836[0m[31;1m    138.80[0m[34;1m    611648[0m[34;1m   1441808[0m[34;1m        28[0m
13:36:12   [34;1m   1752972[0m[34;1m   1903692[0m[34;1m    828156[0m[34;1m     20.70[0m[34;1m      6856[0m[34;1m   1321708[0m[34;1m   5553836[0m[31;1m    138.80[0m[34;1m    611656[0m[34;1m   1442276[0m[34;1m        36[0m
13:36:13   [34;1m   1752972[0m[34;1m   1903700[0m[34;1m    828156[0m[34;1m     20.70[0m[34;1m      6856[0m[34;1m   1321708[0m[34;1m   5553836[0m[31;1m    138.80[0m[34;1m    611668[0m[34;1m   1442128[0m[34;1m        36[0m
13:36:14   [34;1m   1752972[0m[34;1m   1903700[0m[34;1m    828156[0m[34;1m     20.70[0m[34;1m      6856[0m[34;1m   1321708[0m[34;1m   5549116[0m[31;1m    138.68[0m[34;1m    611668[0m[34;1m   1440648[0m[34;1m        36[0m
13:36:15   [34;1m   1752972[0m[34;1m   1903700[0m[34;1m    828160[0m[34;1m     20.70[0m[34;1m      6856[0m[34;1m   1321708[0m[34;1m   5549116[0m[31;1m    138.68[0m[34;1m    611668[0m[34;1m   1440784[0m[34;1m        36[0m
13:36:16   [34;1m   1752972[0m[34;1m   1903700[0m[34;1m    828160[0m[34;1m     20.70[0m[34;1m      6856[0m[34;1m   1321708[0m[34;1m   5549116[0m[31;1m    138.68[0m[34;1m    611668[0m[34;1m   1440716[0m[34;1m        36[0m
13:36:17   [34;1m   1752972[0m[34;1m   1903996[0m[34;1m    827864[0m[34;1m     20.69[0m[34;1m      6856[0m[34;1m   1322004[0m[34;1m   5549116[0m[31;1m    138.68[0m[34;1m    611668[0m[34;1m   1441056[0m[34;1m        36[0m
13:36:18   [34;1m   1752748[0m[34;1m   1903788[0m[34;1m    828072[0m[34;1m     20.69[0m[34;1m      6864[0m[34;1m   1322012[0m[34;1m   5549116[0m[31;1m    138.68[0m[34;1m    611672[0m[34;1m   1441692[0m[34;1m        36[0m
13:36:19   [34;1m   1752524[0m[34;1m   1903568[0m[34;1m    828292[0m[34;1m     20.70[0m[34;1m      6880[0m[34;1m   1322000[0m[34;1m   5549116[0m[31;1m    138.68[0m[34;1m    611676[0m[34;1m   1441660[0m[34;1m        40[0m
13:36:20   [34;1m   1752524[0m[34;1m   1903576[0m[34;1m    828272[0m[34;1m     20.70[0m[34;1m      6880[0m[34;1m   1322020[0m[34;1m   5549116[0m[31;1m    138.68[0m[34;1m    611680[0m[34;1m   1441672[0m[34;1m        40[0m
13:36:21   [34;1m   1752524[0m[34;1m   1903576[0m[34;1m    828272[0m[34;1m     20.70[0m[34;1m      6880[0m[34;1m   1322020[0m[34;1m   5549116[0m[31;1m    138.68[0m[34;1m    611680[0m[34;1m   1441672[0m[34;1m        40[0m
13:36:22   [34;1m   1752524[0m[34;1m   1903600[0m[34;1m    828252[0m[34;1m     20.70[0m[34;1m      6880[0m[34;1m   1322044[0m[34;1m   5549116[0m[31;1m    138.68[0m[34;1m    611680[0m[34;1m   1441608[0m[34;1m        40[0m
13:36:23   [34;1m   1752524[0m[34;1m   1903612[0m[34;1m    828252[0m[34;1m     20.70[0m[34;1m      6880[0m[34;1m   1322044[0m[34;1m   5549116[0m[31;1m    138.68[0m[34;1m    611700[0m[34;1m   1441024[0m[34;1m        40[0m
13:36:24   [34;1m   1752524[0m[34;1m   1903612[0m[34;1m    828252[0m[34;1m     20.70[0m[34;1m      6880[0m[34;1m   1322044[0m[34;1m   5549116[0m[31;1m    138.68[0m[34;1m    611692[0m[34;1m   1440916[0m[34;1m        16[0m
13:36:25   [34;1m   1752524[0m[34;1m   1903612[0m[34;1m    828252[0m[34;1m     20.70[0m[34;1m      6896[0m[34;1m   1322028[0m[34;1m   5549116[0m[31;1m    138.68[0m[34;1m    611692[0m[34;1m   1440916[0m[34;1m        16[0m
13:36:26   [34;1m   1752524[0m[34;1m   1903660[0m[34;1m    828188[0m[34;1m     20.70[0m[34;1m      6896[0m[34;1m   1322092[0m[34;1m   5549116[0m[31;1m    138.68[0m[34;1m    611692[0m[34;1m   1441008[0m[34;1m        24[0m
13:36:27   [34;1m   1752524[0m[34;1m   1903660[0m[34;1m    828188[0m[34;1m     20.70[0m[34;1m      6896[0m[34;1m   1322092[0m[34;1m   5549116[0m[31;1m    138.68[0m[34;1m    611692[0m[34;1m   1441008[0m[34;1m        24[0m
