Linux 6.6.95 (minikube) 	04/17/26 	_x86_64_	(4 CPU)

13:31:27        CPU     %user     %nice   %system   %iowait    %steal     %idle
13:31:28   [32;22m     all[0m[34;1m      5.63[0m[34;22m      0.00[0m[34;1m      7.67[0m[34;22m      0.00[0m[34;22m      0.00[0m[34;1m     86.70[0m
13:31:29   [32;22m     all[0m[34;1m      7.53[0m[34;22m      0.00[0m[34;1m      8.31[0m[34;22m      0.00[0m[34;22m      0.00[0m[34;1m     84.16[0m
13:31:30   [32;22m     all[0m[34;1m      6.77[0m[34;22m      0.00[0m[34;1m      9.38[0m[34;22m      0.00[0m[34;22m      0.00[0m[34;1m     83.85[0m
13:31:31   [32;22m     all[0m[34;1m      9.76[0m[34;22m      0.00[0m[34;1m     12.93[0m[34;22m      0.00[0m[34;22m      0.00[0m[34;1m     77.31[0m
13:31:32   [32;22m     all[0m[34;1m      9.76[0m[34;22m      0.00[0m[34;1m     12.66[0m[34;22m      0.00[0m[34;22m      0.00[0m[34;1m     77.57[0m
13:31:33   [32;22m     all[0m[34;1m     10.70[0m[34;22m      0.00[0m[34;1m     17.11[0m[34;22m      0.00[0m[34;22m      0.00[0m[34;1m     72.19[0m
13:31:34   [32;22m     all[0m[34;1m     11.83[0m[34;22m      0.00[0m[34;1m     16.67[0m[34;22m      0.00[0m[34;22m      0.00[0m[34;1m     71.51[0m
13:31:35   [32;22m     all[0m[34;1m     12.47[0m[34;22m      0.00[0m[34;1m     18.70[0m[34;22m      0.00[0m[34;22m      0.00[0m[34;1m     68.83[0m
13:31:36   [32;22m     all[0m[34;1m     12.30[0m[34;22m      0.00[0m[34;1m     20.32[0m[34;22m      0.00[0m[34;22m      0.00[0m[34;1m     67.38[0m
13:31:37   [32;22m     all[0m[34;1m     14.99[0m[34;22m      0.00[0m[34;1m     22.07[0m[34;22m      0.00[0m[34;22m      0.00[0m[34;1m     62.94[0m
13:31:38   [32;22m     all[0m[34;1m     15.99[0m[34;22m      0.00[0m[34;1m     24.12[0m[34;22m      0.00[0m[34;22m      0.00[0m[34;1m     59.89[0m
13:31:39   [32;22m     all[0m[34;1m     15.18[0m[34;22m      0.00[0m[34;1m     23.31[0m[34;22m      0.00[0m[34;22m      0.00[0m[34;1m     61.52[0m
13:31:40   [32;22m     all[0m[34;1m     17.17[0m[34;22m      0.00[0m[34;1m     25.76[0m[34;22m      0.00[0m[34;22m      0.00[0m[34;1m     57.06[0m
13:31:41   [32;22m     all[0m[34;1m     17.73[0m[34;22m      0.00[0m[34;1m     27.98[0m[34;22m      0.00[0m[34;22m      0.00[0m[34;1m     54.29[0m
13:31:42   [32;22m     all[0m[34;1m     17.17[0m[34;22m      0.00[0m[34;1m     27.42[0m[34;22m      0.00[0m[34;22m      0.00[0m[34;1m     55.40[0m
13:31:43   [32;22m     all[0m[34;1m     17.17[0m[34;22m      0.00[0m[34;1m     29.36[0m[34;22m      0.00[0m[34;22m      0.00[0m[34;1m     53.46[0m
13:31:44   [32;22m     all[0m[34;1m     18.44[0m[34;22m      0.00[0m[34;1m     31.28[0m[34;22m      0.00[0m[34;22m      0.00[0m[34;1m     50.28[0m
13:31:45   [32;22m     all[0m[34;1m     23.82[0m[34;22m      0.00[0m[34;1m     36.57[0m[34;22m      0.00[0m[34;22m      0.00[0m[34;1m     39.61[0m
13:31:46   [32;22m     all[0m[34;1m     20.06[0m[34;22m      0.00[0m[34;1m     33.43[0m[34;1m      0.28[0m[34;22m      0.00[0m[34;1m     46.24[0m
13:31:47   [32;22m     all[0m[34;1m     24.09[0m[34;22m      0.00[0m[34;1m     35.85[0m[34;22m      0.00[0m[34;22m      0.00[0m[34;1m     40.06[0m
13:31:48   [32;22m     all[0m[34;1m     23.84[0m[34;22m      0.00[0m[34;1m     39.45[0m[34;22m      0.00[0m[34;22m      0.00[0m[34;1m     36.71[0m
13:31:49   [32;22m     all[0m[34;1m     21.94[0m[34;22m      0.00[0m[34;1m     37.78[0m[34;1m      0.28[0m[34;22m      0.00[0m[34;1m     40.00[0m
13:31:50   [32;22m     all[0m[34;1m     23.14[0m[34;22m      0.00[0m[34;1m     37.19[0m[34;1m      0.28[0m[34;22m      0.00[0m[34;1m     39.39[0m
13:31:51   [32;22m     all[0m[34;1m     23.53[0m[34;22m      0.00[0m[34;1m     42.30[0m[34;22m      0.00[0m[34;22m      0.00[0m[34;1m     34.17[0m
13:31:52   [32;22m     all[0m[34;1m     27.00[0m[34;22m      0.00[0m[34;1m     53.72[0m[34;1m      0.28[0m[34;22m      0.00[0m[35;1m     19.01[0m
13:31:53   [32;22m     all[0m[34;1m     12.78[0m[34;22m      0.00[0m[35;1m     83.96[0m[34;1m      1.00[0m[34;22m      0.00[0m[31;1m      2.26[0m
13:31:54   [32;22m     all[0m[34;1m      2.27[0m[34;22m      0.00[0m[31;1m     97.73[0m[34;22m      0.00[0m[34;22m      0.00[0m[31;1m      0.00[0m
13:31:55   [32;22m     all[0m[34;1m      1.73[0m[34;22m      0.00[0m[31;1m     94.57[0m[34;1m      3.70[0m[34;22m      0.00[0m[31;1m      0.00[0m
13:31:56   [32;22m     all[0m[34;1m      1.01[0m[34;22m      0.00[0m[31;1m     98.23[0m[34;1m      0.76[0m[34;22m      0.00[0m[31;1m      0.00[0m
13:31:57   [32;22m     all[0m[34;1m      1.51[0m[34;22m      0.00[0m[31;1m     96.98[0m[34;1m      0.75[0m[34;22m      0.00[0m[31;1m      0.75[0m
13:31:58   [32;22m     all[0m[34;1m      1.01[0m[34;22m      0.00[0m[31;1m     96.98[0m[34;1m      2.01[0m[34;22m      0.00[0m[31;1m      0.00[0m
13:31:59   [32;22m     all[0m[34;1m      1.50[0m[34;22m      0.00[0m[31;1m     97.49[0m[34;1m      0.75[0m[34;22m      0.00[0m[31;1m      0.25[0m
13:32:00   [32;22m     all[0m[34;1m      1.75[0m[34;22m      0.00[0m[31;1m     97.26[0m[34;1m      1.00[0m[34;22m      0.00[0m[31;1m      0.00[0m
13:32:01   [32;22m     all[0m[34;1m      2.02[0m[34;22m      0.00[0m[31;1m     97.73[0m[34;1m      0.25[0m[34;22m      0.00[0m[31;1m      0.00[0m
13:32:02   [32;22m     all[0m[34;1m      1.25[0m[34;22m      0.00[0m[31;1m     98.25[0m[34;1m      0.50[0m[34;22m      0.00[0m[31;1m      0.00[0m
13:32:03   [32;22m     all[0m[34;1m      1.26[0m[34;22m      0.00[0m[31;1m     97.99[0m[34;1m      0.75[0m[34;22m      0.00[0m[31;1m      0.00[0m
13:32:04   [32;22m     all[0m[34;1m      1.51[0m[34;22m      0.00[0m[31;1m     97.99[0m[34;1m      0.50[0m[34;22m      0.00[0m[31;1m      0.00[0m
13:32:05   [32;22m     all[0m[34;1m      1.00[0m[34;22m      0.00[0m[31;1m     97.74[0m[34;1m      1.25[0m[34;22m      0.00[0m[31;1m      0.00[0m
13:32:06   [32;22m     all[0m[34;1m      1.01[0m[34;22m      0.00[0m[31;1m     97.99[0m[34;1m      0.75[0m[34;22m      0.00[0m[31;1m      0.25[0m
13:32:07   [32;22m     all[0m[34;1m      1.01[0m[34;22m      0.00[0m[31;1m     98.99[0m[34;22m      0.00[0m[34;22m      0.00[0m[31;1m      0.00[0m
13:32:08   [32;22m     all[0m[34;1m      1.00[0m[34;22m      0.00[0m[31;1m     98.25[0m[34;1m      0.75[0m[34;22m      0.00[0m[31;1m      0.00[0m
13:32:09   [32;22m     all[0m[34;1m      1.25[0m[34;22m      0.00[0m[31;1m     98.00[0m[34;1m      0.25[0m[34;22m      0.00[0m[31;1m      0.50[0m
13:32:10   [32;22m     all[0m[34;1m      4.02[0m[34;22m      0.00[0m[31;1m     95.73[0m[34;1m      0.25[0m[34;22m      0.00[0m[31;1m      0.00[0m
13:32:11   [32;22m     all[0m[34;1m      0.75[0m[34;22m      0.00[0m[31;1m     98.50[0m[34;1m      0.50[0m[34;22m      0.00[0m[31;1m      0.25[0m
13:32:12   [32;22m     all[0m[34;1m      0.50[0m[34;22m      0.00[0m[31;1m     99.25[0m[34;1m      0.25[0m[34;22m      0.00[0m[31;1m      0.00[0m
13:32:13   [32;22m     all[0m[34;1m      0.50[0m[34;22m      0.00[0m[31;1m     99.50[0m[34;22m      0.00[0m[34;22m      0.00[0m[31;1m      0.00[0m
13:32:14   [32;22m     all[0m[34;1m      0.25[0m[34;22m      0.00[0m[31;1m     99.50[0m[34;1m      0.25[0m[34;22m      0.00[0m[31;1m      0.00[0m
13:32:15   [32;22m     all[0m[34;1m      0.50[0m[34;22m      0.00[0m[31;1m     99.25[0m[34;1m      0.25[0m[34;22m      0.00[0m[31;1m      0.00[0m
13:32:16   [32;22m     all[0m[34;1m      0.25[0m[34;22m      0.00[0m[31;1m     99.49[0m[34;1m      0.25[0m[34;22m      0.00[0m[31;1m      0.00[0m
13:32:17   [32;22m     all[0m[34;1m      1.00[0m[34;22m      0.00[0m[31;1m     99.00[0m[34;22m      0.00[0m[34;22m      0.00[0m[31;1m      0.00[0m
13:32:18   [32;22m     all[0m[34;1m      0.25[0m[34;22m      0.00[0m[31;1m     99.50[0m[34;1m      0.25[0m[34;22m      0.00[0m[31;1m      0.00[0m
13:32:19   [32;22m     all[0m[34;1m      0.25[0m[34;22m      0.00[0m[31;1m     99.75[0m[34;22m      0.00[0m[34;22m      0.00[0m[31;1m      0.00[0m
13:32:20   [32;22m     all[0m[34;1m      0.25[0m[34;22m      0.00[0m[31;1m     99.50[0m[34;22m      0.00[0m[34;22m      0.00[0m[31;1m      0.25[0m
13:32:21   [32;22m     all[0m[34;1m      0.50[0m[34;22m      0.00[0m[31;1m     99.25[0m[34;1m      0.25[0m[34;22m      0.00[0m[31;1m      0.00[0m
13:32:22   [32;22m     all[0m[34;1m      0.50[0m[34;22m      0.00[0m[31;1m     99.50[0m[34;22m      0.00[0m[34;22m      0.00[0m[31;1m      0.00[0m
13:32:23   [32;22m     all[0m[34;1m      0.50[0m[34;22m      0.00[0m[31;1m     99.50[0m[34;22m      0.00[0m[34;22m      0.00[0m[31;1m      0.00[0m
13:32:24   [32;22m     all[0m[34;1m      0.50[0m[34;22m      0.00[0m[31;1m     99.50[0m[34;22m      0.00[0m[34;22m      0.00[0m[31;1m      0.00[0m
13:32:25   [32;22m     all[0m[34;22m      0.00[0m[34;22m      0.00[0m[31;1m    100.00[0m[34;22m      0.00[0m[34;22m      0.00[0m[31;1m      0.00[0m
13:32:26   [32;22m     all[0m[34;1m      0.50[0m[34;22m      0.00[0m[31;1m     99.50[0m[34;22m      0.00[0m[34;22m      0.00[0m[31;1m      0.00[0m
13:32:27   [32;22m     all[0m[34;1m      5.75[0m[34;22m      0.00[0m[31;1m     93.75[0m[34;1m      0.25[0m[34;22m      0.00[0m[31;1m      0.25[0m
13:32:28   [32;22m     all[0m[34;1m     20.21[0m[34;22m      0.00[0m[34;1m     29.92[0m[34;22m      0.00[0m[34;22m      0.00[0m[34;1m     49.87[0m
13:32:29   [32;22m     all[0m[34;1m      8.60[0m[34;22m      0.00[0m[34;1m      9.68[0m[34;1m      1.88[0m[34;22m      0.00[0m[34;1m     79.84[0m
13:32:30   [32;22m     all[0m[34;1m      2.08[0m[34;22m      0.00[0m[34;1m      4.94[0m[34;22m      0.00[0m[34;22m      0.00[0m[34;1m     92.99[0m
13:32:31   [32;22m     all[0m[34;1m      1.57[0m[34;22m      0.00[0m[34;1m      2.10[0m[34;1m      0.26[0m[34;22m      0.00[0m[34;1m     96.06[0m
13:32:32   [32;22m     all[0m[34;1m      1.81[0m[34;22m      0.00[0m[34;1m      3.89[0m[34;22m      0.00[0m[34;22m      0.00[0m[34;1m     94.30[0m
13:32:33   [32;22m     all[0m[34;1m      0.77[0m[34;22m      0.00[0m[34;1m      1.54[0m[34;22m      0.00[0m[34;22m      0.00[0m[34;1m     97.69[0m
13:32:34   [32;22m     all[0m[34;1m      1.03[0m[34;22m      0.00[0m[34;1m      0.51[0m[34;22m      0.00[0m[34;22m      0.00[0m[34;1m     98.46[0m
13:32:35   [32;22m     all[0m[34;1m      1.78[0m[34;22m      0.00[0m[34;1m      1.02[0m[34;22m      0.00[0m[34;22m      0.00[0m[34;1m     97.20[0m
13:32:36   [32;22m     all[0m[34;1m      0.77[0m[34;22m      0.00[0m[34;1m      0.77[0m[34;1m      0.26[0m[34;22m      0.00[0m[34;1m     98.21[0m
13:32:37   [32;22m     all[0m[34;1m      0.78[0m[34;22m      0.00[0m[34;1m      0.52[0m[34;22m      0.00[0m[34;22m      0.00[0m[34;1m     98.70[0m
13:32:38   [32;22m     all[0m[34;1m      2.06[0m[34;22m      0.00[0m[34;1m      2.58[0m[34;22m      0.00[0m[34;22m      0.00[0m[34;1m     95.36[0m
13:32:39   [32;22m     all[0m[34;1m      1.30[0m[34;22m      0.00[0m[34;1m      0.78[0m[34;22m      0.00[0m[34;22m      0.00[0m[34;1m     97.92[0m
13:32:40   [32;22m     all[0m[34;1m      7.63[0m[34;22m      0.00[0m[34;1m     11.45[0m[34;1m      0.25[0m[34;22m      0.00[0m[34;1m     80.66[0m
13:32:41   [32;22m     all[0m[34;1m      0.78[0m[34;22m      0.00[0m[34;1m      1.03[0m[34;22m      0.00[0m[34;22m      0.00[0m[34;1m     98.19[0m
13:32:42   [32;22m     all[0m[34;1m      2.09[0m[34;22m      0.00[0m[34;1m      2.35[0m[34;22m      0.00[0m[34;22m      0.00[0m[34;1m     95.56[0m
13:32:43   [32;22m     all[0m[34;1m      1.30[0m[34;22m      0.00[0m[34;1m      1.04[0m[34;1m      0.26[0m[34;22m      0.00[0m[34;1m     97.41[0m
13:32:44   [32;22m     all[0m[34;1m      1.28[0m[34;22m      0.00[0m[34;1m      1.54[0m[34;22m      0.00[0m[34;22m      0.00[0m[34;1m     97.18[0m
13:32:45   [32;22m     all[0m[34;1m      1.03[0m[34;22m      0.00[0m[34;1m      0.52[0m[34;22m      0.00[0m[34;22m      0.00[0m[34;1m     98.45[0m
13:32:46   [32;22m     all[0m[34;1m      0.77[0m[34;22m      0.00[0m[34;1m      0.77[0m[34;22m      0.00[0m[34;22m      0.00[0m[34;1m     98.47[0m
13:32:47   [32;22m     all[0m[34;1m      0.77[0m[34;22m      0.00[0m[34;1m      1.28[0m[34;22m      0.00[0m[34;22m      0.00[0m[34;1m     97.95[0m
13:32:48   [32;22m     all[0m[34;1m      2.56[0m[34;22m      0.00[0m[34;1m      2.31[0m[34;1m      0.26[0m[34;22m      0.00[0m[34;1m     94.87[0m
13:32:49   [32;22m     all[0m[34;1m      1.53[0m[34;22m      0.00[0m[34;1m      0.77[0m[34;22m      0.00[0m[34;22m      0.00[0m[34;1m     97.70[0m
13:32:50   [32;22m     all[0m[34;1m      0.52[0m[34;22m      0.00[0m[34;1m      0.26[0m[34;22m      0.00[0m[34;22m      0.00[0m[34;1m     99.23[0m
13:32:51   [32;22m     all[0m[34;1m      1.02[0m[34;22m      0.00[0m[34;1m      1.02[0m[34;1m      0.51[0m[34;22m      0.00[0m[34;1m     97.44[0m
13:32:52   [32;22m     all[0m[34;1m      1.03[0m[34;22m      0.00[0m[34;1m      0.51[0m[34;22m      0.00[0m[34;22m      0.00[0m[34;1m     98.46[0m
13:32:53   [32;22m     all[0m[34;1m      0.77[0m[34;22m      0.00[0m[34;1m      1.02[0m[34;22m      0.00[0m[34;22m      0.00[0m[34;1m     98.21[0m
13:32:54   [32;22m     all[0m[34;1m      0.77[0m[34;22m      0.00[0m[34;1m      0.26[0m[34;22m      0.00[0m[34;22m      0.00[0m[34;1m     98.97[0m
13:32:55   [32;22m     all[0m[34;1m      1.01[0m[34;22m      0.00[0m[34;1m      1.01[0m[34;22m      0.00[0m[34;22m      0.00[0m[34;1m     97.98[0m
13:32:56   [32;22m     all[0m[34;1m      0.77[0m[34;22m      0.00[0m[34;22m      0.00[0m[34;22m      0.00[0m[34;22m      0.00[0m[34;1m     99.23[0m
13:32:57   [32;22m     all[0m[34;1m      3.62[0m[34;22m      0.00[0m[34;1m      3.88[0m[34;1m      0.26[0m[34;22m      0.00[0m[34;1m     92.25[0m
13:32:58   [32;22m     all[0m[34;1m      2.58[0m[34;22m      0.00[0m[34;1m      2.07[0m[34;1m      0.26[0m[34;22m      0.00[0m[34;1m     95.09[0m
13:32:59   [32;22m     all[0m[34;1m      1.29[0m[34;22m      0.00[0m[34;1m      0.52[0m[34;1m      0.26[0m[34;22m      0.00[0m[34;1m     97.94[0m
13:33:00   [32;22m     all[0m[34;1m      1.02[0m[34;22m      0.00[0m[34;1m      1.28[0m[34;1m      0.26[0m[34;22m      0.00[0m[34;1m     97.44[0m
13:33:01   [32;22m     all[0m[34;1m      1.03[0m[34;22m      0.00[0m[34;1m      0.77[0m[34;22m      0.00[0m[34;22m      0.00[0m[34;1m     98.21[0m
13:33:02   [32;22m     all[0m[34;1m      0.51[0m[34;22m      0.00[0m[34;1m      1.02[0m[34;22m      0.00[0m[34;22m      0.00[0m[34;1m     98.47[0m
13:33:03   [32;22m     all[0m[34;1m      1.03[0m[34;22m      0.00[0m[34;1m      0.51[0m[34;22m      0.00[0m[34;22m      0.00[0m[34;1m     98.46[0m
13:33:04   [32;22m     all[0m[34;1m      1.27[0m[34;22m      0.00[0m[34;1m      1.78[0m[34;22m      0.00[0m[34;22m      0.00[0m[34;1m     96.95[0m
13:33:05   [32;22m     all[0m[34;1m      1.02[0m[34;22m      0.00[0m[34;1m      0.51[0m[34;22m      0.00[0m[34;22m      0.00[0m[34;1m     98.47[0m
13:33:06   [32;22m     all[0m[34;1m      0.52[0m[34;22m      0.00[0m[34;1m      0.26[0m[34;22m      0.00[0m[34;22m      0.00[0m[34;1m     99.22[0m
13:33:07   [32;22m     all[0m[34;1m      1.53[0m[34;22m      0.00[0m[34;1m      1.28[0m[34;22m      0.00[0m[34;22m      0.00[0m[34;1m     97.19[0m
13:33:08   [32;22m     all[0m[34;1m      1.79[0m[34;22m      0.00[0m[34;1m      1.54[0m[34;22m      0.00[0m[34;22m      0.00[0m[34;1m     96.67[0m
13:33:09   [32;22m     all[0m[34;1m      1.02[0m[34;22m      0.00[0m[34;1m      1.02[0m[34;1m      0.26[0m[34;22m      0.00[0m[34;1m     97.70[0m
13:33:10   [32;22m     all[0m[34;1m      0.76[0m[34;22m      0.00[0m[34;1m      0.51[0m[34;22m      0.00[0m[34;22m      0.00[0m[34;1m     98.73[0m
13:33:11   [32;22m     all[0m[34;1m      1.02[0m[34;22m      0.00[0m[34;1m      0.77[0m[34;22m      0.00[0m[34;22m      0.00[0m[34;1m     98.21[0m
13:33:12   [32;22m     all[0m[34;1m      1.53[0m[34;22m      0.00[0m[34;1m      1.28[0m[34;22m      0.00[0m[34;22m      0.00[0m[34;1m     97.19[0m
13:33:13   [32;22m     all[0m[34;1m      1.28[0m[34;22m      0.00[0m[34;1m      0.51[0m[34;1m      0.26[0m[34;22m      0.00[0m[34;1m     97.95[0m
13:33:14   [32;22m     all[0m[34;1m      0.77[0m[34;22m      0.00[0m[34;1m      1.28[0m[34;22m      0.00[0m[34;22m      0.00[0m[34;1m     97.95[0m
13:33:15   [32;22m     all[0m[34;1m      1.54[0m[34;22m      0.00[0m[34;1m      0.77[0m[34;22m      0.00[0m[34;22m      0.00[0m[34;1m     97.69[0m
13:33:16   [32;22m     all[0m[34;1m      0.77[0m[34;22m      0.00[0m[34;1m      1.02[0m[34;22m      0.00[0m[34;22m      0.00[0m[34;1m     98.21[0m
13:33:17   [32;22m     all[0m[34;1m      1.54[0m[34;22m      0.00[0m[34;1m      0.77[0m[34;1m      0.26[0m[34;22m      0.00[0m[34;1m     97.44[0m
13:33:18   [32;22m     all[0m[34;1m      1.81[0m[34;22m      0.00[0m[34;1m      1.55[0m[34;1m      0.26[0m[34;22m      0.00[0m[34;1m     96.38[0m
13:33:19   [32;22m     all[0m[34;1m      1.03[0m[34;22m      0.00[0m[34;1m      1.28[0m[34;22m      0.00[0m[34;22m      0.00[0m[34;1m     97.69[0m
13:33:20   [32;22m     all[0m[34;1m      1.03[0m[34;22m      0.00[0m[34;1m      0.51[0m[34;22m      0.00[0m[34;22m      0.00[0m[34;1m     98.46[0m
13:33:21   [32;22m     all[0m[34;1m      1.29[0m[34;22m      0.00[0m[34;1m      0.77[0m[34;22m      0.00[0m[34;22m      0.00[0m[34;1m     97.94[0m
13:33:22   [32;22m     all[0m[34;1m      1.03[0m[34;22m      0.00[0m[34;1m      0.51[0m[34;22m      0.00[0m[34;22m      0.00[0m[34;1m     98.46[0m
13:33:23   [32;22m     all[0m[34;1m      1.28[0m[34;22m      0.00[0m[34;1m      1.28[0m[34;22m      0.00[0m[34;22m      0.00[0m[34;1m     97.45[0m
13:33:24   [32;22m     all[0m[34;1m      1.03[0m[34;22m      0.00[0m[34;1m      0.52[0m[34;22m      0.00[0m[34;22m      0.00[0m[34;1m     98.45[0m
13:33:25   [32;22m     all[0m[34;1m      1.02[0m[34;22m      0.00[0m[34;1m      1.52[0m[34;1m      0.25[0m[34;22m      0.00[0m[34;1m     97.21[0m
13:33:26   [32;22m     all[0m[34;1m      0.77[0m[34;22m      0.00[0m[34;1m      0.77[0m[34;22m      0.00[0m[34;22m      0.00[0m[34;1m     98.46[0m
13:33:27   [32;22m     all[0m[34;1m      2.84[0m[34;22m      0.00[0m[34;1m      1.80[0m[34;22m      0.00[0m[34;22m      0.00[0m[34;1m     95.36[0m
13:33:28   [32;22m     all[0m[34;1m      2.85[0m[34;22m      0.00[0m[34;1m      2.07[0m[34;22m      0.00[0m[34;22m      0.00[0m[34;1m     95.08[0m
13:33:29   [32;22m     all[0m[34;1m      1.53[0m[34;22m      0.00[0m[34;1m      0.51[0m[34;22m      0.00[0m[34;22m      0.00[0m[34;1m     97.95[0m
13:33:30   [32;22m     all[0m[34;1m      0.26[0m[34;22m      0.00[0m[34;1m      0.77[0m[34;22m      0.00[0m[34;22m      0.00[0m[34;1m     98.98[0m
13:33:31   [32;22m     all[0m[34;1m      1.02[0m[34;22m      0.00[0m[34;1m      0.51[0m[34;22m      0.00[0m[34;22m      0.00[0m[34;1m     98.47[0m
13:33:32   [32;22m     all[0m[34;1m      0.77[0m[34;22m      0.00[0m[34;1m      0.77[0m[34;22m      0.00[0m[34;22m      0.00[0m[34;1m     98.47[0m
13:33:33   [32;22m     all[0m[34;1m      1.03[0m[34;22m      0.00[0m[34;1m      0.77[0m[34;22m      0.00[0m[34;22m      0.00[0m[34;1m     98.20[0m
13:33:34   [32;22m     all[0m[34;1m      0.77[0m[34;22m      0.00[0m[34;1m      0.51[0m[34;22m      0.00[0m[34;22m      0.00[0m[34;1m     98.71[0m
13:33:35   [32;22m     all[0m[34;1m      1.53[0m[34;22m      0.00[0m[34;1m      1.27[0m[34;22m      0.00[0m[34;22m      0.00[0m[34;1m     97.20[0m
13:33:36   [32;22m     all[0m[34;1m      1.02[0m[34;22m      0.00[0m[34;1m      1.02[0m[34;22m      0.00[0m[34;22m      0.00[0m[34;1m     97.96[0m
13:33:37   [32;22m     all[0m[34;1m      1.03[0m[34;22m      0.00[0m[34;1m      1.28[0m[34;22m      0.00[0m[34;22m      0.00[0m[34;1m     97.69[0m
13:33:38   [32;22m     all[0m[34;1m      3.07[0m[34;22m      0.00[0m[34;1m      1.79[0m[34;1m      0.26[0m[34;22m      0.00[0m[34;1m     94.88[0m
13:33:39   [32;22m     all[0m[34;1m      1.54[0m[34;22m      0.00[0m[34;1m      1.29[0m[34;22m      0.00[0m[34;22m      0.00[0m[34;1m     97.17[0m
13:33:40   [32;22m     all[0m[34;1m      0.77[0m[34;22m      0.00[0m[34;1m      0.26[0m[34;22m      0.00[0m[34;22m      0.00[0m[34;1m     98.97[0m
13:33:41   [32;22m     all[0m[34;1m      1.28[0m[34;22m      0.00[0m[34;1m      0.51[0m[34;22m      0.00[0m[34;22m      0.00[0m[34;1m     98.21[0m
13:33:42   [32;22m     all[0m[34;1m      1.54[0m[34;22m      0.00[0m[34;1m      1.03[0m[34;1m      0.26[0m[34;22m      0.00[0m[34;1m     97.17[0m
13:33:43   [32;22m     all[0m[34;1m      1.28[0m[34;22m      0.00[0m[34;1m      1.28[0m[34;22m      0.00[0m[34;22m      0.00[0m[34;1m     97.45[0m
13:33:44   [32;22m     all[0m[34;1m      0.76[0m[34;22m      0.00[0m[34;1m      0.76[0m[34;22m      0.00[0m[34;22m      0.00[0m[34;1m     98.48[0m
13:33:45   [32;22m     all[0m[34;1m      0.77[0m[34;22m      0.00[0m[34;1m      0.51[0m[34;22m      0.00[0m[34;22m      0.00[0m[34;1m     98.72[0m
13:33:46   [32;22m     all[0m[34;1m      0.51[0m[34;22m      0.00[0m[34;1m      0.77[0m[34;22m      0.00[0m[34;22m      0.00[0m[34;1m     98.72[0m
13:33:47   [32;22m     all[0m[34;1m      1.03[0m[34;22m      0.00[0m[34;1m      0.51[0m[34;22m      0.00[0m[34;22m      0.00[0m[34;1m     98.46[0m
13:33:48   [32;22m     all[0m[34;1m      2.31[0m[34;22m      0.00[0m[34;1m      1.54[0m[34;22m      0.00[0m[34;22m      0.00[0m[34;1m     96.14[0m
13:33:49   [32;22m     all[0m[34;1m      1.53[0m[34;22m      0.00[0m[34;1m      1.53[0m[34;22m      0.00[0m[34;22m      0.00[0m[34;1m     96.93[0m
13:33:50   [32;22m     all[0m[34;1m      0.76[0m[34;22m      0.00[0m[34;1m      0.76[0m[34;22m      0.00[0m[34;22m      0.00[0m[34;1m     98.48[0m
13:33:51   [32;22m     all[0m[34;1m      1.28[0m[34;22m      0.00[0m[34;1m      1.03[0m[34;22m      0.00[0m[34;22m      0.00[0m[34;1m     97.69[0m
13:33:52   [32;22m     all[0m[34;1m      1.29[0m[34;22m      0.00[0m[34;1m      0.51[0m[34;22m      0.00[0m[34;22m      0.00[0m[34;1m     98.20[0m
13:33:53   [32;22m     all[0m[34;1m      1.03[0m[34;22m      0.00[0m[34;1m      0.51[0m[34;22m      0.00[0m[34;22m      0.00[0m[34;1m     98.46[0m
13:33:54   [32;22m     all[0m[34;1m      0.77[0m[34;22m      0.00[0m[34;1m      0.51[0m[34;22m      0.00[0m[34;22m      0.00[0m[34;1m     98.72[0m
13:33:55   [32;22m     all[0m[34;1m      1.27[0m[34;22m      0.00[0m[34;1m      1.02[0m[34;1m      0.25[0m[34;22m      0.00[0m[34;1m     97.46[0m
13:33:56   [32;22m     all[0m[34;1m      0.51[0m[34;22m      0.00[0m[34;1m      0.77[0m[34;22m      0.00[0m[34;22m      0.00[0m[34;1m     98.72[0m
13:33:57   [32;22m     all[0m[34;1m      2.31[0m[34;22m      0.00[0m[34;1m      1.80[0m[34;22m      0.00[0m[34;22m      0.00[0m[34;1m     95.89[0m
13:33:58   [32;22m     all[0m[34;1m      3.87[0m[34;22m      0.00[0m[34;1m      1.55[0m[34;22m      0.00[0m[34;22m      0.00[0m[34;1m     94.59[0m
13:33:59   [32;22m     all[0m[34;1m      1.03[0m[34;22m      0.00[0m[34;1m      0.77[0m[34;22m      0.00[0m[34;22m      0.00[0m[34;1m     98.21[0m
13:34:00   [32;22m     all[0m[34;1m      0.77[0m[34;22m      0.00[0m[34;1m      1.02[0m[34;22m      0.00[0m[34;22m      0.00[0m[34;1m     98.21[0m
13:34:01   [32;22m     all[0m[34;1m      1.02[0m[34;22m      0.00[0m[34;1m      0.77[0m[34;22m      0.00[0m[34;22m      0.00[0m[34;1m     98.21[0m
13:34:02   [32;22m     all[0m[34;1m      0.77[0m[34;22m      0.00[0m[34;1m      0.77[0m[34;22m      0.00[0m[34;22m      0.00[0m[34;1m     98.47[0m
13:34:03   [32;22m     all[0m[34;1m      1.02[0m[34;22m      0.00[0m[34;1m      1.53[0m[34;22m      0.00[0m[34;22m      0.00[0m[34;1m     97.46[0m
13:34:04   [32;22m     all[0m[34;1m      1.28[0m[34;22m      0.00[0m[34;1m      0.77[0m[34;22m      0.00[0m[34;22m      0.00[0m[34;1m     97.95[0m
13:34:05   [32;22m     all[0m[34;1m      0.77[0m[34;22m      0.00[0m[34;1m      0.51[0m[34;22m      0.00[0m[34;22m      0.00[0m[34;1m     98.71[0m
13:34:06   [32;22m     all[0m[34;1m      0.51[0m[34;22m      0.00[0m[34;1m      0.26[0m[34;22m      0.00[0m[34;22m      0.00[0m[34;1m     99.23[0m
13:34:07   [32;22m     all[0m[34;1m      1.02[0m[34;22m      0.00[0m[34;1m      1.28[0m[34;22m      0.00[0m[34;22m      0.00[0m[34;1m     97.70[0m
13:34:08   [32;22m     all[0m[34;1m      1.80[0m[34;22m      0.00[0m[34;1m      1.54[0m[34;22m      0.00[0m[34;22m      0.00[0m[34;1m     96.66[0m
13:34:09   [32;22m     all[0m[34;1m      1.29[0m[34;22m      0.00[0m[34;1m      0.77[0m[34;22m      0.00[0m[34;22m      0.00[0m[34;1m     97.94[0m
13:34:10   [32;22m     all[0m[34;1m      1.52[0m[34;22m      0.00[0m[34;1m      1.01[0m[34;22m      0.00[0m[34;22m      0.00[0m[34;1m     97.47[0m
13:34:11   [32;22m     all[0m[34;1m      0.77[0m[34;22m      0.00[0m[34;1m      1.03[0m[34;22m      0.00[0m[34;22m      0.00[0m[34;1m     98.21[0m
13:34:12   [32;22m     all[0m[34;1m      0.77[0m[34;22m      0.00[0m[34;1m      1.29[0m[34;22m      0.00[0m[34;22m      0.00[0m[34;1m     97.94[0m
13:34:13   [32;22m     all[0m[34;1m      1.52[0m[34;22m      0.00[0m[34;1m      0.51[0m[34;1m      0.25[0m[34;22m      0.00[0m[34;1m     97.72[0m
13:34:14   [32;22m     all[0m[34;1m      0.77[0m[34;22m      0.00[0m[34;1m      0.51[0m[34;22m      0.00[0m[34;22m      0.00[0m[34;1m     98.72[0m
13:34:15   [32;22m     all[0m[34;1m      0.77[0m[34;22m      0.00[0m[34;1m      1.53[0m[34;22m      0.00[0m[34;22m      0.00[0m[34;1m     97.70[0m
13:34:16   [32;22m     all[0m[34;1m      1.53[0m[34;22m      0.00[0m[34;1m      0.76[0m[34;22m      0.00[0m[34;22m      0.00[0m[34;1m     97.71[0m
13:34:17   [32;22m     all[0m[34;1m      0.77[0m[34;22m      0.00[0m[34;1m      0.51[0m[34;22m      0.00[0m[34;22m      0.00[0m[34;1m     98.72[0m
13:34:18   [32;22m     all[0m[34;1m      2.04[0m[34;22m      0.00[0m[34;1m      1.53[0m[34;22m      0.00[0m[34;22m      0.00[0m[34;1m     96.43[0m
13:34:19   [32;22m     all[0m[34;1m      1.28[0m[34;22m      0.00[0m[34;1m      0.51[0m[34;22m      0.00[0m[34;22m      0.00[0m[34;1m     98.21[0m
13:34:20   [32;22m     all[0m[34;1m      0.76[0m[34;22m      0.00[0m[34;1m      0.76[0m[34;1m      0.51[0m[34;22m      0.00[0m[34;1m     97.97[0m
13:34:21   [32;22m     all[0m[34;1m      1.28[0m[34;22m      0.00[0m[34;1m      0.51[0m[34;22m      0.00[0m[34;22m      0.00[0m[34;1m     98.21[0m
13:34:22   [32;22m     all[0m[34;1m      1.02[0m[34;22m      0.00[0m[34;1m      0.77[0m[34;22m      0.00[0m[34;22m      0.00[0m[34;1m     98.21[0m
13:34:23   [32;22m     all[0m[34;1m      1.03[0m[34;22m      0.00[0m[34;1m      0.51[0m[34;22m      0.00[0m[34;22m      0.00[0m[34;1m     98.46[0m
13:34:24   [32;22m     all[0m[34;1m      0.77[0m[34;22m      0.00[0m[34;1m      0.77[0m[34;22m      0.00[0m[34;22m      0.00[0m[34;1m     98.47[0m
13:34:25   [32;22m     all[0m[34;1m      0.77[0m[34;22m      0.00[0m[34;1m      0.77[0m[34;22m      0.00[0m[34;22m      0.00[0m[34;1m     98.47[0m
13:34:26   [32;22m     all[0m[34;1m      0.76[0m[34;22m      0.00[0m[34;1m      1.77[0m[34;22m      0.00[0m[34;22m      0.00[0m[34;1m     97.47[0m
13:34:27   [32;22m     all[0m[34;1m      1.56[0m[34;22m      0.00[0m[34;1m      0.78[0m[34;22m      0.00[0m[34;22m      0.00[0m[34;1m     97.66[0m
13:34:28   [32;22m     all[0m[34;1m      2.34[0m[34;22m      0.00[0m[34;1m      1.82[0m[34;22m      0.00[0m[34;22m      0.00[0m[34;1m     95.84[0m
13:34:29   [32;22m     all[0m[34;1m      1.03[0m[34;22m      0.00[0m[34;1m      0.77[0m[34;22m      0.00[0m[34;22m      0.00[0m[34;1m     98.21[0m
13:34:30   [32;22m     all[0m[34;1m      0.77[0m[34;22m      0.00[0m[34;1m      0.77[0m[34;22m      0.00[0m[34;22m      0.00[0m[34;1m     98.46[0m
13:34:31   [32;22m     all[0m[34;1m      1.29[0m[34;22m      0.00[0m[34;1m      0.51[0m[34;22m      0.00[0m[34;22m      0.00[0m[34;1m     98.20[0m
13:34:32   [32;22m     all[0m[34;1m      1.02[0m[34;22m      0.00[0m[34;1m      1.53[0m[34;22m      0.00[0m[34;22m      0.00[0m[34;1m     97.46[0m
13:34:33   [32;22m     all[0m[34;1m      1.02[0m[34;22m      0.00[0m[34;1m      0.77[0m[34;1m      0.26[0m[34;22m      0.00[0m[34;1m     97.96[0m
13:34:34   [32;22m     all[0m[34;1m      1.03[0m[34;22m      0.00[0m[34;1m      0.51[0m[34;22m      0.00[0m[34;22m      0.00[0m[34;1m     98.46[0m
13:34:35   [32;22m     all[0m[34;1m      1.52[0m[34;22m      0.00[0m[34;1m      0.76[0m[34;22m      0.00[0m[34;22m      0.00[0m[34;1m     97.72[0m
13:34:36   [32;22m     all[0m[34;1m      0.51[0m[34;22m      0.00[0m[34;1m      1.28[0m[34;22m      0.00[0m[34;22m      0.00[0m[34;1m     98.21[0m
13:34:37   [32;22m     all[0m[34;1m      1.28[0m[34;22m      0.00[0m[34;1m      1.02[0m[34;22m      0.00[0m[34;22m      0.00[0m[34;1m     97.70[0m
13:34:38   [32;22m     all[0m[34;1m      1.80[0m[34;22m      0.00[0m[34;1m      1.54[0m[34;1m      0.26[0m[34;22m      0.00[0m[34;1m     96.40[0m
13:34:39   [32;22m     all[0m[34;1m      1.28[0m[34;22m      0.00[0m[34;1m      1.02[0m[34;22m      0.00[0m[34;22m      0.00[0m[34;1m     97.70[0m
13:34:40   [32;22m     all[0m[34;1m      1.02[0m[34;22m      0.00[0m[34;1m      0.77[0m[34;22m      0.00[0m[34;22m      0.00[0m[34;1m     98.21[0m
13:34:41   [32;22m     all[0m[34;1m      1.55[0m[34;22m      0.00[0m[34;1m      0.26[0m[34;22m      0.00[0m[34;22m      0.00[0m[34;1m     98.19[0m
13:34:42   [32;22m     all[0m[34;1m      1.02[0m[34;22m      0.00[0m[34;1m      1.28[0m[34;22m      0.00[0m[34;22m      0.00[0m[34;1m     97.70[0m
13:34:43   [32;22m     all[0m[34;1m      2.30[0m[34;22m      0.00[0m[34;1m      1.79[0m[34;22m      0.00[0m[34;22m      0.00[0m[34;1m     95.92[0m
13:34:44   [32;22m     all[0m[34;1m      1.03[0m[34;22m      0.00[0m[34;1m      0.26[0m[34;22m      0.00[0m[34;22m      0.00[0m[34;1m     98.72[0m
13:34:45   [32;22m     all[0m[34;1m      0.51[0m[34;22m      0.00[0m[34;1m      1.02[0m[34;22m      0.00[0m[34;22m      0.00[0m[34;1m     98.47[0m
13:34:46   [32;22m     all[0m[34;1m      1.01[0m[34;22m      0.00[0m[34;1m      0.76[0m[34;22m      0.00[0m[34;22m      0.00[0m[34;1m     98.23[0m
13:34:47   [32;22m     all[0m[34;1m      0.77[0m[34;22m      0.00[0m[34;1m      0.77[0m[34;22m      0.00[0m[34;22m      0.00[0m[34;1m     98.47[0m
13:34:48   [32;22m     all[0m[34;1m      2.31[0m[34;22m      0.00[0m[34;1m      1.29[0m[34;22m      0.00[0m[34;22m      0.00[0m[34;1m     96.40[0m
13:34:49   [32;22m     all[0m[34;1m      1.27[0m[34;22m      0.00[0m[34;1m      1.02[0m[34;22m      0.00[0m[34;22m      0.00[0m[34;1m     97.72[0m
13:34:50   [32;22m     all[0m[34;1m      0.26[0m[34;22m      0.00[0m[34;1m      0.77[0m[34;22m      0.00[0m[34;22m      0.00[0m[34;1m     98.97[0m
13:34:51   [32;22m     all[0m[34;1m      1.79[0m[34;22m      0.00[0m[34;1m      1.03[0m[34;22m      0.00[0m[34;22m      0.00[0m[34;1m     97.18[0m
13:34:52   [32;22m     all[0m[34;1m      1.02[0m[34;22m      0.00[0m[34;1m      0.26[0m[34;22m      0.00[0m[34;22m      0.00[0m[34;1m     98.72[0m
13:34:53   [32;22m     all[0m[34;1m      1.02[0m[34;22m      0.00[0m[34;1m      0.77[0m[34;1m      0.26[0m[34;22m      0.00[0m[34;1m     97.95[0m
13:34:54   [32;22m     all[0m[34;1m      1.28[0m[34;22m      0.00[0m[34;1m      1.02[0m[34;22m      0.00[0m[34;22m      0.00[0m[34;1m     97.70[0m
13:34:55   [32;22m     all[0m[34;1m      1.27[0m[34;22m      0.00[0m[34;1m      0.51[0m[34;22m      0.00[0m[34;22m      0.00[0m[34;1m     98.22[0m
13:34:56   [32;22m     all[0m[34;1m      0.52[0m[34;22m      0.00[0m[34;1m      0.52[0m[34;22m      0.00[0m[34;22m      0.00[0m[34;1m     98.97[0m
13:34:57   [32;22m     all[0m[34;1m      1.28[0m[34;22m      0.00[0m[34;1m      1.28[0m[34;22m      0.00[0m[34;22m      0.00[0m[34;1m     97.45[0m
13:34:58   [32;22m     all[0m[34;1m      2.06[0m[34;22m      0.00[0m[34;1m      1.80[0m[34;1m      0.26[0m[34;22m      0.00[0m[34;1m     95.89[0m
13:34:59   [32;22m     all[0m[34;1m      1.03[0m[34;22m      0.00[0m[34;1m      0.77[0m[34;22m      0.00[0m[34;22m      0.00[0m[34;1m     98.20[0m
13:35:00   [32;22m     all[0m[34;1m      1.03[0m[34;22m      0.00[0m[34;1m      0.77[0m[34;22m      0.00[0m[34;22m      0.00[0m[34;1m     98.21[0m
13:35:01   [32;22m     all[0m[34;1m      1.02[0m[34;22m      0.00[0m[34;1m      1.53[0m[34;22m      0.00[0m[34;22m      0.00[0m[34;1m     97.46[0m
13:35:02   [32;22m     all[0m[34;1m      0.77[0m[34;22m      0.00[0m[34;1m      0.77[0m[34;22m      0.00[0m[34;22m      0.00[0m[34;1m     98.47[0m
13:35:03   [32;22m     all[0m[34;1m      1.02[0m[34;22m      0.00[0m[34;1m      1.27[0m[34;22m      0.00[0m[34;22m      0.00[0m[34;1m     97.72[0m
13:35:04   [32;22m     all[0m[34;1m      1.02[0m[34;22m      0.00[0m[34;1m      0.77[0m[34;22m      0.00[0m[34;22m      0.00[0m[34;1m     98.21[0m
13:35:05   [32;22m     all[0m[34;1m      1.02[0m[34;22m      0.00[0m[34;1m      0.51[0m[34;22m      0.00[0m[34;22m      0.00[0m[34;1m     98.47[0m
13:35:06   [32;22m     all[0m[34;1m      1.02[0m[34;22m      0.00[0m[34;1m      0.51[0m[34;22m      0.00[0m[34;22m      0.00[0m[34;1m     98.47[0m
13:35:07   [32;22m     all[0m[34;1m      1.27[0m[34;22m      0.00[0m[34;1m      0.76[0m[34;22m      0.00[0m[34;22m      0.00[0m[34;1m     97.96[0m
13:35:08   [32;22m     all[0m[34;1m      1.82[0m[34;22m      0.00[0m[34;1m      1.56[0m[34;22m      0.00[0m[34;22m      0.00[0m[34;1m     96.62[0m
13:35:09   [32;22m     all[0m[34;1m      1.77[0m[34;22m      0.00[0m[34;1m      2.27[0m[34;1m      0.25[0m[34;22m      0.00[0m[34;1m     95.71[0m
13:35:10   [32;22m     all[0m[34;1m      0.51[0m[34;22m      0.00[0m[34;1m      0.26[0m[34;22m      0.00[0m[34;22m      0.00[0m[34;1m     99.23[0m
13:35:11   [32;22m     all[0m[34;1m      1.79[0m[34;22m      0.00[0m[34;1m      0.77[0m[34;22m      0.00[0m[34;22m      0.00[0m[34;1m     97.44[0m
13:35:12   [32;22m     all[0m[34;1m      0.77[0m[34;22m      0.00[0m[34;1m      0.51[0m[34;22m      0.00[0m[34;22m      0.00[0m[34;1m     98.72[0m
13:35:13   [32;22m     all[0m[34;1m      1.27[0m[34;22m      0.00[0m[34;1m      1.53[0m[34;22m      0.00[0m[34;22m      0.00[0m[34;1m     97.20[0m
13:35:14   [32;22m     all[0m[34;1m      1.28[0m[34;22m      0.00[0m[34;1m      0.77[0m[34;22m      0.00[0m[34;22m      0.00[0m[34;1m     97.96[0m
13:35:15   [32;22m     all[0m[34;1m      1.27[0m[34;22m      0.00[0m[34;1m      0.51[0m[34;22m      0.00[0m[34;22m      0.00[0m[34;1m     98.22[0m
13:35:16   [32;22m     all[0m[34;1m      0.51[0m[34;22m      0.00[0m[34;1m      0.77[0m[34;22m      0.00[0m[34;22m      0.00[0m[34;1m     98.71[0m
13:35:17   [32;22m     all[0m[34;1m      1.02[0m[34;22m      0.00[0m[34;1m      1.02[0m[34;22m      0.00[0m[34;22m      0.00[0m[34;1m     97.95[0m
13:35:18   [32;22m     all[0m[34;1m      2.59[0m[34;22m      0.00[0m[34;1m      1.30[0m[34;22m      0.00[0m[34;22m      0.00[0m[34;1m     96.11[0m
13:35:19   [32;22m     all[0m[34;1m      1.29[0m[34;22m      0.00[0m[34;1m      0.52[0m[34;22m      0.00[0m[34;22m      0.00[0m[34;1m     98.20[0m
13:35:20   [32;22m     all[0m[34;1m      0.51[0m[34;22m      0.00[0m[34;1m      1.27[0m[34;22m      0.00[0m[34;22m      0.00[0m[34;1m     98.23[0m
13:35:21   [32;22m     all[0m[34;1m      1.29[0m[34;22m      0.00[0m[34;1m      0.77[0m[34;1m      0.26[0m[34;22m      0.00[0m[34;1m     97.69[0m
13:35:22   [32;22m     all[0m[34;1m      0.51[0m[34;22m      0.00[0m[34;1m      0.77[0m[34;1m      0.26[0m[34;22m      0.00[0m[34;1m     98.47[0m
13:35:23   [32;22m     all[0m[34;1m      1.02[0m[34;22m      0.00[0m[34;1m      1.02[0m[34;1m      0.25[0m[34;22m      0.00[0m[34;1m     97.71[0m
13:35:24   [32;22m     all[0m[34;1m      1.02[0m[34;22m      0.00[0m[34;1m      1.02[0m[34;22m      0.00[0m[34;22m      0.00[0m[34;1m     97.97[0m
13:35:25   [32;22m     all[0m[34;1m      0.52[0m[34;22m      0.00[0m[34;1m      0.52[0m[34;22m      0.00[0m[34;22m      0.00[0m[34;1m     98.97[0m
13:35:26   [32;22m     all[0m[34;1m      0.76[0m[34;22m      0.00[0m[34;1m      1.02[0m[34;22m      0.00[0m[34;22m      0.00[0m[34;1m     98.22[0m
13:35:27   [32;22m     all[0m[34;1m      2.28[0m[34;22m      0.00[0m[34;1m      1.52[0m[34;22m      0.00[0m[34;22m      0.00[0m[34;1m     96.19[0m
13:35:28   [32;22m     all[0m[34;1m      1.81[0m[34;22m      0.00[0m[34;1m      2.07[0m[34;22m      0.00[0m[34;22m      0.00[0m[34;1m     96.12[0m
13:35:29   [32;22m     all[0m[34;1m      1.28[0m[34;22m      0.00[0m[34;1m      1.28[0m[34;22m      0.00[0m[34;22m      0.00[0m[34;1m     97.44[0m
13:35:30   [32;22m     all[0m[34;1m      1.02[0m[34;22m      0.00[0m[34;1m      0.77[0m[34;22m      0.00[0m[34;22m      0.00[0m[34;1m     98.21[0m
13:35:31   [32;22m     all[0m[34;1m      1.78[0m[34;22m      0.00[0m[34;1m      1.53[0m[34;22m      0.00[0m[34;22m      0.00[0m[34;1m     96.69[0m
13:35:32   [32;22m     all[0m[34;1m      0.51[0m[34;22m      0.00[0m[34;1m      0.51[0m[34;22m      0.00[0m[34;22m      0.00[0m[34;1m     98.97[0m
13:35:33   [32;22m     all[0m[34;1m      1.28[0m[34;22m      0.00[0m[34;1m      1.03[0m[34;22m      0.00[0m[34;22m      0.00[0m[34;1m     97.69[0m
13:35:34   [32;22m     all[0m[34;1m      1.02[0m[34;22m      0.00[0m[34;1m      0.77[0m[34;22m      0.00[0m[34;22m      0.00[0m[34;1m     98.21[0m
13:35:35   [32;22m     all[0m[34;1m      1.02[0m[34;22m      0.00[0m[34;1m      0.51[0m[34;22m      0.00[0m[34;22m      0.00[0m[34;1m     98.47[0m
13:35:36   [32;22m     all[0m[34;1m      0.51[0m[34;22m      0.00[0m[34;1m      1.02[0m[34;22m      0.00[0m[34;22m      0.00[0m[34;1m     98.48[0m
13:35:37   [32;22m     all[0m[34;1m      1.28[0m[34;22m      0.00[0m[34;1m      0.77[0m[34;22m      0.00[0m[34;22m      0.00[0m[34;1m     97.96[0m
13:35:38   [32;22m     all[0m[34;1m      2.57[0m[34;22m      0.00[0m[34;1m      1.80[0m[34;1m      0.26[0m[34;22m      0.00[0m[34;1m     95.37[0m
13:35:39   [32;22m     all[0m[34;1m      0.77[0m[34;22m      0.00[0m[34;1m      0.77[0m[34;22m      0.00[0m[34;22m      0.00[0m[34;1m     98.46[0m
13:35:40   [32;22m     all[0m[34;1m      1.02[0m[34;22m      0.00[0m[34;1m      0.51[0m[34;22m      0.00[0m[34;22m      0.00[0m[34;1m     98.48[0m
13:35:41   [32;22m     all[0m[34;1m      1.02[0m[34;22m      0.00[0m[34;1m      1.02[0m[34;22m      0.00[0m[34;22m      0.00[0m[34;1m     97.96[0m
13:35:42   [32;22m     all[0m[34;1m      1.03[0m[34;22m      0.00[0m[34;1m      0.51[0m[34;22m      0.00[0m[34;22m      0.00[0m[34;1m     98.46[0m
13:35:43   [32;22m     all[0m[34;1m      1.02[0m[34;22m      0.00[0m[34;1m      1.28[0m[34;22m      0.00[0m[34;22m      0.00[0m[34;1m     97.70[0m
13:35:44   [32;22m     all[0m[34;1m      1.02[0m[34;22m      0.00[0m[34;1m      1.02[0m[34;1m      0.25[0m[34;22m      0.00[0m[34;1m     97.72[0m
13:35:45   [32;22m     all[0m[34;1m      1.02[0m[34;22m      0.00[0m[34;1m      1.02[0m[34;22m      0.00[0m[34;22m      0.00[0m[34;1m     97.95[0m
13:35:46   [32;22m     all[0m[34;1m      0.77[0m[34;22m      0.00[0m[34;1m      0.51[0m[34;22m      0.00[0m[34;22m      0.00[0m[34;1m     98.72[0m
13:35:47   [32;22m     all[0m[34;1m      1.28[0m[34;22m      0.00[0m[34;1m      0.77[0m[34;22m      0.00[0m[34;22m      0.00[0m[34;1m     97.95[0m
13:35:48   [32;22m     all[0m[34;1m      1.80[0m[34;22m      0.00[0m[34;1m      1.80[0m[34;22m      0.00[0m[34;22m      0.00[0m[34;1m     96.39[0m
13:35:49   [32;22m     all[0m[34;1m      2.05[0m[34;22m      0.00[0m[34;1m      0.51[0m[34;22m      0.00[0m[34;22m      0.00[0m[34;1m     97.44[0m
13:35:50   [32;22m     all[0m[34;1m      0.76[0m[34;22m      0.00[0m[34;1m      1.26[0m[34;22m      0.00[0m[34;22m      0.00[0m[34;1m     97.98[0m
13:35:51   [32;22m     all[0m[34;1m      1.28[0m[34;22m      0.00[0m[34;1m      0.77[0m[34;1m      0.26[0m[34;22m      0.00[0m[34;1m     97.70[0m
13:35:52   [32;22m     all[0m[34;1m      0.52[0m[34;22m      0.00[0m[34;1m      0.52[0m[34;22m      0.00[0m[34;22m      0.00[0m[34;1m     98.97[0m
13:35:53   [32;22m     all[0m[34;1m      1.27[0m[34;22m      0.00[0m[34;1m      1.27[0m[34;22m      0.00[0m[34;22m      0.00[0m[34;1m     97.46[0m
13:35:54   [32;22m     all[0m[34;1m      1.03[0m[34;22m      0.00[0m[34;1m      0.51[0m[34;22m      0.00[0m[34;22m      0.00[0m[34;1m     98.46[0m
13:35:55   [32;22m     all[0m[34;1m      1.03[0m[34;22m      0.00[0m[34;1m      0.77[0m[34;1m      0.26[0m[34;22m      0.00[0m[34;1m     97.95[0m
13:35:56   [32;22m     all[0m[34;1m      0.76[0m[34;22m      0.00[0m[34;1m      1.01[0m[34;22m      0.00[0m[34;22m      0.00[0m[34;1m     98.24[0m
13:35:57   [32;22m     all[0m[34;1m      1.79[0m[34;22m      0.00[0m[34;1m      0.77[0m[34;22m      0.00[0m[34;22m      0.00[0m[34;1m     97.44[0m
13:35:58   [32;22m     all[0m[34;1m      3.34[0m[34;22m      0.00[0m[34;1m      1.54[0m[34;22m      0.00[0m[34;22m      0.00[0m[34;1m     95.12[0m
13:35:59   [32;22m     all[0m[34;1m      1.02[0m[34;22m      0.00[0m[34;1m      1.02[0m[34;22m      0.00[0m[34;22m      0.00[0m[34;1m     97.95[0m
13:36:00   [32;22m     all[0m[34;1m      1.02[0m[34;22m      0.00[0m[34;1m      1.27[0m[34;22m      0.00[0m[34;22m      0.00[0m[34;1m     97.72[0m
13:36:01   [32;22m     all[0m[34;1m      0.78[0m[34;22m      0.00[0m[34;1m      0.52[0m[34;22m      0.00[0m[34;22m      0.00[0m[34;1m     98.71[0m
13:36:02   [32;22m     all[0m[34;1m      1.28[0m[34;22m      0.00[0m[34;1m      1.02[0m[34;22m      0.00[0m[34;22m      0.00[0m[34;1m     97.70[0m
13:36:03   [32;22m     all[0m[34;1m      1.28[0m[34;22m      0.00[0m[34;1m      1.02[0m[34;22m      0.00[0m[34;22m      0.00[0m[34;1m     97.70[0m
13:36:04   [32;22m     all[0m[34;1m      1.03[0m[34;22m      0.00[0m[34;1m      0.26[0m[34;22m      0.00[0m[34;22m      0.00[0m[34;1m     98.71[0m
13:36:05   [32;22m     all[0m[34;1m      1.03[0m[34;22m      0.00[0m[34;1m      1.28[0m[34;1m      0.26[0m[34;22m      0.00[0m[34;1m     97.44[0m
13:36:06   [32;22m     all[0m[34;1m      0.77[0m[34;22m      0.00[0m[34;1m      0.51[0m[34;22m      0.00[0m[34;22m      0.00[0m[34;1m     98.72[0m
13:36:07   [32;22m     all[0m[34;1m      1.53[0m[34;22m      0.00[0m[34;1m      0.76[0m[34;22m      0.00[0m[34;22m      0.00[0m[34;1m     97.71[0m
13:36:08   [32;22m     all[0m[34;1m      1.55[0m[34;22m      0.00[0m[34;1m      2.07[0m[34;22m      0.00[0m[34;22m      0.00[0m[34;1m     96.38[0m
13:36:09   [32;22m     all[0m[34;1m      0.77[0m[34;22m      0.00[0m[34;1m      0.51[0m[34;22m      0.00[0m[34;22m      0.00[0m[34;1m     98.72[0m
13:36:10   [32;22m     all[0m[34;1m      1.02[0m[34;22m      0.00[0m[34;1m      1.02[0m[34;22m      0.00[0m[34;22m      0.00[0m[34;1m     97.96[0m
13:36:11   [32;22m     all[0m[34;1m      1.78[0m[34;22m      0.00[0m[34;1m      1.02[0m[34;22m      0.00[0m[34;22m      0.00[0m[34;1m     97.20[0m
13:36:12   [32;22m     all[0m[34;1m      0.77[0m[34;22m      0.00[0m[34;1m      0.77[0m[34;1m      0.26[0m[34;22m      0.00[0m[34;1m     98.20[0m
13:36:13   [32;22m     all[0m[34;1m      1.79[0m[34;22m      0.00[0m[34;1m      1.02[0m[34;22m      0.00[0m[34;22m      0.00[0m[34;1m     97.19[0m
13:36:14   [32;22m     all[0m[34;1m      0.51[0m[34;22m      0.00[0m[34;1m      0.51[0m[34;22m      0.00[0m[34;22m      0.00[0m[34;1m     98.97[0m
13:36:15   [32;22m     all[0m[34;1m      1.03[0m[34;22m      0.00[0m[34;1m      0.77[0m[34;22m      0.00[0m[34;22m      0.00[0m[34;1m     98.21[0m
13:36:16   [32;22m     all[0m[34;1m      0.77[0m[34;22m      0.00[0m[34;1m      0.77[0m[34;22m      0.00[0m[34;22m      0.00[0m[34;1m     98.47[0m
13:36:17   [32;22m     all[0m[34;1m      0.77[0m[34;22m      0.00[0m[34;1m      0.77[0m[34;22m      0.00[0m[34;22m      0.00[0m[34;1m     98.46[0m
13:36:18   [32;22m     all[0m[34;1m      1.80[0m[34;22m      0.00[0m[34;1m      2.06[0m[34;22m      0.00[0m[34;22m      0.00[0m[34;1m     96.14[0m
13:36:19   [32;22m     all[0m[34;1m      1.27[0m[34;22m      0.00[0m[34;1m      1.27[0m[34;22m      0.00[0m[34;22m      0.00[0m[34;1m     97.46[0m
13:36:20   [32;22m     all[0m[34;1m      0.51[0m[34;22m      0.00[0m[34;22m      0.00[0m[34;22m      0.00[0m[34;22m      0.00[0m[34;1m     99.49[0m
13:36:21   [32;22m     all[0m[34;1m      1.51[0m[34;22m      0.00[0m[34;1m      1.26[0m[34;22m      0.00[0m[34;22m      0.00[0m[34;1m     97.23[0m
13:36:22   [32;22m     all[0m[34;1m      0.77[0m[34;22m      0.00[0m[34;1m      0.51[0m[34;1m      0.26[0m[34;22m      0.00[0m[34;1m     98.46[0m
13:36:23   [32;22m     all[0m[34;1m      1.53[0m[34;22m      0.00[0m[34;1m      1.02[0m[34;22m      0.00[0m[34;22m      0.00[0m[34;1m     97.44[0m
13:36:24   [32;22m     all[0m[34;1m      1.02[0m[34;22m      0.00[0m[34;1m      1.02[0m[34;22m      0.00[0m[34;22m      0.00[0m[34;1m     97.96[0m
13:36:25   [32;22m     all[0m[34;1m      1.29[0m[34;22m      0.00[0m[34;1m      0.51[0m[34;1m      0.26[0m[34;22m      0.00[0m[34;1m     97.94[0m
13:36:26   [32;22m     all[0m[34;1m      0.26[0m[34;22m      0.00[0m[34;1m      0.77[0m[34;22m      0.00[0m[34;22m      0.00[0m[34;1m     98.98[0m
13:36:27   [32;22m     all[0m[34;1m      1.79[0m[34;22m      0.00[0m[34;1m      1.28[0m[34;22m      0.00[0m[34;22m      0.00[0m[34;1m     96.93[0m
