[2026-04-17 21:02:11,766] aayanksinghai-Vivobook-ASUSLaptop-K3605ZF-K3605ZF/INFO/locust.main: Starting Locust 2.43.4
[2026-04-17 21:02:11,767] aayanksinghai-Vivobook-ASUSLaptop-K3605ZF-K3605ZF/INFO/locust.main: Run time limit set to 300 seconds
[2026-04-17 21:02:11,767] aayanksinghai-Vivobook-ASUSLaptop-K3605ZF-K3605ZF/INFO/locust.runners: Ramping to 1000 users at a rate of 33.00 per second
[2026-04-17 21:02:41,842] aayanksinghai-Vivobook-ASUSLaptop-K3605ZF-K3605ZF/INFO/locust.runners: All users spawned: {"BoutiqueUser": 1000} (1000 total users)
[2026-04-17 21:07:11,617] aayanksinghai-Vivobook-ASUSLaptop-K3605ZF-K3605ZF/INFO/locust.main: --run-time limit reached, shutting down
[2026-04-17 21:07:11,737] aayanksinghai-Vivobook-ASUSLaptop-K3605ZF-K3605ZF/INFO/locust.main: Shutting down (exit code 0)
Type     Name                                                                          # reqs      # fails |    Avg     Min     Max    Med |   req/s  failures/s
--------|----------------------------------------------------------------------------|-------|-------------|-------|-------|-------|-------|--------|-----------
GET      GET /                                                                          22592     0(0.00%) |      6       1     106      5 |   75.32        0.00
GET      GET /?currency=X                                                               18189     0(0.00%) |      6       1     131      5 |   60.64        0.00
GET      GET /?product_id=X                                                              2196     0(0.00%) |      6       2     120      5 |    7.32        0.00
GET      GET /cart                                                                       9251     0(0.00%) |      6       1     102      5 |   30.84        0.00
GET      GET /product/[id]                                                              15940     0(0.00%) |      5       1     106      5 |   53.14        0.00
POST     POST /cart (add)                                                               11141     0(0.00%) |     15       3     140      9 |   37.14        0.00
POST     POST /cart (pre-checkout add)                                                   4556     0(0.00%) |     15       4     118      9 |   15.19        0.00
POST     POST /cart/checkout                                                             4556     0(0.00%) |     13       2     135      6 |   15.19        0.00
POST     POST /cart/empty                                                                4432     0(0.00%) |      9       3     129      8 |   14.78        0.00
POST     POST /setCurrency                                                               6996     0(0.00%) |     14       3     106      8 |   23.32        0.00
--------|----------------------------------------------------------------------------|-------|-------------|-------|-------|-------|-------|--------|-----------
         Aggregated                                                                     99849     0(0.00%) |      8       1     140      6 |  332.87        0.00

Response time percentiles (approximated)
Type     Name                                                                                  50%    66%    75%    80%    90%    95%    98%    99%  99.9% 99.99%   100% # reqs
--------|--------------------------------------------------------------------------------|--------|------|------|------|------|------|------|------|------|------|------|------
GET      GET /                                                                                   5      6      6      7      8      9     14     51     90    110    110  22592
GET      GET /?currency=X                                                                        5      6      6      7      8     10     15     54     91    130    130  18189
GET      GET /?product_id=X                                                                      5      6      6      7      8     10     14     39     86    120    120   2196
GET      GET /cart                                                                               5      6      6      7      8      9     15     54     88    100    100   9251
GET      GET /product/[id]                                                                       5      5      6      6      8      9     14     50     90    110    110  15940
POST     POST /cart (add)                                                                        9     11     12     14     49     51     55     69    100    120    140  11141
POST     POST /cart (pre-checkout add)                                                           9     11     12     13     48     51     56     75    100    120    120   4556
POST     POST /cart/checkout                                                                     6      8      9     12     46     48     49     51     62    140    140   4556
POST     POST /cart/empty                                                                        8      9     10     10     12     14     22     65     99    130    130   4432
POST     POST /setCurrency                                                                       8     10     11     13     48     50     53     64     96    110    110   6996
--------|--------------------------------------------------------------------------------|--------|------|------|------|------|------|------|------|------|------|------|------
         Aggregated                                                                              6      7      8      9     11     44     51     57     93    120    140  99849

[locust] Test starting → target: http://localhost:8081
[locust] Test complete.
