Linux 6.6.95 (minikube) 	04/17/26 	_x86_64_	(4 CPU)

13:42:12    kbmemfree   kbavail kbmemused  %memused kbbuffers  kbcached  kbcommit   %commit  kbactive   kbinact   kbdirty
13:42:13   [34;1m   1537140[0m[34;1m   1750228[0m[34;1m    980100[0m[34;1m     24.49[0m[34;1m     10836[0m[34;1m   1379540[0m[34;1m   6027120[0m[31;1m    150.63[0m[34;1m    656800[0m[34;1m   1573844[0m[34;1m       404[0m
13:42:14   [34;1m   1531696[0m[34;1m   1744796[0m[34;1m    985464[0m[34;1m     24.63[0m[34;1m     10860[0m[34;1m   1379552[0m[34;1m   6053100[0m[31;1m    151.27[0m[34;1m    656812[0m[34;1m   1590728[0m[34;1m       404[0m
13:42:15   [34;1m   1519380[0m[34;1m   1732660[0m[34;1m    997048[0m[34;1m     24.92[0m[34;1m     10860[0m[34;1m   1379744[0m[34;1m   6083800[0m[31;1m    152.04[0m[34;1m    657000[0m[34;1m   1603436[0m[34;1m       536[0m
13:42:16   [34;1m   1505132[0m[34;1m   1718452[0m[34;1m   1011116[0m[34;1m     25.27[0m[34;1m     10860[0m[34;1m   1379788[0m[34;1m   6114500[0m[31;1m    152.81[0m[34;1m    657036[0m[34;1m   1622140[0m[34;1m       580[0m
13:42:17   [34;1m   1490124[0m[34;1m   1703652[0m[34;1m   1025096[0m[34;1m     25.62[0m[34;1m     10860[0m[34;1m   1379992[0m[34;1m   6145200[0m[31;1m    153.58[0m[34;1m    657216[0m[34;1m   1636804[0m[34;1m       780[0m
13:42:18   [34;1m   1472876[0m[34;1m   1686412[0m[34;1m   1041772[0m[34;1m     26.04[0m[34;1m     10860[0m[34;1m   1380008[0m[34;1m   6175900[0m[31;1m    154.34[0m[34;1m    657236[0m[34;1m   1657608[0m[34;1m       796[0m
13:42:19   [34;1m   1447040[0m[34;1m   1661052[0m[34;1m   1066212[0m[34;1m     26.65[0m[34;1m     10876[0m[34;1m   1380328[0m[34;1m   6206600[0m[31;1m    155.11[0m[34;1m    657424[0m[34;1m   1682648[0m[34;1m      1120[0m
13:42:20   [34;1m   1422976[0m[34;1m   1637032[0m[34;1m   1089692[0m[34;1m     27.23[0m[34;1m     10876[0m[34;1m   1380368[0m[34;1m   6237300[0m[31;1m    155.88[0m[34;1m    657452[0m[34;1m   1701636[0m[34;22m         0[0m
13:42:21   [34;1m   1397412[0m[34;1m   1611780[0m[34;1m   1113720[0m[34;1m     27.83[0m[34;1m     10876[0m[34;1m   1380704[0m[34;1m   6268000[0m[31;1m    156.65[0m[34;1m    657632[0m[34;1m   1723632[0m[34;1m       252[0m
13:42:22   [34;1m   1372328[0m[34;1m   1586812[0m[34;1m   1137904[0m[34;1m     28.44[0m[34;1m     10876[0m[34;1m   1380820[0m[34;1m   6298700[0m[31;1m    157.41[0m[34;1m    657652[0m[34;1m   1743592[0m[34;1m       368[0m
13:42:23   [34;1m   1345508[0m[34;1m   1560428[0m[34;1m   1163168[0m[34;1m     29.07[0m[34;1m     10876[0m[34;1m   1381132[0m[34;1m   6329400[0m[31;1m    158.18[0m[34;1m    657768[0m[34;1m   1765376[0m[34;1m       680[0m
13:42:24   [34;1m   1319436[0m[34;1m   1534712[0m[34;1m   1187884[0m[34;1m     29.69[0m[34;1m     10884[0m[34;1m   1381448[0m[34;1m   6360100[0m[31;1m    158.95[0m[34;1m    657880[0m[34;1m   1788724[0m[34;1m      1004[0m
13:42:25   [34;1m   1292148[0m[34;1m   1507840[0m[34;1m   1213444[0m[34;1m     30.33[0m[34;1m     10884[0m[34;1m   1381776[0m[34;1m   6390800[0m[31;1m    159.71[0m[34;1m    658020[0m[34;1m   1811076[0m[34;1m      1384[0m
13:42:26   [34;1m   1268348[0m[34;1m   1484368[0m[34;1m   1235684[0m[34;1m     30.88[0m[34;1m     10892[0m[34;1m   1382100[0m[34;1m   6421500[0m[31;1m    160.48[0m[34;1m    658120[0m[34;1m   1831212[0m[34;1m      1712[0m
13:42:27   [34;1m   1241236[0m[34;1m   1457484[0m[34;1m   1261728[0m[34;1m     31.53[0m[34;1m     10892[0m[34;1m   1382208[0m[34;1m   6452200[0m[31;1m    161.25[0m[34;1m    658160[0m[34;1m   1852848[0m[34;1m      1816[0m
13:42:28   [34;1m   1213984[0m[34;1m   1430756[0m[34;1m   1286804[0m[34;1m     32.16[0m[34;1m     10928[0m[34;1m   1382720[0m[34;1m   6482892[0m[31;1m    162.02[0m[34;1m    658296[0m[34;1m   1874372[0m[34;1m      2552[0m
13:42:29   [34;1m   1187452[0m[34;1m   1404652[0m[34;1m   1311676[0m[34;1m     32.78[0m[34;1m     10940[0m[34;1m   1383048[0m[34;1m   6513592[0m[31;1m    162.78[0m[34;1m    658432[0m[34;1m   1897656[0m[34;1m      2840[0m
13:42:30   [34;1m   1159684[0m[34;1m   1377168[0m[34;1m   1337976[0m[34;1m     33.44[0m[34;1m     10948[0m[34;1m   1383308[0m[34;1m   6544292[0m[31;1m    163.55[0m[34;1m    658508[0m[34;1m   1920128[0m[34;1m      3104[0m
13:42:31   [34;1m   1127612[0m[34;1m   1345800[0m[34;1m   1367988[0m[34;1m     34.19[0m[34;1m     10948[0m[34;1m   1383984[0m[34;1m   6579712[0m[31;1m    164.44[0m[34;1m    658684[0m[34;1m   1947048[0m[34;1m      3644[0m
13:42:32   [34;1m   1102536[0m[34;1m   1321132[0m[34;1m   1391372[0m[34;1m     34.77[0m[34;1m     10948[0m[34;1m   1384332[0m[34;1m   6610412[0m[31;1m    165.20[0m[34;1m    658732[0m[34;1m   1967904[0m[34;1m      3992[0m
13:42:33   [34;1m   1072324[0m[34;1m   1291252[0m[34;1m   1419212[0m[34;1m     35.47[0m[34;1m     10948[0m[34;1m   1384776[0m[34;1m   6641112[0m[31;1m    165.97[0m[34;1m    658820[0m[34;1m   1990776[0m[34;1m      4436[0m
13:42:34   [34;1m   1048960[0m[34;1m   1268508[0m[34;1m   1440284[0m[34;1m     35.99[0m[34;1m     10948[0m[34;1m   1385212[0m[34;1m   6667092[0m[31;1m    166.62[0m[34;1m    658972[0m[34;1m   2008676[0m[34;1m      4868[0m
13:42:35   [34;1m   1021344[0m[34;1m   1241152[0m[34;1m   1465608[0m[34;1m     36.63[0m[34;1m     10956[0m[34;1m   1385568[0m[34;1m   6698048[0m[31;1m    167.39[0m[34;1m    659000[0m[34;1m   2031044[0m[34;1m      5084[0m
13:42:36   [34;1m    994352[0m[34;1m   1214860[0m[34;1m   1489820[0m[34;1m     37.23[0m[34;1m     10956[0m[34;1m   1386132[0m[34;1m   6729004[0m[31;1m    168.17[0m[34;1m    659160[0m[34;1m   2053204[0m[34;1m      5788[0m
13:42:37   [34;1m    966452[0m[34;1m   1187436[0m[34;1m   1515232[0m[34;1m     37.87[0m[34;1m     10956[0m[34;1m   1386548[0m[34;1m   6759704[0m[31;1m    168.93[0m[34;1m    659260[0m[34;1m   2074580[0m[34;1m      6204[0m
13:42:38   [34;1m    935524[0m[34;1m   1157072[0m[34;1m   1543552[0m[34;1m     38.58[0m[34;1m     10964[0m[34;1m   1387008[0m[34;1m   6794500[0m[31;1m    169.80[0m[34;1m    659312[0m[34;1m   2097828[0m[34;1m      6672[0m
13:42:39   [34;1m    907164[0m[34;1m   1129560[0m[34;1m   1569076[0m[34;1m     39.21[0m[34;1m     10964[0m[34;1m   1387644[0m[34;1m   6833392[0m[31;1m    170.78[0m[34;1m    659480[0m[34;1m   2121456[0m[34;1m      7292[0m
13:42:40   [34;1m    876504[0m[34;1m   1099472[0m[34;1m   1596836[0m[34;1m     39.91[0m[34;1m     10964[0m[34;1m   1388224[0m[34;1m   6868444[0m[31;1m    171.65[0m[34;1m    659568[0m[34;1m   2145088[0m[34;1m      7872[0m
13:42:41   [34;1m    847340[0m[34;1m   1071012[0m[34;1m   1623260[0m[34;1m     40.57[0m[34;1m     10964[0m[34;1m   1388900[0m[34;1m   6903312[0m[31;1m    172.52[0m[34;1m    659628[0m[34;1m   2168820[0m[34;1m      8548[0m
13:42:42   [34;1m    811392[0m[34;1m   1036392[0m[34;1m   1654948[0m[34;1m     41.36[0m[34;1m     10972[0m[34;1m   1389592[0m[34;1m   6942332[0m[31;1m    173.50[0m[34;1m    659776[0m[34;1m   2196460[0m[34;1m      9244[0m
13:42:43   [34;1m    802840[0m[34;1m   1028296[0m[34;1m   1663052[0m[34;1m     41.56[0m[34;1m     10972[0m[34;1m   1389988[0m[34;1m   6946428[0m[31;1m    173.60[0m[34;1m    659852[0m[34;1m   2198348[0m[34;1m      9632[0m
13:42:44   [34;1m    802140[0m[34;1m   1028300[0m[34;1m   1663024[0m[34;1m     41.56[0m[34;1m     10980[0m[34;1m   1390660[0m[34;1m   6946428[0m[31;1m    173.60[0m[34;1m    659860[0m[34;1m   2199072[0m[34;1m     10300[0m
13:42:45   [34;1m    801676[0m[34;1m   1028548[0m[34;1m   1662728[0m[34;1m     41.55[0m[34;1m     10980[0m[34;1m   1391420[0m[34;1m   6950524[0m[31;1m    173.70[0m[34;1m    659860[0m[34;1m   2200708[0m[34;1m     11060[0m
13:42:46   [34;1m    801424[0m[34;1m   1028908[0m[34;1m   1662372[0m[34;1m     41.54[0m[34;1m     10980[0m[34;1m   1392028[0m[34;1m   6950524[0m[31;1m    173.70[0m[34;1m    659860[0m[34;1m   2201564[0m[34;1m     11668[0m
13:42:47   [34;1m    801424[0m[34;1m   1029292[0m[34;1m   1661792[0m[34;1m     41.53[0m[34;1m     10980[0m[34;1m   1392608[0m[34;1m   6950524[0m[31;1m    173.70[0m[34;1m    659860[0m[34;1m   2202308[0m[34;1m     12248[0m
13:42:48   [34;1m    799968[0m[34;1m   1028700[0m[34;1m   1662480[0m[34;1m     41.55[0m[34;1m     10988[0m[34;1m   1393304[0m[34;1m   6950524[0m[31;1m    173.70[0m[34;1m    659856[0m[34;1m   2204976[0m[34;1m     12948[0m
13:42:49   [34;1m    799464[0m[34;1m   1028636[0m[34;1m   1662680[0m[34;1m     41.55[0m[34;1m     10988[0m[34;1m   1393676[0m[34;1m   6950524[0m[31;1m    173.70[0m[34;1m    659868[0m[34;1m   2204044[0m[34;1m     13312[0m
13:42:50   [34;1m    798960[0m[34;1m   1028944[0m[34;1m   1662300[0m[34;1m     41.54[0m[34;1m     10988[0m[34;1m   1394472[0m[34;1m   6950524[0m[31;1m    173.70[0m[34;1m    659868[0m[34;1m   2205580[0m[34;1m     14108[0m
13:42:51   [34;1m    796216[0m[34;1m   1026496[0m[34;1m   1664596[0m[34;1m     41.60[0m[34;1m     10988[0m[34;1m   1394772[0m[34;1m   6955244[0m[31;1m    173.82[0m[34;1m    659868[0m[34;1m   2208284[0m[34;1m       404[0m
13:42:52   [34;1m    794492[0m[34;1m   1025752[0m[34;1m   1665404[0m[34;1m     41.62[0m[34;1m     10988[0m[34;1m   1395788[0m[34;1m   6955244[0m[31;1m    173.82[0m[34;1m    659868[0m[34;1m   2209280[0m[34;1m      1348[0m
13:42:53   [34;1m    792504[0m[34;1m   1024168[0m[34;1m   1667020[0m[34;1m     41.66[0m[34;1m     10996[0m[34;1m   1396160[0m[34;1m   6955244[0m[31;1m    173.82[0m[34;1m    659868[0m[34;1m   2207780[0m[34;1m      1724[0m
13:42:54   [34;1m    791496[0m[34;1m   1023912[0m[34;1m   1667204[0m[34;1m     41.67[0m[34;1m     10996[0m[34;1m   1396924[0m[34;1m   6950524[0m[31;1m    173.70[0m[34;1m    659876[0m[34;1m   2207548[0m[34;1m      2480[0m
13:42:55   [34;1m    790992[0m[34;1m   1023824[0m[34;1m   1667400[0m[34;1m     41.67[0m[34;1m     10996[0m[34;1m   1397224[0m[34;1m   6950524[0m[31;1m    173.70[0m[34;1m    659876[0m[34;1m   2207824[0m[34;1m      2780[0m
13:42:56   [34;1m    790488[0m[34;1m   1023864[0m[34;1m   1667200[0m[34;1m     41.67[0m[34;1m     10996[0m[34;1m   1397912[0m[34;1m   6950524[0m[31;1m    173.70[0m[34;1m    659876[0m[34;1m   2209216[0m[34;1m      3260[0m
13:42:57   [34;1m    790236[0m[34;1m   1024420[0m[34;1m   1666672[0m[34;1m     41.65[0m[34;1m     10996[0m[34;1m   1398656[0m[34;1m   6950524[0m[31;1m    173.70[0m[34;1m    659876[0m[34;1m   2210328[0m[34;1m      4004[0m
13:42:58   [34;1m    787716[0m[34;1m   1022376[0m[34;1m   1668688[0m[34;1m     41.70[0m[34;1m     11004[0m[34;1m   1399140[0m[34;1m   6950524[0m[31;1m    173.70[0m[34;1m    659868[0m[34;1m   2211008[0m[34;1m      4496[0m
13:42:59   [34;1m    787464[0m[34;1m   1022832[0m[34;1m   1668268[0m[34;1m     41.69[0m[34;1m     11020[0m[34;1m   1399780[0m[34;1m   6950524[0m[31;1m    173.70[0m[34;1m    659884[0m[34;1m   2210832[0m[34;1m      5160[0m
13:43:00   [34;1m    786736[0m[34;1m   1022548[0m[34;1m   1668500[0m[34;1m     41.70[0m[34;1m     11020[0m[34;1m   1400252[0m[34;1m   6950524[0m[31;1m    173.70[0m[34;1m    659900[0m[34;1m   2211448[0m[34;1m      5620[0m
13:43:01   [34;1m    786260[0m[34;1m   1022900[0m[34;1m   1668256[0m[34;1m     41.69[0m[34;1m     11020[0m[34;1m   1400952[0m[34;1m   6950524[0m[31;1m    173.70[0m[34;1m    659900[0m[34;1m   2212440[0m[34;1m      6300[0m
13:43:02   [34;1m    786008[0m[34;1m   1023100[0m[34;1m   1667904[0m[34;1m     41.68[0m[34;1m     11020[0m[34;1m   1401552[0m[34;1m   6950524[0m[31;1m    173.70[0m[34;1m    659900[0m[34;1m   2210304[0m[34;1m      6900[0m
13:43:03   [34;1m    783764[0m[34;1m   1021548[0m[34;1m   1669596[0m[34;1m     41.73[0m[34;1m     11020[0m[34;1m   1402184[0m[34;1m   6950524[0m[31;1m    173.70[0m[34;1m    659900[0m[34;1m   2211384[0m[34;1m      7532[0m
13:43:04   [34;1m    783764[0m[34;1m   1022076[0m[34;1m   1669020[0m[34;1m     41.71[0m[34;1m     11036[0m[34;1m   1402640[0m[34;1m   6950524[0m[31;1m    173.70[0m[34;1m    659900[0m[34;1m   2213084[0m[34;1m      8004[0m
13:43:05   [34;1m    783764[0m[34;1m   1022784[0m[34;1m   1668232[0m[34;1m     41.69[0m[34;1m     11036[0m[34;1m   1403412[0m[34;1m   6950524[0m[31;1m    173.70[0m[34;1m    659916[0m[34;1m   2214380[0m[34;1m      8768[0m
13:43:06   [34;1m    783288[0m[34;1m   1022592[0m[34;1m   1668396[0m[34;1m     41.70[0m[34;1m     11036[0m[34;1m   1403716[0m[34;1m   6950524[0m[31;1m    173.70[0m[34;1m    659916[0m[34;1m   2215072[0m[34;1m      9072[0m
13:43:07   [34;1m    783036[0m[34;1m   1023280[0m[34;1m   1667748[0m[34;1m     41.68[0m[34;1m     11036[0m[34;1m   1404604[0m[34;1m   6950524[0m[31;1m    173.70[0m[34;1m    659916[0m[34;1m   2216344[0m[34;1m      9960[0m
13:43:08   [34;1m    779256[0m[34;1m   1019892[0m[34;1m   1671000[0m[34;1m     41.76[0m[34;1m     11036[0m[34;1m   1405008[0m[34;1m   6954620[0m[31;1m    173.80[0m[34;1m    659916[0m[34;1m   2219008[0m[34;1m     10364[0m
13:43:09   [34;1m    779004[0m[34;1m   1020352[0m[34;1m   1670680[0m[34;1m     41.75[0m[34;1m     11044[0m[34;1m   1405648[0m[34;1m   6954620[0m[31;1m    173.80[0m[34;1m    659916[0m[34;1m   2220152[0m[34;1m     11012[0m
13:43:10   [34;1m    777520[0m[34;1m   1019532[0m[34;1m   1671468[0m[34;1m     41.77[0m[34;1m     11052[0m[34;1m   1406320[0m[34;1m   6958716[0m[31;1m    173.91[0m[34;1m    659924[0m[34;1m   2222880[0m[34;1m     11684[0m
13:43:11   [34;1m    774748[0m[34;1m   1017396[0m[34;1m   1673448[0m[34;1m     41.82[0m[34;1m     11052[0m[34;1m   1406936[0m[34;1m   6963468[0m[31;1m    174.03[0m[34;1m    659932[0m[34;1m   2226100[0m[34;1m     12288[0m
13:43:12   [34;1m    773488[0m[34;1m   1016612[0m[34;1m   1674212[0m[34;1m     41.84[0m[34;1m     11052[0m[34;1m   1407524[0m[34;1m   6963468[0m[31;1m    174.03[0m[34;1m    659932[0m[34;1m   2227776[0m[34;1m     12876[0m
13:43:13   [34;1m    770492[0m[34;1m   1014316[0m[34;1m   1676648[0m[34;1m     41.90[0m[34;1m     11052[0m[34;1m   1408128[0m[34;1m   6963468[0m[31;1m    174.03[0m[34;1m    659932[0m[34;1m   2228876[0m[34;1m     13484[0m
13:43:14   [34;1m    769260[0m[34;1m   1013816[0m[34;1m   1677264[0m[34;1m     41.92[0m[34;1m     11060[0m[34;1m   1408624[0m[34;1m   6958748[0m[31;1m    173.91[0m[34;1m    659940[0m[34;1m   2229692[0m[34;1m     13976[0m
13:43:15   [34;1m    768252[0m[34;1m   1013212[0m[34;1m   1677708[0m[34;1m     41.93[0m[34;1m     11060[0m[34;1m   1409196[0m[34;1m   6962844[0m[31;1m    174.01[0m[34;1m    659940[0m[34;1m   2229432[0m[34;1m     14548[0m
13:43:16   [34;1m    766992[0m[34;1m   1012276[0m[34;1m   1678488[0m[34;1m     41.95[0m[34;1m     11068[0m[34;1m   1409648[0m[34;1m   6962844[0m[31;1m    174.01[0m[34;1m    659940[0m[34;1m   2230792[0m[34;1m      7016[0m
13:43:17   [34;1m    766236[0m[34;1m   1012424[0m[34;1m   1678424[0m[34;1m     41.95[0m[34;1m     11068[0m[34;1m   1410436[0m[34;1m   6963100[0m[31;1m    174.02[0m[34;1m    659948[0m[34;1m   2233172[0m[34;1m      7584[0m
13:43:18   [34;1m    760692[0m[34;1m   1007396[0m[34;1m   1683416[0m[34;1m     42.07[0m[34;1m     11068[0m[34;1m   1410940[0m[34;1m   6967196[0m[31;1m    174.12[0m[34;1m    659948[0m[34;1m   2238276[0m[34;1m      8088[0m
13:43:19   [34;1m    760188[0m[34;1m   1007472[0m[34;1m   1683236[0m[34;1m     42.07[0m[34;1m     11068[0m[34;1m   1411636[0m[34;1m   6967196[0m[31;1m    174.12[0m[34;1m    659948[0m[34;1m   2238332[0m[34;1m      8784[0m
13:43:20   [34;1m    757948[0m[34;1m   1005852[0m[34;1m   1685000[0m[34;1m     42.11[0m[34;1m     11068[0m[34;1m   1412124[0m[34;1m   6967196[0m[31;1m    174.12[0m[34;1m    659948[0m[34;1m   2242236[0m[34;1m      9272[0m
13:43:21   [34;1m    755680[0m[34;1m   1004296[0m[34;1m   1686604[0m[34;1m     42.15[0m[34;1m     11076[0m[34;1m   1412780[0m[34;1m   6971292[0m[31;1m    174.22[0m[34;1m    659948[0m[34;1m   2244712[0m[34;1m       164[0m
13:43:22   [34;1m    753160[0m[34;1m   1002456[0m[34;1m   1688544[0m[34;1m     42.20[0m[34;1m     11084[0m[34;1m   1413336[0m[34;1m   6971292[0m[31;1m    174.22[0m[34;1m    659956[0m[34;1m   2245908[0m[34;1m       612[0m
13:43:23   [34;1m    748624[0m[34;1m    998336[0m[34;1m   1692576[0m[34;1m     42.30[0m[34;1m     11084[0m[34;1m   1413828[0m[34;1m   6975388[0m[31;1m    174.32[0m[34;1m    659968[0m[34;1m   2249576[0m[34;1m      1096[0m
13:43:24   [34;1m    746636[0m[34;1m    997144[0m[34;1m   1693736[0m[34;1m     42.33[0m[34;1m     11084[0m[34;1m   1414636[0m[34;1m   6975388[0m[31;1m    174.32[0m[34;1m    659964[0m[34;1m   2252600[0m[34;1m      1904[0m
13:43:25   [34;1m    745124[0m[34;1m    996048[0m[34;1m   1694832[0m[34;1m     42.36[0m[34;1m     11084[0m[34;1m   1415040[0m[34;1m   6975388[0m[31;1m    174.32[0m[34;1m    659964[0m[34;1m   2252772[0m[34;1m      2308[0m
13:43:26   [34;1m    743108[0m[34;1m    994724[0m[34;1m   1696176[0m[34;1m     42.39[0m[34;1m     11084[0m[34;1m   1415720[0m[34;1m   6979484[0m[31;1m    174.43[0m[34;1m    659964[0m[34;1m   2255688[0m[34;1m      2988[0m
13:43:27   [34;1m    740588[0m[34;1m    992840[0m[34;1m   1698044[0m[34;1m     42.44[0m[34;1m     11100[0m[34;1m   1416340[0m[34;1m   6983580[0m[31;1m    174.53[0m[34;1m    659972[0m[34;1m   2258768[0m[34;1m      3608[0m
13:43:28   [34;1m    734792[0m[34;1m    987648[0m[34;1m   1703216[0m[34;1m     42.57[0m[34;1m     11100[0m[34;1m   1416924[0m[34;1m   6987932[0m[31;1m    174.64[0m[34;1m    659984[0m[34;1m   2264144[0m[34;1m      4192[0m
13:43:29   [34;1m    733280[0m[34;1m    986576[0m[34;1m   1704296[0m[34;1m     42.59[0m[34;1m     11108[0m[34;1m   1417364[0m[34;1m   6987932[0m[31;1m    174.64[0m[34;1m    659988[0m[34;1m   2265420[0m[34;1m      4632[0m
13:43:30   [34;1m    731012[0m[34;1m    985080[0m[34;1m   1705736[0m[34;1m     42.63[0m[34;1m     11108[0m[34;1m   1418152[0m[34;1m   6988188[0m[31;1m    174.64[0m[34;1m    659988[0m[34;1m   2269068[0m[34;1m      5420[0m
13:43:31   [34;1m    726992[0m[34;1m    981560[0m[34;1m   1709220[0m[34;1m     42.72[0m[34;1m     11116[0m[34;1m   1418604[0m[34;1m   6997004[0m[31;1m    174.86[0m[34;1m    659996[0m[34;1m   2272848[0m[34;1m      5872[0m
13:43:32   [34;1m    725228[0m[34;1m    980344[0m[34;1m   1710400[0m[34;1m     42.75[0m[34;1m     11116[0m[34;1m   1419180[0m[34;1m   6997004[0m[31;1m    174.86[0m[34;1m    659996[0m[34;1m   2274592[0m[34;1m      6444[0m
13:43:33   [34;1m    722988[0m[34;1m    978720[0m[34;1m   1712072[0m[34;1m     42.79[0m[34;1m     11116[0m[34;1m   1419760[0m[34;1m   6997004[0m[31;1m    174.86[0m[34;1m    659996[0m[34;1m   2274356[0m[34;1m      7024[0m
13:43:34   [34;1m    721980[0m[34;1m    978400[0m[34;1m   1712316[0m[34;1m     42.79[0m[34;1m     11116[0m[34;1m   1420444[0m[34;1m   6992540[0m[31;1m    174.75[0m[34;1m    659996[0m[34;1m   2274852[0m[34;1m      7708[0m
13:43:35   [34;1m    721224[0m[34;1m    978280[0m[34;1m   1712592[0m[34;1m     42.80[0m[34;1m     11116[0m[34;1m   1420924[0m[34;1m   6992540[0m[31;1m    174.75[0m[34;1m    659996[0m[34;1m   2276872[0m[34;1m      8188[0m
13:43:36   [34;1m    719964[0m[34;1m    977684[0m[34;1m   1713184[0m[34;1m     42.81[0m[34;1m     11124[0m[34;1m   1421576[0m[34;1m   6996636[0m[31;1m    174.85[0m[34;1m    659996[0m[34;1m   2278476[0m[34;1m      8992[0m
13:43:37   [34;1m    717248[0m[34;1m    975412[0m[34;1m   1715256[0m[34;1m     42.87[0m[34;1m     11124[0m[34;1m   1422200[0m[34;1m   6996636[0m[31;1m    174.85[0m[34;1m    660004[0m[34;1m   2281100[0m[34;1m      9460[0m
13:43:38   [34;1m    715988[0m[34;1m    974960[0m[34;1m   1715720[0m[34;1m     42.88[0m[34;1m     11132[0m[34;1m   1422976[0m[34;1m   6996636[0m[31;1m    174.85[0m[34;1m    660012[0m[34;1m   2281880[0m[34;1m     10236[0m
13:43:39   [34;1m    715008[0m[34;1m    974552[0m[34;1m   1716128[0m[34;1m     42.89[0m[34;1m     11132[0m[34;1m   1423528[0m[34;1m   6996636[0m[31;1m    174.85[0m[34;1m    660012[0m[34;1m   2279900[0m[34;1m     10784[0m
13:43:40   [34;1m    714252[0m[34;1m    974344[0m[34;1m   1716340[0m[34;1m     42.89[0m[34;1m     11132[0m[34;1m   1424072[0m[34;1m   6996636[0m[31;1m    174.85[0m[34;1m    660012[0m[34;1m   2281572[0m[34;1m     11328[0m
13:43:41   [34;1m    712488[0m[34;1m    973140[0m[34;1m   1717572[0m[34;1m     42.92[0m[34;1m     11132[0m[34;1m   1424600[0m[34;1m   6996636[0m[31;1m    174.85[0m[34;1m    660012[0m[34;1m   2283452[0m[34;1m     11856[0m
13:43:42   [34;1m    710752[0m[34;1m    972056[0m[34;1m   1718592[0m[34;1m     42.95[0m[34;1m     11132[0m[34;1m   1425300[0m[34;1m   6996636[0m[31;1m    174.85[0m[34;1m    660012[0m[34;1m   2285632[0m[34;1m     12556[0m
13:43:43   [34;1m    706468[0m[34;1m    968252[0m[34;1m   1722380[0m[34;1m     43.04[0m[34;1m     11148[0m[34;1m   1425768[0m[34;1m   7037528[0m[31;1m    175.88[0m[34;1m    660028[0m[34;1m   2285464[0m[34;1m     13024[0m
13:43:44   [34;1m    704480[0m[34;1m    966996[0m[34;1m   1723708[0m[34;1m     43.08[0m[34;1m     11156[0m[34;1m   1426408[0m[34;1m   6996636[0m[31;1m    174.85[0m[34;1m    660028[0m[34;1m   2285740[0m[34;1m     13668[0m
13:43:45   [34;1m    704228[0m[34;1m    967376[0m[34;1m   1723172[0m[34;1m     43.06[0m[34;1m     11156[0m[34;1m   1427164[0m[34;1m   6996636[0m[31;1m    174.85[0m[34;1m    660036[0m[34;1m   2286640[0m[34;1m     14412[0m
13:43:46   [34;1m    704228[0m[34;1m    968036[0m[34;1m   1722628[0m[34;1m     43.05[0m[34;1m     11156[0m[34;1m   1427696[0m[34;1m   6996636[0m[31;1m    174.85[0m[34;1m    660036[0m[34;1m   2287448[0m[34;1m     14944[0m
13:43:47   [34;1m    703500[0m[34;1m    967744[0m[34;1m   1722888[0m[34;1m     43.06[0m[34;1m     11156[0m[34;1m   1428148[0m[34;1m   6996636[0m[31;1m    174.85[0m[34;1m    660036[0m[34;1m   2288604[0m[34;1m     15396[0m
13:43:48   [34;1m    703500[0m[34;1m    968332[0m[34;1m   1722304[0m[34;1m     43.04[0m[34;1m     11156[0m[34;1m   1428720[0m[34;1m   6996636[0m[31;1m    174.85[0m[34;1m    660048[0m[34;1m   2288412[0m[34;1m     15796[0m
13:43:49   [34;1m    701764[0m[34;1m    967368[0m[34;1m   1723112[0m[34;1m     43.06[0m[34;1m     11164[0m[34;1m   1429620[0m[34;1m   6996636[0m[31;1m    174.85[0m[34;1m    660076[0m[34;1m   2289196[0m[34;1m     16728[0m
13:43:50   [34;1m    701764[0m[34;1m    967716[0m[34;1m   1722812[0m[34;1m     43.06[0m[34;1m     11164[0m[34;1m   1429916[0m[34;1m   6996636[0m[31;1m    174.85[0m[34;1m    660076[0m[34;1m   2289816[0m[34;1m     17024[0m
13:43:51   [34;1m    700496[0m[34;1m    967288[0m[34;1m   1723204[0m[34;1m     43.07[0m[34;1m     11164[0m[34;1m   1430680[0m[34;1m   7001356[0m[31;1m    174.97[0m[34;1m    660076[0m[34;1m   2291448[0m[34;1m     17784[0m
13:43:52   [34;1m    699516[0m[34;1m    966760[0m[34;1m   1723716[0m[34;1m     43.08[0m[34;1m     11164[0m[34;1m   1431108[0m[34;1m   7001356[0m[31;1m    174.97[0m[34;1m    660076[0m[34;1m   2292176[0m[34;1m        20[0m
13:43:53   [34;1m    699292[0m[34;1m    967236[0m[34;1m   1723248[0m[34;1m     43.07[0m[34;1m     11164[0m[34;1m   1431780[0m[34;1m   7001356[0m[31;1m    174.97[0m[34;1m    660076[0m[34;1m   2293620[0m[34;1m       692[0m
13:43:54   [34;1m    697528[0m[34;1m    966260[0m[34;1m   1724244[0m[34;1m     43.09[0m[34;1m     11176[0m[34;1m   1432524[0m[34;1m   6996636[0m[31;1m    174.85[0m[34;1m    660088[0m[34;1m   2293308[0m[34;1m      1448[0m
13:43:55   [34;1m    696800[0m[34;1m    966012[0m[34;1m   1724468[0m[34;1m     43.10[0m[34;1m     11184[0m[34;1m   1433012[0m[34;1m   6996636[0m[31;1m    174.85[0m[34;1m    660088[0m[34;1m   2291616[0m[34;1m      1932[0m
13:43:56   [34;1m    696296[0m[34;1m    965968[0m[34;1m   1724508[0m[34;1m     43.10[0m[34;1m     11184[0m[34;1m   1433464[0m[34;1m   6996636[0m[31;1m    174.85[0m[34;1m    660096[0m[34;1m   2294136[0m[34;1m      2384[0m
13:43:57   [34;1m    695820[0m[34;1m    966236[0m[34;1m   1724240[0m[34;1m     43.09[0m[34;1m     11192[0m[34;1m   1434176[0m[34;1m   6996636[0m[31;1m    174.85[0m[34;1m    660096[0m[34;1m   2293520[0m[34;1m      3104[0m
13:43:58   [34;1m    695064[0m[34;1m    965988[0m[34;1m   1724460[0m[34;1m     43.10[0m[34;1m     11192[0m[34;1m   1434700[0m[34;1m   6996636[0m[31;1m    174.85[0m[34;1m    660104[0m[34;1m   2294068[0m[34;1m      3620[0m
13:43:59   [34;1m    693076[0m[34;1m    964652[0m[34;1m   1725828[0m[34;1m     43.13[0m[34;1m     11200[0m[34;1m   1435296[0m[34;1m   6997788[0m[31;1m    174.88[0m[34;1m    660112[0m[34;1m   2295312[0m[34;1m      4208[0m
13:44:00   [34;1m    692376[0m[34;1m    964464[0m[34;1m   1725948[0m[34;1m     43.13[0m[34;1m     11200[0m[34;1m   1435860[0m[34;1m   6997788[0m[31;1m    174.88[0m[34;1m    660112[0m[34;1m   2296284[0m[34;1m      4772[0m
13:44:01   [34;1m    692124[0m[34;1m    965040[0m[34;1m   1725376[0m[34;1m     43.12[0m[34;1m     11208[0m[34;1m   1436668[0m[34;1m   6997788[0m[31;1m    174.88[0m[34;1m    660120[0m[34;1m   2297348[0m[34;1m      5576[0m
13:44:02   [34;1m    691872[0m[34;1m    965192[0m[34;1m   1725208[0m[34;1m     43.12[0m[34;1m     11208[0m[34;1m   1437076[0m[34;1m   6997788[0m[31;1m    174.88[0m[34;1m    660120[0m[34;1m   2297808[0m[34;1m      5968[0m
13:44:03   [34;1m    691620[0m[34;1m    965820[0m[34;1m   1724552[0m[34;1m     43.10[0m[34;1m     11208[0m[34;1m   1437964[0m[34;1m   6997788[0m[31;1m    174.88[0m[34;1m    660120[0m[34;1m   2298684[0m[34;1m      6704[0m
13:44:04   [34;1m    690864[0m[34;1m    965808[0m[34;1m   1724680[0m[34;1m     43.10[0m[34;1m     11208[0m[34;1m   1438644[0m[34;1m   6997788[0m[31;1m    174.88[0m[34;1m    660120[0m[34;1m   2298368[0m[34;1m      7416[0m
13:44:05   [34;1m    690612[0m[34;1m    966184[0m[34;1m   1724208[0m[34;1m     43.09[0m[34;1m     11208[0m[34;1m   1439292[0m[34;1m   6997788[0m[31;1m    174.88[0m[34;1m    660120[0m[34;1m   2298972[0m[34;1m      8064[0m
13:44:06   [34;1m    689884[0m[34;1m    965856[0m[34;1m   1724400[0m[34;1m     43.09[0m[34;1m     11216[0m[34;1m   1439800[0m[34;1m   6997788[0m[31;1m    174.88[0m[34;1m    660120[0m[34;1m   2299296[0m[34;1m      8556[0m
13:44:07   [34;1m    689632[0m[34;1m    966368[0m[34;1m   1723968[0m[34;1m     43.08[0m[34;1m     11216[0m[34;1m   1440448[0m[34;1m   6997788[0m[31;1m    174.88[0m[34;1m    660128[0m[34;1m   2300500[0m[34;1m      9204[0m
13:44:08   [34;1m    689380[0m[34;1m    966768[0m[34;1m   1723692[0m[34;1m     43.08[0m[34;1m     11224[0m[34;1m   1440964[0m[34;1m   6997788[0m[31;1m    174.88[0m[34;1m    660128[0m[34;1m   2301152[0m[34;1m      9728[0m
13:44:09   [34;1m    688400[0m[34;1m    966300[0m[34;1m   1723924[0m[34;1m     43.08[0m[34;1m     11224[0m[34;1m   1441708[0m[34;1m   6997788[0m[31;1m    174.88[0m[34;1m    660140[0m[34;1m   2301484[0m[34;1m     10460[0m
13:44:10   [34;1m    687672[0m[34;1m    966256[0m[34;1m   1724036[0m[34;1m     43.09[0m[34;1m     11224[0m[34;1m   1442296[0m[34;1m   6997852[0m[31;1m    174.89[0m[34;1m    660136[0m[34;1m   2302604[0m[34;1m     11048[0m
13:44:11   [34;1m    686440[0m[34;1m    965688[0m[34;1m   1724652[0m[34;1m     43.10[0m[34;1m     11224[0m[34;1m   1442932[0m[34;1m   7002572[0m[31;1m    175.00[0m[34;1m    660136[0m[34;1m   2305048[0m[34;1m     11684[0m
13:44:12   [34;1m    681232[0m[34;1m    960956[0m[34;1m   1729200[0m[34;1m     43.21[0m[34;1m     11224[0m[34;1m   1443416[0m[34;1m   7002572[0m[31;1m    175.00[0m[34;1m    660148[0m[34;1m   2306620[0m[34;1m     12168[0m
13:44:13   [34;1m    680756[0m[34;1m    961368[0m[34;1m   1728880[0m[34;1m     43.21[0m[34;1m     11232[0m[34;1m   1444200[0m[34;1m   7002572[0m[31;1m    175.00[0m[34;1m    660144[0m[34;1m   2306376[0m[34;1m     12956[0m
13:44:14   [34;1m    679272[0m[34;1m    960048[0m[34;1m   1730028[0m[34;1m     43.24[0m[34;1m     11248[0m[34;1m   1444516[0m[34;1m   6997852[0m[31;1m    174.89[0m[34;1m    660144[0m[34;1m   2305336[0m[34;1m     13140[0m
13:44:15   [34;1m    679048[0m[34;1m    960600[0m[34;1m   1729580[0m[34;1m     43.22[0m[34;1m     11248[0m[34;1m   1445208[0m[34;1m   6997852[0m[31;1m    174.89[0m[34;1m    660160[0m[34;1m   2305940[0m[34;1m     13956[0m
13:44:16   [34;1m    678572[0m[34;1m    960516[0m[34;1m   1729628[0m[34;1m     43.23[0m[34;1m     11248[0m[34;1m   1445640[0m[34;1m   6997852[0m[31;1m    174.89[0m[34;1m    660160[0m[34;1m   2306504[0m[34;1m     14388[0m
13:44:17   [34;1m    678320[0m[34;1m    961156[0m[34;1m   1729084[0m[34;1m     43.21[0m[34;1m     11248[0m[34;1m   1446408[0m[34;1m   6997852[0m[31;1m    174.89[0m[34;1m    660160[0m[34;1m   2307264[0m[34;1m     15156[0m
13:44:18   [34;1m    678104[0m[34;1m    961476[0m[34;1m   1728732[0m[34;1m     43.20[0m[34;1m     11252[0m[34;1m   1446960[0m[34;1m   6997852[0m[31;1m    174.89[0m[34;1m    660164[0m[34;1m   2307900[0m[34;1m      7432[0m
13:44:19   [34;1m    676872[0m[34;1m    960936[0m[34;1m   1729224[0m[34;1m     43.22[0m[34;1m     11268[0m[34;1m   1447680[0m[34;1m   6997852[0m[31;1m    174.89[0m[34;1m    660180[0m[34;1m   2308760[0m[34;1m      8212[0m
13:44:20   [34;1m    676396[0m[34;1m    960848[0m[34;1m   1729348[0m[34;1m     43.22[0m[34;1m     11268[0m[34;1m   1448060[0m[34;1m   6997852[0m[31;1m    174.89[0m[34;1m    660180[0m[34;1m   2309752[0m[34;1m      8592[0m
13:44:21   [34;1m    675920[0m[34;1m    961328[0m[34;1m   1728768[0m[34;1m     43.20[0m[34;1m     11268[0m[34;1m   1449092[0m[34;1m   6997852[0m[31;1m    174.89[0m[34;1m    660180[0m[34;1m   2310740[0m[34;1m      9316[0m
13:44:22   [34;1m    675920[0m[34;1m    961772[0m[34;1m   1728408[0m[34;1m     43.20[0m[34;1m     11268[0m[34;1m   1449436[0m[34;1m   6997852[0m[31;1m    174.89[0m[34;1m    660180[0m[34;1m   2311112[0m[34;1m      9768[0m
13:44:23   [34;1m    675668[0m[34;1m    962184[0m[34;1m   1728184[0m[34;1m     43.19[0m[34;1m     11268[0m[34;1m   1449920[0m[34;1m   6997852[0m[31;1m    174.89[0m[34;1m    660180[0m[34;1m   2311852[0m[34;1m       336[0m
13:44:24   [34;1m    674156[0m[34;1m    961336[0m[34;1m   1728952[0m[34;1m     43.21[0m[34;1m     11288[0m[34;1m   1450656[0m[34;1m   6997852[0m[31;1m    174.89[0m[34;1m    660208[0m[34;1m   2312260[0m[34;1m       940[0m
13:44:25   [34;1m    673904[0m[34;1m    961724[0m[34;1m   1728576[0m[34;1m     43.20[0m[34;1m     11288[0m[34;1m   1451240[0m[34;1m   6997852[0m[31;1m    174.89[0m[34;1m    660208[0m[34;1m   2313008[0m[34;1m      1520[0m
13:44:26   [34;1m    673204[0m[34;1m    961676[0m[34;1m   1728540[0m[34;1m     43.20[0m[34;1m     11288[0m[34;1m   1451952[0m[34;1m   6997916[0m[31;1m    174.89[0m[34;1m    660208[0m[34;1m   2311112[0m[34;1m      2232[0m
13:44:27   [34;1m    672952[0m[34;1m    961768[0m[34;1m   1728452[0m[34;1m     43.20[0m[34;1m     11288[0m[34;1m   1452288[0m[34;1m   6997916[0m[31;1m    174.89[0m[34;1m    660208[0m[34;1m   2311800[0m[34;1m      2572[0m
13:44:28   [34;1m    672196[0m[34;1m    961808[0m[34;1m   1728412[0m[34;1m     43.20[0m[34;1m     11288[0m[34;1m   1453060[0m[34;1m   6997916[0m[31;1m    174.89[0m[34;1m    660208[0m[34;1m   2314156[0m[34;1m      3344[0m
13:44:29   [34;1m    671720[0m[34;1m    961976[0m[34;1m   1728196[0m[34;1m     43.19[0m[34;1m     11304[0m[34;1m   1453680[0m[34;1m   6997916[0m[31;1m    174.89[0m[34;1m    660228[0m[34;1m   2313008[0m[34;1m      3952[0m
13:44:30   [34;1m    671468[0m[34;1m    962136[0m[34;1m   1728016[0m[34;1m     43.19[0m[34;1m     11304[0m[34;1m   1454140[0m[34;1m   6997916[0m[31;1m    174.89[0m[34;1m    660224[0m[34;1m   2314068[0m[34;1m      4412[0m
13:44:31   [34;1m    670740[0m[34;1m    962352[0m[34;1m   1727908[0m[34;1m     43.18[0m[34;1m     11304[0m[34;1m   1454868[0m[34;1m   7002636[0m[31;1m    175.00[0m[34;1m    660224[0m[34;1m   2317004[0m[34;1m      5140[0m
13:44:32   [34;1m    669256[0m[34;1m    961180[0m[34;1m   1728968[0m[34;1m     43.21[0m[34;1m     11304[0m[34;1m   1455296[0m[34;1m   7002636[0m[31;1m    175.00[0m[34;1m    660224[0m[34;1m   2316720[0m[34;1m      5568[0m
13:44:33   [34;1m    669004[0m[34;1m    961824[0m[34;1m   1728280[0m[34;1m     43.19[0m[34;1m     11304[0m[34;1m   1456204[0m[34;1m   7002700[0m[31;1m    175.01[0m[34;1m    660224[0m[34;1m   2317548[0m[34;1m      6476[0m
13:44:34   [34;1m    668500[0m[34;1m    961640[0m[34;1m   1728440[0m[34;1m     43.20[0m[34;1m     11312[0m[34;1m   1456548[0m[34;1m   6998044[0m[31;1m    174.89[0m[34;1m    660224[0m[34;1m   2316572[0m[34;1m      6828[0m
13:44:35   [34;1m    667996[0m[34;1m    961896[0m[34;1m   1728116[0m[34;1m     43.19[0m[34;1m     11320[0m[34;1m   1457380[0m[34;1m   6998044[0m[31;1m    174.89[0m[34;1m    660240[0m[34;1m   2319060[0m[34;1m      7648[0m
13:44:36   [34;1m    667492[0m[34;1m    961972[0m[34;1m   1728084[0m[34;1m     43.19[0m[34;1m     11320[0m[34;1m   1457896[0m[34;1m   6998044[0m[31;1m    174.89[0m[34;1m    660240[0m[34;1m   2319964[0m[34;1m      8160[0m
13:44:37   [34;1m    666736[0m[34;1m    961904[0m[34;1m   1728156[0m[34;1m     43.19[0m[34;1m     11320[0m[34;1m   1458564[0m[34;1m   6998044[0m[31;1m    174.89[0m[34;1m    660240[0m[34;1m   2320768[0m[34;1m      8828[0m
13:44:38   [34;1m    666260[0m[34;1m    961888[0m[34;1m   1728220[0m[34;1m     43.19[0m[34;1m     11320[0m[34;1m   1458968[0m[34;1m   6998044[0m[31;1m    174.89[0m[34;1m    660240[0m[34;1m   2321336[0m[34;1m      9232[0m
13:44:39   [34;1m    664536[0m[34;1m    960900[0m[34;1m   1729052[0m[34;1m     43.21[0m[34;1m     11320[0m[34;1m   1459728[0m[34;1m   6998044[0m[31;1m    174.89[0m[34;1m    660244[0m[34;1m   2322256[0m[34;1m      9992[0m
13:44:40   [34;1m    664284[0m[34;1m    961112[0m[34;1m   1728960[0m[34;1m     43.21[0m[34;1m     11328[0m[34;1m   1460148[0m[34;1m   6998044[0m[31;1m    174.89[0m[34;1m    660248[0m[34;1m   2319692[0m[34;1m     10412[0m
13:44:41   [34;1m    663808[0m[34;1m    961244[0m[34;1m   1728592[0m[34;1m     43.20[0m[34;1m     11328[0m[34;1m   1460996[0m[34;1m   6998108[0m[31;1m    174.89[0m[34;1m    660248[0m[34;1m   2320720[0m[34;1m     11216[0m
13:44:42   [34;1m    663052[0m[34;1m    961472[0m[34;1m   1728748[0m[34;1m     43.20[0m[34;1m     11336[0m[34;1m   1461560[0m[34;1m   6998108[0m[31;1m    174.89[0m[34;1m    660256[0m[34;1m   2323420[0m[34;1m     11776[0m
13:44:43   [34;1m    658040[0m[34;1m    956908[0m[34;1m   1733180[0m[34;1m     43.31[0m[34;1m     11336[0m[34;1m   1462140[0m[34;1m   6998108[0m[31;1m    174.89[0m[34;1m    660256[0m[34;1m   2324652[0m[34;1m     12356[0m
13:44:44   [34;1m    655296[0m[34;1m    954724[0m[34;1m   1735276[0m[34;1m     43.37[0m[34;1m     11344[0m[34;1m   1462676[0m[34;1m   6998108[0m[31;1m    174.89[0m[34;1m    660264[0m[34;1m   2324332[0m[34;1m     12888[0m
13:44:45   [34;1m    654820[0m[34;1m    954868[0m[34;1m   1735180[0m[34;1m     43.36[0m[34;1m     11344[0m[34;1m   1463340[0m[34;1m   6998108[0m[31;1m    174.89[0m[34;1m    660264[0m[34;1m   2325172[0m[34;1m     13552[0m
13:44:46   [34;1m    742572[0m[34;1m    944920[0m[34;1m   1745972[0m[34;1m     43.63[0m[34;1m     11344[0m[34;1m   1366136[0m[34;1m   6998108[0m[31;1m    174.89[0m[34;1m    660264[0m[34;1m   2228940[0m[34;22m         0[0m
13:44:47   [34;1m    741832[0m[34;1m    944688[0m[34;1m   1746028[0m[34;1m     43.64[0m[34;1m     11352[0m[34;1m   1366800[0m[34;1m   6998108[0m[31;1m    174.89[0m[34;1m    660272[0m[34;1m   2229864[0m[34;1m       564[0m
13:44:48   [34;1m    741104[0m[34;1m    944456[0m[34;1m   1746240[0m[34;1m     43.64[0m[34;1m     11352[0m[34;1m   1367308[0m[34;1m   6998108[0m[31;1m    174.89[0m[34;1m    660272[0m[34;1m   2228632[0m[34;22m         0[0m
13:44:49   [34;1m    739848[0m[34;1m    943912[0m[34;1m   1747012[0m[34;1m     43.66[0m[34;1m     11352[0m[34;1m   1367832[0m[34;1m   6998108[0m[31;1m    174.89[0m[34;1m    660268[0m[34;1m   2229300[0m[34;1m       408[0m
13:44:50   [34;1m    739756[0m[34;1m    944392[0m[34;1m   1746348[0m[34;1m     43.64[0m[34;1m     11352[0m[34;1m   1368544[0m[34;1m   6998108[0m[31;1m    174.89[0m[34;1m    660272[0m[34;1m   2230392[0m[34;1m      1124[0m
13:44:51   [34;1m    739096[0m[34;1m    944276[0m[34;1m   1746448[0m[34;1m     43.65[0m[34;1m     11352[0m[34;1m   1369088[0m[34;1m   7002828[0m[31;1m    175.01[0m[34;1m    660272[0m[34;1m   2233108[0m[34;1m      1668[0m
13:44:52   [34;1m    739228[0m[34;1m    944916[0m[34;1m   1745740[0m[34;1m     43.63[0m[34;1m     11360[0m[34;1m   1369644[0m[34;1m   7002828[0m[31;1m    175.01[0m[34;1m    660280[0m[34;1m   2232588[0m[34;1m      2264[0m
13:44:53   [34;1m    739096[0m[34;1m    945704[0m[34;1m   1745152[0m[34;1m     43.61[0m[34;1m     11368[0m[34;1m   1370396[0m[34;1m   7002828[0m[31;1m    175.01[0m[34;1m    660288[0m[34;1m   2233536[0m[34;1m      3012[0m
13:44:54   [34;1m    738844[0m[34;1m    945924[0m[34;1m   1744976[0m[34;1m     43.61[0m[34;1m     11368[0m[34;1m   1370856[0m[34;1m   6998108[0m[31;1m    174.89[0m[34;1m    660280[0m[34;1m   2233944[0m[34;1m      3472[0m
13:44:55   [34;1m    738368[0m[34;1m    945984[0m[34;1m   1744620[0m[34;1m     43.60[0m[34;1m     11368[0m[34;1m   1371660[0m[34;1m   6998108[0m[31;1m    174.89[0m[34;1m    660288[0m[34;1m   2234388[0m[34;1m      4276[0m
13:44:56   [34;1m    738144[0m[34;1m    946244[0m[34;1m   1744420[0m[34;1m     43.60[0m[34;1m     11368[0m[34;1m   1372076[0m[34;1m   6998108[0m[31;1m    174.89[0m[34;1m    660288[0m[34;1m   2235516[0m[34;1m      4692[0m
13:44:57   [34;1m    738144[0m[34;1m    946916[0m[34;1m   1743756[0m[34;1m     43.58[0m[34;1m     11368[0m[34;1m   1372740[0m[34;1m   6998108[0m[31;1m    174.89[0m[34;1m    660288[0m[34;1m   2236332[0m[34;1m      5360[0m
13:44:58   [34;1m    737920[0m[34;1m    947220[0m[34;1m   1743424[0m[34;1m     43.57[0m[34;1m     11376[0m[34;1m   1373272[0m[34;1m   6998108[0m[31;1m    174.89[0m[34;1m    660296[0m[34;1m   2236880[0m[34;1m      5892[0m
13:44:59   [34;1m    736940[0m[34;1m    946784[0m[34;1m   1743928[0m[34;1m     43.58[0m[34;1m     11392[0m[34;1m   1373736[0m[34;1m   6998108[0m[31;1m    174.89[0m[34;1m    660296[0m[34;1m   2236456[0m[34;1m      6372[0m
13:45:00   [34;1m    736940[0m[34;1m    947440[0m[34;1m   1743240[0m[34;1m     43.57[0m[34;1m     11392[0m[34;1m   1374416[0m[34;1m   6998108[0m[31;1m    174.89[0m[34;1m    660312[0m[34;1m   2236432[0m[34;1m      7024[0m
13:45:01   [34;1m    736716[0m[34;1m    947856[0m[34;1m   1742988[0m[34;1m     43.56[0m[34;1m     11392[0m[34;1m   1374916[0m[34;1m   6998172[0m[31;1m    174.89[0m[34;1m    660312[0m[34;1m   2237112[0m[34;1m      7524[0m
13:45:02   [34;1m    736464[0m[34;1m    948108[0m[34;1m   1742572[0m[34;1m     43.55[0m[34;1m     11392[0m[34;1m   1375588[0m[34;1m   6998172[0m[31;1m    174.89[0m[34;1m    660312[0m[34;1m   2237640[0m[34;1m      8196[0m
13:45:03   [34;1m    736464[0m[34;1m    948788[0m[34;1m   1741948[0m[34;1m     43.53[0m[34;1m     11400[0m[34;1m   1376204[0m[34;1m   6998172[0m[31;1m    174.89[0m[34;1m    660312[0m[34;1m   2238224[0m[34;1m      8820[0m
13:45:04   [34;1m    736464[0m[34;1m    949372[0m[34;1m   1741384[0m[34;1m     43.52[0m[34;1m     11400[0m[34;1m   1376808[0m[34;1m   6998172[0m[31;1m    174.89[0m[34;1m    660316[0m[34;1m   2237536[0m[34;1m      9412[0m
13:45:05   [34;1m    736464[0m[34;1m    949872[0m[34;1m   1740776[0m[34;1m     43.50[0m[34;1m     11400[0m[34;1m   1377388[0m[34;1m   6998172[0m[31;1m    174.89[0m[34;1m    660320[0m[34;1m   2238016[0m[34;1m      9992[0m
13:45:06   [34;1m    736464[0m[34;1m    950524[0m[34;1m   1740228[0m[34;1m     43.49[0m[34;1m     11400[0m[34;1m   1377928[0m[34;1m   6998172[0m[31;1m    174.89[0m[34;1m    660320[0m[34;1m   2239796[0m[34;1m     10532[0m
13:45:07   [34;1m    736212[0m[34;1m    950656[0m[34;1m   1739952[0m[34;1m     43.48[0m[34;1m     11400[0m[34;1m   1378456[0m[34;1m   6998172[0m[31;1m    174.89[0m[34;1m    660320[0m[34;1m   2240200[0m[34;1m     11060[0m
13:45:08   [34;1m    734700[0m[34;1m    949880[0m[34;1m   1740840[0m[34;1m     43.51[0m[34;1m     11408[0m[34;1m   1379056[0m[34;1m   6998172[0m[31;1m    174.89[0m[34;1m    660328[0m[34;1m   2242436[0m[34;1m     11672[0m
13:45:09   [34;1m    732964[0m[34;1m    948888[0m[34;1m   1741896[0m[34;1m     43.53[0m[34;1m     11408[0m[34;1m   1379800[0m[34;1m   6998172[0m[31;1m    174.89[0m[34;1m    660328[0m[34;1m   2242288[0m[34;1m     12416[0m
13:45:10   [34;1m    732724[0m[34;1m    949068[0m[34;1m   1741676[0m[34;1m     43.53[0m[34;1m     11408[0m[34;1m   1380196[0m[34;1m   6998172[0m[31;1m    174.89[0m[34;1m    660328[0m[34;1m   2243192[0m[34;1m     12812[0m
13:45:11   [34;1m    731756[0m[34;1m    948928[0m[34;1m   1741728[0m[34;1m     43.53[0m[34;1m     11416[0m[34;1m   1381032[0m[34;1m   7002892[0m[31;1m    175.01[0m[34;1m    660336[0m[34;1m   2246372[0m[34;1m     13644[0m
13:45:12   [34;1m    731280[0m[34;1m    948796[0m[34;1m   1741824[0m[34;1m     43.53[0m[34;1m     11416[0m[34;1m   1381412[0m[34;1m   7002892[0m[31;1m    175.01[0m[34;1m    660336[0m[34;1m   2246648[0m[34;1m     14024[0m
13:45:13   [34;1m    730048[0m[34;1m    948448[0m[34;1m   1742204[0m[34;1m     43.54[0m[34;1m     11416[0m[34;1m   1382260[0m[34;1m   7002892[0m[31;1m    175.01[0m[34;1m    660336[0m[34;1m   2247332[0m[34;1m     14744[0m
13:45:14   [34;1m    728284[0m[34;1m    947268[0m[34;1m   1743292[0m[34;1m     43.57[0m[34;1m     11424[0m[34;1m   1382844[0m[34;1m   6998172[0m[31;1m    174.89[0m[34;1m    660336[0m[34;1m   2246256[0m[34;1m     15332[0m
13:45:15   [34;1m    728284[0m[34;1m    947704[0m[34;1m   1742936[0m[34;1m     43.56[0m[34;1m     11424[0m[34;1m   1383292[0m[34;1m   6998172[0m[31;1m    174.89[0m[34;1m    660344[0m[34;1m   2246600[0m[34;1m     15772[0m
13:45:16   [34;1m    728060[0m[34;1m    948144[0m[34;1m   1742436[0m[34;1m     43.55[0m[34;1m     11424[0m[34;1m   1384016[0m[34;1m   6998172[0m[31;1m    174.89[0m[34;1m    660344[0m[34;1m   2247652[0m[34;1m     16496[0m
13:45:17   [34;1m    728060[0m[34;1m    948928[0m[34;1m   1741728[0m[34;1m     43.53[0m[34;1m     11424[0m[34;1m   1384724[0m[34;1m   6998172[0m[31;1m    174.89[0m[34;1m    660344[0m[34;1m   2247940[0m[34;1m     17204[0m
13:45:18   [34;1m    727836[0m[34;1m    949072[0m[34;1m   1741556[0m[34;1m     43.52[0m[34;1m     11424[0m[34;1m   1385120[0m[34;1m   6998172[0m[31;1m    174.89[0m[34;1m    660344[0m[34;1m   2248332[0m[34;1m     17600[0m
13:45:19   [34;1m    727584[0m[34;1m    949568[0m[34;1m   1741124[0m[34;1m     43.51[0m[34;1m     11440[0m[34;1m   1385756[0m[34;1m   6998172[0m[31;1m    174.89[0m[34;1m    660360[0m[34;1m   2249836[0m[34;1m       136[0m
13:45:20   [34;1m    727332[0m[34;1m    949720[0m[34;1m   1740884[0m[34;1m     43.51[0m[34;1m     11440[0m[34;1m   1386276[0m[34;1m   6998236[0m[31;1m    174.89[0m[34;1m    660360[0m[34;1m   2250632[0m[34;1m       656[0m
13:45:21   [34;1m    744336[0m[34;1m    967372[0m[34;1m   1723316[0m[34;1m     43.07[0m[34;1m     11440[0m[34;1m   1386900[0m[34;1m   6998236[0m[31;1m    174.89[0m[34;1m    660360[0m[34;1m   2250188[0m[34;1m      1280[0m
13:45:22   [34;1m    743832[0m[34;1m    967628[0m[34;1m   1723092[0m[34;1m     43.06[0m[34;1m     11440[0m[34;1m   1387628[0m[34;1m   6998236[0m[31;1m    174.89[0m[34;1m    660360[0m[34;1m   2251836[0m[34;1m      2012[0m
13:45:23   [34;1m    742616[0m[34;1m    966856[0m[34;1m   1723896[0m[34;1m     43.08[0m[34;1m     11440[0m[34;1m   1388040[0m[34;1m   6998236[0m[31;1m    174.89[0m[34;1m    660360[0m[34;1m   2252468[0m[34;1m      2424[0m
13:45:24   [34;1m    741608[0m[34;1m    966552[0m[34;1m   1724212[0m[34;1m     43.09[0m[34;1m     11452[0m[34;1m   1388760[0m[34;1m   6998236[0m[31;1m    174.89[0m[34;1m    660376[0m[34;1m   2253524[0m[34;1m      3092[0m
13:45:25   [34;1m    741384[0m[34;1m    966708[0m[34;1m   1723988[0m[34;1m     43.08[0m[34;1m     11460[0m[34;1m   1389192[0m[34;1m   6998236[0m[31;1m    174.89[0m[34;1m    660372[0m[34;1m   2253680[0m[34;1m      3532[0m
13:45:26   [34;1m    740908[0m[34;1m    966848[0m[34;1m   1723876[0m[34;1m     43.08[0m[34;1m     11460[0m[34;1m   1389780[0m[34;1m   6998236[0m[31;1m    174.89[0m[34;1m    660380[0m[34;1m   2254584[0m[34;1m      4120[0m
13:45:27   [34;1m    740908[0m[34;1m    967512[0m[34;1m   1723188[0m[34;1m     43.06[0m[34;1m     11460[0m[34;1m   1390488[0m[34;1m   6998236[0m[31;1m    174.89[0m[34;1m    660380[0m[34;1m   2254956[0m[34;1m      4828[0m
13:45:28   [34;1m    740656[0m[34;1m    967916[0m[34;1m   1722936[0m[34;1m     43.06[0m[34;1m     11460[0m[34;1m   1390996[0m[34;1m   6998236[0m[31;1m    174.89[0m[34;1m    660380[0m[34;1m   2253592[0m[34;1m      5336[0m
13:45:29   [34;1m    740180[0m[34;1m    968116[0m[34;1m   1722672[0m[34;1m     43.05[0m[34;1m     11460[0m[34;1m   1391736[0m[34;1m   6998236[0m[31;1m    174.89[0m[34;1m    660384[0m[34;1m   2253944[0m[34;1m      6076[0m
13:45:30   [34;1m    739704[0m[34;1m    968296[0m[34;1m   1722300[0m[34;1m     43.04[0m[34;1m     11468[0m[34;1m   1392560[0m[34;1m   6998236[0m[31;1m    174.89[0m[34;1m    660388[0m[34;1m   2254644[0m[34;1m      6912[0m
13:45:31   [34;1m    738696[0m[34;1m    968012[0m[34;1m   1722680[0m[34;1m     43.05[0m[34;1m     11468[0m[34;1m   1393032[0m[34;1m   7003020[0m[31;1m    175.01[0m[34;1m    660388[0m[34;1m   2256784[0m[34;1m      7384[0m
13:45:32   [34;1m    738220[0m[34;1m    968280[0m[34;1m   1722440[0m[34;1m     43.05[0m[34;1m     11468[0m[34;1m   1393876[0m[34;1m   7003020[0m[31;1m    175.01[0m[34;1m    660388[0m[34;1m   2258680[0m[34;1m      8228[0m
13:45:33   [34;1m    737968[0m[34;1m    968336[0m[34;1m   1722240[0m[34;1m     43.04[0m[34;1m     11476[0m[34;1m   1394320[0m[34;1m   7003020[0m[31;1m    175.01[0m[34;1m    660388[0m[34;1m   2258872[0m[34;1m      8680[0m
13:45:34   [34;1m    736036[0m[34;1m    967120[0m[34;1m   1723684[0m[34;1m     43.08[0m[34;1m     11476[0m[34;1m   1394872[0m[34;1m   6998300[0m[31;1m    174.90[0m[34;1m    660400[0m[34;1m   2258616[0m[34;1m      9220[0m
13:45:35   [34;1m    736036[0m[34;1m    967556[0m[34;1m   1723064[0m[34;1m     43.06[0m[34;1m     11476[0m[34;1m   1395444[0m[34;1m   6998300[0m[31;1m    174.90[0m[34;1m    660396[0m[34;1m   2259088[0m[34;1m      9792[0m
13:45:36   [34;1m    735560[0m[34;1m    967668[0m[34;1m   1723024[0m[34;1m     43.06[0m[34;1m     11476[0m[34;1m   1395960[0m[34;1m   6998300[0m[31;1m    174.90[0m[34;1m    660396[0m[34;1m   2259808[0m[34;1m     10308[0m
13:45:37   [34;1m    735084[0m[34;1m    967972[0m[34;1m   1722724[0m[34;1m     43.05[0m[34;1m     11484[0m[34;1m   1396736[0m[34;1m   6998300[0m[31;1m    174.90[0m[34;1m    660396[0m[34;1m   2260544[0m[34;1m     11088[0m
13:45:38   [34;1m    734608[0m[34;1m    968160[0m[34;1m   1722600[0m[34;1m     43.05[0m[34;1m     11484[0m[34;1m   1397332[0m[34;1m   6998300[0m[31;1m    174.90[0m[34;1m    660404[0m[34;1m   2261244[0m[34;1m     11676[0m
13:45:39   [34;1m    732872[0m[34;1m    966876[0m[34;1m   1723884[0m[34;1m     43.08[0m[34;1m     11484[0m[34;1m   1397784[0m[34;1m   6998300[0m[31;1m    174.90[0m[34;1m    660408[0m[34;1m   2261384[0m[34;1m     12128[0m
13:45:40   [34;1m    732872[0m[34;1m    967400[0m[34;1m   1723164[0m[34;1m     43.06[0m[34;1m     11484[0m[34;1m   1398496[0m[34;1m   6998364[0m[31;1m    174.90[0m[34;1m    660404[0m[34;1m   2262352[0m[34;1m     12840[0m
13:45:41   [34;1m    732872[0m[34;1m    968048[0m[34;1m   1722648[0m[34;1m     43.05[0m[34;1m     11484[0m[34;1m   1399028[0m[34;1m   6998364[0m[31;1m    174.90[0m[34;1m    660404[0m[34;1m   2263024[0m[34;1m     13372[0m
13:45:42   [34;1m    731892[0m[34;1m    967704[0m[34;1m   1723072[0m[34;1m     43.06[0m[34;1m     11492[0m[34;1m   1399580[0m[34;1m   6998364[0m[31;1m    174.90[0m[34;1m    660404[0m[34;1m   2261912[0m[34;1m     13932[0m
13:45:43   [34;1m    727608[0m[34;1m    964064[0m[34;1m   1726696[0m[34;1m     43.15[0m[34;1m     11500[0m[34;1m   1400240[0m[34;1m   6998364[0m[31;1m    174.90[0m[34;1m    660416[0m[34;1m   2262784[0m[34;1m     14588[0m
13:45:44   [34;1m    727132[0m[34;1m    964128[0m[34;1m   1726648[0m[34;1m     43.15[0m[34;1m     11500[0m[34;1m   1400772[0m[34;1m   6998364[0m[31;1m    174.90[0m[34;1m    660416[0m[34;1m   2263684[0m[34;1m     15116[0m
13:45:45   [34;1m    726880[0m[34;1m    964572[0m[34;1m   1726200[0m[34;1m     43.14[0m[34;1m     11500[0m[34;1m   1401472[0m[34;1m   6998364[0m[31;1m    174.90[0m[34;1m    660420[0m[34;1m   2264684[0m[34;1m     15816[0m
13:45:46   [34;1m    726376[0m[34;1m    964652[0m[34;1m   1726108[0m[34;1m     43.14[0m[34;1m     11500[0m[34;1m   1402068[0m[34;1m   6998364[0m[31;1m    174.90[0m[34;1m    660420[0m[34;1m   2265964[0m[34;1m     16340[0m
13:45:47   [34;1m    726376[0m[34;1m    965260[0m[34;1m   1725448[0m[34;1m     43.12[0m[34;1m     11500[0m[34;1m   1402728[0m[34;1m   6998364[0m[31;1m    174.90[0m[34;1m    660420[0m[34;1m   2264052[0m[34;1m     17000[0m
13:45:48   [34;1m    726376[0m[34;1m    965964[0m[34;1m   1724760[0m[34;1m     43.10[0m[34;1m     11508[0m[34;1m   1403408[0m[34;1m   6998428[0m[31;1m    174.90[0m[34;1m    660428[0m[34;1m   2265396[0m[34;1m     17680[0m
13:45:49   [34;1m    725872[0m[34;1m    965756[0m[34;1m   1724948[0m[34;1m     43.11[0m[34;1m     11508[0m[34;1m   1403724[0m[34;1m   6998428[0m[31;1m    174.90[0m[34;1m    660428[0m[34;1m   2266432[0m[34;1m     17996[0m
13:45:50   [34;1m    725368[0m[34;1m    966208[0m[34;1m   1724512[0m[34;1m     43.10[0m[34;1m     11508[0m[34;1m   1404628[0m[34;1m   6998428[0m[31;1m    174.90[0m[34;1m    660428[0m[34;1m   2268816[0m[34;1m       412[0m
13:45:51   [34;1m    724612[0m[34;1m    966008[0m[34;1m   1724604[0m[34;1m     43.10[0m[34;1m     11520[0m[34;1m   1405136[0m[34;1m   7003148[0m[31;1m    175.02[0m[34;1m    660428[0m[34;1m   2270764[0m[34;1m       784[0m
13:45:52   [34;1m    723632[0m[34;1m    965468[0m[34;1m   1724900[0m[34;1m     43.11[0m[34;1m     11520[0m[34;1m   1405940[0m[34;1m   7003148[0m[31;1m    175.02[0m[34;1m    660440[0m[34;1m   2271320[0m[34;1m      1612[0m
13:45:53   [34;1m    723128[0m[34;1m    965652[0m[34;1m   1725084[0m[34;1m     43.11[0m[34;1m     11520[0m[34;1m   1406260[0m[34;1m   7003148[0m[31;1m    175.02[0m[34;1m    660440[0m[34;1m   2272036[0m[34;1m      1932[0m
13:45:54   [34;1m    720888[0m[34;1m    964288[0m[34;1m   1726400[0m[34;1m     43.14[0m[34;1m     11520[0m[34;1m   1407156[0m[34;1m   6998428[0m[31;1m    174.90[0m[34;1m    660436[0m[34;1m   2271400[0m[34;1m      2828[0m
13:45:55   [34;1m    720384[0m[34;1m    964080[0m[34;1m   1726628[0m[34;1m     43.15[0m[34;1m     11528[0m[34;1m   1407456[0m[34;1m   6998428[0m[31;1m    174.90[0m[34;1m    660440[0m[34;1m   2271684[0m[34;1m      3136[0m
13:45:56   [34;1m    720384[0m[34;1m    964808[0m[34;1m   1725812[0m[34;1m     43.13[0m[34;1m     11528[0m[34;1m   1408268[0m[34;1m   6998492[0m[31;1m    174.90[0m[34;1m    660448[0m[34;1m   2272352[0m[34;1m      3896[0m
13:45:57   [34;1m    719404[0m[34;1m    964272[0m[34;1m   1726312[0m[34;1m     43.14[0m[34;1m     11528[0m[34;1m   1408748[0m[34;1m   6998492[0m[31;1m    174.90[0m[34;1m    660448[0m[34;1m   2272944[0m[34;1m      4376[0m
13:45:58   [34;1m    718928[0m[34;1m    964556[0m[34;1m   1726136[0m[34;1m     43.14[0m[34;1m     11528[0m[34;1m   1409400[0m[34;1m   6998492[0m[31;1m    174.90[0m[34;1m    660448[0m[34;1m   2273780[0m[34;1m      5028[0m
13:45:59   [34;1m    717416[0m[34;1m    963548[0m[34;1m   1727224[0m[34;1m     43.17[0m[34;1m     11528[0m[34;1m   1409868[0m[34;1m   6998492[0m[31;1m    174.90[0m[34;1m    660448[0m[34;1m   2273288[0m[34;1m      5496[0m
13:46:00   [34;1m    716940[0m[34;1m    963580[0m[34;1m   1727112[0m[34;1m     43.16[0m[34;1m     11536[0m[34;1m   1410412[0m[34;1m   6998492[0m[31;1m    174.90[0m[34;1m    660456[0m[34;1m   2273672[0m[34;1m      6056[0m
13:46:01   [34;1m    716688[0m[34;1m    963916[0m[34;1m   1726764[0m[34;1m     43.15[0m[34;1m     11544[0m[34;1m   1410996[0m[34;1m   6998492[0m[31;1m    174.90[0m[34;1m    660456[0m[34;1m   2274292[0m[34;1m      6648[0m
13:46:02   [34;1m    716212[0m[34;1m    964144[0m[34;1m   1726692[0m[34;1m     43.15[0m[34;1m     11544[0m[34;1m   1411540[0m[34;1m   6998492[0m[31;1m    174.90[0m[34;1m    660464[0m[34;1m   2275308[0m[34;1m      7180[0m
13:46:03   [34;1m    715456[0m[34;1m    963864[0m[34;1m   1726820[0m[34;1m     43.16[0m[34;1m     11544[0m[34;1m   1412156[0m[34;1m   6998492[0m[31;1m    174.90[0m[34;1m    660464[0m[34;1m   2275984[0m[34;1m      7796[0m
13:46:04   [34;1m    713216[0m[34;1m    962348[0m[34;1m   1728388[0m[34;1m     43.19[0m[34;1m     11544[0m[34;1m   1412780[0m[34;1m   6998492[0m[31;1m    174.90[0m[34;1m    660464[0m[34;1m   2275568[0m[34;1m      8420[0m
13:46:05   [34;1m    713216[0m[34;1m    962648[0m[34;1m   1727920[0m[34;1m     43.18[0m[34;1m     11544[0m[34;1m   1413296[0m[34;1m   6998492[0m[31;1m    174.90[0m[34;1m    660464[0m[34;1m   2275960[0m[34;1m      8936[0m
13:46:06   [34;1m    712712[0m[34;1m    962832[0m[34;1m   1727848[0m[34;1m     43.18[0m[34;1m     11552[0m[34;1m   1413852[0m[34;1m   6998492[0m[31;1m    174.90[0m[34;1m    660472[0m[34;1m   2276664[0m[34;1m      9496[0m
13:46:07   [34;1m    712488[0m[34;1m    963024[0m[34;1m   1727692[0m[34;1m     43.18[0m[34;1m     11560[0m[34;1m   1414232[0m[34;1m   6998492[0m[31;1m    174.90[0m[34;1m    660472[0m[34;1m   2277148[0m[34;1m      9880[0m
13:46:08   [34;1m    711760[0m[34;1m    963264[0m[34;1m   1727432[0m[34;1m     43.17[0m[34;1m     11560[0m[34;1m   1415188[0m[34;1m   6998492[0m[31;1m    174.90[0m[34;1m    660480[0m[34;1m   2277388[0m[34;1m     10828[0m
13:46:09   [34;1m    711256[0m[34;1m    963080[0m[34;1m   1727620[0m[34;1m     43.18[0m[34;1m     11560[0m[34;1m   1415500[0m[34;1m   6998492[0m[31;1m    174.90[0m[34;1m    660480[0m[34;1m   2276744[0m[34;1m     11140[0m
13:46:10   [34;1m    710528[0m[34;1m    963104[0m[34;1m   1727572[0m[34;1m     43.17[0m[34;1m     11560[0m[34;1m   1416260[0m[34;1m   6998492[0m[31;1m    174.90[0m[34;1m    660480[0m[34;1m   2278212[0m[34;1m     11752[0m
13:46:11   [34;1m    709044[0m[34;1m    962344[0m[34;1m   1728296[0m[34;1m     43.19[0m[34;1m     11560[0m[34;1m   1416852[0m[34;1m   7003212[0m[31;1m    175.02[0m[34;1m    660480[0m[34;1m   2280540[0m[34;1m     12408[0m
13:46:12   [34;1m    708792[0m[34;1m    962668[0m[34;1m   1727908[0m[34;1m     43.18[0m[34;1m     11568[0m[34;1m   1417576[0m[34;1m   7003212[0m[31;1m    175.02[0m[34;1m    660488[0m[34;1m   2281356[0m[34;1m     13016[0m
13:46:13   [34;1m    707588[0m[34;1m    962004[0m[34;1m   1728612[0m[34;1m     43.20[0m[34;1m     11568[0m[34;1m   1418068[0m[34;1m   7003212[0m[31;1m    175.02[0m[34;1m    660488[0m[34;1m   2282360[0m[34;1m     13508[0m
13:46:14   [34;1m    705824[0m[34;1m    960900[0m[34;1m   1729820[0m[34;1m     43.23[0m[34;1m     11584[0m[34;1m   1418588[0m[34;1m   6998492[0m[31;1m    174.90[0m[34;1m    660492[0m[34;1m   2281628[0m[34;1m     14020[0m
13:46:15   [34;1m    705824[0m[34;1m    961560[0m[34;1m   1729032[0m[34;1m     43.21[0m[34;1m     11584[0m[34;1m   1419368[0m[34;1m   6998492[0m[31;1m    174.90[0m[34;1m    660504[0m[34;1m   2282212[0m[34;22m         0[0m
13:46:16   [34;1m    704816[0m[34;1m    961132[0m[34;1m   1729428[0m[34;1m     43.22[0m[34;1m     11584[0m[34;1m   1419964[0m[34;1m   6998492[0m[31;1m    174.90[0m[34;1m    660504[0m[34;1m   2283656[0m[34;1m       536[0m
13:46:17   [34;1m    704592[0m[34;1m    961464[0m[34;1m   1729128[0m[34;1m     43.21[0m[34;1m     11584[0m[34;1m   1420468[0m[34;1m   6998492[0m[31;1m    174.90[0m[34;1m    660504[0m[34;1m   2283316[0m[34;1m      1040[0m
13:46:18   [34;1m    704116[0m[34;1m    961692[0m[34;1m   1728904[0m[34;1m     43.21[0m[34;1m     11592[0m[34;1m   1421148[0m[34;1m   6998492[0m[31;1m    174.90[0m[34;1m    660512[0m[34;1m   2283772[0m[34;1m      1776[0m
13:46:19   [34;1m    701876[0m[34;1m    960092[0m[34;1m   1730636[0m[34;1m     43.25[0m[34;1m     11592[0m[34;1m   1421672[0m[34;1m   6998492[0m[31;1m    174.90[0m[34;1m    660508[0m[34;1m   2284780[0m[34;1m      2296[0m
13:46:20   [34;1m    701336[0m[34;1m    960132[0m[34;1m   1730460[0m[34;1m     43.25[0m[34;1m     11592[0m[34;1m   1422356[0m[34;1m   6998492[0m[31;1m    174.90[0m[34;1m    660512[0m[34;1m   2285716[0m[34;1m        20[0m
13:46:21   [34;1m    700580[0m[34;1m    960096[0m[34;1m   1730648[0m[34;1m     43.25[0m[34;1m     11592[0m[34;1m   1422924[0m[34;1m   6998492[0m[31;1m    174.90[0m[34;1m    660512[0m[34;1m   2287556[0m[34;1m       444[0m
13:46:22   [34;1m    699572[0m[34;1m    959520[0m[34;1m   1731100[0m[34;1m     43.26[0m[34;1m     11592[0m[34;1m   1423472[0m[34;1m   6998492[0m[31;1m    174.90[0m[34;1m    660512[0m[34;1m   2286764[0m[34;1m       996[0m
13:46:23   [34;1m    699320[0m[34;1m    959832[0m[34;1m   1730684[0m[34;1m     43.25[0m[34;1m     11600[0m[34;1m   1424112[0m[34;1m   6998492[0m[31;1m    174.90[0m[34;1m    660512[0m[34;1m   2287264[0m[34;1m      1644[0m
13:46:24   [34;1m    697584[0m[34;1m    958800[0m[34;1m   1731620[0m[34;1m     43.28[0m[34;1m     11600[0m[34;1m   1424812[0m[34;1m   6998492[0m[31;1m    174.90[0m[34;1m    660528[0m[34;1m   2288140[0m[34;1m      2348[0m
13:46:25   [34;1m    697584[0m[34;1m    959192[0m[34;1m   1731300[0m[34;1m     43.27[0m[34;1m     11608[0m[34;1m   1425204[0m[34;1m   6998492[0m[31;1m    174.90[0m[34;1m    660520[0m[34;1m   2288580[0m[34;1m      2744[0m
13:46:26   [34;1m    697332[0m[34;1m    959496[0m[34;1m   1731052[0m[34;1m     43.26[0m[34;1m     11608[0m[34;1m   1425692[0m[34;1m   6998492[0m[31;1m    174.90[0m[34;1m    660528[0m[34;1m   2289004[0m[34;1m      3224[0m
13:46:27   [34;1m    696604[0m[34;1m    959668[0m[34;1m   1730864[0m[34;1m     43.26[0m[34;1m     11608[0m[34;1m   1426592[0m[34;1m   6998492[0m[31;1m    174.90[0m[34;1m    660528[0m[34;1m   2290292[0m[34;1m      4120[0m
13:46:28   [34;1m    695848[0m[34;1m    959564[0m[34;1m   1730952[0m[34;1m     43.26[0m[34;1m     11608[0m[34;1m   1427236[0m[34;1m   6998492[0m[31;1m    174.90[0m[34;1m    660528[0m[34;1m   2290588[0m[34;1m      4764[0m
13:46:29   [34;1m    695092[0m[34;1m    959376[0m[34;1m   1731212[0m[34;1m     43.27[0m[34;1m     11608[0m[34;1m   1427784[0m[34;1m   6998492[0m[31;1m    174.90[0m[34;1m    660532[0m[34;1m   2289560[0m[34;1m      5308[0m
13:46:30   [34;1m    694364[0m[34;1m    959088[0m[34;1m   1731456[0m[34;1m     43.27[0m[34;1m     11616[0m[34;1m   1428200[0m[34;1m   6998492[0m[31;1m    174.90[0m[34;1m    660536[0m[34;1m   2290304[0m[34;1m      5724[0m
13:46:31   [34;1m    693132[0m[34;1m    958376[0m[34;1m   1732040[0m[34;1m     43.29[0m[34;1m     11624[0m[34;1m   1428676[0m[34;1m   7003212[0m[31;1m    175.02[0m[34;1m    660540[0m[34;1m   2292400[0m[34;1m      6196[0m
13:46:32   [34;1m    693132[0m[34;1m    958972[0m[34;1m   1731516[0m[34;1m     43.27[0m[34;1m     11624[0m[34;1m   1429304[0m[34;1m   7003212[0m[31;1m    175.02[0m[34;1m    660540[0m[34;1m   2293228[0m[34;1m      6824[0m
13:46:33   [34;1m    691872[0m[34;1m    958444[0m[34;1m   1732076[0m[34;1m     43.29[0m[34;1m     11624[0m[34;1m   1429988[0m[34;1m   7003212[0m[31;1m    175.02[0m[34;1m    660540[0m[34;1m   2294444[0m[34;1m      7508[0m
13:46:34   [34;1m    689884[0m[34;1m    956896[0m[34;1m   1733652[0m[34;1m     43.33[0m[34;1m     11624[0m[34;1m   1430420[0m[34;1m   6998492[0m[31;1m    174.90[0m[34;1m    660536[0m[34;1m   2293276[0m[34;1m      7940[0m
13:46:35   [34;1m    689884[0m[34;1m    957472[0m[34;1m   1733024[0m[34;1m     43.31[0m[34;1m     11624[0m[34;1m   1431004[0m[34;1m   6998492[0m[31;1m    174.90[0m[34;1m    660544[0m[34;1m   2293604[0m[34;1m      8524[0m
13:46:36   [34;1m    689884[0m[34;1m    958172[0m[34;1m   1732288[0m[34;1m     43.29[0m[34;1m     11632[0m[34;1m   1431712[0m[34;1m   6998492[0m[31;1m    174.90[0m[34;1m    660544[0m[34;1m   2294412[0m[34;1m      9240[0m
13:46:37   [34;1m    689660[0m[34;1m    958436[0m[34;1m   1732004[0m[34;1m     43.28[0m[34;1m     11640[0m[34;1m   1432220[0m[34;1m   6998492[0m[31;1m    174.90[0m[34;1m    660552[0m[34;1m   2294828[0m[34;1m      9736[0m
13:46:38   [34;1m    689436[0m[34;1m    958892[0m[34;1m   1731548[0m[34;1m     43.27[0m[34;1m     11640[0m[34;1m   1432888[0m[34;1m   6998492[0m[31;1m    174.90[0m[34;1m    660552[0m[34;1m   2295640[0m[34;1m     10404[0m
13:46:39   [34;1m    687672[0m[34;1m    957692[0m[34;1m   1732756[0m[34;1m     43.30[0m[34;1m     11640[0m[34;1m   1433392[0m[34;1m   6998492[0m[31;1m    174.90[0m[34;1m    660560[0m[34;1m   2296560[0m[34;1m     10908[0m
13:46:40   [34;1m    687420[0m[34;1m    958028[0m[34;1m   1732428[0m[34;1m     43.30[0m[34;1m     11640[0m[34;1m   1433968[0m[34;1m   6998492[0m[31;1m    174.90[0m[34;1m    660560[0m[34;1m   2297232[0m[34;1m     11484[0m
13:46:41   [34;1m    686692[0m[34;1m    957736[0m[34;1m   1732712[0m[34;1m     43.30[0m[34;1m     11640[0m[34;1m   1434408[0m[34;1m   6998492[0m[31;1m    174.90[0m[34;1m    660560[0m[34;1m   2297768[0m[34;1m     11924[0m
13:46:42   [34;1m    686188[0m[34;1m    958068[0m[34;1m   1732416[0m[34;1m     43.30[0m[34;1m     11648[0m[34;1m   1435176[0m[34;1m   6998492[0m[31;1m    174.90[0m[34;1m    660568[0m[34;1m   2297040[0m[34;1m     12692[0m
13:46:43   [34;1m    682156[0m[34;1m    954384[0m[34;1m   1736100[0m[34;1m     43.39[0m[34;1m     11648[0m[34;1m   1435520[0m[34;1m   6998492[0m[31;1m    174.90[0m[34;1m    660568[0m[34;1m   2297588[0m[34;1m     13036[0m
13:46:44   [34;1m    681652[0m[34;1m    954736[0m[34;1m   1735688[0m[34;1m     43.38[0m[34;1m     11656[0m[34;1m   1436424[0m[34;1m   6998492[0m[31;1m    174.90[0m[34;1m    660576[0m[34;1m   2298708[0m[34;1m     13936[0m
13:46:45   [34;1m    681400[0m[34;1m    954844[0m[34;1m   1735448[0m[34;1m     43.37[0m[34;1m     11656[0m[34;1m   1436912[0m[34;1m   6998492[0m[31;1m    174.90[0m[34;1m    660576[0m[34;1m   2299096[0m[34;1m     14424[0m
13:46:46   [34;1m    680644[0m[34;1m    954756[0m[34;1m   1735712[0m[34;1m     43.38[0m[34;1m     11656[0m[34;1m   1437384[0m[34;1m   6998492[0m[31;1m    174.90[0m[34;1m    660576[0m[34;1m   2300960[0m[34;1m      6756[0m
13:46:47   [34;1m    680392[0m[34;1m    955284[0m[34;1m   1735092[0m[34;1m     43.36[0m[34;1m     11656[0m[34;1m   1438232[0m[34;1m   6998492[0m[31;1m    174.90[0m[34;1m    660576[0m[34;1m   2300984[0m[34;1m      7472[0m
13:46:48   [34;1m    680140[0m[34;1m    955340[0m[34;1m   1735020[0m[34;1m     43.36[0m[34;1m     11656[0m[34;1m   1438552[0m[34;1m   6998492[0m[31;1m    174.90[0m[34;1m    660576[0m[34;1m   2301352[0m[34;1m      7792[0m
13:46:49   [34;1m    679384[0m[34;1m    955292[0m[34;1m   1735144[0m[34;1m     43.36[0m[34;1m     11664[0m[34;1m   1439228[0m[34;1m   6998492[0m[31;1m    174.90[0m[34;1m    660572[0m[34;1m   2302348[0m[34;1m      8476[0m
13:46:50   [34;1m    678908[0m[34;1m    955468[0m[34;1m   1735060[0m[34;1m     43.36[0m[34;1m     11664[0m[34;1m   1439704[0m[34;1m   6998492[0m[31;1m    174.90[0m[34;1m    660584[0m[34;1m   2300536[0m[34;1m      9004[0m
13:46:51   [34;1m    677928[0m[34;1m    955132[0m[34;1m   1735280[0m[34;1m     43.37[0m[34;1m     11672[0m[34;1m   1440396[0m[34;1m   7003212[0m[31;1m    175.02[0m[34;1m    660584[0m[34;1m   2302876[0m[34;1m       144[0m
13:46:52   [34;1m    676920[0m[34;1m    954608[0m[34;1m   1735788[0m[34;1m     43.38[0m[34;1m     11672[0m[34;1m   1440880[0m[34;1m   7003212[0m[31;1m    175.02[0m[34;1m    660592[0m[34;1m   2304528[0m[34;1m       624[0m
13:46:53   [34;1m    676192[0m[34;1m    954516[0m[34;1m   1735848[0m[34;1m     43.38[0m[34;1m     11672[0m[34;1m   1441528[0m[34;1m   7003212[0m[31;1m    175.02[0m[34;1m    660592[0m[34;1m   2305588[0m[34;1m      1272[0m
13:46:54   [34;1m    674708[0m[34;1m    953448[0m[34;1m   1736868[0m[34;1m     43.41[0m[34;1m     11672[0m[34;1m   1442008[0m[34;1m   6998492[0m[31;1m    174.90[0m[34;1m    660592[0m[34;1m   2305372[0m[34;1m      1752[0m
13:46:55   [34;1m    674460[0m[34;1m    954160[0m[34;1m   1736228[0m[34;1m     43.39[0m[34;1m     11672[0m[34;1m   1442916[0m[34;1m   6998492[0m[31;1m    174.90[0m[34;1m    660592[0m[34;1m   2306084[0m[34;1m      2656[0m
13:46:56   [34;1m    674208[0m[34;1m    954280[0m[34;1m   1736136[0m[34;1m     43.39[0m[34;1m     11680[0m[34;1m   1443248[0m[34;1m   6998492[0m[31;1m    174.90[0m[34;1m    660600[0m[34;1m   2306464[0m[34;1m      2988[0m
13:46:57   [34;1m    673956[0m[34;1m    954704[0m[34;1m   1735728[0m[34;1m     43.38[0m[34;1m     11688[0m[34;1m   1443888[0m[34;1m   6998492[0m[31;1m    174.90[0m[34;1m    660600[0m[34;1m   2306968[0m[34;1m      3628[0m
13:46:58   [34;1m    673452[0m[34;1m    954872[0m[34;1m   1735496[0m[34;1m     43.37[0m[34;1m     11688[0m[34;1m   1444604[0m[34;1m   6998492[0m[31;1m    174.90[0m[34;1m    660608[0m[34;1m   2307760[0m[34;1m      4340[0m
13:46:59   [34;1m    672976[0m[34;1m    955004[0m[34;1m   1735292[0m[34;1m     43.37[0m[34;1m     11688[0m[34;1m   1445264[0m[34;1m   6998492[0m[31;1m    174.90[0m[34;1m    660604[0m[34;1m   2307128[0m[34;1m      5000[0m
13:47:00   [34;1m    672976[0m[34;1m    955504[0m[34;1m   1734784[0m[34;1m     43.35[0m[34;1m     11688[0m[34;1m   1445712[0m[34;1m   6998492[0m[31;1m    174.90[0m[34;1m    660608[0m[34;1m   2307832[0m[34;1m      5448[0m
13:47:01   [34;1m    672220[0m[34;1m    955364[0m[34;1m   1734804[0m[34;1m     43.35[0m[34;1m     11688[0m[34;1m   1446432[0m[34;1m   6998492[0m[31;1m    174.90[0m[34;1m    660608[0m[34;1m   2308552[0m[34;1m      6168[0m
13:47:02   [34;1m    671492[0m[34;1m    955024[0m[34;1m   1735236[0m[34;1m     43.37[0m[34;1m     11696[0m[34;1m   1446708[0m[34;1m   6998492[0m[31;1m    174.90[0m[34;1m    660616[0m[34;1m   2309088[0m[34;1m      6444[0m
13:47:03   [34;1m    670764[0m[34;1m    955444[0m[34;1m   1734900[0m[34;1m     43.36[0m[34;1m     11704[0m[34;1m   1447744[0m[34;1m   6998492[0m[31;1m    174.90[0m[34;1m    660624[0m[34;1m   2310784[0m[34;1m      7428[0m
13:47:04   [34;1m    670008[0m[34;1m    954920[0m[34;1m   1735456[0m[34;1m     43.37[0m[34;1m     11704[0m[34;1m   1448052[0m[34;1m   6998492[0m[31;1m    174.90[0m[34;1m    660624[0m[34;1m   2310412[0m[34;1m      7736[0m
13:47:05   [34;1m    669756[0m[34;1m    955232[0m[34;1m   1734980[0m[34;1m     43.36[0m[34;1m     11704[0m[34;1m   1448672[0m[34;1m   6998556[0m[31;1m    174.90[0m[34;1m    660624[0m[34;1m   2311176[0m[34;1m      8356[0m
13:47:06   [34;1m    669252[0m[34;1m    955608[0m[34;1m   1734784[0m[34;1m     43.35[0m[34;1m     11704[0m[34;1m   1449352[0m[34;1m   6998556[0m[31;1m    174.90[0m[34;1m    660624[0m[34;1m   2312104[0m[34;1m      9036[0m
13:47:07   [34;1m    669000[0m[34;1m    955640[0m[34;1m   1734604[0m[34;1m     43.35[0m[34;1m     11704[0m[34;1m   1449772[0m[34;1m   6998556[0m[31;1m    174.90[0m[34;1m    660624[0m[34;1m   2312432[0m[34;1m      9456[0m
13:47:08   [34;1m    669000[0m[34;1m    956404[0m[34;1m   1733852[0m[34;1m     43.33[0m[34;1m     11712[0m[34;1m   1450484[0m[34;1m   6998556[0m[31;1m    174.90[0m[34;1m    660632[0m[34;1m   2311080[0m[34;1m     10168[0m
13:47:09   [34;1m    668244[0m[34;1m    956124[0m[34;1m   1734096[0m[34;1m     43.34[0m[34;1m     11720[0m[34;1m   1450980[0m[34;1m   6998556[0m[31;1m    174.90[0m[34;1m    660632[0m[34;1m   2311632[0m[34;1m     10672[0m
13:47:10   [34;1m    667012[0m[34;1m    955576[0m[34;1m   1734628[0m[34;1m     43.35[0m[34;1m     11720[0m[34;1m   1451664[0m[34;1m   6998556[0m[31;1m    174.90[0m[34;1m    660640[0m[34;1m   2313308[0m[34;1m     11344[0m
13:47:11   [34;1m    664744[0m[34;1m    954080[0m[34;1m   1736040[0m[34;1m     43.39[0m[34;1m     11720[0m[34;1m   1452416[0m[34;1m   7003276[0m[31;1m    175.02[0m[34;1m    660640[0m[34;1m   2316240[0m[34;1m     12096[0m
13:47:12   [34;1m    682532[0m[34;1m    972380[0m[34;1m   1718048[0m[34;1m     42.94[0m[34;1m     11720[0m[34;1m   1452764[0m[34;1m   6984856[0m[31;1m    174.56[0m[34;1m    660640[0m[34;1m   2306632[0m[34;1m     12444[0m
