Linux 6.6.95 (minikube) 	04/17/26 	_x86_64_	(4 CPU)

13:42:12        CPU     %user     %nice   %system   %iowait    %steal     %idle
13:42:13   [32;22m     all[0m[34;1m      3.07[0m[34;22m      0.00[0m[34;1m      3.32[0m[34;22m      0.00[0m[34;22m      0.00[0m[34;1m     93.61[0m
13:42:14   [32;22m     all[0m[34;1m      5.47[0m[34;22m      0.00[0m[34;1m      4.43[0m[34;22m      0.00[0m[34;22m      0.00[0m[34;1m     90.10[0m
13:42:15   [32;22m     all[0m[34;1m      2.83[0m[34;22m      0.00[0m[34;1m      4.37[0m[34;22m      0.00[0m[34;22m      0.00[0m[34;1m     92.80[0m
13:42:16   [32;22m     all[0m[34;1m      3.86[0m[34;22m      0.00[0m[34;1m      4.63[0m[34;22m      0.00[0m[34;22m      0.00[0m[34;1m     91.52[0m
13:42:17   [32;22m     all[0m[34;1m      4.12[0m[34;22m      0.00[0m[34;1m      5.67[0m[34;22m      0.00[0m[34;22m      0.00[0m[34;1m     90.21[0m
13:42:18   [32;22m     all[0m[34;1m      6.13[0m[34;22m      0.00[0m[34;1m      7.73[0m[34;22m      0.00[0m[34;22m      0.00[0m[34;1m     86.13[0m
13:42:19   [32;22m     all[0m[34;1m      5.80[0m[34;22m      0.00[0m[34;1m      7.39[0m[34;22m      0.00[0m[34;22m      0.00[0m[34;1m     86.81[0m
13:42:20   [32;22m     all[0m[34;1m      5.82[0m[34;22m      0.00[0m[34;1m      7.41[0m[34;22m      0.00[0m[34;22m      0.00[0m[34;1m     86.77[0m
13:42:21   [32;22m     all[0m[34;1m      5.48[0m[34;22m      0.00[0m[34;1m      9.14[0m[34;22m      0.00[0m[34;22m      0.00[0m[34;1m     85.38[0m
13:42:22   [32;22m     all[0m[34;1m      6.63[0m[34;22m      0.00[0m[34;1m      9.28[0m[34;22m      0.00[0m[34;22m      0.00[0m[34;1m     84.08[0m
13:42:23   [32;22m     all[0m[34;1m      6.79[0m[34;22m      0.00[0m[34;1m     12.77[0m[34;22m      0.00[0m[34;22m      0.00[0m[34;1m     80.43[0m
13:42:24   [32;22m     all[0m[34;1m      7.37[0m[34;22m      0.00[0m[34;1m     10.00[0m[34;22m      0.00[0m[34;22m      0.00[0m[34;1m     82.63[0m
13:42:25   [32;22m     all[0m[34;1m      6.90[0m[34;22m      0.00[0m[34;1m     11.41[0m[34;22m      0.00[0m[34;22m      0.00[0m[34;1m     81.70[0m
13:42:26   [32;22m     all[0m[34;1m      7.59[0m[34;22m      0.00[0m[34;1m     11.11[0m[34;22m      0.00[0m[34;22m      0.00[0m[34;1m     81.30[0m
13:42:27   [32;22m     all[0m[34;1m      7.94[0m[34;22m      0.00[0m[34;1m     12.96[0m[34;1m      0.26[0m[34;22m      0.00[0m[34;1m     78.84[0m
13:42:28   [32;22m     all[0m[34;1m      9.36[0m[34;22m      0.00[0m[34;1m     13.64[0m[34;22m      0.00[0m[34;22m      0.00[0m[34;1m     77.01[0m
13:42:29   [32;22m     all[0m[34;1m     10.93[0m[34;22m      0.00[0m[34;1m     16.39[0m[34;22m      0.00[0m[34;22m      0.00[0m[34;1m     72.68[0m
13:42:30   [32;22m     all[0m[34;1m      8.56[0m[34;22m      0.00[0m[34;1m     13.64[0m[34;22m      0.00[0m[34;22m      0.00[0m[34;1m     77.81[0m
13:42:31   [32;22m     all[0m[34;1m      9.26[0m[34;22m      0.00[0m[34;1m     15.53[0m[34;22m      0.00[0m[34;22m      0.00[0m[34;1m     75.20[0m
13:42:32   [32;22m     all[0m[34;1m      8.09[0m[34;22m      0.00[0m[34;1m     13.75[0m[34;22m      0.00[0m[34;22m      0.00[0m[34;1m     78.17[0m
13:42:33   [32;22m     all[0m[34;1m      9.49[0m[34;22m      0.00[0m[34;1m     15.72[0m[34;22m      0.00[0m[34;22m      0.00[0m[34;1m     74.80[0m
13:42:34   [32;22m     all[0m[34;1m     11.92[0m[34;22m      0.00[0m[34;1m     17.89[0m[34;22m      0.00[0m[34;22m      0.00[0m[34;1m     70.19[0m
13:42:35   [32;22m     all[0m[34;1m     10.80[0m[34;22m      0.00[0m[34;1m     15.79[0m[34;22m      0.00[0m[34;22m      0.00[0m[34;1m     73.41[0m
13:42:36   [32;22m     all[0m[34;1m      9.46[0m[34;22m      0.00[0m[34;1m     16.49[0m[34;22m      0.00[0m[34;22m      0.00[0m[34;1m     74.05[0m
13:42:37   [32;22m     all[0m[34;1m     11.17[0m[34;22m      0.00[0m[34;1m     17.32[0m[34;22m      0.00[0m[34;22m      0.00[0m[34;1m     71.51[0m
13:42:38   [32;22m     all[0m[34;1m     12.33[0m[34;22m      0.00[0m[34;1m     19.18[0m[34;22m      0.00[0m[34;22m      0.00[0m[34;1m     68.49[0m
13:42:39   [32;22m     all[0m[34;1m     14.09[0m[34;22m      0.00[0m[34;1m     21.82[0m[34;22m      0.00[0m[34;22m      0.00[0m[34;1m     64.09[0m
13:42:40   [32;22m     all[0m[34;1m     13.70[0m[34;22m      0.00[0m[34;1m     18.90[0m[34;22m      0.00[0m[34;22m      0.00[0m[34;1m     67.40[0m
13:42:41   [32;22m     all[0m[34;1m     12.22[0m[34;22m      0.00[0m[34;1m     20.00[0m[34;22m      0.00[0m[34;22m      0.00[0m[34;1m     67.78[0m
13:42:42   [32;22m     all[0m[34;1m     11.88[0m[34;22m      0.00[0m[34;1m     21.55[0m[34;22m      0.00[0m[34;22m      0.00[0m[34;1m     66.57[0m
13:42:43   [32;22m     all[0m[34;1m     12.04[0m[34;22m      0.00[0m[34;1m     21.57[0m[34;22m      0.00[0m[34;22m      0.00[0m[34;1m     66.39[0m
13:42:44   [32;22m     all[0m[34;1m     13.09[0m[34;22m      0.00[0m[34;1m     19.78[0m[34;22m      0.00[0m[34;22m      0.00[0m[34;1m     67.13[0m
13:42:45   [32;22m     all[0m[34;1m     12.39[0m[34;22m      0.00[0m[34;1m     18.87[0m[34;22m      0.00[0m[34;22m      0.00[0m[34;1m     68.73[0m
13:42:46   [32;22m     all[0m[34;1m     11.45[0m[34;22m      0.00[0m[34;1m     18.16[0m[34;22m      0.00[0m[34;22m      0.00[0m[34;1m     70.39[0m
13:42:47   [32;22m     all[0m[34;1m     12.01[0m[34;22m      0.00[0m[34;1m     18.99[0m[34;22m      0.00[0m[34;22m      0.00[0m[34;1m     68.99[0m
13:42:48   [32;22m     all[0m[34;1m     13.93[0m[34;22m      0.00[0m[34;1m     21.45[0m[34;22m      0.00[0m[34;22m      0.00[0m[34;1m     64.62[0m
13:42:49   [32;22m     all[0m[34;1m     11.57[0m[34;22m      0.00[0m[34;1m     20.39[0m[34;22m      0.00[0m[34;22m      0.00[0m[34;1m     68.04[0m
13:42:50   [32;22m     all[0m[34;1m     10.99[0m[34;22m      0.00[0m[34;1m     18.87[0m[34;22m      0.00[0m[34;22m      0.00[0m[34;1m     70.14[0m
13:42:51   [32;22m     all[0m[34;1m     12.85[0m[34;22m      0.00[0m[34;1m     21.51[0m[34;22m      0.00[0m[34;22m      0.00[0m[34;1m     65.64[0m
13:42:52   [32;22m     all[0m[34;1m     12.04[0m[34;22m      0.00[0m[34;1m     20.73[0m[34;22m      0.00[0m[34;22m      0.00[0m[34;1m     67.23[0m
13:42:53   [32;22m     all[0m[34;1m     11.17[0m[34;22m      0.00[0m[34;1m     17.04[0m[34;22m      0.00[0m[34;22m      0.00[0m[34;1m     71.79[0m
13:42:54   [32;22m     all[0m[34;1m     11.29[0m[34;22m      0.00[0m[34;1m     20.66[0m[34;22m      0.00[0m[34;22m      0.00[0m[34;1m     68.04[0m
13:42:55   [32;22m     all[0m[34;1m     12.08[0m[34;22m      0.00[0m[34;1m     19.10[0m[34;22m      0.00[0m[34;22m      0.00[0m[34;1m     68.82[0m
13:42:56   [32;22m     all[0m[34;1m     10.83[0m[34;22m      0.00[0m[34;1m     19.72[0m[34;1m      0.28[0m[34;22m      0.00[0m[34;1m     69.17[0m
13:42:57   [32;22m     all[0m[34;1m     12.88[0m[34;22m      0.00[0m[34;1m     19.18[0m[34;22m      0.00[0m[34;22m      0.00[0m[34;1m     67.95[0m
13:42:58   [32;22m     all[0m[34;1m     12.81[0m[34;22m      0.00[0m[34;1m     20.33[0m[34;22m      0.00[0m[34;22m      0.00[0m[34;1m     66.85[0m
13:42:59   [32;22m     all[0m[34;1m     10.58[0m[34;22m      0.00[0m[34;1m     16.43[0m[34;22m      0.00[0m[34;22m      0.00[0m[34;1m     72.98[0m
13:43:00   [32;22m     all[0m[34;1m     13.89[0m[34;22m      0.00[0m[34;1m     21.11[0m[34;22m      0.00[0m[34;22m      0.00[0m[34;1m     65.00[0m
13:43:01   [32;22m     all[0m[34;1m     11.85[0m[34;22m      0.00[0m[34;1m     17.91[0m[34;22m      0.00[0m[34;22m      0.00[0m[34;1m     70.25[0m
13:43:02   [32;22m     all[0m[34;1m     12.99[0m[34;22m      0.00[0m[34;1m     21.19[0m[34;22m      0.00[0m[34;22m      0.00[0m[34;1m     65.82[0m
13:43:03   [32;22m     all[0m[34;1m     11.54[0m[34;22m      0.00[0m[34;1m     18.68[0m[34;22m      0.00[0m[34;22m      0.00[0m[34;1m     69.78[0m
13:43:04   [32;22m     all[0m[34;1m     11.52[0m[34;22m      0.00[0m[34;1m     17.70[0m[34;22m      0.00[0m[34;22m      0.00[0m[34;1m     70.79[0m
13:43:05   [32;22m     all[0m[34;1m     11.55[0m[34;22m      0.00[0m[34;1m     20.56[0m[34;22m      0.00[0m[34;22m      0.00[0m[34;1m     67.89[0m
13:43:06   [32;22m     all[0m[34;1m     11.94[0m[34;22m      0.00[0m[34;1m     19.17[0m[34;22m      0.00[0m[34;22m      0.00[0m[34;1m     68.89[0m
13:43:07   [32;22m     all[0m[34;1m     10.99[0m[34;22m      0.00[0m[34;1m     19.44[0m[34;22m      0.00[0m[34;22m      0.00[0m[34;1m     69.58[0m
13:43:08   [32;22m     all[0m[34;1m     12.29[0m[34;22m      0.00[0m[34;1m     20.67[0m[34;22m      0.00[0m[34;22m      0.00[0m[34;1m     67.04[0m
13:43:09   [32;22m     all[0m[34;1m     12.74[0m[34;22m      0.00[0m[34;1m     21.05[0m[34;22m      0.00[0m[34;22m      0.00[0m[34;1m     66.20[0m
13:43:10   [32;22m     all[0m[34;1m     12.71[0m[34;22m      0.00[0m[34;1m     18.93[0m[34;22m      0.00[0m[34;22m      0.00[0m[34;1m     68.36[0m
13:43:11   [32;22m     all[0m[34;1m     12.26[0m[34;22m      0.00[0m[34;1m     19.50[0m[34;22m      0.00[0m[34;22m      0.00[0m[34;1m     68.25[0m
13:43:12   [32;22m     all[0m[34;1m     11.52[0m[34;22m      0.00[0m[34;1m     19.66[0m[34;22m      0.00[0m[34;22m      0.00[0m[34;1m     68.82[0m
13:43:13   [32;22m     all[0m[34;1m     11.78[0m[34;22m      0.00[0m[34;1m     20.00[0m[34;22m      0.00[0m[34;22m      0.00[0m[34;1m     68.22[0m
13:43:14   [32;22m     all[0m[34;1m     12.43[0m[34;22m      0.00[0m[34;1m     19.34[0m[34;22m      0.00[0m[34;22m      0.00[0m[34;1m     68.23[0m
13:43:15   [32;22m     all[0m[34;1m     11.67[0m[34;22m      0.00[0m[34;1m     18.89[0m[34;22m      0.00[0m[34;22m      0.00[0m[34;1m     69.44[0m
13:43:16   [32;22m     all[0m[34;1m     10.89[0m[34;22m      0.00[0m[34;1m     18.44[0m[34;22m      0.00[0m[34;22m      0.00[0m[34;1m     70.67[0m
13:43:17   [32;22m     all[0m[34;1m     12.32[0m[34;22m      0.00[0m[34;1m     19.61[0m[34;22m      0.00[0m[34;22m      0.00[0m[34;1m     68.07[0m
13:43:18   [32;22m     all[0m[34;1m     13.84[0m[34;22m      0.00[0m[34;1m     21.19[0m[34;22m      0.00[0m[34;22m      0.00[0m[34;1m     64.97[0m
13:43:19   [32;22m     all[0m[34;1m     11.23[0m[34;22m      0.00[0m[34;1m     18.08[0m[34;22m      0.00[0m[34;22m      0.00[0m[34;1m     70.68[0m
13:43:20   [32;22m     all[0m[34;1m     13.52[0m[34;22m      0.00[0m[34;1m     20.28[0m[34;22m      0.00[0m[34;22m      0.00[0m[34;1m     66.20[0m
13:43:21   [32;22m     all[0m[34;1m     11.24[0m[34;22m      0.00[0m[34;1m     18.54[0m[34;22m      0.00[0m[34;22m      0.00[0m[34;1m     70.22[0m
13:43:22   [32;22m     all[0m[34;1m     12.04[0m[34;22m      0.00[0m[34;1m     21.01[0m[34;22m      0.00[0m[34;22m      0.00[0m[34;1m     66.95[0m
13:43:23   [32;22m     all[0m[34;1m     10.83[0m[34;22m      0.00[0m[34;1m     22.22[0m[34;22m      0.00[0m[34;22m      0.00[0m[34;1m     66.94[0m
13:43:24   [32;22m     all[0m[34;1m     13.22[0m[34;22m      0.00[0m[34;1m     19.01[0m[34;22m      0.00[0m[34;22m      0.00[0m[34;1m     67.77[0m
13:43:25   [32;22m     all[0m[34;1m     11.14[0m[34;22m      0.00[0m[34;1m     19.78[0m[34;22m      0.00[0m[34;22m      0.00[0m[34;1m     69.08[0m
13:43:26   [32;22m     all[0m[34;1m     10.74[0m[34;22m      0.00[0m[34;1m     20.66[0m[34;22m      0.00[0m[34;22m      0.00[0m[34;1m     68.60[0m
13:43:27   [32;22m     all[0m[34;1m     11.76[0m[34;22m      0.00[0m[34;1m     18.49[0m[34;22m      0.00[0m[34;22m      0.00[0m[34;1m     69.75[0m
13:43:28   [32;22m     all[0m[34;1m     13.30[0m[34;22m      0.00[0m[34;1m     19.11[0m[34;22m      0.00[0m[34;22m      0.00[0m[34;1m     67.59[0m
13:43:29   [32;22m     all[0m[34;1m     14.05[0m[34;22m      0.00[0m[34;1m     20.39[0m[34;22m      0.00[0m[34;22m      0.00[0m[34;1m     65.56[0m
13:43:30   [32;22m     all[0m[34;1m     13.80[0m[34;22m      0.00[0m[34;1m     20.56[0m[34;22m      0.00[0m[34;22m      0.00[0m[34;1m     65.63[0m
13:43:31   [32;22m     all[0m[34;1m     12.81[0m[34;22m      0.00[0m[34;1m     19.50[0m[34;22m      0.00[0m[34;22m      0.00[0m[34;1m     67.69[0m
13:43:32   [32;22m     all[0m[34;1m     11.48[0m[34;22m      0.00[0m[34;1m     21.85[0m[34;22m      0.00[0m[34;22m      0.00[0m[34;1m     66.67[0m
13:43:33   [32;22m     all[0m[34;1m     12.22[0m[34;22m      0.00[0m[34;1m     20.28[0m[34;22m      0.00[0m[34;22m      0.00[0m[34;1m     67.50[0m
13:43:34   [32;22m     all[0m[34;1m     11.45[0m[34;22m      0.00[0m[34;1m     19.27[0m[34;22m      0.00[0m[34;22m      0.00[0m[34;1m     69.27[0m
13:43:35   [32;22m     all[0m[34;1m     12.18[0m[34;22m      0.00[0m[34;1m     21.25[0m[34;22m      0.00[0m[34;22m      0.00[0m[34;1m     66.57[0m
13:43:36   [32;22m     all[0m[34;1m     11.61[0m[34;22m      0.00[0m[34;1m     17.85[0m[34;22m      0.00[0m[34;22m      0.00[0m[34;1m     70.54[0m
13:43:37   [32;22m     all[0m[34;1m     12.12[0m[34;22m      0.00[0m[34;1m     20.11[0m[34;22m      0.00[0m[34;22m      0.00[0m[34;1m     67.77[0m
13:43:38   [32;22m     all[0m[34;1m     13.57[0m[34;22m      0.00[0m[34;1m     20.22[0m[34;1m      0.28[0m[34;22m      0.00[0m[34;1m     65.93[0m
13:43:39   [32;22m     all[0m[34;1m     11.45[0m[34;22m      0.00[0m[34;1m     18.99[0m[34;22m      0.00[0m[34;22m      0.00[0m[34;1m     69.55[0m
13:43:40   [32;22m     all[0m[34;1m     13.33[0m[34;22m      0.00[0m[34;1m     20.00[0m[34;22m      0.00[0m[34;22m      0.00[0m[34;1m     66.67[0m
13:43:41   [32;22m     all[0m[34;1m     12.47[0m[34;22m      0.00[0m[34;1m     20.78[0m[34;22m      0.00[0m[34;22m      0.00[0m[34;1m     66.76[0m
13:43:42   [32;22m     all[0m[34;1m     11.68[0m[34;22m      0.00[0m[34;1m     19.84[0m[34;22m      0.00[0m[34;22m      0.00[0m[34;1m     68.48[0m
13:43:43   [32;22m     all[0m[34;1m     13.43[0m[34;22m      0.00[0m[34;1m     20.86[0m[34;22m      0.00[0m[34;22m      0.00[0m[34;1m     65.71[0m
13:43:44   [32;22m     all[0m[34;1m     12.32[0m[34;22m      0.00[0m[34;1m     20.73[0m[34;22m      0.00[0m[34;22m      0.00[0m[34;1m     66.95[0m
13:43:45   [32;22m     all[0m[34;1m     12.92[0m[34;22m      0.00[0m[34;1m     22.47[0m[34;22m      0.00[0m[34;22m      0.00[0m[34;1m     64.61[0m
13:43:46   [32;22m     all[0m[34;1m     10.36[0m[34;22m      0.00[0m[34;1m     17.93[0m[34;22m      0.00[0m[34;22m      0.00[0m[34;1m     71.71[0m
13:43:47   [32;22m     all[0m[34;1m     12.64[0m[34;22m      0.00[0m[34;1m     20.51[0m[34;22m      0.00[0m[34;22m      0.00[0m[34;1m     66.85[0m
13:43:48   [32;22m     all[0m[34;1m     13.48[0m[34;22m      0.00[0m[34;1m     20.51[0m[34;22m      0.00[0m[34;22m      0.00[0m[34;1m     66.01[0m
13:43:49   [32;22m     all[0m[34;1m     12.85[0m[34;22m      0.00[0m[34;1m     19.27[0m[34;22m      0.00[0m[34;22m      0.00[0m[34;1m     67.88[0m
13:43:50   [32;22m     all[0m[34;1m     11.73[0m[34;22m      0.00[0m[34;1m     18.16[0m[34;22m      0.00[0m[34;22m      0.00[0m[34;1m     70.11[0m
13:43:51   [32;22m     all[0m[34;1m     14.29[0m[34;22m      0.00[0m[34;1m     22.13[0m[34;22m      0.00[0m[34;22m      0.00[0m[34;1m     63.59[0m
13:43:52   [32;22m     all[0m[34;1m     12.64[0m[34;22m      0.00[0m[34;1m     20.51[0m[34;22m      0.00[0m[34;22m      0.00[0m[34;1m     66.85[0m
13:43:53   [32;22m     all[0m[34;1m     11.78[0m[34;22m      0.00[0m[34;1m     22.47[0m[34;1m      0.27[0m[34;22m      0.00[0m[34;1m     65.48[0m
13:43:54   [32;22m     all[0m[34;1m     11.86[0m[34;22m      0.00[0m[34;1m     18.36[0m[34;22m      0.00[0m[34;22m      0.00[0m[34;1m     69.77[0m
13:43:55   [32;22m     all[0m[34;1m     12.47[0m[34;22m      0.00[0m[34;1m     18.01[0m[34;22m      0.00[0m[34;22m      0.00[0m[34;1m     69.53[0m
13:43:56   [32;22m     all[0m[34;1m     11.36[0m[34;22m      0.00[0m[34;1m     20.78[0m[34;22m      0.00[0m[34;22m      0.00[0m[34;1m     67.87[0m
13:43:57   [32;22m     all[0m[34;1m     13.24[0m[34;22m      0.00[0m[34;1m     19.15[0m[34;22m      0.00[0m[34;22m      0.00[0m[34;1m     67.61[0m
13:43:58   [32;22m     all[0m[34;1m     14.41[0m[34;22m      0.00[0m[34;1m     21.75[0m[34;22m      0.00[0m[34;22m      0.00[0m[34;1m     63.84[0m
13:43:59   [32;22m     all[0m[34;1m     14.44[0m[34;22m      0.00[0m[34;1m     20.28[0m[34;22m      0.00[0m[34;22m      0.00[0m[34;1m     65.28[0m
13:44:00   [32;22m     all[0m[34;1m     12.22[0m[34;22m      0.00[0m[34;1m     20.00[0m[34;22m      0.00[0m[34;22m      0.00[0m[34;1m     67.78[0m
13:44:01   [32;22m     all[0m[34;1m     11.73[0m[34;22m      0.00[0m[34;1m     15.92[0m[34;22m      0.00[0m[34;22m      0.00[0m[34;1m     72.35[0m
13:44:02   [32;22m     all[0m[34;1m     12.75[0m[34;22m      0.00[0m[34;1m     25.50[0m[34;22m      0.00[0m[34;22m      0.00[0m[34;1m     61.76[0m
13:44:03   [32;22m     all[0m[34;1m     10.44[0m[34;22m      0.00[0m[34;1m     18.68[0m[34;22m      0.00[0m[34;22m      0.00[0m[34;1m     70.88[0m
13:44:04   [32;22m     all[0m[34;1m     12.11[0m[34;22m      0.00[0m[34;1m     19.44[0m[34;22m      0.00[0m[34;22m      0.00[0m[34;1m     68.45[0m
13:44:05   [32;22m     all[0m[34;1m     13.57[0m[34;22m      0.00[0m[34;1m     19.67[0m[34;22m      0.00[0m[34;22m      0.00[0m[34;1m     66.76[0m
13:44:06   [32;22m     all[0m[34;1m     12.81[0m[34;22m      0.00[0m[34;1m     20.06[0m[34;22m      0.00[0m[34;22m      0.00[0m[34;1m     67.13[0m
13:44:07   [32;22m     all[0m[34;1m     12.71[0m[34;22m      0.00[0m[34;1m     20.44[0m[34;22m      0.00[0m[34;22m      0.00[0m[34;1m     66.85[0m
13:44:08   [32;22m     all[0m[34;1m     12.86[0m[34;22m      0.00[0m[34;1m     19.71[0m[34;22m      0.00[0m[34;22m      0.00[0m[34;1m     67.43[0m
13:44:09   [32;22m     all[0m[34;1m     12.61[0m[34;22m      0.00[0m[34;1m     19.33[0m[34;22m      0.00[0m[34;22m      0.00[0m[34;1m     68.07[0m
13:44:10   [32;22m     all[0m[34;1m     11.88[0m[34;22m      0.00[0m[34;1m     19.89[0m[34;22m      0.00[0m[34;22m      0.00[0m[34;1m     68.23[0m
13:44:11   [32;22m     all[0m[34;1m     12.57[0m[34;22m      0.00[0m[34;1m     20.95[0m[34;22m      0.00[0m[34;22m      0.00[0m[34;1m     66.48[0m
13:44:12   [32;22m     all[0m[34;1m     12.32[0m[34;22m      0.00[0m[34;1m     20.17[0m[34;22m      0.00[0m[34;22m      0.00[0m[34;1m     67.51[0m
13:44:13   [32;22m     all[0m[34;1m     12.30[0m[34;22m      0.00[0m[34;1m     21.31[0m[34;22m      0.00[0m[34;22m      0.00[0m[34;1m     66.39[0m
13:44:14   [32;22m     all[0m[34;1m     12.18[0m[34;22m      0.00[0m[34;1m     18.70[0m[34;22m      0.00[0m[34;22m      0.00[0m[34;1m     69.12[0m
13:44:15   [32;22m     all[0m[34;1m     11.27[0m[34;22m      0.00[0m[34;1m     18.59[0m[34;22m      0.00[0m[34;22m      0.00[0m[34;1m     70.14[0m
13:44:16   [32;22m     all[0m[34;1m     10.34[0m[34;22m      0.00[0m[34;1m     20.95[0m[34;22m      0.00[0m[34;22m      0.00[0m[34;1m     68.72[0m
13:44:17   [32;22m     all[0m[34;1m     11.33[0m[34;22m      0.00[0m[34;1m     16.57[0m[34;22m      0.00[0m[34;22m      0.00[0m[34;1m     72.10[0m
13:44:18   [32;22m     all[0m[34;1m     12.85[0m[34;22m      0.00[0m[34;1m     18.99[0m[34;22m      0.00[0m[34;22m      0.00[0m[34;1m     68.16[0m
13:44:19   [32;22m     all[0m[34;1m     12.64[0m[34;22m      0.00[0m[34;1m     19.94[0m[34;22m      0.00[0m[34;22m      0.00[0m[34;1m     67.42[0m
13:44:20   [32;22m     all[0m[34;1m     12.36[0m[34;22m      0.00[0m[34;1m     21.91[0m[34;22m      0.00[0m[34;22m      0.00[0m[34;1m     65.73[0m
13:44:21   [32;22m     all[0m[34;1m     12.81[0m[34;22m      0.00[0m[34;1m     21.45[0m[34;1m      0.28[0m[34;22m      0.00[0m[34;1m     65.46[0m
13:44:22   [32;22m     all[0m[34;1m      9.44[0m[34;22m      0.00[0m[34;1m     15.83[0m[34;22m      0.00[0m[34;22m      0.00[0m[34;1m     74.72[0m
13:44:23   [32;22m     all[0m[34;1m     11.67[0m[34;22m      0.00[0m[34;1m     20.56[0m[34;22m      0.00[0m[34;22m      0.00[0m[34;1m     67.78[0m
13:44:24   [32;22m     all[0m[34;1m     12.64[0m[34;22m      0.00[0m[34;1m     18.82[0m[34;22m      0.00[0m[34;22m      0.00[0m[34;1m     68.54[0m
13:44:25   [32;22m     all[0m[34;1m     12.29[0m[34;22m      0.00[0m[34;1m     19.83[0m[34;22m      0.00[0m[34;22m      0.00[0m[34;1m     67.88[0m
13:44:26   [32;22m     all[0m[34;1m     12.53[0m[34;22m      0.00[0m[34;1m     18.11[0m[34;22m      0.00[0m[34;22m      0.00[0m[34;1m     69.36[0m
13:44:27   [32;22m     all[0m[34;1m     12.50[0m[34;22m      0.00[0m[34;1m     18.61[0m[34;22m      0.00[0m[34;22m      0.00[0m[34;1m     68.89[0m
13:44:28   [32;22m     all[0m[34;1m     15.51[0m[34;22m      0.00[0m[34;1m     21.88[0m[34;22m      0.00[0m[34;22m      0.00[0m[34;1m     62.60[0m
13:44:29   [32;22m     all[0m[34;1m     13.13[0m[34;22m      0.00[0m[34;1m     20.39[0m[34;22m      0.00[0m[34;22m      0.00[0m[34;1m     66.48[0m
13:44:30   [32;22m     all[0m[34;1m     11.93[0m[34;22m      0.00[0m[34;1m     19.60[0m[34;22m      0.00[0m[34;22m      0.00[0m[34;1m     68.47[0m
13:44:31   [32;22m     all[0m[34;1m     12.09[0m[34;22m      0.00[0m[34;1m     19.23[0m[34;22m      0.00[0m[34;22m      0.00[0m[34;1m     68.68[0m
13:44:32   [32;22m     all[0m[34;1m     11.17[0m[34;22m      0.00[0m[34;1m     18.72[0m[34;22m      0.00[0m[34;22m      0.00[0m[34;1m     70.11[0m
13:44:33   [32;22m     all[0m[34;1m     11.24[0m[34;22m      0.00[0m[34;1m     17.70[0m[34;22m      0.00[0m[34;22m      0.00[0m[34;1m     71.07[0m
13:44:34   [32;22m     all[0m[34;1m     11.39[0m[34;22m      0.00[0m[34;1m     18.06[0m[34;1m      0.28[0m[34;22m      0.00[0m[34;1m     70.28[0m
13:44:35   [32;22m     all[0m[34;1m     12.15[0m[34;22m      0.00[0m[34;1m     19.21[0m[34;22m      0.00[0m[34;22m      0.00[0m[34;1m     68.64[0m
13:44:36   [32;22m     all[0m[34;1m     10.28[0m[34;22m      0.00[0m[34;1m     16.67[0m[34;22m      0.00[0m[34;22m      0.00[0m[34;1m     73.06[0m
13:44:37   [32;22m     all[0m[34;1m     11.80[0m[34;22m      0.00[0m[34;1m     19.38[0m[34;22m      0.00[0m[34;22m      0.00[0m[34;1m     68.82[0m
13:44:38   [32;22m     all[0m[34;1m     13.76[0m[34;22m      0.00[0m[34;1m     19.66[0m[34;22m      0.00[0m[34;22m      0.00[0m[34;1m     66.57[0m
13:44:39   [32;22m     all[0m[34;1m     11.17[0m[34;22m      0.00[0m[34;1m     18.99[0m[34;22m      0.00[0m[34;22m      0.00[0m[34;1m     69.83[0m
13:44:40   [32;22m     all[0m[34;1m     11.90[0m[34;22m      0.00[0m[34;1m     18.70[0m[34;22m      0.00[0m[34;22m      0.00[0m[34;1m     69.41[0m
13:44:41   [32;22m     all[0m[34;1m     12.85[0m[34;22m      0.00[0m[34;1m     19.83[0m[34;22m      0.00[0m[34;22m      0.00[0m[34;1m     67.32[0m
13:44:42   [32;22m     all[0m[34;1m     13.65[0m[34;22m      0.00[0m[34;1m     19.22[0m[34;1m      0.28[0m[34;22m      0.00[0m[34;1m     66.85[0m
13:44:43   [32;22m     all[0m[34;1m     10.80[0m[34;22m      0.00[0m[34;1m     18.75[0m[34;22m      0.00[0m[34;22m      0.00[0m[34;1m     70.45[0m
13:44:44   [32;22m     all[0m[34;1m     12.19[0m[34;22m      0.00[0m[34;1m     18.84[0m[34;22m      0.00[0m[34;22m      0.00[0m[34;1m     68.98[0m
13:44:45   [32;22m     all[0m[34;1m      9.78[0m[34;22m      0.00[0m[34;1m     16.20[0m[34;22m      0.00[0m[34;22m      0.00[0m[34;1m     74.02[0m
13:44:46   [32;22m     all[0m[34;1m     12.81[0m[34;22m      0.00[0m[34;1m     20.89[0m[34;22m      0.00[0m[34;22m      0.00[0m[34;1m     66.30[0m
13:44:47   [32;22m     all[0m[34;1m     11.24[0m[34;22m      0.00[0m[34;1m     19.66[0m[34;22m      0.00[0m[34;22m      0.00[0m[34;1m     69.10[0m
13:44:48   [32;22m     all[0m[34;1m     12.04[0m[34;22m      0.00[0m[34;1m     18.77[0m[34;22m      0.00[0m[34;22m      0.00[0m[34;1m     69.19[0m
13:44:49   [32;22m     all[0m[34;1m     12.15[0m[34;22m      0.00[0m[34;1m     19.89[0m[34;22m      0.00[0m[34;22m      0.00[0m[34;1m     67.96[0m
13:44:50   [32;22m     all[0m[34;1m     13.65[0m[34;22m      0.00[0m[34;1m     20.06[0m[34;22m      0.00[0m[34;22m      0.00[0m[34;1m     66.30[0m
13:44:51   [32;22m     all[0m[34;1m     11.67[0m[34;22m      0.00[0m[34;1m     17.50[0m[34;22m      0.00[0m[34;22m      0.00[0m[34;1m     70.83[0m
13:44:52   [32;22m     all[0m[34;1m     11.24[0m[34;22m      0.00[0m[34;1m     17.13[0m[34;22m      0.00[0m[34;22m      0.00[0m[34;1m     71.63[0m
13:44:53   [32;22m     all[0m[34;1m     12.71[0m[34;22m      0.00[0m[34;1m     20.06[0m[34;22m      0.00[0m[34;22m      0.00[0m[34;1m     67.23[0m
13:44:54   [32;22m     all[0m[34;1m     10.96[0m[34;22m      0.00[0m[34;1m     19.66[0m[34;22m      0.00[0m[34;22m      0.00[0m[34;1m     69.38[0m
13:44:55   [32;22m     all[0m[34;1m     13.13[0m[34;22m      0.00[0m[34;1m     19.27[0m[34;22m      0.00[0m[34;22m      0.00[0m[34;1m     67.60[0m
13:44:56   [32;22m     all[0m[34;1m     11.17[0m[34;22m      0.00[0m[34;1m     15.64[0m[34;22m      0.00[0m[34;22m      0.00[0m[34;1m     73.18[0m
13:44:57   [32;22m     all[0m[34;1m     13.45[0m[34;22m      0.00[0m[34;1m     20.17[0m[34;22m      0.00[0m[34;22m      0.00[0m[34;1m     66.39[0m
13:44:58   [32;22m     all[0m[34;1m     11.91[0m[34;22m      0.00[0m[34;1m     17.17[0m[34;22m      0.00[0m[34;22m      0.00[0m[34;1m     70.91[0m
13:44:59   [32;22m     all[0m[34;1m     14.89[0m[34;22m      0.00[0m[34;1m     22.19[0m[34;22m      0.00[0m[34;22m      0.00[0m[34;1m     62.92[0m
13:45:00   [32;22m     all[0m[34;1m     12.36[0m[34;22m      0.00[0m[34;1m     19.66[0m[34;22m      0.00[0m[34;22m      0.00[0m[34;1m     67.98[0m
13:45:01   [32;22m     all[0m[34;1m     11.26[0m[34;22m      0.00[0m[34;1m     18.41[0m[34;22m      0.00[0m[34;22m      0.00[0m[34;1m     70.33[0m
13:45:02   [32;22m     all[0m[34;1m     10.74[0m[34;22m      0.00[0m[34;1m     19.83[0m[34;22m      0.00[0m[34;22m      0.00[0m[34;1m     69.42[0m
13:45:03   [32;22m     all[0m[34;1m     13.03[0m[34;22m      0.00[0m[34;1m     21.53[0m[34;22m      0.00[0m[34;22m      0.00[0m[34;1m     65.44[0m
13:45:04   [32;22m     all[0m[34;1m     13.17[0m[34;22m      0.00[0m[34;1m     21.01[0m[34;22m      0.00[0m[34;22m      0.00[0m[34;1m     65.83[0m
13:45:05   [32;22m     all[0m[34;1m     10.92[0m[34;22m      0.00[0m[34;1m     19.89[0m[34;22m      0.00[0m[34;22m      0.00[0m[34;1m     69.19[0m
13:45:06   [32;22m     all[0m[34;1m     10.06[0m[34;22m      0.00[0m[34;1m     17.04[0m[34;22m      0.00[0m[34;22m      0.00[0m[34;1m     72.91[0m
13:45:07   [32;22m     all[0m[34;1m     11.33[0m[34;22m      0.00[0m[34;1m     16.02[0m[34;22m      0.00[0m[34;22m      0.00[0m[34;1m     72.65[0m
13:45:08   [32;22m     all[0m[34;1m     12.36[0m[34;22m      0.00[0m[34;1m     19.38[0m[34;22m      0.00[0m[34;22m      0.00[0m[34;1m     68.26[0m
13:45:09   [32;22m     all[0m[34;1m     15.00[0m[34;22m      0.00[0m[34;1m     23.61[0m[34;22m      0.00[0m[34;22m      0.00[0m[34;1m     61.39[0m
13:45:10   [32;22m     all[0m[34;1m     12.92[0m[34;22m      0.00[0m[34;1m     21.07[0m[34;22m      0.00[0m[34;22m      0.00[0m[34;1m     66.01[0m
13:45:11   [32;22m     all[0m[34;1m     12.09[0m[34;22m      0.00[0m[34;1m     20.33[0m[34;22m      0.00[0m[34;22m      0.00[0m[34;1m     67.58[0m
13:45:12   [32;22m     all[0m[34;1m     11.83[0m[34;22m      0.00[0m[34;1m     17.75[0m[34;22m      0.00[0m[34;22m      0.00[0m[34;1m     70.42[0m
13:45:13   [32;22m     all[0m[34;1m     11.94[0m[34;22m      0.00[0m[34;1m     18.89[0m[34;22m      0.00[0m[34;22m      0.00[0m[34;1m     69.17[0m
13:45:14   [32;22m     all[0m[34;1m     12.26[0m[34;22m      0.00[0m[34;1m     19.78[0m[34;22m      0.00[0m[34;22m      0.00[0m[34;1m     67.97[0m
13:45:15   [32;22m     all[0m[34;1m     13.13[0m[34;22m      0.00[0m[34;1m     20.95[0m[34;22m      0.00[0m[34;22m      0.00[0m[34;1m     65.92[0m
13:45:16   [32;22m     all[0m[34;1m      9.83[0m[34;22m      0.00[0m[34;1m     17.70[0m[34;22m      0.00[0m[34;22m      0.00[0m[34;1m     72.47[0m
13:45:17   [32;22m     all[0m[34;1m     12.99[0m[34;22m      0.00[0m[34;1m     21.75[0m[34;22m      0.00[0m[34;22m      0.00[0m[34;1m     65.25[0m
13:45:18   [32;22m     all[0m[34;1m     13.52[0m[34;22m      0.00[0m[34;1m     19.72[0m[34;22m      0.00[0m[34;22m      0.00[0m[34;1m     66.76[0m
13:45:19   [32;22m     all[0m[34;1m     12.32[0m[34;22m      0.00[0m[34;1m     21.85[0m[34;22m      0.00[0m[34;22m      0.00[0m[34;1m     65.83[0m
13:45:20   [32;22m     all[0m[34;1m     13.69[0m[34;22m      0.00[0m[34;1m     20.39[0m[34;22m      0.00[0m[34;22m      0.00[0m[34;1m     65.92[0m
13:45:21   [32;22m     all[0m[34;1m     12.43[0m[34;22m      0.00[0m[34;1m     18.23[0m[34;22m      0.00[0m[34;22m      0.00[0m[34;1m     69.34[0m
13:45:22   [32;22m     all[0m[34;1m     11.36[0m[34;22m      0.00[0m[34;1m     18.75[0m[34;22m      0.00[0m[34;22m      0.00[0m[34;1m     69.89[0m
13:45:23   [32;22m     all[0m[34;1m     14.68[0m[34;22m      0.00[0m[34;1m     20.50[0m[34;22m      0.00[0m[34;22m      0.00[0m[34;1m     64.82[0m
13:45:24   [32;22m     all[0m[34;1m     12.26[0m[34;22m      0.00[0m[34;1m     17.27[0m[34;22m      0.00[0m[34;22m      0.00[0m[34;1m     70.47[0m
13:45:25   [32;22m     all[0m[34;1m     11.20[0m[34;22m      0.00[0m[34;1m     17.37[0m[34;22m      0.00[0m[34;22m      0.00[0m[34;1m     71.43[0m
13:45:26   [32;22m     all[0m[34;1m     12.71[0m[34;22m      0.00[0m[34;1m     18.23[0m[34;22m      0.00[0m[34;22m      0.00[0m[34;1m     69.06[0m
13:45:27   [32;22m     all[0m[34;1m     13.93[0m[34;22m      0.00[0m[34;1m     20.33[0m[34;22m      0.00[0m[34;22m      0.00[0m[34;1m     65.74[0m
13:45:28   [32;22m     all[0m[34;1m     11.75[0m[34;22m      0.00[0m[34;1m     18.58[0m[34;1m      0.27[0m[34;22m      0.00[0m[34;1m     69.40[0m
13:45:29   [32;22m     all[0m[34;1m     12.47[0m[34;22m      0.00[0m[34;1m     16.90[0m[34;22m      0.00[0m[34;22m      0.00[0m[34;1m     70.64[0m
13:45:30   [32;22m     all[0m[34;1m     13.52[0m[34;22m      0.00[0m[34;1m     20.00[0m[34;22m      0.00[0m[34;22m      0.00[0m[34;1m     66.48[0m
13:45:31   [32;22m     all[0m[34;1m     12.91[0m[34;22m      0.00[0m[34;1m     21.70[0m[34;22m      0.00[0m[34;22m      0.00[0m[34;1m     65.38[0m
13:45:32   [32;22m     all[0m[34;1m     12.92[0m[34;22m      0.00[0m[34;1m     19.66[0m[34;22m      0.00[0m[34;22m      0.00[0m[34;1m     67.42[0m
13:45:33   [32;22m     all[0m[34;1m     11.85[0m[34;22m      0.00[0m[34;1m     17.36[0m[34;22m      0.00[0m[34;22m      0.00[0m[34;1m     70.80[0m
13:45:34   [32;22m     all[0m[34;1m     11.60[0m[34;22m      0.00[0m[34;1m     17.68[0m[34;22m      0.00[0m[34;22m      0.00[0m[34;1m     70.72[0m
13:45:35   [32;22m     all[0m[34;1m     13.74[0m[34;22m      0.00[0m[34;1m     20.33[0m[34;22m      0.00[0m[34;22m      0.00[0m[34;1m     65.93[0m
13:45:36   [32;22m     all[0m[34;1m     10.80[0m[34;22m      0.00[0m[34;1m     18.01[0m[34;22m      0.00[0m[34;22m      0.00[0m[34;1m     71.19[0m
13:45:37   [32;22m     all[0m[34;1m     13.17[0m[34;22m      0.00[0m[34;1m     19.61[0m[34;22m      0.00[0m[34;22m      0.00[0m[34;1m     67.23[0m
13:45:38   [32;22m     all[0m[34;1m     13.76[0m[34;22m      0.00[0m[34;1m     21.63[0m[34;22m      0.00[0m[34;22m      0.00[0m[34;1m     64.61[0m
13:45:39   [32;22m     all[0m[34;1m     11.94[0m[34;22m      0.00[0m[34;1m     16.39[0m[34;22m      0.00[0m[34;22m      0.00[0m[34;1m     71.67[0m
13:45:40   [32;22m     all[0m[34;1m     13.17[0m[34;22m      0.00[0m[34;1m     19.33[0m[34;22m      0.00[0m[34;22m      0.00[0m[34;1m     67.51[0m
13:45:41   [32;22m     all[0m[34;1m     12.01[0m[34;22m      0.00[0m[34;1m     19.27[0m[34;22m      0.00[0m[34;22m      0.00[0m[34;1m     68.72[0m
13:45:42   [32;22m     all[0m[34;1m     12.78[0m[34;22m      0.00[0m[34;1m     20.28[0m[34;22m      0.00[0m[34;22m      0.00[0m[34;1m     66.94[0m
13:45:43   [32;22m     all[0m[34;1m     12.43[0m[34;22m      0.00[0m[34;1m     17.96[0m[34;22m      0.00[0m[34;22m      0.00[0m[34;1m     69.61[0m
13:45:44   [32;22m     all[0m[34;1m     12.43[0m[34;22m      0.00[0m[34;1m     18.23[0m[34;22m      0.00[0m[34;22m      0.00[0m[34;1m     69.34[0m
13:45:45   [32;22m     all[0m[34;1m     11.70[0m[34;22m      0.00[0m[34;1m     18.66[0m[34;22m      0.00[0m[34;22m      0.00[0m[34;1m     69.64[0m
13:45:46   [32;22m     all[0m[34;1m     13.41[0m[34;22m      0.00[0m[34;1m     20.67[0m[34;22m      0.00[0m[34;22m      0.00[0m[34;1m     65.92[0m
13:45:47   [32;22m     all[0m[34;1m     12.43[0m[34;22m      0.00[0m[34;1m     18.64[0m[34;22m      0.00[0m[34;22m      0.00[0m[34;1m     68.93[0m
13:45:48   [32;22m     all[0m[34;1m     12.29[0m[34;22m      0.00[0m[34;1m     17.60[0m[34;22m      0.00[0m[34;22m      0.00[0m[34;1m     70.11[0m
13:45:49   [32;22m     all[0m[34;1m     11.45[0m[34;22m      0.00[0m[34;1m     18.16[0m[34;22m      0.00[0m[34;22m      0.00[0m[34;1m     70.39[0m
13:45:50   [32;22m     all[0m[34;1m     13.20[0m[34;22m      0.00[0m[34;1m     18.82[0m[34;22m      0.00[0m[34;22m      0.00[0m[34;1m     67.98[0m
13:45:51   [32;22m     all[0m[34;1m     11.73[0m[34;22m      0.00[0m[34;1m     20.95[0m[34;22m      0.00[0m[34;22m      0.00[0m[34;1m     67.32[0m
13:45:52   [32;22m     all[0m[34;1m     11.93[0m[34;22m      0.00[0m[34;1m     19.32[0m[34;22m      0.00[0m[34;22m      0.00[0m[34;1m     68.75[0m
13:45:53   [32;22m     all[0m[34;1m     11.54[0m[34;22m      0.00[0m[34;1m     18.13[0m[34;22m      0.00[0m[34;22m      0.00[0m[34;1m     70.33[0m
13:45:54   [32;22m     all[0m[34;1m     13.13[0m[34;22m      0.00[0m[34;1m     19.83[0m[34;22m      0.00[0m[34;22m      0.00[0m[34;1m     67.04[0m
13:45:55   [32;22m     all[0m[34;1m     12.12[0m[34;22m      0.00[0m[34;1m     19.01[0m[34;22m      0.00[0m[34;22m      0.00[0m[34;1m     68.87[0m
13:45:56   [32;22m     all[0m[34;1m     11.70[0m[34;22m      0.00[0m[34;1m     17.55[0m[34;22m      0.00[0m[34;22m      0.00[0m[34;1m     70.75[0m
13:45:57   [32;22m     all[0m[34;1m     15.91[0m[34;22m      0.00[0m[34;1m     19.32[0m[34;22m      0.00[0m[34;22m      0.00[0m[34;1m     64.77[0m
13:45:58   [32;22m     all[0m[34;1m     11.88[0m[34;22m      0.00[0m[34;1m     19.89[0m[34;22m      0.00[0m[34;22m      0.00[0m[34;1m     68.23[0m
13:45:59   [32;22m     all[0m[34;1m     13.93[0m[34;22m      0.00[0m[34;1m     20.61[0m[34;22m      0.00[0m[34;22m      0.00[0m[34;1m     65.46[0m
13:46:00   [32;22m     all[0m[34;1m     11.17[0m[34;22m      0.00[0m[34;1m     18.72[0m[34;22m      0.00[0m[34;22m      0.00[0m[34;1m     70.11[0m
13:46:01   [32;22m     all[0m[34;1m     13.60[0m[34;22m      0.00[0m[34;1m     21.53[0m[34;22m      0.00[0m[34;22m      0.00[0m[34;1m     64.87[0m
13:46:02   [32;22m     all[0m[34;1m      9.89[0m[34;22m      0.00[0m[34;1m     16.21[0m[34;22m      0.00[0m[34;22m      0.00[0m[34;1m     73.90[0m
13:46:03   [32;22m     all[0m[34;1m     11.88[0m[34;22m      0.00[0m[34;1m     19.89[0m[34;22m      0.00[0m[34;22m      0.00[0m[34;1m     68.23[0m
13:46:04   [32;22m     all[0m[34;1m     12.01[0m[34;22m      0.00[0m[34;1m     18.44[0m[34;22m      0.00[0m[34;22m      0.00[0m[34;1m     69.55[0m
13:46:05   [32;22m     all[0m[34;1m     10.44[0m[34;22m      0.00[0m[34;1m     19.51[0m[34;22m      0.00[0m[34;22m      0.00[0m[34;1m     70.05[0m
13:46:06   [32;22m     all[0m[34;1m     10.99[0m[34;22m      0.00[0m[34;1m     20.00[0m[34;22m      0.00[0m[34;22m      0.00[0m[34;1m     69.01[0m
13:46:07   [32;22m     all[0m[34;1m     11.17[0m[34;22m      0.00[0m[34;1m     19.55[0m[34;22m      0.00[0m[34;22m      0.00[0m[34;1m     69.27[0m
13:46:08   [32;22m     all[0m[34;1m     13.56[0m[34;22m      0.00[0m[34;1m     21.47[0m[34;22m      0.00[0m[34;22m      0.00[0m[34;1m     64.97[0m
13:46:09   [32;22m     all[0m[34;1m     11.29[0m[34;22m      0.00[0m[34;1m     19.01[0m[34;22m      0.00[0m[34;22m      0.00[0m[34;1m     69.70[0m
13:46:10   [32;22m     all[0m[34;1m     13.09[0m[34;22m      0.00[0m[34;1m     18.94[0m[34;22m      0.00[0m[34;22m      0.00[0m[34;1m     67.97[0m
13:46:11   [32;22m     all[0m[34;1m     14.01[0m[34;22m      0.00[0m[34;1m     21.57[0m[34;1m      0.28[0m[34;22m      0.00[0m[34;1m     64.15[0m
13:46:12   [32;22m     all[0m[34;1m     13.60[0m[34;22m      0.00[0m[34;1m     20.40[0m[34;22m      0.00[0m[34;22m      0.00[0m[34;1m     66.01[0m
13:46:13   [32;22m     all[0m[34;1m     13.37[0m[34;22m      0.00[0m[34;1m     20.06[0m[34;22m      0.00[0m[34;22m      0.00[0m[34;1m     66.57[0m
13:46:14   [32;22m     all[0m[34;1m     12.22[0m[34;22m      0.00[0m[34;1m     18.33[0m[34;22m      0.00[0m[34;22m      0.00[0m[34;1m     69.44[0m
13:46:15   [32;22m     all[0m[34;1m     12.61[0m[34;22m      0.00[0m[34;1m     21.85[0m[34;22m      0.00[0m[34;22m      0.00[0m[34;1m     65.55[0m
13:46:16   [32;22m     all[0m[34;1m     12.50[0m[34;22m      0.00[0m[34;1m     19.72[0m[34;22m      0.00[0m[34;22m      0.00[0m[34;1m     67.78[0m
13:46:17   [32;22m     all[0m[34;1m     10.99[0m[34;22m      0.00[0m[34;1m     17.03[0m[34;22m      0.00[0m[34;22m      0.00[0m[34;1m     71.98[0m
13:46:18   [32;22m     all[0m[34;1m     13.45[0m[34;22m      0.00[0m[34;1m     22.97[0m[34;22m      0.00[0m[34;22m      0.00[0m[34;1m     63.59[0m
13:46:19   [32;22m     all[0m[34;1m     10.92[0m[34;22m      0.00[0m[34;1m     19.33[0m[34;22m      0.00[0m[34;22m      0.00[0m[34;1m     69.75[0m
13:46:20   [32;22m     all[0m[34;1m     12.53[0m[34;22m      0.00[0m[34;1m     21.73[0m[34;22m      0.00[0m[34;22m      0.00[0m[34;1m     65.74[0m
13:46:21   [32;22m     all[0m[34;1m     12.46[0m[34;22m      0.00[0m[34;1m     17.85[0m[34;22m      0.00[0m[34;22m      0.00[0m[34;1m     69.69[0m
13:46:22   [32;22m     all[0m[34;1m     12.30[0m[34;22m      0.00[0m[34;1m     20.22[0m[34;22m      0.00[0m[34;22m      0.00[0m[34;1m     67.49[0m
13:46:23   [32;22m     all[0m[34;1m     11.48[0m[34;22m      0.00[0m[34;1m     19.33[0m[34;22m      0.00[0m[34;22m      0.00[0m[34;1m     69.19[0m
13:46:24   [32;22m     all[0m[34;1m     13.06[0m[34;22m      0.00[0m[34;1m     20.83[0m[34;22m      0.00[0m[34;22m      0.00[0m[34;1m     66.11[0m
13:46:25   [32;22m     all[0m[34;1m     12.33[0m[34;22m      0.00[0m[34;1m     16.99[0m[34;22m      0.00[0m[34;22m      0.00[0m[34;1m     70.68[0m
13:46:26   [32;22m     all[0m[34;1m     11.54[0m[34;22m      0.00[0m[34;1m     18.13[0m[34;22m      0.00[0m[34;22m      0.00[0m[34;1m     70.33[0m
13:46:27   [32;22m     all[0m[34;1m     14.57[0m[34;22m      0.00[0m[34;1m     22.13[0m[34;22m      0.00[0m[34;22m      0.00[0m[34;1m     63.31[0m
13:46:28   [32;22m     all[0m[34;1m     12.85[0m[34;22m      0.00[0m[34;1m     20.11[0m[34;22m      0.00[0m[34;22m      0.00[0m[34;1m     67.04[0m
13:46:29   [32;22m     all[0m[34;1m     12.22[0m[34;22m      0.00[0m[34;1m     18.61[0m[34;22m      0.00[0m[34;22m      0.00[0m[34;1m     69.17[0m
13:46:30   [32;22m     all[0m[34;1m     12.78[0m[34;22m      0.00[0m[34;1m     19.17[0m[34;22m      0.00[0m[34;22m      0.00[0m[34;1m     68.06[0m
13:46:31   [32;22m     all[0m[34;1m     11.78[0m[34;22m      0.00[0m[34;1m     20.55[0m[34;22m      0.00[0m[34;22m      0.00[0m[34;1m     67.67[0m
13:46:32   [32;22m     all[0m[34;1m     11.76[0m[34;22m      0.00[0m[34;1m     19.61[0m[34;22m      0.00[0m[34;22m      0.00[0m[34;1m     68.63[0m
13:46:33   [32;22m     all[0m[34;1m     12.36[0m[34;22m      0.00[0m[34;1m     19.94[0m[34;22m      0.00[0m[34;22m      0.00[0m[34;1m     67.70[0m
13:46:34   [32;22m     all[0m[34;1m     13.41[0m[34;22m      0.00[0m[34;1m     18.16[0m[34;22m      0.00[0m[34;22m      0.00[0m[34;1m     68.44[0m
13:46:35   [32;22m     all[0m[34;1m     13.69[0m[34;22m      0.00[0m[34;1m     20.95[0m[34;22m      0.00[0m[34;22m      0.00[0m[34;1m     65.36[0m
13:46:36   [32;22m     all[0m[34;1m     10.74[0m[34;22m      0.00[0m[34;1m     18.73[0m[34;22m      0.00[0m[34;22m      0.00[0m[34;1m     70.52[0m
13:46:37   [32;22m     all[0m[34;1m     12.32[0m[34;22m      0.00[0m[34;1m     19.05[0m[34;22m      0.00[0m[34;22m      0.00[0m[34;1m     68.63[0m
13:46:38   [32;22m     all[0m[34;1m     14.21[0m[34;22m      0.00[0m[34;1m     18.94[0m[34;22m      0.00[0m[34;22m      0.00[0m[34;1m     66.85[0m
13:46:39   [32;22m     all[0m[34;1m     12.92[0m[34;22m      0.00[0m[34;1m     22.19[0m[34;22m      0.00[0m[34;22m      0.00[0m[34;1m     64.89[0m
13:46:40   [32;22m     all[0m[34;1m     12.22[0m[34;22m      0.00[0m[34;1m     18.06[0m[34;22m      0.00[0m[34;22m      0.00[0m[34;1m     69.72[0m
13:46:41   [32;22m     all[0m[34;1m     12.19[0m[34;22m      0.00[0m[34;1m     19.94[0m[34;22m      0.00[0m[34;22m      0.00[0m[34;1m     67.87[0m
13:46:42   [32;22m     all[0m[34;1m     10.61[0m[34;22m      0.00[0m[34;1m     20.67[0m[34;22m      0.00[0m[34;22m      0.00[0m[34;1m     68.72[0m
13:46:43   [32;22m     all[0m[34;1m     12.78[0m[34;22m      0.00[0m[34;1m     19.72[0m[34;22m      0.00[0m[34;22m      0.00[0m[34;1m     67.50[0m
13:46:44   [32;22m     all[0m[34;1m     12.32[0m[34;22m      0.00[0m[34;1m     21.85[0m[34;22m      0.00[0m[34;22m      0.00[0m[34;1m     65.83[0m
13:46:45   [32;22m     all[0m[34;1m     12.01[0m[34;22m      0.00[0m[34;1m     18.72[0m[34;22m      0.00[0m[34;22m      0.00[0m[34;1m     69.27[0m
13:46:46   [32;22m     all[0m[34;1m     12.01[0m[34;22m      0.00[0m[34;1m     17.32[0m[34;22m      0.00[0m[34;22m      0.00[0m[34;1m     70.67[0m
13:46:47   [32;22m     all[0m[34;1m     13.02[0m[34;22m      0.00[0m[34;1m     20.22[0m[34;22m      0.00[0m[34;22m      0.00[0m[34;1m     66.76[0m
13:46:48   [32;22m     all[0m[34;1m     12.99[0m[34;22m      0.00[0m[34;1m     21.19[0m[34;22m      0.00[0m[34;22m      0.00[0m[34;1m     65.82[0m
13:46:49   [32;22m     all[0m[34;1m     11.36[0m[34;22m      0.00[0m[34;1m     18.84[0m[34;22m      0.00[0m[34;22m      0.00[0m[34;1m     69.81[0m
13:46:50   [32;22m     all[0m[34;1m     12.36[0m[34;22m      0.00[0m[34;1m     21.07[0m[34;22m      0.00[0m[34;22m      0.00[0m[34;1m     66.57[0m
13:46:51   [32;22m     all[0m[34;1m     13.24[0m[34;22m      0.00[0m[34;1m     23.10[0m[34;22m      0.00[0m[34;22m      0.00[0m[34;1m     63.66[0m
13:46:52   [32;22m     all[0m[34;1m     12.74[0m[34;22m      0.00[0m[34;1m     18.01[0m[34;22m      0.00[0m[34;22m      0.00[0m[34;1m     69.25[0m
13:46:53   [32;22m     all[0m[34;1m     11.27[0m[34;22m      0.00[0m[34;1m     19.72[0m[34;22m      0.00[0m[34;22m      0.00[0m[34;1m     69.01[0m
13:46:54   [32;22m     all[0m[34;1m     11.94[0m[34;22m      0.00[0m[34;1m     19.44[0m[34;22m      0.00[0m[34;22m      0.00[0m[34;1m     68.61[0m
13:46:55   [32;22m     all[0m[34;1m     13.76[0m[34;22m      0.00[0m[34;1m     20.79[0m[34;22m      0.00[0m[34;22m      0.00[0m[34;1m     65.45[0m
13:46:56   [32;22m     all[0m[34;1m     11.70[0m[34;22m      0.00[0m[34;1m     19.22[0m[34;22m      0.00[0m[34;22m      0.00[0m[34;1m     69.08[0m
13:46:57   [32;22m     all[0m[34;1m     11.73[0m[34;22m      0.00[0m[34;1m     18.99[0m[34;22m      0.00[0m[34;22m      0.00[0m[34;1m     69.27[0m
13:46:58   [32;22m     all[0m[34;1m     12.89[0m[34;22m      0.00[0m[34;1m     21.01[0m[34;22m      0.00[0m[34;22m      0.00[0m[34;1m     66.11[0m
13:46:59   [32;22m     all[0m[34;1m     11.60[0m[34;22m      0.00[0m[34;1m     19.61[0m[34;22m      0.00[0m[34;22m      0.00[0m[34;1m     68.78[0m
13:47:00   [32;22m     all[0m[34;1m     11.57[0m[34;22m      0.00[0m[34;1m     20.11[0m[34;22m      0.00[0m[34;22m      0.00[0m[34;1m     68.32[0m
13:47:01   [32;22m     all[0m[34;1m     13.69[0m[34;22m      0.00[0m[34;1m     21.79[0m[34;22m      0.00[0m[34;22m      0.00[0m[34;1m     64.53[0m
13:47:02   [32;22m     all[0m[34;1m     12.04[0m[34;22m      0.00[0m[34;1m     19.89[0m[34;22m      0.00[0m[34;22m      0.00[0m[34;1m     68.07[0m
13:47:03   [32;22m     all[0m[34;1m     13.97[0m[34;22m      0.00[0m[34;1m     20.95[0m[34;22m      0.00[0m[34;22m      0.00[0m[34;1m     65.08[0m
13:47:04   [32;22m     all[0m[34;1m     11.39[0m[34;22m      0.00[0m[34;1m     19.72[0m[34;22m      0.00[0m[34;22m      0.00[0m[34;1m     68.89[0m
13:47:05   [32;22m     all[0m[34;1m     13.28[0m[34;22m      0.00[0m[34;1m     20.62[0m[34;1m      0.28[0m[34;22m      0.00[0m[34;1m     65.82[0m
13:47:06   [32;22m     all[0m[34;1m     13.52[0m[34;22m      0.00[0m[34;1m     21.13[0m[34;22m      0.00[0m[34;22m      0.00[0m[34;1m     65.35[0m
13:47:07   [32;22m     all[0m[34;1m     11.63[0m[34;22m      0.00[0m[34;1m     17.45[0m[34;1m      0.28[0m[34;22m      0.00[0m[34;1m     70.64[0m
13:47:08   [32;22m     all[0m[34;1m     12.57[0m[34;22m      0.00[0m[34;1m     20.67[0m[34;22m      0.00[0m[34;22m      0.00[0m[34;1m     66.76[0m
13:47:09   [32;22m     all[0m[34;1m     12.26[0m[34;22m      0.00[0m[34;1m     18.94[0m[34;22m      0.00[0m[34;22m      0.00[0m[34;1m     68.80[0m
13:47:10   [32;22m     all[0m[34;1m     13.92[0m[34;22m      0.00[0m[34;1m     22.73[0m[34;22m      0.00[0m[34;22m      0.00[0m[34;1m     63.35[0m
13:47:11   [32;22m     all[0m[34;1m     16.81[0m[34;22m      0.00[0m[34;1m     21.01[0m[34;22m      0.00[0m[34;22m      0.00[0m[34;1m     62.18[0m
13:47:12   [32;22m     all[0m[34;1m     11.76[0m[34;22m      0.00[0m[34;1m     21.01[0m[34;22m      0.00[0m[34;22m      0.00[0m[34;1m     67.23[0m
