Linux 6.6.95 (minikube) 	04/17/26 	_x86_64_	(4 CPU)

14:03:53        CPU     %user     %nice   %system   %iowait    %steal     %idle
14:03:54   [32;22m     all[0m[34;1m     11.08[0m[34;22m      0.00[0m[34;1m     14.05[0m[34;22m      0.00[0m[34;22m      0.00[0m[34;1m     74.86[0m
14:03:55   [32;22m     all[0m[34;1m     11.51[0m[34;22m      0.00[0m[34;1m     15.89[0m[34;22m      0.00[0m[34;22m      0.00[0m[34;1m     72.60[0m
14:03:56   [32;22m     all[0m[34;1m     16.80[0m[34;22m      0.00[0m[34;1m     21.21[0m[34;1m      0.28[0m[34;22m      0.00[0m[34;1m     61.71[0m
14:03:57   [32;22m     all[0m[34;1m     21.35[0m[34;22m      0.00[0m[34;1m     28.37[0m[34;22m      0.00[0m[34;22m      0.00[0m[34;1m     50.28[0m
14:03:58   [32;22m     all[0m[34;1m     21.97[0m[34;22m      0.00[0m[34;1m     31.83[0m[34;1m      0.28[0m[34;22m      0.00[0m[34;1m     45.92[0m
14:03:59   [32;22m     all[0m[34;1m     20.34[0m[34;22m      0.00[0m[34;1m     31.07[0m[34;22m      0.00[0m[34;22m      0.00[0m[34;1m     48.59[0m
14:04:00   [32;22m     all[0m[34;1m     23.18[0m[34;22m      0.00[0m[34;1m     34.08[0m[34;22m      0.00[0m[34;22m      0.00[0m[34;1m     42.74[0m
14:04:01   [32;22m     all[0m[34;1m     24.38[0m[34;22m      0.00[0m[34;1m     38.50[0m[34;22m      0.00[0m[34;22m      0.00[0m[34;1m     37.12[0m
14:04:02   [32;22m     all[0m[34;1m     25.98[0m[34;22m      0.00[0m[34;1m     39.39[0m[34;22m      0.00[0m[34;22m      0.00[0m[34;1m     34.64[0m
14:04:03   [32;22m     all[0m[34;1m     25.98[0m[34;22m      0.00[0m[34;1m     39.11[0m[34;22m      0.00[0m[34;22m      0.00[0m[34;1m     34.92[0m
14:04:04   [32;22m     all[0m[34;1m     23.43[0m[34;22m      0.00[0m[34;1m     37.71[0m[34;22m      0.00[0m[34;22m      0.00[0m[34;1m     38.86[0m
14:04:05   [32;22m     all[0m[34;1m     27.09[0m[34;22m      0.00[0m[34;1m     42.46[0m[34;22m      0.00[0m[34;22m      0.00[0m[34;1m     30.45[0m
14:04:06   [32;22m     all[0m[34;1m     26.76[0m[34;22m      0.00[0m[34;1m     40.28[0m[34;22m      0.00[0m[34;22m      0.00[0m[34;1m     32.96[0m
14:04:07   [32;22m     all[0m[34;1m     30.87[0m[34;22m      0.00[0m[34;1m     43.17[0m[34;22m      0.00[0m[34;22m      0.00[0m[34;1m     25.96[0m
14:04:08   [32;22m     all[0m[34;1m     29.30[0m[34;22m      0.00[0m[34;1m     44.51[0m[34;22m      0.00[0m[34;22m      0.00[0m[34;1m     26.20[0m
14:04:09   [32;22m     all[0m[34;1m     30.00[0m[34;22m      0.00[0m[34;1m     45.83[0m[34;22m      0.00[0m[34;22m      0.00[0m[35;1m     24.17[0m
14:04:10   [32;22m     all[0m[34;1m     28.49[0m[34;22m      0.00[0m[34;1m     43.58[0m[34;22m      0.00[0m[34;22m      0.00[0m[34;1m     27.93[0m
14:04:11   [32;22m     all[0m[34;1m     27.02[0m[34;22m      0.00[0m[34;1m     42.62[0m[34;22m      0.00[0m[34;22m      0.00[0m[34;1m     30.36[0m
14:04:12   [32;22m     all[0m[34;1m     28.89[0m[34;22m      0.00[0m[34;1m     44.72[0m[34;22m      0.00[0m[34;22m      0.00[0m[34;1m     26.39[0m
14:04:13   [32;22m     all[0m[34;1m     31.30[0m[34;22m      0.00[0m[34;1m     47.09[0m[34;22m      0.00[0m[34;22m      0.00[0m[35;1m     21.61[0m
14:04:14   [32;22m     all[0m[34;1m     34.05[0m[34;22m      0.00[0m[34;1m     44.50[0m[34;22m      0.00[0m[34;22m      0.00[0m[35;1m     21.45[0m
14:04:15   [32;22m     all[0m[34;1m     34.15[0m[34;22m      0.00[0m[34;1m     50.41[0m[34;22m      0.00[0m[34;22m      0.00[0m[35;1m     15.45[0m
14:04:16   [32;22m     all[0m[34;1m     33.51[0m[34;22m      0.00[0m[34;1m     49.59[0m[34;22m      0.00[0m[34;22m      0.00[0m[35;1m     16.89[0m
14:04:17   [32;22m     all[0m[34;1m     34.31[0m[34;22m      0.00[0m[34;1m     47.87[0m[34;22m      0.00[0m[34;22m      0.00[0m[35;1m     17.82[0m
14:04:18   [32;22m     all[0m[34;1m     35.75[0m[34;22m      0.00[0m[34;1m     47.85[0m[34;22m      0.00[0m[34;22m      0.00[0m[35;1m     16.40[0m
14:04:19   [32;22m     all[0m[34;1m     32.53[0m[34;22m      0.00[0m[34;1m     46.13[0m[34;22m      0.00[0m[34;22m      0.00[0m[35;1m     21.33[0m
14:04:20   [32;22m     all[0m[34;1m     34.48[0m[34;22m      0.00[0m[34;1m     54.11[0m[34;1m      0.27[0m[34;22m      0.00[0m[35;1m     11.14[0m
14:04:21   [32;22m     all[0m[34;1m     30.42[0m[34;22m      0.00[0m[34;1m     59.79[0m[34;1m      0.53[0m[34;22m      0.00[0m[31;1m      9.26[0m
14:04:22   [32;22m     all[0m[34;1m     19.21[0m[34;22m      0.00[0m[34;1m     66.05[0m[34;1m      0.79[0m[34;22m      0.00[0m[35;1m     13.95[0m
14:04:23   [32;22m     all[0m[34;1m      3.79[0m[34;22m      0.00[0m[31;1m     95.96[0m[34;1m      0.25[0m[34;22m      0.00[0m[31;1m      0.00[0m
14:04:24   [32;22m     all[0m[34;1m      1.25[0m[34;22m      0.00[0m[31;1m     98.50[0m[34;1m      0.25[0m[34;22m      0.00[0m[31;1m      0.00[0m
14:04:25   [32;22m     all[0m[34;1m      1.25[0m[34;22m      0.00[0m[31;1m     98.75[0m[34;22m      0.00[0m[34;22m      0.00[0m[31;1m      0.00[0m
14:04:26   [32;22m     all[0m[34;1m      0.50[0m[34;22m      0.00[0m[31;1m     99.50[0m[34;22m      0.00[0m[34;22m      0.00[0m[31;1m      0.00[0m
14:04:27   [32;22m     all[0m[34;1m      0.75[0m[34;22m      0.00[0m[31;1m     99.25[0m[34;22m      0.00[0m[34;22m      0.00[0m[31;1m      0.00[0m
14:04:28   [32;22m     all[0m[34;1m      0.75[0m[34;22m      0.00[0m[31;1m     99.00[0m[34;22m      0.00[0m[34;22m      0.00[0m[31;1m      0.25[0m
14:04:29   [32;22m     all[0m[34;1m      1.75[0m[34;22m      0.00[0m[31;1m     98.00[0m[34;1m      0.25[0m[34;22m      0.00[0m[31;1m      0.00[0m
14:04:30   [32;22m     all[0m[34;1m      1.01[0m[34;22m      0.00[0m[31;1m     98.99[0m[34;22m      0.00[0m[34;22m      0.00[0m[31;1m      0.00[0m
14:04:31   [32;22m     all[0m[34;1m      2.24[0m[34;22m      0.00[0m[31;1m     97.51[0m[34;1m      0.25[0m[34;22m      0.00[0m[31;1m      0.00[0m
14:04:32   [32;22m     all[0m[34;1m      0.75[0m[34;22m      0.00[0m[31;1m     98.74[0m[34;1m      0.50[0m[34;22m      0.00[0m[31;1m      0.00[0m
14:04:33   [32;22m     all[0m[34;1m      1.50[0m[34;22m      0.00[0m[31;1m     98.25[0m[34;1m      0.25[0m[34;22m      0.00[0m[31;1m      0.00[0m
14:04:34   [32;22m     all[0m[34;1m      0.75[0m[34;22m      0.00[0m[31;1m     99.00[0m[34;1m      0.25[0m[34;22m      0.00[0m[31;1m      0.00[0m
14:04:35   [32;22m     all[0m[34;1m      0.76[0m[34;22m      0.00[0m[31;1m     99.24[0m[34;22m      0.00[0m[34;22m      0.00[0m[31;1m      0.00[0m
14:04:36   [32;22m     all[0m[34;1m      0.76[0m[34;22m      0.00[0m[31;1m     98.99[0m[34;1m      0.25[0m[34;22m      0.00[0m[31;1m      0.00[0m
14:04:37   [32;22m     all[0m[34;1m      1.24[0m[34;22m      0.00[0m[31;1m     97.76[0m[34;1m      0.75[0m[34;22m      0.00[0m[31;1m      0.25[0m
14:04:38   [32;22m     all[0m[34;1m      0.50[0m[34;22m      0.00[0m[31;1m     98.99[0m[34;1m      0.50[0m[34;22m      0.00[0m[31;1m      0.00[0m
14:04:39   [32;22m     all[0m[34;1m      1.75[0m[34;22m      0.00[0m[31;1m     98.25[0m[34;22m      0.00[0m[34;22m      0.00[0m[31;1m      0.00[0m
14:04:40   [32;22m     all[0m[34;1m      0.51[0m[34;22m      0.00[0m[31;1m     99.24[0m[34;1m      0.25[0m[34;22m      0.00[0m[31;1m      0.00[0m
14:04:41   [32;22m     all[0m[34;1m      1.50[0m[34;22m      0.00[0m[31;1m     98.50[0m[34;22m      0.00[0m[34;22m      0.00[0m[31;1m      0.00[0m
14:04:42   [32;22m     all[0m[34;1m      0.75[0m[34;22m      0.00[0m[31;1m     99.00[0m[34;1m      0.25[0m[34;22m      0.00[0m[31;1m      0.00[0m
14:04:43   [32;22m     all[0m[34;1m      1.26[0m[34;22m      0.00[0m[31;1m     97.99[0m[34;1m      0.50[0m[34;22m      0.00[0m[31;1m      0.25[0m
14:04:44   [32;22m     all[0m[34;1m      0.75[0m[34;22m      0.00[0m[31;1m     99.00[0m[34;1m      0.25[0m[34;22m      0.00[0m[31;1m      0.00[0m
14:04:45   [32;22m     all[0m[34;1m      0.75[0m[34;22m      0.00[0m[31;1m     99.25[0m[34;22m      0.00[0m[34;22m      0.00[0m[31;1m      0.00[0m
14:04:46   [32;22m     all[0m[34;1m      1.50[0m[34;22m      0.00[0m[31;1m     98.50[0m[34;22m      0.00[0m[34;22m      0.00[0m[31;1m      0.00[0m
14:04:47   [32;22m     all[0m[34;1m      1.50[0m[34;22m      0.00[0m[31;1m     98.25[0m[34;1m      0.25[0m[34;22m      0.00[0m[31;1m      0.00[0m
14:04:48   [32;22m     all[0m[34;1m      1.25[0m[34;22m      0.00[0m[31;1m     96.74[0m[34;1m      2.01[0m[34;22m      0.00[0m[31;1m      0.00[0m
14:04:49   [32;22m     all[0m[34;1m      0.50[0m[34;22m      0.00[0m[31;1m     99.25[0m[34;1m      0.25[0m[34;22m      0.00[0m[31;1m      0.00[0m
14:04:50   [32;22m     all[0m[34;1m      1.25[0m[34;22m      0.00[0m[31;1m     98.75[0m[34;22m      0.00[0m[34;22m      0.00[0m[31;1m      0.00[0m
14:04:51   [32;22m     all[0m[34;1m      1.75[0m[34;22m      0.00[0m[31;1m     98.25[0m[34;22m      0.00[0m[34;22m      0.00[0m[31;1m      0.00[0m
14:04:52   [32;22m     all[0m[34;1m      1.01[0m[34;22m      0.00[0m[31;1m     98.99[0m[34;22m      0.00[0m[34;22m      0.00[0m[31;1m      0.00[0m
14:04:53   [32;22m     all[0m[34;1m      0.50[0m[34;22m      0.00[0m[31;1m     99.50[0m[34;22m      0.00[0m[34;22m      0.00[0m[31;1m      0.00[0m
14:04:54   [32;22m     all[0m[34;1m      0.75[0m[34;22m      0.00[0m[31;1m     99.25[0m[34;22m      0.00[0m[34;22m      0.00[0m[31;1m      0.00[0m
14:04:55   [32;22m     all[0m[34;1m      1.24[0m[34;22m      0.00[0m[31;1m     98.76[0m[34;22m      0.00[0m[34;22m      0.00[0m[31;1m      0.00[0m
14:04:56   [32;22m     all[0m[34;1m      1.00[0m[34;22m      0.00[0m[31;1m     98.75[0m[34;1m      0.25[0m[34;22m      0.00[0m[31;1m      0.00[0m
14:04:57   [32;22m     all[0m[34;1m      0.75[0m[34;22m      0.00[0m[31;1m     99.25[0m[34;22m      0.00[0m[34;22m      0.00[0m[31;1m      0.00[0m
14:04:58   [32;22m     all[0m[34;1m      1.24[0m[34;22m      0.00[0m[31;1m     98.76[0m[34;22m      0.00[0m[34;22m      0.00[0m[31;1m      0.00[0m
14:04:59   [32;22m     all[0m[34;1m      1.01[0m[34;22m      0.00[0m[31;1m     98.99[0m[34;22m      0.00[0m[34;22m      0.00[0m[31;1m      0.00[0m
14:05:00   [32;22m     all[0m[34;1m      1.49[0m[34;22m      0.00[0m[31;1m     98.51[0m[34;22m      0.00[0m[34;22m      0.00[0m[31;1m      0.00[0m
14:05:01   [32;22m     all[0m[34;1m      1.77[0m[34;22m      0.00[0m[31;1m     98.23[0m[34;22m      0.00[0m[34;22m      0.00[0m[31;1m      0.00[0m
14:05:02   [32;22m     all[0m[34;1m      0.50[0m[34;22m      0.00[0m[31;1m     99.50[0m[34;22m      0.00[0m[34;22m      0.00[0m[31;1m      0.00[0m
14:05:03   [32;22m     all[0m[34;1m      1.76[0m[34;22m      0.00[0m[31;1m     98.24[0m[34;22m      0.00[0m[34;22m      0.00[0m[31;1m      0.00[0m
14:05:04   [32;22m     all[0m[34;1m      1.75[0m[34;22m      0.00[0m[31;1m     97.75[0m[34;1m      0.50[0m[34;22m      0.00[0m[31;1m      0.00[0m
14:05:05   [32;22m     all[0m[34;1m      1.01[0m[34;22m      0.00[0m[31;1m     98.99[0m[34;22m      0.00[0m[34;22m      0.00[0m[31;1m      0.00[0m
14:05:06   [32;22m     all[0m[34;1m      1.00[0m[34;22m      0.00[0m[31;1m     99.00[0m[34;22m      0.00[0m[34;22m      0.00[0m[31;1m      0.00[0m
14:05:07   [32;22m     all[0m[34;1m      1.24[0m[34;22m      0.00[0m[31;1m     98.76[0m[34;22m      0.00[0m[34;22m      0.00[0m[31;1m      0.00[0m
14:05:08   [32;22m     all[0m[34;1m      0.76[0m[34;22m      0.00[0m[31;1m     99.24[0m[34;22m      0.00[0m[34;22m      0.00[0m[31;1m      0.00[0m
14:05:09   [32;22m     all[0m[34;1m      1.51[0m[34;22m      0.00[0m[31;1m     97.98[0m[34;1m      0.50[0m[34;22m      0.00[0m[31;1m      0.00[0m
14:05:10   [32;22m     all[0m[34;1m      1.25[0m[34;22m      0.00[0m[31;1m     98.50[0m[34;1m      0.25[0m[34;22m      0.00[0m[31;1m      0.00[0m
14:05:11   [32;22m     all[0m[34;1m      1.49[0m[34;22m      0.00[0m[31;1m     98.51[0m[34;22m      0.00[0m[34;22m      0.00[0m[31;1m      0.00[0m
14:05:12   [32;22m     all[0m[34;1m      1.25[0m[34;22m      0.00[0m[31;1m     98.50[0m[34;1m      0.25[0m[34;22m      0.00[0m[31;1m      0.00[0m
14:05:13   [32;22m     all[0m[34;1m      0.25[0m[34;22m      0.00[0m[31;1m     99.75[0m[34;22m      0.00[0m[34;22m      0.00[0m[31;1m      0.00[0m
14:05:14   [32;22m     all[0m[34;1m      1.00[0m[34;22m      0.00[0m[31;1m     99.00[0m[34;22m      0.00[0m[34;22m      0.00[0m[31;1m      0.00[0m
14:05:15   [32;22m     all[0m[34;1m      0.75[0m[34;22m      0.00[0m[31;1m     99.25[0m[34;22m      0.00[0m[34;22m      0.00[0m[31;1m      0.00[0m
14:05:16   [32;22m     all[0m[34;1m      1.00[0m[34;22m      0.00[0m[31;1m     98.76[0m[34;1m      0.25[0m[34;22m      0.00[0m[31;1m      0.00[0m
14:05:17   [32;22m     all[0m[34;1m      0.75[0m[34;22m      0.00[0m[31;1m     99.25[0m[34;22m      0.00[0m[34;22m      0.00[0m[31;1m      0.00[0m
14:05:18   [32;22m     all[0m[34;1m      1.00[0m[34;22m      0.00[0m[31;1m     98.75[0m[34;1m      0.25[0m[34;22m      0.00[0m[31;1m      0.00[0m
14:05:19   [32;22m     all[0m[34;1m      0.75[0m[34;22m      0.00[0m[31;1m     99.25[0m[34;22m      0.00[0m[34;22m      0.00[0m[31;1m      0.00[0m
14:05:20   [32;22m     all[0m[34;1m      1.25[0m[34;22m      0.00[0m[31;1m     98.75[0m[34;22m      0.00[0m[34;22m      0.00[0m[31;1m      0.00[0m
14:05:21   [32;22m     all[0m[34;1m      1.00[0m[34;22m      0.00[0m[31;1m     99.00[0m[34;22m      0.00[0m[34;22m      0.00[0m[31;1m      0.00[0m
14:05:22   [32;22m     all[0m[34;1m      1.00[0m[34;22m      0.00[0m[31;1m     99.00[0m[34;22m      0.00[0m[34;22m      0.00[0m[31;1m      0.00[0m
14:05:23   [32;22m     all[0m[34;1m      0.50[0m[34;22m      0.00[0m[31;1m     99.50[0m[34;22m      0.00[0m[34;22m      0.00[0m[31;1m      0.00[0m
14:05:24   [32;22m     all[0m[34;1m      1.25[0m[34;22m      0.00[0m[31;1m     98.75[0m[34;22m      0.00[0m[34;22m      0.00[0m[31;1m      0.00[0m
14:05:25   [32;22m     all[0m[34;1m      0.75[0m[34;22m      0.00[0m[31;1m     99.25[0m[34;22m      0.00[0m[34;22m      0.00[0m[31;1m      0.00[0m
14:05:26   [32;22m     all[0m[34;1m      0.75[0m[34;22m      0.00[0m[31;1m     99.25[0m[34;22m      0.00[0m[34;22m      0.00[0m[31;1m      0.00[0m
14:05:27   [32;22m     all[0m[34;1m      1.01[0m[34;22m      0.00[0m[31;1m     98.99[0m[34;22m      0.00[0m[34;22m      0.00[0m[31;1m      0.00[0m
14:05:28   [32;22m     all[0m[34;1m      0.75[0m[34;22m      0.00[0m[31;1m     99.25[0m[34;22m      0.00[0m[34;22m      0.00[0m[31;1m      0.00[0m
14:05:29   [32;22m     all[0m[34;1m      0.75[0m[34;22m      0.00[0m[31;1m     99.25[0m[34;22m      0.00[0m[34;22m      0.00[0m[31;1m      0.00[0m
14:05:30   [32;22m     all[0m[34;1m      1.00[0m[34;22m      0.00[0m[31;1m     99.00[0m[34;22m      0.00[0m[34;22m      0.00[0m[31;1m      0.00[0m
14:05:31   [32;22m     all[0m[34;1m      1.00[0m[34;22m      0.00[0m[31;1m     99.00[0m[34;22m      0.00[0m[34;22m      0.00[0m[31;1m      0.00[0m
14:05:32   [32;22m     all[0m[34;1m      0.75[0m[34;22m      0.00[0m[31;1m     99.25[0m[34;22m      0.00[0m[34;22m      0.00[0m[31;1m      0.00[0m
14:05:33   [32;22m     all[0m[34;1m      1.75[0m[34;22m      0.00[0m[31;1m     98.25[0m[34;22m      0.00[0m[34;22m      0.00[0m[31;1m      0.00[0m
14:05:34   [32;22m     all[0m[34;1m      0.50[0m[34;22m      0.00[0m[31;1m     99.50[0m[34;22m      0.00[0m[34;22m      0.00[0m[31;1m      0.00[0m
14:05:35   [32;22m     all[0m[34;1m      0.75[0m[34;22m      0.00[0m[31;1m     99.25[0m[34;22m      0.00[0m[34;22m      0.00[0m[31;1m      0.00[0m
14:05:36   [32;22m     all[0m[34;1m      1.75[0m[34;22m      0.00[0m[31;1m     98.25[0m[34;22m      0.00[0m[34;22m      0.00[0m[31;1m      0.00[0m
14:05:37   [32;22m     all[0m[34;1m      0.75[0m[34;22m      0.00[0m[31;1m     99.25[0m[34;22m      0.00[0m[34;22m      0.00[0m[31;1m      0.00[0m
14:05:38   [32;22m     all[0m[34;1m      1.25[0m[34;22m      0.00[0m[31;1m     98.75[0m[34;22m      0.00[0m[34;22m      0.00[0m[31;1m      0.00[0m
14:05:39   [32;22m     all[0m[34;1m      1.25[0m[34;22m      0.00[0m[31;1m     98.75[0m[34;22m      0.00[0m[34;22m      0.00[0m[31;1m      0.00[0m
14:05:40   [32;22m     all[0m[34;1m      0.75[0m[34;22m      0.00[0m[31;1m     99.25[0m[34;22m      0.00[0m[34;22m      0.00[0m[31;1m      0.00[0m
14:05:41   [32;22m     all[0m[34;1m      1.00[0m[34;22m      0.00[0m[31;1m     99.00[0m[34;22m      0.00[0m[34;22m      0.00[0m[31;1m      0.00[0m
14:05:42   [32;22m     all[0m[34;1m      1.25[0m[34;22m      0.00[0m[31;1m     98.75[0m[34;22m      0.00[0m[34;22m      0.00[0m[31;1m      0.00[0m
14:05:43   [32;22m     all[0m[34;1m      0.76[0m[34;22m      0.00[0m[31;1m     99.24[0m[34;22m      0.00[0m[34;22m      0.00[0m[31;1m      0.00[0m
14:05:44   [32;22m     all[0m[34;1m      1.24[0m[34;22m      0.00[0m[31;1m     98.76[0m[34;22m      0.00[0m[34;22m      0.00[0m[31;1m      0.00[0m
14:05:45   [32;22m     all[0m[34;1m      0.75[0m[34;22m      0.00[0m[31;1m     99.25[0m[34;22m      0.00[0m[34;22m      0.00[0m[31;1m      0.00[0m
14:05:46   [32;22m     all[0m[34;1m      1.01[0m[34;22m      0.00[0m[31;1m     98.99[0m[34;22m      0.00[0m[34;22m      0.00[0m[31;1m      0.00[0m
14:05:47   [32;22m     all[0m[34;1m      1.49[0m[34;22m      0.00[0m[31;1m     98.51[0m[34;22m      0.00[0m[34;22m      0.00[0m[31;1m      0.00[0m
14:05:48   [32;22m     all[0m[34;1m      1.26[0m[34;22m      0.00[0m[31;1m     98.74[0m[34;22m      0.00[0m[34;22m      0.00[0m[31;1m      0.00[0m
14:05:49   [32;22m     all[0m[34;1m      1.75[0m[34;22m      0.00[0m[31;1m     98.25[0m[34;22m      0.00[0m[34;22m      0.00[0m[31;1m      0.00[0m
14:05:50   [32;22m     all[0m[34;1m      0.75[0m[34;22m      0.00[0m[31;1m     99.25[0m[34;22m      0.00[0m[34;22m      0.00[0m[31;1m      0.00[0m
14:05:51   [32;22m     all[0m[34;1m      0.75[0m[34;22m      0.00[0m[31;1m     99.25[0m[34;22m      0.00[0m[34;22m      0.00[0m[31;1m      0.00[0m
14:05:52   [32;22m     all[0m[34;1m      0.50[0m[34;22m      0.00[0m[31;1m     99.50[0m[34;22m      0.00[0m[34;22m      0.00[0m[31;1m      0.00[0m
14:05:53   [32;22m     all[0m[34;1m      0.75[0m[34;22m      0.00[0m[31;1m     99.25[0m[34;22m      0.00[0m[34;22m      0.00[0m[31;1m      0.00[0m
14:05:54   [32;22m     all[0m[34;1m      0.25[0m[34;22m      0.00[0m[31;1m     99.75[0m[34;22m      0.00[0m[34;22m      0.00[0m[31;1m      0.00[0m
14:05:55   [32;22m     all[0m[34;1m      0.75[0m[34;22m      0.00[0m[31;1m     99.25[0m[34;22m      0.00[0m[34;22m      0.00[0m[31;1m      0.00[0m
14:05:56   [32;22m     all[0m[34;1m      0.74[0m[34;22m      0.00[0m[31;1m     99.26[0m[34;22m      0.00[0m[34;22m      0.00[0m[31;1m      0.00[0m
14:05:57   [32;22m     all[0m[34;1m      0.75[0m[34;22m      0.00[0m[31;1m     99.25[0m[34;22m      0.00[0m[34;22m      0.00[0m[31;1m      0.00[0m
14:05:58   [32;22m     all[0m[34;1m      1.00[0m[34;22m      0.00[0m[31;1m     98.75[0m[34;1m      0.25[0m[34;22m      0.00[0m[31;1m      0.00[0m
14:05:59   [32;22m     all[0m[34;1m      0.75[0m[34;22m      0.00[0m[31;1m     99.25[0m[34;22m      0.00[0m[34;22m      0.00[0m[31;1m      0.00[0m
14:06:00   [32;22m     all[0m[34;1m      0.75[0m[34;22m      0.00[0m[31;1m     99.25[0m[34;22m      0.00[0m[34;22m      0.00[0m[31;1m      0.00[0m
14:06:01   [32;22m     all[0m[34;1m      0.75[0m[34;22m      0.00[0m[31;1m     99.25[0m[34;22m      0.00[0m[34;22m      0.00[0m[31;1m      0.00[0m
14:06:02   [32;22m     all[0m[34;1m      1.50[0m[34;22m      0.00[0m[31;1m     98.50[0m[34;22m      0.00[0m[34;22m      0.00[0m[31;1m      0.00[0m
14:06:03   [32;22m     all[0m[34;1m      0.25[0m[34;22m      0.00[0m[31;1m     99.75[0m[34;22m      0.00[0m[34;22m      0.00[0m[31;1m      0.00[0m
14:06:04   [32;22m     all[0m[34;1m      1.00[0m[34;22m      0.00[0m[31;1m     99.00[0m[34;22m      0.00[0m[34;22m      0.00[0m[31;1m      0.00[0m
14:06:05   [32;22m     all[0m[34;1m      0.75[0m[34;22m      0.00[0m[31;1m     99.25[0m[34;22m      0.00[0m[34;22m      0.00[0m[31;1m      0.00[0m
14:06:06   [32;22m     all[0m[34;1m      0.50[0m[34;22m      0.00[0m[31;1m     99.50[0m[34;22m      0.00[0m[34;22m      0.00[0m[31;1m      0.00[0m
14:06:07   [32;22m     all[0m[34;1m      1.00[0m[34;22m      0.00[0m[31;1m     98.75[0m[34;1m      0.25[0m[34;22m      0.00[0m[31;1m      0.00[0m
14:06:08   [32;22m     all[0m[34;1m      1.25[0m[34;22m      0.00[0m[31;1m     98.75[0m[34;22m      0.00[0m[34;22m      0.00[0m[31;1m      0.00[0m
14:06:09   [32;22m     all[0m[34;1m      1.00[0m[34;22m      0.00[0m[31;1m     99.00[0m[34;22m      0.00[0m[34;22m      0.00[0m[31;1m      0.00[0m
14:06:10   [32;22m     all[0m[34;1m      1.00[0m[34;22m      0.00[0m[31;1m     99.00[0m[34;22m      0.00[0m[34;22m      0.00[0m[31;1m      0.00[0m
14:06:11   [32;22m     all[0m[34;1m      1.00[0m[34;22m      0.00[0m[31;1m     99.00[0m[34;22m      0.00[0m[34;22m      0.00[0m[31;1m      0.00[0m
14:06:12   [32;22m     all[0m[34;1m      1.75[0m[34;22m      0.00[0m[31;1m     98.25[0m[34;22m      0.00[0m[34;22m      0.00[0m[31;1m      0.00[0m
14:06:13   [32;22m     all[0m[34;1m      0.75[0m[34;22m      0.00[0m[31;1m     99.25[0m[34;22m      0.00[0m[34;22m      0.00[0m[31;1m      0.00[0m
14:06:14   [32;22m     all[0m[34;1m      1.25[0m[34;22m      0.00[0m[31;1m     98.75[0m[34;22m      0.00[0m[34;22m      0.00[0m[31;1m      0.00[0m
14:06:15   [32;22m     all[0m[34;1m      1.25[0m[34;22m      0.00[0m[31;1m     98.75[0m[34;22m      0.00[0m[34;22m      0.00[0m[31;1m      0.00[0m
14:06:16   [32;22m     all[0m[34;1m      2.00[0m[34;22m      0.00[0m[31;1m     97.51[0m[34;1m      0.50[0m[34;22m      0.00[0m[31;1m      0.00[0m
14:06:17   [32;22m     all[0m[34;1m      0.76[0m[34;22m      0.00[0m[31;1m     98.99[0m[34;1m      0.25[0m[34;22m      0.00[0m[31;1m      0.00[0m
14:06:18   [32;22m     all[0m[34;1m      0.50[0m[34;22m      0.00[0m[31;1m     99.50[0m[34;22m      0.00[0m[34;22m      0.00[0m[31;1m      0.00[0m
14:06:19   [32;22m     all[0m[34;1m      0.75[0m[34;22m      0.00[0m[31;1m     99.25[0m[34;22m      0.00[0m[34;22m      0.00[0m[31;1m      0.00[0m
14:06:20   [32;22m     all[0m[34;1m      0.50[0m[34;22m      0.00[0m[31;1m     99.50[0m[34;22m      0.00[0m[34;22m      0.00[0m[31;1m      0.00[0m
14:06:21   [32;22m     all[0m[34;1m      0.75[0m[34;22m      0.00[0m[31;1m     99.25[0m[34;22m      0.00[0m[34;22m      0.00[0m[31;1m      0.00[0m
14:06:22   [32;22m     all[0m[34;1m      1.00[0m[34;22m      0.00[0m[31;1m     99.00[0m[34;22m      0.00[0m[34;22m      0.00[0m[31;1m      0.00[0m
14:06:23   [32;22m     all[0m[34;1m      0.75[0m[34;22m      0.00[0m[31;1m     98.99[0m[34;1m      0.25[0m[34;22m      0.00[0m[31;1m      0.00[0m
14:06:24   [32;22m     all[0m[34;1m      1.00[0m[34;22m      0.00[0m[31;1m     99.00[0m[34;22m      0.00[0m[34;22m      0.00[0m[31;1m      0.00[0m
14:06:25   [32;22m     all[0m[34;1m      0.75[0m[34;22m      0.00[0m[31;1m     99.25[0m[34;22m      0.00[0m[34;22m      0.00[0m[31;1m      0.00[0m
14:06:26   [32;22m     all[0m[34;1m      0.75[0m[34;22m      0.00[0m[31;1m     99.25[0m[34;22m      0.00[0m[34;22m      0.00[0m[31;1m      0.00[0m
14:06:27   [32;22m     all[0m[34;1m      1.00[0m[34;22m      0.00[0m[31;1m     98.75[0m[34;1m      0.25[0m[34;22m      0.00[0m[31;1m      0.00[0m
14:06:28   [32;22m     all[0m[34;1m      0.75[0m[34;22m      0.00[0m[31;1m     99.25[0m[34;22m      0.00[0m[34;22m      0.00[0m[31;1m      0.00[0m
14:06:29   [32;22m     all[0m[34;1m      0.75[0m[34;22m      0.00[0m[31;1m     99.00[0m[34;1m      0.25[0m[34;22m      0.00[0m[31;1m      0.00[0m
14:06:30   [32;22m     all[0m[34;1m      1.00[0m[34;22m      0.00[0m[31;1m     99.00[0m[34;22m      0.00[0m[34;22m      0.00[0m[31;1m      0.00[0m
14:06:31   [32;22m     all[0m[34;1m      0.50[0m[34;22m      0.00[0m[31;1m     99.50[0m[34;22m      0.00[0m[34;22m      0.00[0m[31;1m      0.00[0m
14:06:32   [32;22m     all[0m[34;1m      0.75[0m[34;22m      0.00[0m[31;1m     99.00[0m[34;1m      0.25[0m[34;22m      0.00[0m[31;1m      0.00[0m
14:06:33   [32;22m     all[0m[34;1m      0.75[0m[34;22m      0.00[0m[31;1m     99.00[0m[34;1m      0.25[0m[34;22m      0.00[0m[31;1m      0.00[0m
14:06:34   [32;22m     all[0m[34;1m      1.00[0m[34;22m      0.00[0m[31;1m     99.00[0m[34;22m      0.00[0m[34;22m      0.00[0m[31;1m      0.00[0m
14:06:35   [32;22m     all[0m[34;1m      0.75[0m[34;22m      0.00[0m[31;1m     99.25[0m[34;22m      0.00[0m[34;22m      0.00[0m[31;1m      0.00[0m
14:06:36   [32;22m     all[0m[34;1m      3.75[0m[34;22m      0.00[0m[31;1m     96.25[0m[34;22m      0.00[0m[34;22m      0.00[0m[31;1m      0.00[0m
14:06:37   [32;22m     all[0m[34;1m      0.50[0m[34;22m      0.00[0m[31;1m     99.50[0m[34;22m      0.00[0m[34;22m      0.00[0m[31;1m      0.00[0m
14:06:38   [32;22m     all[0m[34;1m      0.75[0m[34;22m      0.00[0m[31;1m     99.25[0m[34;22m      0.00[0m[34;22m      0.00[0m[31;1m      0.00[0m
14:06:39   [32;22m     all[0m[34;1m      1.01[0m[34;22m      0.00[0m[31;1m     98.99[0m[34;22m      0.00[0m[34;22m      0.00[0m[31;1m      0.00[0m
14:06:40   [32;22m     all[0m[34;1m      0.75[0m[34;22m      0.00[0m[31;1m     99.25[0m[34;22m      0.00[0m[34;22m      0.00[0m[31;1m      0.00[0m
14:06:41   [32;22m     all[0m[34;1m      0.50[0m[34;22m      0.00[0m[31;1m     99.50[0m[34;22m      0.00[0m[34;22m      0.00[0m[31;1m      0.00[0m
14:06:42   [32;22m     all[0m[34;1m      0.75[0m[34;22m      0.00[0m[31;1m     99.25[0m[34;22m      0.00[0m[34;22m      0.00[0m[31;1m      0.00[0m
14:06:43   [32;22m     all[0m[34;1m      0.50[0m[34;22m      0.00[0m[31;1m     99.50[0m[34;22m      0.00[0m[34;22m      0.00[0m[31;1m      0.00[0m
14:06:44   [32;22m     all[0m[34;1m      0.75[0m[34;22m      0.00[0m[31;1m     99.25[0m[34;22m      0.00[0m[34;22m      0.00[0m[31;1m      0.00[0m
14:06:45   [32;22m     all[0m[34;1m      1.25[0m[34;22m      0.00[0m[31;1m     98.75[0m[34;22m      0.00[0m[34;22m      0.00[0m[31;1m      0.00[0m
14:06:46   [32;22m     all[0m[34;1m      0.25[0m[34;22m      0.00[0m[31;1m     99.50[0m[34;1m      0.25[0m[34;22m      0.00[0m[31;1m      0.00[0m
14:06:47   [32;22m     all[0m[34;1m      0.76[0m[34;22m      0.00[0m[31;1m     98.99[0m[34;1m      0.25[0m[34;22m      0.00[0m[31;1m      0.00[0m
14:06:48   [32;22m     all[0m[34;1m      2.26[0m[34;22m      0.00[0m[31;1m     97.49[0m[34;1m      0.25[0m[34;22m      0.00[0m[31;1m      0.00[0m
14:06:49   [32;22m     all[0m[34;1m      0.25[0m[34;22m      0.00[0m[31;1m     99.75[0m[34;22m      0.00[0m[34;22m      0.00[0m[31;1m      0.00[0m
14:06:50   [32;22m     all[0m[34;1m      0.75[0m[34;22m      0.00[0m[31;1m     99.25[0m[34;22m      0.00[0m[34;22m      0.00[0m[31;1m      0.00[0m
14:06:51   [32;22m     all[0m[34;1m      0.75[0m[34;22m      0.00[0m[31;1m     99.25[0m[34;22m      0.00[0m[34;22m      0.00[0m[31;1m      0.00[0m
14:06:52   [32;22m     all[0m[34;1m      0.74[0m[34;22m      0.00[0m[31;1m     99.26[0m[34;22m      0.00[0m[34;22m      0.00[0m[31;1m      0.00[0m
14:06:53   [32;22m     all[0m[34;22m      0.00[0m[34;22m      0.00[0m[31;1m    100.00[0m[34;22m      0.00[0m[34;22m      0.00[0m[31;1m      0.00[0m
14:06:54   [32;22m     all[0m[34;1m      0.50[0m[34;22m      0.00[0m[31;1m     99.50[0m[34;22m      0.00[0m[34;22m      0.00[0m[31;1m      0.00[0m
14:06:55   [32;22m     all[0m[34;1m      0.25[0m[34;22m      0.00[0m[31;1m     99.75[0m[34;22m      0.00[0m[34;22m      0.00[0m[31;1m      0.00[0m
14:06:56   [32;22m     all[0m[34;1m      0.75[0m[34;22m      0.00[0m[31;1m     99.25[0m[34;22m      0.00[0m[34;22m      0.00[0m[31;1m      0.00[0m
14:06:57   [32;22m     all[0m[34;1m      0.75[0m[34;22m      0.00[0m[31;1m     99.00[0m[34;1m      0.25[0m[34;22m      0.00[0m[31;1m      0.00[0m
14:06:58   [32;22m     all[0m[34;1m      0.76[0m[34;22m      0.00[0m[31;1m     99.24[0m[34;22m      0.00[0m[34;22m      0.00[0m[31;1m      0.00[0m
14:06:59   [32;22m     all[0m[34;1m      0.75[0m[34;22m      0.00[0m[31;1m     98.99[0m[34;1m      0.25[0m[34;22m      0.00[0m[31;1m      0.00[0m
14:07:00   [32;22m     all[0m[34;1m      1.01[0m[34;22m      0.00[0m[31;1m     98.99[0m[34;22m      0.00[0m[34;22m      0.00[0m[31;1m      0.00[0m
14:07:01   [32;22m     all[0m[34;1m      0.75[0m[34;22m      0.00[0m[31;1m     99.25[0m[34;22m      0.00[0m[34;22m      0.00[0m[31;1m      0.00[0m
14:07:02   [32;22m     all[0m[34;1m      0.75[0m[34;22m      0.00[0m[31;1m     99.25[0m[34;22m      0.00[0m[34;22m      0.00[0m[31;1m      0.00[0m
14:07:03   [32;22m     all[0m[34;1m      1.25[0m[34;22m      0.00[0m[31;1m     98.75[0m[34;22m      0.00[0m[34;22m      0.00[0m[31;1m      0.00[0m
14:07:04   [32;22m     all[0m[34;1m      1.25[0m[34;22m      0.00[0m[31;1m     98.75[0m[34;22m      0.00[0m[34;22m      0.00[0m[31;1m      0.00[0m
14:07:05   [32;22m     all[0m[34;1m      0.75[0m[34;22m      0.00[0m[31;1m     99.25[0m[34;22m      0.00[0m[34;22m      0.00[0m[31;1m      0.00[0m
14:07:06   [32;22m     all[0m[34;1m      1.01[0m[34;22m      0.00[0m[31;1m     98.99[0m[34;22m      0.00[0m[34;22m      0.00[0m[31;1m      0.00[0m
14:07:07   [32;22m     all[0m[34;1m      0.75[0m[34;22m      0.00[0m[31;1m     99.25[0m[34;22m      0.00[0m[34;22m      0.00[0m[31;1m      0.00[0m
14:07:08   [32;22m     all[0m[34;1m      0.75[0m[34;22m      0.00[0m[31;1m     99.00[0m[34;1m      0.25[0m[34;22m      0.00[0m[31;1m      0.00[0m
14:07:09   [32;22m     all[0m[34;1m      0.76[0m[34;22m      0.00[0m[31;1m     99.24[0m[34;22m      0.00[0m[34;22m      0.00[0m[31;1m      0.00[0m
14:07:10   [32;22m     all[0m[34;1m      1.01[0m[34;22m      0.00[0m[31;1m     98.99[0m[34;22m      0.00[0m[34;22m      0.00[0m[31;1m      0.00[0m
14:07:11   [32;22m     all[0m[34;1m      1.50[0m[34;22m      0.00[0m[31;1m     98.50[0m[34;22m      0.00[0m[34;22m      0.00[0m[31;1m      0.00[0m
14:07:12   [32;22m     all[0m[34;1m      0.50[0m[34;22m      0.00[0m[31;1m     99.50[0m[34;22m      0.00[0m[34;22m      0.00[0m[31;1m      0.00[0m
14:07:13   [32;22m     all[0m[34;1m      0.75[0m[34;22m      0.00[0m[31;1m     99.00[0m[34;1m      0.25[0m[34;22m      0.00[0m[31;1m      0.00[0m
14:07:14   [32;22m     all[0m[34;1m      0.50[0m[34;22m      0.00[0m[31;1m     99.50[0m[34;22m      0.00[0m[34;22m      0.00[0m[31;1m      0.00[0m
14:07:15   [32;22m     all[0m[34;1m      0.75[0m[34;22m      0.00[0m[31;1m     99.25[0m[34;22m      0.00[0m[34;22m      0.00[0m[31;1m      0.00[0m
14:07:16   [32;22m     all[0m[34;1m      1.26[0m[34;22m      0.00[0m[31;1m     98.74[0m[34;22m      0.00[0m[34;22m      0.00[0m[31;1m      0.00[0m
14:07:17   [32;22m     all[0m[34;1m      1.50[0m[34;22m      0.00[0m[31;1m     98.50[0m[34;22m      0.00[0m[34;22m      0.00[0m[31;1m      0.00[0m
14:07:18   [32;22m     all[0m[34;1m      2.02[0m[34;22m      0.00[0m[31;1m     97.98[0m[34;22m      0.00[0m[34;22m      0.00[0m[31;1m      0.00[0m
14:07:19   [32;22m     all[0m[34;1m      1.51[0m[34;22m      0.00[0m[31;1m     98.24[0m[34;1m      0.25[0m[34;22m      0.00[0m[31;1m      0.00[0m
14:07:20   [32;22m     all[0m[34;1m      0.50[0m[34;22m      0.00[0m[31;1m     99.50[0m[34;22m      0.00[0m[34;22m      0.00[0m[31;1m      0.00[0m
14:07:21   [32;22m     all[0m[34;1m      0.76[0m[34;22m      0.00[0m[31;1m     98.99[0m[34;1m      0.25[0m[34;22m      0.00[0m[31;1m      0.00[0m
14:07:22   [32;22m     all[0m[34;1m      1.25[0m[34;22m      0.00[0m[31;1m     98.75[0m[34;22m      0.00[0m[34;22m      0.00[0m[31;1m      0.00[0m
14:07:23   [32;22m     all[0m[34;1m      1.02[0m[34;22m      0.00[0m[31;1m     98.98[0m[34;22m      0.00[0m[34;22m      0.00[0m[31;1m      0.00[0m
14:07:24   [32;22m     all[0m[34;1m      1.00[0m[34;22m      0.00[0m[31;1m     98.75[0m[34;1m      0.25[0m[34;22m      0.00[0m[31;1m      0.00[0m
14:07:25   [32;22m     all[0m[34;1m      1.01[0m[34;22m      0.00[0m[31;1m     98.99[0m[34;22m      0.00[0m[34;22m      0.00[0m[31;1m      0.00[0m
14:07:26   [32;22m     all[0m[34;1m      0.75[0m[34;22m      0.00[0m[31;1m     99.00[0m[34;1m      0.25[0m[34;22m      0.00[0m[31;1m      0.00[0m
14:07:27   [32;22m     all[0m[34;1m      0.75[0m[34;22m      0.00[0m[31;1m     99.25[0m[34;22m      0.00[0m[34;22m      0.00[0m[31;1m      0.00[0m
14:07:28   [32;22m     all[0m[34;1m      2.00[0m[34;22m      0.00[0m[31;1m     98.00[0m[34;22m      0.00[0m[34;22m      0.00[0m[31;1m      0.00[0m
14:07:29   [32;22m     all[0m[34;1m      0.76[0m[34;22m      0.00[0m[31;1m     98.73[0m[34;1m      0.51[0m[34;22m      0.00[0m[31;1m      0.00[0m
14:07:30   [32;22m     all[0m[34;1m      1.51[0m[34;22m      0.00[0m[31;1m     98.49[0m[34;22m      0.00[0m[34;22m      0.00[0m[31;1m      0.00[0m
14:07:31   [32;22m     all[0m[34;1m      1.26[0m[34;22m      0.00[0m[31;1m     98.74[0m[34;22m      0.00[0m[34;22m      0.00[0m[31;1m      0.00[0m
14:07:32   [32;22m     all[0m[34;1m      0.76[0m[34;22m      0.00[0m[31;1m     98.99[0m[34;1m      0.25[0m[34;22m      0.00[0m[31;1m      0.00[0m
14:07:33   [32;22m     all[0m[34;1m      0.76[0m[34;22m      0.00[0m[31;1m     99.24[0m[34;22m      0.00[0m[34;22m      0.00[0m[31;1m      0.00[0m
14:07:34   [32;22m     all[0m[34;1m      3.50[0m[34;22m      0.00[0m[31;1m     96.50[0m[34;22m      0.00[0m[34;22m      0.00[0m[31;1m      0.00[0m
14:07:35   [32;22m     all[0m[34;1m      0.25[0m[34;22m      0.00[0m[31;1m     99.50[0m[34;1m      0.25[0m[34;22m      0.00[0m[31;1m      0.00[0m
14:07:36   [32;22m     all[0m[34;1m      0.76[0m[34;22m      0.00[0m[31;1m     99.24[0m[34;22m      0.00[0m[34;22m      0.00[0m[31;1m      0.00[0m
14:07:37   [32;22m     all[0m[34;1m      2.24[0m[34;22m      0.00[0m[31;1m     97.76[0m[34;22m      0.00[0m[34;22m      0.00[0m[31;1m      0.00[0m
14:07:38   [32;22m     all[0m[34;1m      0.50[0m[34;22m      0.00[0m[31;1m     99.50[0m[34;22m      0.00[0m[34;22m      0.00[0m[31;1m      0.00[0m
14:07:39   [32;22m     all[0m[34;1m      2.02[0m[34;22m      0.00[0m[31;1m     97.98[0m[34;22m      0.00[0m[34;22m      0.00[0m[31;1m      0.00[0m
14:07:40   [32;22m     all[0m[34;1m      1.75[0m[34;22m      0.00[0m[31;1m     98.25[0m[34;22m      0.00[0m[34;22m      0.00[0m[31;1m      0.00[0m
14:07:41   [32;22m     all[0m[34;1m      0.75[0m[34;22m      0.00[0m[31;1m     98.74[0m[34;1m      0.50[0m[34;22m      0.00[0m[31;1m      0.00[0m
14:07:42   [32;22m     all[0m[34;1m      1.26[0m[34;22m      0.00[0m[31;1m     98.48[0m[34;1m      0.25[0m[34;22m      0.00[0m[31;1m      0.00[0m
14:07:43   [32;22m     all[0m[34;1m      2.75[0m[34;22m      0.00[0m[31;1m     97.25[0m[34;22m      0.00[0m[34;22m      0.00[0m[31;1m      0.00[0m
14:07:44   [32;22m     all[0m[34;1m      0.51[0m[34;22m      0.00[0m[31;1m     99.49[0m[34;22m      0.00[0m[34;22m      0.00[0m[31;1m      0.00[0m
14:07:45   [32;22m     all[0m[34;1m      1.00[0m[34;22m      0.00[0m[31;1m     99.00[0m[34;22m      0.00[0m[34;22m      0.00[0m[31;1m      0.00[0m
14:07:46   [32;22m     all[0m[34;1m      0.75[0m[34;22m      0.00[0m[31;1m     99.25[0m[34;22m      0.00[0m[34;22m      0.00[0m[31;1m      0.00[0m
14:07:47   [32;22m     all[0m[34;1m      0.76[0m[34;22m      0.00[0m[31;1m     98.99[0m[34;1m      0.25[0m[34;22m      0.00[0m[31;1m      0.00[0m
14:07:48   [32;22m     all[0m[34;1m      2.02[0m[34;22m      0.00[0m[31;1m     97.98[0m[34;22m      0.00[0m[34;22m      0.00[0m[31;1m      0.00[0m
14:07:49   [32;22m     all[0m[34;1m      1.01[0m[34;22m      0.00[0m[31;1m     98.99[0m[34;22m      0.00[0m[34;22m      0.00[0m[31;1m      0.00[0m
14:07:50   [32;22m     all[0m[34;1m      1.00[0m[34;22m      0.00[0m[31;1m     99.00[0m[34;22m      0.00[0m[34;22m      0.00[0m[31;1m      0.00[0m
14:07:51   [32;22m     all[0m[34;1m      0.50[0m[34;22m      0.00[0m[31;1m     99.50[0m[34;22m      0.00[0m[34;22m      0.00[0m[31;1m      0.00[0m
14:07:52   [32;22m     all[0m[34;1m      0.25[0m[34;22m      0.00[0m[31;1m     99.75[0m[34;22m      0.00[0m[34;22m      0.00[0m[31;1m      0.00[0m
14:07:53   [32;22m     all[0m[34;1m      0.51[0m[34;22m      0.00[0m[31;1m     98.99[0m[34;1m      0.51[0m[34;22m      0.00[0m[31;1m      0.00[0m
14:07:54   [32;22m     all[0m[34;1m      0.76[0m[34;22m      0.00[0m[31;1m     99.24[0m[34;22m      0.00[0m[34;22m      0.00[0m[31;1m      0.00[0m
14:07:55   [32;22m     all[0m[34;1m      0.50[0m[34;22m      0.00[0m[31;1m     99.50[0m[34;22m      0.00[0m[34;22m      0.00[0m[31;1m      0.00[0m
14:07:56   [32;22m     all[0m[34;1m      0.25[0m[34;22m      0.00[0m[31;1m     99.75[0m[34;22m      0.00[0m[34;22m      0.00[0m[31;1m      0.00[0m
14:07:57   [32;22m     all[0m[34;1m      0.50[0m[34;22m      0.00[0m[31;1m     99.25[0m[34;1m      0.25[0m[34;22m      0.00[0m[31;1m      0.00[0m
14:07:58   [32;22m     all[0m[34;1m      1.00[0m[34;22m      0.00[0m[31;1m     98.50[0m[34;1m      0.50[0m[34;22m      0.00[0m[31;1m      0.00[0m
14:07:59   [32;22m     all[0m[34;1m      0.76[0m[34;22m      0.00[0m[31;1m     99.24[0m[34;22m      0.00[0m[34;22m      0.00[0m[31;1m      0.00[0m
14:08:00   [32;22m     all[0m[34;1m      0.51[0m[34;22m      0.00[0m[31;1m     99.49[0m[34;22m      0.00[0m[34;22m      0.00[0m[31;1m      0.00[0m
14:08:01   [32;22m     all[0m[34;1m      0.50[0m[34;22m      0.00[0m[31;1m     99.50[0m[34;22m      0.00[0m[34;22m      0.00[0m[31;1m      0.00[0m
14:08:02   [32;22m     all[0m[34;1m      0.76[0m[34;22m      0.00[0m[31;1m     99.24[0m[34;22m      0.00[0m[34;22m      0.00[0m[31;1m      0.00[0m
14:08:03   [32;22m     all[0m[34;1m      1.26[0m[34;22m      0.00[0m[31;1m     98.74[0m[34;22m      0.00[0m[34;22m      0.00[0m[31;1m      0.00[0m
14:08:04   [32;22m     all[0m[34;1m      1.01[0m[34;22m      0.00[0m[31;1m     98.99[0m[34;22m      0.00[0m[34;22m      0.00[0m[31;1m      0.00[0m
14:08:05   [32;22m     all[0m[34;1m      0.50[0m[34;22m      0.00[0m[31;1m     99.50[0m[34;22m      0.00[0m[34;22m      0.00[0m[31;1m      0.00[0m
14:08:06   [32;22m     all[0m[34;1m      0.76[0m[34;22m      0.00[0m[31;1m     99.24[0m[34;22m      0.00[0m[34;22m      0.00[0m[31;1m      0.00[0m
14:08:07   [32;22m     all[0m[34;22m      0.00[0m[34;22m      0.00[0m[31;1m     99.75[0m[34;1m      0.25[0m[34;22m      0.00[0m[31;1m      0.00[0m
14:08:08   [32;22m     all[0m[34;1m      0.75[0m[34;22m      0.00[0m[31;1m     99.25[0m[34;22m      0.00[0m[34;22m      0.00[0m[31;1m      0.00[0m
14:08:09   [32;22m     all[0m[34;1m      0.76[0m[34;22m      0.00[0m[31;1m     99.24[0m[34;22m      0.00[0m[34;22m      0.00[0m[31;1m      0.00[0m
14:08:10   [32;22m     all[0m[34;1m      1.27[0m[34;22m      0.00[0m[31;1m     98.73[0m[34;22m      0.00[0m[34;22m      0.00[0m[31;1m      0.00[0m
14:08:11   [32;22m     all[0m[34;1m      1.01[0m[34;22m      0.00[0m[31;1m     98.99[0m[34;22m      0.00[0m[34;22m      0.00[0m[31;1m      0.00[0m
14:08:12   [32;22m     all[0m[34;1m      0.50[0m[34;22m      0.00[0m[31;1m     99.25[0m[34;22m      0.00[0m[34;22m      0.00[0m[31;1m      0.25[0m
14:08:13   [32;22m     all[0m[34;1m      0.75[0m[34;22m      0.00[0m[31;1m     99.25[0m[34;22m      0.00[0m[34;22m      0.00[0m[31;1m      0.00[0m
14:08:14   [32;22m     all[0m[34;1m      0.75[0m[34;22m      0.00[0m[31;1m     99.25[0m[34;22m      0.00[0m[34;22m      0.00[0m[31;1m      0.00[0m
14:08:15   [32;22m     all[0m[34;1m      0.51[0m[34;22m      0.00[0m[31;1m     99.49[0m[34;22m      0.00[0m[34;22m      0.00[0m[31;1m      0.00[0m
14:08:16   [32;22m     all[0m[34;1m      1.01[0m[34;22m      0.00[0m[31;1m     98.99[0m[34;22m      0.00[0m[34;22m      0.00[0m[31;1m      0.00[0m
14:08:17   [32;22m     all[0m[34;1m      3.02[0m[34;22m      0.00[0m[31;1m     96.98[0m[34;22m      0.00[0m[34;22m      0.00[0m[31;1m      0.00[0m
14:08:18   [32;22m     all[0m[34;1m      0.51[0m[34;22m      0.00[0m[31;1m     99.24[0m[34;1m      0.25[0m[34;22m      0.00[0m[31;1m      0.00[0m
14:08:19   [32;22m     all[0m[34;1m      1.26[0m[34;22m      0.00[0m[31;1m     98.74[0m[34;22m      0.00[0m[34;22m      0.00[0m[31;1m      0.00[0m
14:08:20   [32;22m     all[0m[34;1m      1.26[0m[34;22m      0.00[0m[31;1m     98.74[0m[34;22m      0.00[0m[34;22m      0.00[0m[31;1m      0.00[0m
14:08:21   [32;22m     all[0m[34;1m      2.01[0m[34;22m      0.00[0m[31;1m     97.99[0m[34;22m      0.00[0m[34;22m      0.00[0m[31;1m      0.00[0m
14:08:22   [32;22m     all[0m[34;1m      1.01[0m[34;22m      0.00[0m[31;1m     98.74[0m[34;1m      0.25[0m[34;22m      0.00[0m[31;1m      0.00[0m
14:08:23   [32;22m     all[0m[34;1m      1.50[0m[34;22m      0.00[0m[31;1m     98.50[0m[34;22m      0.00[0m[34;22m      0.00[0m[31;1m      0.00[0m
14:08:24   [32;22m     all[0m[34;1m      1.24[0m[34;22m      0.00[0m[31;1m     98.51[0m[34;1m      0.25[0m[34;22m      0.00[0m[31;1m      0.00[0m
14:08:25   [32;22m     all[0m[34;1m      1.01[0m[34;22m      0.00[0m[31;1m     98.99[0m[34;22m      0.00[0m[34;22m      0.00[0m[31;1m      0.00[0m
14:08:26   [32;22m     all[0m[34;1m      0.76[0m[34;22m      0.00[0m[31;1m     99.24[0m[34;22m      0.00[0m[34;22m      0.00[0m[31;1m      0.00[0m
14:08:27   [32;22m     all[0m[34;1m      2.01[0m[34;22m      0.00[0m[31;1m     97.99[0m[34;22m      0.00[0m[34;22m      0.00[0m[31;1m      0.00[0m
14:08:28   [32;22m     all[0m[34;1m      1.26[0m[34;22m      0.00[0m[31;1m     98.74[0m[34;22m      0.00[0m[34;22m      0.00[0m[31;1m      0.00[0m
14:08:29   [32;22m     all[0m[34;1m      1.51[0m[34;22m      0.00[0m[31;1m     98.49[0m[34;22m      0.00[0m[34;22m      0.00[0m[31;1m      0.00[0m
14:08:30   [32;22m     all[0m[34;1m      2.26[0m[34;22m      0.00[0m[31;1m     97.74[0m[34;22m      0.00[0m[34;22m      0.00[0m[31;1m      0.00[0m
14:08:31   [32;22m     all[0m[34;1m      2.26[0m[34;22m      0.00[0m[31;1m     97.74[0m[34;22m      0.00[0m[34;22m      0.00[0m[31;1m      0.00[0m
14:08:32   [32;22m     all[0m[34;1m      1.25[0m[34;22m      0.00[0m[31;1m     98.75[0m[34;22m      0.00[0m[34;22m      0.00[0m[31;1m      0.00[0m
14:08:33   [32;22m     all[0m[34;1m      1.26[0m[34;22m      0.00[0m[31;1m     98.74[0m[34;22m      0.00[0m[34;22m      0.00[0m[31;1m      0.00[0m
14:08:34   [32;22m     all[0m[34;1m      1.01[0m[34;22m      0.00[0m[31;1m     98.99[0m[34;22m      0.00[0m[34;22m      0.00[0m[31;1m      0.00[0m
14:08:35   [32;22m     all[0m[34;1m      1.25[0m[34;22m      0.00[0m[31;1m     98.75[0m[34;22m      0.00[0m[34;22m      0.00[0m[31;1m      0.00[0m
14:08:36   [32;22m     all[0m[34;1m      1.00[0m[34;22m      0.00[0m[31;1m     99.00[0m[34;22m      0.00[0m[34;22m      0.00[0m[31;1m      0.00[0m
14:08:37   [32;22m     all[0m[34;1m      1.25[0m[34;22m      0.00[0m[31;1m     98.75[0m[34;22m      0.00[0m[34;22m      0.00[0m[31;1m      0.00[0m
14:08:38   [32;22m     all[0m[34;1m      0.50[0m[34;22m      0.00[0m[31;1m     99.50[0m[34;22m      0.00[0m[34;22m      0.00[0m[31;1m      0.00[0m
14:08:39   [32;22m     all[0m[34;1m      1.50[0m[34;22m      0.00[0m[31;1m     98.50[0m[34;22m      0.00[0m[34;22m      0.00[0m[31;1m      0.00[0m
14:08:40   [32;22m     all[0m[34;1m      1.01[0m[34;22m      0.00[0m[31;1m     98.99[0m[34;22m      0.00[0m[34;22m      0.00[0m[31;1m      0.00[0m
14:08:41   [32;22m     all[0m[34;1m      1.00[0m[34;22m      0.00[0m[31;1m     99.00[0m[34;22m      0.00[0m[34;22m      0.00[0m[31;1m      0.00[0m
14:08:42   [32;22m     all[0m[34;1m      1.25[0m[34;22m      0.00[0m[31;1m     98.75[0m[34;22m      0.00[0m[34;22m      0.00[0m[31;1m      0.00[0m
14:08:43   [32;22m     all[0m[34;1m      1.26[0m[34;22m      0.00[0m[31;1m     98.74[0m[34;22m      0.00[0m[34;22m      0.00[0m[31;1m      0.00[0m
14:08:44   [32;22m     all[0m[34;1m      0.75[0m[34;22m      0.00[0m[31;1m     99.25[0m[34;22m      0.00[0m[34;22m      0.00[0m[31;1m      0.00[0m
14:08:45   [32;22m     all[0m[34;1m      1.00[0m[34;22m      0.00[0m[31;1m     99.00[0m[34;22m      0.00[0m[34;22m      0.00[0m[31;1m      0.00[0m
14:08:46   [32;22m     all[0m[34;1m      0.75[0m[34;22m      0.00[0m[31;1m     99.25[0m[34;22m      0.00[0m[34;22m      0.00[0m[31;1m      0.00[0m
14:08:47   [32;22m     all[0m[34;1m      1.26[0m[34;22m      0.00[0m[31;1m     98.74[0m[34;22m      0.00[0m[34;22m      0.00[0m[31;1m      0.00[0m
14:08:48   [32;22m     all[0m[34;1m      3.50[0m[34;22m      0.00[0m[31;1m     96.25[0m[34;1m      0.25[0m[34;22m      0.00[0m[31;1m      0.00[0m
14:08:49   [32;22m     all[0m[34;1m      1.50[0m[34;22m      0.00[0m[31;1m     98.25[0m[34;1m      0.25[0m[34;22m      0.00[0m[31;1m      0.00[0m
14:08:50   [32;22m     all[0m[34;1m      1.26[0m[34;22m      0.00[0m[31;1m     98.74[0m[34;22m      0.00[0m[34;22m      0.00[0m[31;1m      0.00[0m
14:08:51   [32;22m     all[0m[34;1m      3.00[0m[34;22m      0.00[0m[31;1m     97.00[0m[34;22m      0.00[0m[34;22m      0.00[0m[31;1m      0.00[0m
14:08:52   [32;22m     all[0m[34;1m      0.75[0m[34;22m      0.00[0m[31;1m     99.25[0m[34;22m      0.00[0m[34;22m      0.00[0m[31;1m      0.00[0m
14:08:53   [32;22m     all[0m[34;1m      1.25[0m[34;22m      0.00[0m[31;1m     98.75[0m[34;22m      0.00[0m[34;22m      0.00[0m[31;1m      0.00[0m
