Linux 6.6.95 (minikube) 	04/17/26 	_x86_64_	(4 CPU)

14:03:53    kbmemfree   kbavail kbmemused  %memused kbbuffers  kbcached  kbcommit   %commit  kbactive   kbinact   kbdirty
14:03:54   [34;1m   1253308[0m[34;1m   1362064[0m[34;1m   1354492[0m[34;1m     33.85[0m[34;1m      7132[0m[34;1m   1279820[0m[34;1m   6372212[0m[31;1m    159.25[0m[34;1m    639044[0m[34;1m   1851692[0m[34;1m       524[0m
14:03:55   [34;1m   1206896[0m[34;1m   1316188[0m[34;1m   1399312[0m[34;1m     34.97[0m[34;1m      7132[0m[34;1m   1280356[0m[34;1m   6443500[0m[31;1m    161.03[0m[34;1m    639284[0m[34;1m   1879860[0m[34;1m        80[0m
14:03:56   [34;1m   1170884[0m[34;1m   1281852[0m[34;1m   1432084[0m[34;1m     35.79[0m[34;1m      7140[0m[34;1m   1282004[0m[34;1m   6514724[0m[31;1m    162.81[0m[34;1m    639636[0m[34;1m   1918276[0m[34;1m       256[0m
14:03:57   [34;1m   1117260[0m[34;1m   1228796[0m[34;1m   1483212[0m[34;1m     37.07[0m[34;1m      7168[0m[34;1m   1282428[0m[34;1m   6590044[0m[31;1m    164.69[0m[34;1m    639932[0m[34;1m   1960652[0m[34;1m       440[0m
14:03:58   [34;1m   1068368[0m[34;1m   1182036[0m[34;1m   1527528[0m[34;1m     38.17[0m[34;1m      7176[0m[34;1m   1284372[0m[34;1m   6661268[0m[31;1m    166.47[0m[34;1m    640332[0m[34;1m   1996904[0m[34;1m       756[0m
14:03:59   [34;1m   1024056[0m[34;1m   1138876[0m[34;1m   1568128[0m[34;1m     39.19[0m[34;1m      7176[0m[34;1m   1285376[0m[34;1m   6732556[0m[31;1m    168.26[0m[34;1m    640644[0m[34;1m   2035024[0m[34;1m      1060[0m
14:04:00   [34;1m    973148[0m[34;1m   1088620[0m[34;1m   1615540[0m[34;1m     40.37[0m[34;1m      7176[0m[34;1m   1285920[0m[34;1m   6803780[0m[31;1m    170.03[0m[34;1m    640876[0m[34;1m   2071020[0m[34;1m      1440[0m
14:04:01   [34;1m    926644[0m[34;1m   1042992[0m[34;1m   1658396[0m[34;1m     41.45[0m[34;1m      7176[0m[34;1m   1286696[0m[34;1m   6875004[0m[31;1m    171.81[0m[34;1m    641112[0m[34;1m   2114644[0m[34;1m      1800[0m
14:04:02   [34;1m    873568[0m[34;1m    990512[0m[34;1m   1707656[0m[34;1m     42.68[0m[34;1m      7176[0m[34;1m   1287192[0m[34;1m   6946228[0m[31;1m    173.59[0m[34;1m    641344[0m[34;1m   2156196[0m[34;1m      2292[0m
14:04:03   [34;1m    816924[0m[34;1m    934568[0m[34;1m   1759732[0m[34;1m     43.98[0m[34;1m      7184[0m[34;1m   1287772[0m[34;1m   7017452[0m[31;1m    175.37[0m[34;1m    641588[0m[34;1m   2200104[0m[34;1m      2816[0m
14:04:04   [34;1m    763752[0m[34;1m    882216[0m[34;1m   1808116[0m[34;1m     45.19[0m[34;1m      7192[0m[34;1m   1288584[0m[34;1m   7088676[0m[31;1m    177.15[0m[34;1m    641816[0m[34;1m   2243960[0m[34;1m      3336[0m
14:04:05   [34;1m    706104[0m[34;1m    825660[0m[34;1m   1860880[0m[34;1m     46.51[0m[34;1m      7200[0m[34;1m   1289360[0m[34;1m   7159900[0m[31;1m    178.93[0m[34;1m    642064[0m[34;1m   2289672[0m[34;1m      3844[0m
14:04:06   [34;1m    656448[0m[34;1m    777120[0m[34;1m   1905216[0m[34;1m     47.61[0m[34;1m      7200[0m[34;1m   1290476[0m[34;1m   7231124[0m[31;1m    180.71[0m[34;1m    642300[0m[34;1m   2300284[0m[34;1m       456[0m
14:04:07   [34;1m    633052[0m[34;1m    754896[0m[34;1m   1923328[0m[34;1m     48.07[0m[34;1m      7200[0m[34;1m   1291452[0m[34;1m   7302348[0m[31;1m    182.49[0m[34;1m    642580[0m[34;1m   2287076[0m[34;1m      1084[0m
14:04:08   [34;1m    615856[0m[34;1m    739264[0m[34;1m   1934684[0m[34;1m     48.35[0m[34;1m      7200[0m[34;1m   1292860[0m[34;1m   7373572[0m[31;1m    184.27[0m[34;1m    642892[0m[34;1m   2332188[0m[34;1m      1868[0m
14:04:09   [34;1m    565656[0m[34;1m    690172[0m[34;1m   1979764[0m[34;1m     49.48[0m[34;1m      7216[0m[34;1m   1293744[0m[34;1m   7445052[0m[31;1m    186.06[0m[34;1m    643136[0m[34;1m   2376776[0m[34;1m      2728[0m
14:04:10   [34;1m    510312[0m[34;1m    636108[0m[34;1m   2029576[0m[34;1m     50.72[0m[34;1m      7216[0m[34;1m   1294868[0m[34;1m   7516276[0m[31;1m    187.84[0m[34;1m    643424[0m[34;1m   2420720[0m[34;1m      3380[0m
14:04:11   [34;1m    451360[0m[34;1m    578644[0m[34;1m   2081816[0m[34;1m     52.03[0m[34;1m      7236[0m[34;1m   1296196[0m[34;1m   7592220[0m[31;1m    189.74[0m[34;1m    643676[0m[34;1m   2466944[0m[34;1m      4324[0m
14:04:12   [34;1m    394120[0m[34;1m    522512[0m[34;1m   2131904[0m[34;1m     53.28[0m[34;1m      7240[0m[34;1m   1297180[0m[34;1m   7663572[0m[31;1m    191.52[0m[34;1m    643928[0m[34;1m   2510272[0m[34;1m      5308[0m
14:04:13   [34;1m    334568[0m[34;1m    463808[0m[34;1m   2184660[0m[34;1m     54.60[0m[34;1m      7240[0m[34;1m   1298008[0m[34;1m   7734668[0m[31;1m    193.30[0m[34;1m    644160[0m[34;1m   2555484[0m[34;1m      6112[0m
14:04:14   [34;1m    279508[0m[34;1m    410592[0m[34;1m   2232040[0m[34;1m     55.78[0m[34;1m      7248[0m[34;1m   1299488[0m[34;1m   7801172[0m[31;1m    194.96[0m[34;1m    644420[0m[34;1m   2597088[0m[34;1m      7020[0m
14:04:15   [34;1m    221748[0m[34;1m    354168[0m[34;1m   2282228[0m[34;1m     57.04[0m[34;1m      7248[0m[34;1m   1300628[0m[34;1m   7872524[0m[31;1m    196.74[0m[34;1m    644652[0m[34;1m   2640100[0m[34;1m      8136[0m
14:04:16   [34;1m    161316[0m[34;1m    295604[0m[34;1m   2334068[0m[34;1m     58.33[0m[34;1m      7256[0m[34;1m   1301660[0m[34;1m   7943620[0m[31;1m    198.52[0m[34;1m    644892[0m[34;1m   2685804[0m[34;1m      9164[0m
14:04:17   [34;1m    123616[0m[34;1m    237580[0m[34;1m   2385444[0m[34;1m     59.62[0m[34;1m      7252[0m[34;1m   1281300[0m[34;1m   8014844[0m[31;1m    200.30[0m[34;1m    671964[0m[34;1m   2685872[0m[34;1m     10432[0m
14:04:18   [34;1m    123912[0m[34;1m    179460[0m[34;1m   2437420[0m[34;1m     60.91[0m[34;1m      7080[0m[34;1m   1223668[0m[34;1m   8086068[0m[31;1m    202.08[0m[34;1m    703324[0m[34;1m   2642808[0m[34;1m      3136[0m
14:04:19   [34;1m    126812[0m[34;1m    113132[0m[34;1m   2494340[0m[34;1m     62.34[0m[34;1m      6656[0m[34;1m   1157412[0m[34;1m   8157292[0m[31;1m    203.86[0m[34;1m    660340[0m[34;1m   2668020[0m[34;1m       524[0m
14:04:20   [34;1m    125068[0m[34;1m     78688[0m[34;1m   2554728[0m[34;1m     63.85[0m[34;1m      3676[0m[34;1m   1094652[0m[34;1m   8228772[0m[31;1m    205.65[0m[34;1m    621152[0m[34;1m   2691684[0m[34;1m       680[0m
14:04:21   [34;1m    125268[0m[34;1m     47320[0m[34;1m   2610596[0m[34;1m     65.24[0m[34;1m      2528[0m[34;1m   1033084[0m[34;1m   8299996[0m[31;1m    207.43[0m[34;1m    593788[0m[34;1m   2706912[0m[34;1m       156[0m
14:04:22   [34;1m     99108[0m[34;1m     17164[0m[34;1m   2640900[0m[34;1m     66.00[0m[34;1m      2424[0m[34;1m   1025328[0m[34;1m   8339312[0m[31;1m    208.41[0m[34;1m    596828[0m[34;1m   2722632[0m[34;22m         0[0m
14:04:23   [34;1m     88512[0m[34;22m         0[0m[34;1m   2668400[0m[34;1m     66.69[0m[34;1m      2256[0m[34;1m   1005880[0m[34;1m   8371220[0m[31;1m    209.21[0m[34;1m    586708[0m[34;1m   2737580[0m[34;22m         0[0m
14:04:24   [34;1m     87868[0m[34;22m         0[0m[34;1m   2666944[0m[34;1m     66.65[0m[34;1m      2256[0m[34;1m   1007976[0m[34;1m   8371220[0m[31;1m    209.21[0m[34;1m    587772[0m[34;1m   2739044[0m[34;22m         0[0m
14:04:25   [34;1m     87868[0m[34;22m         0[0m[34;1m   2668424[0m[34;1m     66.69[0m[34;1m      2276[0m[34;1m   1006492[0m[34;1m   8371220[0m[31;1m    209.21[0m[34;1m    587424[0m[34;1m   2738208[0m[34;22m         0[0m
14:04:26   [34;1m     87856[0m[34;22m         0[0m[34;1m   2668240[0m[34;1m     66.68[0m[34;1m      2256[0m[34;1m   1006740[0m[34;1m   8371220[0m[31;1m    209.21[0m[34;1m    589628[0m[34;1m   2736312[0m[34;22m         0[0m
14:04:27   [34;1m     88480[0m[34;22m         0[0m[34;1m   2668320[0m[34;1m     66.68[0m[34;1m      2252[0m[34;1m   1006032[0m[34;1m   8371220[0m[31;1m    209.21[0m[34;1m    589512[0m[34;1m   2735500[0m[34;22m         0[0m
14:04:28   [34;1m     87848[0m[34;22m         0[0m[34;1m   2669588[0m[34;1m     66.72[0m[34;1m      2252[0m[34;1m   1005396[0m[34;1m   8371220[0m[31;1m    209.21[0m[34;1m    588780[0m[34;1m   2736032[0m[34;22m         0[0m
14:04:29   [34;1m     87140[0m[34;22m         0[0m[34;1m   2668232[0m[34;1m     66.68[0m[34;1m      2252[0m[34;1m   1007672[0m[34;1m   8371220[0m[31;1m    209.21[0m[34;1m    591572[0m[34;1m   2734564[0m[34;22m         0[0m
14:04:30   [34;1m     87376[0m[34;22m         0[0m[34;1m   2668260[0m[34;1m     66.68[0m[34;1m      2260[0m[34;1m   1007500[0m[34;1m   8371220[0m[31;1m    209.21[0m[34;1m    590356[0m[34;1m   2736080[0m[34;22m         0[0m
14:04:31   [34;1m     86812[0m[34;22m         0[0m[34;1m   2671948[0m[34;1m     66.78[0m[34;1m      2280[0m[34;1m   1004264[0m[34;1m   8375940[0m[31;1m    209.33[0m[34;1m    594392[0m[34;1m   2730404[0m[34;22m         0[0m
14:04:32   [34;1m     88372[0m[34;22m         0[0m[34;1m   2670364[0m[34;1m     66.74[0m[34;1m      2244[0m[34;1m   1004320[0m[34;1m   8375940[0m[31;1m    209.33[0m[34;1m    587544[0m[34;1m   2736940[0m[34;22m         0[0m
14:04:33   [34;1m     88716[0m[34;22m         0[0m[34;1m   2672824[0m[34;1m     66.80[0m[34;1m      2268[0m[34;1m   1001560[0m[34;1m   8375940[0m[31;1m    209.33[0m[34;1m    584204[0m[34;1m   2738292[0m[34;22m         0[0m
14:04:34   [34;1m     87788[0m[34;22m         0[0m[34;1m   2670480[0m[34;1m     66.74[0m[34;1m      2264[0m[34;1m   1004840[0m[34;1m   8375940[0m[31;1m    209.33[0m[34;1m    587228[0m[34;1m   2738864[0m[34;22m         0[0m
14:04:35   [34;1m     88808[0m[34;22m         0[0m[34;1m   2671276[0m[34;1m     66.76[0m[34;1m      2324[0m[34;1m   1002932[0m[34;1m   8371220[0m[31;1m    209.21[0m[34;1m    588408[0m[34;1m   2734972[0m[34;22m         0[0m
14:04:36   [34;1m     86816[0m[34;22m         0[0m[34;1m   2669980[0m[34;1m     66.73[0m[34;1m      2344[0m[34;1m   1006168[0m[34;1m   8371220[0m[31;1m    209.21[0m[34;1m    595584[0m[34;1m   2730524[0m[34;22m         0[0m
14:04:37   [34;1m     87884[0m[34;22m         0[0m[34;1m   2670308[0m[34;1m     66.73[0m[34;1m      2320[0m[34;1m   1004764[0m[34;1m   8371220[0m[31;1m    209.21[0m[34;1m    587148[0m[34;1m   2737208[0m[34;22m         0[0m
14:04:38   [34;1m     87856[0m[34;22m         0[0m[34;1m   2670264[0m[34;1m     66.73[0m[34;1m      2320[0m[34;1m   1004820[0m[34;1m   8371220[0m[31;1m    209.21[0m[34;1m    586696[0m[34;1m   2738416[0m[34;22m         0[0m
14:04:39   [34;1m     88372[0m[34;22m         0[0m[34;1m   2669724[0m[34;1m     66.72[0m[34;1m      2280[0m[34;1m   1004768[0m[34;1m   8371220[0m[31;1m    209.21[0m[34;1m    588632[0m[34;1m   2735976[0m[34;22m         0[0m
14:04:40   [34;1m     87176[0m[34;22m         0[0m[34;1m   2668816[0m[34;1m     66.70[0m[34;1m      2280[0m[34;1m   1007008[0m[34;1m   8371220[0m[31;1m    209.21[0m[34;1m    586620[0m[34;1m   2740544[0m[34;22m         0[0m
14:04:41   [34;1m     87056[0m[34;22m         0[0m[34;1m   2671864[0m[34;1m     66.77[0m[34;1m      2340[0m[34;1m   1004016[0m[34;1m   8371220[0m[31;1m    209.21[0m[34;1m    585396[0m[34;1m   2739612[0m[34;22m         0[0m
14:04:42   [34;1m     88656[0m[34;22m         0[0m[34;1m   2670556[0m[34;1m     66.74[0m[34;1m      2340[0m[34;1m   1003724[0m[34;1m   8371220[0m[31;1m    209.21[0m[34;1m    586492[0m[34;1m   2737844[0m[34;22m         0[0m
14:04:43   [34;1m     87752[0m[34;22m         0[0m[34;1m   2670504[0m[34;1m     66.74[0m[34;1m      2332[0m[34;1m   1004688[0m[34;1m   8371220[0m[31;1m    209.21[0m[34;1m    596088[0m[34;1m   2729056[0m[34;22m         0[0m
14:04:44   [34;1m     87264[0m[34;22m         0[0m[34;1m   2669840[0m[34;1m     66.72[0m[34;1m      2332[0m[34;1m   1005840[0m[34;1m   8371220[0m[31;1m    209.21[0m[34;1m    588308[0m[34;1m   2738200[0m[34;1m         4[0m
14:04:45   [34;1m     87556[0m[34;22m         0[0m[34;1m   2670616[0m[34;1m     66.74[0m[34;1m      2332[0m[34;1m   1004772[0m[34;1m   8371220[0m[31;1m    209.21[0m[34;1m    587028[0m[34;1m   2738392[0m[34;22m         0[0m
14:04:46   [34;1m     87212[0m[34;22m         0[0m[34;1m   2669964[0m[34;1m     66.73[0m[34;1m      2352[0m[34;1m   1005744[0m[34;1m   8371220[0m[31;1m    209.21[0m[34;1m    588968[0m[34;1m   2737672[0m[34;22m         0[0m
14:04:47   [34;1m     91816[0m[34;22m         0[0m[34;1m   2673264[0m[34;1m     66.81[0m[34;1m      2436[0m[34;1m    997760[0m[34;1m   8371220[0m[31;1m    209.21[0m[34;1m    585232[0m[34;1m   2735280[0m[34;22m         0[0m
14:04:48   [34;1m     88368[0m[34;22m         0[0m[34;1m   2674608[0m[34;1m     66.84[0m[34;1m      2332[0m[34;1m    999972[0m[34;1m   8371216[0m[31;1m    209.21[0m[34;1m    587104[0m[34;1m   2736756[0m[34;22m         0[0m
14:04:49   [34;1m     87572[0m[34;22m         0[0m[34;1m   2674204[0m[34;1m     66.83[0m[34;1m      2328[0m[34;1m   1001176[0m[34;1m   8412108[0m[31;1m    210.23[0m[34;1m    586916[0m[34;1m   2738492[0m[34;22m         0[0m
14:04:50   [34;1m     89516[0m[34;22m         0[0m[34;1m   2673712[0m[34;1m     66.82[0m[34;1m      2340[0m[34;1m    999712[0m[34;1m   8371216[0m[31;1m    209.21[0m[34;1m    584420[0m[34;1m   2738856[0m[34;22m         0[0m
14:04:51   [34;1m     91288[0m[34;22m         0[0m[34;1m   2674616[0m[34;1m     66.84[0m[34;1m      2364[0m[34;1m    996952[0m[34;1m   8375936[0m[31;1m    209.33[0m[34;1m    583652[0m[34;1m   2738396[0m[34;22m         0[0m
14:04:52   [34;1m     89952[0m[34;22m         0[0m[34;1m   2674208[0m[34;1m     66.83[0m[34;1m      2344[0m[34;1m    998708[0m[34;1m   8375936[0m[31;1m    209.33[0m[34;1m    591020[0m[34;1m   2732836[0m[34;22m         0[0m
14:04:53   [34;1m     88092[0m[34;22m         0[0m[34;1m   2676424[0m[34;1m     66.89[0m[34;1m      2288[0m[34;1m    998412[0m[34;1m   8375936[0m[31;1m    209.33[0m[34;1m    588752[0m[34;1m   2734928[0m[34;22m         0[0m
14:04:54   [34;1m     88884[0m[34;22m         0[0m[34;1m   2675796[0m[34;1m     66.87[0m[34;1m      2292[0m[34;1m    998244[0m[34;1m   8375936[0m[31;1m    209.33[0m[34;1m    583360[0m[34;1m   2740212[0m[34;22m         0[0m
14:04:55   [34;1m     89816[0m[34;22m         0[0m[34;1m   2673688[0m[34;1m     66.82[0m[34;1m      2304[0m[34;1m    999352[0m[34;1m   8371216[0m[31;1m    209.21[0m[34;1m    583860[0m[34;1m   2739804[0m[34;22m         0[0m
14:04:56   [34;1m     88864[0m[34;22m         0[0m[34;1m   2675448[0m[34;1m     66.86[0m[34;1m      2348[0m[34;1m    998512[0m[34;1m   8371216[0m[31;1m    209.21[0m[34;1m    589584[0m[34;1m   2733100[0m[34;22m         0[0m
14:04:57   [34;1m     89724[0m[34;22m         0[0m[34;1m   2674256[0m[34;1m     66.83[0m[34;1m      2336[0m[34;1m    998856[0m[34;1m   8371216[0m[31;1m    209.21[0m[34;1m    585772[0m[34;1m   2737228[0m[34;22m         0[0m
14:04:58   [34;1m     87704[0m[34;22m         0[0m[34;1m   2673836[0m[34;1m     66.82[0m[34;1m      2344[0m[34;1m   1001276[0m[34;1m   8371216[0m[31;1m    209.21[0m[34;1m    586280[0m[34;1m   2739320[0m[34;22m         0[0m
14:04:59   [34;1m     87176[0m[34;22m         0[0m[34;1m   2675868[0m[34;1m     66.87[0m[34;1m      2332[0m[34;1m    999784[0m[34;1m   8371216[0m[31;1m    209.21[0m[34;1m    583984[0m[34;1m   2740940[0m[34;22m         0[0m
14:05:00   [34;1m     90328[0m[34;22m         0[0m[34;1m   2675260[0m[34;1m     66.86[0m[34;1m      2328[0m[34;1m    997244[0m[34;1m   8371216[0m[31;1m    209.21[0m[34;1m    583264[0m[34;1m   2738504[0m[34;22m         0[0m
14:05:01   [34;1m     87056[0m[34;22m         0[0m[34;1m   2677292[0m[34;1m     66.91[0m[34;1m      2328[0m[34;1m    998464[0m[34;1m   8371216[0m[31;1m    209.21[0m[34;1m    587920[0m[34;1m   2736664[0m[34;22m         0[0m
14:05:02   [34;1m     87452[0m[34;22m         0[0m[34;1m   2676960[0m[34;1m     66.90[0m[34;1m      2332[0m[34;1m    998412[0m[34;1m   8371216[0m[31;1m    209.21[0m[34;1m    590060[0m[34;1m   2734276[0m[34;22m         0[0m
14:05:03   [34;1m     91168[0m[34;22m         0[0m[34;1m   2676276[0m[34;1m     66.88[0m[34;1m      2340[0m[34;1m    995372[0m[34;1m   8371216[0m[31;1m    209.21[0m[34;1m    582840[0m[34;1m   2738804[0m[34;22m         0[0m
14:05:04   [34;1m     87944[0m[34;22m         0[0m[34;1m   2675988[0m[34;1m     66.88[0m[34;1m      2400[0m[34;1m    998824[0m[34;1m   8371212[0m[31;1m    209.21[0m[34;1m    583664[0m[34;1m   2741152[0m[34;22m         0[0m
14:05:05   [34;1m     87028[0m[34;22m         0[0m[34;1m   2677576[0m[34;1m     66.92[0m[34;1m      2408[0m[34;1m    998144[0m[34;1m   8371212[0m[31;1m    209.21[0m[34;1m    583688[0m[34;1m   2741120[0m[34;22m         0[0m
14:05:06   [34;1m     87588[0m[34;22m         0[0m[34;1m   2676244[0m[34;1m     66.88[0m[34;1m      2408[0m[34;1m    998916[0m[34;1m   8371212[0m[31;1m    209.21[0m[34;1m    585112[0m[34;1m   2740300[0m[34;22m         0[0m
14:05:07   [34;1m     89508[0m[34;22m         0[0m[34;1m   2675800[0m[34;1m     66.87[0m[34;1m      2404[0m[34;1m    997444[0m[34;1m   8371212[0m[31;1m    209.21[0m[34;1m    587836[0m[34;1m   2736004[0m[34;22m         0[0m
14:05:08   [34;1m     88096[0m[34;22m         0[0m[34;1m   2677376[0m[34;1m     66.91[0m[34;1m      2404[0m[34;1m    997216[0m[34;1m   8371212[0m[31;1m    209.21[0m[34;1m    584632[0m[34;1m   2739948[0m[34;22m         0[0m
14:05:09   [34;1m     86380[0m[34;22m         0[0m[34;1m   2678016[0m[34;1m     66.93[0m[34;1m      2404[0m[34;1m    998292[0m[34;1m   8371212[0m[31;1m    209.21[0m[34;1m    584672[0m[34;1m   2740724[0m[34;22m         0[0m
14:05:10   [34;1m     88524[0m[34;22m         0[0m[34;1m   2678664[0m[34;1m     66.94[0m[34;1m      2328[0m[34;1m    995444[0m[34;1m   8412364[0m[31;1m    210.24[0m[34;1m    583096[0m[34;1m   2740696[0m[34;22m         0[0m
14:05:11   [34;1m     87708[0m[34;22m         0[0m[34;1m   2678344[0m[34;1m     66.94[0m[34;1m      2328[0m[34;1m    996680[0m[34;1m   8375932[0m[31;1m    209.33[0m[34;1m    582936[0m[34;1m   2742196[0m[34;22m         0[0m
14:05:12   [34;1m     88460[0m[34;22m         0[0m[34;1m   2679216[0m[34;1m     66.96[0m[34;1m      2328[0m[34;1m    995056[0m[34;1m   8375932[0m[31;1m    209.33[0m[34;1m    583572[0m[34;1m   2739876[0m[34;22m         0[0m
14:05:13   [34;1m     87468[0m[34;22m         0[0m[34;1m   2678312[0m[34;1m     66.93[0m[34;1m      2328[0m[34;1m    996948[0m[34;1m   8375932[0m[31;1m    209.33[0m[34;1m    584240[0m[34;1m   2741264[0m[34;22m         0[0m
14:05:14   [34;1m     86964[0m[34;22m         0[0m[34;1m   2679184[0m[34;1m     66.96[0m[34;1m      2288[0m[34;1m    996620[0m[34;1m   8375932[0m[31;1m    209.33[0m[34;1m    584844[0m[34;1m   2740536[0m[34;22m         0[0m
14:05:15   [34;1m     87368[0m[34;22m         0[0m[34;1m   2678084[0m[34;1m     66.93[0m[34;1m      2280[0m[34;1m    997356[0m[34;1m   8371216[0m[31;1m    209.21[0m[34;1m    583628[0m[34;1m   2740752[0m[34;22m         0[0m
14:05:16   [34;1m     89488[0m[34;22m         0[0m[34;1m   2675844[0m[34;1m     66.87[0m[34;1m      2316[0m[34;1m    997440[0m[34;1m   8371212[0m[31;1m    209.21[0m[34;1m    584568[0m[34;1m   2739800[0m[34;22m         0[0m
14:05:17   [34;1m     88352[0m[34;22m         0[0m[34;1m   2677956[0m[34;1m     66.93[0m[34;1m      2340[0m[34;1m    996400[0m[34;1m   8371212[0m[31;1m    209.21[0m[34;1m    582816[0m[34;1m   2740940[0m[34;22m         0[0m
14:05:18   [34;1m     87564[0m[34;22m         0[0m[34;1m   2678488[0m[34;1m     66.94[0m[34;1m      2340[0m[34;1m    996656[0m[34;1m   8371212[0m[31;1m    209.21[0m[34;1m    584912[0m[34;1m   2739232[0m[34;22m         0[0m
14:05:19   [34;1m     87372[0m[34;22m         0[0m[34;1m   2677396[0m[34;1m     66.91[0m[34;1m      2360[0m[34;1m    997920[0m[34;1m   8371212[0m[31;1m    209.21[0m[34;1m    584068[0m[34;1m   2741132[0m[34;22m         0[0m
14:05:20   [34;1m     88228[0m[34;22m         0[0m[34;1m   2677520[0m[34;1m     66.91[0m[34;1m      2360[0m[34;1m    996944[0m[34;1m   8371212[0m[31;1m    209.21[0m[34;1m    583172[0m[34;1m   2741280[0m[34;22m         0[0m
14:05:21   [34;1m     90936[0m[34;22m         0[0m[34;1m   2677124[0m[34;1m     66.90[0m[34;1m      2356[0m[34;1m    994636[0m[34;1m   8371212[0m[31;1m    209.21[0m[34;1m    583048[0m[34;1m   2738856[0m[34;22m         0[0m
14:05:22   [34;1m     87220[0m[34;22m         0[0m[34;1m   2676416[0m[34;1m     66.89[0m[34;1m      2352[0m[34;1m    999064[0m[34;1m   8371212[0m[31;1m    209.21[0m[34;1m    583956[0m[34;1m   2742316[0m[34;22m         0[0m
14:05:23   [34;1m     87292[0m[34;22m         0[0m[34;1m   2677352[0m[34;1m     66.91[0m[34;1m      2376[0m[34;1m    997992[0m[34;1m   8371212[0m[31;1m    209.21[0m[34;1m    584680[0m[34;1m   2740696[0m[34;22m         0[0m
14:05:24   [34;1m     88380[0m[34;22m         0[0m[34;1m   2677052[0m[34;1m     66.90[0m[34;1m      2368[0m[34;1m    997168[0m[34;1m   8371212[0m[31;1m    209.21[0m[34;1m    585868[0m[34;1m   2738464[0m[34;22m         0[0m
14:05:25   [34;1m     88356[0m[34;22m         0[0m[34;1m   2678024[0m[34;1m     66.93[0m[34;1m      2328[0m[34;1m    996300[0m[34;1m   8371212[0m[31;1m    209.21[0m[34;1m    583124[0m[34;1m   2740556[0m[34;22m         0[0m
14:05:26   [34;1m     90688[0m[34;22m         0[0m[34;1m   2677412[0m[34;1m     66.91[0m[34;1m      2324[0m[34;1m    994584[0m[34;1m   8371212[0m[31;1m    209.21[0m[34;1m    582728[0m[34;1m   2739212[0m[34;22m         0[0m
14:05:27   [34;1m     87892[0m[34;22m         0[0m[34;1m   2677916[0m[34;1m     66.92[0m[34;1m      2328[0m[34;1m    996880[0m[34;1m   8371212[0m[31;1m    209.21[0m[34;1m    585520[0m[34;1m   2739056[0m[34;22m         0[0m
14:05:28   [34;1m     88012[0m[34;22m         0[0m[34;1m   2678884[0m[34;1m     66.95[0m[34;1m      2340[0m[34;1m    995756[0m[34;1m   8371212[0m[31;1m    209.21[0m[34;1m    583996[0m[34;1m   2738656[0m[34;22m         0[0m
14:05:29   [34;1m     87108[0m[34;22m         0[0m[34;1m   2676636[0m[34;1m     66.89[0m[34;1m      2336[0m[34;1m    998880[0m[34;1m   8371212[0m[31;1m    209.21[0m[34;1m    584168[0m[34;1m   2741948[0m[34;22m         0[0m
14:05:30   [34;1m     87548[0m[34;22m         0[0m[34;1m   2677112[0m[34;1m     66.90[0m[34;1m      2336[0m[34;1m    997964[0m[34;1m   8371212[0m[31;1m    209.21[0m[34;1m    585416[0m[34;1m   2739828[0m[34;22m         0[0m
14:05:31   [34;1m     88968[0m[34;22m         0[0m[34;1m   2678772[0m[34;1m     66.95[0m[34;1m      2336[0m[34;1m    994848[0m[34;1m   8375932[0m[31;1m    209.33[0m[34;1m    583004[0m[34;1m   2741020[0m[34;22m         0[0m
14:05:32   [34;1m     87392[0m[34;22m         0[0m[34;1m   2679476[0m[34;1m     66.96[0m[34;1m      2336[0m[34;1m    995720[0m[34;1m   8375932[0m[31;1m    209.33[0m[34;1m    585108[0m[34;1m   2739180[0m[34;22m         0[0m
14:05:33   [34;1m     87500[0m[34;22m         0[0m[34;1m   2679184[0m[34;1m     66.96[0m[34;1m      2332[0m[34;1m    995908[0m[34;1m   8375932[0m[31;1m    209.33[0m[34;1m    583844[0m[34;1m   2740924[0m[34;22m         0[0m
14:05:34   [34;1m     87332[0m[34;22m         0[0m[34;1m   2678648[0m[34;1m     66.94[0m[34;1m      2324[0m[34;1m    996620[0m[34;1m   8375932[0m[31;1m    209.33[0m[34;1m    588828[0m[34;1m   2736604[0m[34;22m         0[0m
14:05:35   [34;1m     87856[0m[34;22m         0[0m[34;1m   2677268[0m[34;1m     66.91[0m[34;1m      2324[0m[34;1m    997488[0m[34;1m   8371212[0m[31;1m    209.21[0m[34;1m    583812[0m[34;1m   2740628[0m[34;22m         0[0m
14:05:36   [34;1m     87048[0m[34;22m         0[0m[34;1m   2677352[0m[34;1m     66.91[0m[34;1m      2324[0m[34;1m    998212[0m[34;1m   8371212[0m[31;1m    209.21[0m[34;1m    584864[0m[34;1m   2741400[0m[34;22m         0[0m
14:05:37   [34;1m     89448[0m[34;22m         0[0m[34;1m   2676460[0m[34;1m     66.89[0m[34;1m      2324[0m[34;1m    996700[0m[34;1m   8371212[0m[31;1m    209.21[0m[34;1m    583748[0m[34;1m   2740824[0m[34;22m         0[0m
14:05:38   [34;1m     86884[0m[34;22m         0[0m[34;1m   2676928[0m[34;1m     66.90[0m[34;1m      2324[0m[34;1m    998800[0m[34;1m   8371212[0m[31;1m    209.21[0m[34;1m    591088[0m[34;1m   2735072[0m[34;22m         0[0m
14:05:39   [34;1m     87928[0m[34;22m         0[0m[34;1m   2678004[0m[34;1m     66.93[0m[34;1m      2324[0m[34;1m    996680[0m[34;1m   8371212[0m[31;1m    209.21[0m[34;1m    583052[0m[34;1m   2741236[0m[34;22m         0[0m
14:05:40   [34;1m     87300[0m[34;22m         0[0m[34;1m   2678228[0m[34;1m     66.93[0m[34;1m      2324[0m[34;1m    997088[0m[34;1m   8371212[0m[31;1m    209.21[0m[34;1m    583752[0m[34;1m   2741308[0m[34;22m         0[0m
14:05:41   [34;1m     87884[0m[34;22m         0[0m[34;1m   2677636[0m[34;1m     66.92[0m[34;1m      2276[0m[34;1m    997080[0m[34;1m   8371212[0m[31;1m    209.21[0m[34;1m    583160[0m[34;1m   2741572[0m[34;22m         0[0m
14:05:42   [34;1m     88348[0m[34;22m         0[0m[34;1m   2677280[0m[34;1m     66.91[0m[34;1m      2332[0m[34;1m    996980[0m[34;1m   8371212[0m[31;1m    209.21[0m[34;1m    584424[0m[34;1m   2740476[0m[34;22m         0[0m
14:05:43   [34;1m     87784[0m[34;22m         0[0m[34;1m   2678264[0m[34;1m     66.93[0m[34;1m      2332[0m[34;1m    996568[0m[34;1m   8371212[0m[31;1m    209.21[0m[34;1m    583448[0m[34;1m   2740932[0m[34;22m         0[0m
14:05:44   [34;1m     86948[0m[34;22m         0[0m[34;1m   2678064[0m[34;1m     66.93[0m[34;1m      2332[0m[34;1m    997604[0m[34;1m   8371212[0m[31;1m    209.21[0m[34;1m    585252[0m[34;1m   2740992[0m[34;22m         0[0m
14:05:45   [34;1m     88364[0m[34;22m         0[0m[34;1m   2677512[0m[34;1m     66.91[0m[34;1m      2332[0m[34;1m    996740[0m[34;1m   8371212[0m[31;1m    209.21[0m[34;1m    583872[0m[34;1m   2741008[0m[34;22m         0[0m
14:05:46   [34;1m     88768[0m[34;22m         0[0m[34;1m   2678120[0m[34;1m     66.93[0m[34;1m      2436[0m[34;1m    995624[0m[34;1m   8371212[0m[31;1m    209.21[0m[34;1m    584256[0m[34;1m   2739772[0m[34;22m         0[0m
14:05:47   [34;1m     87876[0m[34;22m         0[0m[34;1m   2679220[0m[34;1m     66.96[0m[34;1m      2452[0m[34;1m    995396[0m[34;1m   8371212[0m[31;1m    209.21[0m[34;1m    583360[0m[34;1m   2741456[0m[34;22m         0[0m
14:05:48   [34;1m     87232[0m[34;22m         0[0m[34;1m   2679924[0m[34;1m     66.97[0m[34;1m      2344[0m[34;1m    995460[0m[34;1m   8371212[0m[31;1m    209.21[0m[34;1m    583512[0m[34;1m   2742080[0m[34;22m         0[0m
14:05:49   [34;1m     88768[0m[34;22m         0[0m[34;1m   2679772[0m[34;1m     66.97[0m[34;1m      2332[0m[34;1m    994088[0m[34;1m   8371212[0m[31;1m    209.21[0m[34;1m    583668[0m[34;1m   2740732[0m[34;22m         0[0m
14:05:50   [34;1m     87356[0m[34;22m         0[0m[34;1m   2681620[0m[34;1m     67.02[0m[34;1m      2332[0m[34;1m    993652[0m[34;1m   8371212[0m[31;1m    209.21[0m[34;1m    583544[0m[34;1m   2741308[0m[34;22m         0[0m
14:05:51   [34;1m     88056[0m[34;22m         0[0m[34;1m   2682092[0m[34;1m     67.03[0m[34;1m      2320[0m[34;1m    992436[0m[34;1m   8375932[0m[31;1m    209.33[0m[34;1m    583588[0m[34;1m   2740936[0m[34;22m         0[0m
14:05:52   [34;1m     87076[0m[34;22m         0[0m[34;1m   2684764[0m[34;1m     67.10[0m[34;1m      2320[0m[34;1m    990740[0m[34;1m   8375932[0m[31;1m    209.33[0m[34;1m    582848[0m[34;1m   2740224[0m[34;22m         0[0m
14:05:53   [34;1m     87232[0m[34;22m         0[0m[34;1m   2683068[0m[34;1m     67.05[0m[34;1m      2320[0m[34;1m    992284[0m[34;1m   8375932[0m[31;1m    209.33[0m[34;1m    583908[0m[34;1m   2740576[0m[34;22m         0[0m
14:05:54   [34;1m     89372[0m[34;22m         0[0m[34;1m   2681864[0m[34;1m     67.02[0m[34;1m      2320[0m[34;1m    991328[0m[34;1m   8375932[0m[31;1m    209.33[0m[34;1m    582008[0m[34;1m   2741296[0m[34;22m         0[0m
14:05:55   [34;1m     89148[0m[34;22m         0[0m[34;1m   2679640[0m[34;1m     66.97[0m[34;1m      2320[0m[34;1m    993812[0m[34;1m   8371212[0m[31;1m    209.21[0m[34;1m    583240[0m[34;1m   2740960[0m[34;22m         0[0m
14:05:56   [34;1m     87936[0m[34;22m         0[0m[34;1m   2679660[0m[34;1m     66.97[0m[34;1m      2320[0m[34;1m    995004[0m[34;1m   8371212[0m[31;1m    209.21[0m[34;1m    586844[0m[34;1m   2738444[0m[34;22m         0[0m
14:05:57   [34;1m     87772[0m[34;22m         0[0m[34;1m   2681388[0m[34;1m     67.01[0m[34;1m      2308[0m[34;1m    993452[0m[34;1m   8371212[0m[31;1m    209.21[0m[34;1m    583408[0m[34;1m   2740960[0m[34;22m         0[0m
14:05:58   [34;1m     87872[0m[34;22m         0[0m[34;1m   2680600[0m[34;1m     66.99[0m[34;1m      2308[0m[34;1m    994140[0m[34;1m   8371212[0m[31;1m    209.21[0m[34;1m    586036[0m[34;1m   2738660[0m[34;22m         0[0m
14:05:59   [34;1m     87032[0m[34;22m         0[0m[34;1m   2681220[0m[34;1m     67.01[0m[34;1m      2308[0m[34;1m    994360[0m[34;1m   8371212[0m[31;1m    209.21[0m[34;1m    585196[0m[34;1m   2739424[0m[34;22m         0[0m
14:06:00   [34;1m     89364[0m[34;22m         0[0m[34;1m   2680660[0m[34;1m     66.99[0m[34;1m      2308[0m[34;1m    992588[0m[34;1m   8371212[0m[31;1m    209.21[0m[34;1m    584100[0m[34;1m   2738936[0m[34;22m         0[0m
14:06:01   [34;1m     87716[0m[34;22m         0[0m[34;1m   2680828[0m[34;1m     67.00[0m[34;1m      2308[0m[34;1m    994064[0m[34;1m   8371212[0m[31;1m    209.21[0m[34;1m    584140[0m[34;1m   2741024[0m[34;22m         0[0m
14:06:02   [34;1m     87532[0m[34;22m         0[0m[34;1m   2680216[0m[34;1m     66.98[0m[34;1m      2308[0m[34;1m    994636[0m[34;1m   8371212[0m[31;1m    209.21[0m[34;1m    586664[0m[34;1m   2738452[0m[34;22m         0[0m
14:06:03   [34;1m     89328[0m[34;22m         0[0m[34;1m   2681852[0m[34;1m     67.02[0m[34;1m      2308[0m[34;1m    991396[0m[34;1m   8371212[0m[31;1m    209.21[0m[34;1m    582980[0m[34;1m   2739120[0m[34;22m         0[0m
14:06:04   [34;1m     88324[0m[34;22m         0[0m[34;1m   2679348[0m[34;1m     66.96[0m[34;1m      2308[0m[34;1m    994904[0m[34;1m   8371212[0m[31;1m    209.21[0m[34;1m    583676[0m[34;1m   2742216[0m[34;22m         0[0m
14:06:05   [34;1m     88596[0m[34;22m         0[0m[34;1m   2679860[0m[34;1m     66.97[0m[34;1m      2308[0m[34;1m    994120[0m[34;1m   8371212[0m[31;1m    209.21[0m[34;1m    582748[0m[34;1m   2742304[0m[34;22m         0[0m
14:06:06   [34;1m     86888[0m[34;22m         0[0m[34;1m   2680864[0m[34;1m     67.00[0m[34;1m      2308[0m[34;1m    994828[0m[34;1m   8371212[0m[31;1m    209.21[0m[34;1m    586868[0m[34;1m   2738664[0m[34;22m         0[0m
14:06:07   [34;1m     87872[0m[34;22m         0[0m[34;1m   2682004[0m[34;1m     67.03[0m[34;1m      2308[0m[34;1m    992672[0m[34;1m   8371692[0m[31;1m    209.22[0m[34;1m    583344[0m[34;1m   2739904[0m[34;22m         0[0m
14:06:08   [34;1m     88612[0m[34;22m         0[0m[34;1m   2679824[0m[34;1m     66.97[0m[34;1m      2308[0m[34;1m    994116[0m[34;1m   8371212[0m[31;1m    209.21[0m[34;1m    582724[0m[34;1m   2742132[0m[34;22m         0[0m
14:06:09   [34;1m     87564[0m[34;22m         0[0m[34;1m   2681140[0m[34;1m     67.01[0m[34;1m      2320[0m[34;1m    993780[0m[34;1m   8371212[0m[31;1m    209.21[0m[34;1m    582312[0m[34;1m   2742400[0m[34;1m         4[0m
14:06:10   [34;1m     86768[0m[34;22m         0[0m[34;1m   2680976[0m[34;1m     67.00[0m[34;1m      2320[0m[34;1m    994732[0m[34;1m   8371212[0m[31;1m    209.21[0m[34;1m    583084[0m[34;1m   2742300[0m[34;22m         0[0m
14:06:11   [34;1m     86852[0m[34;22m         0[0m[34;1m   2683448[0m[34;1m     67.06[0m[34;1m      2320[0m[34;1m    992196[0m[34;1m   8375932[0m[31;1m    209.33[0m[34;1m    582192[0m[34;1m   2742316[0m[34;22m         0[0m
14:06:12   [34;1m     89124[0m[34;22m         0[0m[34;1m   2682320[0m[34;1m     67.03[0m[34;1m      2536[0m[34;1m    990852[0m[34;1m   8375932[0m[31;1m    209.33[0m[34;1m    582760[0m[34;1m   2740304[0m[34;22m         0[0m
14:06:13   [34;1m     87568[0m[34;22m         0[0m[34;1m   2682560[0m[34;1m     67.04[0m[34;1m      2320[0m[34;1m    992356[0m[34;1m   8375932[0m[31;1m    209.33[0m[34;1m    583844[0m[34;1m   2740684[0m[34;22m         0[0m
14:06:14   [34;1m     89284[0m[34;22m         0[0m[34;1m   2682088[0m[34;1m     67.03[0m[34;1m      2320[0m[34;1m    991112[0m[34;1m   8375932[0m[31;1m    209.33[0m[34;1m    583508[0m[34;1m   2739912[0m[34;22m         0[0m
14:06:15   [34;1m     88660[0m[34;22m         0[0m[34;1m   2680776[0m[34;1m     67.00[0m[34;1m      2312[0m[34;1m    993072[0m[34;1m   8371212[0m[31;1m    209.21[0m[34;1m    583692[0m[34;1m   2740460[0m[34;22m         0[0m
14:06:16   [34;1m     87316[0m[34;22m         0[0m[34;1m   2680992[0m[34;1m     67.00[0m[34;1m      2312[0m[34;1m    994164[0m[34;1m   8371212[0m[31;1m    209.21[0m[34;1m    586768[0m[34;1m   2737916[0m[34;22m         0[0m
14:06:17   [34;1m     89220[0m[34;22m         0[0m[34;1m   2679976[0m[34;1m     66.98[0m[34;1m      2308[0m[34;1m    993280[0m[34;1m   8371212[0m[31;1m    209.21[0m[34;1m    582312[0m[34;1m   2742000[0m[34;22m         0[0m
14:06:18   [34;1m     88192[0m[34;22m         0[0m[34;1m   2681264[0m[34;1m     67.01[0m[34;1m      2308[0m[34;1m    992892[0m[34;1m   8371212[0m[31;1m    209.21[0m[34;1m    583044[0m[34;1m   2741316[0m[34;22m         0[0m
14:06:19   [34;1m     87732[0m[34;22m         0[0m[34;1m   2683228[0m[34;1m     67.06[0m[34;1m      2308[0m[34;1m    991516[0m[34;1m   8442608[0m[31;1m    210.99[0m[34;1m    583012[0m[34;1m   2741220[0m[34;22m         0[0m
14:06:20   [34;1m     87164[0m[34;22m         0[0m[34;1m   2682484[0m[34;1m     67.04[0m[34;1m      2308[0m[34;1m    992828[0m[34;1m   8371212[0m[31;1m    209.21[0m[34;1m    583832[0m[34;1m   2740192[0m[34;22m         0[0m
14:06:21   [34;1m     87252[0m[34;22m         0[0m[34;1m   2682692[0m[34;1m     67.04[0m[34;1m      2308[0m[34;1m    992532[0m[34;1m   8371212[0m[31;1m    209.21[0m[34;1m    583148[0m[34;1m   2740380[0m[34;22m         0[0m
14:06:22   [34;1m     87584[0m[34;22m         0[0m[34;1m   2681160[0m[34;1m     67.01[0m[34;1m      2308[0m[34;1m    993732[0m[34;1m   8371212[0m[31;1m    209.21[0m[34;1m    582928[0m[34;1m   2741712[0m[34;22m         0[0m
14:06:23   [34;1m     86896[0m[34;22m         0[0m[34;1m   2682200[0m[34;1m     67.03[0m[34;1m      2308[0m[34;1m    993444[0m[34;1m   8371212[0m[31;1m    209.21[0m[34;1m    583016[0m[34;1m   2742128[0m[34;22m         0[0m
14:06:24   [34;1m     88208[0m[34;22m         0[0m[34;1m   2681080[0m[34;1m     67.00[0m[34;1m      2308[0m[34;1m    993188[0m[34;1m   8371212[0m[31;1m    209.21[0m[34;1m    582860[0m[34;1m   2741496[0m[34;22m         0[0m
14:06:25   [34;1m     88360[0m[34;22m         0[0m[34;1m   2680948[0m[34;1m     67.00[0m[34;1m      2312[0m[34;1m    993144[0m[34;1m   8371212[0m[31;1m    209.21[0m[34;1m    583512[0m[34;1m   2740940[0m[34;22m         0[0m
14:06:26   [34;1m     87656[0m[34;22m         0[0m[34;1m   2681600[0m[34;1m     67.02[0m[34;1m      2312[0m[34;1m    993200[0m[34;1m   8371212[0m[31;1m    209.21[0m[34;1m    583020[0m[34;1m   2740888[0m[34;22m         0[0m
14:06:27   [34;1m     87732[0m[34;22m         0[0m[34;1m   2680516[0m[34;1m     66.99[0m[34;1m      2312[0m[34;1m    994208[0m[34;1m   8371212[0m[31;1m    209.21[0m[34;1m    584208[0m[34;1m   2740860[0m[34;22m         0[0m
14:06:28   [34;1m     87928[0m[34;22m         0[0m[34;1m   2680628[0m[34;1m     66.99[0m[34;1m      2312[0m[34;1m    993836[0m[34;1m   8371212[0m[31;1m    209.21[0m[34;1m    583412[0m[34;1m   2741496[0m[34;22m         0[0m
14:06:29   [34;1m     86900[0m[34;22m         0[0m[34;1m   2681880[0m[34;1m     67.02[0m[34;1m      2312[0m[34;1m    993676[0m[34;1m   8371212[0m[31;1m    209.21[0m[34;1m    583600[0m[34;1m   2741764[0m[34;22m         0[0m
14:06:30   [34;1m     89344[0m[34;22m         0[0m[34;1m   2679924[0m[34;1m     66.97[0m[34;1m      2312[0m[34;1m    993188[0m[34;1m   8371212[0m[31;1m    209.21[0m[34;1m    583076[0m[34;1m   2741448[0m[34;22m         0[0m
14:06:31   [34;1m     88388[0m[34;22m         0[0m[34;1m   2682460[0m[34;1m     67.04[0m[34;1m      2312[0m[34;1m    991564[0m[34;1m   8375932[0m[31;1m    209.33[0m[34;1m    582860[0m[34;1m   2741448[0m[34;22m         0[0m
14:06:32   [34;1m     87812[0m[34;22m         0[0m[34;1m   2684004[0m[34;1m     67.08[0m[34;1m      2312[0m[34;1m    990600[0m[34;1m   8375932[0m[31;1m    209.33[0m[34;1m    582248[0m[34;1m   2740876[0m[34;22m         0[0m
14:06:33   [34;1m     87912[0m[34;22m         0[0m[34;1m   2682704[0m[34;1m     67.04[0m[34;1m      2312[0m[34;1m    991796[0m[34;1m   8376412[0m[31;1m    209.34[0m[34;1m    582384[0m[34;1m   2741836[0m[34;22m         0[0m
14:06:34   [34;1m     87540[0m[34;22m         0[0m[34;1m   2683064[0m[34;1m     67.05[0m[34;1m      2312[0m[34;1m    991744[0m[34;1m   8375932[0m[31;1m    209.33[0m[34;1m    582224[0m[34;1m   2742172[0m[34;22m         0[0m
14:06:35   [34;1m     89156[0m[34;22m         0[0m[34;1m   2681832[0m[34;1m     67.02[0m[34;1m      2312[0m[34;1m    991440[0m[34;1m   8371212[0m[31;1m    209.21[0m[34;1m    582952[0m[34;1m   2739232[0m[34;22m         0[0m
14:06:36   [34;1m     88340[0m[34;22m         0[0m[34;1m   2680576[0m[34;1m     66.99[0m[34;1m      2312[0m[34;1m    993512[0m[34;1m   8371212[0m[31;1m    209.21[0m[34;1m    583448[0m[34;1m   2741328[0m[34;22m         0[0m
14:06:37   [34;1m     87108[0m[34;22m         0[0m[34;1m   2680568[0m[34;1m     66.99[0m[34;1m      2312[0m[34;1m    994752[0m[34;1m   8371212[0m[31;1m    209.21[0m[34;1m    583560[0m[34;1m   2742184[0m[34;22m         0[0m
14:06:38   [34;1m     87580[0m[34;22m         0[0m[34;1m   2680020[0m[34;1m     66.98[0m[34;1m      2312[0m[34;1m    994828[0m[34;1m   8371212[0m[31;1m    209.21[0m[34;1m    582864[0m[34;1m   2742868[0m[34;22m         0[0m
14:06:39   [34;1m     86924[0m[34;22m         0[0m[34;1m   2681212[0m[34;1m     67.01[0m[34;1m      2312[0m[34;1m    994292[0m[34;1m   8371212[0m[31;1m    209.21[0m[34;1m    583228[0m[34;1m   2741848[0m[34;22m         0[0m
14:06:40   [34;1m     87084[0m[34;22m         0[0m[34;1m   2680372[0m[34;1m     66.99[0m[34;1m      2312[0m[34;1m    994972[0m[34;1m   8371212[0m[31;1m    209.21[0m[34;1m    583648[0m[34;1m   2741820[0m[34;22m         0[0m
14:06:41   [34;1m     87208[0m[34;22m         0[0m[34;1m   2680736[0m[34;1m     66.99[0m[34;1m      2312[0m[34;1m    994504[0m[34;1m   8371212[0m[31;1m    209.21[0m[34;1m    586632[0m[34;1m   2738500[0m[34;22m         0[0m
14:06:42   [34;1m     88516[0m[34;22m         0[0m[34;1m   2680808[0m[34;1m     67.00[0m[34;1m      2312[0m[34;1m    993124[0m[34;1m   8371212[0m[31;1m    209.21[0m[34;1m    585184[0m[34;1m   2738716[0m[34;22m         0[0m
14:06:43   [34;1m     88828[0m[34;22m         0[0m[34;1m   2680672[0m[34;1m     66.99[0m[34;1m      2312[0m[34;1m    992980[0m[34;1m   8371212[0m[31;1m    209.21[0m[34;1m    583212[0m[34;1m   2740836[0m[34;22m         0[0m
14:06:44   [34;1m     90244[0m[34;22m         0[0m[34;1m   2680368[0m[34;1m     66.99[0m[34;1m      2312[0m[34;1m    991864[0m[34;1m   8410056[0m[31;1m    210.18[0m[34;1m    583260[0m[34;1m   2739444[0m[34;22m         0[0m
14:06:45   [34;1m     86608[0m[34;22m         0[0m[34;1m   2680516[0m[34;1m     66.99[0m[34;1m      2312[0m[34;1m    995352[0m[34;1m   8371212[0m[31;1m    209.21[0m[34;1m    584388[0m[34;1m   2741708[0m[34;22m         0[0m
14:06:46   [34;1m     87304[0m[34;22m         0[0m[34;1m   2679964[0m[34;1m     66.98[0m[34;1m      2304[0m[34;1m    995216[0m[34;1m   8371212[0m[31;1m    209.21[0m[34;1m    584124[0m[34;1m   2742252[0m[34;22m         0[0m
14:06:47   [34;1m     88608[0m[34;22m         0[0m[34;1m   2680948[0m[34;1m     67.00[0m[34;1m      2412[0m[34;1m    992832[0m[34;1m   8371212[0m[31;1m    209.21[0m[34;1m    583324[0m[34;1m   2740956[0m[34;22m         0[0m
14:06:48   [34;1m     87544[0m[34;22m         0[0m[34;1m   2680920[0m[34;1m     67.00[0m[34;1m      2324[0m[34;1m    994016[0m[34;1m   8371212[0m[31;1m    209.21[0m[34;1m    585700[0m[34;1m   2739580[0m[34;22m         0[0m
14:06:49   [34;1m     86900[0m[34;22m         0[0m[34;1m   2682852[0m[34;1m     67.05[0m[34;1m      2324[0m[34;1m    992728[0m[34;1m   8371212[0m[31;1m    209.21[0m[34;1m    583300[0m[34;1m   2741036[0m[34;22m         0[0m
14:06:50   [34;1m     87016[0m[34;22m         0[0m[34;1m   2682092[0m[34;1m     67.03[0m[34;1m      2324[0m[34;1m    993308[0m[34;1m   8371212[0m[31;1m    209.21[0m[34;1m    583124[0m[34;1m   2742168[0m[34;22m         0[0m
14:06:51   [34;1m     89020[0m[34;22m         0[0m[34;1m   2682688[0m[34;1m     67.04[0m[34;1m      2332[0m[34;1m    990756[0m[34;1m   8375932[0m[31;1m    209.33[0m[34;1m    582728[0m[34;1m   2740860[0m[34;22m         0[0m
14:06:52   [34;1m     87068[0m[34;22m         0[0m[34;1m   2683408[0m[34;1m     67.06[0m[34;1m      2332[0m[34;1m    991988[0m[34;1m   8375932[0m[31;1m    209.33[0m[34;1m    581828[0m[34;1m   2742884[0m[34;22m         0[0m
14:06:53   [34;1m     87724[0m[34;22m         0[0m[34;1m   2682580[0m[34;1m     67.04[0m[34;1m      2332[0m[34;1m    992160[0m[34;1m   8375932[0m[31;1m    209.33[0m[34;1m    583676[0m[34;1m   2741708[0m[34;22m         0[0m
14:06:54   [34;1m     88124[0m[34;22m         0[0m[34;1m   2681752[0m[34;1m     67.02[0m[34;1m      2332[0m[34;1m    992588[0m[34;1m   8375932[0m[31;1m    209.33[0m[34;1m    582420[0m[34;1m   2743404[0m[34;22m         0[0m
14:06:55   [34;1m     87072[0m[34;22m         0[0m[34;1m   2681984[0m[34;1m     67.03[0m[34;1m      2332[0m[34;1m    993432[0m[34;1m   8371212[0m[31;1m    209.21[0m[34;1m    582324[0m[34;1m   2742612[0m[34;22m         0[0m
14:06:56   [34;1m     89300[0m[34;22m         0[0m[34;1m   2681240[0m[34;1m     67.01[0m[34;1m      2332[0m[34;1m    991936[0m[34;1m   8371212[0m[31;1m    209.21[0m[34;1m    582696[0m[34;1m   2740468[0m[34;22m         0[0m
14:06:57   [34;1m     86892[0m[34;22m         0[0m[34;1m   2683228[0m[34;1m     67.06[0m[34;1m      2320[0m[34;1m    992368[0m[34;1m   8371212[0m[31;1m    209.21[0m[34;1m    582880[0m[34;1m   2741120[0m[34;22m         0[0m
14:06:58   [34;1m     87508[0m[34;22m         0[0m[34;1m   2682500[0m[34;1m     67.04[0m[34;1m      2316[0m[34;1m    992484[0m[34;1m   8371212[0m[31;1m    209.21[0m[34;1m    582472[0m[34;1m   2740704[0m[34;22m         0[0m
14:06:59   [34;1m     89772[0m[34;22m         0[0m[34;1m   2681164[0m[34;1m     67.01[0m[34;1m      2316[0m[34;1m    991556[0m[34;1m   8371212[0m[31;1m    209.21[0m[34;1m    581452[0m[34;1m   2741376[0m[34;22m         0[0m
14:07:00   [34;1m     86756[0m[34;22m         0[0m[34;1m   2680960[0m[34;1m     67.00[0m[34;1m      2316[0m[34;1m    994776[0m[34;1m   8371212[0m[31;1m    209.21[0m[34;1m    583280[0m[34;1m   2743068[0m[34;22m         0[0m
14:07:01   [34;1m     86596[0m[34;22m         0[0m[34;1m   2679252[0m[34;1m     66.96[0m[34;1m      2316[0m[34;1m    996644[0m[34;1m   8371212[0m[31;1m    209.21[0m[34;1m    583828[0m[34;1m   2742320[0m[34;22m         0[0m
14:07:02   [34;1m     89460[0m[34;22m         0[0m[34;1m   2677924[0m[34;1m     66.92[0m[34;1m      2316[0m[34;1m    995108[0m[34;1m   8371212[0m[31;1m    209.21[0m[34;1m    583540[0m[34;1m   2741168[0m[34;22m         0[0m
14:07:03   [34;1m     88564[0m[34;22m         0[0m[34;1m   2681164[0m[34;1m     67.01[0m[34;1m      2316[0m[34;1m    992772[0m[34;1m   8371212[0m[31;1m    209.21[0m[34;1m    583328[0m[34;1m   2738976[0m[34;22m         0[0m
14:07:04   [34;1m     86900[0m[34;22m         0[0m[34;1m   2679768[0m[34;1m     66.97[0m[34;1m      2316[0m[34;1m    995832[0m[34;1m   8371212[0m[31;1m    209.21[0m[34;1m    583472[0m[34;1m   2742020[0m[34;22m         0[0m
14:07:05   [34;1m     88460[0m[34;22m         0[0m[34;1m   2679924[0m[34;1m     66.97[0m[34;1m      2316[0m[34;1m    994116[0m[34;1m   8371216[0m[31;1m    209.21[0m[34;1m    583712[0m[34;1m   2739700[0m[34;22m         0[0m
14:07:06   [34;1m     88432[0m[34;22m         0[0m[34;1m   2678756[0m[34;1m     66.95[0m[34;1m      2316[0m[34;1m    995312[0m[34;1m   8371212[0m[31;1m    209.21[0m[34;1m    584080[0m[34;1m   2741052[0m[34;22m         0[0m
14:07:07   [34;1m     87652[0m[34;22m         0[0m[34;1m   2678148[0m[34;1m     66.93[0m[34;1m      2316[0m[34;1m    996700[0m[34;1m   8371212[0m[31;1m    209.21[0m[34;1m    583768[0m[34;1m   2742156[0m[34;22m         0[0m
14:07:08   [34;1m     88328[0m[34;22m         0[0m[34;1m   2678964[0m[34;1m     66.95[0m[34;1m      2316[0m[34;1m    995208[0m[34;1m   8371212[0m[31;1m    209.21[0m[34;1m    584200[0m[34;1m   2740460[0m[34;22m         0[0m
14:07:09   [34;1m     87416[0m[34;22m         0[0m[34;1m   2678776[0m[34;1m     66.95[0m[34;1m      2316[0m[34;1m    996308[0m[34;1m   8371212[0m[31;1m    209.21[0m[34;1m    583772[0m[34;1m   2742080[0m[34;22m         0[0m
14:07:10   [34;1m     87580[0m[34;22m         0[0m[34;1m   2679120[0m[34;1m     66.95[0m[34;1m      2316[0m[34;1m    995800[0m[34;1m   8371212[0m[31;1m    209.21[0m[34;1m    583956[0m[34;1m   2741652[0m[34;22m         0[0m
14:07:11   [34;1m     87600[0m[34;22m         0[0m[34;1m   2681252[0m[34;1m     67.01[0m[34;1m      2316[0m[34;1m    993616[0m[34;1m   8375932[0m[31;1m    209.33[0m[34;1m    582324[0m[34;1m   2742544[0m[34;22m         0[0m
14:07:12   [34;1m     87448[0m[34;22m         0[0m[34;1m   2680496[0m[34;1m     66.99[0m[34;1m      2316[0m[34;1m    994524[0m[34;1m   8375932[0m[31;1m    209.33[0m[34;1m    584076[0m[34;1m   2741152[0m[34;22m         0[0m
14:07:13   [34;1m     87708[0m[34;22m         0[0m[34;1m   2681352[0m[34;1m     67.01[0m[34;1m      2316[0m[34;1m    993408[0m[34;1m   8375932[0m[31;1m    209.33[0m[34;1m    583012[0m[34;1m   2740980[0m[34;22m         0[0m
14:07:14   [34;1m     87932[0m[34;22m         0[0m[34;1m   2680448[0m[34;1m     66.99[0m[34;1m      2316[0m[34;1m    994088[0m[34;1m   8375932[0m[31;1m    209.33[0m[34;1m    583696[0m[34;1m   2741412[0m[34;22m         0[0m
14:07:15   [34;1m     87316[0m[34;22m         0[0m[34;1m   2680476[0m[34;1m     66.99[0m[34;1m      2316[0m[34;1m    994700[0m[34;1m   8371212[0m[31;1m    209.21[0m[34;1m    583972[0m[34;1m   2739992[0m[34;22m         0[0m
14:07:16   [34;1m     87656[0m[34;22m         0[0m[34;1m   2680120[0m[34;1m     66.98[0m[34;1m      2316[0m[34;1m    994588[0m[34;1m   8410184[0m[31;1m    210.18[0m[34;1m    584036[0m[34;1m   2740188[0m[34;22m         0[0m
14:07:17   [34;1m     88912[0m[34;22m         0[0m[34;1m   2680172[0m[34;1m     66.98[0m[34;1m      2316[0m[34;1m    993408[0m[34;1m   8371212[0m[31;1m    209.21[0m[34;1m    583652[0m[34;1m   2739752[0m[34;22m         0[0m
14:07:18   [34;1m     87700[0m[34;22m         0[0m[34;1m   2679464[0m[34;1m     66.96[0m[34;1m      2316[0m[34;1m    995332[0m[34;1m   8371212[0m[31;1m    209.21[0m[34;1m    586684[0m[34;1m   2737872[0m[34;22m         0[0m
14:07:19   [34;1m     87816[0m[34;22m         0[0m[34;1m   2679380[0m[34;1m     66.96[0m[34;1m      2316[0m[34;1m    995300[0m[34;1m   8371212[0m[31;1m    209.21[0m[34;1m    583944[0m[34;1m   2740992[0m[34;22m         0[0m
14:07:20   [34;1m     87904[0m[34;22m         0[0m[34;1m   2679368[0m[34;1m     66.96[0m[34;1m      2324[0m[34;1m    995216[0m[34;1m   8371212[0m[31;1m    209.21[0m[34;1m    587444[0m[34;1m   2737124[0m[34;22m         0[0m
14:07:21   [34;1m     87824[0m[34;22m         0[0m[34;1m   2680720[0m[34;1m     66.99[0m[34;1m      2324[0m[34;1m    993944[0m[34;1m   8371212[0m[31;1m    209.21[0m[34;1m    583748[0m[34;1m   2739876[0m[34;22m         0[0m
14:07:22   [34;1m     86656[0m[34;22m         0[0m[34;1m   2679612[0m[34;1m     66.97[0m[34;1m      2324[0m[34;1m    996220[0m[34;1m   8371212[0m[31;1m    209.21[0m[34;1m    584144[0m[34;1m   2741280[0m[34;22m         0[0m
14:07:23   [34;1m     90464[0m[34;22m         0[0m[34;1m   2679320[0m[34;1m     66.96[0m[34;1m      2332[0m[34;1m    992556[0m[34;1m   8371212[0m[31;1m    209.21[0m[34;1m    582304[0m[34;1m   2739336[0m[34;22m         0[0m
14:07:24   [34;1m     88132[0m[34;22m         0[0m[34;1m   2680044[0m[34;1m     66.98[0m[34;1m      2332[0m[34;1m    994300[0m[34;1m   8371212[0m[31;1m    209.21[0m[34;1m    583052[0m[34;1m   2740880[0m[34;22m         0[0m
14:07:25   [34;1m     86776[0m[34;22m         0[0m[34;1m   2679060[0m[34;1m     66.95[0m[34;1m      2332[0m[34;1m    996640[0m[34;1m   8371212[0m[31;1m    209.21[0m[34;1m    584572[0m[34;1m   2741952[0m[34;22m         0[0m
14:07:26   [34;1m     87112[0m[34;22m         0[0m[34;1m   2679288[0m[34;1m     66.96[0m[34;1m      2328[0m[34;1m    996076[0m[34;1m   8371212[0m[31;1m    209.21[0m[34;1m    584140[0m[34;1m   2741628[0m[34;22m         0[0m
14:07:27   [34;1m     86608[0m[34;22m         0[0m[34;1m   2679628[0m[34;1m     66.97[0m[34;1m      2324[0m[34;1m    996240[0m[34;1m   8371212[0m[31;1m    209.21[0m[34;1m    584760[0m[34;1m   2741112[0m[34;22m         0[0m
14:07:28   [34;1m     87500[0m[34;22m         0[0m[34;1m   2679860[0m[34;1m     66.97[0m[34;1m      2324[0m[34;1m    995116[0m[34;1m   8371212[0m[31;1m    209.21[0m[34;1m    584356[0m[34;1m   2740084[0m[34;22m         0[0m
14:07:29   [34;1m     88948[0m[34;22m         0[0m[34;1m   2679176[0m[34;1m     66.96[0m[34;1m      2324[0m[34;1m    994352[0m[34;1m   8371212[0m[31;1m    209.21[0m[34;1m    584084[0m[34;1m   2739728[0m[34;22m         0[0m
14:07:30   [34;1m     87204[0m[34;22m         0[0m[34;1m   2680380[0m[34;1m     66.99[0m[34;1m      2324[0m[34;1m    994892[0m[34;1m   8371212[0m[31;1m    209.21[0m[34;1m    583696[0m[34;1m   2741012[0m[34;22m         0[0m
14:07:31   [34;1m     87288[0m[34;22m         0[0m[34;1m   2680900[0m[34;1m     67.00[0m[34;1m      2324[0m[34;1m    994276[0m[34;1m   8375932[0m[31;1m    209.33[0m[34;1m    584444[0m[34;1m   2740592[0m[34;22m         0[0m
14:07:32   [34;1m     88324[0m[34;22m         0[0m[34;1m   2681452[0m[34;1m     67.01[0m[34;1m      2324[0m[34;1m    992624[0m[34;1m   8375932[0m[31;1m    209.33[0m[34;1m    581496[0m[34;1m   2742200[0m[34;22m         0[0m
14:07:33   [34;1m     87708[0m[34;22m         0[0m[34;1m   2681068[0m[34;1m     67.00[0m[34;1m      2324[0m[34;1m    993688[0m[34;1m   8375932[0m[31;1m    209.33[0m[34;1m    583640[0m[34;1m   2740828[0m[34;22m         0[0m
14:07:34   [34;1m     86904[0m[34;22m         0[0m[34;1m   2681448[0m[34;1m     67.01[0m[34;1m      2324[0m[34;1m    994112[0m[34;1m   8375932[0m[31;1m    209.33[0m[34;1m    583428[0m[34;1m   2741988[0m[34;22m         0[0m
14:07:35   [34;1m     88652[0m[34;22m         0[0m[34;1m   2678548[0m[34;1m     66.94[0m[34;1m      2272[0m[34;1m    995336[0m[34;1m   8371212[0m[31;1m    209.21[0m[34;1m    583760[0m[34;1m   2740916[0m[34;22m         0[0m
14:07:36   [34;1m     87324[0m[34;22m         0[0m[34;1m   2679576[0m[34;1m     66.97[0m[34;1m      2272[0m[34;1m    995636[0m[34;1m   8371212[0m[31;1m    209.21[0m[34;1m    584228[0m[34;1m   2740904[0m[34;1m         4[0m
14:07:37   [34;1m     88208[0m[34;22m         0[0m[34;1m   2679224[0m[34;1m     66.96[0m[34;1m      2268[0m[34;1m    995108[0m[34;1m   8371212[0m[31;1m    209.21[0m[34;1m    584108[0m[34;1m   2740660[0m[34;22m         0[0m
14:07:38   [34;1m     87636[0m[34;22m         0[0m[34;1m   2677484[0m[34;1m     66.91[0m[34;1m      2268[0m[34;1m    997420[0m[34;1m   8371212[0m[31;1m    209.21[0m[34;1m    584416[0m[34;1m   2742428[0m[34;22m         0[0m
14:07:39   [34;1m     86732[0m[34;22m         0[0m[34;1m   2680460[0m[34;1m     66.99[0m[34;1m      2268[0m[34;1m    995348[0m[34;1m   8371212[0m[31;1m    209.21[0m[34;1m    583984[0m[34;1m   2740864[0m[34;22m         0[0m
14:07:40   [34;1m     87340[0m[34;22m         0[0m[34;1m   2678848[0m[34;1m     66.95[0m[34;1m      2268[0m[34;1m    996320[0m[34;1m   8371212[0m[31;1m    209.21[0m[34;1m    584496[0m[34;1m   2741368[0m[34;22m         0[0m
14:07:41   [34;1m     87364[0m[34;22m         0[0m[34;1m   2680460[0m[34;1m     66.99[0m[34;1m      2268[0m[34;1m    994684[0m[34;1m   8371212[0m[31;1m    209.21[0m[34;1m    584456[0m[34;1m   2739836[0m[34;22m         0[0m
14:07:42   [34;1m     86888[0m[34;22m         0[0m[34;1m   2680096[0m[34;1m     66.98[0m[34;1m      2276[0m[34;1m    995320[0m[34;1m   8371212[0m[31;1m    209.21[0m[34;1m    584080[0m[34;1m   2740680[0m[34;22m         0[0m
14:07:43   [34;1m     87612[0m[34;22m         0[0m[34;1m   2680988[0m[34;1m     67.00[0m[34;1m      2276[0m[34;1m    993892[0m[34;1m   8371212[0m[31;1m    209.21[0m[34;1m    583688[0m[34;1m   2739616[0m[34;22m         0[0m
14:07:44   [34;1m     87772[0m[34;22m         0[0m[34;1m   2680364[0m[34;1m     66.99[0m[34;1m      2276[0m[34;1m    994360[0m[34;1m   8371212[0m[31;1m    209.21[0m[34;1m    583752[0m[34;1m   2739584[0m[34;22m         0[0m
14:07:45   [34;1m     87968[0m[34;22m         0[0m[34;1m   2678636[0m[34;1m     66.94[0m[34;1m      2276[0m[34;1m    995892[0m[34;1m   8371212[0m[31;1m    209.21[0m[34;1m    584552[0m[34;1m   2740532[0m[34;22m         0[0m
14:07:46   [34;1m     86904[0m[34;22m         0[0m[34;1m   2679652[0m[34;1m     66.97[0m[34;1m      2276[0m[34;1m    995940[0m[34;1m   8371212[0m[31;1m    209.21[0m[34;1m    583952[0m[34;1m   2740676[0m[34;22m         0[0m
14:07:47   [34;1m     86908[0m[34;22m         0[0m[34;1m   2677928[0m[34;1m     66.92[0m[34;1m      2324[0m[34;1m    997596[0m[34;1m   8411592[0m[31;1m    210.22[0m[34;1m    584472[0m[34;1m   2742712[0m[34;22m         0[0m
14:07:48   [34;1m     87408[0m[34;22m         0[0m[34;1m   2679248[0m[34;1m     66.96[0m[34;1m      2332[0m[34;1m    995784[0m[34;1m   8371212[0m[31;1m    209.21[0m[34;1m    584320[0m[34;1m   2741260[0m[34;22m         0[0m
14:07:49   [34;1m     89752[0m[34;22m         0[0m[34;1m   2678744[0m[34;1m     66.95[0m[34;1m      2300[0m[34;1m    993988[0m[34;1m   8371212[0m[31;1m    209.21[0m[34;1m    584228[0m[34;1m   2739348[0m[34;22m         0[0m
14:07:50   [34;1m     88304[0m[34;22m         0[0m[34;1m   2679760[0m[34;1m     66.97[0m[34;1m      2300[0m[34;1m    994420[0m[34;1m   8371212[0m[31;1m    209.21[0m[34;1m    582812[0m[34;1m   2740672[0m[34;22m         0[0m
14:07:51   [34;1m     86908[0m[34;22m         0[0m[34;1m   2680960[0m[34;1m     67.00[0m[34;1m      2300[0m[34;1m    994588[0m[34;1m   8375932[0m[31;1m    209.33[0m[34;1m    583792[0m[34;1m   2741496[0m[34;22m         0[0m
14:07:52   [34;1m     87256[0m[34;22m         0[0m[34;1m   2680016[0m[34;1m     66.98[0m[34;1m      2300[0m[34;1m    995184[0m[34;1m   8375932[0m[31;1m    209.33[0m[34;1m    583288[0m[34;1m   2743064[0m[34;22m         0[0m
14:07:53   [34;1m     87324[0m[34;22m         0[0m[34;1m   2680628[0m[34;1m     66.99[0m[34;1m      2304[0m[34;1m    994372[0m[34;1m   8375932[0m[31;1m    209.33[0m[34;1m    582076[0m[34;1m   2742928[0m[34;22m         0[0m
14:07:54   [34;1m     88048[0m[34;22m         0[0m[34;1m   2681468[0m[34;1m     67.01[0m[34;1m      2304[0m[34;1m    992936[0m[34;1m   8375932[0m[31;1m    209.33[0m[34;1m    583484[0m[34;1m   2740488[0m[34;22m         0[0m
14:07:55   [34;1m     87028[0m[34;22m         0[0m[34;1m   2679716[0m[34;1m     66.97[0m[34;1m      2304[0m[34;1m    995736[0m[34;1m   8371212[0m[31;1m    209.21[0m[34;1m    583168[0m[34;1m   2742100[0m[34;22m         0[0m
14:07:56   [34;1m     88212[0m[34;22m         0[0m[34;1m   2678624[0m[34;1m     66.94[0m[34;1m      2304[0m[34;1m    995644[0m[34;1m   8371212[0m[31;1m    209.21[0m[34;1m    584428[0m[34;1m   2740604[0m[34;22m         0[0m
14:07:57   [34;1m     87156[0m[34;22m         0[0m[34;1m   2677692[0m[34;1m     66.92[0m[34;1m      2288[0m[34;1m    997632[0m[34;1m   8371212[0m[31;1m    209.21[0m[34;1m    584300[0m[34;1m   2742940[0m[34;22m         0[0m
14:07:58   [34;1m     88248[0m[34;22m         0[0m[34;1m   2677948[0m[34;1m     66.93[0m[34;1m      2288[0m[34;1m    996284[0m[34;1m   8371212[0m[31;1m    209.21[0m[34;1m    584960[0m[34;1m   2741324[0m[34;22m         0[0m
14:07:59   [34;1m     87524[0m[34;22m         0[0m[34;1m   2680292[0m[34;1m     66.98[0m[34;1m      2288[0m[34;1m    994664[0m[34;1m   8371212[0m[31;1m    209.21[0m[34;1m    584600[0m[34;1m   2739492[0m[34;22m         0[0m
14:08:00   [34;1m     89104[0m[34;22m         0[0m[34;1m   2678840[0m[34;1m     66.95[0m[34;1m      2292[0m[34;1m    994528[0m[34;1m   8371212[0m[31;1m    209.21[0m[34;1m    584032[0m[34;1m   2739856[0m[34;22m         0[0m
14:08:01   [34;1m     87992[0m[34;22m         0[0m[34;1m   2679928[0m[34;1m     66.97[0m[34;1m      2292[0m[34;1m    994556[0m[34;1m   8371212[0m[31;1m    209.21[0m[34;1m    583336[0m[34;1m   2740548[0m[34;22m         0[0m
14:08:02   [34;1m     87444[0m[34;22m         0[0m[34;1m   2678324[0m[34;1m     66.93[0m[34;1m      2292[0m[34;1m    996708[0m[34;1m   8371212[0m[31;1m    209.21[0m[34;1m    584536[0m[34;1m   2741600[0m[34;22m         0[0m
14:08:03   [34;1m     87572[0m[34;22m         0[0m[34;1m   2678184[0m[34;1m     66.93[0m[34;1m      2292[0m[34;1m    996592[0m[34;1m   8371212[0m[31;1m    209.21[0m[34;1m    584476[0m[34;1m   2741892[0m[34;22m         0[0m
14:08:04   [34;1m     87248[0m[34;22m         0[0m[34;1m   2680492[0m[34;1m     66.99[0m[34;1m      2292[0m[34;1m    994736[0m[34;1m   8371212[0m[31;1m    209.21[0m[34;1m    583900[0m[34;1m   2740372[0m[34;22m         0[0m
14:08:05   [34;1m     87636[0m[34;22m         0[0m[34;1m   2679612[0m[34;1m     66.97[0m[34;1m      2300[0m[34;1m    995220[0m[34;1m   8371212[0m[31;1m    209.21[0m[34;1m    584020[0m[34;1m   2740348[0m[34;22m         0[0m
14:08:06   [34;1m     87460[0m[34;22m         0[0m[34;1m   2679456[0m[34;1m     66.96[0m[34;1m      2300[0m[34;1m    995552[0m[34;1m   8371212[0m[31;1m    209.21[0m[34;1m    582800[0m[34;1m   2741736[0m[34;22m         0[0m
14:08:07   [34;1m     88248[0m[34;22m         0[0m[34;1m   2680552[0m[34;1m     66.99[0m[34;1m      2300[0m[34;1m    993668[0m[34;1m   8371212[0m[31;1m    209.21[0m[34;1m    582972[0m[34;1m   2739664[0m[34;22m         0[0m
14:08:08   [34;1m     88204[0m[34;22m         0[0m[34;1m   2679968[0m[34;1m     66.98[0m[34;1m      2296[0m[34;1m    994108[0m[34;1m   8412108[0m[31;1m    210.23[0m[34;1m    583468[0m[34;1m   2740308[0m[34;22m         0[0m
14:08:09   [34;1m     87588[0m[34;22m         0[0m[34;1m   2679140[0m[34;1m     66.96[0m[34;1m      2296[0m[34;1m    995744[0m[34;1m   8371212[0m[31;1m    209.21[0m[34;1m    583936[0m[34;1m   2741224[0m[34;22m         0[0m
14:08:10   [34;1m     88384[0m[34;22m         0[0m[34;1m   2679240[0m[34;1m     66.96[0m[34;1m      2296[0m[34;1m    994848[0m[34;1m   8371212[0m[31;1m    209.21[0m[34;1m    582680[0m[34;1m   2741176[0m[34;22m         0[0m
14:08:11   [34;1m     87848[0m[34;22m         0[0m[34;1m   2680228[0m[34;1m     66.98[0m[34;1m      2300[0m[34;1m    994316[0m[34;1m   8375932[0m[31;1m    209.33[0m[34;1m    583448[0m[34;1m   2741916[0m[34;22m         0[0m
14:08:12   [34;1m     87640[0m[34;22m         0[0m[34;1m   2681772[0m[34;1m     67.02[0m[34;1m      2300[0m[34;1m    992984[0m[34;1m   8375932[0m[31;1m    209.33[0m[34;1m    583048[0m[34;1m   2740980[0m[34;22m         0[0m
14:08:13   [34;1m     87736[0m[34;22m         0[0m[34;1m   2680648[0m[34;1m     66.99[0m[34;1m      2300[0m[34;1m    994020[0m[34;1m   8375932[0m[31;1m    209.33[0m[34;1m    583616[0m[34;1m   2741372[0m[34;22m         0[0m
14:08:14   [34;1m     87420[0m[34;22m         0[0m[34;1m   2679440[0m[34;1m     66.96[0m[34;1m      2300[0m[34;1m    995544[0m[34;1m   8375932[0m[31;1m    209.33[0m[34;1m    587536[0m[34;1m   2738700[0m[34;22m         0[0m
14:08:15   [34;1m     87008[0m[34;22m         0[0m[34;1m   2680112[0m[34;1m     66.98[0m[34;1m      2300[0m[34;1m    995312[0m[34;1m   8371212[0m[31;1m    209.21[0m[34;1m    586648[0m[34;1m   2737928[0m[34;22m         0[0m
14:08:16   [34;1m     88368[0m[34;22m         0[0m[34;1m   2678432[0m[34;1m     66.94[0m[34;1m      2296[0m[34;1m    995636[0m[34;1m   8371212[0m[31;1m    209.21[0m[34;1m    583972[0m[34;1m   2740500[0m[34;22m         0[0m
14:08:17   [34;1m     88828[0m[34;22m         0[0m[34;1m   2679896[0m[34;1m     66.97[0m[34;1m      2296[0m[34;1m    993716[0m[34;1m   8371212[0m[31;1m    209.21[0m[34;1m    583516[0m[34;1m   2739484[0m[34;22m         0[0m
14:08:18   [34;1m     87868[0m[34;22m         0[0m[34;1m   2679740[0m[34;1m     66.97[0m[34;1m      2296[0m[34;1m    994824[0m[34;1m   8371212[0m[31;1m    209.21[0m[34;1m    583592[0m[34;1m   2740576[0m[34;22m         0[0m
14:08:19   [34;1m     90512[0m[34;22m         0[0m[34;1m   2672864[0m[34;1m     66.80[0m[34;1m      2292[0m[34;1m    998996[0m[34;1m   8371212[0m[31;1m    209.21[0m[34;1m    583716[0m[34;1m   2738396[0m[34;1m         4[0m
14:08:20   [34;1m     87984[0m[34;22m         0[0m[34;1m   2672616[0m[34;1m     66.79[0m[34;1m      2292[0m[34;1m   1001836[0m[34;1m   8371212[0m[31;1m    209.21[0m[34;1m    585164[0m[34;1m   2739244[0m[34;22m         0[0m
14:08:21   [34;1m     87800[0m[34;22m         0[0m[34;1m   2674028[0m[34;1m     66.83[0m[34;1m      2336[0m[34;1m   1000564[0m[34;1m   8371212[0m[31;1m    209.21[0m[34;1m    586268[0m[34;1m   2737336[0m[34;22m         0[0m
14:08:22   [34;1m     88816[0m[34;22m         0[0m[34;1m   2672260[0m[34;1m     66.78[0m[34;1m      2280[0m[34;1m   1001208[0m[34;1m   8371212[0m[31;1m    209.21[0m[34;1m    584612[0m[34;1m   2739652[0m[34;22m         0[0m
14:08:23   [34;1m     86716[0m[34;22m         0[0m[34;1m   2672952[0m[34;1m     66.80[0m[34;1m      2340[0m[34;1m   1002708[0m[34;1m   8371212[0m[31;1m    209.21[0m[34;1m    584336[0m[34;1m   2741300[0m[34;22m         0[0m
14:08:24   [34;1m     90568[0m[34;22m         0[0m[34;1m   2673340[0m[34;1m     66.81[0m[34;1m      2320[0m[34;1m    998488[0m[34;1m   8411592[0m[31;1m    210.22[0m[34;1m    584672[0m[34;1m   2736840[0m[34;22m         0[0m
14:08:25   [34;1m     88384[0m[34;22m         0[0m[34;1m   2673404[0m[34;1m     66.81[0m[34;1m      2320[0m[34;1m   1000604[0m[34;1m   8371212[0m[31;1m    209.21[0m[34;1m    583476[0m[34;1m   2740084[0m[34;22m         0[0m
14:08:26   [34;1m     90936[0m[34;22m         0[0m[34;1m   2672892[0m[34;1m     66.80[0m[34;1m      2320[0m[34;1m    998536[0m[34;1m   8373024[0m[31;1m    209.25[0m[34;1m    583012[0m[34;1m   2738760[0m[34;22m         0[0m
14:08:27   [34;1m     89216[0m[34;22m         0[0m[34;1m   2673784[0m[34;1m     66.82[0m[34;1m      2320[0m[34;1m    999332[0m[34;1m   8373024[0m[31;1m    209.25[0m[34;1m    584324[0m[34;1m   2738172[0m[34;22m         0[0m
14:08:28   [34;1m     88248[0m[34;22m         0[0m[34;1m   2672220[0m[34;1m     66.78[0m[34;1m      2316[0m[34;1m   1001828[0m[34;1m   8373024[0m[31;1m    209.25[0m[34;1m    587120[0m[34;1m   2737944[0m[34;22m         0[0m
14:08:29   [34;1m     89912[0m[34;22m         0[0m[34;1m   2672236[0m[34;1m     66.78[0m[34;1m      2300[0m[34;1m   1000164[0m[34;1m   8373024[0m[31;1m    209.25[0m[34;1m    583540[0m[34;1m   2740140[0m[34;22m         0[0m
14:08:30   [34;1m     88708[0m[34;22m         0[0m[34;1m   2673336[0m[34;1m     66.81[0m[34;1m      2300[0m[34;1m   1000260[0m[34;1m   8373024[0m[31;1m    209.25[0m[34;1m    583316[0m[34;1m   2740540[0m[34;22m         0[0m
14:08:31   [34;1m     89284[0m[34;22m         0[0m[34;1m   2674580[0m[34;1m     66.84[0m[34;1m      2320[0m[34;1m    998400[0m[34;1m   8377744[0m[31;1m    209.37[0m[34;1m    583312[0m[34;1m   2740176[0m[34;22m         0[0m
14:08:32   [34;1m     91600[0m[34;22m         0[0m[34;1m   2670176[0m[34;1m     66.73[0m[34;1m      2308[0m[34;1m   1000500[0m[34;1m   8377744[0m[31;1m    209.37[0m[34;1m    583564[0m[34;1m   2736772[0m[34;22m         0[0m
14:08:33   [34;1m     90888[0m[34;22m         0[0m[34;1m   2668700[0m[34;1m     66.69[0m[34;1m      2332[0m[34;1m   1002664[0m[34;1m   8377744[0m[31;1m    209.37[0m[34;1m    583976[0m[34;1m   2738972[0m[34;22m         0[0m
14:08:34   [34;1m     88116[0m[34;22m         0[0m[34;1m   2668920[0m[34;1m     66.70[0m[34;1m      2332[0m[34;1m   1005216[0m[34;1m   8377744[0m[31;1m    209.37[0m[34;1m    585488[0m[34;1m   2740008[0m[34;22m         0[0m
14:08:35   [34;1m     88092[0m[34;22m         0[0m[34;1m   2669324[0m[34;1m     66.71[0m[34;1m      2332[0m[34;1m   1004852[0m[34;1m   8373024[0m[31;1m    209.25[0m[34;1m    588332[0m[34;1m   2735024[0m[34;22m         0[0m
14:08:36   [34;1m     88060[0m[34;22m         0[0m[34;1m   2669168[0m[34;1m     66.71[0m[34;1m      2328[0m[34;1m   1005044[0m[34;1m   8373024[0m[31;1m    209.25[0m[34;1m    587420[0m[34;1m   2736476[0m[34;22m         0[0m
14:08:37   [34;1m     86968[0m[34;22m         0[0m[34;1m   2668700[0m[34;1m     66.69[0m[34;1m      2324[0m[34;1m   1006592[0m[34;1m   8373024[0m[31;1m    209.25[0m[34;1m    585924[0m[34;1m   2739372[0m[34;22m         0[0m
14:08:38   [34;1m     89584[0m[34;22m         0[0m[34;1m   2668556[0m[34;1m     66.69[0m[34;1m      2312[0m[34;1m   1004136[0m[34;1m   8373024[0m[31;1m    209.25[0m[34;1m    587628[0m[34;1m   2734912[0m[34;22m         0[0m
14:08:39   [34;1m     87612[0m[34;22m         0[0m[34;1m   2668256[0m[34;1m     66.68[0m[34;1m      2328[0m[34;1m   1006388[0m[34;1m   8373024[0m[31;1m    209.25[0m[34;1m    586924[0m[34;1m   2738004[0m[34;22m         0[0m
14:08:40   [34;1m     87600[0m[34;22m         0[0m[34;1m   2670320[0m[34;1m     66.73[0m[34;1m      2288[0m[34;1m   1004376[0m[34;1m   8373024[0m[31;1m    209.25[0m[34;1m    587276[0m[34;1m   2735940[0m[34;1m         4[0m
14:08:41   [34;1m     87644[0m[34;22m         0[0m[34;1m   2668356[0m[34;1m     66.69[0m[34;1m      2336[0m[34;1m   1006248[0m[34;1m   8373024[0m[31;1m    209.25[0m[34;1m    587520[0m[34;1m   2737424[0m[34;22m         0[0m
14:08:42   [34;1m     87372[0m[34;22m         0[0m[34;1m   2668536[0m[34;1m     66.69[0m[34;1m      2324[0m[34;1m   1006352[0m[34;1m   8373024[0m[31;1m    209.25[0m[34;1m    586948[0m[34;1m   2738408[0m[34;22m         0[0m
14:08:43   [34;1m     88608[0m[34;22m         0[0m[34;1m   2669408[0m[34;1m     66.71[0m[34;1m      2336[0m[34;1m   1004224[0m[34;1m   8373024[0m[31;1m    209.25[0m[34;1m    586572[0m[34;1m   2736108[0m[34;22m         0[0m
14:08:44   [34;1m     87392[0m[34;22m         0[0m[34;1m   2668744[0m[34;1m     66.70[0m[34;1m      2276[0m[34;1m   1006164[0m[34;1m   8373024[0m[31;1m    209.25[0m[34;1m    585772[0m[34;1m   2739320[0m[34;22m         0[0m
14:08:45   [34;1m     86592[0m[34;22m         0[0m[34;1m   2669084[0m[34;1m     66.70[0m[34;1m      2276[0m[34;1m   1006560[0m[34;1m   8373024[0m[31;1m    209.25[0m[34;1m    587940[0m[34;1m   2737432[0m[34;1m         4[0m
14:08:46   [34;1m     88968[0m[34;22m         0[0m[34;1m   2670488[0m[34;1m     66.74[0m[34;1m      2328[0m[34;1m   1002792[0m[34;1m   8373024[0m[31;1m    209.25[0m[34;1m    586232[0m[34;1m   2735276[0m[34;1m         4[0m
14:08:47   [34;1m     87120[0m[34;22m         0[0m[34;1m   2668952[0m[34;1m     66.70[0m[34;1m      2340[0m[34;1m   1006160[0m[34;1m   8373024[0m[31;1m    209.25[0m[34;1m    587900[0m[34;1m   2737544[0m[34;22m         0[0m
14:08:48   [34;1m     88872[0m[34;22m         0[0m[34;1m   2668204[0m[34;1m     66.68[0m[34;1m      2328[0m[34;1m   1005172[0m[34;1m   8373024[0m[31;1m    209.25[0m[34;1m    585424[0m[34;1m   2738612[0m[34;22m         0[0m
14:08:50   [34;1m     87252[0m[34;22m         0[0m[34;1m   2668672[0m[34;1m     66.69[0m[34;1m      2328[0m[34;1m   1006324[0m[34;1m   8373024[0m[31;1m    209.25[0m[34;1m    585820[0m[34;1m   2739024[0m[34;22m         0[0m
14:08:51   [34;1m     88984[0m[34;22m         0[0m[34;1m   2667560[0m[34;1m     66.67[0m[34;1m      2308[0m[34;1m   1005724[0m[34;1m   8373024[0m[31;1m    209.25[0m[34;1m    586372[0m[34;1m   2738448[0m[34;22m         0[0m
14:08:52   [34;1m     86972[0m[34;22m         0[0m[34;1m   2671032[0m[34;1m     66.75[0m[34;1m      2296[0m[34;1m   1004264[0m[34;1m   8377744[0m[31;1m    209.37[0m[34;1m    585512[0m[34;1m   2739452[0m[34;22m         0[0m
14:08:53   [34;1m     88604[0m[34;22m         0[0m[34;1m   2672140[0m[34;1m     66.78[0m[34;1m      2296[0m[34;1m   1001524[0m[34;1m   8377744[0m[31;1m    209.37[0m[34;1m    584384[0m[34;1m   2737880[0m[34;22m         0[0m
14:08:54   [34;1m     87304[0m[34;22m         0[0m[34;1m   2670012[0m[34;1m     66.73[0m[34;1m      2320[0m[34;1m   1004928[0m[34;1m   8377744[0m[31;1m    209.37[0m[34;1m    586896[0m[34;1m   2738468[0m[34;22m         0[0m
