[2026-04-17 21:56:11,798] aayanksinghai-Vivobook-ASUSLaptop-K3605ZF-K3605ZF/INFO/locust.main: Starting Locust 2.43.4
[2026-04-17 21:56:11,799] aayanksinghai-Vivobook-ASUSLaptop-K3605ZF-K3605ZF/INFO/locust.main: Run time limit set to 300 seconds
[2026-04-17 21:56:11,800] aayanksinghai-Vivobook-ASUSLaptop-K3605ZF-K3605ZF/INFO/locust.runners: Ramping to 1750 users at a rate of 58.00 per second
[2026-04-17 21:56:42,063] aayanksinghai-Vivobook-ASUSLaptop-K3605ZF-K3605ZF/INFO/locust.runners: All users spawned: {"BoutiqueUser": 1750} (1750 total users)
[2026-04-17 22:01:11,541] aayanksinghai-Vivobook-ASUSLaptop-K3605ZF-K3605ZF/INFO/locust.main: --run-time limit reached, shutting down
[2026-04-17 22:01:11,755] aayanksinghai-Vivobook-ASUSLaptop-K3605ZF-K3605ZF/INFO/locust.main: Shutting down (exit code 1)
Type     Name                                                                          # reqs      # fails |    Avg     Min     Max    Med |   req/s  failures/s
--------|----------------------------------------------------------------------------|-------|-------------|-------|-------|-------|-------|--------|-----------
GET      GET /                                                                           2185   121(5.54%) |   1809       4   41406     89 |    7.29        0.40
GET      GET /?currency=X                                                                1735   109(6.28%) |   2012       5   41405     91 |    5.79        0.36
GET      GET /?product_id=X                                                               193     7(3.63%) |   1205       5   30054     86 |    0.64        0.02
GET      GET /cart                                                                        853    51(5.98%) |   1919       3   41405     87 |    2.85        0.17
GET      GET /product/[id]                                                               1523    81(5.32%) |   1723       4   41379     79 |    5.08        0.27
POST     POST /cart (add)                                                                1045    65(6.22%) |   2081       9   41404    160 |    3.49        0.22
POST     POST /cart (pre-checkout add)                                                    401    14(3.49%) |   1246       9   35015    160 |    1.34        0.05
POST     POST /cart/checkout                                                              392    13(3.32%) |   1054       5   30005     43 |    1.31        0.04
POST     POST /cart/empty                                                                 422    29(6.87%) |   2277       9   41382    190 |    1.41        0.10
POST     POST /setCurrency                                                                678    44(6.49%) |   2142       7   41404    140 |    2.26        0.15
--------|----------------------------------------------------------------------------|-------|-------------|-------|-------|-------|-------|--------|-----------
         Aggregated                                                                      9427   534(5.66%) |   1850       3   41406     96 |   31.46        1.78

Response time percentiles (approximated)
Type     Name                                                                                  50%    66%    75%    80%    90%    95%    98%    99%  99.9% 99.99%   100% # reqs
--------|--------------------------------------------------------------------------------|--------|------|------|------|------|------|------|------|------|------|------|------
GET      GET /                                                                                  89    170    220    260    350  30000  30000  30000  41000  41000  41000   2185
GET      GET /?currency=X                                                                       91    170    220    260    350  30000  30000  30000  41000  41000  41000   1735
GET      GET /?product_id=X                                                                     86    170    230    250    320    450  30000  30000  30000  30000  30000    193
GET      GET /cart                                                                              87    170    230    260    340  30000  30000  30000  41000  41000  41000    853
GET      GET /product/[id]                                                                      79    160    220    250    330  30000  30000  30000  41000  41000  41000   1523
POST     POST /cart (add)                                                                      160    250    310    360    560  30000  30000  30000  41000  41000  41000   1045
POST     POST /cart (pre-checkout add)                                                         160    250    300    350    440    590  30000  30000  35000  35000  35000    401
POST     POST /cart/checkout                                                                    43     71     88     99    150    290  30000  30000  30000  30000  30000    392
POST     POST /cart/empty                                                                      190    280    330    370    500  30000  30000  30000  41000  41000  41000    422
POST     POST /setCurrency                                                                     140    240    300    340    480  30000  30000  30000  41000  41000  41000    678
--------|--------------------------------------------------------------------------------|--------|------|------|------|------|------|------|------|------|------|------|------
         Aggregated                                                                             96    190    240    280    400  30000  30000  30000  41000  41000  41000   9427

Error report
# occurrences      Error                                                                                               
------------------|---------------------------------------------------------------------------------------------------------------------------------------------
81                 GET GET /product/[id]: Unexpected status 0                                                          
109                GET GET /?currency=X: Unexpected status 0                                                           
44                 POST POST /setCurrency: setCurrency failed: 0                                                       
121                GET GET /: Unexpected status 0                                                                      
29                 POST POST /cart/empty: empty cart failed: 0                                                         
7                  GET GET /?product_id=X: Unexpected status 0                                                         
14                 POST POST /cart (pre-checkout add): ConnectionResetError(104, 'Connection reset by peer')           
65                 POST POST /cart (add): Unexpected status 0                                                          
51                 GET GET /cart: Unexpected status 0                                                                  
13                 POST POST /cart/checkout: Checkout failed: 0                                                        
------------------|---------------------------------------------------------------------------------------------------------------------------------------------

[locust] Test starting → target: http://localhost:8081
[locust] Test complete.
