Linux 6.6.95 (minikube) 	04/17/26 	_x86_64_	(4 CPU)

13:09:53    kbmemfree   kbavail kbmemused  %memused kbbuffers  kbcached  kbcommit   %commit  kbactive   kbinact   kbdirty
13:09:54   [34;1m   1311028[0m[34;1m   1650932[0m[34;1m   1059784[0m[34;1m     26.49[0m[34;1m     38188[0m[34;1m   1455644[0m[34;1m   6039704[0m[31;1m    150.94[0m[34;1m    812300[0m[34;1m   1583236[0m[34;1m       356[0m
13:09:55   [34;1m   1289272[0m[34;1m   1629276[0m[34;1m   1080780[0m[34;1m     27.01[0m[34;1m     38212[0m[34;1m   1455704[0m[34;1m   6080228[0m[31;1m    151.95[0m[34;1m    812440[0m[34;1m   1606896[0m[34;1m       432[0m
13:09:56   [34;1m   1260472[0m[34;1m   1600660[0m[34;1m   1108612[0m[34;1m     27.71[0m[34;1m     38212[0m[34;1m   1455868[0m[34;1m   6120752[0m[31;1m    152.97[0m[34;1m    812588[0m[34;1m   1629912[0m[34;1m       564[0m
13:09:57   [34;1m   1232424[0m[34;1m   1572816[0m[34;1m   1135600[0m[34;1m     28.38[0m[34;1m     38212[0m[34;1m   1456044[0m[34;1m   6161276[0m[31;1m    153.98[0m[34;1m    812720[0m[34;1m   1648584[0m[34;1m       740[0m
13:09:58   [34;1m   1208856[0m[34;1m   1549480[0m[34;1m   1158024[0m[34;1m     28.94[0m[34;1m     38212[0m[34;1m   1456228[0m[34;1m   6201800[0m[31;1m    154.99[0m[34;1m    812852[0m[34;1m   1673152[0m[34;1m       924[0m
13:09:59   [34;1m   1173224[0m[34;1m   1514136[0m[34;1m   1192340[0m[34;1m     29.80[0m[34;1m     38212[0m[34;1m   1456408[0m[34;1m   6242324[0m[31;1m    156.00[0m[34;1m    813008[0m[34;1m   1697876[0m[34;1m      1104[0m
13:10:00   [34;1m   1147144[0m[34;1m   1488300[0m[34;1m   1217028[0m[34;1m     30.42[0m[34;1m     38220[0m[34;1m   1456592[0m[34;1m   6282848[0m[31;1m    157.02[0m[34;1m    813144[0m[34;1m   1724156[0m[34;1m      1296[0m
13:10:01   [34;1m   1110296[0m[34;1m   1451816[0m[34;1m   1252136[0m[34;1m     31.29[0m[34;1m     38220[0m[34;1m   1456892[0m[34;1m   6323372[0m[31;1m    158.03[0m[34;1m    813284[0m[34;1m   1755660[0m[34;1m      1588[0m
13:10:02   [34;1m   1074428[0m[34;1m   1416236[0m[34;1m   1286084[0m[34;1m     32.14[0m[34;1m     38224[0m[34;1m   1457124[0m[34;1m   6363896[0m[31;1m    159.04[0m[34;1m    813420[0m[34;1m   1784720[0m[34;1m       176[0m
13:10:03   [34;1m   1039916[0m[34;1m   1382136[0m[34;1m   1318524[0m[34;1m     32.95[0m[34;1m     38224[0m[34;1m   1457488[0m[34;1m   6404420[0m[31;1m    160.05[0m[34;1m    813552[0m[34;1m   1813704[0m[34;1m       540[0m
13:10:04   [34;1m   1005048[0m[34;1m   1347592[0m[34;1m   1351436[0m[34;1m     33.77[0m[34;1m     38224[0m[34;1m   1457752[0m[34;1m   6444944[0m[31;1m    161.07[0m[34;1m    813684[0m[34;1m   1840488[0m[34;1m       812[0m
13:10:05   [34;1m    972496[0m[34;1m   1315484[0m[34;1m   1381864[0m[34;1m     34.53[0m[34;1m     38224[0m[34;1m   1458152[0m[34;1m   6485468[0m[31;1m    162.08[0m[34;1m    813816[0m[34;1m   1869120[0m[34;1m      1212[0m
13:10:06   [34;1m    938628[0m[34;1m   1282076[0m[34;1m   1413484[0m[34;1m     35.32[0m[34;1m     38232[0m[34;1m   1458568[0m[34;1m   6525992[0m[31;1m    163.09[0m[34;1m    813948[0m[34;1m   1897492[0m[34;1m      1692[0m
13:10:07   [34;1m    903780[0m[34;1m   1247764[0m[34;1m   1445984[0m[34;1m     36.14[0m[34;1m     38232[0m[34;1m   1459004[0m[34;1m   6566516[0m[31;1m    164.11[0m[34;1m    814088[0m[34;1m   1926428[0m[34;1m      2128[0m
13:10:08   [34;1m    869224[0m[34;1m   1213588[0m[34;1m   1478500[0m[34;1m     36.95[0m[34;1m     38232[0m[34;1m   1459364[0m[34;1m   6607040[0m[31;1m    165.12[0m[34;1m    814220[0m[34;1m   1955256[0m[34;1m      2488[0m
13:10:09   [34;1m    825688[0m[34;1m   1170712[0m[34;1m   1519168[0m[34;1m     37.97[0m[34;1m     38232[0m[34;1m   1459956[0m[34;1m   6647564[0m[31;1m    166.13[0m[34;1m    814356[0m[34;1m   1989020[0m[34;1m      3080[0m
13:10:10   [34;1m    794616[0m[34;1m   1140004[0m[34;1m   1547724[0m[34;1m     38.68[0m[34;1m     38260[0m[34;1m   1460284[0m[34;1m   6688084[0m[31;1m    167.14[0m[34;1m    814488[0m[34;1m   2016844[0m[34;1m      3656[0m
13:10:11   [34;1m    761636[0m[34;1m   1107768[0m[34;1m   1577492[0m[34;1m     39.42[0m[34;1m     38260[0m[34;1m   1460904[0m[34;1m   6733328[0m[31;1m    168.27[0m[34;1m    814632[0m[34;1m   2043960[0m[34;1m      4184[0m
13:10:12   [34;1m    726384[0m[34;1m   1072936[0m[34;1m   1610076[0m[34;1m     40.24[0m[34;1m     38260[0m[34;1m   1461288[0m[34;1m   6773852[0m[31;1m    169.29[0m[34;1m    814764[0m[34;1m   2072228[0m[34;1m      4568[0m
13:10:13   [34;1m    691876[0m[34;1m   1039224[0m[34;1m   1641464[0m[34;1m     41.02[0m[34;1m     38260[0m[34;1m   1462056[0m[34;1m   6814376[0m[31;1m    170.30[0m[34;1m    814896[0m[34;1m   2101328[0m[34;1m      5336[0m
13:10:14   [34;1m    655356[0m[34;1m   1003256[0m[34;1m   1675008[0m[34;1m     41.86[0m[34;1m     38268[0m[34;1m   1462528[0m[34;1m   6850180[0m[31;1m    171.19[0m[34;1m    815028[0m[34;1m   2127932[0m[34;1m      5816[0m
13:10:15   [34;1m    623684[0m[34;1m    972388[0m[34;1m   1703616[0m[34;1m     42.58[0m[34;1m     38276[0m[34;1m   1463272[0m[34;1m   6890704[0m[31;1m    172.21[0m[34;1m    815172[0m[34;1m   2156636[0m[34;1m      6544[0m
13:10:16   [34;1m    589912[0m[34;1m    939176[0m[34;1m   1734328[0m[34;1m     43.34[0m[34;1m     38276[0m[34;1m   1463780[0m[34;1m   6931356[0m[31;1m    173.22[0m[34;1m    815308[0m[34;1m   2183856[0m[34;1m      7052[0m
13:10:17   [34;1m    550640[0m[34;1m    900732[0m[34;1m   1770312[0m[34;1m     44.24[0m[34;1m     38276[0m[34;1m   1464508[0m[34;1m   6971880[0m[31;1m    174.24[0m[34;1m    815440[0m[34;1m   2216772[0m[34;1m       324[0m
13:10:18   [34;1m    516180[0m[34;1m    866964[0m[34;1m   1801684[0m[34;1m     45.03[0m[34;1m     38276[0m[34;1m   1465200[0m[34;1m   7012404[0m[31;1m    175.25[0m[34;1m    815572[0m[34;1m   2244520[0m[34;1m       852[0m
13:10:19   [34;1m    474620[0m[34;1m    826428[0m[34;1m   1839860[0m[34;1m     45.98[0m[34;1m     38276[0m[34;1m   1466132[0m[34;1m   7052928[0m[31;1m    176.26[0m[34;1m    815700[0m[34;1m   2278392[0m[34;1m      1784[0m
13:10:20   [34;1m    441552[0m[34;1m    793992[0m[34;1m   1869824[0m[34;1m     46.73[0m[34;1m     38284[0m[34;1m   1466740[0m[34;1m   7093452[0m[31;1m    177.27[0m[34;1m    815844[0m[34;1m   2307464[0m[34;1m      2436[0m
13:10:21   [34;1m    403636[0m[34;1m    756872[0m[34;1m   1904344[0m[34;1m     47.59[0m[34;1m     38284[0m[34;1m   1467524[0m[34;1m   7133848[0m[31;1m    178.28[0m[34;1m    815976[0m[34;1m   2338072[0m[34;1m      3220[0m
13:10:22   [34;1m    373096[0m[34;1m    727036[0m[34;1m   1931740[0m[34;1m     48.28[0m[34;1m     38284[0m[34;1m   1468188[0m[34;1m   7174500[0m[31;1m    179.30[0m[34;1m    816108[0m[34;1m   2362648[0m[34;1m      3884[0m
13:10:23   [34;1m    340424[0m[34;1m    695160[0m[34;1m   1961096[0m[34;1m     49.01[0m[34;1m     38284[0m[34;1m   1468912[0m[34;1m   7215024[0m[31;1m    180.31[0m[34;1m    816240[0m[34;1m   2388692[0m[34;1m      4608[0m
13:10:24   [34;1m    324412[0m[34;1m    680000[0m[34;1m   1975512[0m[34;1m     49.37[0m[34;1m     38284[0m[34;1m   1469748[0m[34;1m   7227304[0m[31;1m    180.62[0m[34;1m    816288[0m[34;1m   2400260[0m[34;1m      5444[0m
13:10:25   [34;1m    323180[0m[34;1m    679668[0m[34;1m   1975840[0m[34;1m     49.38[0m[34;1m     38300[0m[34;1m   1470596[0m[34;1m   7227304[0m[31;1m    180.62[0m[34;1m    816288[0m[34;1m   2401788[0m[34;1m      6292[0m
13:10:26   [34;1m    322452[0m[34;1m    679640[0m[34;1m   1975916[0m[34;1m     49.38[0m[34;1m     38300[0m[34;1m   1471264[0m[34;1m   7227304[0m[31;1m    180.62[0m[34;1m    816320[0m[34;1m   2402728[0m[34;1m      6936[0m
13:10:27   [34;1m    320000[0m[34;1m    678148[0m[34;1m   1977328[0m[34;1m     49.42[0m[34;1m     38300[0m[34;1m   1472280[0m[34;1m   7227304[0m[31;1m    180.62[0m[34;1m    816320[0m[34;1m   2400284[0m[34;1m      7952[0m
13:10:28   [34;1m    318260[0m[34;1m    677304[0m[34;1m   1978040[0m[34;1m     49.43[0m[34;1m     38308[0m[34;1m   1473120[0m[34;1m   7227304[0m[31;1m    180.62[0m[34;1m    816328[0m[34;1m   2402364[0m[34;1m      8728[0m
13:10:29   [34;1m    313532[0m[34;1m    673352[0m[34;1m   1981884[0m[34;1m     49.53[0m[34;1m     38308[0m[34;1m   1473904[0m[34;1m   7227304[0m[31;1m    180.62[0m[34;1m    816328[0m[34;1m   2406444[0m[34;1m      9512[0m
13:10:30   [34;1m    311768[0m[34;1m    672400[0m[34;1m   1982940[0m[34;1m     49.56[0m[34;1m     38308[0m[34;1m   1474708[0m[34;1m   7227304[0m[31;1m    180.62[0m[34;1m    816328[0m[34;1m   2407688[0m[34;1m     10316[0m
13:10:31   [34;1m    309808[0m[34;1m    671192[0m[34;1m   1984072[0m[34;1m     49.58[0m[34;1m     38308[0m[34;1m   1475444[0m[34;1m   7232024[0m[31;1m    180.74[0m[34;1m    816328[0m[34;1m   2410952[0m[34;1m     11052[0m
13:10:32   [34;1m    309052[0m[34;1m    671244[0m[34;1m   1983928[0m[34;1m     49.58[0m[34;1m     38308[0m[34;1m   1476340[0m[34;1m   7232024[0m[31;1m    180.74[0m[34;1m    816328[0m[34;1m   2412300[0m[34;1m     11948[0m
13:10:33   [34;1m    307820[0m[34;1m    670780[0m[34;1m   1984592[0m[34;1m     49.60[0m[34;1m     38316[0m[34;1m   1476996[0m[34;1m   7232024[0m[31;1m    180.74[0m[34;1m    816336[0m[34;1m   2413052[0m[34;1m     12604[0m
13:10:34   [34;1m    305076[0m[34;1m    668688[0m[34;1m   1986692[0m[34;1m     49.65[0m[34;1m     38316[0m[34;1m   1477676[0m[34;1m   7227304[0m[31;1m    180.62[0m[34;1m    816336[0m[34;1m   2412300[0m[34;1m     13284[0m
13:10:35   [34;1m    303872[0m[34;1m    668380[0m[34;1m   1986984[0m[34;1m     49.66[0m[34;1m     38316[0m[34;1m   1478584[0m[34;1m   7227304[0m[31;1m    180.62[0m[34;1m    816336[0m[34;1m   2413568[0m[34;1m     14192[0m
13:10:36   [34;1m    303116[0m[34;1m    668228[0m[34;1m   1987124[0m[34;1m     49.66[0m[34;1m     38324[0m[34;1m   1479192[0m[34;1m   7227304[0m[31;1m    180.62[0m[34;1m    816344[0m[34;1m   2414352[0m[34;1m     14796[0m
13:10:37   [34;1m    302612[0m[34;1m    668624[0m[34;1m   1986748[0m[34;1m     49.65[0m[34;1m     38324[0m[34;1m   1480080[0m[34;1m   7227304[0m[31;1m    180.62[0m[34;1m    816344[0m[34;1m   2415496[0m[34;22m         0[0m
13:10:38   [34;1m    301156[0m[34;1m    667988[0m[34;1m   1987436[0m[34;1m     49.67[0m[34;1m     38324[0m[34;1m   1480872[0m[34;1m   7227304[0m[31;1m    180.62[0m[34;1m    816344[0m[34;1m   2417052[0m[34;1m       728[0m
13:10:39   [34;1m    298944[0m[34;1m    666708[0m[34;1m   1988692[0m[34;1m     49.70[0m[34;1m     38324[0m[34;1m   1481836[0m[34;1m   7227304[0m[31;1m    180.62[0m[34;1m    816344[0m[34;1m   2418520[0m[34;1m      1696[0m
13:10:40   [34;1m    298244[0m[34;1m    666776[0m[34;1m   1988656[0m[34;1m     49.70[0m[34;1m     38336[0m[34;1m   1482556[0m[34;1m   7227304[0m[31;1m    180.62[0m[34;1m    816344[0m[34;1m   2419316[0m[34;1m      2424[0m
13:10:41   [34;1m    297768[0m[34;1m    667076[0m[34;1m   1988324[0m[34;1m     49.69[0m[34;1m     38336[0m[34;1m   1483368[0m[34;1m   7227304[0m[31;1m    180.62[0m[34;1m    816356[0m[34;1m   2420492[0m[34;1m      3276[0m
13:10:42   [34;1m    297516[0m[34;1m    667424[0m[34;1m   1987924[0m[34;1m     49.68[0m[34;1m     38336[0m[34;1m   1484020[0m[34;1m   7227304[0m[31;1m    180.62[0m[34;1m    816356[0m[34;1m   2421344[0m[34;1m      3928[0m
13:10:43   [34;1m    296032[0m[34;1m    666872[0m[34;1m   1988552[0m[34;1m     49.70[0m[34;1m     38336[0m[34;1m   1484876[0m[34;1m   7227304[0m[31;1m    180.62[0m[34;1m    816356[0m[34;1m   2423104[0m[34;1m      4784[0m
13:10:44   [34;1m    293036[0m[34;1m    664532[0m[34;1m   1990880[0m[34;1m     49.75[0m[34;1m     38336[0m[34;1m   1485512[0m[34;1m   7227304[0m[31;1m    180.62[0m[34;1m    816364[0m[34;1m   2423648[0m[34;1m      5420[0m
13:10:45   [34;1m    291060[0m[34;1m    663436[0m[34;1m   1992012[0m[34;1m     49.78[0m[34;1m     38340[0m[34;1m   1486408[0m[34;1m   7227304[0m[31;1m    180.62[0m[34;1m    816360[0m[34;1m   2425780[0m[34;1m      6320[0m
13:10:46   [34;1m    290080[0m[34;1m    663180[0m[34;1m   1992276[0m[34;1m     49.79[0m[34;1m     38340[0m[34;1m   1487132[0m[34;1m   7227304[0m[31;1m    180.62[0m[34;1m    816360[0m[34;1m   2426324[0m[34;1m      7044[0m
13:10:47   [34;1m    288848[0m[34;1m    662660[0m[34;1m   1992740[0m[34;1m     49.80[0m[34;1m     38340[0m[34;1m   1487892[0m[34;1m   7227304[0m[31;1m    180.62[0m[34;1m    816360[0m[34;1m   2428064[0m[34;1m      7804[0m
13:10:48   [34;1m    285348[0m[34;1m    659928[0m[34;1m   1995524[0m[34;1m     49.87[0m[34;1m     38348[0m[34;1m   1488564[0m[34;1m   7227304[0m[31;1m    180.62[0m[34;1m    816368[0m[34;1m   2427960[0m[34;1m      8472[0m
13:10:49   [34;1m    284116[0m[34;1m    659512[0m[34;1m   1995796[0m[34;1m     49.88[0m[34;1m     38348[0m[34;1m   1489436[0m[34;1m   7227304[0m[31;1m    180.62[0m[34;1m    816368[0m[34;1m   2428496[0m[34;1m      9344[0m
13:10:50   [34;1m    282856[0m[34;1m    659060[0m[34;1m   1996368[0m[34;1m     49.89[0m[34;1m     38348[0m[34;1m   1490220[0m[34;1m   7227304[0m[31;1m    180.62[0m[34;1m    816368[0m[34;1m   2430632[0m[34;1m     10128[0m
13:10:51   [34;1m    280084[0m[34;1m    656892[0m[34;1m   1998484[0m[34;1m     49.94[0m[34;1m     38348[0m[34;1m   1490820[0m[34;1m   7232024[0m[31;1m    180.74[0m[34;1m    816368[0m[34;1m   2435924[0m[34;1m     10728[0m
13:10:52   [34;1m    276556[0m[34;1m    654292[0m[34;1m   2001100[0m[34;1m     50.01[0m[34;1m     38348[0m[34;1m   1491732[0m[34;1m   7232024[0m[31;1m    180.74[0m[34;1m    816368[0m[34;1m   2439540[0m[34;1m     11640[0m
13:10:53   [34;1m    272832[0m[34;1m    651356[0m[34;1m   2004024[0m[34;1m     50.08[0m[34;1m     38352[0m[34;1m   1492548[0m[34;1m   7232024[0m[31;1m    180.74[0m[34;1m    816368[0m[34;1m   2443092[0m[34;1m     12456[0m
13:10:54   [34;1m    269836[0m[34;1m    649100[0m[34;1m   2006260[0m[34;1m     50.14[0m[34;1m     38352[0m[34;1m   1493304[0m[34;1m   7227304[0m[31;1m    180.62[0m[34;1m    816372[0m[34;1m   2442160[0m[34;1m     13212[0m
13:10:55   [34;1m    268828[0m[34;1m    648768[0m[34;1m   2006584[0m[34;1m     50.15[0m[34;1m     38360[0m[34;1m   1493976[0m[34;1m   7227304[0m[31;1m    180.62[0m[34;1m    816372[0m[34;1m   2443980[0m[34;1m     13892[0m
13:10:56   [34;1m    267848[0m[34;1m    648724[0m[34;1m   2006612[0m[34;1m     50.15[0m[34;1m     38360[0m[34;1m   1494928[0m[34;1m   7227304[0m[31;1m    180.62[0m[34;1m    816380[0m[34;1m   2445364[0m[34;1m     14832[0m
13:10:57   [34;1m    265356[0m[34;1m    646852[0m[34;1m   2008468[0m[34;1m     50.19[0m[34;1m     38360[0m[34;1m   1495564[0m[34;1m   7227304[0m[31;1m    180.62[0m[34;1m    816380[0m[34;1m   2445060[0m[34;1m     15468[0m
13:10:58   [34;1m    262612[0m[34;1m    644836[0m[34;1m   2010520[0m[34;1m     50.25[0m[34;1m     38368[0m[34;1m   1496240[0m[34;1m   7227304[0m[31;1m    180.62[0m[34;1m    816388[0m[34;1m   2448776[0m[34;1m     16140[0m
13:10:59   [34;1m    260400[0m[34;1m    643528[0m[34;1m   2011932[0m[34;1m     50.28[0m[34;1m     38368[0m[34;1m   1497008[0m[34;1m   7227304[0m[31;1m    180.62[0m[34;1m    816388[0m[34;1m   2450880[0m[34;1m     16908[0m
13:11:00   [34;1m    259672[0m[34;1m    643524[0m[34;1m   2011828[0m[34;1m     50.28[0m[34;1m     38368[0m[34;1m   1497860[0m[34;1m   7227304[0m[31;1m    180.62[0m[34;1m    816388[0m[34;1m   2452432[0m[34;1m     17760[0m
13:11:01   [34;1m    257936[0m[34;1m    642460[0m[34;1m   2012892[0m[34;1m     50.30[0m[34;1m     38368[0m[34;1m   1498516[0m[34;1m   7227304[0m[31;1m    180.62[0m[34;1m    816388[0m[34;1m   2454796[0m[34;1m     18416[0m
13:11:02   [34;1m    255444[0m[34;1m    640768[0m[34;1m   2014564[0m[34;1m     50.35[0m[34;1m     38368[0m[34;1m   1499320[0m[34;1m   7227304[0m[31;1m    180.62[0m[34;1m    816388[0m[34;1m   2457804[0m[34;1m     19220[0m
13:11:03   [34;1m    253484[0m[34;1m    639604[0m[34;1m   2015712[0m[34;1m     50.38[0m[34;1m     38376[0m[34;1m   1500128[0m[34;1m   7227304[0m[31;1m    180.62[0m[34;1m    816396[0m[34;1m   2459356[0m[34;1m     20028[0m
13:11:04   [34;1m    250516[0m[34;1m    637292[0m[34;1m   2017908[0m[34;1m     50.43[0m[34;1m     38384[0m[34;1m   1500788[0m[34;1m   7227304[0m[31;1m    180.62[0m[34;1m    816404[0m[34;1m   2460904[0m[34;1m     20684[0m
13:11:05   [34;1m    248332[0m[34;1m    635892[0m[34;1m   2019416[0m[34;1m     50.47[0m[34;1m     38384[0m[34;1m   1501580[0m[34;1m   7227304[0m[31;1m    180.62[0m[34;1m    816404[0m[34;1m   2462856[0m[34;1m     21476[0m
13:11:06   [34;1m    247352[0m[34;1m    635656[0m[34;1m   2019668[0m[34;1m     50.47[0m[34;1m     38384[0m[34;1m   1502300[0m[34;1m   7227304[0m[31;1m    180.62[0m[34;1m    816404[0m[34;1m   2464284[0m[34;1m     22196[0m
13:11:07   [34;1m    244888[0m[34;1m    634100[0m[34;1m   2021208[0m[34;1m     50.51[0m[34;1m     38384[0m[34;1m   1503244[0m[34;1m   7227304[0m[31;1m    180.62[0m[34;1m    816404[0m[34;1m   2466636[0m[34;1m     23140[0m
13:11:08   [34;1m    241640[0m[34;1m    631632[0m[34;1m   2023732[0m[34;1m     50.58[0m[34;1m     38388[0m[34;1m   1503968[0m[34;1m   7227304[0m[31;1m    180.62[0m[34;1m    816416[0m[34;1m   2467400[0m[34;1m       196[0m
13:11:09   [34;1m    235396[0m[34;1m    626192[0m[34;1m   2029144[0m[34;1m     50.71[0m[34;1m     38400[0m[34;1m   1504784[0m[34;1m   7227304[0m[31;1m    180.62[0m[34;1m    816432[0m[34;1m   2469812[0m[34;1m      1016[0m
13:11:10   [34;1m    233408[0m[34;1m    624900[0m[34;1m   2030504[0m[34;1m     50.74[0m[34;1m     38408[0m[34;1m   1505448[0m[34;1m   7227304[0m[31;1m    180.62[0m[34;1m    816436[0m[34;1m   2472044[0m[34;1m      1680[0m
13:11:11   [34;1m    232400[0m[34;1m    624660[0m[34;1m   2030512[0m[34;1m     50.75[0m[34;1m     38408[0m[34;1m   1506352[0m[34;1m   7232024[0m[31;1m    180.74[0m[34;1m    816436[0m[34;1m   2474676[0m[34;1m      2584[0m
13:11:12   [34;1m    229180[0m[34;1m    622320[0m[34;1m   2032968[0m[34;1m     50.81[0m[34;1m     38416[0m[34;1m   1507108[0m[34;1m   7232024[0m[31;1m    180.74[0m[34;1m    816444[0m[34;1m   2477792[0m[34;1m      3340[0m
13:11:13   [34;1m    227696[0m[34;1m    621604[0m[34;1m   2033732[0m[34;1m     50.83[0m[34;1m     38416[0m[34;1m   1507824[0m[34;1m   7232024[0m[31;1m    180.74[0m[34;1m    816444[0m[34;1m   2479828[0m[34;1m      3972[0m
13:11:14   [34;1m    226240[0m[34;1m    620904[0m[34;1m   2034376[0m[34;1m     50.84[0m[34;1m     38416[0m[34;1m   1508592[0m[34;1m   7227304[0m[31;1m    180.62[0m[34;1m    816444[0m[34;1m   2480052[0m[34;1m      4740[0m
13:11:15   [34;1m    225260[0m[34;1m    620716[0m[34;1m   2034572[0m[34;1m     50.85[0m[34;1m     38416[0m[34;1m   1509436[0m[34;1m   7227304[0m[31;1m    180.62[0m[34;1m    816444[0m[34;1m   2481640[0m[34;1m      5588[0m
13:11:16   [34;1m    223524[0m[34;1m    619824[0m[34;1m   2035496[0m[34;1m     50.87[0m[34;1m     38416[0m[34;1m   1510236[0m[34;1m   7227304[0m[31;1m    180.62[0m[34;1m    816444[0m[34;1m   2483920[0m[34;1m      6388[0m
13:11:17   [34;1m    220500[0m[34;1m    617464[0m[34;1m   2037860[0m[34;1m     50.93[0m[34;1m     38420[0m[34;1m   1510920[0m[34;1m   7227304[0m[31;1m    180.62[0m[34;1m    816448[0m[34;1m   2483776[0m[34;1m      7096[0m
13:11:18   [34;1m    218540[0m[34;1m    616296[0m[34;1m   2039004[0m[34;1m     50.96[0m[34;1m     38424[0m[34;1m   1511744[0m[34;1m   7227304[0m[31;1m    180.62[0m[34;1m    816452[0m[34;1m   2486756[0m[34;1m      7924[0m
13:11:19   [34;1m    214788[0m[34;1m    613324[0m[34;1m   2041956[0m[34;1m     51.03[0m[34;1m     38424[0m[34;1m   1512484[0m[34;1m   7227304[0m[31;1m    180.62[0m[34;1m    816448[0m[34;1m   2488904[0m[34;1m      8664[0m
13:11:20   [34;1m    213528[0m[34;1m    612816[0m[34;1m   2042532[0m[34;1m     51.05[0m[34;1m     38424[0m[34;1m   1513232[0m[34;1m   7227304[0m[31;1m    180.62[0m[34;1m    816452[0m[34;1m   2490436[0m[34;1m      9412[0m
13:11:21   [34;1m    210588[0m[34;1m    610776[0m[34;1m   2044540[0m[34;1m     51.10[0m[34;1m     38424[0m[34;1m   1514172[0m[34;1m   7227304[0m[31;1m    180.62[0m[34;1m    816452[0m[34;1m   2492940[0m[34;1m     10352[0m
13:11:22   [34;1m    208096[0m[34;1m    608900[0m[34;1m   2046472[0m[34;1m     51.14[0m[34;1m     38424[0m[34;1m   1514732[0m[34;1m   7227304[0m[31;1m    180.62[0m[34;1m    816452[0m[34;1m   2495700[0m[34;1m     10912[0m
13:11:23   [34;1m    205576[0m[34;1m    607216[0m[34;1m   2048080[0m[34;1m     51.18[0m[34;1m     38432[0m[34;1m   1515636[0m[34;1m   7227304[0m[31;1m    180.62[0m[34;1m    816460[0m[34;1m   2498128[0m[34;1m     11820[0m
13:11:24   [34;1m    203308[0m[34;1m    605700[0m[34;1m   2049596[0m[34;1m     51.22[0m[34;1m     38432[0m[34;1m   1516324[0m[34;1m   7227304[0m[31;1m    180.62[0m[34;1m    816460[0m[34;1m   2499000[0m[34;1m     12508[0m
13:11:25   [34;1m    202552[0m[34;1m    605764[0m[34;1m   2049624[0m[34;1m     51.22[0m[34;1m     38440[0m[34;1m   1517136[0m[34;1m   7227304[0m[31;1m    180.62[0m[34;1m    816468[0m[34;1m   2499784[0m[34;1m     13320[0m
13:11:26   [34;1m    201320[0m[34;1m    605448[0m[34;1m   2049932[0m[34;1m     51.23[0m[34;1m     38448[0m[34;1m   1518048[0m[34;1m   7227304[0m[31;1m    180.62[0m[34;1m    816476[0m[34;1m   2501424[0m[34;1m     14224[0m
13:11:27   [34;1m    200060[0m[34;1m    604956[0m[34;1m   2050440[0m[34;1m     51.24[0m[34;1m     38448[0m[34;1m   1518796[0m[34;1m   7227304[0m[31;1m    180.62[0m[34;1m    816476[0m[34;1m   2502156[0m[34;1m     14972[0m
13:11:28   [34;1m    198100[0m[34;1m    603796[0m[34;1m   2051492[0m[34;1m     51.27[0m[34;1m     38448[0m[34;1m   1519660[0m[34;1m   7227304[0m[31;1m    180.62[0m[34;1m    816476[0m[34;1m   2503884[0m[34;1m     15836[0m
13:11:29   [34;1m    212496[0m[34;1m    618864[0m[34;1m   2036476[0m[34;1m     50.89[0m[34;1m     38448[0m[34;1m   1520272[0m[34;1m   7227304[0m[31;1m    180.62[0m[34;1m    816476[0m[34;1m   2504640[0m[34;1m     16448[0m
13:11:30   [34;1m    211740[0m[34;1m    619056[0m[34;1m   2036280[0m[34;1m     50.89[0m[34;1m     38448[0m[34;1m   1521216[0m[34;1m   7227304[0m[31;1m    180.62[0m[34;1m    816476[0m[34;1m   2505308[0m[34;1m     17392[0m
13:11:31   [34;1m    209220[0m[34;1m    617324[0m[34;1m   2038004[0m[34;1m     50.93[0m[34;1m     38456[0m[34;1m   1521972[0m[34;1m   7232024[0m[31;1m    180.74[0m[34;1m    816476[0m[34;1m   2508056[0m[34;1m     18156[0m
13:11:32   [34;1m    207736[0m[34;1m    616576[0m[34;1m   2038632[0m[34;1m     50.95[0m[34;1m     38456[0m[34;1m   1522828[0m[34;1m   7232024[0m[31;1m    180.74[0m[34;1m    816484[0m[34;1m   2508604[0m[34;1m     19004[0m
13:11:33   [34;1m    207008[0m[34;1m    616632[0m[34;1m   2038676[0m[34;1m     50.95[0m[34;1m     38456[0m[34;1m   1523512[0m[34;1m   7232024[0m[31;1m    180.74[0m[34;1m    816484[0m[34;1m   2509144[0m[34;1m     19688[0m
13:11:34   [34;1m    206532[0m[34;1m    617204[0m[34;1m   2038100[0m[34;1m     50.93[0m[34;1m     38464[0m[34;1m   1524576[0m[34;1m   7227304[0m[31;1m    180.62[0m[34;1m    816496[0m[34;1m   2508228[0m[34;1m       600[0m
13:11:35   [34;1m    294480[0m[34;1m    608060[0m[34;1m   2047244[0m[34;1m     51.16[0m[34;1m     38464[0m[34;1m   1427484[0m[34;1m   7227304[0m[31;1m    180.62[0m[34;1m    816492[0m[34;1m   2411392[0m[34;1m       416[0m
13:11:36   [34;1m    293724[0m[34;1m    608252[0m[34;1m   2047012[0m[34;1m     51.16[0m[34;1m     38464[0m[34;1m   1428464[0m[34;1m   7227304[0m[31;1m    180.62[0m[34;1m    816492[0m[34;1m   2412488[0m[34;1m      1396[0m
13:11:37   [34;1m    292772[0m[34;1m    607952[0m[34;1m   2047312[0m[34;1m     51.16[0m[34;1m     38464[0m[34;1m   1429116[0m[34;1m   7227304[0m[31;1m    180.62[0m[34;1m    816492[0m[34;1m   2413280[0m[34;1m      2044[0m
13:11:38   [34;1m    291036[0m[34;1m    607028[0m[34;1m   2048260[0m[34;1m     51.19[0m[34;1m     38464[0m[34;1m   1429908[0m[34;1m   7227304[0m[31;1m    180.62[0m[34;1m    816492[0m[34;1m   2411268[0m[34;1m      2832[0m
13:11:39   [34;1m    290028[0m[34;1m    606932[0m[34;1m   2048424[0m[34;1m     51.19[0m[34;1m     38480[0m[34;1m   1430752[0m[34;1m   7267684[0m[31;1m    181.63[0m[34;1m    816508[0m[34;1m   2412000[0m[34;1m      3692[0m
13:11:40   [34;1m    289552[0m[34;1m    607172[0m[34;1m   2048160[0m[34;1m     51.19[0m[34;1m     38480[0m[34;1m   1431508[0m[34;1m   7227304[0m[31;1m    180.62[0m[34;1m    816508[0m[34;1m   2413976[0m[34;1m      4448[0m
13:11:41   [34;1m    288796[0m[34;1m    606940[0m[34;1m   2048400[0m[34;1m     51.19[0m[34;1m     38480[0m[34;1m   1432024[0m[34;1m   7227624[0m[31;1m    180.63[0m[34;1m    816508[0m[34;1m   2415528[0m[34;1m      4964[0m
13:11:42   [34;1m    288292[0m[34;1m    607412[0m[34;1m   2047944[0m[34;1m     51.18[0m[34;1m     38488[0m[34;1m   1432992[0m[34;1m   7227624[0m[31;1m    180.63[0m[34;1m    816516[0m[34;1m   2415656[0m[34;1m      5928[0m
13:11:43   [34;1m    287800[0m[34;1m    607604[0m[34;1m   2047696[0m[34;1m     51.17[0m[34;1m     38488[0m[34;1m   1433724[0m[34;1m   7227624[0m[31;1m    180.63[0m[34;1m    816516[0m[34;1m   2416712[0m[34;1m      6660[0m
13:11:44   [34;1m    287296[0m[34;1m    608052[0m[34;1m   2047184[0m[34;1m     51.16[0m[34;1m     38488[0m[34;1m   1434732[0m[34;1m   7227624[0m[31;1m    180.63[0m[34;1m    816516[0m[34;1m   2417868[0m[34;1m      7668[0m
13:11:45   [34;1m    287072[0m[34;1m    608444[0m[34;1m   2046880[0m[34;1m     51.15[0m[34;1m     38488[0m[34;1m   1435272[0m[34;1m   7227624[0m[31;1m    180.63[0m[34;1m    816516[0m[34;1m   2419856[0m[34;1m      8208[0m
13:11:46   [34;1m    286596[0m[34;1m    608764[0m[34;1m   2046548[0m[34;1m     51.15[0m[34;1m     38488[0m[34;1m   1436080[0m[34;1m   7227624[0m[31;1m    180.63[0m[34;1m    816516[0m[34;1m   2417328[0m[34;1m      9016[0m
13:11:47   [34;1m    285840[0m[34;1m    609028[0m[34;1m   2046364[0m[34;1m     51.14[0m[34;1m     38496[0m[34;1m   1437016[0m[34;1m   7227624[0m[31;1m    180.63[0m[34;1m    816524[0m[34;1m   2419108[0m[34;1m      9952[0m
13:11:48   [34;1m    285112[0m[34;1m    608864[0m[34;1m   2046444[0m[34;1m     51.14[0m[34;1m     38500[0m[34;1m   1437660[0m[34;1m   7227624[0m[31;1m    180.63[0m[34;1m    816524[0m[34;1m   2421068[0m[34;1m     10592[0m
13:11:49   [34;1m    284384[0m[34;1m    609000[0m[34;1m   2046372[0m[34;1m     51.14[0m[34;1m     38500[0m[34;1m   1438452[0m[34;1m   7227624[0m[31;1m    180.63[0m[34;1m    816528[0m[34;1m   2422436[0m[34;1m     11384[0m
13:11:50   [34;1m    284132[0m[34;1m    609548[0m[34;1m   2045844[0m[34;1m     51.13[0m[34;1m     38500[0m[34;1m   1439248[0m[34;1m   7227624[0m[31;1m    180.63[0m[34;1m    816528[0m[34;1m   2423592[0m[34;1m     12180[0m
13:11:51   [34;1m    283152[0m[34;1m    609416[0m[34;1m   2045900[0m[34;1m     51.13[0m[34;1m     38500[0m[34;1m   1440164[0m[34;1m   7232344[0m[31;1m    180.75[0m[34;1m    816528[0m[34;1m   2426344[0m[34;1m     13096[0m
13:11:52   [34;1m    282648[0m[34;1m    609512[0m[34;1m   2045752[0m[34;1m     51.13[0m[34;1m     38500[0m[34;1m   1440808[0m[34;1m   7232344[0m[31;1m    180.75[0m[34;1m    816528[0m[34;1m   2426752[0m[34;1m     13740[0m
13:11:53   [34;1m    279372[0m[34;1m    607180[0m[34;1m   2048012[0m[34;1m     51.18[0m[34;1m     38504[0m[34;1m   1441668[0m[34;1m   7232344[0m[31;1m    180.75[0m[34;1m    816528[0m[34;1m   2427760[0m[34;1m     14600[0m
13:11:54   [34;1m    278684[0m[34;1m    607104[0m[34;1m   2048180[0m[34;1m     51.19[0m[34;1m     38504[0m[34;1m   1442280[0m[34;1m   7227624[0m[31;1m    180.63[0m[34;1m    816532[0m[34;1m   2426636[0m[34;1m     15212[0m
13:11:55   [34;1m    277956[0m[34;1m    607380[0m[34;1m   2047904[0m[34;1m     51.18[0m[34;1m     38512[0m[34;1m   1443292[0m[34;1m   7227624[0m[31;1m    180.63[0m[34;1m    816532[0m[34;1m   2427792[0m[34;1m     16220[0m
13:11:56   [34;1m    277228[0m[34;1m    607540[0m[34;1m   2047780[0m[34;1m     51.18[0m[34;1m     38520[0m[34;1m   1444136[0m[34;1m   7227624[0m[31;1m    180.63[0m[34;1m    816540[0m[34;1m   2428792[0m[34;1m     17068[0m
13:11:57   [34;1m    276976[0m[34;1m    608004[0m[34;1m   2047252[0m[34;1m     51.16[0m[34;1m     38520[0m[34;1m   1444916[0m[34;1m   7227624[0m[31;1m    180.63[0m[34;1m    816548[0m[34;1m   2429588[0m[34;1m     17840[0m
13:11:58   [34;1m    275772[0m[34;1m    607408[0m[34;1m   2047864[0m[34;1m     51.18[0m[34;1m     38520[0m[34;1m   1445484[0m[34;1m   7227624[0m[31;1m    180.63[0m[34;1m    816548[0m[34;1m   2428068[0m[34;1m     18408[0m
13:11:59   [34;1m    274260[0m[34;1m    606944[0m[34;1m   2048340[0m[34;1m     51.19[0m[34;1m     38520[0m[34;1m   1446532[0m[34;1m   7227624[0m[31;1m    180.63[0m[34;1m    816548[0m[34;1m   2428968[0m[34;1m     19456[0m
13:12:00   [34;1m    273000[0m[34;1m    606204[0m[34;1m   2049084[0m[34;1m     51.21[0m[34;1m     38520[0m[34;1m   1447056[0m[34;1m   7227624[0m[31;1m    180.63[0m[34;1m    816548[0m[34;1m   2430084[0m[34;1m     19980[0m
13:12:01   [34;1m    271264[0m[34;1m    605364[0m[34;1m   2049888[0m[34;1m     51.23[0m[34;1m     38528[0m[34;1m   1447976[0m[34;1m   7227624[0m[31;1m    180.63[0m[34;1m    816548[0m[34;1m   2431948[0m[34;1m     20900[0m
13:12:02   [34;1m    270032[0m[34;1m    604964[0m[34;1m   2050344[0m[34;1m     51.24[0m[34;1m     38536[0m[34;1m   1448748[0m[34;1m   7227624[0m[31;1m    180.63[0m[34;1m    816564[0m[34;1m   2432856[0m[34;1m     21668[0m
13:12:03   [34;1m    269556[0m[34;1m    605444[0m[34;1m   2049860[0m[34;1m     51.23[0m[34;1m     38536[0m[34;1m   1449708[0m[34;1m   7227624[0m[31;1m    180.63[0m[34;1m    816564[0m[34;1m   2433952[0m[34;1m     22628[0m
13:12:04   [34;1m    268800[0m[34;1m    605412[0m[34;1m   2049876[0m[34;1m     51.23[0m[34;1m     38536[0m[34;1m   1450448[0m[34;1m   7227624[0m[31;1m    180.63[0m[34;1m    816564[0m[34;1m   2434880[0m[34;22m         0[0m
13:12:05   [34;1m    267824[0m[34;1m    605264[0m[34;1m   2049952[0m[34;1m     51.23[0m[34;1m     38536[0m[34;1m   1451320[0m[34;1m   7227624[0m[31;1m    180.63[0m[34;1m    816564[0m[34;1m   2435920[0m[34;1m       784[0m
13:12:06   [34;1m    267068[0m[34;1m    605268[0m[34;1m   2049980[0m[34;1m     51.23[0m[34;1m     38536[0m[34;1m   1452052[0m[34;1m   7227624[0m[31;1m    180.63[0m[34;1m    816564[0m[34;1m   2436860[0m[34;1m      1520[0m
13:12:07   [34;1m    266092[0m[34;1m    605032[0m[34;1m   2050244[0m[34;1m     51.24[0m[34;1m     38544[0m[34;1m   1452764[0m[34;1m   7227624[0m[31;1m    180.63[0m[34;1m    816572[0m[34;1m   2437648[0m[34;1m      2272[0m
13:12:08   [34;1m    264608[0m[34;1m    604508[0m[34;1m   2050748[0m[34;1m     51.25[0m[34;1m     38552[0m[34;1m   1453728[0m[34;1m   7227624[0m[31;1m    180.63[0m[34;1m    816572[0m[34;1m   2438524[0m[34;1m      3240[0m
13:12:09   [34;1m    263880[0m[34;1m    604420[0m[34;1m   2050872[0m[34;1m     51.25[0m[34;1m     38552[0m[34;1m   1454340[0m[34;1m   7227624[0m[31;1m    180.63[0m[34;1m    816580[0m[34;1m   2439348[0m[34;1m      3856[0m
13:12:10   [34;1m    261640[0m[34;1m    603000[0m[34;1m   2052236[0m[34;1m     51.29[0m[34;1m     38560[0m[34;1m   1455192[0m[34;1m   7227624[0m[31;1m    180.63[0m[34;1m    816580[0m[34;1m   2439804[0m[34;1m      4712[0m
13:12:11   [34;1m    260884[0m[34;1m    603068[0m[34;1m   2052116[0m[34;1m     51.28[0m[34;1m     38560[0m[34;1m   1456048[0m[34;1m   7232344[0m[31;1m    180.75[0m[34;1m    816588[0m[34;1m   2442092[0m[34;1m      5560[0m
13:12:12   [34;1m    260380[0m[34;1m    603392[0m[34;1m   2051864[0m[34;1m     51.28[0m[34;1m     38560[0m[34;1m   1456812[0m[34;1m   7232344[0m[31;1m    180.75[0m[34;1m    816588[0m[34;1m   2443128[0m[34;1m      6324[0m
13:12:13   [34;1m    259400[0m[34;1m    603188[0m[34;1m   2052096[0m[34;1m     51.28[0m[34;1m     38560[0m[34;1m   1457564[0m[34;1m   7232344[0m[31;1m    180.75[0m[34;1m    816588[0m[34;1m   2444072[0m[34;1m      7076[0m
13:12:14   [34;1m    258392[0m[34;1m    603032[0m[34;1m   2052160[0m[34;1m     51.29[0m[34;1m     38560[0m[34;1m   1458504[0m[34;1m   7227624[0m[31;1m    180.63[0m[34;1m    816588[0m[34;1m   2442636[0m[34;1m      8016[0m
13:12:15   [34;1m    257888[0m[34;1m    603264[0m[34;1m   2051924[0m[34;1m     51.28[0m[34;1m     38568[0m[34;1m   1459228[0m[34;1m   7227624[0m[31;1m    180.63[0m[34;1m    816588[0m[34;1m   2443588[0m[34;1m      8744[0m
13:12:16   [34;1m    257636[0m[34;1m    603924[0m[34;1m   2051324[0m[34;1m     51.27[0m[34;1m     38576[0m[34;1m   1460064[0m[34;1m   7227624[0m[31;1m    180.63[0m[34;1m    816596[0m[34;1m   2442120[0m[34;1m      9588[0m
13:12:17   [34;1m    256936[0m[34;1m    603960[0m[34;1m   2051204[0m[34;1m     51.26[0m[34;1m     38576[0m[34;1m   1460900[0m[34;1m   7227624[0m[31;1m    180.63[0m[34;1m    816604[0m[34;1m   2442688[0m[34;1m     10412[0m
13:12:18   [34;1m    256712[0m[34;1m    604572[0m[34;1m   2050688[0m[34;1m     51.25[0m[34;1m     38576[0m[34;1m   1461628[0m[34;1m   7227624[0m[31;1m    180.63[0m[34;1m    816604[0m[34;1m   2444020[0m[34;1m     11140[0m
13:12:19   [34;1m    255984[0m[34;1m    604780[0m[34;1m   2050592[0m[34;1m     51.25[0m[34;1m     38576[0m[34;1m   1462452[0m[34;1m   7227624[0m[31;1m    180.63[0m[34;1m    816604[0m[34;1m   2445288[0m[34;1m     11964[0m
13:12:20   [34;1m    253744[0m[34;1m    603144[0m[34;1m   2052080[0m[34;1m     51.28[0m[34;1m     38576[0m[34;1m   1463220[0m[34;1m   7227624[0m[31;1m    180.63[0m[34;1m    816604[0m[34;1m   2446440[0m[34;1m     12732[0m
13:12:21   [34;1m    252036[0m[34;1m    602196[0m[34;1m   2053028[0m[34;1m     51.31[0m[34;1m     38584[0m[34;1m   1463972[0m[34;1m   7227624[0m[31;1m    180.63[0m[34;1m    816604[0m[34;1m   2448720[0m[34;1m     13484[0m
13:12:22   [34;1m    251308[0m[34;1m    602220[0m[34;1m   2052956[0m[34;1m     51.31[0m[34;1m     38592[0m[34;1m   1464764[0m[34;1m   7227624[0m[31;1m    180.63[0m[34;1m    816612[0m[34;1m   2448404[0m[34;1m     14268[0m
13:12:23   [34;1m    250328[0m[34;1m    601976[0m[34;1m   2053288[0m[34;1m     51.31[0m[34;1m     38592[0m[34;1m   1465412[0m[34;1m   7227624[0m[31;1m    180.63[0m[34;1m    816620[0m[34;1m   2449292[0m[34;1m     14916[0m
13:12:24   [34;1m    249824[0m[34;1m    602260[0m[34;1m   2053016[0m[34;1m     51.31[0m[34;1m     38592[0m[34;1m   1466188[0m[34;1m   7227624[0m[31;1m    180.63[0m[34;1m    816620[0m[34;1m   2450400[0m[34;1m     15692[0m
13:12:25   [34;1m    248368[0m[34;1m    601528[0m[34;1m   2053704[0m[34;1m     51.32[0m[34;1m     38592[0m[34;1m   1466968[0m[34;1m   7227624[0m[31;1m    180.63[0m[34;1m    816620[0m[34;1m   2448812[0m[34;1m     16472[0m
13:12:26   [34;1m    246884[0m[34;1m    600860[0m[34;1m   2054332[0m[34;1m     51.34[0m[34;1m     38600[0m[34;1m   1467780[0m[34;1m   7227624[0m[31;1m    180.63[0m[34;1m    816628[0m[34;1m   2450644[0m[34;1m     17276[0m
13:12:27   [34;1m    245904[0m[34;1m    600712[0m[34;1m   2054532[0m[34;1m     51.35[0m[34;1m     38600[0m[34;1m   1468556[0m[34;1m   7227624[0m[31;1m    180.63[0m[34;1m    816628[0m[34;1m   2451528[0m[34;1m     18052[0m
13:12:28   [34;1m    244420[0m[34;1m    600124[0m[34;1m   2055096[0m[34;1m     51.36[0m[34;1m     38600[0m[34;1m   1469460[0m[34;1m   7227624[0m[31;1m    180.63[0m[34;1m    816628[0m[34;1m   2453476[0m[34;1m     18956[0m
13:12:29   [34;1m    242180[0m[34;1m    598588[0m[34;1m   2056800[0m[34;1m     51.40[0m[34;1m     38600[0m[34;1m   1470000[0m[34;1m   7227624[0m[31;1m    180.63[0m[34;1m    816628[0m[34;1m   2455796[0m[34;1m     19496[0m
13:12:30   [34;1m    240696[0m[34;1m    597996[0m[34;1m   2057224[0m[34;1m     51.41[0m[34;1m     38608[0m[34;1m   1471052[0m[34;1m   7227624[0m[31;1m    180.63[0m[34;1m    816636[0m[34;1m   2455212[0m[34;1m     20544[0m
13:12:31   [34;1m    238204[0m[34;1m    596132[0m[34;1m   2059096[0m[34;1m     51.46[0m[34;1m     38608[0m[34;1m   1471648[0m[34;1m   7232344[0m[31;1m    180.75[0m[34;1m    816636[0m[34;1m   2459124[0m[34;1m     21140[0m
13:12:32   [34;1m    237196[0m[34;1m    596068[0m[34;1m   2059072[0m[34;1m     51.46[0m[34;1m     38608[0m[34;1m   1472672[0m[34;1m   7232344[0m[31;1m    180.75[0m[34;1m    816636[0m[34;1m   2462644[0m[34;1m     22164[0m
13:12:33   [34;1m    234944[0m[34;1m    594432[0m[34;1m   2060748[0m[34;1m     51.50[0m[34;1m     38608[0m[34;1m   1473240[0m[34;1m   7232344[0m[31;1m    180.75[0m[34;1m    816636[0m[34;1m   2464052[0m[34;1m     22732[0m
13:12:34   [34;1m    233768[0m[34;1m    594076[0m[34;1m   2061108[0m[34;1m     51.51[0m[34;1m     38608[0m[34;1m   1474080[0m[34;1m   7227624[0m[31;1m    180.63[0m[34;1m    816636[0m[34;1m   2463680[0m[34;1m     23572[0m
13:12:35   [34;1m    232508[0m[34;1m    593592[0m[34;1m   2061588[0m[34;1m     51.52[0m[34;1m     38616[0m[34;1m   1474852[0m[34;1m   7227624[0m[31;1m    180.63[0m[34;1m    816636[0m[34;1m   2465552[0m[34;1m       320[0m
13:12:36   [34;1m    231752[0m[34;1m    593688[0m[34;1m   2061532[0m[34;1m     51.52[0m[34;1m     38616[0m[34;1m   1475664[0m[34;1m   7227624[0m[31;1m    180.63[0m[34;1m    816644[0m[34;1m   2467212[0m[34;1m      1068[0m
13:12:37   [34;1m    230492[0m[34;1m    593072[0m[34;1m   2062280[0m[34;1m     51.54[0m[34;1m     38624[0m[34;1m   1476172[0m[34;1m   7227624[0m[31;1m    180.63[0m[34;1m    816652[0m[34;1m   2468736[0m[34;1m      1572[0m
13:12:38   [34;1m    227244[0m[34;1m    590684[0m[34;1m   2064588[0m[34;1m     51.60[0m[34;1m     38624[0m[34;1m   1477128[0m[34;1m   7227624[0m[31;1m    180.63[0m[34;1m    816652[0m[34;1m   2472548[0m[34;1m      2528[0m
13:12:39   [34;1m    225480[0m[34;1m    589396[0m[34;1m   2065784[0m[34;1m     51.63[0m[34;1m     38624[0m[34;1m   1477700[0m[34;1m   7227624[0m[31;1m    180.63[0m[34;1m    816652[0m[34;1m   2471856[0m[34;1m      3100[0m
13:12:40   [34;1m    222988[0m[34;1m    587820[0m[34;1m   2067400[0m[34;1m     51.67[0m[34;1m     38632[0m[34;1m   1478552[0m[34;1m   7227624[0m[31;1m    180.63[0m[34;1m    816656[0m[34;1m   2473588[0m[34;1m      3992[0m
13:12:41   [34;1m    222260[0m[34;1m    587696[0m[34;1m   2067492[0m[34;1m     51.67[0m[34;1m     38632[0m[34;1m   1479192[0m[34;1m   7227624[0m[31;1m    180.63[0m[34;1m    816660[0m[34;1m   2474572[0m[34;1m      4552[0m
13:12:42   [34;1m    222036[0m[34;1m    588556[0m[34;1m   2066696[0m[34;1m     51.65[0m[34;1m     38632[0m[34;1m   1480216[0m[34;1m   7227624[0m[31;1m    180.63[0m[34;1m    816660[0m[34;1m   2475548[0m[34;1m      5580[0m
13:12:43   [34;1m    221308[0m[34;1m    588480[0m[34;1m   2066712[0m[34;1m     51.65[0m[34;1m     38632[0m[34;1m   1480924[0m[34;1m   7227624[0m[31;1m    180.63[0m[34;1m    816660[0m[34;1m   2476004[0m[34;1m      6288[0m
13:12:44   [34;1m    220808[0m[34;1m    588852[0m[34;1m   2066352[0m[34;1m     51.64[0m[34;1m     38632[0m[34;1m   1481788[0m[34;1m   7227624[0m[31;1m    180.63[0m[34;1m    816660[0m[34;1m   2476912[0m[34;1m      7152[0m
13:12:45   [34;1m    218064[0m[34;1m    586732[0m[34;1m   2068480[0m[34;1m     51.69[0m[34;1m     38640[0m[34;1m   1482396[0m[34;1m   7227624[0m[31;1m    180.63[0m[34;1m    816660[0m[34;1m   2477628[0m[34;1m      7768[0m
13:12:46   [34;1m    217840[0m[34;1m    587364[0m[34;1m   2067696[0m[34;1m     51.67[0m[34;1m     38640[0m[34;1m   1483396[0m[34;1m   7227624[0m[31;1m    180.63[0m[34;1m    816668[0m[34;1m   2477596[0m[34;1m      8760[0m
13:12:47   [34;1m    217140[0m[34;1m    587528[0m[34;1m   2067620[0m[34;1m     51.67[0m[34;1m     38648[0m[34;1m   1484160[0m[34;1m   7227624[0m[31;1m    180.63[0m[34;1m    816676[0m[34;1m   2478276[0m[34;1m      9524[0m
13:12:48   [34;1m    216636[0m[34;1m    587968[0m[34;1m   2067224[0m[34;1m     51.66[0m[34;1m     38648[0m[34;1m   1485052[0m[34;1m   7227624[0m[31;1m    180.63[0m[34;1m    816676[0m[34;1m   2480000[0m[34;1m     10416[0m
13:12:49   [34;1m    216160[0m[34;1m    588132[0m[34;1m   2067060[0m[34;1m     51.66[0m[34;1m     38648[0m[34;1m   1485692[0m[34;1m   7227624[0m[31;1m    180.63[0m[34;1m    816676[0m[34;1m   2480972[0m[34;1m     11056[0m
13:12:50   [34;1m    213892[0m[34;1m    586804[0m[34;1m   2068448[0m[34;1m     51.69[0m[34;1m     38648[0m[34;1m   1486596[0m[34;1m   7227624[0m[31;1m    180.63[0m[34;1m    816676[0m[34;1m   2482396[0m[34;1m     11960[0m
13:12:51   [34;1m    212156[0m[34;1m    585676[0m[34;1m   2069536[0m[34;1m     51.72[0m[34;1m     38648[0m[34;1m   1487256[0m[34;1m   7232344[0m[31;1m    180.75[0m[34;1m    816676[0m[34;1m   2484272[0m[34;1m     12620[0m
13:12:52   [34;1m    211680[0m[34;1m    586324[0m[34;1m   2068912[0m[34;1m     51.70[0m[34;1m     38664[0m[34;1m   1488332[0m[34;1m   7232344[0m[31;1m    180.75[0m[34;1m    816692[0m[34;1m   2485564[0m[34;1m     13692[0m
13:12:53   [34;1m    210420[0m[34;1m    585648[0m[34;1m   2069508[0m[34;1m     51.72[0m[34;1m     38664[0m[34;1m   1489000[0m[34;1m   7232344[0m[31;1m    180.75[0m[34;1m    816692[0m[34;1m   2486192[0m[34;1m     14360[0m
13:12:54   [34;1m    209692[0m[34;1m    585672[0m[34;1m   2069560[0m[34;1m     51.72[0m[34;1m     38664[0m[34;1m   1489696[0m[34;1m   7227624[0m[31;1m    180.63[0m[34;1m    816692[0m[34;1m   2485492[0m[34;1m     15056[0m
13:12:55   [34;1m    208208[0m[34;1m    585072[0m[34;1m   2070144[0m[34;1m     51.74[0m[34;1m     38664[0m[34;1m   1490596[0m[34;1m   7227624[0m[31;1m    180.63[0m[34;1m    816692[0m[34;1m   2486380[0m[34;1m     15956[0m
13:12:56   [34;1m    207704[0m[34;1m    585224[0m[34;1m   2070004[0m[34;1m     51.73[0m[34;1m     38664[0m[34;1m   1491228[0m[34;1m   7227624[0m[31;1m    180.63[0m[34;1m    816692[0m[34;1m   2486420[0m[34;1m     16588[0m
13:12:57   [34;1m    207452[0m[34;1m    585868[0m[34;1m   2069416[0m[34;1m     51.72[0m[34;1m     38668[0m[34;1m   1492076[0m[34;1m   7227624[0m[31;1m    180.63[0m[34;1m    816696[0m[34;1m   2487824[0m[34;1m     17428[0m
13:12:58   [34;1m    206724[0m[34;1m    585880[0m[34;1m   2069400[0m[34;1m     51.72[0m[34;1m     38668[0m[34;1m   1492832[0m[34;1m   7227624[0m[31;1m    180.63[0m[34;1m    816696[0m[34;1m   2486048[0m[34;1m     18176[0m
13:12:59   [34;1m    206472[0m[34;1m    586392[0m[34;1m   2068844[0m[34;1m     51.70[0m[34;1m     38668[0m[34;1m   1493644[0m[34;1m   7227624[0m[31;1m    180.63[0m[34;1m    816696[0m[34;1m   2487820[0m[34;1m     18988[0m
13:13:00   [34;1m    202720[0m[34;1m    583384[0m[34;1m   2071876[0m[34;1m     51.78[0m[34;1m     38668[0m[34;1m   1494356[0m[34;1m   7227624[0m[31;1m    180.63[0m[34;1m    816696[0m[34;1m   2488948[0m[34;1m     19700[0m
13:13:01   [34;1m    201992[0m[34;1m    583332[0m[34;1m   2071900[0m[34;1m     51.78[0m[34;1m     38668[0m[34;1m   1495052[0m[34;1m   7227624[0m[31;1m    180.63[0m[34;1m    816696[0m[34;1m   2489780[0m[34;1m      3948[0m
13:13:02   [34;1m    201516[0m[34;1m    583760[0m[34;1m   2071456[0m[34;1m     51.77[0m[34;1m     38676[0m[34;1m   1495964[0m[34;1m   7227624[0m[31;1m    180.63[0m[34;1m    816704[0m[34;1m   2491496[0m[34;1m      4916[0m
13:13:03   [34;1m    201292[0m[34;1m    584308[0m[34;1m   2070932[0m[34;1m     51.76[0m[34;1m     38676[0m[34;1m   1496712[0m[34;1m   7227624[0m[31;1m    180.63[0m[34;1m    816704[0m[34;1m   2492160[0m[34;1m      5664[0m
13:13:04   [34;1m    200536[0m[34;1m    584332[0m[34;1m   2071060[0m[34;1m     51.76[0m[34;1m     38684[0m[34;1m   1497320[0m[34;1m   7227624[0m[31;1m    180.63[0m[34;1m    816704[0m[34;1m   2493048[0m[34;1m      6272[0m
13:13:05   [34;1m    199304[0m[34;1m    584020[0m[34;1m   2071260[0m[34;1m     51.76[0m[34;1m     38684[0m[34;1m   1498372[0m[34;1m   7227624[0m[31;1m    180.63[0m[34;1m    816712[0m[34;1m   2494020[0m[34;1m      7324[0m
13:13:06   [34;1m    198576[0m[34;1m    583840[0m[34;1m   2071432[0m[34;1m     51.77[0m[34;1m     38688[0m[34;1m   1498920[0m[34;1m   7227624[0m[31;1m    180.63[0m[34;1m    816716[0m[34;1m   2494720[0m[34;1m       260[0m
13:13:07   [34;1m    198324[0m[34;1m    584472[0m[34;1m   2070704[0m[34;1m     51.75[0m[34;1m     38688[0m[34;1m   1499900[0m[34;1m   7227624[0m[31;1m    180.63[0m[34;1m    816716[0m[34;1m   2495664[0m[34;1m      1224[0m
13:13:08   [34;1m    196644[0m[34;1m    583636[0m[34;1m   2071624[0m[34;1m     51.77[0m[34;1m     38688[0m[34;1m   1500668[0m[34;1m   7227624[0m[31;1m    180.63[0m[34;1m    816716[0m[34;1m   2496972[0m[34;1m      1992[0m
13:13:09   [34;1m    193368[0m[34;1m    580936[0m[34;1m   2074332[0m[34;1m     51.84[0m[34;1m     38696[0m[34;1m   1501228[0m[34;1m   7227624[0m[31;1m    180.63[0m[34;1m    816724[0m[34;1m   2496704[0m[34;1m      2556[0m
13:13:10   [34;1m    190596[0m[34;1m    579188[0m[34;1m   2076116[0m[34;1m     51.88[0m[34;1m     38704[0m[34;1m   1502208[0m[34;1m   7227624[0m[31;1m    180.63[0m[34;1m    816732[0m[34;1m   2497428[0m[34;1m      3532[0m
13:13:11   [34;1m    189840[0m[34;1m    579032[0m[34;1m   2076144[0m[34;1m     51.89[0m[34;1m     38704[0m[34;1m   1502872[0m[34;1m   7232344[0m[31;1m    180.75[0m[34;1m    816732[0m[34;1m   2499788[0m[34;1m      4196[0m
13:13:12   [34;1m    188888[0m[34;1m    578992[0m[34;1m   2076240[0m[34;1m     51.89[0m[34;1m     38704[0m[34;1m   1503728[0m[34;1m   7232344[0m[31;1m    180.75[0m[34;1m    816732[0m[34;1m   2500932[0m[34;1m      5052[0m
13:13:13   [34;1m    187908[0m[34;1m    578828[0m[34;1m   2076356[0m[34;1m     51.89[0m[34;1m     38704[0m[34;1m   1504604[0m[34;1m   7232344[0m[31;1m    180.75[0m[34;1m    816732[0m[34;1m   2501844[0m[34;1m      5856[0m
13:13:14   [34;1m    205340[0m[34;1m    596960[0m[34;1m   2058208[0m[34;1m     51.44[0m[34;1m     38704[0m[34;1m   1505332[0m[34;1m   7227624[0m[31;1m    180.63[0m[34;1m    816732[0m[34;1m   2501004[0m[34;1m      6584[0m
13:13:15   [34;1m    202612[0m[34;1m    595024[0m[34;1m   2060144[0m[34;1m     51.49[0m[34;1m     38712[0m[34;1m   1506128[0m[34;1m   7227624[0m[31;1m    180.63[0m[34;1m    816732[0m[34;1m   2501812[0m[34;1m      7380[0m
13:13:16   [34;1m    202136[0m[34;1m    595440[0m[34;1m   2059732[0m[34;1m     51.48[0m[34;1m     38720[0m[34;1m   1507012[0m[34;1m   7227624[0m[31;1m    180.63[0m[34;1m    816748[0m[34;1m   2501860[0m[34;1m      8260[0m
13:13:17   [34;1m    201912[0m[34;1m    595792[0m[34;1m   2059392[0m[34;1m     51.47[0m[34;1m     38720[0m[34;1m   1507576[0m[34;1m   7227624[0m[31;1m    180.63[0m[34;1m    816748[0m[34;1m   2500968[0m[34;1m      8824[0m
13:13:18   [34;1m    201408[0m[34;1m    596288[0m[34;1m   2058968[0m[34;1m     51.46[0m[34;1m     38720[0m[34;1m   1508492[0m[34;1m   7227624[0m[31;1m    180.63[0m[34;1m    816748[0m[34;1m   2501940[0m[34;1m      9740[0m
13:13:19   [34;1m    201152[0m[34;1m    596692[0m[34;1m   2058452[0m[34;1m     51.44[0m[34;1m     38720[0m[34;1m   1509268[0m[34;1m   7227624[0m[31;1m    180.63[0m[34;1m    816748[0m[34;1m   2502912[0m[34;1m     10516[0m
13:13:20   [34;1m    199668[0m[34;1m    596076[0m[34;1m   2059076[0m[34;1m     51.46[0m[34;1m     38720[0m[34;1m   1510120[0m[34;1m   7227624[0m[31;1m    180.63[0m[34;1m    816748[0m[34;1m   2504224[0m[34;1m     11364[0m
13:13:21   [34;1m    199192[0m[34;1m    596484[0m[34;1m   2058672[0m[34;1m     51.45[0m[34;1m     38728[0m[34;1m   1510984[0m[34;1m   7227624[0m[31;1m    180.63[0m[34;1m    816756[0m[34;1m   2505556[0m[34;1m     12228[0m
13:13:22   [34;1m    198688[0m[34;1m    596764[0m[34;1m   2058380[0m[34;1m     51.44[0m[34;1m     38736[0m[34;1m   1511788[0m[34;1m   7227624[0m[31;1m    180.63[0m[34;1m    816756[0m[34;1m   2506424[0m[34;1m     13040[0m
13:13:23   [34;1m    198464[0m[34;1m    597388[0m[34;1m   2057764[0m[34;1m     51.43[0m[34;1m     38736[0m[34;1m   1512624[0m[34;1m   7227624[0m[31;1m    180.63[0m[34;1m    816764[0m[34;1m   2507360[0m[34;1m     13864[0m
13:13:24   [34;1m    197484[0m[34;1m    597084[0m[34;1m   2058116[0m[34;1m     51.43[0m[34;1m     38736[0m[34;1m   1513252[0m[34;1m   7227624[0m[31;1m    180.63[0m[34;1m    816764[0m[34;1m   2505408[0m[34;1m     14492[0m
13:13:25   [34;1m    196028[0m[34;1m    596428[0m[34;1m   2058780[0m[34;1m     51.45[0m[34;1m     38736[0m[34;1m   1514064[0m[34;1m   7227624[0m[31;1m    180.63[0m[34;1m    816764[0m[34;1m   2506968[0m[34;1m     15304[0m
13:13:26   [34;1m    195048[0m[34;1m    596232[0m[34;1m   2059008[0m[34;1m     51.46[0m[34;1m     38736[0m[34;1m   1514816[0m[34;1m   7227624[0m[31;1m    180.63[0m[34;1m    816764[0m[34;1m   2508060[0m[34;1m     16056[0m
13:13:27   [34;1m    193536[0m[34;1m    595600[0m[34;1m   2059612[0m[34;1m     51.47[0m[34;1m     38740[0m[34;1m   1515716[0m[34;1m   7227624[0m[31;1m    180.63[0m[34;1m    816768[0m[34;1m   2509900[0m[34;1m     16956[0m
13:13:28   [34;1m    191548[0m[34;1m    594508[0m[34;1m   2060864[0m[34;1m     51.50[0m[34;1m     38748[0m[34;1m   1516448[0m[34;1m   7227624[0m[31;1m    180.63[0m[34;1m    816776[0m[34;1m   2511072[0m[34;1m     17684[0m
13:13:29   [34;1m    189784[0m[34;1m    593532[0m[34;1m   2061684[0m[34;1m     51.52[0m[34;1m     38748[0m[34;1m   1517328[0m[34;1m   7227624[0m[31;1m    180.63[0m[34;1m    816776[0m[34;1m   2513316[0m[34;1m     18560[0m
13:13:30   [34;1m    187040[0m[34;1m    591388[0m[34;1m   2063824[0m[34;1m     51.58[0m[34;1m     38748[0m[34;1m   1517964[0m[34;1m   7227624[0m[31;1m    180.63[0m[34;1m    816776[0m[34;1m   2513240[0m[34;1m     19196[0m
13:13:31   [34;1m    185052[0m[34;1m    590360[0m[34;1m   2064804[0m[34;1m     51.60[0m[34;1m     38748[0m[34;1m   1518940[0m[34;1m   7232344[0m[31;1m    180.75[0m[34;1m    816776[0m[34;1m   2515800[0m[34;1m     20172[0m
13:13:32   [34;1m    184548[0m[34;1m    590672[0m[34;1m   2064508[0m[34;1m     51.59[0m[34;1m     38760[0m[34;1m   1519728[0m[34;1m   7232344[0m[31;1m    180.75[0m[34;1m    816796[0m[34;1m   2516732[0m[34;1m      4560[0m
13:13:33   [34;1m    184044[0m[34;1m    590832[0m[34;1m   2064380[0m[34;1m     51.59[0m[34;1m     38760[0m[34;1m   1520344[0m[34;1m   7232344[0m[31;1m    180.75[0m[34;1m    816796[0m[34;1m   2517228[0m[34;1m      5180[0m
13:13:34   [34;1m    182812[0m[34;1m    590544[0m[34;1m   2064620[0m[34;1m     51.60[0m[34;1m     38760[0m[34;1m   1521328[0m[34;1m   7227624[0m[31;1m    180.63[0m[34;1m    816796[0m[34;1m   2516628[0m[34;1m      6164[0m
13:13:35   [34;1m    182560[0m[34;1m    591080[0m[34;1m   2064204[0m[34;1m     51.59[0m[34;1m     38760[0m[34;1m   1522000[0m[34;1m   7227624[0m[31;1m    180.63[0m[34;1m    816796[0m[34;1m   2517656[0m[34;1m      6836[0m
13:13:36   [34;1m    182084[0m[34;1m    591244[0m[34;1m   2063932[0m[34;1m     51.58[0m[34;1m     38760[0m[34;1m   1522748[0m[34;1m   7227624[0m[31;1m    180.63[0m[34;1m    816796[0m[34;1m   2518464[0m[34;1m      7584[0m
13:13:37   [34;1m    181356[0m[34;1m    591068[0m[34;1m   2064004[0m[34;1m     51.58[0m[34;1m     38768[0m[34;1m   1523396[0m[34;1m   7227624[0m[31;1m    180.63[0m[34;1m    816796[0m[34;1m   2519184[0m[34;1m       484[0m
13:13:38   [34;1m    180432[0m[34;1m    590844[0m[34;1m   2064296[0m[34;1m     51.59[0m[34;1m     38776[0m[34;1m   1524016[0m[34;1m   7227624[0m[31;1m    180.63[0m[34;1m    816804[0m[34;1m   2520280[0m[34;1m      1108[0m
13:13:39   [34;1m    268564[0m[34;1m    582512[0m[34;1m   2072596[0m[34;1m     51.80[0m[34;1m     38776[0m[34;1m   1427584[0m[34;1m   7227624[0m[31;1m    180.63[0m[34;1m    816808[0m[34;1m   2423060[0m[34;1m       128[0m
13:13:40   [34;1m    268184[0m[34;1m    582872[0m[34;1m   2072272[0m[34;1m     51.79[0m[34;1m     38776[0m[34;1m   1428288[0m[34;1m   7227624[0m[31;1m    180.63[0m[34;1m    816812[0m[34;1m   2423988[0m[34;1m       940[0m
13:13:41   [34;1m    267932[0m[34;1m    583300[0m[34;1m   2071812[0m[34;1m     51.78[0m[34;1m     38776[0m[34;1m   1428992[0m[34;1m   7227624[0m[31;1m    180.63[0m[34;1m    816812[0m[34;1m   2424332[0m[34;1m      1644[0m
13:13:42   [34;1m    267204[0m[34;1m    583408[0m[34;1m   2071712[0m[34;1m     51.77[0m[34;1m     38776[0m[34;1m   1429816[0m[34;1m   7227624[0m[31;1m    180.63[0m[34;1m    816812[0m[34;1m   2425460[0m[34;1m      2376[0m
13:13:43   [34;1m    266952[0m[34;1m    584020[0m[34;1m   2071224[0m[34;1m     51.76[0m[34;1m     38784[0m[34;1m   1430544[0m[34;1m   7227624[0m[31;1m    180.63[0m[34;1m    816812[0m[34;1m   2425760[0m[34;1m      3120[0m
13:13:44   [34;1m    266448[0m[34;1m    584076[0m[34;1m   2071032[0m[34;1m     51.76[0m[34;1m     38784[0m[34;1m   1431244[0m[34;1m   7227624[0m[31;1m    180.63[0m[34;1m    816820[0m[34;1m   2426444[0m[34;1m      3820[0m
13:13:45   [34;1m    265944[0m[34;1m    584440[0m[34;1m   2070672[0m[34;1m     51.75[0m[34;1m     38784[0m[34;1m   1432120[0m[34;1m   7227624[0m[31;1m    180.63[0m[34;1m    816820[0m[34;1m   2427380[0m[34;1m      4696[0m
13:13:46   [34;1m    265692[0m[34;1m    584956[0m[34;1m   2070172[0m[34;1m     51.74[0m[34;1m     38792[0m[34;1m   1432860[0m[34;1m   7227624[0m[31;1m    180.63[0m[34;1m    816820[0m[34;1m   2426780[0m[34;1m      5444[0m
13:13:47   [34;1m    265468[0m[34;1m    585620[0m[34;1m   2069512[0m[34;1m     51.72[0m[34;1m     38792[0m[34;1m   1433748[0m[34;1m   7227624[0m[31;1m    180.63[0m[34;1m    816828[0m[34;1m   2424936[0m[34;1m      6320[0m
13:13:48   [34;1m    264992[0m[34;1m    585936[0m[34;1m   2069236[0m[34;1m     51.71[0m[34;1m     38792[0m[34;1m   1434492[0m[34;1m   7227624[0m[31;1m    180.63[0m[34;1m    816828[0m[34;1m   2425860[0m[34;1m      7064[0m
13:13:49   [34;1m    264992[0m[34;1m    586556[0m[34;1m   2068592[0m[34;1m     51.70[0m[34;1m     38792[0m[34;1m   1435140[0m[34;1m   7227624[0m[31;1m    180.63[0m[34;1m    816828[0m[34;1m   2427460[0m[34;1m      7712[0m
13:13:50   [34;1m    264992[0m[34;1m    587296[0m[34;1m   2067816[0m[34;1m     51.68[0m[34;1m     38792[0m[34;1m   1435920[0m[34;1m   7227624[0m[31;1m    180.63[0m[34;1m    816828[0m[34;1m   2428464[0m[34;1m      8492[0m
13:13:51   [34;1m    264544[0m[34;1m    587620[0m[34;1m   2067516[0m[34;1m     51.67[0m[34;1m     38800[0m[34;1m   1436632[0m[34;1m   7232344[0m[31;1m    180.75[0m[34;1m    816836[0m[34;1m   2431408[0m[34;1m      9196[0m
13:13:52   [34;1m    264320[0m[34;1m    588108[0m[34;1m   2066984[0m[34;1m     51.66[0m[34;1m     38800[0m[34;1m   1437404[0m[34;1m   7232344[0m[31;1m    180.75[0m[34;1m    816836[0m[34;1m   2432284[0m[34;1m      9968[0m
13:13:53   [34;1m    264320[0m[34;1m    588956[0m[34;1m   2066080[0m[34;1m     51.63[0m[34;1m     38800[0m[34;1m   1438300[0m[34;1m   7232344[0m[31;1m    180.75[0m[34;1m    816836[0m[34;1m   2433244[0m[34;1m     10864[0m
13:13:54   [34;1m    263592[0m[34;1m    588884[0m[34;1m   2066216[0m[34;1m     51.64[0m[34;1m     38800[0m[34;1m   1438896[0m[34;1m   7227624[0m[31;1m    180.63[0m[34;1m    816836[0m[34;1m   2432596[0m[34;1m     11460[0m
13:13:55   [34;1m    263340[0m[34;1m    589520[0m[34;1m   2065576[0m[34;1m     51.62[0m[34;1m     38800[0m[34;1m   1439788[0m[34;1m   7227624[0m[31;1m    180.63[0m[34;1m    816836[0m[34;1m   2429124[0m[34;1m     12352[0m
13:13:56   [34;1m    263340[0m[34;1m    590400[0m[34;1m   2064716[0m[34;1m     51.60[0m[34;1m     38812[0m[34;1m   1440636[0m[34;1m   7227624[0m[31;1m    180.63[0m[34;1m    816848[0m[34;1m   2430496[0m[34;1m     13200[0m
13:13:57   [34;1m    262640[0m[34;1m    590500[0m[34;1m   2064852[0m[34;1m     51.60[0m[34;1m     38812[0m[34;1m   1441208[0m[34;1m   7227624[0m[31;1m    180.63[0m[34;1m    816848[0m[34;1m   2433412[0m[34;1m     13768[0m
13:13:58   [34;1m    262164[0m[34;1m    590884[0m[34;1m   2064256[0m[34;1m     51.59[0m[34;1m     38812[0m[34;1m   1442272[0m[34;1m   7227624[0m[31;1m    180.63[0m[34;1m    816848[0m[34;1m   2435240[0m[34;1m     14832[0m
13:13:59   [34;1m    260232[0m[34;1m    589544[0m[34;1m   2065488[0m[34;1m     51.62[0m[34;1m     38812[0m[34;1m   1442992[0m[34;1m   7227624[0m[31;1m    180.63[0m[34;1m    816848[0m[34;1m   2436360[0m[34;1m     15548[0m
13:14:00   [34;1m    259504[0m[34;1m    589768[0m[34;1m   2065392[0m[34;1m     51.62[0m[34;1m     38820[0m[34;1m   1443800[0m[34;1m   7227624[0m[31;1m    180.63[0m[34;1m    816856[0m[34;1m   2438004[0m[34;1m     16352[0m
13:14:01   [34;1m    258804[0m[34;1m    589768[0m[34;1m   2065396[0m[34;1m     51.62[0m[34;1m     38820[0m[34;1m   1444496[0m[34;1m   7227624[0m[31;1m    180.63[0m[34;1m    816856[0m[34;1m   2439024[0m[34;1m     17048[0m
13:14:02   [34;1m    258072[0m[34;1m    590044[0m[34;1m   2065140[0m[34;1m     51.61[0m[34;1m     38820[0m[34;1m   1445484[0m[34;1m   7227624[0m[31;1m    180.63[0m[34;1m    816856[0m[34;1m   2440344[0m[34;1m      1584[0m
13:14:03   [34;1m    257848[0m[34;1m    590600[0m[34;1m   2064552[0m[34;1m     51.60[0m[34;1m     38820[0m[34;1m   1446296[0m[34;1m   7227624[0m[31;1m    180.63[0m[34;1m    816856[0m[34;1m   2437084[0m[34;1m      2372[0m
13:14:04   [34;1m    257344[0m[34;1m    590972[0m[34;1m   2064208[0m[34;1m     51.59[0m[34;1m     38820[0m[34;1m   1447144[0m[34;1m   7227624[0m[31;1m    180.63[0m[34;1m    816856[0m[34;1m   2438344[0m[34;1m      3220[0m
13:14:05   [34;1m    253060[0m[34;1m    587164[0m[34;1m   2068000[0m[34;1m     51.68[0m[34;1m     38828[0m[34;1m   1447628[0m[34;1m   7227624[0m[31;1m    180.63[0m[34;1m    816856[0m[34;1m   2441692[0m[34;1m      3712[0m
13:14:06   [34;1m    252556[0m[34;1m    587572[0m[34;1m   2067564[0m[34;1m     51.67[0m[34;1m     38828[0m[34;1m   1448568[0m[34;1m   7227624[0m[31;1m    180.63[0m[34;1m    816864[0m[34;1m   2440232[0m[34;1m      4696[0m
13:14:07   [34;1m    252304[0m[34;1m    587916[0m[34;1m   2067228[0m[34;1m     51.66[0m[34;1m     38828[0m[34;1m   1449144[0m[34;1m   7227624[0m[31;1m    180.63[0m[34;1m    816864[0m[34;1m   2440896[0m[34;1m        92[0m
13:14:08   [34;1m    251296[0m[34;1m    587944[0m[34;1m   2067248[0m[34;1m     51.66[0m[34;1m     38836[0m[34;1m   1450136[0m[34;1m   7227624[0m[31;1m    180.63[0m[34;1m    816872[0m[34;1m   2443460[0m[34;1m       912[0m
13:14:09   [34;1m    248552[0m[34;1m    585712[0m[34;1m   2069444[0m[34;1m     51.72[0m[34;1m     38836[0m[34;1m   1450704[0m[34;1m   7227624[0m[31;1m    180.63[0m[34;1m    816872[0m[34;1m   2444368[0m[34;1m      1480[0m
13:14:10   [34;1m    248076[0m[34;1m    586208[0m[34;1m   2068936[0m[34;1m     51.71[0m[34;1m     38836[0m[34;1m   1451680[0m[34;1m   7227624[0m[31;1m    180.63[0m[34;1m    816872[0m[34;1m   2445936[0m[34;1m      2456[0m
13:14:11   [34;1m    247600[0m[34;1m    586508[0m[34;1m   2068680[0m[34;1m     51.70[0m[34;1m     38836[0m[34;1m   1452400[0m[34;1m   7232344[0m[31;1m    180.75[0m[34;1m    816872[0m[34;1m   2448932[0m[34;1m      3176[0m
13:14:12   [34;1m    247124[0m[34;1m    586960[0m[34;1m   2068400[0m[34;1m     51.69[0m[34;1m     38844[0m[34;1m   1453176[0m[34;1m   7232344[0m[31;1m    180.75[0m[34;1m    816876[0m[34;1m   2450252[0m[34;1m      4100[0m
13:14:13   [34;1m    246396[0m[34;1m    586748[0m[34;1m   2068424[0m[34;1m     51.69[0m[34;1m     38844[0m[34;1m   1453880[0m[34;1m   7232344[0m[31;1m    180.75[0m[34;1m    816880[0m[34;1m   2447288[0m[34;1m      4652[0m
13:14:14   [34;1m    245136[0m[34;1m    586308[0m[34;1m   2068884[0m[34;1m     51.70[0m[34;1m     38844[0m[34;1m   1454680[0m[34;1m   7227624[0m[31;1m    180.63[0m[34;1m    816880[0m[34;1m   2447296[0m[34;1m      5452[0m
13:14:15   [34;1m    242140[0m[34;1m    584260[0m[34;1m   2070960[0m[34;1m     51.76[0m[34;1m     38844[0m[34;1m   1455600[0m[34;1m   7227624[0m[31;1m    180.63[0m[34;1m    816880[0m[34;1m   2448996[0m[34;1m      6372[0m
13:14:16   [34;1m    241888[0m[34;1m    584752[0m[34;1m   2070316[0m[34;1m     51.74[0m[34;1m     38844[0m[34;1m   1456488[0m[34;1m   7227624[0m[31;1m    180.63[0m[34;1m    816880[0m[34;1m   2449088[0m[34;1m      7260[0m
13:14:17   [34;1m    241664[0m[34;1m    585384[0m[34;1m   2069748[0m[34;1m     51.73[0m[34;1m     38852[0m[34;1m   1457264[0m[34;1m   7227624[0m[31;1m    180.63[0m[34;1m    816880[0m[34;1m   2450276[0m[34;1m      8036[0m
13:14:18   [34;1m    240908[0m[34;1m    585444[0m[34;1m   2069880[0m[34;1m     51.73[0m[34;1m     38852[0m[34;1m   1457884[0m[34;1m   7227624[0m[31;1m    180.63[0m[34;1m    816888[0m[34;1m   2451392[0m[34;1m      8696[0m
13:14:19   [34;1m    240404[0m[34;1m    585868[0m[34;1m   2069308[0m[34;1m     51.71[0m[34;1m     38860[0m[34;1m   1458968[0m[34;1m   7227624[0m[31;1m    180.63[0m[34;1m    816896[0m[34;1m   2452740[0m[34;1m      9628[0m
13:14:20   [34;1m    238920[0m[34;1m    585100[0m[34;1m   2070092[0m[34;1m     51.73[0m[34;1m     38860[0m[34;1m   1459684[0m[34;1m   7227624[0m[31;1m    180.63[0m[34;1m    816896[0m[34;1m   2453552[0m[34;1m     10344[0m
13:14:21   [34;1m    238920[0m[34;1m    585760[0m[34;1m   2069408[0m[34;1m     51.72[0m[34;1m     38860[0m[34;1m   1460364[0m[34;1m   7227624[0m[31;1m    180.63[0m[34;1m    816896[0m[34;1m   2454256[0m[34;1m     11024[0m
13:14:22   [34;1m    238164[0m[34;1m    585944[0m[34;1m   2069284[0m[34;1m     51.71[0m[34;1m     38860[0m[34;1m   1461236[0m[34;1m   7227624[0m[31;1m    180.63[0m[34;1m    816940[0m[34;1m   2455256[0m[34;1m     11848[0m
13:14:23   [34;1m    237436[0m[34;1m    585904[0m[34;1m   2069220[0m[34;1m     51.71[0m[34;1m     38860[0m[34;1m   1462028[0m[34;1m   7227624[0m[31;1m    180.63[0m[34;1m    816940[0m[34;1m   2455060[0m[34;1m     12632[0m
13:14:24   [34;1m    236232[0m[34;1m    585636[0m[34;1m   2069524[0m[34;1m     51.72[0m[34;1m     38864[0m[34;1m   1462928[0m[34;1m   7227624[0m[31;1m    180.63[0m[34;1m    816944[0m[34;1m   2456316[0m[34;1m     13532[0m
13:14:25   [34;1m    234244[0m[34;1m    584448[0m[34;1m   2070724[0m[34;1m     51.75[0m[34;1m     38864[0m[34;1m   1463724[0m[34;1m   7227624[0m[31;1m    180.63[0m[34;1m    816944[0m[34;1m   2457732[0m[34;1m     14328[0m
13:14:26   [34;1m    233768[0m[34;1m    584728[0m[34;1m   2070464[0m[34;1m     51.74[0m[34;1m     38872[0m[34;1m   1464452[0m[34;1m   7227624[0m[31;1m    180.63[0m[34;1m    816944[0m[34;1m   2458744[0m[34;1m     15056[0m
13:14:27   [34;1m    233516[0m[34;1m    585308[0m[34;1m   2069860[0m[34;1m     51.73[0m[34;1m     38872[0m[34;1m   1465304[0m[34;1m   7227624[0m[31;1m    180.63[0m[34;1m    816952[0m[34;1m   2459524[0m[34;1m     15904[0m
13:14:28   [34;1m    232284[0m[34;1m    584852[0m[34;1m   2070316[0m[34;1m     51.74[0m[34;1m     38872[0m[34;1m   1466084[0m[34;1m   7227624[0m[31;1m    180.63[0m[34;1m    816952[0m[34;1m   2460928[0m[34;1m     16684[0m
13:14:29   [34;1m    231780[0m[34;1m    584988[0m[34;1m   2070180[0m[34;1m     51.74[0m[34;1m     38872[0m[34;1m   1466724[0m[34;1m   7227624[0m[31;1m    180.63[0m[34;1m    816952[0m[34;1m   2460652[0m[34;1m     17324[0m
13:14:30   [34;1m    230520[0m[34;1m    584764[0m[34;1m   2070432[0m[34;1m     51.74[0m[34;1m     38872[0m[34;1m   1467744[0m[34;1m   7227624[0m[31;1m    180.63[0m[34;1m    816952[0m[34;1m   2461712[0m[34;1m     18344[0m
13:14:31   [34;1m    229260[0m[34;1m    584076[0m[34;1m   2071080[0m[34;1m     51.76[0m[34;1m     38880[0m[34;1m   1468304[0m[34;1m   7232344[0m[31;1m    180.75[0m[34;1m    816952[0m[34;1m   2464296[0m[34;1m     18904[0m
13:14:32   [34;1m    228532[0m[34;1m    584292[0m[34;1m   2070880[0m[34;1m     51.75[0m[34;1m     38888[0m[34;1m   1469216[0m[34;1m   7232344[0m[31;1m    180.75[0m[34;1m    816968[0m[34;1m   2466412[0m[34;1m     19812[0m
13:14:33   [34;1m    227552[0m[34;1m    584020[0m[34;1m   2071188[0m[34;1m     51.76[0m[34;1m     38888[0m[34;1m   1469904[0m[34;1m   7232344[0m[31;1m    180.75[0m[34;1m    816968[0m[34;1m   2466348[0m[34;1m     20492[0m
13:14:34   [34;1m    227300[0m[34;1m    584528[0m[34;1m   2070748[0m[34;1m     51.75[0m[34;1m     38888[0m[34;1m   1470600[0m[34;1m   7227624[0m[31;1m    180.63[0m[34;1m    816968[0m[34;1m   2465364[0m[34;1m     21188[0m
13:14:35   [34;1m    226068[0m[34;1m    584028[0m[34;1m   2071076[0m[34;1m     51.76[0m[34;1m     38888[0m[34;1m   1471488[0m[34;1m   7227624[0m[31;1m    180.63[0m[34;1m    816968[0m[34;1m   2465836[0m[34;1m     22080[0m
13:14:36   [34;1m    225088[0m[34;1m    583884[0m[34;1m   2071248[0m[34;1m     51.76[0m[34;1m     38888[0m[34;1m   1472288[0m[34;1m   7227624[0m[31;1m    180.63[0m[34;1m    816968[0m[34;1m   2466420[0m[34;1m     22880[0m
13:14:37   [34;1m    224360[0m[34;1m    583884[0m[34;1m   2071224[0m[34;1m     51.76[0m[34;1m     38896[0m[34;1m   1473048[0m[34;1m   7227624[0m[31;1m    180.63[0m[34;1m    816976[0m[34;1m   2467172[0m[34;1m     23640[0m
13:14:38   [34;1m    224108[0m[34;1m    584324[0m[34;1m   2070828[0m[34;1m     51.75[0m[34;1m     38896[0m[34;1m   1473732[0m[34;1m   7227624[0m[31;1m    180.63[0m[34;1m    816976[0m[34;1m   2467928[0m[34;1m       152[0m
13:14:39   [34;1m    222400[0m[34;1m    583548[0m[34;1m   2071616[0m[34;1m     51.77[0m[34;1m     38904[0m[34;1m   1474656[0m[34;1m   7227624[0m[31;1m    180.63[0m[34;1m    816980[0m[34;1m   2468892[0m[34;1m      1108[0m
13:14:40   [34;1m    220424[0m[34;1m    582428[0m[34;1m   2072840[0m[34;1m     51.80[0m[34;1m     38904[0m[34;1m   1475408[0m[34;1m   7227624[0m[31;1m    180.63[0m[34;1m    816984[0m[34;1m   2470064[0m[34;1m      1856[0m
13:14:41   [34;1m    219696[0m[34;1m    582400[0m[34;1m   2072752[0m[34;1m     51.80[0m[34;1m     38904[0m[34;1m   1476232[0m[34;1m   7227624[0m[31;1m    180.63[0m[34;1m    816984[0m[34;1m   2470708[0m[34;1m      2680[0m
13:14:42   [34;1m    218940[0m[34;1m    582324[0m[34;1m   2072904[0m[34;1m     51.80[0m[34;1m     38904[0m[34;1m   1476836[0m[34;1m   7227624[0m[31;1m    180.63[0m[34;1m    816984[0m[34;1m   2471240[0m[34;1m      3284[0m
13:14:43   [34;1m    218720[0m[34;1m    583072[0m[34;1m   2072180[0m[34;1m     51.79[0m[34;1m     38904[0m[34;1m   1477780[0m[34;1m   7227624[0m[31;1m    180.63[0m[34;1m    816984[0m[34;1m   2472148[0m[34;1m      4212[0m
13:14:44   [34;1m    217460[0m[34;1m    582344[0m[34;1m   2072836[0m[34;1m     51.80[0m[34;1m     38912[0m[34;1m   1478376[0m[34;1m   7227624[0m[31;1m    180.63[0m[34;1m    816984[0m[34;1m   2473288[0m[34;1m      4816[0m
13:14:45   [34;1m    216452[0m[34;1m    582324[0m[34;1m   2072880[0m[34;1m     51.80[0m[34;1m     38920[0m[34;1m   1479316[0m[34;1m   7227624[0m[31;1m    180.63[0m[34;1m    817000[0m[34;1m   2474268[0m[34;1m      5760[0m
13:14:46   [34;1m    215500[0m[34;1m    582212[0m[34;1m   2073024[0m[34;1m     51.81[0m[34;1m     38920[0m[34;1m   1480128[0m[34;1m   7227624[0m[31;1m    180.63[0m[34;1m    817000[0m[34;1m   2474756[0m[34;1m      6572[0m
13:14:47   [34;1m    214268[0m[34;1m    581716[0m[34;1m   2073460[0m[34;1m     51.82[0m[34;1m     38920[0m[34;1m   1480912[0m[34;1m   7227624[0m[31;1m    180.63[0m[34;1m    817000[0m[34;1m   2476344[0m[34;1m      7356[0m
13:14:48   [34;1m    213540[0m[34;1m    581828[0m[34;1m   2073368[0m[34;1m     51.82[0m[34;1m     38920[0m[34;1m   1481732[0m[34;1m   7227624[0m[31;1m    180.63[0m[34;1m    817000[0m[34;1m   2476016[0m[34;1m      8176[0m
13:14:49   [34;1m    212336[0m[34;1m    581232[0m[34;1m   2073968[0m[34;1m     51.83[0m[34;1m     38920[0m[34;1m   1482352[0m[34;1m   7227624[0m[31;1m    180.63[0m[34;1m    817000[0m[34;1m   2477088[0m[34;1m      8796[0m
13:14:50   [34;1m    210348[0m[34;1m    580268[0m[34;1m   2074980[0m[34;1m     51.86[0m[34;1m     38928[0m[34;1m   1483320[0m[34;1m   7227624[0m[31;1m    180.63[0m[34;1m    817008[0m[34;1m   2477428[0m[34;1m      9764[0m
13:14:51   [34;1m    209120[0m[34;1m    579756[0m[34;1m   2075408[0m[34;1m     51.87[0m[34;1m     38936[0m[34;1m   1484080[0m[34;1m   7232344[0m[31;1m    180.75[0m[34;1m    817016[0m[34;1m   2479680[0m[34;1m     10520[0m
13:14:52   [34;1m    208364[0m[34;1m    579936[0m[34;1m   2075264[0m[34;1m     51.86[0m[34;1m     38936[0m[34;1m   1484980[0m[34;1m   7232344[0m[31;1m    180.75[0m[34;1m    817016[0m[34;1m   2481076[0m[34;1m     11420[0m
13:14:53   [34;1m    319200[0m[34;1m    691388[0m[34;1m   1966760[0m[34;1m     49.15[0m[34;1m     38936[0m[34;1m   1485664[0m[34;1m   7091124[0m[31;1m    177.22[0m[34;1m    816868[0m[34;1m   2398584[0m[34;1m     12104[0m
