Linux 6.6.95 (minikube) 	04/17/26 	_x86_64_	(4 CPU)

13:09:53        CPU     %user     %nice   %system   %iowait    %steal     %idle
13:09:54   [32;22m     all[0m[34;1m      3.84[0m[34;22m      0.00[0m[34;1m      5.63[0m[34;22m      0.00[0m[34;22m      0.00[0m[34;1m     90.54[0m
13:09:55   [32;22m     all[0m[34;1m      4.65[0m[34;22m      0.00[0m[34;1m      4.39[0m[34;22m      0.00[0m[34;22m      0.00[0m[34;1m     90.96[0m
13:09:56   [32;22m     all[0m[34;1m      4.66[0m[34;22m      0.00[0m[34;1m      5.96[0m[34;22m      0.00[0m[34;22m      0.00[0m[34;1m     89.38[0m
13:09:57   [32;22m     all[0m[34;1m      5.97[0m[34;22m      0.00[0m[34;1m      7.53[0m[34;22m      0.00[0m[34;22m      0.00[0m[34;1m     86.49[0m
13:09:58   [32;22m     all[0m[34;1m      4.75[0m[34;22m      0.00[0m[34;1m      7.12[0m[34;22m      0.00[0m[34;22m      0.00[0m[34;1m     88.13[0m
13:09:59   [32;22m     all[0m[34;1m      4.97[0m[34;22m      0.00[0m[34;1m      7.33[0m[34;22m      0.00[0m[34;22m      0.00[0m[34;1m     87.70[0m
13:10:00   [32;22m     all[0m[34;1m      6.61[0m[34;22m      0.00[0m[34;1m      8.73[0m[34;22m      0.00[0m[34;22m      0.00[0m[34;1m     84.66[0m
13:10:01   [32;22m     all[0m[34;1m      6.30[0m[34;22m      0.00[0m[34;1m      9.19[0m[34;22m      0.00[0m[34;22m      0.00[0m[34;1m     84.51[0m
13:10:02   [32;22m     all[0m[34;1m      8.75[0m[34;22m      0.00[0m[34;1m      9.28[0m[34;22m      0.00[0m[34;22m      0.00[0m[34;1m     81.96[0m
13:10:03   [32;22m     all[0m[34;1m      9.07[0m[34;22m      0.00[0m[34;1m     11.73[0m[34;22m      0.00[0m[34;22m      0.00[0m[34;1m     79.20[0m
13:10:04   [32;22m     all[0m[34;1m      7.75[0m[34;22m      0.00[0m[34;1m      9.09[0m[34;22m      0.00[0m[34;22m      0.00[0m[34;1m     83.16[0m
13:10:05   [32;22m     all[0m[34;1m      9.12[0m[34;22m      0.00[0m[34;1m     14.48[0m[34;22m      0.00[0m[34;22m      0.00[0m[34;1m     76.41[0m
13:10:06   [32;22m     all[0m[34;1m      9.89[0m[34;22m      0.00[0m[34;1m     13.64[0m[34;1m      0.53[0m[34;22m      0.00[0m[34;1m     75.94[0m
13:10:07   [32;22m     all[0m[34;1m     10.72[0m[34;22m      0.00[0m[34;1m     13.67[0m[34;22m      0.00[0m[34;22m      0.00[0m[34;1m     75.60[0m
13:10:08   [32;22m     all[0m[34;1m     10.57[0m[34;22m      0.00[0m[34;1m     15.72[0m[34;22m      0.00[0m[34;22m      0.00[0m[34;1m     73.71[0m
13:10:09   [32;22m     all[0m[34;1m     12.97[0m[34;22m      0.00[0m[34;1m     16.49[0m[34;22m      0.00[0m[34;22m      0.00[0m[34;1m     70.54[0m
13:10:10   [32;22m     all[0m[34;1m     13.51[0m[34;22m      0.00[0m[34;1m     16.49[0m[34;22m      0.00[0m[34;22m      0.00[0m[34;1m     70.00[0m
13:10:11   [32;22m     all[0m[34;1m     12.33[0m[34;22m      0.00[0m[34;1m     17.16[0m[34;22m      0.00[0m[34;22m      0.00[0m[34;1m     70.51[0m
13:10:12   [32;22m     all[0m[34;1m     12.20[0m[34;22m      0.00[0m[34;1m     19.24[0m[34;22m      0.00[0m[34;22m      0.00[0m[34;1m     68.56[0m
13:10:13   [32;22m     all[0m[34;1m     12.95[0m[34;22m      0.00[0m[34;1m     19.28[0m[34;22m      0.00[0m[34;22m      0.00[0m[34;1m     67.77[0m
13:10:14   [32;22m     all[0m[34;1m     12.91[0m[34;22m      0.00[0m[34;1m     17.86[0m[34;22m      0.00[0m[34;22m      0.00[0m[34;1m     69.23[0m
13:10:15   [32;22m     all[0m[34;1m     13.50[0m[34;22m      0.00[0m[34;1m     19.83[0m[34;22m      0.00[0m[34;22m      0.00[0m[34;1m     66.67[0m
13:10:16   [32;22m     all[0m[34;1m     12.30[0m[34;22m      0.00[0m[34;1m     19.95[0m[34;22m      0.00[0m[34;22m      0.00[0m[34;1m     67.76[0m
13:10:17   [32;22m     all[0m[34;1m     13.93[0m[34;22m      0.00[0m[34;1m     19.67[0m[34;22m      0.00[0m[34;22m      0.00[0m[34;1m     66.39[0m
13:10:18   [32;22m     all[0m[34;1m     17.66[0m[34;22m      0.00[0m[34;1m     24.18[0m[34;22m      0.00[0m[34;22m      0.00[0m[34;1m     58.15[0m
13:10:19   [32;22m     all[0m[34;1m     15.56[0m[34;22m      0.00[0m[34;1m     24.72[0m[34;22m      0.00[0m[34;22m      0.00[0m[34;1m     59.72[0m
13:10:20   [32;22m     all[0m[34;1m     15.14[0m[34;22m      0.00[0m[34;1m     21.08[0m[34;1m      0.27[0m[34;22m      0.00[0m[34;1m     63.51[0m
13:10:21   [32;22m     all[0m[34;1m     15.70[0m[34;22m      0.00[0m[34;1m     23.97[0m[34;22m      0.00[0m[34;22m      0.00[0m[34;1m     60.33[0m
13:10:22   [32;22m     all[0m[34;1m     16.57[0m[34;22m      0.00[0m[34;1m     23.48[0m[34;22m      0.00[0m[34;22m      0.00[0m[34;1m     59.94[0m
13:10:23   [32;22m     all[0m[34;1m     17.37[0m[34;22m      0.00[0m[34;1m     27.17[0m[34;22m      0.00[0m[34;22m      0.00[0m[34;1m     55.46[0m
13:10:24   [32;22m     all[0m[34;1m     16.53[0m[34;22m      0.00[0m[34;1m     25.21[0m[34;22m      0.00[0m[34;22m      0.00[0m[34;1m     58.26[0m
13:10:25   [32;22m     all[0m[34;1m     16.94[0m[34;22m      0.00[0m[34;1m     23.89[0m[34;1m      0.28[0m[34;22m      0.00[0m[34;1m     58.89[0m
13:10:26   [32;22m     all[0m[34;1m     15.62[0m[34;22m      0.00[0m[34;1m     26.14[0m[34;22m      0.00[0m[34;22m      0.00[0m[34;1m     58.24[0m
13:10:27   [32;22m     all[0m[34;1m     19.66[0m[34;22m      0.00[0m[34;1m     26.97[0m[34;22m      0.00[0m[34;22m      0.00[0m[34;1m     53.37[0m
13:10:28   [32;22m     all[0m[34;1m     17.37[0m[34;22m      0.00[0m[34;1m     24.93[0m[34;22m      0.00[0m[34;22m      0.00[0m[34;1m     57.70[0m
13:10:29   [32;22m     all[0m[34;1m     14.89[0m[34;22m      0.00[0m[34;1m     21.07[0m[34;22m      0.00[0m[34;22m      0.00[0m[34;1m     64.04[0m
13:10:30   [32;22m     all[0m[34;1m     15.32[0m[34;22m      0.00[0m[34;1m     22.01[0m[34;22m      0.00[0m[34;22m      0.00[0m[34;1m     62.67[0m
13:10:31   [32;22m     all[0m[34;1m     13.74[0m[34;22m      0.00[0m[34;1m     21.98[0m[34;22m      0.00[0m[34;22m      0.00[0m[34;1m     64.29[0m
13:10:32   [32;22m     all[0m[34;1m     14.97[0m[34;22m      0.00[0m[34;1m     23.73[0m[34;22m      0.00[0m[34;22m      0.00[0m[34;1m     61.30[0m
13:10:33   [32;22m     all[0m[34;1m     14.08[0m[34;22m      0.00[0m[34;1m     21.41[0m[34;22m      0.00[0m[34;22m      0.00[0m[34;1m     64.51[0m
13:10:34   [32;22m     all[0m[34;1m     14.80[0m[34;22m      0.00[0m[34;1m     22.91[0m[34;22m      0.00[0m[34;22m      0.00[0m[34;1m     62.29[0m
13:10:35   [32;22m     all[0m[34;1m     15.04[0m[34;22m      0.00[0m[34;1m     22.28[0m[34;22m      0.00[0m[34;22m      0.00[0m[34;1m     62.67[0m
13:10:36   [32;22m     all[0m[34;1m     14.41[0m[34;22m      0.00[0m[34;1m     21.75[0m[34;22m      0.00[0m[34;22m      0.00[0m[34;1m     63.84[0m
13:10:37   [32;22m     all[0m[34;1m     14.37[0m[34;22m      0.00[0m[34;1m     25.35[0m[34;22m      0.00[0m[34;22m      0.00[0m[34;1m     60.28[0m
13:10:38   [32;22m     all[0m[34;1m     18.59[0m[34;22m      0.00[0m[34;1m     27.61[0m[34;22m      0.00[0m[34;22m      0.00[0m[34;1m     53.80[0m
13:10:39   [32;22m     all[0m[34;1m     18.26[0m[34;22m      0.00[0m[34;1m     26.69[0m[34;22m      0.00[0m[34;22m      0.00[0m[34;1m     55.06[0m
13:10:40   [32;22m     all[0m[34;1m     14.45[0m[34;22m      0.00[0m[34;1m     22.10[0m[34;22m      0.00[0m[34;22m      0.00[0m[34;1m     63.46[0m
13:10:41   [32;22m     all[0m[34;1m     15.08[0m[34;22m      0.00[0m[34;1m     22.07[0m[34;22m      0.00[0m[34;22m      0.00[0m[34;1m     62.85[0m
13:10:42   [32;22m     all[0m[34;1m     13.42[0m[34;22m      0.00[0m[34;1m     20.27[0m[34;22m      0.00[0m[34;22m      0.00[0m[34;1m     66.30[0m
13:10:43   [32;22m     all[0m[34;1m     15.71[0m[34;22m      0.00[0m[34;1m     22.57[0m[34;22m      0.00[0m[34;22m      0.00[0m[34;1m     61.71[0m
13:10:44   [32;22m     all[0m[34;1m     15.49[0m[34;22m      0.00[0m[34;1m     23.38[0m[34;22m      0.00[0m[34;22m      0.00[0m[34;1m     61.13[0m
13:10:45   [32;22m     all[0m[34;1m     15.92[0m[34;22m      0.00[0m[34;1m     23.74[0m[34;22m      0.00[0m[34;22m      0.00[0m[34;1m     60.34[0m
13:10:46   [32;22m     all[0m[34;1m     15.27[0m[34;22m      0.00[0m[34;1m     22.19[0m[34;22m      0.00[0m[34;22m      0.00[0m[34;1m     62.54[0m
13:10:47   [32;22m     all[0m[34;1m     14.89[0m[34;22m      0.00[0m[34;1m     23.03[0m[34;22m      0.00[0m[34;22m      0.00[0m[34;1m     62.08[0m
13:10:48   [32;22m     all[0m[34;1m     16.48[0m[34;22m      0.00[0m[34;1m     23.74[0m[34;22m      0.00[0m[34;22m      0.00[0m[34;1m     59.78[0m
13:10:49   [32;22m     all[0m[34;1m     15.82[0m[34;22m      0.00[0m[34;1m     22.88[0m[34;22m      0.00[0m[34;22m      0.00[0m[34;1m     61.30[0m
13:10:50   [32;22m     all[0m[34;1m     15.88[0m[34;22m      0.00[0m[34;1m     25.63[0m[34;22m      0.00[0m[34;22m      0.00[0m[34;1m     58.50[0m
13:10:51   [32;22m     all[0m[34;1m     13.74[0m[34;22m      0.00[0m[34;1m     20.05[0m[34;22m      0.00[0m[34;22m      0.00[0m[34;1m     66.21[0m
13:10:52   [32;22m     all[0m[34;1m     14.96[0m[34;22m      0.00[0m[34;1m     24.10[0m[34;1m      0.28[0m[34;22m      0.00[0m[34;1m     60.66[0m
13:10:53   [32;22m     all[0m[34;1m     16.43[0m[34;22m      0.00[0m[34;1m     27.30[0m[34;22m      0.00[0m[34;22m      0.00[0m[34;1m     56.27[0m
13:10:54   [32;22m     all[0m[34;1m     14.97[0m[34;22m      0.00[0m[34;1m     22.03[0m[34;22m      0.00[0m[34;22m      0.00[0m[34;1m     62.99[0m
13:10:55   [32;22m     all[0m[34;1m     14.89[0m[34;22m      0.00[0m[34;1m     24.16[0m[34;22m      0.00[0m[34;22m      0.00[0m[34;1m     60.96[0m
13:10:56   [32;22m     all[0m[34;1m     14.65[0m[34;22m      0.00[0m[34;1m     22.25[0m[34;22m      0.00[0m[34;22m      0.00[0m[34;1m     63.10[0m
13:10:57   [32;22m     all[0m[34;1m     15.13[0m[34;22m      0.00[0m[34;1m     19.89[0m[34;22m      0.00[0m[34;22m      0.00[0m[34;1m     64.99[0m
13:10:58   [32;22m     all[0m[34;1m     15.49[0m[34;22m      0.00[0m[34;1m     22.82[0m[34;22m      0.00[0m[34;22m      0.00[0m[34;1m     61.69[0m
13:10:59   [32;22m     all[0m[34;1m     15.64[0m[34;22m      0.00[0m[34;1m     25.14[0m[34;22m      0.00[0m[34;22m      0.00[0m[34;1m     59.22[0m
13:11:00   [32;22m     all[0m[34;1m     17.43[0m[34;22m      0.00[0m[34;1m     25.43[0m[34;22m      0.00[0m[34;22m      0.00[0m[34;1m     57.14[0m
13:11:01   [32;22m     all[0m[34;1m     15.58[0m[34;22m      0.00[0m[34;1m     23.80[0m[34;22m      0.00[0m[34;22m      0.00[0m[34;1m     60.62[0m
13:11:02   [32;22m     all[0m[34;1m     15.45[0m[34;22m      0.00[0m[34;1m     22.19[0m[34;22m      0.00[0m[34;22m      0.00[0m[34;1m     62.36[0m
13:11:03   [32;22m     all[0m[34;1m     15.83[0m[34;22m      0.00[0m[34;1m     25.56[0m[34;22m      0.00[0m[34;22m      0.00[0m[34;1m     58.61[0m
13:11:04   [32;22m     all[0m[34;1m     14.72[0m[34;22m      0.00[0m[34;1m     22.78[0m[34;22m      0.00[0m[34;22m      0.00[0m[34;1m     62.50[0m
13:11:05   [32;22m     all[0m[34;1m     14.13[0m[34;22m      0.00[0m[34;1m     22.44[0m[34;22m      0.00[0m[34;22m      0.00[0m[34;1m     63.43[0m
13:11:06   [32;22m     all[0m[34;1m     15.14[0m[34;22m      0.00[0m[34;1m     26.29[0m[34;22m      0.00[0m[34;22m      0.00[0m[34;1m     58.57[0m
13:11:07   [32;22m     all[0m[34;1m     16.25[0m[34;22m      0.00[0m[34;1m     24.65[0m[34;22m      0.00[0m[34;22m      0.00[0m[34;1m     59.10[0m
13:11:08   [32;22m     all[0m[34;1m     17.80[0m[34;22m      0.00[0m[34;1m     27.12[0m[34;22m      0.00[0m[34;22m      0.00[0m[34;1m     55.08[0m
13:11:09   [32;22m     all[0m[34;1m     16.25[0m[34;22m      0.00[0m[34;1m     25.77[0m[34;22m      0.00[0m[34;22m      0.00[0m[34;1m     57.98[0m
13:11:10   [32;22m     all[0m[34;1m     14.41[0m[34;22m      0.00[0m[34;1m     22.88[0m[34;22m      0.00[0m[34;22m      0.00[0m[34;1m     62.71[0m
13:11:11   [32;22m     all[0m[34;1m     16.39[0m[34;22m      0.00[0m[34;1m     25.28[0m[34;22m      0.00[0m[34;22m      0.00[0m[34;1m     58.33[0m
13:11:12   [32;22m     all[0m[34;1m     14.57[0m[34;22m      0.00[0m[34;1m     25.77[0m[34;22m      0.00[0m[34;22m      0.00[0m[34;1m     59.66[0m
13:11:13   [32;22m     all[0m[34;1m     16.15[0m[34;22m      0.00[0m[34;1m     21.81[0m[34;22m      0.00[0m[34;22m      0.00[0m[34;1m     62.04[0m
13:11:14   [32;22m     all[0m[34;1m     13.89[0m[34;22m      0.00[0m[34;1m     22.50[0m[34;22m      0.00[0m[34;22m      0.00[0m[34;1m     63.61[0m
13:11:15   [32;22m     all[0m[34;1m     15.32[0m[34;22m      0.00[0m[34;1m     25.35[0m[34;22m      0.00[0m[34;22m      0.00[0m[34;1m     59.33[0m
13:11:16   [32;22m     all[0m[34;1m     16.52[0m[34;22m      0.00[0m[34;1m     23.36[0m[34;22m      0.00[0m[34;22m      0.00[0m[34;1m     60.11[0m
13:11:17   [32;22m     all[0m[34;1m     16.06[0m[34;22m      0.00[0m[34;1m     24.79[0m[34;22m      0.00[0m[34;22m      0.00[0m[34;1m     59.15[0m
13:11:18   [32;22m     all[0m[34;1m     15.67[0m[34;22m      0.00[0m[34;1m     25.93[0m[34;22m      0.00[0m[34;22m      0.00[0m[34;1m     58.40[0m
13:11:19   [32;22m     all[0m[34;1m     16.25[0m[34;22m      0.00[0m[34;1m     25.49[0m[34;22m      0.00[0m[34;22m      0.00[0m[34;1m     58.26[0m
13:11:20   [32;22m     all[0m[34;1m     16.52[0m[34;22m      0.00[0m[34;1m     24.79[0m[34;22m      0.00[0m[34;22m      0.00[0m[34;1m     58.69[0m
13:11:21   [32;22m     all[0m[34;1m     16.62[0m[34;22m      0.00[0m[34;1m     26.76[0m[34;22m      0.00[0m[34;22m      0.00[0m[34;1m     56.62[0m
13:11:22   [32;22m     all[0m[34;1m     15.54[0m[34;22m      0.00[0m[34;1m     23.16[0m[34;22m      0.00[0m[34;22m      0.00[0m[34;1m     61.30[0m
13:11:23   [32;22m     all[0m[34;1m     16.06[0m[34;22m      0.00[0m[34;1m     24.79[0m[34;22m      0.00[0m[34;22m      0.00[0m[34;1m     59.15[0m
13:11:24   [32;22m     all[0m[34;1m     14.69[0m[34;22m      0.00[0m[34;1m     23.45[0m[34;22m      0.00[0m[34;22m      0.00[0m[34;1m     61.86[0m
13:11:25   [32;22m     all[0m[34;1m     14.37[0m[34;22m      0.00[0m[34;1m     23.10[0m[34;22m      0.00[0m[34;22m      0.00[0m[34;1m     62.54[0m
13:11:26   [32;22m     all[0m[34;1m     16.71[0m[34;22m      0.00[0m[34;1m     25.50[0m[34;22m      0.00[0m[34;22m      0.00[0m[34;1m     57.79[0m
13:11:27   [32;22m     all[0m[34;1m     16.81[0m[34;22m      0.00[0m[34;1m     26.05[0m[34;22m      0.00[0m[34;22m      0.00[0m[34;1m     57.14[0m
13:11:28   [32;22m     all[0m[34;1m     15.58[0m[34;22m      0.00[0m[34;1m     26.06[0m[34;22m      0.00[0m[34;22m      0.00[0m[34;1m     58.36[0m
13:11:29   [32;22m     all[0m[34;1m     15.77[0m[34;22m      0.00[0m[34;1m     24.79[0m[34;22m      0.00[0m[34;22m      0.00[0m[34;1m     59.44[0m
13:11:30   [32;22m     all[0m[34;1m     16.71[0m[34;22m      0.00[0m[34;1m     26.91[0m[34;22m      0.00[0m[34;22m      0.00[0m[34;1m     56.37[0m
13:11:31   [32;22m     all[0m[34;1m     17.42[0m[34;22m      0.00[0m[34;1m     23.31[0m[34;22m      0.00[0m[34;22m      0.00[0m[34;1m     59.27[0m
13:11:32   [32;22m     all[0m[34;1m     16.16[0m[34;22m      0.00[0m[34;1m     24.79[0m[34;22m      0.00[0m[34;22m      0.00[0m[34;1m     59.05[0m
13:11:33   [32;22m     all[0m[34;1m     14.93[0m[34;22m      0.00[0m[34;1m     22.54[0m[34;22m      0.00[0m[34;22m      0.00[0m[34;1m     62.54[0m
13:11:34   [32;22m     all[0m[34;1m     15.34[0m[34;22m      0.00[0m[34;1m     25.85[0m[34;22m      0.00[0m[34;22m      0.00[0m[34;1m     58.81[0m
13:11:35   [32;22m     all[0m[34;1m     15.41[0m[34;22m      0.00[0m[34;1m     25.21[0m[34;22m      0.00[0m[34;22m      0.00[0m[34;1m     59.38[0m
13:11:36   [32;22m     all[0m[34;1m     15.95[0m[34;22m      0.00[0m[34;1m     25.07[0m[34;22m      0.00[0m[34;22m      0.00[0m[34;1m     58.97[0m
13:11:37   [32;22m     all[0m[34;1m     14.85[0m[34;22m      0.00[0m[34;1m     24.93[0m[34;22m      0.00[0m[34;22m      0.00[0m[34;1m     60.22[0m
13:11:38   [32;22m     all[0m[34;1m     17.18[0m[34;22m      0.00[0m[34;1m     25.07[0m[34;22m      0.00[0m[34;22m      0.00[0m[34;1m     57.75[0m
13:11:39   [32;22m     all[0m[34;1m     16.95[0m[34;22m      0.00[0m[34;1m     27.12[0m[34;22m      0.00[0m[34;22m      0.00[0m[34;1m     55.93[0m
13:11:40   [32;22m     all[0m[34;1m     15.17[0m[34;22m      0.00[0m[34;1m     24.16[0m[34;22m      0.00[0m[34;22m      0.00[0m[34;1m     60.67[0m
13:11:41   [32;22m     all[0m[34;1m     15.86[0m[34;22m      0.00[0m[34;1m     23.23[0m[34;22m      0.00[0m[34;22m      0.00[0m[34;1m     60.91[0m
13:11:42   [32;22m     all[0m[34;1m     15.60[0m[34;22m      0.00[0m[34;1m     27.02[0m[34;22m      0.00[0m[34;22m      0.00[0m[34;1m     57.38[0m
13:11:43   [32;22m     all[0m[34;1m     15.17[0m[34;22m      0.00[0m[34;1m     25.84[0m[34;22m      0.00[0m[34;22m      0.00[0m[34;1m     58.99[0m
13:11:44   [32;22m     all[0m[34;1m     19.94[0m[34;22m      0.00[0m[34;1m     28.09[0m[34;22m      0.00[0m[34;22m      0.00[0m[34;1m     51.97[0m
13:11:45   [32;22m     all[0m[34;1m     15.69[0m[34;22m      0.00[0m[34;1m     25.49[0m[34;22m      0.00[0m[34;22m      0.00[0m[34;1m     58.82[0m
13:11:46   [32;22m     all[0m[34;1m     14.73[0m[34;22m      0.00[0m[34;1m     23.80[0m[34;22m      0.00[0m[34;22m      0.00[0m[34;1m     61.47[0m
13:11:47   [32;22m     all[0m[34;1m     17.70[0m[34;22m      0.00[0m[34;1m     28.65[0m[34;22m      0.00[0m[34;22m      0.00[0m[34;1m     53.65[0m
13:11:48   [32;22m     all[0m[34;1m     17.23[0m[34;22m      0.00[0m[34;1m     28.53[0m[34;22m      0.00[0m[34;22m      0.00[0m[34;1m     54.24[0m
13:11:49   [32;22m     all[0m[34;1m     15.30[0m[34;22m      0.00[0m[34;1m     23.80[0m[34;22m      0.00[0m[34;22m      0.00[0m[34;1m     60.91[0m
13:11:50   [32;22m     all[0m[34;1m     15.25[0m[34;22m      0.00[0m[34;1m     24.58[0m[34;22m      0.00[0m[34;22m      0.00[0m[34;1m     60.17[0m
13:11:51   [32;22m     all[0m[34;1m     17.93[0m[34;22m      0.00[0m[34;1m     28.29[0m[34;22m      0.00[0m[34;22m      0.00[0m[34;1m     53.78[0m
13:11:52   [32;22m     all[0m[34;1m     15.30[0m[34;22m      0.00[0m[34;1m     24.93[0m[34;22m      0.00[0m[34;22m      0.00[0m[34;1m     59.77[0m
13:11:53   [32;22m     all[0m[34;1m     16.43[0m[34;22m      0.00[0m[34;1m     26.18[0m[34;22m      0.00[0m[34;22m      0.00[0m[34;1m     57.38[0m
13:11:54   [32;22m     all[0m[34;1m     14.69[0m[34;22m      0.00[0m[34;1m     24.01[0m[34;22m      0.00[0m[34;22m      0.00[0m[34;1m     61.30[0m
13:11:55   [32;22m     all[0m[34;1m     18.13[0m[34;22m      0.00[0m[34;1m     27.76[0m[34;22m      0.00[0m[34;22m      0.00[0m[34;1m     54.11[0m
13:11:56   [32;22m     all[0m[34;1m     14.93[0m[34;22m      0.00[0m[34;1m     26.20[0m[34;22m      0.00[0m[34;22m      0.00[0m[34;1m     58.87[0m
13:11:57   [32;22m     all[0m[34;1m     15.25[0m[34;22m      0.00[0m[34;1m     24.29[0m[34;22m      0.00[0m[34;22m      0.00[0m[34;1m     60.45[0m
13:11:58   [32;22m     all[0m[34;1m     16.48[0m[34;22m      0.00[0m[34;1m     25.70[0m[34;22m      0.00[0m[34;22m      0.00[0m[34;1m     57.82[0m
13:11:59   [32;22m     all[0m[34;1m     17.18[0m[34;22m      0.00[0m[34;1m     24.79[0m[34;22m      0.00[0m[34;22m      0.00[0m[34;1m     58.03[0m
13:12:00   [32;22m     all[0m[34;1m     15.92[0m[34;22m      0.00[0m[34;1m     26.54[0m[34;22m      0.00[0m[34;22m      0.00[0m[34;1m     57.54[0m
13:12:01   [32;22m     all[0m[34;1m     16.34[0m[34;22m      0.00[0m[34;1m     24.79[0m[34;22m      0.00[0m[34;22m      0.00[0m[34;1m     58.87[0m
13:12:02   [32;22m     all[0m[34;1m     18.57[0m[34;22m      0.00[0m[34;1m     30.57[0m[34;1m      0.29[0m[34;22m      0.00[0m[34;1m     50.57[0m
13:12:03   [32;22m     all[0m[34;1m     15.58[0m[34;22m      0.00[0m[34;1m     24.93[0m[34;22m      0.00[0m[34;22m      0.00[0m[34;1m     59.49[0m
13:12:04   [32;22m     all[0m[34;1m     17.09[0m[34;22m      0.00[0m[34;1m     27.17[0m[34;22m      0.00[0m[34;22m      0.00[0m[34;1m     55.74[0m
13:12:05   [32;22m     all[0m[34;1m     17.33[0m[34;22m      0.00[0m[34;1m     27.84[0m[34;22m      0.00[0m[34;22m      0.00[0m[34;1m     54.83[0m
13:12:06   [32;22m     all[0m[34;1m     15.54[0m[34;22m      0.00[0m[34;1m     24.29[0m[34;1m      0.28[0m[34;22m      0.00[0m[34;1m     59.89[0m
13:12:07   [32;22m     all[0m[34;1m     14.81[0m[34;22m      0.00[0m[34;1m     27.35[0m[34;22m      0.00[0m[34;22m      0.00[0m[34;1m     57.83[0m
13:12:08   [32;22m     all[0m[34;1m     17.37[0m[34;22m      0.00[0m[34;1m     30.25[0m[34;22m      0.00[0m[34;22m      0.00[0m[34;1m     52.38[0m
13:12:09   [32;22m     all[0m[34;1m     14.53[0m[34;22m      0.00[0m[34;1m     20.95[0m[34;22m      0.00[0m[34;22m      0.00[0m[34;1m     64.53[0m
13:12:10   [32;22m     all[0m[34;1m     17.05[0m[34;22m      0.00[0m[34;1m     26.99[0m[34;22m      0.00[0m[34;22m      0.00[0m[34;1m     55.97[0m
13:12:11   [32;22m     all[0m[34;1m     16.24[0m[34;22m      0.00[0m[34;1m     25.64[0m[34;22m      0.00[0m[34;22m      0.00[0m[34;1m     58.12[0m
13:12:12   [32;22m     all[0m[34;1m     15.45[0m[34;22m      0.00[0m[34;1m     28.37[0m[34;22m      0.00[0m[34;22m      0.00[0m[34;1m     56.18[0m
13:12:13   [32;22m     all[0m[34;1m     16.62[0m[34;22m      0.00[0m[34;1m     24.38[0m[34;22m      0.00[0m[34;22m      0.00[0m[34;1m     59.00[0m
13:12:14   [32;22m     all[0m[34;1m     15.67[0m[34;22m      0.00[0m[34;1m     25.93[0m[34;22m      0.00[0m[34;22m      0.00[0m[34;1m     58.40[0m
13:12:15   [32;22m     all[0m[34;1m     15.92[0m[34;22m      0.00[0m[34;1m     26.26[0m[34;22m      0.00[0m[34;22m      0.00[0m[34;1m     57.82[0m
13:12:16   [32;22m     all[0m[34;1m     17.17[0m[34;22m      0.00[0m[34;1m     25.21[0m[34;22m      0.00[0m[34;22m      0.00[0m[34;1m     57.62[0m
13:12:17   [32;22m     all[0m[34;1m     16.81[0m[34;22m      0.00[0m[34;1m     25.49[0m[34;22m      0.00[0m[34;22m      0.00[0m[34;1m     57.70[0m
13:12:18   [32;22m     all[0m[34;1m     16.16[0m[34;22m      0.00[0m[34;1m     27.58[0m[34;22m      0.00[0m[34;22m      0.00[0m[34;1m     56.27[0m
13:12:19   [32;22m     all[0m[34;1m     15.71[0m[34;22m      0.00[0m[34;1m     25.43[0m[34;22m      0.00[0m[34;22m      0.00[0m[34;1m     58.86[0m
13:12:20   [32;22m     all[0m[34;1m     14.65[0m[34;22m      0.00[0m[34;1m     24.51[0m[34;22m      0.00[0m[34;22m      0.00[0m[34;1m     60.85[0m
13:12:21   [32;22m     all[0m[34;1m     16.48[0m[34;22m      0.00[0m[34;1m     26.26[0m[34;22m      0.00[0m[34;22m      0.00[0m[34;1m     57.26[0m
13:12:22   [32;22m     all[0m[34;1m     15.92[0m[34;22m      0.00[0m[34;1m     25.14[0m[34;22m      0.00[0m[34;22m      0.00[0m[34;1m     58.94[0m
13:12:23   [32;22m     all[0m[34;1m     15.69[0m[34;22m      0.00[0m[34;1m     22.69[0m[34;22m      0.00[0m[34;22m      0.00[0m[34;1m     61.62[0m
13:12:24   [32;22m     all[0m[34;1m     16.62[0m[34;22m      0.00[0m[34;1m     23.66[0m[34;22m      0.00[0m[34;22m      0.00[0m[34;1m     59.72[0m
13:12:25   [32;22m     all[0m[34;1m     15.86[0m[34;22m      0.00[0m[34;1m     23.80[0m[34;22m      0.00[0m[34;22m      0.00[0m[34;1m     60.34[0m
13:12:26   [32;22m     all[0m[34;1m     16.67[0m[34;22m      0.00[0m[34;1m     25.99[0m[34;22m      0.00[0m[34;22m      0.00[0m[34;1m     57.34[0m
13:12:27   [32;22m     all[0m[34;1m     16.91[0m[34;22m      0.00[0m[34;1m     25.50[0m[34;22m      0.00[0m[34;22m      0.00[0m[34;1m     57.59[0m
13:12:28   [32;22m     all[0m[34;1m     16.62[0m[34;22m      0.00[0m[34;1m     27.04[0m[34;22m      0.00[0m[34;22m      0.00[0m[34;1m     56.34[0m
13:12:29   [32;22m     all[0m[34;1m     13.80[0m[34;22m      0.00[0m[34;1m     25.63[0m[34;22m      0.00[0m[34;22m      0.00[0m[34;1m     60.56[0m
13:12:30   [32;22m     all[0m[34;1m     17.56[0m[34;22m      0.00[0m[34;1m     28.90[0m[34;22m      0.00[0m[34;22m      0.00[0m[34;1m     53.54[0m
13:12:31   [32;22m     all[0m[34;1m     15.21[0m[34;22m      0.00[0m[34;1m     23.94[0m[34;22m      0.00[0m[34;22m      0.00[0m[34;1m     60.85[0m
13:12:32   [32;22m     all[0m[34;1m     17.66[0m[34;22m      0.00[0m[34;1m     27.07[0m[34;22m      0.00[0m[34;22m      0.00[0m[34;1m     55.27[0m
13:12:33   [32;22m     all[0m[34;1m     16.34[0m[34;22m      0.00[0m[34;1m     25.92[0m[34;22m      0.00[0m[34;22m      0.00[0m[34;1m     57.75[0m
13:12:34   [32;22m     all[0m[34;1m     15.13[0m[34;22m      0.00[0m[34;1m     24.65[0m[34;22m      0.00[0m[34;22m      0.00[0m[34;1m     60.22[0m
13:12:35   [32;22m     all[0m[34;1m     17.19[0m[34;22m      0.00[0m[34;1m     27.22[0m[34;22m      0.00[0m[34;22m      0.00[0m[34;1m     55.59[0m
13:12:36   [32;22m     all[0m[34;1m     18.72[0m[34;22m      0.00[0m[34;1m     25.98[0m[34;22m      0.00[0m[34;22m      0.00[0m[34;1m     55.31[0m
13:12:37   [32;22m     all[0m[34;1m     15.47[0m[34;22m      0.00[0m[34;1m     25.50[0m[34;22m      0.00[0m[34;22m      0.00[0m[34;1m     59.03[0m
13:12:38   [32;22m     all[0m[34;1m     18.70[0m[34;22m      0.00[0m[34;1m     28.05[0m[34;22m      0.00[0m[34;22m      0.00[0m[34;1m     53.26[0m
13:12:39   [32;22m     all[0m[34;1m     13.88[0m[34;22m      0.00[0m[34;1m     23.80[0m[34;22m      0.00[0m[34;22m      0.00[0m[34;1m     62.32[0m
13:12:40   [32;22m     all[0m[34;1m     15.34[0m[34;22m      0.00[0m[34;1m     26.14[0m[34;22m      0.00[0m[34;22m      0.00[0m[34;1m     58.52[0m
13:12:41   [32;22m     all[0m[34;1m     13.76[0m[34;22m      0.00[0m[34;1m     23.88[0m[34;22m      0.00[0m[34;22m      0.00[0m[34;1m     62.36[0m
13:12:42   [32;22m     all[0m[34;1m     16.86[0m[34;22m      0.00[0m[34;1m     27.71[0m[34;22m      0.00[0m[34;22m      0.00[0m[34;1m     55.43[0m
13:12:43   [32;22m     all[0m[34;1m     16.24[0m[34;22m      0.00[0m[34;1m     26.21[0m[34;22m      0.00[0m[34;22m      0.00[0m[34;1m     57.55[0m
13:12:44   [32;22m     all[0m[34;1m     16.00[0m[34;22m      0.00[0m[34;1m     26.00[0m[34;22m      0.00[0m[34;22m      0.00[0m[34;1m     58.00[0m
13:12:45   [32;22m     all[0m[34;1m     16.62[0m[34;22m      0.00[0m[34;1m     24.79[0m[34;22m      0.00[0m[34;22m      0.00[0m[34;1m     58.59[0m
13:12:46   [32;22m     all[0m[34;1m     17.56[0m[34;22m      0.00[0m[34;1m     30.03[0m[34;22m      0.00[0m[34;22m      0.00[0m[34;1m     52.41[0m
13:12:47   [32;22m     all[0m[34;1m     16.71[0m[34;22m      0.00[0m[34;1m     26.06[0m[34;22m      0.00[0m[34;22m      0.00[0m[34;1m     57.22[0m
13:12:48   [32;22m     all[0m[34;1m     16.71[0m[34;22m      0.00[0m[34;1m     27.48[0m[34;22m      0.00[0m[34;22m      0.00[0m[34;1m     55.81[0m
13:12:49   [32;22m     all[0m[34;1m     17.48[0m[34;22m      0.00[0m[34;1m     27.51[0m[34;22m      0.00[0m[34;22m      0.00[0m[34;1m     55.01[0m
13:12:50   [32;22m     all[0m[34;1m     14.01[0m[34;22m      0.00[0m[34;1m     23.53[0m[34;22m      0.00[0m[34;22m      0.00[0m[34;1m     62.46[0m
13:12:51   [32;22m     all[0m[34;1m     15.82[0m[34;22m      0.00[0m[34;1m     26.27[0m[34;22m      0.00[0m[34;22m      0.00[0m[34;1m     57.91[0m
13:12:52   [32;22m     all[0m[34;1m     17.56[0m[34;22m      0.00[0m[34;1m     29.18[0m[34;22m      0.00[0m[34;22m      0.00[0m[34;1m     53.26[0m
13:12:53   [32;22m     all[0m[34;1m     14.37[0m[34;22m      0.00[0m[34;1m     23.66[0m[34;22m      0.00[0m[34;22m      0.00[0m[34;1m     61.97[0m
13:12:54   [32;22m     all[0m[34;1m     17.98[0m[34;22m      0.00[0m[34;1m     27.25[0m[34;22m      0.00[0m[34;22m      0.00[0m[34;1m     54.78[0m
13:12:55   [32;22m     all[0m[34;1m     17.28[0m[34;22m      0.00[0m[34;1m     27.20[0m[34;22m      0.00[0m[34;22m      0.00[0m[34;1m     55.52[0m
13:12:56   [32;22m     all[0m[34;1m     18.08[0m[34;22m      0.00[0m[34;1m     26.55[0m[34;22m      0.00[0m[34;22m      0.00[0m[34;1m     55.37[0m
13:12:57   [32;22m     all[0m[34;1m     15.38[0m[34;22m      0.00[0m[34;1m     23.08[0m[34;22m      0.00[0m[34;22m      0.00[0m[34;1m     61.54[0m
13:12:58   [32;22m     all[0m[34;1m     17.23[0m[34;22m      0.00[0m[34;1m     27.40[0m[34;22m      0.00[0m[34;22m      0.00[0m[34;1m     55.37[0m
13:12:59   [32;22m     all[0m[34;1m     17.85[0m[34;22m      0.00[0m[34;1m     28.90[0m[34;22m      0.00[0m[34;22m      0.00[0m[34;1m     53.26[0m
13:13:00   [32;22m     all[0m[34;1m     15.99[0m[34;22m      0.00[0m[34;1m     28.20[0m[34;22m      0.00[0m[34;22m      0.00[0m[34;1m     55.81[0m
13:13:01   [32;22m     all[0m[34;1m     14.77[0m[34;22m      0.00[0m[34;1m     24.72[0m[34;22m      0.00[0m[34;22m      0.00[0m[34;1m     60.51[0m
13:13:02   [32;22m     all[0m[34;1m     16.67[0m[34;22m      0.00[0m[34;1m     26.27[0m[34;22m      0.00[0m[34;22m      0.00[0m[34;1m     57.06[0m
13:13:03   [32;22m     all[0m[34;1m     16.67[0m[34;22m      0.00[0m[34;1m     25.57[0m[34;22m      0.00[0m[34;22m      0.00[0m[34;1m     57.76[0m
13:13:04   [32;22m     all[0m[34;1m     16.95[0m[34;22m      0.00[0m[34;1m     25.71[0m[34;22m      0.00[0m[34;22m      0.00[0m[34;1m     57.34[0m
13:13:05   [32;22m     all[0m[34;1m     17.56[0m[34;22m      0.00[0m[34;1m     29.46[0m[34;22m      0.00[0m[34;22m      0.00[0m[34;1m     52.97[0m
13:13:06   [32;22m     all[0m[34;1m     16.99[0m[34;22m      0.00[0m[34;1m     24.79[0m[34;22m      0.00[0m[34;22m      0.00[0m[34;1m     58.22[0m
13:13:07   [32;22m     all[0m[34;1m     15.06[0m[34;22m      0.00[0m[34;1m     21.59[0m[34;22m      0.00[0m[34;22m      0.00[0m[34;1m     63.35[0m
13:13:08   [32;22m     all[0m[34;1m     17.29[0m[34;22m      0.00[0m[34;1m     27.95[0m[34;22m      0.00[0m[34;22m      0.00[0m[34;1m     54.76[0m
13:13:09   [32;22m     all[0m[34;1m     15.24[0m[34;22m      0.00[0m[34;1m     27.70[0m[34;22m      0.00[0m[34;22m      0.00[0m[34;1m     57.06[0m
13:13:10   [32;22m     all[0m[34;1m     17.14[0m[34;22m      0.00[0m[34;1m     27.43[0m[34;22m      0.00[0m[34;22m      0.00[0m[34;1m     55.43[0m
13:13:11   [32;22m     all[0m[34;1m     15.64[0m[34;22m      0.00[0m[34;1m     27.09[0m[34;22m      0.00[0m[34;22m      0.00[0m[34;1m     57.26[0m
13:13:12   [32;22m     all[0m[34;1m     16.19[0m[34;22m      0.00[0m[34;1m     26.99[0m[34;22m      0.00[0m[34;22m      0.00[0m[34;1m     56.82[0m
13:13:13   [32;22m     all[0m[34;1m     15.49[0m[34;22m      0.00[0m[34;1m     26.20[0m[34;22m      0.00[0m[34;22m      0.00[0m[34;1m     58.31[0m
13:13:14   [32;22m     all[0m[34;1m     16.38[0m[34;22m      0.00[0m[34;1m     26.27[0m[34;22m      0.00[0m[34;22m      0.00[0m[34;1m     57.34[0m
13:13:15   [32;22m     all[0m[34;1m     16.76[0m[34;22m      0.00[0m[34;1m     27.84[0m[34;22m      0.00[0m[34;22m      0.00[0m[34;1m     55.40[0m
13:13:16   [32;22m     all[0m[34;1m     17.55[0m[34;22m      0.00[0m[34;1m     27.30[0m[34;22m      0.00[0m[34;22m      0.00[0m[34;1m     55.15[0m
13:13:17   [32;22m     all[0m[34;1m     16.76[0m[34;22m      0.00[0m[34;1m     28.12[0m[34;22m      0.00[0m[34;22m      0.00[0m[34;1m     55.11[0m
13:13:18   [32;22m     all[0m[34;1m     17.48[0m[34;22m      0.00[0m[34;1m     26.36[0m[34;22m      0.00[0m[34;22m      0.00[0m[34;1m     56.16[0m
13:13:19   [32;22m     all[0m[34;1m     15.70[0m[34;22m      0.00[0m[34;1m     23.97[0m[34;22m      0.00[0m[34;22m      0.00[0m[34;1m     60.33[0m
13:13:20   [32;22m     all[0m[34;1m     17.14[0m[34;22m      0.00[0m[34;1m     30.57[0m[34;22m      0.00[0m[34;22m      0.00[0m[34;1m     52.29[0m
13:13:21   [32;22m     all[0m[34;1m     16.01[0m[34;22m      0.00[0m[34;1m     26.69[0m[34;22m      0.00[0m[34;22m      0.00[0m[34;1m     57.30[0m
13:13:22   [32;22m     all[0m[34;1m     18.80[0m[34;22m      0.00[0m[34;1m     28.77[0m[34;22m      0.00[0m[34;22m      0.00[0m[34;1m     52.42[0m
13:13:23   [32;22m     all[0m[34;1m     13.73[0m[34;22m      0.00[0m[34;1m     24.09[0m[34;22m      0.00[0m[34;22m      0.00[0m[34;1m     62.18[0m
13:13:24   [32;22m     all[0m[34;1m     15.47[0m[34;22m      0.00[0m[34;1m     25.79[0m[34;22m      0.00[0m[34;22m      0.00[0m[34;1m     58.74[0m
13:13:25   [32;22m     all[0m[34;1m     13.52[0m[34;22m      0.00[0m[34;1m     21.41[0m[34;22m      0.00[0m[34;22m      0.00[0m[34;1m     65.07[0m
13:13:26   [32;22m     all[0m[34;1m     16.67[0m[34;22m      0.00[0m[34;1m     28.74[0m[34;22m      0.00[0m[34;22m      0.00[0m[34;1m     54.60[0m
13:13:27   [32;22m     all[0m[34;1m     15.52[0m[34;22m      0.00[0m[34;1m     26.44[0m[34;22m      0.00[0m[34;22m      0.00[0m[34;1m     58.05[0m
13:13:28   [32;22m     all[0m[34;1m     17.00[0m[34;22m      0.00[0m[34;1m     25.21[0m[34;22m      0.00[0m[34;22m      0.00[0m[34;1m     57.79[0m
13:13:29   [32;22m     all[0m[34;1m     14.12[0m[34;22m      0.00[0m[34;1m     23.16[0m[34;22m      0.00[0m[34;22m      0.00[0m[34;1m     62.71[0m
13:13:30   [32;22m     all[0m[34;1m     15.82[0m[34;22m      0.00[0m[34;1m     26.55[0m[34;22m      0.00[0m[34;22m      0.00[0m[34;1m     57.63[0m
13:13:31   [32;22m     all[0m[34;1m     14.89[0m[34;22m      0.00[0m[34;1m     23.88[0m[34;22m      0.00[0m[34;22m      0.00[0m[34;1m     61.24[0m
13:13:32   [32;22m     all[0m[34;1m     16.43[0m[34;22m      0.00[0m[34;1m     27.38[0m[34;22m      0.00[0m[34;22m      0.00[0m[34;1m     56.20[0m
13:13:33   [32;22m     all[0m[34;1m     16.19[0m[34;22m      0.00[0m[34;1m     23.86[0m[34;22m      0.00[0m[34;22m      0.00[0m[34;1m     59.94[0m
13:13:34   [32;22m     all[0m[34;1m     17.23[0m[34;22m      0.00[0m[34;1m     27.40[0m[34;22m      0.00[0m[34;22m      0.00[0m[34;1m     55.37[0m
13:13:35   [32;22m     all[0m[34;1m     15.88[0m[34;22m      0.00[0m[34;1m     25.35[0m[34;22m      0.00[0m[34;22m      0.00[0m[34;1m     58.77[0m
13:13:36   [32;22m     all[0m[34;1m     15.97[0m[34;22m      0.00[0m[34;1m     24.09[0m[34;22m      0.00[0m[34;22m      0.00[0m[34;1m     59.94[0m
13:13:37   [32;22m     all[0m[34;1m     14.04[0m[34;22m      0.00[0m[34;1m     22.19[0m[34;22m      0.00[0m[34;22m      0.00[0m[34;1m     63.76[0m
13:13:38   [32;22m     all[0m[34;1m     18.21[0m[34;22m      0.00[0m[34;1m     27.17[0m[34;1m      0.28[0m[34;22m      0.00[0m[34;1m     54.34[0m
13:13:39   [32;22m     all[0m[34;1m     17.00[0m[34;22m      0.00[0m[34;1m     26.06[0m[34;22m      0.00[0m[34;22m      0.00[0m[34;1m     56.94[0m
13:13:40   [32;22m     all[0m[34;1m     17.09[0m[34;22m      0.00[0m[34;1m     27.92[0m[34;22m      0.00[0m[34;22m      0.00[0m[34;1m     54.99[0m
13:13:41   [32;22m     all[0m[34;1m     16.19[0m[34;22m      0.00[0m[34;1m     26.99[0m[34;22m      0.00[0m[34;22m      0.00[0m[34;1m     56.82[0m
13:13:42   [32;22m     all[0m[34;1m     16.19[0m[34;22m      0.00[0m[34;1m     26.99[0m[34;22m      0.00[0m[34;22m      0.00[0m[34;1m     56.82[0m
13:13:43   [32;22m     all[0m[34;1m     15.30[0m[34;22m      0.00[0m[34;1m     24.08[0m[34;22m      0.00[0m[34;22m      0.00[0m[34;1m     60.62[0m
13:13:44   [32;22m     all[0m[34;1m     18.18[0m[34;22m      0.00[0m[34;1m     26.70[0m[34;22m      0.00[0m[34;22m      0.00[0m[34;1m     55.11[0m
13:13:45   [32;22m     all[0m[34;1m     14.74[0m[34;22m      0.00[0m[34;1m     25.14[0m[34;22m      0.00[0m[34;22m      0.00[0m[34;1m     60.12[0m
13:13:46   [32;22m     all[0m[34;1m     16.48[0m[34;22m      0.00[0m[34;1m     26.42[0m[34;22m      0.00[0m[34;22m      0.00[0m[34;1m     57.10[0m
13:13:47   [32;22m     all[0m[34;1m     16.48[0m[34;22m      0.00[0m[34;1m     25.85[0m[34;22m      0.00[0m[34;22m      0.00[0m[34;1m     57.67[0m
13:13:48   [32;22m     all[0m[34;1m     18.08[0m[34;22m      0.00[0m[34;1m     27.68[0m[34;22m      0.00[0m[34;22m      0.00[0m[34;1m     54.24[0m
13:13:49   [32;22m     all[0m[34;1m     12.57[0m[34;22m      0.00[0m[34;1m     22.07[0m[34;22m      0.00[0m[34;22m      0.00[0m[34;1m     65.36[0m
13:13:50   [32;22m     all[0m[34;1m     16.94[0m[34;22m      0.00[0m[34;1m     25.00[0m[34;22m      0.00[0m[34;22m      0.00[0m[34;1m     58.06[0m
13:13:51   [32;22m     all[0m[34;1m     15.01[0m[34;22m      0.00[0m[34;1m     25.21[0m[34;1m      0.28[0m[34;22m      0.00[0m[34;1m     59.49[0m
13:13:52   [32;22m     all[0m[34;1m     17.33[0m[34;22m      0.00[0m[34;1m     27.84[0m[34;22m      0.00[0m[34;22m      0.00[0m[34;1m     54.83[0m
13:13:53   [32;22m     all[0m[34;1m     16.34[0m[34;22m      0.00[0m[34;1m     25.35[0m[34;22m      0.00[0m[34;22m      0.00[0m[34;1m     58.31[0m
13:13:54   [32;22m     all[0m[34;1m     16.06[0m[34;22m      0.00[0m[34;1m     24.79[0m[34;22m      0.00[0m[34;22m      0.00[0m[34;1m     59.15[0m
13:13:55   [32;22m     all[0m[34;1m     16.48[0m[34;22m      0.00[0m[34;1m     25.00[0m[34;22m      0.00[0m[34;22m      0.00[0m[34;1m     58.52[0m
13:13:56   [32;22m     all[0m[34;1m     15.51[0m[34;22m      0.00[0m[34;1m     24.10[0m[34;22m      0.00[0m[34;22m      0.00[0m[34;1m     60.39[0m
13:13:57   [32;22m     all[0m[34;1m     16.48[0m[34;22m      0.00[0m[34;1m     27.09[0m[34;22m      0.00[0m[34;22m      0.00[0m[34;1m     56.42[0m
13:13:58   [32;22m     all[0m[34;1m     17.42[0m[34;22m      0.00[0m[34;1m     26.12[0m[34;22m      0.00[0m[34;22m      0.00[0m[34;1m     56.46[0m
13:13:59   [32;22m     all[0m[34;1m     15.80[0m[34;22m      0.00[0m[34;1m     25.00[0m[34;22m      0.00[0m[34;22m      0.00[0m[34;1m     59.20[0m
13:14:00   [32;22m     all[0m[34;1m     15.41[0m[34;22m      0.00[0m[34;1m     23.53[0m[34;22m      0.00[0m[34;22m      0.00[0m[34;1m     61.06[0m
13:14:01   [32;22m     all[0m[34;1m     15.64[0m[34;22m      0.00[0m[34;1m     25.14[0m[34;1m      0.28[0m[34;22m      0.00[0m[34;1m     58.94[0m
13:14:02   [32;22m     all[0m[34;1m     18.75[0m[34;22m      0.00[0m[34;1m     28.41[0m[34;22m      0.00[0m[34;22m      0.00[0m[34;1m     52.84[0m
13:14:03   [32;22m     all[0m[34;1m     15.58[0m[34;22m      0.00[0m[34;1m     26.63[0m[34;22m      0.00[0m[34;22m      0.00[0m[34;1m     57.79[0m
13:14:04   [32;22m     all[0m[34;1m     16.38[0m[34;22m      0.00[0m[34;1m     27.12[0m[34;22m      0.00[0m[34;22m      0.00[0m[34;1m     56.50[0m
13:14:05   [32;22m     all[0m[34;1m     15.21[0m[34;22m      0.00[0m[34;1m     24.79[0m[34;22m      0.00[0m[34;22m      0.00[0m[34;1m     60.00[0m
13:14:06   [32;22m     all[0m[34;1m     15.04[0m[34;22m      0.00[0m[34;1m     24.79[0m[34;22m      0.00[0m[34;22m      0.00[0m[34;1m     60.17[0m
13:14:07   [32;22m     all[0m[34;1m     16.62[0m[34;22m      0.00[0m[34;1m     24.79[0m[34;22m      0.00[0m[34;22m      0.00[0m[34;1m     58.59[0m
13:14:08   [32;22m     all[0m[34;1m     16.57[0m[34;22m      0.00[0m[34;1m     27.71[0m[34;22m      0.00[0m[34;22m      0.00[0m[34;1m     55.71[0m
13:14:09   [32;22m     all[0m[34;1m     14.76[0m[34;22m      0.00[0m[34;1m     24.79[0m[34;22m      0.00[0m[34;22m      0.00[0m[34;1m     60.45[0m
13:14:10   [32;22m     all[0m[34;1m     16.67[0m[34;22m      0.00[0m[34;1m     24.58[0m[34;22m      0.00[0m[34;22m      0.00[0m[34;1m     58.76[0m
13:14:11   [32;22m     all[0m[34;1m     16.48[0m[34;22m      0.00[0m[34;1m     28.12[0m[34;22m      0.00[0m[34;22m      0.00[0m[34;1m     55.40[0m
13:14:12   [32;22m     all[0m[34;1m     15.60[0m[34;22m      0.00[0m[34;1m     25.35[0m[34;22m      0.00[0m[34;22m      0.00[0m[34;1m     59.05[0m
13:14:13   [32;22m     all[0m[34;1m     14.41[0m[34;22m      0.00[0m[34;1m     23.16[0m[34;22m      0.00[0m[34;22m      0.00[0m[34;1m     62.43[0m
13:14:14   [32;22m     all[0m[34;1m     16.38[0m[34;22m      0.00[0m[34;1m     27.12[0m[34;22m      0.00[0m[34;22m      0.00[0m[34;1m     56.50[0m
13:14:15   [32;22m     all[0m[34;1m     16.67[0m[34;22m      0.00[0m[34;1m     27.12[0m[34;22m      0.00[0m[34;22m      0.00[0m[34;1m     56.21[0m
13:14:16   [32;22m     all[0m[34;1m     15.34[0m[34;22m      0.00[0m[34;1m     23.58[0m[34;22m      0.00[0m[34;22m      0.00[0m[34;1m     61.08[0m
13:14:17   [32;22m     all[0m[34;1m     16.43[0m[34;22m      0.00[0m[34;1m     27.20[0m[34;22m      0.00[0m[34;22m      0.00[0m[34;1m     56.37[0m
13:14:18   [32;22m     all[0m[34;1m     16.10[0m[34;22m      0.00[0m[34;1m     22.60[0m[34;22m      0.00[0m[34;22m      0.00[0m[34;1m     61.30[0m
13:14:19   [32;22m     all[0m[34;1m     17.33[0m[34;22m      0.00[0m[34;1m     27.56[0m[34;22m      0.00[0m[34;22m      0.00[0m[34;1m     55.11[0m
13:14:20   [32;22m     all[0m[34;1m     14.72[0m[34;22m      0.00[0m[34;1m     23.89[0m[34;22m      0.00[0m[34;22m      0.00[0m[34;1m     61.39[0m
13:14:21   [32;22m     all[0m[34;1m     16.86[0m[34;22m      0.00[0m[34;1m     24.57[0m[34;22m      0.00[0m[34;22m      0.00[0m[34;1m     58.57[0m
13:14:22   [32;22m     all[0m[34;1m     16.86[0m[34;22m      0.00[0m[34;1m     26.57[0m[34;22m      0.00[0m[34;22m      0.00[0m[34;1m     56.57[0m
13:14:23   [32;22m     all[0m[34;1m     16.48[0m[34;22m      0.00[0m[34;1m     25.98[0m[34;22m      0.00[0m[34;22m      0.00[0m[34;1m     57.54[0m
13:14:24   [32;22m     all[0m[34;1m     16.38[0m[34;22m      0.00[0m[34;1m     27.59[0m[34;22m      0.00[0m[34;22m      0.00[0m[34;1m     56.03[0m
13:14:25   [32;22m     all[0m[34;1m     16.76[0m[34;22m      0.00[0m[34;1m     26.26[0m[34;22m      0.00[0m[34;22m      0.00[0m[34;1m     56.98[0m
13:14:26   [32;22m     all[0m[34;1m     14.70[0m[34;22m      0.00[0m[34;1m     25.94[0m[34;22m      0.00[0m[34;22m      0.00[0m[34;1m     59.37[0m
13:14:27   [32;22m     all[0m[34;1m     15.86[0m[34;22m      0.00[0m[34;1m     24.65[0m[34;22m      0.00[0m[34;22m      0.00[0m[34;1m     59.49[0m
13:14:28   [32;22m     all[0m[34;1m     16.48[0m[34;22m      0.00[0m[34;1m     26.70[0m[34;22m      0.00[0m[34;22m      0.00[0m[34;1m     56.82[0m
13:14:29   [32;22m     all[0m[34;1m     15.97[0m[34;22m      0.00[0m[34;1m     23.81[0m[34;22m      0.00[0m[34;22m      0.00[0m[34;1m     60.22[0m
13:14:30   [32;22m     all[0m[34;1m     17.80[0m[34;22m      0.00[0m[34;1m     29.10[0m[34;22m      0.00[0m[34;22m      0.00[0m[34;1m     53.11[0m
13:14:31   [32;22m     all[0m[34;1m     14.77[0m[34;22m      0.00[0m[34;1m     25.85[0m[34;22m      0.00[0m[34;22m      0.00[0m[34;1m     59.38[0m
13:14:32   [32;22m     all[0m[34;1m     18.79[0m[34;22m      0.00[0m[34;1m     29.48[0m[34;22m      0.00[0m[34;22m      0.00[0m[34;1m     51.73[0m
13:14:33   [32;22m     all[0m[34;1m     14.97[0m[34;22m      0.00[0m[34;1m     25.71[0m[34;22m      0.00[0m[34;22m      0.00[0m[34;1m     59.32[0m
13:14:34   [32;22m     all[0m[34;1m     15.69[0m[34;22m      0.00[0m[34;1m     25.77[0m[34;22m      0.00[0m[34;22m      0.00[0m[34;1m     58.54[0m
13:14:35   [32;22m     all[0m[34;1m     17.93[0m[34;22m      0.00[0m[34;1m     26.33[0m[34;22m      0.00[0m[34;22m      0.00[0m[34;1m     55.74[0m
13:14:36   [32;22m     all[0m[34;1m     15.01[0m[34;22m      0.00[0m[34;1m     27.20[0m[34;22m      0.00[0m[34;22m      0.00[0m[34;1m     57.79[0m
13:14:37   [32;22m     all[0m[34;1m     14.93[0m[34;22m      0.00[0m[34;1m     25.35[0m[34;22m      0.00[0m[34;22m      0.00[0m[34;1m     59.72[0m
13:14:38   [32;22m     all[0m[34;1m     16.15[0m[34;22m      0.00[0m[34;1m     29.18[0m[34;22m      0.00[0m[34;22m      0.00[0m[34;1m     54.67[0m
13:14:39   [32;22m     all[0m[34;1m     18.10[0m[34;22m      0.00[0m[34;1m     31.03[0m[34;22m      0.00[0m[34;22m      0.00[0m[34;1m     50.86[0m
13:14:40   [32;22m     all[0m[34;1m     15.86[0m[34;22m      0.00[0m[34;1m     24.36[0m[34;22m      0.00[0m[34;22m      0.00[0m[34;1m     59.77[0m
13:14:41   [32;22m     all[0m[34;1m     14.73[0m[34;22m      0.00[0m[34;1m     23.51[0m[34;22m      0.00[0m[34;22m      0.00[0m[34;1m     61.76[0m
13:14:42   [32;22m     all[0m[34;1m     15.75[0m[34;22m      0.00[0m[34;1m     24.59[0m[34;1m      0.28[0m[34;22m      0.00[0m[34;1m     59.39[0m
13:14:43   [32;22m     all[0m[34;1m     16.76[0m[34;22m      0.00[0m[34;1m     26.42[0m[34;22m      0.00[0m[34;22m      0.00[0m[34;1m     56.82[0m
13:14:44   [32;22m     all[0m[34;1m     16.76[0m[34;22m      0.00[0m[34;1m     23.46[0m[34;22m      0.00[0m[34;22m      0.00[0m[34;1m     59.78[0m
13:14:45   [32;22m     all[0m[34;1m     15.95[0m[34;22m      0.00[0m[34;1m     25.64[0m[34;22m      0.00[0m[34;22m      0.00[0m[34;1m     58.40[0m
13:14:46   [32;22m     all[0m[34;1m     15.80[0m[34;22m      0.00[0m[34;1m     27.01[0m[34;22m      0.00[0m[34;22m      0.00[0m[34;1m     57.18[0m
13:14:47   [32;22m     all[0m[34;1m     17.05[0m[34;22m      0.00[0m[34;1m     29.55[0m[34;22m      0.00[0m[34;22m      0.00[0m[34;1m     53.41[0m
13:14:48   [32;22m     all[0m[34;1m     14.01[0m[34;22m      0.00[0m[34;1m     20.45[0m[34;22m      0.00[0m[34;22m      0.00[0m[34;1m     65.55[0m
13:14:49   [32;22m     all[0m[34;1m     16.67[0m[34;22m      0.00[0m[34;1m     25.42[0m[34;22m      0.00[0m[34;22m      0.00[0m[34;1m     57.91[0m
13:14:50   [32;22m     all[0m[34;1m     18.26[0m[34;22m      0.00[0m[34;1m     26.40[0m[34;22m      0.00[0m[34;22m      0.00[0m[34;1m     55.34[0m
13:14:51   [32;22m     all[0m[34;1m     18.41[0m[34;22m      0.00[0m[34;1m     30.88[0m[34;22m      0.00[0m[34;22m      0.00[0m[34;1m     50.71[0m
13:14:52   [32;22m     all[0m[34;1m     14.81[0m[34;22m      0.00[0m[34;1m     24.79[0m[34;22m      0.00[0m[34;22m      0.00[0m[34;1m     60.40[0m
13:14:53   [32;22m     all[0m[34;1m     15.36[0m[34;22m      0.00[0m[34;1m     24.30[0m[34;22m      0.00[0m[34;22m      0.00[0m[34;1m     60.34[0m
