procs -----------memory---------- ---swap-- -----io---- -system-- -------cpu-------
 r  b   swpd   free   buff  cache   si   so    bi    bo   in   cs us sy id wa st gu
 3  0      0 1236300 38188 1518016   0    0    11   966 14318  78 11 15 74  0  0  0
 0  0      0 1310804 38188 1518084   0    0     0    20 7440 13234 4  5 91  0  0  0
 0  0      0 1289272 38212 1518192   0    0     0   148 8435 15506 4  5 91  0  0  0
 0  0      0 1260472 38212 1518452   0    0     0    60 9544 17263 5  6 89  0  0  0
 6  0      0 1232424 38212 1518724   0    0     0    28 13427 26250 6 7 87  0  0  0
 0  0      0 1208856 38212 1519004   0    0     0    20 12572 24747 5 7 87  0  0  0
 0  0      0 1173224 38212 1519296   0    0     0     4 12978 24263 5 8 87  0  0  0
 0  0      0 1147144 38220 1519592   0    0     0    52 16244 32032 6 8 86  0  0  0
 2  0      0 1110296 38220 1520004   0    0     0    16 15921 31482 7 9 84  0  0  0
 0  0      0 1074428 38224 1520364   0    0     0  1672 19107 38753 9 9 82  0  0  0
 0  0      0 1039916 38224 1520844   0    0     0     0 21818 45456 9 12 79 0  0  0
 1  0      0 1005048 38224 1521200   0    0     0   208 19943 39991 8 9 83  0  0  0
13  0      0 972244  38224 1521728   0    0     0    24 23543 49725 9 15 76 0  0  0
 8  0      0 938628  38232 1522256   0    0     0   136 23203 49649 10 13 76 0 0  0
 0  0      0 903780  38232 1522808   0    0     0    28 25038 52365 11 13 76 0 0  0
 0  0      0 869224  38232 1523276   0    0     0    24 26072 56311 10 16 74 0 0  0
 9  0      0 825688  38232 1523968   0    0     0     0 28116 59089 13 17 70 0 0  0
 1  0      0 794616  38260 1524420   0    0     0   296 27467 60454 13 17 70 0 0  0
 1  0      0 761636  38260 1525172   0    0     0    16 27841 60925 12 17 71 0 0  0
13  0      0 726384  38260 1525632   0    0     0    24 29008 61260 12 19 69 0 0  0
 0  0      0 691876  38260 1526496   0    0     0     0 31554 68916 13 19 68 0 0  0
procs -----------memory---------- ---swap-- -----io---- -system-- -------cpu-------
 r  b   swpd   free   buff  cache   si   so    bi    bo   in   cs us sy id wa st gu
 3  0      0 655356  38268 1527112   0    0     0    96 31583 67579 13 19 68 0 0  0
 7  0      0 623684  38276 1527960   0    0     0    52 32929 72957 14 19 67 0 0  0
 0  0      0 589912  38276 1528556   0    0     0    68 31149 67640 12 20 67 0 0  0
11  0      0 550640  38276 1529420   0    0     0  7420 34744 76454 14 20 66 0 0  0
 1  0      0 516180  38276 1530364   0    0   168    52 36105 79497 18 24 59 0 0  0
 0  0      0 474620  38276 1531252   0    0     0     0 35015 77859 16 25 60 0 0  0
 7  0      0 441328  38284 1531984   0    0     0    84 35073 78342 15 21 64 0 0  0
 2  0      0 403636  38284 1532864   0    0     0    16 36548 80613 16 24 61 0 0  0
 3  0      0 373096  38284 1533652   0    0     0    24 35150 79290 17 24 60 0 0  0
 0  0      0 340424  38284 1534456   0    0     0     0 36157 78313 18 27 55 0 0  0
 0  0      0 324412  38284 1535344   0    0     0    24 39530 88163 16 26 58 0 0  0
 8  0      0 323180  38300 1536188   0    0    24   116 39470 88141 17 24 59 0 0  0
11  0      0 322452  38300 1536856   0    0     0    60 39041 84503 16 26 58 0 0  0
 9  0      0 319508  38300 1537888   0    0     0     0 39858 88458 19 27 54 0 0  0
 2  0      0 318260  38308 1538748   0    0    60    80 39709 93345 17 25 57 0 0  0
10  0      0 313532  38308 1539528   0    0     0     0 37638 83734 15 21 64 0 0  0
 0  0      0 311768  38308 1540332   0    0     0    28 40132 88890 15 22 63 0 0  0
 8  0      0 309808  38308 1541084   0    0     0    16 37321 82320 14 22 64 0 0  0
 4  0      0 309052  38308 1541980   0    0     0    24 39758 89397 15 24 61 0 0  0
 9  0      0 307820  38316 1542644   0    0     0    36 40125 90690 14 21 65 0 0  0
 7  0      0 305076  38316 1543316   0    0     0    24 37669 82201 15 23 62 0 0  0
procs -----------memory---------- ---swap-- -----io---- -system-- -------cpu-------
 r  b   swpd   free   buff  cache   si   so    bi    bo   in   cs us sy id wa st gu
 6  0      0 303872  38316 1544224   0    0     0    24 37082 81878 15 22 63 0 0  0
19  0      0 303116  38324 1544836   0    0     0    84 39009 86935 15 22 63 0 0  0
 4  0      0 302612  38324 1545720   0    0     0 15716 37157 85088 15 25 61 0 0  0
 9  0      0 301156  38324 1546516   0    0     0    48 39929 89502 18 28 53 0 0  0
 1  0      0 298944  38324 1547476   0    0     0     0 38668 89902 18 26 56 0 0  0
 0  0      0 298244  38336 1548196   0    0     0   128 38662 85767 14 22 63 0 0  0
 6  0      0 297768  38336 1549012   0    0     0    16 38634 89819 15 22 63 0 0  0
10  0      0 297516  38336 1549660   0    0     0    24 37502 86124 14 20 66 0 0  0
 4  0      0 296032  38336 1550520   0    0     0     0 39092 87609 15 23 62 0 0  0
 3  0      0 293036  38336 1551300   0    0     0    24 38814 86208 15 24 61 0 0  0
 0  0      0 291060  38340 1552048   0    0     0    92 36897 81949 16 23 60 0 0  0
 0  0      0 290080  38340 1552776   0    0     0    56 39106 86789 15 23 62 0 0  0
 8  0      0 288848  38340 1553536   0    0     0     0 38017 88229 15 22 62 0 0  0
 1  0      0 285348  38348 1554208   0    0     0    88 38846 86918 16 24 60 0 0  0
 4  0      0 284116  38348 1555088   0    0     0     0 40970 95092 16 23 61 0 0  0
 8  0      0 282856  38348 1555864   0    0     0    24 38139 86764 16 26 58 0 0  0
 9  0      0 280084  38348 1556460   0    0     0    16 34986 80287 14 20 66 0 0  0
11  0      0 276556  38348 1557372   0    0     0    24 39116 90506 15 24 61 0 0  0
 0  0      0 272832  38352 1558188   0    0     0    32 38460 86909 16 27 57 0 0  0
 1  0      0 269836  38352 1558944   0    0     0    24 39994 91147 15 22 62 0 0  0
 0  0      0 268828  38360 1559616   0    0     0    68 39025 88783 15 23 62 0 0  0
procs -----------memory---------- ---swap-- -----io---- -system-- -------cpu-------
 r  b   swpd   free   buff  cache   si   so    bi    bo   in   cs us sy id wa st gu
 9  0      0 267344  38360 1560568   0    0     0    84 40322 89508 15 23 63 0 0  0
 7  0      0 265132  38360 1561212   0    0     0     0 37496 83280 15 20 65 0 0  0
 8  0      0 262612  38368 1561884   0    0     0    80 38374 86271 15 23 61 0 0  0
 0  0      0 260400  38368 1562652   0    0     0     0 39255 88258 16 25 60 0 0  0
 2  0      0 258944  38368 1563512   0    0     0    24 39133 86141 18 26 56 0 0  0
10  0      0 257936  38368 1564156   0    0     0    16 39019 88519 15 23 61 0 0  0
13  0      0 255444  38368 1564968   0    0     0    24 37779 84845 15 23 62 0 0  0
 4  0      0 253484  38376 1565784   0    0     0    36 38420 85020 16 25 59 0 0  0
13  0      0 250516  38384 1566428   0    0     0    52 37997 84573 15 23 62 0 0  0
10  0      0 248332  38384 1567220   0    0     0     0 37971 85537 14 22 64 0 0  0
 1  0      0 247352  38384 1567940   0    0     0    80 39644 90156 15 27 58 0 0  0
 7  0      0 244888  38384 1568884   0    0     0     0 38176 85197 16 25 59 0 0  0
 7  0      0 241640  38388 1569620   0    0     0 23688 36409 81598 18 27 54 0 0  0
15  0      0 235396  38400 1570424   0    0     0    88 37565 84827 16 26 58 0 0  0
 8  0      0 233408  38408 1571088   0    0     0    80 36770 83666 15 23 62 0 0  0
 7  0      0 232400  38408 1572008   0    0     0    16 39879 88564 16 25 59 0 0  0
14  0      0 229180  38416 1572776   0    0     0    72 40908 94443 15 26 60 0 0  0
 7  0      0 227696  38416 1573480   0    0     0    56 36687 83905 16 22 62 0 0  0
 9  0      0 226240  38416 1574256   0    0     0    24 37682 86549 14 23 63 0 0  0
 5  0      0 225260  38416 1575100   0    0     0     0 38471 86576 15 25 60 0 0  0
 7  0      0 223524  38416 1575896   0    0     0    64 38625 85956 16 24 60 0 0  0
procs -----------memory---------- ---swap-- -----io---- -system-- -------cpu-------
 r  b   swpd   free   buff  cache   si   so    bi    bo   in   cs us sy id wa st gu
 4  0      0 220500  38420 1576576   0    0     0    36 39171 85522 16 24 60 0 0  0
17  0      0 218540  38424 1577404   0    0     0    92 39964 86913 16 26 58 0 0  0
 1  0      0 214788  38424 1578148   0    0     0    24 37143 81236 16 26 58 0 0  0
11  0      0 213528  38424 1578888   0    0     0    24 39358 85248 17 25 58 0 0  0
 7  0      0 210588  38424 1579844   0    0     0    16 41444 92684 16 27 57 0 0  0
 6  0      0 208096  38424 1580388   0    0     0    28 40806 91412 15 23 62 0 0  0
 7  0      0 205576  38432 1581296   0    0     0    32 40773 89619 16 25 59 0 0  0
 0  0      0 203308  38432 1581980   0    0     0    24 40312 86721 15 24 61 0 0  0
10  0      0 202328  38440 1582800   0    0     0    60 39777 87496 14 23 62 0 0  0
 0  0      0 201068  38448 1583724   0    0     0    88 40247 87432 17 25 58 0 0  0
10  0      0 200060  38448 1584452   0    0     0     0 40269 89885 17 26 57 0 0  0
 0  0      0 198100  38448 1585328   0    0     0    24 40023 87157 16 26 58 0 0  0
 7  0      0 212496  38448 1585928   0    0     0    24 41711 89732 15 25 59 0 0  0
 0  0      0 211740  38448 1586888   0    0     0    24 41704 90723 17 27 57 0 0  0
 2  0      0 208968  38456 1587644   0    0     0    48 38365 82387 18 23 59 0 0  0
 7  0      0 207736  38456 1588520   0    0     0    24 42533 92017 16 25 59 0 0  0
 5  0      0 207008  38456 1589332   0    0     0     0 41090 90636 15 22 63 0 0  0
 0  0      0 206532  38464 1590248   0    0     0 20280 41707 90216 15 26 59 0 0  0
11  0      0 294480  38464 1493156   0    0     0     0 38968 86472 16 25 59 0 0  0
 3  0      0 293724  38464 1494144   0    0     0    80 38093 82253 15 25 60 0 0  0
 4  0      0 292772  38464 1494788   0    0     0     0 39839 86114 15 25 60 0 0  0
procs -----------memory---------- ---swap-- -----io---- -system-- -------cpu-------
 r  b   swpd   free   buff  cache   si   so    bi    bo   in   cs us sy id wa st gu
 7  0      0 291036  38464 1495588   0    0     0    24 40342 86793 17 26 57 0 0  0
10  0      0 290028  38480 1496424   0    0     0   112 42211 92408 17 27 55 0 0  0
 0  0      0 289552  38480 1497196   0    0     0    52 38612 83890 15 24 61 0 0  0
 5  0      0 288796  38480 1497696   0    0     0    16 39808 87177 16 23 61 0 0  0
 7  0      0 288292  38488 1498688   0    0     0    56 41212 93466 16 28 56 0 0  0
 5  0      0 287800  38488 1499396   0    0     0     0 40932 88687 15 25 60 0 0  0
14  0      0 287296  38488 1500416   0    0     0    24 38406 82400 20 29 52 0 0  0
 2  0      0 287072  38488 1500944   0    0     0     0 39013 85549 16 25 59 0 0  0
10  0      0 286596  38488 1501764   0    0     0    64 37845 80583 15 24 61 0 0  0
11  0      0 285840  38496 1502696   0    0     0    24 40005 89625 17 29 54 0 0  0
 4  0      0 285112  38500 1503332   0    0     0    52 40742 89162 17 28 55 0 0  0
 6  0      0 284384  38500 1504132   0    0     0    24 37891 83982 15 24 61 0 0  0
13  0      0 284132  38500 1504932   0    0     0    24 38057 84646 16 25 60 0 0  0
 0  0      0 283152  38500 1505852   0    0     0    16 39362 87512 18 28 54 0 0  0
 0  0      0 282648  38500 1506484   0    0     0    24 40960 88691 15 25 60 0 0  0
 6  0      0 279372  38504 1507356   0    0     0    32 38306 84343 16 26 58 0 0  0
 2  0      0 278432  38504 1507952   0    0     0    28 39709 86300 15 24 61 0 0  0
 0  0      0 277704  38512 1508992   0    0     0    64 40456 90762 18 28 54 0 0  0
 3  0      0 277228  38520 1509820   0    0     0   108 40221 88065 15 26 59 0 0  0
 0  0      0 276976  38520 1510608   0    0     0     0 38178 84797 16 25 60 0 0  0
 0  0      0 275520  38520 1511156   0    0     0    28 39734 86069 17 25 58 0 0  0
procs -----------memory---------- ---swap-- -----io---- -system-- -------cpu-------
 r  b   swpd   free   buff  cache   si   so    bi    bo   in   cs us sy id wa st gu
 2  0      0 274260  38520 1512224   0    0     0     0 40926 89974 17 25 58 0 0  0
 2  0      0 273000  38520 1512728   0    0     0    48 38261 85723 16 26 58 0 0  0
 1  0      0 271264  38528 1513800   0    0     0    48 38850 85479 16 26 58 0 0  0
 7  0      0 270032  38536 1514420   0    0     0    92 41977 91100 19 31 51 0 0  0
 0  0      0 269556  38536 1515404   0    0     0     0 37877 82441 16 25 60 0 0  0
 4  0      0 268800  38536 1516132   0    0     0 23460 40339 89809 17 28 55 0 0  0
 4  0      0 267572  38536 1516992   0    0     0     0 40690 89351 17 27 56 0 0  0
 0  0      0 267068  38536 1517736   0    0     0    84 40520 88166 16 24 60 0 0  0
 7  0      0 266092  38544 1518436   0    0     0    48 40666 88427 15 28 57 0 0  0
 4  0      0 264608  38552 1519428   0    0     0    56 41221 91197 18 29 53 0 0  0
11  0      0 263880  38552 1520012   0    0     0     0 35979 77102 15 22 64 0 0  0
 9  0      0 261640  38560 1520864   0    0     0   108 39916 88073 16 26 58 0 0  0
10  0      0 260884  38560 1521740   0    0     0    16 39040 86919 17 27 56 0 0  0
 0  0      0 260380  38560 1522492   0    0     0    24 41247 89727 15 28 57 0 0  0
 1  0      0 259400  38560 1523236   0    0     0     0 41955 92333 16 24 59 0 0  0
10  0      0 258392  38560 1524196   0    0     0    24 40920 89545 16 26 58 0 0  0
 0  0      0 257888  38568 1524900   0    0     0    36 40410 87858 16 26 58 0 0  0
 9  0      0 257636  38576 1525764   0    0     0   108 39854 87894 17 25 58 0 0  0
 0  0      0 256936  38576 1526600   0    0     0     0 38778 87238 16 25 58 0 0  0
 2  0      0 256712  38576 1527300   0    0     0    56 40674 90642 16 27 57 0 0  0
 0  0      0 255732  38576 1528284   0    0     0     0 39556 87281 17 26 57 0 0  0
procs -----------memory---------- ---swap-- -----io---- -system-- -------cpu-------
 r  b   swpd   free   buff  cache   si   so    bi    bo   in   cs us sy id wa st gu
 9  0      0 253744  38576 1528900   0    0     0    48 39468 85273 14 24 62 0 0  0
 6  0      0 252036  38584 1529648   0    0     0    48 40341 87797 16 26 57 0 0  0
 0  0      0 251056  38592 1530436   0    0     0    60 39637 85994 16 25 59 0 0  0
 0  0      0 250328  38592 1531084   0    0     0     0 39324 85457 15 22 62 0 0  0
 0  0      0 249572  38592 1531872   0    0     0    24 41234 89543 17 24 59 0 0  0
 6  0      0 248368  38592 1532652   0    0     0    32 37857 80977 15 24 61 0 0  0
 3  0      0 246884  38600 1533488   0    0     0    84 40882 90290 17 27 56 0 0  0
 1  0      0 245904  38600 1534236   0    0     0    28 37888 85244 17 25 58 0 0  0
 7  0      0 244168  38600 1535144   0    0     0    24 39607 87422 16 27 57 0 0  0
 0  0      0 242180  38600 1535672   0    0     0     0 39314 84903 15 26 60 0 0  0
 5  0      0 240696  38608 1536752   0    0     0    84 42164 92712 18 29 54 0 0  0
 0  0      0 238204  38608 1537320   0    0     0    16 40947 91173 15 25 60 0 0  0
 5  0      0 237196  38608 1538356   0    0     0    24 40048 87371 18 27 56 0 0  0
 8  0      0 234944  38608 1538912   0    0     0     0 40826 88914 16 26 57 0 0  0
 0  0      0 233768  38608 1539772   0    0     0    28 39208 85569 15 24 61 0 0  0
 4  0      0 232508  38616 1540524   0    0     0 24128 40733 88936 17 28 56 0 0  0
16  0      0 231752  38616 1541352   0    0     0    56 39704 87137 19 26 56 0 0  0
 6  0      0 230492  38624 1541992   0    0     0    56 38901 84537 15 26 58 0 0  0
 2  0      0 226740  38624 1542832   0    0     0    24 39019 86159 19 27 54 0 0  0
11  0      0 225228  38624 1543372   0    0     0     0 38743 84762 14 24 62 0 0  0
 5  0      0 222988  38632 1544232   0    0     0   184 41054 88669 15 26 59 0 0  0
procs -----------memory---------- ---swap-- -----io---- -system-- -------cpu-------
 r  b   swpd   free   buff  cache   si   so    bi    bo   in   cs us sy id wa st gu
14  0      0 222260  38632 1544868   0    0     0    16 39485 87710 14 25 61 0 0  0
 0  0      0 221812  38632 1545904   0    0     0    24 42009 93112 17 27 56 0 0  0
 5  0      0 221308  38632 1546608   0    0     0     0 40424 86539 16 26 58 0 0  0
 0  0      0 220808  38632 1547500   0    0     0    24 39208 84271 16 26 58 0 0  0
 9  0      0 218064  38640 1548216   0    0     0    36 40282 89802 17 25 58 0 0  0
 2  0      0 217840  38640 1549084   0    0     0    60 42193 91758 17 30 53 0 0  0
 6  0      0 217140  38648 1549832   0    0     0    48 39273 87644 17 27 56 0 0  0
 8  0      0 216636  38648 1550744   0    0     0    24 40689 88895 17 27 56 0 0  0
10  0      0 216160  38648 1551364   0    0     0     0 40579 87780 18 27 55 0 0  0
 0  0      0 213892  38648 1552284   0    0     0    52 39682 88700 14 24 62 0 0  0
 1  0      0 212156  38648 1552928   0    0     0    16 38128 82474 16 26 58 0 0  0
 7  0      0 211428  38664 1554028   0    0     0    92 41062 90008 18 29 54 0 0  0
 4  0      0 210420  38664 1554672   0    0     0     0 38595 82681 14 23 62 0 0  0
 8  0      0 209692  38664 1555400   0    0     0    24 41281 90119 18 28 54 0 0  0
 7  0      0 208208  38664 1556304   0    0     0    32 40219 88493 17 27 56 0 0  0
 0  0      0 207704  38664 1556924   0    0     0    60 42196 93756 18 27 55 0 0  0
 0  0      0 207228  38668 1557756   0    0     0    52 38894 83913 15 23 62 0 0  0
11  0      0 206724  38668 1558512   0    0     8    24 41250 90748 18 27 55 0 0  0
 6  0      0 206220  38668 1559336   0    0     0     0 39252 86094 17 29 54 0 0  0
 5  0      0 202720  38668 1560028   0    0     0    52 42493 92708 17 28 55 0 0  0
 3  0      0 201992  38668 1560760   0    0     0 16428 37665 83537 15 24 61 0 0  0
procs -----------memory---------- ---swap-- -----io---- -system-- -------cpu-------
 r  b   swpd   free   buff  cache   si   so    bi    bo   in   cs us sy id wa st gu
 5  0      0 201516  38676 1561664   0    0     0    84 41532 91045 16 27 57 0 0  0
 9  0      0 201292  38676 1562416   0    0     0     0 38711 84697 18 26 57 0 0  0
 1  0      0 200536  38684 1563140   0    0     0    52 40302 88672 16 26 59 0 0  0
 1  0      0 199304  38684 1564060   0    0     0     0 40747 89673 18 29 53 0 0  0
 5  0      0 198576  38688 1564592   0    0     0  7668 37436 83017 17 25 58 0 0  0
 0  0      0 198324  38688 1565588   0    0    16    24 38613 83427 15 22 63 0 0  0
 2  0      0 196644  38688 1566356   0    0     0    24 41363 90607 18 28 55 0 0  0
 3  0      0 193368  38696 1566908   0    0     0    44 39315 85751 16 28 56 0 0  0
 4  0      0 190596  38704 1567920   0    0     0    76 40422 89239 17 27 56 0 0  0
 7  0      0 189840  38704 1568552   0    0     0    16 40227 88479 16 27 57 0 0  0
 8  0      0 188664  38704 1569408   0    0     0    24 39588 87661 16 27 57 0 0  0
 6  0      0 187908  38704 1570292   0    0    72     0 40814 88524 16 26 58 0 0  0
 8  0      0 205100  38704 1571004   0    0     0    24 39358 86806 16 26 58 0 0  0
 4  0      0 202612  38712 1571812   0    0     0    36 39539 87461 17 28 55 0 0  0
 8  0      0 202136  38720 1572704   0    0     0    60 37955 84530 17 28 55 0 0  0
 3  0      0 201912  38720 1573268   0    0     0     0 36844 81485 17 28 55 0 0  0
 8  0      0 201408  38720 1574184   0    0     0    52 44974 98781 18 26 56 0 0  0
 8  0      0 201152  38720 1574956   0    0     0     0 37445 82054 16 25 60 0 0  0
 3  0      0 199444  38720 1575800   0    0     0    48 41062 90234 17 29 54 0 0  0
 4  0      0 199192  38728 1576692   0    0     0    48 40571 87814 17 27 56 0 0  0
 0  0      0 198688  38736 1577460   0    0     0    60 41474 92229 19 29 52 0 0  0
procs -----------memory---------- ---swap-- -----io---- -system-- -------cpu-------
 r  b   swpd   free   buff  cache   si   so    bi    bo   in   cs us sy id wa st gu
11  0      0 198464  38736 1578364   0    0     0     0 36965 83439 14 24 62 0 0  0
 4  0      0 197484  38736 1578924   0    0     0    52 40689 88599 15 24 61 0 0  0
 1  0      0 196028  38736 1579740   0    0     0     0 38728 86806 13 22 65 0 0  0
 8  0      0 195048  38736 1580636   0    0     0    56 39938 91080 17 30 53 0 0  0
 3  0      0 193536  38740 1581396   0    0     0    24 39876 88758 16 26 58 0 0  0
11  0      0 191548  38748 1582268   0    0     0    72 40729 92268 17 25 58 0 0  0
 6  0      0 189532  38748 1583024   0    0     0     0 36314 80929 14 23 63 0 0  0
 8  0      0 187040  38748 1583636   0    0     0    64 40303 92478 15 26 59 0 0  0
11  0      0 185052  38748 1584648   0    0     0 16452 39114 86511 16 26 59 0 0  0
 5  0      0 184548  38760 1585432   0    0     0   100 41377 92688 16 26 58 0 0  0
 2  0      0 183568  38760 1586184   0    0     0     0 39469 88225 17 24 59 0 0  0
 2  0      0 182812  38760 1587028   0    0     0    28 39991 87830 17 28 55 0 0  0
 0  0      0 182560  38760 1587856   0    0     0     0 36739 83128 16 24 60 0 0  0
 7  0      0 182084  38760 1588440   0    0     0    56 37748 86538 17 25 59 0 0  0
 8  0      0 181356  38768 1589100   0    0     0  7776 35726 79672 14 22 65 0 0  0
 4  0      0 180432  38776 1589704   0    0     0    72 38075 83700 18 27 55 0 0  0
11  0      0 268564  38776 1493284   0    0     0     0 39317 86554 17 27 56 0 0  0
 6  0      0 268184  38776 1494008   0    0     0    28 39396 89879 17 28 55 0 0  0
 2  0      0 267932  38776 1494684   0    0     0    40 41707 91129 16 27 56 0 0  0
 4  0      0 267204  38776 1495504   0    0    92    24 39203 83417 16 26 57 0 0  0
 3  0      0 266952  38784 1496236   0    0     0    60 37906 83814 15 24 61 0 0  0
procs -----------memory---------- ---swap-- -----io---- -system-- -------cpu-------
 r  b   swpd   free   buff  cache   si   so    bi    bo   in   cs us sy id wa st gu
 2  0      0 266448  38784 1496948   0    0     0    24 40648 90008 18 26 56 0 0  0
 7  0      0 265944  38784 1497820   0    0     0     0 39752 87363 15 25 61 0 0  0
 7  0      0 265692  38792 1498548   0    0     0    88 40396 88647 17 27 56 0 0  0
14  0      0 265468  38792 1499456   0    0     0     0 38021 82120 16 26 57 0 0  0
 4  0      0 264992  38792 1500180   0    0     0    48 39088 87589 18 27 54 0 0  0
 9  0      0 264992  38792 1500844   0    0     0     0 36864 79833 12 22 66 0 0  0
 1  0      0 264992  38792 1501616   0    0     0    24 39092 87996 17 24 59 0 0  0
 0  0      0 264544  38800 1502320   0    0     0    68 36705 80049 15 25 59 0 0  0
 6  0      0 264320  38800 1503164   0    0     0    28 40034 89767 18 29 54 0 0  0
 9  0      0 264320  38800 1504036   0    0     0     0 39423 87371 16 25 59 0 0  0
 7  0      0 263592  38800 1504584   0    0     0    48 39105 84978 16 24 60 0 0  0
 7  0      0 263340  38800 1505528   0    0     0     0 36675 83375 17 25 58 0 0  0
 6  0      0 263340  38812 1506372   0    0     0   108 39610 88222 15 24 60 0 0  0
 0  0      0 262640  38812 1507044   0    0     0     0 40735 90098 16 26 57 0 0  0
 0  0      0 262164  38812 1507968   0    0     0    80 40964 90350 17 27 55 0 0  0
 9  0      0 260232  38812 1508692   0    0     0     0 40735 91125 16 26 58 0 0  0
 7  0      0 259504  38820 1509524   0    0     0    56 38800 84985 15 23 62 0 0  0
 3  0      0 258804  38820 1510184   0    0     0    40 39609 87313 15 25 60 0 0  0
 2  0      0 258072  38820 1511196   0    0     0 16456 41134 90477 19 29 52 0 0  0
 4  0      0 257848  38820 1512056   0    0     0     0 40020 87990 17 27 57 0 0  0
 2  0      0 257344  38820 1512872   0    0     0    24 37665 85996 16 27 58 0 0  0
procs -----------memory---------- ---swap-- -----io---- -system-- -------cpu-------
 r  b   swpd   free   buff  cache   si   so    bi    bo   in   cs us sy id wa st gu
 7  0      0 252808  38828 1513316   0    0     0    60 40194 87401 15 25 59 0 0  0
 4  0      0 252556  38828 1514272   0    0     0    60 39187 88429 15 25 60 0 0  0
13  0      0 252304  38828 1514832   0    0     0  5356 39668 86926 16 24 59 0 0  0
 3  0      0 251044  38836 1515876   0    0     0    60 40730 88788 17 28 55 0 0  0
 5  0      0 248552  38836 1516392   0    0     0     0 39436 86432 14 24 62 0 0  0
 6  0      0 248076  38836 1517400   0    0     0    24 40849 88772 16 25 58 0 0  0
 5  0      0 247600  38836 1518088   0    0     0    40 40682 89621 17 28 55 0 0  0
10  0      0 247124  38844 1519040   0    0     0    68 37553 80930 15 25 60 0 0  0
 5  0      0 246396  38844 1519724   0    0     0     0 38448 84176 15 24 62 0 0  0
 3  0      0 245136  38844 1520368   0    0     0    24 41831 93470 17 26 57 0 0  0
11  0      0 242140  38844 1521292   0    0     0     0 41955 94947 16 27 56 0 0  0
 7  0      0 241888  38844 1522204   0    0     0    56 39913 87475 16 25 59 0 0  0
 0  0      0 241664  38852 1522972   0    0     0    24 40056 89162 16 26 58 0 0  0
 1  0      0 240908  38852 1523720   0    0   108    24 38978 87253 17 24 59 0 0  0
 0  0      0 240404  38860 1524704   0    0     0    60 41332 92061 17 27 56 0 0  0
 8  0      0 238920  38860 1525412   0    0     0    24 36118 79337 14 24 61 0 0  0
 2  0      0 238920  38860 1526200   0    0     0    40 38284 85248 16 25 59 0 0  0
 8  0      0 237940  38860 1526932   0    0    44    24 41227 91482 17 27 56 0 0  0
 9  0      0 237436  38860 1527716   0    0     0     0 37175 82179 17 25 58 0 0  0
 0  0      0 235980  38864 1528624   0    0     0    60 37987 82712 16 27 57 0 0  0
 4  0      0 234244  38864 1529412   0    0     0     0 42271 92151 17 27 56 0 0  0
procs -----------memory---------- ---swap-- -----io---- -system-- -------cpu-------
 r  b   swpd   free   buff  cache   si   so    bi    bo   in   cs us sy id wa st gu
 1  0      0 233768  38872 1530152   0    0     0    84 41810 89237 15 26 59 0 0  0
 5  0      0 233516  38872 1531020   0    0     0     0 39236 86092 16 24 59 0 0  0
12  0      0 232032  38872 1531820   0    0     0    24 40174 88221 16 28 56 0 0  0
 3  0      0 231780  38872 1532436   0    0     0    24 37815 83437 16 23 61 0 0  0
 8  0      0 230520  38872 1533472   0    0     0    36 39686 88053 17 29 54 0 0  0
12  0      0 229260  38888 1533992   0    0     0    92 39833 85337 15 26 59 0 0  0
 0  0      0 228532  38888 1534944   0    0     0    24 43212 94053 19 29 52 0 0  0
 8  0      0 227552  38888 1535616   0    0     0    28 38654 86436 14 25 60 0 0  0
 0  0      0 227300  38888 1536444   0    0     0     4 40106 88104 16 26 58 0 0  0
11  0      0 226068  38888 1537216   0    0     0    20 40564 89181 18 26 56 0 0  0
13  0      0 225088  38896 1538032   0    0     0    84 39754 89490 15 28 58 0 0  0
16  0      0 224360  38896 1538736   0    0     0    24 35891 77969 15 25 60 0 0  0
 7  0      0 223380  38896 1539432   0    0     0 24192 38362 87870 17 30 53 0 0  0
 0  0      0 222400  38904 1540396   0    0     0    64 41034 88958 18 30 52 0 0  0
 3  0      0 220424  38904 1541248   0    0     0    24 40070 89677 16 25 59 0 0  0
 0  0      0 219696  38904 1541972   0    0     0    20 38443 85920 15 23 62 0 0  0
 3  0      0 219196  38904 1542672   0    0     0    48 40117 89042 15 24 60 0 0  0
 0  0      0 218216  38904 1543492   0    0     0    16 39938 87887 17 26 57 0 0  0
 2  0      0 217460  38920 1544056   0    0     0    96 37999 83312 17 25 58 0 0  0
 0  0      0 216228  38920 1545004   0    0     0     0 40202 87675 16 25 59 0 0  0
 1  0      0 215500  38920 1545832   0    0     0    36 40858 91725 16 27 57 0 0  0
procs -----------memory---------- ---swap-- -----io---- -system-- -------cpu-------
 r  b   swpd   free   buff  cache   si   so    bi    bo   in   cs us sy id wa st gu
 3  0      0 214016  38920 1546600   0    0     0    20 40275 89230 17 28 55 0 0  0
 0  0      0 213540  38920 1547420   0    0     0     4 39592 87321 14 21 65 0 0  0
 4  0      0 212336  38928 1548184   0    0     0    52 40045 88545 16 26 58 0 0  0
15  0      0 210348  38928 1549020   0    0     0    28 37765 84315 19 26 55 0 0  0
 0  0      0 209120  38936 1549776   0    0     0    64 42985 95575 18 31 51 0 0  0
 0  0      0 207888  38936 1550668   0    0     0    24 40171 88135 15 25 60 0 0  0
346 0      0 772328  38936 1549912   0    0     0    24 36640 78392 15 29 56 0 0  0
