Linux 6.6.95 (minikube) 	04/17/26 	_x86_64_	(4 CPU)

13:15:18    kbmemfree   kbavail kbmemused  %memused kbbuffers  kbcached  kbcommit   %commit  kbactive   kbinact   kbdirty
13:15:19   [34;1m   1257948[0m[34;1m   1629840[0m[34;1m   1079924[0m[34;1m     26.99[0m[34;1m     39592[0m[34;1m   1486220[0m[34;1m   6059064[0m[31;1m    151.42[0m[34;1m    813748[0m[34;1m   1635376[0m[34;1m       392[0m
13:15:20   [34;1m   1228576[0m[34;1m   1600584[0m[34;1m   1108500[0m[34;1m     27.70[0m[34;1m     39592[0m[34;1m   1486312[0m[34;1m   6109412[0m[31;1m    152.68[0m[34;1m    814012[0m[34;1m   1667676[0m[34;1m       456[0m
13:15:21   [34;1m   1193732[0m[34;1m   1565904[0m[34;1m   1142212[0m[34;1m     28.55[0m[34;1m     39592[0m[34;1m   1486452[0m[34;1m   6159760[0m[31;1m    153.94[0m[34;1m    814068[0m[34;1m   1698944[0m[34;1m       596[0m
13:15:22   [34;1m   1153504[0m[34;1m   1525908[0m[34;1m   1180940[0m[34;1m     29.51[0m[34;1m     39592[0m[34;1m   1486600[0m[34;1m   6222396[0m[31;1m    155.51[0m[34;1m    814344[0m[34;1m   1733292[0m[34;1m       744[0m
13:15:23   [34;1m   1109376[0m[34;1m   1481904[0m[34;1m   1223728[0m[34;1m     30.58[0m[34;1m     39592[0m[34;1m   1486696[0m[34;1m   6273000[0m[31;1m    156.77[0m[34;1m    814384[0m[34;1m   1770368[0m[34;1m       840[0m
13:15:24   [34;1m   1065740[0m[34;1m   1438640[0m[34;1m   1265444[0m[34;1m     31.63[0m[34;1m     39600[0m[34;1m   1486988[0m[34;1m   6323348[0m[31;1m    158.03[0m[34;1m    814608[0m[34;1m   1807804[0m[34;1m      1132[0m
13:15:25   [34;1m   1022116[0m[34;1m   1395428[0m[34;1m   1306508[0m[34;1m     32.65[0m[34;1m     39608[0m[34;1m   1487328[0m[34;1m   6378048[0m[31;1m    159.40[0m[34;1m    814788[0m[34;1m   1841612[0m[34;1m      1480[0m
13:15:26   [34;1m    983452[0m[34;1m   1357080[0m[34;1m   1343044[0m[34;1m     33.56[0m[34;1m     39608[0m[34;1m   1487556[0m[34;1m   6428396[0m[31;1m    160.65[0m[34;1m    814908[0m[34;1m   1876324[0m[34;1m      1696[0m
13:15:27   [34;1m    940880[0m[34;1m   1315028[0m[34;1m   1382820[0m[34;1m     34.56[0m[34;1m     39608[0m[34;1m   1488012[0m[34;1m   6478744[0m[31;1m    161.91[0m[34;1m    815136[0m[34;1m   1911368[0m[34;1m      2152[0m
13:15:28   [34;1m    895768[0m[34;1m   1270460[0m[34;1m   1425408[0m[34;1m     35.62[0m[34;1m     39608[0m[34;1m   1488508[0m[34;1m   6533700[0m[31;1m    163.29[0m[34;1m    815232[0m[34;1m   1949472[0m[34;1m      2500[0m
13:15:29   [34;1m    848908[0m[34;1m   1223932[0m[34;1m   1469680[0m[34;1m     36.73[0m[34;1m     39608[0m[34;1m   1488748[0m[34;1m   6584048[0m[31;1m    164.54[0m[34;1m    815524[0m[34;1m   1988048[0m[34;1m      2816[0m
13:15:30   [34;1m    804096[0m[34;1m   1179864[0m[34;1m   1511652[0m[34;1m     37.78[0m[34;1m     39612[0m[34;1m   1489304[0m[34;1m   6675292[0m[31;1m    166.82[0m[34;1m    815636[0m[34;1m   2025136[0m[34;1m      3376[0m
13:15:31   [34;1m    763076[0m[34;1m   1139384[0m[34;1m   1549248[0m[34;1m     38.72[0m[34;1m     39616[0m[34;1m   1489884[0m[34;1m   6693560[0m[31;1m    167.28[0m[34;1m    815784[0m[34;1m   2060156[0m[34;1m      3952[0m
13:15:32   [34;1m    719884[0m[34;1m   1096748[0m[34;1m   1589476[0m[34;1m     39.72[0m[34;1m     39616[0m[34;1m   1490356[0m[34;1m   6743908[0m[31;1m    168.54[0m[34;1m    815928[0m[34;1m   2095280[0m[34;1m      4420[0m
13:15:33   [34;1m    673984[0m[34;1m   1051388[0m[34;1m   1631816[0m[34;1m     40.78[0m[34;1m     39616[0m[34;1m   1491000[0m[34;1m   6798480[0m[31;1m    169.90[0m[34;1m    816096[0m[34;1m   2131768[0m[34;1m      5064[0m
13:15:34   [34;1m    634740[0m[34;1m   1012768[0m[34;1m   1667604[0m[34;1m     41.68[0m[34;1m     39624[0m[34;1m   1491420[0m[34;1m   6844108[0m[31;1m    171.04[0m[34;1m    816224[0m[34;1m   2162632[0m[34;1m      5488[0m
13:15:35   [34;1m    590100[0m[34;1m    968688[0m[34;1m   1708804[0m[34;1m     42.71[0m[34;1m     39628[0m[34;1m   1491884[0m[34;1m   6894328[0m[31;1m    172.30[0m[34;1m    816440[0m[34;1m   2199328[0m[34;1m       104[0m
13:15:36   [34;1m    543620[0m[34;1m    923052[0m[34;1m   1751384[0m[34;1m     43.77[0m[34;1m     39628[0m[34;1m   1492636[0m[34;1m   6944676[0m[31;1m    173.56[0m[34;1m    816664[0m[34;1m   2238056[0m[34;1m       860[0m
13:15:37   [34;1m    495696[0m[34;1m    875568[0m[34;1m   1796024[0m[34;1m     44.88[0m[34;1m     39628[0m[34;1m   1493076[0m[34;1m   6999184[0m[31;1m    174.92[0m[34;1m    816724[0m[34;1m   2276540[0m[34;1m      1300[0m
13:15:38   [34;1m    450472[0m[34;1m    831228[0m[34;1m   1837428[0m[34;1m     45.92[0m[34;1m     39628[0m[34;1m   1493984[0m[34;1m   7057856[0m[31;1m    176.38[0m[34;1m    817028[0m[34;1m   2312852[0m[34;1m      2212[0m
13:15:39   [34;1m    406552[0m[34;1m    787996[0m[34;1m   1877712[0m[34;1m     46.93[0m[34;1m     39636[0m[34;1m   1494496[0m[34;1m   7108204[0m[31;1m    177.64[0m[34;1m    817080[0m[34;1m   2349136[0m[34;1m      2732[0m
13:15:40   [34;1m    365340[0m[34;1m    747732[0m[34;1m   1914868[0m[34;1m     47.85[0m[34;1m     39636[0m[34;1m   1495332[0m[34;1m   7158808[0m[31;1m    178.91[0m[34;1m    817352[0m[34;1m   2382716[0m[34;1m      3276[0m
13:15:41   [34;1m    323140[0m[34;1m    706264[0m[34;1m   1953668[0m[34;1m     48.82[0m[34;1m     39640[0m[34;1m   1496036[0m[34;1m   7209156[0m[31;1m    180.17[0m[34;1m    817412[0m[34;1m   2416476[0m[34;1m      3984[0m
13:15:42   [34;1m    273200[0m[34;1m    657356[0m[34;1m   1999416[0m[34;1m     49.97[0m[34;1m     39640[0m[34;1m   1496816[0m[34;1m   7267760[0m[31;1m    181.63[0m[34;1m    817636[0m[34;1m   2457056[0m[34;1m      4776[0m
13:15:43   [34;1m    232528[0m[34;1m    617548[0m[34;1m   2035736[0m[34;1m     50.88[0m[34;1m     39640[0m[34;1m   1497708[0m[34;1m   7318172[0m[31;1m    182.89[0m[34;1m    817848[0m[34;1m   2489028[0m[34;1m      5668[0m
13:15:44   [34;1m    185788[0m[34;1m    571652[0m[34;1m   2077212[0m[34;1m     51.91[0m[34;1m     39640[0m[34;1m   1498516[0m[34;1m   7372872[0m[31;1m    184.26[0m[34;1m    817968[0m[34;1m   2526492[0m[34;1m      6480[0m
13:15:45   [34;1m    139876[0m[34;1m    526876[0m[34;1m   2117152[0m[34;1m     52.91[0m[34;1m     39648[0m[34;1m   1499588[0m[34;1m   7423604[0m[31;1m    185.53[0m[34;1m    818132[0m[34;1m   2560512[0m[34;1m      7560[0m
13:15:46   [34;1m    121008[0m[34;1m    488608[0m[34;1m   2150624[0m[34;1m     53.75[0m[34;1m     37884[0m[34;1m   1481992[0m[34;1m   7473824[0m[31;1m    186.78[0m[34;1m    819584[0m[34;1m   2574092[0m[34;1m      8492[0m
13:15:47   [34;1m    120644[0m[34;1m    441856[0m[34;1m   2193492[0m[34;1m     54.82[0m[34;1m     34440[0m[34;1m   1439124[0m[34;1m   7528268[0m[31;1m    188.14[0m[34;1m    808656[0m[34;1m   2575088[0m[34;1m      9172[0m
13:15:48   [34;1m    124888[0m[34;1m    396152[0m[34;1m   2234552[0m[34;1m     55.84[0m[34;1m     31376[0m[34;1m   1392564[0m[34;1m   7582712[0m[31;1m    189.50[0m[34;1m    800720[0m[34;1m   2571932[0m[34;1m     10592[0m
13:15:49   [34;1m    122252[0m[34;1m    369496[0m[34;1m   2259032[0m[34;1m     56.46[0m[34;1m     29952[0m[34;1m   1370080[0m[34;1m   7607272[0m[31;1m    190.12[0m[34;1m    780680[0m[34;1m   2589364[0m[34;1m     11440[0m
13:15:50   [34;1m    118748[0m[34;1m    367072[0m[34;1m   2261484[0m[34;1m     56.52[0m[34;1m     29952[0m[34;1m   1371044[0m[34;1m   7607272[0m[31;1m    190.12[0m[34;1m    780736[0m[34;1m   2592176[0m[34;1m     12480[0m
13:15:51   [34;1m    112248[0m[34;1m    361360[0m[34;1m   2266920[0m[34;1m     56.65[0m[34;1m     29952[0m[34;1m   1372004[0m[34;1m   7616088[0m[31;1m    190.34[0m[34;1m    780736[0m[34;1m   2593748[0m[34;1m     13440[0m
13:15:52   [34;1m    109032[0m[34;1m    359360[0m[34;1m   2268856[0m[34;1m     56.70[0m[34;1m     29952[0m[34;1m   1373236[0m[34;1m   7616088[0m[31;1m    190.34[0m[34;1m    780844[0m[34;1m   2597368[0m[34;1m     14524[0m
13:15:53   [34;1m    123416[0m[34;1m    362092[0m[34;1m   2266276[0m[34;1m     56.64[0m[34;1m     29240[0m[34;1m   1362184[0m[34;1m   7616088[0m[31;1m    190.34[0m[34;1m    774876[0m[34;1m   2593580[0m[34;1m     15436[0m
13:15:54   [34;1m    119728[0m[34;1m    359516[0m[34;1m   2268876[0m[34;1m     56.70[0m[34;1m     29240[0m[34;1m   1363284[0m[34;1m   7611368[0m[31;1m    190.22[0m[34;1m    774884[0m[34;1m   2595356[0m[34;1m     16520[0m
13:15:55   [34;1m    117740[0m[34;1m    358464[0m[34;1m   2269880[0m[34;1m     56.73[0m[34;1m     29240[0m[34;1m   1364244[0m[34;1m   7611368[0m[31;1m    190.22[0m[34;1m    774912[0m[34;1m   2597032[0m[34;1m     17448[0m
13:15:56   [34;1m    114996[0m[34;1m    356976[0m[34;1m   2271416[0m[34;1m     56.77[0m[34;1m     29240[0m[34;1m   1365444[0m[34;1m   7611368[0m[31;1m    190.22[0m[34;1m    774948[0m[34;1m   2599680[0m[34;1m     18648[0m
13:15:57   [34;1m    113048[0m[34;1m    355948[0m[34;1m   2272536[0m[34;1m     56.79[0m[34;1m     29240[0m[34;1m   1366360[0m[34;1m   7611368[0m[31;1m    190.22[0m[34;1m    774956[0m[34;1m   2601460[0m[34;1m     19556[0m
13:15:58   [34;1m    111536[0m[34;1m    355332[0m[34;1m   2273176[0m[34;1m     56.81[0m[34;1m     29244[0m[34;1m   1367312[0m[34;1m   7611368[0m[31;1m    190.22[0m[34;1m    774964[0m[34;1m   2603032[0m[34;1m     20504[0m
13:15:59   [34;1m    107308[0m[34;1m    351948[0m[34;1m   2276576[0m[34;1m     56.89[0m[34;1m     29248[0m[34;1m   1368120[0m[34;1m   7611368[0m[31;1m    190.22[0m[34;1m    774992[0m[34;1m   2606584[0m[34;1m     21284[0m
13:16:00   [34;1m    131704[0m[34;1m    353056[0m[34;1m   2275560[0m[34;1m     56.87[0m[34;1m     27672[0m[34;1m   1346524[0m[34;1m   7611368[0m[31;1m    190.22[0m[34;1m    766840[0m[34;1m   2592364[0m[34;1m     22324[0m
13:16:01   [34;1m    128708[0m[34;1m    351112[0m[34;1m   2277660[0m[34;1m     56.92[0m[34;1m     27672[0m[34;1m   1347480[0m[34;1m   7611368[0m[31;1m    190.22[0m[34;1m    766992[0m[34;1m   2594224[0m[34;1m     23120[0m
13:16:02   [34;1m    125488[0m[34;1m    348808[0m[34;1m   2279800[0m[34;1m     56.98[0m[34;1m     27672[0m[34;1m   1348472[0m[34;1m   7611368[0m[31;1m    190.22[0m[34;1m    766996[0m[34;1m   2597468[0m[34;1m     24100[0m
13:16:03   [34;1m    123220[0m[34;1m    347592[0m[34;1m   2281160[0m[34;1m     57.01[0m[34;1m     27672[0m[34;1m   1349388[0m[34;1m   7611368[0m[31;1m    190.22[0m[34;1m    767040[0m[34;1m   2599620[0m[34;1m     25016[0m
13:16:04   [34;1m    121708[0m[34;1m    347040[0m[34;1m   2281592[0m[34;1m     57.02[0m[34;1m     27684[0m[34;1m   1350480[0m[34;1m   7611368[0m[31;1m    190.22[0m[34;1m    767108[0m[34;1m   2601176[0m[34;1m     26100[0m
13:16:05   [34;1m    120224[0m[34;1m    346652[0m[34;1m   2281964[0m[34;1m     57.03[0m[34;1m     27684[0m[34;1m   1351592[0m[34;1m   7611368[0m[31;1m    190.22[0m[34;1m    767248[0m[34;1m   2601076[0m[34;1m     26992[0m
13:16:06   [34;1m    117380[0m[34;1m    344780[0m[34;1m   2283856[0m[34;1m     57.08[0m[34;1m     27684[0m[34;1m   1352488[0m[34;1m   7611368[0m[31;1m    190.22[0m[34;1m    767252[0m[34;1m   2602288[0m[34;1m       340[0m
13:16:07   [34;1m    117032[0m[34;1m    345556[0m[34;1m   2283132[0m[34;1m     57.06[0m[34;1m     27704[0m[34;1m   1353548[0m[34;1m   7611368[0m[31;1m    190.22[0m[34;1m    767388[0m[34;1m   2603464[0m[34;1m      1284[0m
13:16:08   [34;1m    115832[0m[34;1m    345288[0m[34;1m   2283300[0m[34;1m     57.06[0m[34;1m     27728[0m[34;1m   1354572[0m[34;1m   7611368[0m[31;1m    190.22[0m[34;1m    767468[0m[34;1m   2604260[0m[34;1m      2324[0m
13:16:09   [34;1m    109308[0m[34;1m    339960[0m[34;1m   2288612[0m[34;1m     57.20[0m[34;1m     27764[0m[34;1m   1355696[0m[34;1m   7611368[0m[31;1m    190.22[0m[34;1m    767700[0m[34;1m   2606040[0m[34;1m      3276[0m
13:16:10   [34;1m    108076[0m[34;1m    339660[0m[34;1m   2288840[0m[34;1m     57.20[0m[34;1m     27764[0m[34;1m   1356672[0m[34;1m   7611368[0m[31;1m    190.22[0m[34;1m    767728[0m[34;1m   2606424[0m[34;1m      4232[0m
13:16:11   [34;1m    121472[0m[34;1m    341948[0m[34;1m   2286508[0m[34;1m     57.14[0m[34;1m     27036[0m[34;1m   1346264[0m[34;1m   7616088[0m[31;1m    190.34[0m[34;1m    761420[0m[34;1m   2603608[0m[34;1m      5160[0m
13:16:12   [34;1m    119296[0m[34;1m    340756[0m[34;1m   2287792[0m[34;1m     57.17[0m[34;1m     27044[0m[34;1m   1347184[0m[34;1m   7616088[0m[31;1m    190.34[0m[34;1m    761372[0m[34;1m   2604876[0m[34;1m      6120[0m
13:16:13   [34;1m    118552[0m[34;1m    341200[0m[34;1m   2287280[0m[34;1m     57.16[0m[34;1m     27044[0m[34;1m   1348420[0m[34;1m   7616088[0m[31;1m    190.34[0m[34;1m    761372[0m[34;1m   2602948[0m[34;1m      7244[0m
13:16:14   [34;1m    117600[0m[34;1m    341004[0m[34;1m   2287432[0m[34;1m     57.17[0m[34;1m     27052[0m[34;1m   1349212[0m[34;1m   7611368[0m[31;1m    190.22[0m[34;1m    761416[0m[34;1m   2604812[0m[34;1m      8032[0m
13:16:15   [34;1m    116396[0m[34;1m    340952[0m[34;1m   2287508[0m[34;1m     57.17[0m[34;1m     27052[0m[34;1m   1350364[0m[34;1m   7611368[0m[31;1m    190.22[0m[34;1m    761456[0m[34;1m   2606316[0m[34;1m      9152[0m
13:16:16   [34;1m    114468[0m[34;1m    339908[0m[34;1m   2288384[0m[34;1m     57.19[0m[34;1m     27052[0m[34;1m   1351224[0m[34;1m   7611368[0m[31;1m    190.22[0m[34;1m    761456[0m[34;1m   2607036[0m[34;1m     10012[0m
13:16:17   [34;1m    113932[0m[34;1m    340492[0m[34;1m   2287940[0m[34;1m     57.18[0m[34;1m     27052[0m[34;1m   1352380[0m[34;1m   7611368[0m[31;1m    190.22[0m[34;1m    761460[0m[34;1m   2607760[0m[34;1m     11160[0m
13:16:18   [34;1m    111972[0m[34;1m    339276[0m[34;1m   2289328[0m[34;1m     57.21[0m[34;1m     27052[0m[34;1m   1352956[0m[34;1m   7611624[0m[31;1m    190.22[0m[34;1m    761520[0m[34;1m   2608344[0m[34;1m     11736[0m
13:16:19   [34;1m    109816[0m[34;1m    338380[0m[34;1m   2290052[0m[34;1m     57.23[0m[34;1m     27060[0m[34;1m   1354344[0m[34;1m   7611624[0m[31;1m    190.22[0m[34;1m    761520[0m[34;1m   2610528[0m[34;1m     13132[0m
13:16:20   [34;1m    108416[0m[34;1m    337924[0m[34;1m   2290540[0m[34;1m     57.24[0m[34;1m     27060[0m[34;1m   1355268[0m[34;1m   7611624[0m[31;1m    190.22[0m[34;1m    761572[0m[34;1m   2612156[0m[34;1m     14052[0m
13:16:21   [34;1m    120812[0m[34;1m    345164[0m[34;1m   2283292[0m[34;1m     57.06[0m[34;1m     26716[0m[34;1m   1350496[0m[34;1m   7611624[0m[31;1m    190.22[0m[34;1m    758100[0m[34;1m   2609276[0m[34;1m     15052[0m
13:16:22   [34;1m    119452[0m[34;1m    344792[0m[34;1m   2283652[0m[34;1m     57.07[0m[34;1m     26716[0m[34;1m   1351496[0m[34;1m   7611624[0m[31;1m    190.22[0m[34;1m    758100[0m[34;1m   2610732[0m[34;1m     16052[0m
13:16:23   [34;1m    118696[0m[34;1m    344876[0m[34;1m   2283404[0m[34;1m     57.07[0m[34;1m     26724[0m[34;1m   1352496[0m[34;1m   7611624[0m[31;1m    190.22[0m[34;1m    758100[0m[34;1m   2611888[0m[34;1m     17060[0m
13:16:24   [34;1m    117716[0m[34;1m    344880[0m[34;1m   2283492[0m[34;1m     57.07[0m[34;1m     26724[0m[34;1m   1353372[0m[34;1m   7611624[0m[31;1m    190.22[0m[34;1m    758104[0m[34;1m   2612920[0m[34;1m     17924[0m
13:16:25   [34;1m    116020[0m[34;1m    344300[0m[34;1m   2284072[0m[34;1m     57.08[0m[34;1m     26724[0m[34;1m   1354476[0m[34;1m   7611624[0m[31;1m    190.22[0m[34;1m    758168[0m[34;1m   2614248[0m[34;1m     18964[0m
13:16:26   [34;1m    112556[0m[34;1m    342188[0m[34;1m   2286048[0m[34;1m     57.13[0m[34;1m     26724[0m[34;1m   1355772[0m[34;1m   7611624[0m[31;1m    190.22[0m[34;1m    758172[0m[34;1m   2611712[0m[34;1m     19816[0m
13:16:27   [34;1m    111264[0m[34;1m    341868[0m[34;1m   2286604[0m[34;1m     57.15[0m[34;1m     26724[0m[34;1m   1356712[0m[34;1m   7611624[0m[31;1m    190.22[0m[34;1m    758172[0m[34;1m   2614536[0m[34;1m     20764[0m
13:16:28   [34;1m    110256[0m[34;1m    342040[0m[34;1m   2286432[0m[34;1m     57.14[0m[34;1m     26728[0m[34;1m   1357904[0m[34;1m   7611624[0m[31;1m    190.22[0m[34;1m    758176[0m[34;1m   2616316[0m[34;1m     21956[0m
13:16:29   [34;1m    109500[0m[34;1m    342000[0m[34;1m   2286496[0m[34;1m     57.14[0m[34;1m     26736[0m[34;1m   1358608[0m[34;1m   7611624[0m[31;1m    190.22[0m[34;1m    758176[0m[34;1m   2617592[0m[34;1m     22668[0m
13:16:30   [34;1m    108016[0m[34;1m    341340[0m[34;1m   2287004[0m[34;1m     57.16[0m[34;1m     26736[0m[34;1m   1359592[0m[34;1m   7611624[0m[31;1m    190.22[0m[34;1m    758184[0m[34;1m   2619064[0m[34;1m     23640[0m
13:16:31   [34;1m    123964[0m[34;1m    345384[0m[34;1m   2283056[0m[34;1m     57.06[0m[34;1m     26024[0m[34;1m   1348360[0m[34;1m   7616344[0m[31;1m    190.34[0m[34;1m    749164[0m[34;1m   2617992[0m[34;1m     24708[0m
13:16:32   [34;1m    122956[0m[34;1m    345304[0m[34;1m   2283064[0m[34;1m     57.06[0m[34;1m     26024[0m[34;1m   1349304[0m[34;1m   7616344[0m[31;1m    190.34[0m[34;1m    749164[0m[34;1m   2619108[0m[34;1m     25648[0m
13:16:33   [34;1m    120760[0m[34;1m    344096[0m[34;1m   2284408[0m[34;1m     57.09[0m[34;1m     26064[0m[34;1m   1350116[0m[34;1m   7616344[0m[31;1m    190.34[0m[34;1m    749200[0m[34;1m   2620416[0m[34;1m     26456[0m
13:16:34   [34;1m    120256[0m[34;1m    344676[0m[34;1m   2283752[0m[34;1m     57.07[0m[34;1m     26072[0m[34;1m   1351252[0m[34;1m   7611624[0m[31;1m    190.22[0m[34;1m    749204[0m[34;1m   2619588[0m[34;1m     27596[0m
13:16:35   [34;1m    119532[0m[34;1m    344796[0m[34;1m   2283616[0m[34;1m     57.07[0m[34;1m     26072[0m[34;1m   1352112[0m[34;1m   7611624[0m[31;1m    190.22[0m[34;1m    749272[0m[34;1m   2619448[0m[34;1m     28448[0m
13:16:36   [34;1m    116760[0m[34;1m    343308[0m[34;1m   2285288[0m[34;1m     57.11[0m[34;1m     26072[0m[34;1m   1353244[0m[34;1m   7611624[0m[31;1m    190.22[0m[34;1m    749264[0m[34;1m   2621056[0m[34;1m     29580[0m
13:16:37   [34;1m    116536[0m[34;1m    343804[0m[34;1m   2284456[0m[34;1m     57.09[0m[34;1m     26084[0m[34;1m   1354312[0m[34;1m   7611624[0m[31;1m    190.22[0m[34;1m    749284[0m[34;1m   2621480[0m[34;1m       756[0m
13:16:38   [34;1m    115556[0m[34;1m    343728[0m[34;1m   2284668[0m[34;1m     57.10[0m[34;1m     26084[0m[34;1m   1355080[0m[34;1m   7611624[0m[31;1m    190.22[0m[34;1m    749304[0m[34;1m   2622324[0m[34;1m      1576[0m
13:16:39   [34;1m    114828[0m[34;1m    344116[0m[34;1m   2284328[0m[34;1m     57.09[0m[34;1m     26084[0m[34;1m   1356180[0m[34;1m   7611624[0m[31;1m    190.22[0m[34;1m    749304[0m[34;1m   2623268[0m[34;1m      2676[0m
13:16:40   [34;1m    113372[0m[34;1m    343600[0m[34;1m   2285012[0m[34;1m     57.11[0m[34;1m     26084[0m[34;1m   1356948[0m[34;1m   7611624[0m[31;1m    190.22[0m[34;1m    749304[0m[34;1m   2624352[0m[34;1m      3444[0m
13:16:41   [34;1m    110684[0m[34;1m    341928[0m[34;1m   2286508[0m[34;1m     57.14[0m[34;1m     26084[0m[34;1m   1358104[0m[34;1m   7611624[0m[31;1m    190.22[0m[34;1m    749308[0m[34;1m   2625968[0m[34;1m      4600[0m
13:16:42   [34;1m    110180[0m[34;1m    342492[0m[34;1m   2285912[0m[34;1m     57.13[0m[34;1m     26092[0m[34;1m   1359200[0m[34;1m   7611624[0m[31;1m    190.22[0m[34;1m    749304[0m[34;1m   2626664[0m[34;1m      5556[0m
13:16:43   [34;1m    109480[0m[34;1m    342716[0m[34;1m   2285580[0m[34;1m     57.12[0m[34;1m     26092[0m[34;1m   1360228[0m[34;1m   7611624[0m[31;1m    190.22[0m[34;1m    751052[0m[34;1m   2625784[0m[34;1m      6576[0m
13:16:44   [34;1m    108048[0m[34;1m    342412[0m[34;1m   2285916[0m[34;1m     57.13[0m[34;1m     26100[0m[34;1m   1361324[0m[34;1m   7611624[0m[31;1m    190.22[0m[34;1m    751064[0m[34;1m   2627360[0m[34;1m      7604[0m
13:16:45   [34;1m    123788[0m[34;1m    345848[0m[34;1m   2282712[0m[34;1m     57.05[0m[34;1m     25400[0m[34;1m   1349584[0m[34;1m   7611624[0m[31;1m    190.22[0m[34;1m    741404[0m[34;1m   2627308[0m[34;1m      8560[0m
13:16:46   [34;1m    120252[0m[34;1m    343036[0m[34;1m   2285436[0m[34;1m     57.12[0m[34;1m     25400[0m[34;1m   1350396[0m[34;1m   7611624[0m[31;1m    190.22[0m[34;1m    741412[0m[34;1m   2628064[0m[34;1m      9372[0m
13:16:47   [34;1m    119816[0m[34;1m    343768[0m[34;1m   2284788[0m[34;1m     57.10[0m[34;1m     25400[0m[34;1m   1351480[0m[34;1m   7611624[0m[31;1m    190.22[0m[34;1m    741428[0m[34;1m   2630140[0m[34;1m     10384[0m
13:16:48   [34;1m    117576[0m[34;1m    342416[0m[34;1m   2286140[0m[34;1m     57.13[0m[34;1m     25400[0m[34;1m   1352368[0m[34;1m   7611624[0m[31;1m    190.22[0m[34;1m    741428[0m[34;1m   2632104[0m[34;1m     11272[0m
13:16:49   [34;1m    114076[0m[34;1m    339912[0m[34;1m   2288592[0m[34;1m     57.19[0m[34;1m     25416[0m[34;1m   1353368[0m[34;1m   7611624[0m[31;1m    190.22[0m[34;1m    741456[0m[34;1m   2635372[0m[34;1m     12288[0m
13:16:50   [34;1m    111612[0m[34;1m    338452[0m[34;1m   2290072[0m[34;1m     57.23[0m[34;1m     25416[0m[34;1m   1354336[0m[34;1m   7611624[0m[31;1m    190.22[0m[34;1m    741488[0m[34;1m   2637076[0m[34;1m     13236[0m
13:16:51   [34;1m    122556[0m[34;1m    336684[0m[34;1m   2291560[0m[34;1m     57.27[0m[34;1m     24720[0m[34;1m   1342396[0m[34;1m   7616344[0m[31;1m    190.34[0m[34;1m    732940[0m[34;1m   2635704[0m[34;1m     14224[0m
13:16:52   [34;1m    120460[0m[34;1m    335724[0m[34;1m   2292780[0m[34;1m     57.30[0m[34;1m     24728[0m[34;1m   1343556[0m[34;1m   7616344[0m[31;1m    190.34[0m[34;1m    733064[0m[34;1m   2638604[0m[34;1m     15392[0m
13:16:53   [34;1m    117720[0m[34;1m    333956[0m[34;1m   2294556[0m[34;1m     57.34[0m[34;1m     24728[0m[34;1m   1344520[0m[34;1m   7616344[0m[31;1m    190.34[0m[34;1m    733064[0m[34;1m   2640796[0m[34;1m     16344[0m
13:16:54   [34;1m    115256[0m[34;1m    332124[0m[34;1m   2296416[0m[34;1m     57.39[0m[34;1m     24728[0m[34;1m   1345140[0m[34;1m   7611624[0m[31;1m    190.22[0m[34;1m    733072[0m[34;1m   2641104[0m[34;1m     16964[0m
13:16:55   [34;1m    114276[0m[34;1m    332476[0m[34;1m   2296048[0m[34;1m     57.38[0m[34;1m     24728[0m[34;1m   1346520[0m[34;1m   7611624[0m[31;1m    190.22[0m[34;1m    733096[0m[34;1m   2642968[0m[34;1m     18320[0m
13:16:56   [34;1m    111628[0m[34;1m    330600[0m[34;1m   2297780[0m[34;1m     57.42[0m[34;1m     24728[0m[34;1m   1347308[0m[34;1m   7611624[0m[31;1m    190.22[0m[34;1m    733104[0m[34;1m   2639584[0m[34;1m     19108[0m
13:16:57   [34;1m    111280[0m[34;1m    331044[0m[34;1m   2297508[0m[34;1m     57.42[0m[34;1m     24736[0m[34;1m   1348052[0m[34;1m   7611624[0m[31;1m    190.22[0m[34;1m    733124[0m[34;1m   2623292[0m[34;1m     19860[0m
13:16:58   [34;1m    110804[0m[34;1m    331824[0m[34;1m   2296688[0m[34;1m     57.40[0m[34;1m     24736[0m[34;1m   1349348[0m[34;1m   7611624[0m[31;1m    190.22[0m[34;1m    733132[0m[34;1m   2628904[0m[34;1m     21164[0m
13:16:59   [34;1m    110340[0m[34;1m    332256[0m[34;1m   2296276[0m[34;1m     57.39[0m[34;1m     24744[0m[34;1m   1350188[0m[34;1m   7611624[0m[31;1m    190.22[0m[34;1m    733144[0m[34;1m   2633528[0m[34;1m     21992[0m
13:17:00   [34;1m    109864[0m[34;1m    332820[0m[34;1m   2295648[0m[34;1m     57.37[0m[34;1m     24744[0m[34;1m   1351296[0m[34;1m   7611624[0m[31;1m    190.22[0m[34;1m    733152[0m[34;1m   2634816[0m[34;1m     23092[0m
13:17:01   [34;1m    108224[0m[34;1m    331904[0m[34;1m   2296588[0m[34;1m     57.39[0m[34;1m     24744[0m[34;1m   1352000[0m[34;1m   7611624[0m[31;1m    190.22[0m[34;1m    733152[0m[34;1m   2638788[0m[34;1m     23796[0m
13:17:02   [34;1m    124472[0m[34;1m    335192[0m[34;1m   2293428[0m[34;1m     57.32[0m[34;1m     24060[0m[34;1m   1339804[0m[34;1m   7611624[0m[31;1m    190.22[0m[34;1m    726272[0m[34;1m   2630932[0m[34;1m     24800[0m
13:17:03   [34;1m    122492[0m[34;1m    334500[0m[34;1m   2294164[0m[34;1m     57.33[0m[34;1m     24068[0m[34;1m   1341040[0m[34;1m   7611624[0m[31;1m    190.22[0m[34;1m    726280[0m[34;1m   2633448[0m[34;1m     26024[0m
13:17:04   [34;1m    121764[0m[34;1m    334680[0m[34;1m   2293988[0m[34;1m     57.33[0m[34;1m     24068[0m[34;1m   1341944[0m[34;1m   7611624[0m[31;1m    190.22[0m[34;1m    726280[0m[34;1m   2634800[0m[34;1m     26928[0m
13:17:05   [34;1m    120812[0m[34;1m    334416[0m[34;1m   2294260[0m[34;1m     57.34[0m[34;1m     24076[0m[34;1m   1342616[0m[34;1m   7611624[0m[31;1m    190.22[0m[34;1m    726280[0m[34;1m   2635296[0m[34;1m     27544[0m
13:17:06   [34;1m    119580[0m[34;1m    334212[0m[34;1m   2294272[0m[34;1m     57.34[0m[34;1m     24076[0m[34;1m   1343864[0m[34;1m   7611624[0m[31;1m    190.22[0m[34;1m    726292[0m[34;1m   2637248[0m[34;1m     28780[0m
13:17:07   [34;1m    118572[0m[34;1m    334148[0m[34;1m   2294512[0m[34;1m     57.34[0m[34;1m     24080[0m[34;1m   1344628[0m[34;1m   7611624[0m[31;1m    190.22[0m[34;1m    726300[0m[34;1m   2639444[0m[34;22m         0[0m
13:17:08   [34;1m    116612[0m[34;1m    333448[0m[34;1m   2295168[0m[34;1m     57.36[0m[34;1m     24080[0m[34;1m   1345936[0m[34;1m   7611624[0m[31;1m    190.22[0m[34;1m    726300[0m[34;1m   2641616[0m[34;1m      1208[0m
13:17:09   [34;1m    115352[0m[34;1m    333248[0m[34;1m   2295352[0m[34;1m     57.36[0m[34;1m     24080[0m[34;1m   1347008[0m[34;1m   7611624[0m[31;1m    190.22[0m[34;1m    726320[0m[34;1m   2641532[0m[34;1m      2260[0m
13:17:10   [34;1m    112860[0m[34;1m    331536[0m[34;1m   2297124[0m[34;1m     57.41[0m[34;1m     24092[0m[34;1m   1347728[0m[34;1m   7611624[0m[31;1m    190.22[0m[34;1m    726324[0m[34;1m   2644796[0m[34;1m      2992[0m
13:17:11   [34;1m    109108[0m[34;1m    329056[0m[34;1m   2299596[0m[34;1m     57.47[0m[34;1m     24092[0m[34;1m   1348960[0m[34;1m   7616344[0m[31;1m    190.34[0m[34;1m    726344[0m[34;1m   2650420[0m[34;1m      4228[0m
13:17:12   [34;1m    201096[0m[34;1m    315672[0m[34;1m   2312928[0m[34;1m     57.80[0m[34;1m     23432[0m[34;1m   1244516[0m[34;1m   7616344[0m[31;1m    190.34[0m[34;1m    723760[0m[34;1m   2550796[0m[34;1m        80[0m
13:17:13   [34;1m    199260[0m[34;1m    314852[0m[34;1m   2313960[0m[34;1m     57.83[0m[34;1m     23432[0m[34;1m   1245460[0m[34;1m   7616344[0m[31;1m    190.34[0m[34;1m    723912[0m[34;1m   2552744[0m[34;1m      1120[0m
13:17:14   [34;1m    198028[0m[34;1m    314660[0m[34;1m   2314140[0m[34;1m     57.83[0m[34;1m     23432[0m[34;1m   1246504[0m[34;1m   7611624[0m[31;1m    190.22[0m[34;1m    723944[0m[34;1m   2552796[0m[34;1m      2164[0m
13:17:15   [34;1m    197048[0m[34;1m    314700[0m[34;1m   2314124[0m[34;1m     57.83[0m[34;1m     23432[0m[34;1m   1247484[0m[34;1m   7611624[0m[31;1m    190.22[0m[34;1m    723944[0m[34;1m   2554908[0m[34;1m      3140[0m
13:17:16   [34;1m    193604[0m[34;1m    312192[0m[34;1m   2316188[0m[34;1m     57.88[0m[34;1m     23432[0m[34;1m   1248736[0m[34;1m   7611624[0m[31;1m    190.22[0m[34;1m    723948[0m[34;1m   2556532[0m[34;1m      4240[0m
13:17:17   [34;1m    191868[0m[34;1m    311888[0m[34;1m   2316952[0m[34;1m     57.90[0m[34;1m     23448[0m[34;1m   1249840[0m[34;1m   7611624[0m[31;1m    190.22[0m[34;1m    724056[0m[34;1m   2559232[0m[34;1m      5284[0m
13:17:18   [34;1m    188600[0m[34;1m    309336[0m[34;1m   2319236[0m[34;1m     57.96[0m[34;1m     23448[0m[34;1m   1250752[0m[34;1m   7611624[0m[31;1m    190.22[0m[34;1m    724068[0m[34;1m   2561572[0m[34;1m      6048[0m
13:17:19   [34;1m    187932[0m[34;1m    310040[0m[34;1m   2318748[0m[34;1m     57.95[0m[34;1m     23448[0m[34;1m   1251932[0m[34;1m   7611624[0m[31;1m    190.22[0m[34;1m    724088[0m[34;1m   2563932[0m[34;1m      7352[0m
13:17:20   [34;1m    184208[0m[34;1m    307180[0m[34;1m   2321556[0m[34;1m     58.02[0m[34;1m     23448[0m[34;1m   1252828[0m[34;1m   7611624[0m[31;1m    190.22[0m[34;1m    724088[0m[34;1m   2566584[0m[34;1m      8248[0m
13:17:21   [34;1m    180888[0m[34;1m    305076[0m[34;1m   2323644[0m[34;1m     58.07[0m[34;1m     23456[0m[34;1m   1254040[0m[34;1m   7611624[0m[31;1m    190.22[0m[34;1m    724088[0m[34;1m   2569136[0m[34;1m      9216[0m
13:17:22   [34;1m    179784[0m[34;1m    304912[0m[34;1m   2323864[0m[34;1m     58.08[0m[34;1m     23456[0m[34;1m   1254924[0m[34;1m   7611624[0m[31;1m    190.22[0m[34;1m    724096[0m[34;1m   2569632[0m[34;1m     10092[0m
13:17:23   [34;1m    178048[0m[34;1m    304252[0m[34;1m   2324620[0m[34;1m     58.10[0m[34;1m     23456[0m[34;1m   1255896[0m[34;1m   7611624[0m[31;1m    190.22[0m[34;1m    724096[0m[34;1m   2572152[0m[34;1m     11060[0m
13:17:24   [34;1m    175836[0m[34;1m    303052[0m[34;1m   2325636[0m[34;1m     58.12[0m[34;1m     23456[0m[34;1m   1257104[0m[34;1m   7611624[0m[31;1m    190.22[0m[34;1m    724096[0m[34;1m   2575064[0m[34;1m     12168[0m
13:17:25   [34;1m    174156[0m[34;1m    302380[0m[34;1m   2326284[0m[34;1m     58.14[0m[34;1m     23456[0m[34;1m   1258128[0m[34;1m   7611624[0m[31;1m    190.22[0m[34;1m    724096[0m[34;1m   2577516[0m[34;1m     13192[0m
13:17:26   [34;1m    172068[0m[34;1m    301196[0m[34;1m   2327328[0m[34;1m     58.16[0m[34;1m     23464[0m[34;1m   1259036[0m[34;1m   7611624[0m[31;1m    190.22[0m[34;1m    724096[0m[34;1m   2579440[0m[34;1m     14128[0m
13:17:27   [34;1m    171460[0m[34;1m    301736[0m[34;1m   2326972[0m[34;1m     58.15[0m[34;1m     23472[0m[34;1m   1260112[0m[34;1m   7611624[0m[31;1m    190.22[0m[34;1m    724112[0m[34;1m   2581708[0m[34;1m     15196[0m
13:17:28   [34;1m    169444[0m[34;1m    300316[0m[34;1m   2328272[0m[34;1m     58.19[0m[34;1m     23472[0m[34;1m   1260828[0m[34;1m   7611624[0m[31;1m    190.22[0m[34;1m    724112[0m[34;1m   2581820[0m[34;1m     15896[0m
13:17:29   [34;1m    166976[0m[34;1m    299012[0m[34;1m   2329732[0m[34;1m     58.22[0m[34;1m     23472[0m[34;1m   1261820[0m[34;1m   7611624[0m[31;1m    190.22[0m[34;1m    724112[0m[34;1m   2584640[0m[34;1m     16892[0m
13:17:30   [34;1m    163952[0m[34;1m    296996[0m[34;1m   2331740[0m[34;1m     58.27[0m[34;1m     23472[0m[34;1m   1262852[0m[34;1m   7615720[0m[31;1m    190.33[0m[34;1m    724112[0m[34;1m   2588668[0m[34;1m     17912[0m
13:17:31   [34;1m    159524[0m[34;1m    293588[0m[34;1m   2334912[0m[34;1m     58.35[0m[34;1m     23472[0m[34;1m   1264040[0m[34;1m   7620440[0m[31;1m    190.44[0m[34;1m    724112[0m[34;1m   2592380[0m[34;1m     18976[0m
13:17:32   [34;1m    158264[0m[34;1m    293436[0m[34;1m   2335268[0m[34;1m     58.36[0m[34;1m     23480[0m[34;1m   1264956[0m[34;1m   7620440[0m[31;1m    190.44[0m[34;1m    724120[0m[34;1m   2590680[0m[34;1m     19904[0m
13:17:33   [34;1m    157256[0m[34;1m    293292[0m[34;1m   2335436[0m[34;1m     58.37[0m[34;1m     23480[0m[34;1m   1265804[0m[34;1m   7620440[0m[31;1m    190.44[0m[34;1m    724120[0m[34;1m   2593164[0m[34;1m     20744[0m
13:17:34   [34;1m    157032[0m[34;1m    293944[0m[34;1m   2334772[0m[34;1m     58.35[0m[34;1m     23488[0m[34;1m   1266684[0m[34;1m   7615720[0m[31;1m    190.33[0m[34;1m    724120[0m[34;1m   2592488[0m[34;1m     21632[0m
13:17:35   [34;1m    156120[0m[34;1m    294252[0m[34;1m   2334460[0m[34;1m     58.34[0m[34;1m     23488[0m[34;1m   1267932[0m[34;1m   7615720[0m[31;1m    190.33[0m[34;1m    724128[0m[34;1m   2592264[0m[34;1m     22876[0m
13:17:36   [34;1m    155172[0m[34;1m    294044[0m[34;1m   2334476[0m[34;1m     58.34[0m[34;1m     23496[0m[34;1m   1268664[0m[34;1m   7615720[0m[31;1m    190.33[0m[34;1m    724128[0m[34;1m   2593596[0m[34;1m     23616[0m
13:17:37   [34;1m    154636[0m[34;1m    294816[0m[34;1m   2333920[0m[34;1m     58.33[0m[34;1m     23496[0m[34;1m   1269960[0m[34;1m   7615720[0m[31;1m    190.33[0m[34;1m    724136[0m[34;1m   2592484[0m[34;1m     24888[0m
13:17:38   [34;1m    153432[0m[34;1m    294500[0m[34;1m   2334236[0m[34;1m     58.34[0m[34;1m     23496[0m[34;1m   1270848[0m[34;1m   7615720[0m[31;1m    190.33[0m[34;1m    724136[0m[34;1m   2594552[0m[34;1m      9324[0m
13:17:39   [34;1m    152956[0m[34;1m    294716[0m[34;1m   2333764[0m[34;1m     58.32[0m[34;1m     23496[0m[34;1m   1271796[0m[34;1m   7615720[0m[31;1m    190.33[0m[34;1m    724136[0m[34;1m   2595432[0m[34;1m     10272[0m
13:17:40   [34;1m    151472[0m[34;1m    294304[0m[34;1m   2334260[0m[34;1m     58.34[0m[34;1m     23496[0m[34;1m   1272800[0m[34;1m   7615720[0m[31;1m    190.33[0m[34;1m    724136[0m[34;1m   2597072[0m[34;1m     11136[0m
13:17:41   [34;1m    149008[0m[34;1m    292820[0m[34;1m   2335852[0m[34;1m     58.38[0m[34;1m     23504[0m[34;1m   1273608[0m[34;1m   7615720[0m[31;1m    190.33[0m[34;1m    724176[0m[34;1m   2598524[0m[34;1m     12184[0m
13:17:42   [34;1m    148280[0m[34;1m    293280[0m[34;1m   2335324[0m[34;1m     58.36[0m[34;1m     23504[0m[34;1m   1274932[0m[34;1m   7615720[0m[31;1m    190.33[0m[34;1m    724184[0m[34;1m   2599896[0m[34;1m     13260[0m
13:17:43   [34;1m    147328[0m[34;1m    293440[0m[34;1m   2335292[0m[34;1m     58.36[0m[34;1m     23512[0m[34;1m   1275908[0m[34;1m   7615720[0m[31;1m    190.33[0m[34;1m    724192[0m[34;1m   2600892[0m[34;1m       280[0m
13:17:44   [34;1m    146824[0m[34;1m    293488[0m[34;1m   2335244[0m[34;1m     58.36[0m[34;1m     23512[0m[34;1m   1276452[0m[34;1m   7615720[0m[31;1m    190.33[0m[34;1m    724192[0m[34;1m   2601616[0m[34;1m       816[0m
13:17:45   [34;1m    145140[0m[34;1m    293036[0m[34;1m   2335664[0m[34;1m     58.37[0m[34;1m     23512[0m[34;1m   1277724[0m[34;1m   7615720[0m[31;1m    190.33[0m[34;1m    724192[0m[34;1m   2603020[0m[34;1m      2080[0m
13:17:46   [34;1m    143464[0m[34;1m    292480[0m[34;1m   2336052[0m[34;1m     58.38[0m[34;1m     23512[0m[34;1m   1278860[0m[34;1m   7615720[0m[31;1m    190.33[0m[34;1m    724196[0m[34;1m   2599104[0m[34;1m      3216[0m
13:17:47   [34;1m    143208[0m[34;1m    293164[0m[34;1m   2335736[0m[34;1m     58.37[0m[34;1m     23512[0m[34;1m   1279584[0m[34;1m   7615720[0m[31;1m    190.33[0m[34;1m    724196[0m[34;1m   2600548[0m[34;1m      3940[0m
13:17:48   [34;1m    141500[0m[34;1m    292496[0m[34;1m   2336284[0m[34;1m     58.39[0m[34;1m     23520[0m[34;1m   1280736[0m[34;1m   7615720[0m[31;1m    190.33[0m[34;1m    724204[0m[34;1m   2604972[0m[34;1m      5080[0m
13:17:49   [34;1m    140772[0m[34;1m    292772[0m[34;1m   2335960[0m[34;1m     58.38[0m[34;1m     23520[0m[34;1m   1281788[0m[34;1m   7615720[0m[31;1m    190.33[0m[34;1m    724204[0m[34;1m   2606244[0m[34;1m      6132[0m
13:17:50   [34;1m    140044[0m[34;1m    292824[0m[34;1m   2335904[0m[34;1m     58.38[0m[34;1m     23520[0m[34;1m   1282576[0m[34;1m   7615720[0m[31;1m    190.33[0m[34;1m    724204[0m[34;1m   2609364[0m[34;1m      6872[0m
13:17:51   [34;1m    138560[0m[34;1m    292472[0m[34;1m   2336168[0m[34;1m     58.38[0m[34;1m     23520[0m[34;1m   1283760[0m[34;1m   7620440[0m[31;1m    190.44[0m[34;1m    724204[0m[34;1m   2610608[0m[34;1m      8056[0m
13:17:52   [34;1m    137580[0m[34;1m    292440[0m[34;1m   2336252[0m[34;1m     58.39[0m[34;1m     23528[0m[34;1m   1284648[0m[34;1m   7620440[0m[31;1m    190.44[0m[34;1m    724212[0m[34;1m   2611876[0m[34;1m      8944[0m
13:17:53   [34;1m    137116[0m[34;1m    292812[0m[34;1m   2335812[0m[34;1m     58.37[0m[34;1m     23528[0m[34;1m   1285552[0m[34;1m   7620440[0m[31;1m    190.44[0m[34;1m    724212[0m[34;1m   2612980[0m[34;1m      9840[0m
13:17:54   [34;1m    135660[0m[34;1m    292780[0m[34;1m   2335936[0m[34;1m     58.38[0m[34;1m     23528[0m[34;1m   1286900[0m[34;1m   7615720[0m[31;1m    190.33[0m[34;1m    724212[0m[34;1m   2612672[0m[34;1m     11100[0m
13:17:55   [34;1m    134736[0m[34;1m    292668[0m[34;1m   2336072[0m[34;1m     58.38[0m[34;1m     23528[0m[34;1m   1287688[0m[34;1m   7615720[0m[31;1m    190.33[0m[34;1m    724212[0m[34;1m   2613612[0m[34;1m     11884[0m
13:17:56   [34;1m    131928[0m[34;1m    291028[0m[34;1m   2337636[0m[34;1m     58.42[0m[34;1m     23528[0m[34;1m   1288884[0m[34;1m   7615720[0m[31;1m    190.33[0m[34;1m    724216[0m[34;1m   2614436[0m[34;1m     12960[0m
13:17:57   [34;1m    130760[0m[34;1m    291104[0m[34;1m   2337620[0m[34;1m     58.42[0m[34;1m     23536[0m[34;1m   1290120[0m[34;1m   7615720[0m[31;1m    190.33[0m[34;1m    724388[0m[34;1m   2615436[0m[34;1m     14012[0m
13:17:58   [34;1m    129304[0m[34;1m    290284[0m[34;1m   2338456[0m[34;1m     58.44[0m[34;1m     23536[0m[34;1m   1290740[0m[34;1m   7615720[0m[31;1m    190.33[0m[34;1m    724388[0m[34;1m   2616228[0m[34;1m     14628[0m
13:17:59   [34;1m    128548[0m[34;1m    290900[0m[34;1m   2337784[0m[34;1m     58.42[0m[34;1m     23536[0m[34;1m   1292172[0m[34;1m   7615720[0m[31;1m    190.33[0m[34;1m    724388[0m[34;1m   2617884[0m[34;1m     16060[0m
13:18:00   [34;1m    127068[0m[34;1m    290108[0m[34;1m   2338592[0m[34;1m     58.44[0m[34;1m     23536[0m[34;1m   1292836[0m[34;1m   7615720[0m[31;1m    190.33[0m[34;1m    724388[0m[34;1m   2618988[0m[34;1m     16724[0m
13:18:01   [34;1m    124764[0m[34;1m    289004[0m[34;1m   2339568[0m[34;1m     58.47[0m[34;1m     23536[0m[34;1m   1294088[0m[34;1m   7615720[0m[31;1m    190.33[0m[34;1m    724388[0m[34;1m   2620284[0m[34;1m     17820[0m
13:18:02   [34;1m    123596[0m[34;1m    289072[0m[34;1m   2339652[0m[34;1m     58.47[0m[34;1m     23544[0m[34;1m   1295252[0m[34;1m   7615720[0m[31;1m    190.33[0m[34;1m    724396[0m[34;1m   2621504[0m[34;1m     19024[0m
13:18:03   [34;1m    122644[0m[34;1m    289100[0m[34;1m   2339660[0m[34;1m     58.47[0m[34;1m     23544[0m[34;1m   1296196[0m[34;1m   7615720[0m[31;1m    190.33[0m[34;1m    724396[0m[34;1m   2620568[0m[34;1m     19968[0m
13:18:04   [34;1m    121692[0m[34;1m    289236[0m[34;1m   2339564[0m[34;1m     58.47[0m[34;1m     23552[0m[34;1m   1297248[0m[34;1m   7615720[0m[31;1m    190.33[0m[34;1m    724404[0m[34;1m   2621144[0m[34;1m     21016[0m
13:18:05   [34;1m    121188[0m[34;1m    289420[0m[34;1m   2339380[0m[34;1m     58.46[0m[34;1m     23560[0m[34;1m   1297932[0m[34;1m   7615720[0m[31;1m    190.33[0m[34;1m    724412[0m[34;1m   2621272[0m[34;1m     21700[0m
13:18:06   [34;1m    118948[0m[34;1m    288256[0m[34;1m   2340356[0m[34;1m     58.49[0m[34;1m     23560[0m[34;1m   1299188[0m[34;1m   7615720[0m[31;1m    190.33[0m[34;1m    724412[0m[34;1m   2623196[0m[34;1m     22948[0m
13:18:07   [34;1m    116180[0m[34;1m    286616[0m[34;1m   2342168[0m[34;1m     58.53[0m[34;1m     23560[0m[34;1m   1300144[0m[34;1m   7615720[0m[31;1m    190.33[0m[34;1m    724412[0m[34;1m   2627012[0m[34;1m     23904[0m
13:18:08   [34;1m    116964[0m[34;1m    288136[0m[34;1m   2340472[0m[34;1m     58.49[0m[34;1m     23560[0m[34;1m   1301056[0m[34;1m   7615720[0m[31;1m    190.33[0m[34;1m    724412[0m[34;1m   2625800[0m[34;1m     24668[0m
13:18:09   [34;1m    130720[0m[34;1m    303148[0m[34;1m   2325584[0m[34;1m     58.12[0m[34;1m     23560[0m[34;1m   1302164[0m[34;1m   7615720[0m[31;1m    190.33[0m[34;1m    724420[0m[34;1m   2627288[0m[34;1m     25848[0m
13:18:10   [34;1m    129276[0m[34;1m    302844[0m[34;1m   2325852[0m[34;1m     58.13[0m[34;1m     23568[0m[34;1m   1303328[0m[34;1m   7615720[0m[31;1m    190.33[0m[34;1m    724416[0m[34;1m   2628648[0m[34;1m     27012[0m
13:18:11   [34;1m    126632[0m[34;1m    301140[0m[34;1m   2327484[0m[34;1m     58.17[0m[34;1m     23568[0m[34;1m   1304184[0m[34;1m   7620440[0m[31;1m    190.44[0m[34;1m    724420[0m[34;1m   2631156[0m[34;1m     27868[0m
13:18:12   [34;1m    125048[0m[34;1m    300468[0m[34;1m   2328164[0m[34;1m     58.18[0m[34;1m     23576[0m[34;1m   1305216[0m[34;1m   7620440[0m[31;1m    190.44[0m[34;1m    724420[0m[34;1m   2632008[0m[34;1m     28900[0m
13:18:13   [34;1m    124824[0m[34;1m    301200[0m[34;1m   2327464[0m[34;1m     58.17[0m[34;1m     23576[0m[34;1m   1306120[0m[34;1m   7620440[0m[31;1m    190.44[0m[34;1m    724444[0m[34;1m   2632960[0m[34;1m     29796[0m
13:18:14   [34;1m    124348[0m[34;1m    301640[0m[34;1m   2327012[0m[34;1m     58.15[0m[34;1m     23576[0m[34;1m   1307048[0m[34;1m   7615720[0m[31;1m    190.33[0m[34;1m    724444[0m[34;1m   2632204[0m[34;1m       384[0m
13:18:15   [34;1m    123592[0m[34;1m    302100[0m[34;1m   2326540[0m[34;1m     58.14[0m[34;1m     23576[0m[34;1m   1308272[0m[34;1m   7615720[0m[31;1m    190.33[0m[34;1m    724444[0m[34;1m   2633588[0m[34;1m      1424[0m
13:18:16   [34;1m    120760[0m[34;1m    300128[0m[34;1m   2328476[0m[34;1m     58.19[0m[34;1m     23576[0m[34;1m   1309168[0m[34;1m   7615720[0m[31;1m    190.33[0m[34;1m    724448[0m[34;1m   2634564[0m[34;1m      2260[0m
13:18:17   [34;1m    120348[0m[34;1m    300612[0m[34;1m   2328068[0m[34;1m     58.18[0m[34;1m     23588[0m[34;1m   1310000[0m[34;1m   7615720[0m[31;1m    190.33[0m[34;1m    724456[0m[34;1m   2632732[0m[34;1m      3156[0m
13:18:18   [34;1m    119116[0m[34;1m    300676[0m[34;1m   2328016[0m[34;1m     58.18[0m[34;1m     23596[0m[34;1m   1311260[0m[34;1m   7615720[0m[31;1m    190.33[0m[34;1m    724460[0m[34;1m   2635156[0m[34;1m      4412[0m
13:18:19   [34;1m    118136[0m[34;1m    300436[0m[34;1m   2328256[0m[34;1m     58.19[0m[34;1m     23596[0m[34;1m   1312000[0m[34;1m   7615720[0m[31;1m    190.33[0m[34;1m    724460[0m[34;1m   2637080[0m[34;1m      5152[0m
13:18:20   [34;1m    117408[0m[34;1m    300908[0m[34;1m   2327740[0m[34;1m     58.17[0m[34;1m     23596[0m[34;1m   1313220[0m[34;1m   7615720[0m[31;1m    190.33[0m[34;1m    724464[0m[34;1m   2636796[0m[34;1m      6368[0m
13:18:21   [34;1m    116268[0m[34;1m    300484[0m[34;1m   2328048[0m[34;1m     58.18[0m[34;1m     23596[0m[34;1m   1313968[0m[34;1m   7615720[0m[31;1m    190.33[0m[34;1m    724464[0m[34;1m   2638020[0m[34;1m      7116[0m
13:18:22   [34;1m    115504[0m[34;1m    300640[0m[34;1m   2327836[0m[34;1m     58.18[0m[34;1m     23596[0m[34;1m   1315004[0m[34;1m   7615720[0m[31;1m    190.33[0m[34;1m    724464[0m[34;1m   2638740[0m[34;1m      8152[0m
13:18:23   [34;1m    114272[0m[34;1m    300696[0m[34;1m   2327980[0m[34;1m     58.18[0m[34;1m     23612[0m[34;1m   1316104[0m[34;1m   7615720[0m[31;1m    190.33[0m[34;1m    724480[0m[34;1m   2640892[0m[34;1m      9248[0m
13:18:24   [34;1m    112592[0m[34;1m    299660[0m[34;1m   2329016[0m[34;1m     58.21[0m[34;1m     23612[0m[34;1m   1316748[0m[34;1m   7615720[0m[31;1m    190.33[0m[34;1m    724480[0m[34;1m   2641900[0m[34;1m      9892[0m
13:18:25   [34;1m    111360[0m[34;1m    299576[0m[34;1m   2329096[0m[34;1m     58.21[0m[34;1m     23612[0m[34;1m   1317884[0m[34;1m   7615720[0m[31;1m    190.33[0m[34;1m    724480[0m[34;1m   2640624[0m[34;1m     11028[0m
13:18:26   [34;1m    134824[0m[34;1m    302192[0m[34;1m   2326604[0m[34;1m     58.14[0m[34;1m     21424[0m[34;1m   1299500[0m[34;1m   7615720[0m[31;1m    190.33[0m[34;1m    715688[0m[34;1m   2630544[0m[34;1m     12128[0m
13:18:27   [34;1m    133100[0m[34;1m    301356[0m[34;1m   2327440[0m[34;1m     58.17[0m[34;1m     21424[0m[34;1m   1300388[0m[34;1m   7615720[0m[31;1m    190.33[0m[34;1m    715688[0m[34;1m   2630988[0m[34;1m     12868[0m
13:18:28   [34;1m    131644[0m[34;1m    301184[0m[34;1m   2327660[0m[34;1m     58.17[0m[34;1m     21424[0m[34;1m   1301640[0m[34;1m   7615720[0m[31;1m    190.33[0m[34;1m    715688[0m[34;1m   2633052[0m[34;1m     14076[0m
13:18:29   [34;1m    130412[0m[34;1m    300768[0m[34;1m   2327912[0m[34;1m     58.18[0m[34;1m     21424[0m[34;1m   1302620[0m[34;1m   7615720[0m[31;1m    190.33[0m[34;1m    715688[0m[34;1m   2634128[0m[34;1m     14908[0m
13:18:30   [34;1m    128452[0m[34;1m    300060[0m[34;1m   2328732[0m[34;1m     58.20[0m[34;1m     21424[0m[34;1m   1303740[0m[34;1m   7615720[0m[31;1m    190.33[0m[34;1m    715720[0m[34;1m   2635992[0m[34;1m     16140[0m
13:18:31   [34;1m    126184[0m[34;1m    298872[0m[34;1m   2329964[0m[34;1m     58.23[0m[34;1m     21432[0m[34;1m   1304744[0m[34;1m   7620440[0m[31;1m    190.44[0m[34;1m    715728[0m[34;1m   2639636[0m[34;1m     17080[0m
13:18:32   [34;1m    123944[0m[34;1m    297496[0m[34;1m   2331324[0m[34;1m     58.26[0m[34;1m     21432[0m[34;1m   1305628[0m[34;1m   7620440[0m[31;1m    190.44[0m[34;1m    715728[0m[34;1m   2639336[0m[34;1m     17960[0m
13:18:33   [34;1m    122716[0m[34;1m    297128[0m[34;1m   2331668[0m[34;1m     58.27[0m[34;1m     21432[0m[34;1m   1306516[0m[34;1m   7620440[0m[31;1m    190.44[0m[34;1m    715732[0m[34;1m   2640420[0m[34;1m     18848[0m
13:18:34   [34;1m    121736[0m[34;1m    297296[0m[34;1m   2331520[0m[34;1m     58.27[0m[34;1m     21440[0m[34;1m   1307688[0m[34;1m   7615720[0m[31;1m    190.33[0m[34;1m    715800[0m[34;1m   2639976[0m[34;1m     19920[0m
13:18:35   [34;1m    121736[0m[34;1m    298072[0m[34;1m   2330740[0m[34;1m     58.25[0m[34;1m     21440[0m[34;1m   1308468[0m[34;1m   7615720[0m[31;1m    190.33[0m[34;1m    715800[0m[34;1m   2639680[0m[34;1m     20700[0m
13:18:36   [34;1m    119048[0m[34;1m    296576[0m[34;1m   2332404[0m[34;1m     58.29[0m[34;1m     21440[0m[34;1m   1309520[0m[34;1m   7615720[0m[31;1m    190.33[0m[34;1m    715804[0m[34;1m   2640576[0m[34;1m     21752[0m
13:18:37   [34;1m    118544[0m[34;1m    297044[0m[34;1m   2331792[0m[34;1m     58.27[0m[34;1m     21440[0m[34;1m   1310612[0m[34;1m   7615720[0m[31;1m    190.33[0m[34;1m    715800[0m[34;1m   2641716[0m[34;1m     22844[0m
13:18:38   [34;1m    117368[0m[34;1m    296764[0m[34;1m   2332092[0m[34;1m     58.28[0m[34;1m     21440[0m[34;1m   1311500[0m[34;1m   7615720[0m[31;1m    190.33[0m[34;1m    715800[0m[34;1m   2642944[0m[34;1m     23732[0m
13:18:39   [34;1m    115376[0m[34;1m    296024[0m[34;1m   2332872[0m[34;1m     58.30[0m[34;1m     21448[0m[34;1m   1312708[0m[34;1m   7615720[0m[31;1m    190.33[0m[34;1m    715804[0m[34;1m   2644532[0m[34;1m     24940[0m
13:18:40   [34;1m    114620[0m[34;1m    296252[0m[34;1m   2332632[0m[34;1m     58.30[0m[34;1m     21456[0m[34;1m   1313692[0m[34;1m   7615720[0m[31;1m    190.33[0m[34;1m    715816[0m[34;1m   2645512[0m[34;1m     25772[0m
13:18:41   [34;1m    112884[0m[34;1m    295268[0m[34;1m   2333580[0m[34;1m     58.32[0m[34;1m     21456[0m[34;1m   1314472[0m[34;1m   7615720[0m[31;1m    190.33[0m[34;1m    715816[0m[34;1m   2646888[0m[34;1m     26584[0m
13:18:42   [34;1m    111652[0m[34;1m    295228[0m[34;1m   2333628[0m[34;1m     58.32[0m[34;1m     21456[0m[34;1m   1315668[0m[34;1m   7615720[0m[31;1m    190.33[0m[34;1m    715816[0m[34;1m   2647776[0m[34;1m     27780[0m
13:18:43   [34;1m    110164[0m[34;1m    294668[0m[34;1m   2334156[0m[34;1m     58.33[0m[34;1m     21456[0m[34;1m   1316624[0m[34;1m   7615720[0m[31;1m    190.33[0m[34;1m    715816[0m[34;1m   2648816[0m[34;1m     28736[0m
13:18:44   [34;1m    109408[0m[34;1m    294800[0m[34;1m   2334040[0m[34;1m     58.33[0m[34;1m     21456[0m[34;1m   1317480[0m[34;1m   7615720[0m[31;1m    190.33[0m[34;1m    715824[0m[34;1m   2649520[0m[34;1m     29592[0m
13:18:45   [34;1m    132244[0m[34;1m    306908[0m[34;1m   2322036[0m[34;1m     58.03[0m[34;1m     20840[0m[34;1m   1307396[0m[34;1m   7615720[0m[31;1m    190.33[0m[34;1m    711380[0m[34;1m   2643432[0m[34;1m       904[0m
13:18:46   [34;1m    127752[0m[34;1m    303300[0m[34;1m   2325572[0m[34;1m     58.12[0m[34;1m     20848[0m[34;1m   1308272[0m[34;1m   7615720[0m[31;1m    190.33[0m[34;1m    711420[0m[34;1m   2644236[0m[34;1m      1728[0m
13:18:47   [34;1m    126108[0m[34;1m    302924[0m[34;1m   2326008[0m[34;1m     58.13[0m[34;1m     20848[0m[34;1m   1309544[0m[34;1m   7615720[0m[31;1m    190.33[0m[34;1m    711416[0m[34;1m   2645728[0m[34;1m      2920[0m
13:18:48   [34;1m    124888[0m[34;1m    302584[0m[34;1m   2326352[0m[34;1m     58.14[0m[34;1m     20848[0m[34;1m   1310436[0m[34;1m   7615720[0m[31;1m    190.33[0m[34;1m    711416[0m[34;1m   2646448[0m[34;1m      3812[0m
13:18:49   [34;1m    123908[0m[34;1m    302336[0m[34;1m   2326556[0m[34;1m     58.14[0m[34;1m     20848[0m[34;1m   1311216[0m[34;1m   7615720[0m[31;1m    190.33[0m[34;1m    711416[0m[34;1m   2647368[0m[34;1m      4592[0m
13:18:50   [34;1m    121736[0m[34;1m    301480[0m[34;1m   2327376[0m[34;1m     58.16[0m[34;1m     20848[0m[34;1m   1312552[0m[34;1m   7615720[0m[31;1m    190.33[0m[34;1m    711424[0m[34;1m   2649116[0m[34;1m      5820[0m
13:18:51   [34;1m    116408[0m[34;1m    297136[0m[34;1m   2331624[0m[34;1m     58.27[0m[34;1m     20856[0m[34;1m   1313492[0m[34;1m   7620440[0m[31;1m    190.44[0m[34;1m    711420[0m[34;1m   2651584[0m[34;1m      6768[0m
13:18:52   [34;1m    211492[0m[34;1m    295640[0m[34;1m   2333364[0m[34;1m     58.31[0m[34;1m     20856[0m[34;1m   1216932[0m[34;1m   7620696[0m[31;1m    190.45[0m[34;1m    711428[0m[34;1m   2555088[0m[34;1m       808[0m
13:18:53   [34;1m    211044[0m[34;1m    296264[0m[34;1m   2332652[0m[34;1m     58.30[0m[34;1m     20856[0m[34;1m   1218084[0m[34;1m   7620696[0m[31;1m    190.45[0m[34;1m    711428[0m[34;1m   2556456[0m[34;1m      1960[0m
13:18:54   [34;1m    209812[0m[34;1m    295828[0m[34;1m   2333108[0m[34;1m     58.31[0m[34;1m     20864[0m[34;1m   1218852[0m[34;1m   7615976[0m[31;1m    190.33[0m[34;1m    711436[0m[34;1m   2555640[0m[34;1m      2752[0m
13:18:55   [34;1m    208604[0m[34;1m    295896[0m[34;1m   2333132[0m[34;1m     58.31[0m[34;1m     20864[0m[34;1m   1220060[0m[34;1m   7615976[0m[31;1m    190.33[0m[34;1m    711516[0m[34;1m   2556780[0m[34;1m      3864[0m
13:18:56   [34;1m    207308[0m[34;1m    295636[0m[34;1m   2333288[0m[34;1m     58.31[0m[34;1m     20872[0m[34;1m   1221128[0m[34;1m   7615976[0m[31;1m    190.33[0m[34;1m    711516[0m[34;1m   2555132[0m[34;1m      4820[0m
13:18:57   [34;1m    205640[0m[34;1m    294812[0m[34;1m   2334152[0m[34;1m     58.33[0m[34;1m     20872[0m[34;1m   1221996[0m[34;1m   7615976[0m[31;1m    190.33[0m[34;1m    711524[0m[34;1m   2546104[0m[34;1m      5684[0m
13:18:58   [34;1m    204436[0m[34;1m    294704[0m[34;1m   2334252[0m[34;1m     58.34[0m[34;1m     20872[0m[34;1m   1223092[0m[34;1m   7615976[0m[31;1m    190.33[0m[34;1m    711524[0m[34;1m   2547860[0m[34;1m      6780[0m
13:18:59   [34;1m    202488[0m[34;1m    293496[0m[34;1m   2335484[0m[34;1m     58.37[0m[34;1m     20872[0m[34;1m   1223808[0m[34;1m   7615976[0m[31;1m    190.33[0m[34;1m    711524[0m[34;1m   2550448[0m[34;1m      7496[0m
13:19:00   [34;1m    201520[0m[34;1m    293684[0m[34;1m   2335324[0m[34;1m     58.36[0m[34;1m     20872[0m[34;1m   1224940[0m[34;1m   7615976[0m[31;1m    190.33[0m[34;1m    711524[0m[34;1m   2550640[0m[34;1m      8628[0m
13:19:01   [34;1m    200540[0m[34;1m    293788[0m[34;1m   2335164[0m[34;1m     58.36[0m[34;1m     20880[0m[34;1m   1226076[0m[34;1m   7615976[0m[31;1m    190.33[0m[34;1m    711572[0m[34;1m   2552160[0m[34;1m      9724[0m
13:19:02   [34;1m    199840[0m[34;1m    293980[0m[34;1m   2335096[0m[34;1m     58.36[0m[34;1m     20888[0m[34;1m   1226836[0m[34;1m   7615976[0m[31;1m    190.33[0m[34;1m    711572[0m[34;1m   2551928[0m[34;1m     10444[0m
13:19:03   [34;1m    199588[0m[34;1m    294904[0m[34;1m   2334124[0m[34;1m     58.33[0m[34;1m     20888[0m[34;1m   1228036[0m[34;1m   7615976[0m[31;1m    190.33[0m[34;1m    711580[0m[34;1m   2552888[0m[34;1m     11632[0m
13:19:04   [34;1m    198608[0m[34;1m    294664[0m[34;1m   2334192[0m[34;1m     58.33[0m[34;1m     20888[0m[34;1m   1228956[0m[34;1m   7615976[0m[31;1m    190.33[0m[34;1m    711580[0m[34;1m   2553388[0m[34;1m     12552[0m
13:19:05   [34;1m    198132[0m[34;1m    295052[0m[34;1m   2333780[0m[34;1m     58.32[0m[34;1m     20888[0m[34;1m   1229860[0m[34;1m   7615976[0m[31;1m    190.33[0m[34;1m    711580[0m[34;1m   2553136[0m[34;1m     13452[0m
13:19:06   [34;1m    197152[0m[34;1m    295460[0m[34;1m   2333504[0m[34;1m     58.32[0m[34;1m     20888[0m[34;1m   1231116[0m[34;1m   7615976[0m[31;1m    190.33[0m[34;1m    711708[0m[34;1m   2554600[0m[34;1m     14488[0m
13:19:07   [34;1m    196676[0m[34;1m    295688[0m[34;1m   2333252[0m[34;1m     58.31[0m[34;1m     20896[0m[34;1m   1231840[0m[34;1m   7615976[0m[31;1m    190.33[0m[34;1m    711716[0m[34;1m   2556000[0m[34;1m     15216[0m
13:19:08   [34;1m    195920[0m[34;1m    296212[0m[34;1m   2332824[0m[34;1m     58.30[0m[34;1m     20896[0m[34;1m   1233020[0m[34;1m   7615976[0m[31;1m    190.33[0m[34;1m    711740[0m[34;1m   2555024[0m[34;1m     16368[0m
13:19:09   [34;1m    192924[0m[34;1m    294192[0m[34;1m   2334804[0m[34;1m     58.35[0m[34;1m     20896[0m[34;1m   1234056[0m[34;1m   7615976[0m[31;1m    190.33[0m[34;1m    711740[0m[34;1m   2556116[0m[34;1m     17404[0m
13:19:10   [34;1m    191244[0m[34;1m    293300[0m[34;1m   2335844[0m[34;1m     58.38[0m[34;1m     20896[0m[34;1m   1234696[0m[34;1m   7615976[0m[31;1m    190.33[0m[34;1m    711740[0m[34;1m   2558112[0m[34;1m     18044[0m
13:19:11   [34;1m    188052[0m[34;1m    291224[0m[34;1m   2337756[0m[34;1m     58.42[0m[34;1m     20896[0m[34;1m   1235908[0m[34;1m   7620696[0m[31;1m    190.45[0m[34;1m    711740[0m[34;1m   2560796[0m[34;1m     19256[0m
13:19:12   [34;1m    187136[0m[34;1m    291136[0m[34;1m   2337868[0m[34;1m     58.43[0m[34;1m     20904[0m[34;1m   1236704[0m[34;1m   7620696[0m[31;1m    190.45[0m[34;1m    711748[0m[34;1m   2562192[0m[34;1m     20052[0m
13:19:13   [34;1m    186184[0m[34;1m    291172[0m[34;1m   2337816[0m[34;1m     58.42[0m[34;1m     20904[0m[34;1m   1237732[0m[34;1m   7620696[0m[31;1m    190.45[0m[34;1m    711748[0m[34;1m   2563456[0m[34;1m     21080[0m
13:19:14   [34;1m    185428[0m[34;1m    291744[0m[34;1m   2337304[0m[34;1m     58.41[0m[34;1m     20912[0m[34;1m   1239024[0m[34;1m   7615976[0m[31;1m    190.33[0m[34;1m    711788[0m[34;1m   2563316[0m[34;1m     22240[0m
13:19:15   [34;1m    184700[0m[34;1m    291768[0m[34;1m   2337264[0m[34;1m     58.41[0m[34;1m     20912[0m[34;1m   1239792[0m[34;1m   7615976[0m[31;1m    190.33[0m[34;1m    711788[0m[34;1m   2564092[0m[34;1m      6728[0m
13:19:16   [34;1m    183124[0m[34;1m    291124[0m[34;1m   2337792[0m[34;1m     58.42[0m[34;1m     20912[0m[34;1m   1240776[0m[34;1m   7615976[0m[31;1m    190.33[0m[34;1m    711788[0m[34;1m   2565136[0m[34;1m      7508[0m
13:19:17   [34;1m    181984[0m[34;1m    291084[0m[34;1m   2337916[0m[34;1m     58.43[0m[34;1m     20912[0m[34;1m   1241860[0m[34;1m   7615976[0m[31;1m    190.33[0m[34;1m    711796[0m[34;1m   2566644[0m[34;1m      8596[0m
13:19:18   [34;1m    181256[0m[34;1m    291148[0m[34;1m   2337848[0m[34;1m     58.43[0m[34;1m     20912[0m[34;1m   1242656[0m[34;1m   7615976[0m[31;1m    190.33[0m[34;1m    711796[0m[34;1m   2567444[0m[34;1m      9392[0m
13:19:19   [34;1m    180024[0m[34;1m    291008[0m[34;1m   2337964[0m[34;1m     58.43[0m[34;1m     20920[0m[34;1m   1243748[0m[34;1m   7615976[0m[31;1m    190.33[0m[34;1m    711804[0m[34;1m   2568624[0m[34;1m     10524[0m
13:19:20   [34;1m    178764[0m[34;1m    290636[0m[34;1m   2338188[0m[34;1m     58.43[0m[34;1m     20928[0m[34;1m   1244776[0m[34;1m   7615976[0m[31;1m    190.33[0m[34;1m    711804[0m[34;1m   2569808[0m[34;1m     11412[0m
13:19:21   [34;1m    176520[0m[34;1m    289664[0m[34;1m   2339368[0m[34;1m     58.46[0m[34;1m     20928[0m[34;1m   1245868[0m[34;1m   7615976[0m[31;1m    190.33[0m[34;1m    711912[0m[34;1m   2571048[0m[34;1m       972[0m
13:19:22   [34;1m    176016[0m[34;1m    290272[0m[34;1m   2338716[0m[34;1m     58.45[0m[34;1m     20928[0m[34;1m   1247028[0m[34;1m   7615976[0m[31;1m    190.33[0m[34;1m    711972[0m[34;1m   2568488[0m[34;1m      1996[0m
13:19:23   [34;1m    174532[0m[34;1m    289604[0m[34;1m   2339212[0m[34;1m     58.46[0m[34;1m     20928[0m[34;1m   1248016[0m[34;1m   7615976[0m[31;1m    190.33[0m[34;1m    711972[0m[34;1m   2569896[0m[34;1m      2836[0m
13:19:24   [34;1m    172824[0m[34;1m    288872[0m[34;1m   2339980[0m[34;1m     58.48[0m[34;1m     20928[0m[34;1m   1248948[0m[34;1m   7615976[0m[31;1m    190.33[0m[34;1m    712068[0m[34;1m   2571552[0m[34;1m      3820[0m
13:19:25   [34;1m    171816[0m[34;1m    289184[0m[34;1m   2339784[0m[34;1m     58.47[0m[34;1m     20936[0m[34;1m   1250140[0m[34;1m   7615976[0m[31;1m    190.33[0m[34;1m    712076[0m[34;1m   2573388[0m[34;1m      4944[0m
13:19:26   [34;1m    169612[0m[34;1m    287720[0m[34;1m   2341336[0m[34;1m     58.51[0m[34;1m     20936[0m[34;1m   1250856[0m[34;1m   7615976[0m[31;1m    190.33[0m[34;1m    712076[0m[34;1m   2574340[0m[34;1m      5660[0m
13:19:27   [34;1m    168820[0m[34;1m    288240[0m[34;1m   2340740[0m[34;1m     58.50[0m[34;1m     20944[0m[34;1m   1252172[0m[34;1m   7615976[0m[31;1m    190.33[0m[34;1m    712084[0m[34;1m   2575728[0m[34;1m      6972[0m
13:19:28   [34;1m    166608[0m[34;1m    286620[0m[34;1m   2342360[0m[34;1m     58.54[0m[34;1m     20944[0m[34;1m   1252764[0m[34;1m   7615976[0m[31;1m    190.33[0m[34;1m    712084[0m[34;1m   2577652[0m[34;1m      7564[0m
13:19:29   [34;1m    165348[0m[34;1m    286684[0m[34;1m   2342356[0m[34;1m     58.54[0m[34;1m     20944[0m[34;1m   1254044[0m[34;1m   7615976[0m[31;1m    190.33[0m[34;1m    712084[0m[34;1m   2576408[0m[34;1m      8840[0m
13:19:30   [34;1m    163892[0m[34;1m    286320[0m[34;1m   2342672[0m[34;1m     58.55[0m[34;1m     20944[0m[34;1m   1255144[0m[34;1m   7615976[0m[31;1m    190.33[0m[34;1m    712228[0m[34;1m   2578588[0m[34;1m      9796[0m
13:19:31   [34;1m    160488[0m[34;1m    283644[0m[34;1m   2345076[0m[34;1m     58.61[0m[34;1m     20944[0m[34;1m   1255872[0m[34;1m   7620696[0m[31;1m    190.45[0m[34;1m    712228[0m[34;1m   2581996[0m[34;1m     10524[0m
13:19:32   [34;1m    158656[0m[34;1m    282992[0m[34;1m   2345976[0m[34;1m     58.63[0m[34;1m     20952[0m[34;1m   1257020[0m[34;1m   7620696[0m[31;1m    190.45[0m[34;1m    712236[0m[34;1m   2583268[0m[34;1m     11672[0m
13:19:33   [34;1m    156140[0m[34;1m    281592[0m[34;1m   2347364[0m[34;1m     58.66[0m[34;1m     20952[0m[34;1m   1258128[0m[34;1m   7620696[0m[31;1m    190.45[0m[34;1m    712236[0m[34;1m   2585368[0m[34;1m     12776[0m
13:19:34   [34;1m    154684[0m[34;1m    280936[0m[34;1m   2348004[0m[34;1m     58.68[0m[34;1m     20960[0m[34;1m   1258936[0m[34;1m   7615976[0m[31;1m    190.33[0m[34;1m    712236[0m[34;1m   2582004[0m[34;1m     13592[0m
13:19:35   [34;1m    153480[0m[34;1m    280832[0m[34;1m   2348088[0m[34;1m     58.68[0m[34;1m     20960[0m[34;1m   1260080[0m[34;1m   7615976[0m[31;1m    190.33[0m[34;1m    712244[0m[34;1m   2582268[0m[34;1m     14724[0m
13:19:36   [34;1m    152344[0m[34;1m    280596[0m[34;1m   2348372[0m[34;1m     58.69[0m[34;1m     20960[0m[34;1m   1260812[0m[34;1m   7615976[0m[31;1m    190.33[0m[34;1m    712240[0m[34;1m   2584000[0m[34;1m     15308[0m
13:19:37   [34;1m    150736[0m[34;1m    280008[0m[34;1m   2349012[0m[34;1m     58.70[0m[34;1m     20960[0m[34;1m   1261924[0m[34;1m   7615976[0m[31;1m    190.33[0m[34;1m    712244[0m[34;1m   2585288[0m[34;1m     16444[0m
13:19:38   [34;1m    150260[0m[34;1m    280764[0m[34;1m   2348216[0m[34;1m     58.68[0m[34;1m     20968[0m[34;1m   1263188[0m[34;1m   7615976[0m[31;1m    190.33[0m[34;1m    712252[0m[34;1m   2586776[0m[34;1m     17704[0m
13:19:39   [34;1m    149280[0m[34;1m    280440[0m[34;1m   2348276[0m[34;1m     58.69[0m[34;1m     20968[0m[34;1m   1264124[0m[34;1m   7615976[0m[31;1m    190.33[0m[34;1m    712252[0m[34;1m   2587908[0m[34;1m     18640[0m
13:19:40   [34;1m    147772[0m[34;1m    280220[0m[34;1m   2348780[0m[34;1m     58.70[0m[34;1m     20968[0m[34;1m   1265132[0m[34;1m   7615976[0m[31;1m    190.33[0m[34;1m    712252[0m[34;1m   2589744[0m[34;1m     19644[0m
13:19:41   [34;1m    145504[0m[34;1m    279172[0m[34;1m   2349832[0m[34;1m     58.73[0m[34;1m     20968[0m[34;1m   1266344[0m[34;1m   7615976[0m[31;1m    190.33[0m[34;1m    712336[0m[34;1m   2590728[0m[34;1m     20748[0m
13:19:42   [34;1m    145252[0m[34;1m    279536[0m[34;1m   2349300[0m[34;1m     58.71[0m[34;1m     20968[0m[34;1m   1267128[0m[34;1m   7615976[0m[31;1m    190.33[0m[34;1m    712336[0m[34;1m   2591356[0m[34;1m     21532[0m
13:19:43   [34;1m    144552[0m[34;1m    280152[0m[34;1m   2348864[0m[34;1m     58.70[0m[34;1m     20976[0m[34;1m   1268272[0m[34;1m   7615976[0m[31;1m    190.33[0m[34;1m    712344[0m[34;1m   2592536[0m[34;1m     22672[0m
13:19:44   [34;1m    143852[0m[34;1m    280176[0m[34;1m   2348792[0m[34;1m     58.70[0m[34;1m     20976[0m[34;1m   1269044[0m[34;1m   7615976[0m[31;1m    190.33[0m[34;1m    712344[0m[34;1m   2592924[0m[34;1m     23444[0m
13:19:45   [34;1m    143376[0m[34;1m    280876[0m[34;1m   2348056[0m[34;1m     58.68[0m[34;1m     20976[0m[34;1m   1270248[0m[34;1m   7615976[0m[31;1m    190.33[0m[34;1m    712344[0m[34;1m   2594256[0m[34;1m     24648[0m
13:19:46   [34;1m    140380[0m[34;1m    279084[0m[34;1m   2349964[0m[34;1m     58.73[0m[34;1m     20984[0m[34;1m   1271328[0m[34;1m   7615976[0m[31;1m    190.33[0m[34;1m    712400[0m[34;1m   2595416[0m[34;1m       336[0m
13:19:47   [34;1m    139680[0m[34;1m    279124[0m[34;1m   2349924[0m[34;1m     58.73[0m[34;1m     20984[0m[34;1m   1272068[0m[34;1m   7615976[0m[31;1m    190.33[0m[34;1m    712400[0m[34;1m   2592456[0m[34;1m      1076[0m
13:19:48   [34;1m    138728[0m[34;1m    279476[0m[34;1m   2349540[0m[34;1m     58.72[0m[34;1m     20984[0m[34;1m   1273400[0m[34;1m   7615976[0m[31;1m    190.33[0m[34;1m    712452[0m[34;1m   2594880[0m[34;1m      2344[0m
13:19:49   [34;1m    138000[0m[34;1m    279684[0m[34;1m   2349292[0m[34;1m     58.71[0m[34;1m     20984[0m[34;1m   1274376[0m[34;1m   7615976[0m[31;1m    190.33[0m[34;1m    712452[0m[34;1m   2597220[0m[34;1m      3320[0m
13:19:50   [34;1m    136992[0m[34;1m    279572[0m[34;1m   2349244[0m[34;1m     58.71[0m[34;1m     20984[0m[34;1m   1275428[0m[34;1m   7615976[0m[31;1m    190.33[0m[34;1m    712452[0m[34;1m   2598536[0m[34;1m      4224[0m
13:19:51   [34;1m    134220[0m[34;1m    278004[0m[34;1m   2350960[0m[34;1m     58.75[0m[34;1m     20996[0m[34;1m   1276428[0m[34;1m   7620696[0m[31;1m    190.45[0m[34;1m    712564[0m[34;1m   2602172[0m[34;1m      5336[0m
13:19:52   [34;1m    132988[0m[34;1m    277632[0m[34;1m   2351348[0m[34;1m     58.76[0m[34;1m     21004[0m[34;1m   1277252[0m[34;1m   7620696[0m[31;1m    190.45[0m[34;1m    712564[0m[34;1m   2603200[0m[34;1m      6168[0m
13:19:53   [34;1m    132232[0m[34;1m    277592[0m[34;1m   2351320[0m[34;1m     58.76[0m[34;1m     21004[0m[34;1m   1278036[0m[34;1m   7620696[0m[31;1m    190.45[0m[34;1m    712572[0m[34;1m   2603676[0m[34;1m      6940[0m
13:19:54   [34;1m    131252[0m[34;1m    277940[0m[34;1m   2351084[0m[34;1m     58.76[0m[34;1m     21004[0m[34;1m   1279324[0m[34;1m   7615976[0m[31;1m    190.33[0m[34;1m    712572[0m[34;1m   2605048[0m[34;1m      8228[0m
13:19:55   [34;1m    147512[0m[34;1m    294900[0m[34;1m   2334140[0m[34;1m     58.33[0m[34;1m     21004[0m[34;1m   1280008[0m[34;1m   7615976[0m[31;1m    190.33[0m[34;1m    712572[0m[34;1m   2602356[0m[34;1m      8912[0m
13:19:56   [34;1m    144480[0m[34;1m    293040[0m[34;1m   2335836[0m[34;1m     58.38[0m[34;1m     21004[0m[34;1m   1281176[0m[34;1m   7615976[0m[31;1m    190.33[0m[34;1m    712572[0m[34;1m   2603620[0m[34;1m     10080[0m
13:19:57   [34;1m    143564[0m[34;1m    293148[0m[34;1m   2335892[0m[34;1m     58.38[0m[34;1m     21020[0m[34;1m   1282172[0m[34;1m   7615976[0m[31;1m    190.33[0m[34;1m    712588[0m[34;1m   2606240[0m[34;1m     11080[0m
13:19:58   [34;1m    142332[0m[34;1m    292804[0m[34;1m   2336236[0m[34;1m     58.39[0m[34;1m     21020[0m[34;1m   1283060[0m[34;1m   7615976[0m[31;1m    190.33[0m[34;1m    712588[0m[34;1m   2607128[0m[34;1m     11820[0m
13:19:59   [34;1m    141252[0m[34;1m    293012[0m[34;1m   2335968[0m[34;1m     58.38[0m[34;1m     21020[0m[34;1m   1284412[0m[34;1m   7615976[0m[31;1m    190.33[0m[34;1m    712588[0m[34;1m   2609064[0m[34;1m     13124[0m
13:20:00   [34;1m    155248[0m[34;1m    308404[0m[34;1m   2320096[0m[34;1m     57.98[0m[34;1m     21020[0m[34;1m   1285336[0m[34;1m   7615976[0m[31;1m    190.33[0m[34;1m    712588[0m[34;1m   2610556[0m[34;1m     14048[0m
13:20:01   [34;1m    151528[0m[34;1m    305832[0m[34;1m   2322636[0m[34;1m     58.05[0m[34;1m     21020[0m[34;1m   1286392[0m[34;1m   7615976[0m[31;1m    190.33[0m[34;1m    712680[0m[34;1m   2612120[0m[34;1m     15044[0m
13:20:02   [34;1m    149624[0m[34;1m    305184[0m[34;1m   2323240[0m[34;1m     58.06[0m[34;1m     21028[0m[34;1m   1287660[0m[34;1m   7615976[0m[31;1m    190.33[0m[34;1m    712800[0m[34;1m   2610404[0m[34;1m     16192[0m
13:20:03   [34;1m    148420[0m[34;1m    304704[0m[34;1m   2323780[0m[34;1m     58.07[0m[34;1m     21028[0m[34;1m   1288348[0m[34;1m   7615976[0m[31;1m    190.33[0m[34;1m    712800[0m[34;1m   2611388[0m[34;1m     16880[0m
13:20:04   [34;1m    147216[0m[34;1m    305364[0m[34;1m   2323032[0m[34;1m     58.06[0m[34;1m     21152[0m[34;1m   1290204[0m[34;1m   7615976[0m[31;1m    190.33[0m[34;1m    712924[0m[34;1m   2612892[0m[34;1m     18044[0m
13:20:05   [34;1m    145452[0m[34;1m    304728[0m[34;1m   2323772[0m[34;1m     58.07[0m[34;1m     21160[0m[34;1m   1291220[0m[34;1m   7615976[0m[31;1m    190.33[0m[34;1m    713000[0m[34;1m   2613940[0m[34;1m     19084[0m
13:20:06   [34;1m    144976[0m[34;1m    305132[0m[34;1m   2323388[0m[34;1m     58.06[0m[34;1m     21160[0m[34;1m   1292096[0m[34;1m   7656868[0m[31;1m    191.35[0m[34;1m    713000[0m[34;1m   2615052[0m[34;1m     19960[0m
13:20:07   [34;1m    143968[0m[34;1m    305176[0m[34;1m   2323292[0m[34;1m     58.06[0m[34;1m     21160[0m[34;1m   1293188[0m[34;1m   7615976[0m[31;1m    190.33[0m[34;1m    713000[0m[34;1m   2616160[0m[34;1m     21052[0m
13:20:08   [34;1m    142764[0m[34;1m    305012[0m[34;1m   2323444[0m[34;1m     58.07[0m[34;1m     21160[0m[34;1m   1294240[0m[34;1m   7615976[0m[31;1m    190.33[0m[34;1m    713000[0m[34;1m   2617096[0m[34;1m     22104[0m
13:20:09   [34;1m    138480[0m[34;1m    301708[0m[34;1m   2326928[0m[34;1m     58.15[0m[34;1m     21160[0m[34;1m   1295016[0m[34;1m   7615976[0m[31;1m    190.33[0m[34;1m    712996[0m[34;1m   2618096[0m[34;1m     22880[0m
13:20:10   [34;1m    137752[0m[34;1m    302116[0m[34;1m   2326320[0m[34;1m     58.14[0m[34;1m     21168[0m[34;1m   1296272[0m[34;1m   7615976[0m[31;1m    190.33[0m[34;1m    713008[0m[34;1m   2619880[0m[34;1m     24132[0m
13:20:11   [34;1m    136072[0m[34;1m    301284[0m[34;1m   2327084[0m[34;1m     58.16[0m[34;1m     21168[0m[34;1m   1297108[0m[34;1m   7620696[0m[31;1m    190.45[0m[34;1m    713008[0m[34;1m   2622032[0m[34;1m     24968[0m
13:20:12   [34;1m    133356[0m[34;1m    299480[0m[34;1m   2328848[0m[34;1m     58.20[0m[34;1m     21168[0m[34;1m   1298056[0m[34;1m   7620696[0m[31;1m    190.45[0m[34;1m    713048[0m[34;1m   2623604[0m[34;1m     25868[0m
13:20:13   [34;1m    132164[0m[34;1m    299400[0m[34;1m   2328932[0m[34;1m     58.20[0m[34;1m     21168[0m[34;1m   1299176[0m[34;1m   7620696[0m[31;1m    190.45[0m[34;1m    713092[0m[34;1m   2624804[0m[34;1m     26912[0m
13:20:14   [34;1m    130456[0m[34;1m    298556[0m[34;1m   2329640[0m[34;1m     58.22[0m[34;1m     21168[0m[34;1m   1300176[0m[34;1m   7615976[0m[31;1m    190.33[0m[34;1m    713240[0m[34;1m   2623932[0m[34;1m     27616[0m
13:20:15   [34;1m    129952[0m[34;1m    299284[0m[34;1m   2329048[0m[34;1m     58.21[0m[34;1m     21176[0m[34;1m   1301292[0m[34;1m   7615976[0m[31;1m    190.33[0m[34;1m    713280[0m[34;1m   2625040[0m[34;1m     28868[0m
13:20:16   [34;1m    129252[0m[34;1m    299608[0m[34;1m   2328788[0m[34;1m     58.20[0m[34;1m     21184[0m[34;1m   1302244[0m[34;1m   7615976[0m[31;1m    190.33[0m[34;1m    713288[0m[34;1m   2626132[0m[34;1m     29772[0m
13:20:17   [34;1m    126444[0m[34;1m    297628[0m[34;1m   2330692[0m[34;1m     58.25[0m[34;1m     21188[0m[34;1m   1303064[0m[34;1m   7615976[0m[31;1m    190.33[0m[34;1m    713304[0m[34;1m   2626688[0m[34;1m       620[0m
13:20:18   [34;1m    125944[0m[34;1m    298272[0m[34;1m   2330648[0m[34;1m     58.25[0m[34;1m     21188[0m[34;1m   1304200[0m[34;1m   7598784[0m[31;1m    189.90[0m[34;1m    713248[0m[34;1m   2617716[0m[34;1m      1756[0m
