Linux 6.6.95 (minikube) 	04/17/26 	_x86_64_	(4 CPU)

13:15:18        CPU     %user     %nice   %system   %iowait    %steal     %idle
13:15:19   [32;22m     all[0m[34;1m      4.38[0m[34;22m      0.00[0m[34;1m      5.93[0m[34;22m      0.00[0m[34;22m      0.00[0m[34;1m     89.69[0m
13:15:20   [32;22m     all[0m[34;1m      4.92[0m[34;22m      0.00[0m[34;1m      5.18[0m[34;22m      0.00[0m[34;22m      0.00[0m[34;1m     89.90[0m
13:15:21   [32;22m     all[0m[34;1m      4.60[0m[34;22m      0.00[0m[34;1m      7.42[0m[34;22m      0.00[0m[34;22m      0.00[0m[34;1m     87.98[0m
13:15:22   [32;22m     all[0m[34;1m      5.77[0m[34;22m      0.00[0m[34;1m      8.92[0m[34;22m      0.00[0m[34;22m      0.00[0m[34;1m     85.30[0m
13:15:23   [32;22m     all[0m[34;1m      6.32[0m[34;22m      0.00[0m[34;1m      9.21[0m[34;22m      0.00[0m[34;22m      0.00[0m[34;1m     84.47[0m
13:15:24   [32;22m     all[0m[34;1m      8.58[0m[34;22m      0.00[0m[34;1m     11.80[0m[34;22m      0.00[0m[34;22m      0.00[0m[34;1m     79.62[0m
13:15:25   [32;22m     all[0m[34;1m      6.97[0m[34;22m      0.00[0m[34;1m     10.99[0m[34;22m      0.00[0m[34;22m      0.00[0m[34;1m     82.04[0m
13:15:26   [32;22m     all[0m[34;1m      9.07[0m[34;22m      0.00[0m[34;1m     13.60[0m[34;22m      0.00[0m[34;22m      0.00[0m[34;1m     77.33[0m
13:15:27   [32;22m     all[0m[34;1m      9.97[0m[34;22m      0.00[0m[34;1m     14.02[0m[34;22m      0.00[0m[34;22m      0.00[0m[34;1m     76.01[0m
13:15:28   [32;22m     all[0m[34;1m      9.14[0m[34;22m      0.00[0m[34;1m     13.17[0m[34;22m      0.00[0m[34;22m      0.00[0m[34;1m     77.69[0m
13:15:29   [32;22m     all[0m[34;1m     11.17[0m[34;22m      0.00[0m[34;1m     14.89[0m[34;22m      0.00[0m[34;22m      0.00[0m[34;1m     73.94[0m
13:15:30   [32;22m     all[0m[34;1m     11.68[0m[34;22m      0.00[0m[34;1m     17.66[0m[34;22m      0.00[0m[34;22m      0.00[0m[34;1m     70.65[0m
13:15:31   [32;22m     all[0m[34;1m     11.38[0m[34;22m      0.00[0m[34;1m     18.43[0m[34;22m      0.00[0m[34;22m      0.00[0m[34;1m     70.19[0m
13:15:32   [32;22m     all[0m[34;1m     12.23[0m[34;22m      0.00[0m[34;1m     18.21[0m[34;1m      0.27[0m[34;22m      0.00[0m[34;1m     69.29[0m
13:15:33   [32;22m     all[0m[34;1m     12.95[0m[34;22m      0.00[0m[34;1m     20.66[0m[34;22m      0.00[0m[34;22m      0.00[0m[34;1m     66.39[0m
13:15:34   [32;22m     all[0m[34;1m     13.70[0m[34;22m      0.00[0m[34;1m     20.00[0m[34;22m      0.00[0m[34;22m      0.00[0m[34;1m     66.30[0m
13:15:35   [32;22m     all[0m[34;1m     13.04[0m[34;22m      0.00[0m[34;1m     20.92[0m[34;22m      0.00[0m[34;22m      0.00[0m[34;1m     66.03[0m
13:15:36   [32;22m     all[0m[34;1m     13.66[0m[34;22m      0.00[0m[34;1m     21.86[0m[34;22m      0.00[0m[34;22m      0.00[0m[34;1m     64.48[0m
13:15:37   [32;22m     all[0m[34;1m     14.96[0m[34;22m      0.00[0m[34;1m     23.82[0m[34;22m      0.00[0m[34;22m      0.00[0m[34;1m     61.22[0m
13:15:38   [32;22m     all[0m[34;1m     14.01[0m[34;22m      0.00[0m[34;1m     20.88[0m[34;22m      0.00[0m[34;22m      0.00[0m[34;1m     65.11[0m
13:15:39   [32;22m     all[0m[34;1m     18.63[0m[34;22m      0.00[0m[34;1m     25.75[0m[34;22m      0.00[0m[34;22m      0.00[0m[34;1m     55.62[0m
13:15:40   [32;22m     all[0m[34;1m     15.60[0m[34;22m      0.00[0m[34;1m     23.40[0m[34;22m      0.00[0m[34;22m      0.00[0m[34;1m     61.00[0m
13:15:41   [32;22m     all[0m[34;1m     15.80[0m[34;22m      0.00[0m[34;1m     26.16[0m[34;22m      0.00[0m[34;22m      0.00[0m[34;1m     58.04[0m
13:15:42   [32;22m     all[0m[34;1m     17.32[0m[34;22m      0.00[0m[34;1m     27.65[0m[34;22m      0.00[0m[34;22m      0.00[0m[34;1m     55.03[0m
13:15:43   [32;22m     all[0m[34;1m     18.54[0m[34;22m      0.00[0m[34;1m     26.40[0m[34;22m      0.00[0m[34;22m      0.00[0m[34;1m     55.06[0m
13:15:44   [32;22m     all[0m[34;1m     18.51[0m[34;22m      0.00[0m[34;1m     29.83[0m[34;22m      0.00[0m[34;22m      0.00[0m[34;1m     51.66[0m
13:15:45   [32;22m     all[0m[34;1m     20.99[0m[34;22m      0.00[0m[34;1m     32.60[0m[34;1m      0.28[0m[34;22m      0.00[0m[34;1m     46.13[0m
13:15:46   [32;22m     all[0m[34;1m     19.50[0m[34;22m      0.00[0m[34;1m     28.41[0m[34;22m      0.00[0m[34;22m      0.00[0m[34;1m     52.09[0m
13:15:47   [32;22m     all[0m[34;1m     21.05[0m[34;22m      0.00[0m[34;1m     32.69[0m[34;22m      0.00[0m[34;22m      0.00[0m[34;1m     46.26[0m
13:15:48   [32;22m     all[0m[34;1m     23.12[0m[34;22m      0.00[0m[34;1m     32.31[0m[34;22m      0.00[0m[34;22m      0.00[0m[34;1m     44.57[0m
13:15:49   [32;22m     all[0m[34;1m     20.11[0m[34;22m      0.00[0m[34;1m     32.12[0m[34;22m      0.00[0m[34;22m      0.00[0m[34;1m     47.77[0m
13:15:50   [32;22m     all[0m[34;1m     19.26[0m[34;22m      0.00[0m[34;1m     28.90[0m[34;22m      0.00[0m[34;22m      0.00[0m[34;1m     51.84[0m
13:15:51   [32;22m     all[0m[34;1m     19.77[0m[34;22m      0.00[0m[34;1m     31.81[0m[34;22m      0.00[0m[34;22m      0.00[0m[34;1m     48.42[0m
13:15:52   [32;22m     all[0m[34;1m     19.55[0m[34;22m      0.00[0m[34;1m     34.28[0m[34;22m      0.00[0m[34;22m      0.00[0m[34;1m     46.18[0m
13:15:53   [32;22m     all[0m[34;1m     20.23[0m[34;22m      0.00[0m[34;1m     31.62[0m[34;22m      0.00[0m[34;22m      0.00[0m[34;1m     48.15[0m
13:15:54   [32;22m     all[0m[34;1m     19.48[0m[34;22m      0.00[0m[34;1m     32.66[0m[34;22m      0.00[0m[34;22m      0.00[0m[34;1m     47.85[0m
13:15:55   [32;22m     all[0m[34;1m     19.36[0m[34;22m      0.00[0m[34;1m     31.21[0m[34;22m      0.00[0m[34;22m      0.00[0m[34;1m     49.42[0m
13:15:56   [32;22m     all[0m[34;1m     19.44[0m[34;22m      0.00[0m[34;1m     30.99[0m[34;22m      0.00[0m[34;22m      0.00[0m[34;1m     49.58[0m
13:15:57   [32;22m     all[0m[34;1m     20.57[0m[34;22m      0.00[0m[34;1m     34.00[0m[34;22m      0.00[0m[34;22m      0.00[0m[34;1m     45.43[0m
13:15:58   [32;22m     all[0m[34;1m     17.53[0m[34;22m      0.00[0m[34;1m     28.45[0m[34;22m      0.00[0m[34;22m      0.00[0m[34;1m     54.02[0m
13:15:59   [32;22m     all[0m[34;1m     20.00[0m[34;22m      0.00[0m[34;1m     31.43[0m[34;22m      0.00[0m[34;22m      0.00[0m[34;1m     48.57[0m
13:16:00   [32;22m     all[0m[34;1m     18.23[0m[34;22m      0.00[0m[34;1m     31.05[0m[34;22m      0.00[0m[34;22m      0.00[0m[34;1m     50.71[0m
13:16:01   [32;22m     all[0m[34;1m     18.98[0m[34;22m      0.00[0m[34;1m     32.01[0m[34;1m      0.28[0m[34;22m      0.00[0m[34;1m     48.73[0m
13:16:02   [32;22m     all[0m[34;1m     18.57[0m[34;22m      0.00[0m[34;1m     32.00[0m[34;22m      0.00[0m[34;22m      0.00[0m[34;1m     49.43[0m
13:16:03   [32;22m     all[0m[34;1m     21.04[0m[34;22m      0.00[0m[34;1m     33.72[0m[34;22m      0.00[0m[34;22m      0.00[0m[34;1m     45.24[0m
13:16:04   [32;22m     all[0m[34;1m     18.82[0m[34;22m      0.00[0m[34;1m     29.49[0m[34;22m      0.00[0m[34;22m      0.00[0m[34;1m     51.69[0m
13:16:05   [32;22m     all[0m[34;1m     19.55[0m[34;22m      0.00[0m[34;1m     32.01[0m[34;22m      0.00[0m[34;22m      0.00[0m[34;1m     48.44[0m
13:16:06   [32;22m     all[0m[34;1m     18.34[0m[34;22m      0.00[0m[34;1m     32.95[0m[34;22m      0.00[0m[34;22m      0.00[0m[34;1m     48.71[0m
13:16:07   [32;22m     all[0m[34;1m     19.61[0m[34;22m      0.00[0m[34;1m     31.37[0m[34;22m      0.00[0m[34;22m      0.00[0m[34;1m     49.02[0m
13:16:08   [32;22m     all[0m[34;1m     19.60[0m[34;22m      0.00[0m[34;1m     31.99[0m[34;22m      0.00[0m[34;22m      0.00[0m[34;1m     48.41[0m
13:16:09   [32;22m     all[0m[34;1m     19.66[0m[34;22m      0.00[0m[34;1m     28.49[0m[34;22m      0.00[0m[34;22m      0.00[0m[34;1m     51.85[0m
13:16:10   [32;22m     all[0m[34;1m     18.50[0m[34;22m      0.00[0m[34;1m     29.48[0m[34;22m      0.00[0m[34;22m      0.00[0m[34;1m     52.02[0m
13:16:11   [32;22m     all[0m[34;1m     20.80[0m[34;22m      0.00[0m[34;1m     32.19[0m[34;22m      0.00[0m[34;22m      0.00[0m[34;1m     47.01[0m
13:16:12   [32;22m     all[0m[34;1m     20.34[0m[34;22m      0.00[0m[34;1m     34.18[0m[34;22m      0.00[0m[34;22m      0.00[0m[34;1m     45.48[0m
13:16:13   [32;22m     all[0m[34;1m     19.21[0m[34;22m      0.00[0m[34;1m     32.49[0m[34;22m      0.00[0m[34;22m      0.00[0m[34;1m     48.31[0m
13:16:14   [32;22m     all[0m[34;1m     20.52[0m[34;22m      0.00[0m[34;1m     29.48[0m[34;22m      0.00[0m[34;22m      0.00[0m[34;1m     50.00[0m
13:16:15   [32;22m     all[0m[34;1m     21.10[0m[34;22m      0.00[0m[34;1m     34.39[0m[34;22m      0.00[0m[34;22m      0.00[0m[34;1m     44.51[0m
13:16:16   [32;22m     all[0m[34;1m     18.57[0m[34;22m      0.00[0m[34;1m     32.29[0m[34;22m      0.00[0m[34;22m      0.00[0m[34;1m     49.14[0m
13:16:17   [32;22m     all[0m[34;1m     21.31[0m[34;22m      0.00[0m[34;1m     32.67[0m[34;22m      0.00[0m[34;22m      0.00[0m[34;1m     46.02[0m
13:16:18   [32;22m     all[0m[34;1m     18.47[0m[34;22m      0.00[0m[34;1m     31.53[0m[34;22m      0.00[0m[34;22m      0.00[0m[34;1m     50.00[0m
13:16:19   [32;22m     all[0m[34;1m     22.47[0m[34;22m      0.00[0m[34;1m     33.99[0m[34;22m      0.00[0m[34;22m      0.00[0m[34;1m     43.54[0m
13:16:20   [32;22m     all[0m[34;1m     20.29[0m[34;22m      0.00[0m[34;1m     31.88[0m[34;22m      0.00[0m[34;22m      0.00[0m[34;1m     47.83[0m
13:16:21   [32;22m     all[0m[34;1m     19.14[0m[34;22m      0.00[0m[34;1m     29.43[0m[34;22m      0.00[0m[34;22m      0.00[0m[34;1m     51.43[0m
13:16:22   [32;22m     all[0m[34;1m     20.51[0m[34;22m      0.00[0m[34;1m     32.58[0m[34;22m      0.00[0m[34;22m      0.00[0m[34;1m     46.91[0m
13:16:23   [32;22m     all[0m[34;1m     20.28[0m[34;22m      0.00[0m[34;1m     31.27[0m[34;22m      0.00[0m[34;22m      0.00[0m[34;1m     48.45[0m
13:16:24   [32;22m     all[0m[34;1m     19.71[0m[34;22m      0.00[0m[34;1m     33.14[0m[34;22m      0.00[0m[34;22m      0.00[0m[34;1m     47.14[0m
13:16:25   [32;22m     all[0m[34;1m     19.26[0m[34;22m      0.00[0m[34;1m     33.14[0m[34;22m      0.00[0m[34;22m      0.00[0m[34;1m     47.59[0m
13:16:26   [32;22m     all[0m[34;1m     19.25[0m[34;22m      0.00[0m[34;1m     33.05[0m[34;22m      0.00[0m[34;22m      0.00[0m[34;1m     47.70[0m
13:16:27   [32;22m     all[0m[34;1m     20.34[0m[34;22m      0.00[0m[34;1m     33.62[0m[34;22m      0.00[0m[34;22m      0.00[0m[34;1m     46.05[0m
13:16:28   [32;22m     all[0m[34;1m     22.88[0m[34;22m      0.00[0m[34;1m     33.62[0m[34;22m      0.00[0m[34;22m      0.00[0m[34;1m     43.50[0m
13:16:29   [32;22m     all[0m[34;1m     20.00[0m[34;22m      0.00[0m[34;1m     31.43[0m[34;22m      0.00[0m[34;22m      0.00[0m[34;1m     48.57[0m
13:16:30   [32;22m     all[0m[34;1m     20.00[0m[34;22m      0.00[0m[34;1m     32.57[0m[34;22m      0.00[0m[34;22m      0.00[0m[34;1m     47.43[0m
13:16:31   [32;22m     all[0m[34;1m     19.32[0m[34;22m      0.00[0m[34;1m     30.40[0m[34;22m      0.00[0m[34;22m      0.00[0m[34;1m     50.28[0m
13:16:32   [32;22m     all[0m[34;1m     19.38[0m[34;22m      0.00[0m[34;1m     32.30[0m[34;22m      0.00[0m[34;22m      0.00[0m[34;1m     48.31[0m
13:16:33   [32;22m     all[0m[34;1m     17.33[0m[34;22m      0.00[0m[34;1m     29.26[0m[34;22m      0.00[0m[34;22m      0.00[0m[34;1m     53.41[0m
13:16:34   [32;22m     all[0m[34;1m     21.43[0m[34;22m      0.00[0m[34;1m     34.29[0m[34;1m      0.29[0m[34;22m      0.00[0m[34;1m     44.00[0m
13:16:35   [32;22m     all[0m[34;1m     18.73[0m[34;22m      0.00[0m[34;1m     29.97[0m[34;22m      0.00[0m[34;22m      0.00[0m[34;1m     51.30[0m
13:16:36   [32;22m     all[0m[34;1m     19.54[0m[34;22m      0.00[0m[34;1m     31.32[0m[34;22m      0.00[0m[34;22m      0.00[0m[34;1m     49.14[0m
13:16:37   [32;22m     all[0m[34;1m     19.55[0m[34;22m      0.00[0m[34;1m     32.29[0m[34;22m      0.00[0m[34;22m      0.00[0m[34;1m     48.16[0m
13:16:38   [32;22m     all[0m[34;1m     20.92[0m[34;22m      0.00[0m[34;1m     36.96[0m[34;22m      0.00[0m[34;22m      0.00[0m[34;1m     42.12[0m
13:16:39   [32;22m     all[0m[34;1m     23.10[0m[34;22m      0.00[0m[34;1m     35.49[0m[34;22m      0.00[0m[34;22m      0.00[0m[34;1m     41.41[0m
13:16:40   [32;22m     all[0m[34;1m     18.97[0m[34;22m      0.00[0m[34;1m     30.17[0m[34;22m      0.00[0m[34;22m      0.00[0m[34;1m     50.86[0m
13:16:41   [32;22m     all[0m[34;1m     20.23[0m[34;22m      0.00[0m[34;1m     31.91[0m[34;22m      0.00[0m[34;22m      0.00[0m[34;1m     47.86[0m
13:16:42   [32;22m     all[0m[34;1m     19.83[0m[34;22m      0.00[0m[34;1m     34.48[0m[34;22m      0.00[0m[34;22m      0.00[0m[34;1m     45.69[0m
13:16:43   [32;22m     all[0m[34;1m     19.26[0m[34;22m      0.00[0m[34;1m     30.31[0m[34;22m      0.00[0m[34;22m      0.00[0m[34;1m     50.42[0m
13:16:44   [32;22m     all[0m[34;1m     22.88[0m[34;22m      0.00[0m[34;1m     31.92[0m[34;22m      0.00[0m[34;22m      0.00[0m[34;1m     45.20[0m
13:16:45   [32;22m     all[0m[34;1m     18.13[0m[34;22m      0.00[0m[34;1m     32.29[0m[34;22m      0.00[0m[34;22m      0.00[0m[34;1m     49.58[0m
13:16:46   [32;22m     all[0m[34;1m     19.89[0m[34;22m      0.00[0m[34;1m     31.82[0m[34;22m      0.00[0m[34;22m      0.00[0m[34;1m     48.30[0m
13:16:47   [32;22m     all[0m[34;1m     20.80[0m[34;22m      0.00[0m[34;1m     31.05[0m[34;1m      0.28[0m[34;22m      0.00[0m[34;1m     47.86[0m
13:16:48   [32;22m     all[0m[34;1m     19.55[0m[34;22m      0.00[0m[34;1m     30.03[0m[34;22m      0.00[0m[34;22m      0.00[0m[34;1m     50.42[0m
13:16:49   [32;22m     all[0m[34;1m     18.41[0m[34;22m      0.00[0m[34;1m     30.59[0m[34;22m      0.00[0m[34;22m      0.00[0m[34;1m     50.99[0m
13:16:50   [32;22m     all[0m[34;1m     19.31[0m[34;22m      0.00[0m[34;1m     33.14[0m[34;22m      0.00[0m[34;22m      0.00[0m[34;1m     47.55[0m
13:16:51   [32;22m     all[0m[34;1m     18.26[0m[34;22m      0.00[0m[34;1m     30.62[0m[34;22m      0.00[0m[34;22m      0.00[0m[34;1m     51.12[0m
13:16:52   [32;22m     all[0m[34;1m     21.02[0m[34;22m      0.00[0m[34;1m     34.94[0m[34;22m      0.00[0m[34;22m      0.00[0m[34;1m     44.03[0m
13:16:53   [32;22m     all[0m[34;1m     18.50[0m[34;22m      0.00[0m[34;1m     32.95[0m[34;22m      0.00[0m[34;22m      0.00[0m[34;1m     48.55[0m
13:16:54   [32;22m     all[0m[34;1m     18.80[0m[34;22m      0.00[0m[34;1m     30.48[0m[34;22m      0.00[0m[34;22m      0.00[0m[34;1m     50.71[0m
13:16:55   [32;22m     all[0m[34;1m     19.48[0m[34;22m      0.00[0m[34;1m     30.66[0m[34;22m      0.00[0m[34;22m      0.00[0m[34;1m     49.86[0m
13:16:56   [32;22m     all[0m[34;1m     17.05[0m[34;22m      0.00[0m[34;1m     27.17[0m[34;22m      0.00[0m[34;22m      0.00[0m[34;1m     55.78[0m
13:16:57   [32;22m     all[0m[34;1m     17.82[0m[34;22m      0.00[0m[34;1m     28.45[0m[34;22m      0.00[0m[34;22m      0.00[0m[34;1m     53.74[0m
13:16:58   [32;22m     all[0m[34;1m     19.77[0m[34;22m      0.00[0m[34;1m     33.90[0m[34;22m      0.00[0m[34;22m      0.00[0m[34;1m     46.33[0m
13:16:59   [32;22m     all[0m[34;1m     21.10[0m[34;22m      0.00[0m[34;1m     31.50[0m[34;22m      0.00[0m[34;22m      0.00[0m[34;1m     47.40[0m
13:17:00   [32;22m     all[0m[34;1m     18.97[0m[34;22m      0.00[0m[34;1m     33.05[0m[34;22m      0.00[0m[34;22m      0.00[0m[34;1m     47.99[0m
13:17:01   [32;22m     all[0m[34;1m     19.19[0m[34;22m      0.00[0m[34;1m     32.27[0m[34;22m      0.00[0m[34;22m      0.00[0m[34;1m     48.55[0m
13:17:02   [32;22m     all[0m[34;1m     20.23[0m[34;22m      0.00[0m[34;1m     31.34[0m[34;22m      0.00[0m[34;22m      0.00[0m[34;1m     48.43[0m
13:17:03   [32;22m     all[0m[34;1m     20.86[0m[34;22m      0.00[0m[34;1m     34.29[0m[34;22m      0.00[0m[34;22m      0.00[0m[34;1m     44.86[0m
13:17:04   [32;22m     all[0m[34;1m     19.88[0m[34;22m      0.00[0m[34;1m     32.28[0m[34;22m      0.00[0m[34;22m      0.00[0m[34;1m     47.84[0m
13:17:05   [32;22m     all[0m[34;1m     18.62[0m[34;22m      0.00[0m[34;1m     33.24[0m[34;22m      0.00[0m[34;22m      0.00[0m[34;1m     48.14[0m
13:17:06   [32;22m     all[0m[34;1m     18.70[0m[34;22m      0.00[0m[34;1m     31.73[0m[34;22m      0.00[0m[34;22m      0.00[0m[34;1m     49.58[0m
13:17:07   [32;22m     all[0m[34;1m     20.63[0m[34;22m      0.00[0m[34;1m     34.67[0m[34;22m      0.00[0m[34;22m      0.00[0m[34;1m     44.70[0m
13:17:08   [32;22m     all[0m[34;1m     22.06[0m[34;22m      0.00[0m[34;1m     36.10[0m[34;22m      0.00[0m[34;22m      0.00[0m[34;1m     41.83[0m
13:17:09   [32;22m     all[0m[34;1m     22.13[0m[34;22m      0.00[0m[34;1m     34.20[0m[34;22m      0.00[0m[34;22m      0.00[0m[34;1m     43.68[0m
13:17:10   [32;22m     all[0m[34;1m     18.68[0m[34;22m      0.00[0m[34;1m     32.18[0m[34;22m      0.00[0m[34;22m      0.00[0m[34;1m     49.14[0m
13:17:11   [32;22m     all[0m[34;1m     19.66[0m[34;22m      0.00[0m[34;1m     33.15[0m[34;22m      0.00[0m[34;22m      0.00[0m[34;1m     47.19[0m
13:17:12   [32;22m     all[0m[34;1m     18.68[0m[34;22m      0.00[0m[34;1m     33.05[0m[34;22m      0.00[0m[34;22m      0.00[0m[34;1m     48.28[0m
13:17:13   [32;22m     all[0m[34;1m     20.68[0m[34;22m      0.00[0m[34;1m     35.41[0m[34;22m      0.00[0m[34;22m      0.00[0m[34;1m     43.91[0m
13:17:14   [32;22m     all[0m[34;1m     20.86[0m[34;22m      0.00[0m[34;1m     34.29[0m[34;22m      0.00[0m[34;22m      0.00[0m[34;1m     44.86[0m
13:17:15   [32;22m     all[0m[34;1m     19.60[0m[34;22m      0.00[0m[34;1m     31.70[0m[34;22m      0.00[0m[34;22m      0.00[0m[34;1m     48.70[0m
13:17:16   [32;22m     all[0m[34;1m     19.32[0m[34;22m      0.00[0m[34;1m     32.10[0m[34;22m      0.00[0m[34;22m      0.00[0m[34;1m     48.58[0m
13:17:17   [32;22m     all[0m[34;1m     19.54[0m[34;22m      0.00[0m[34;1m     34.20[0m[34;22m      0.00[0m[34;22m      0.00[0m[34;1m     46.26[0m
13:17:18   [32;22m     all[0m[34;1m     20.29[0m[34;22m      0.00[0m[34;1m     35.14[0m[34;22m      0.00[0m[34;22m      0.00[0m[34;1m     44.57[0m
13:17:19   [32;22m     all[0m[34;1m     23.28[0m[34;22m      0.00[0m[34;1m     33.91[0m[34;22m      0.00[0m[34;22m      0.00[0m[34;1m     42.82[0m
13:17:20   [32;22m     all[0m[34;1m     19.83[0m[34;22m      0.00[0m[34;1m     31.49[0m[34;22m      0.00[0m[34;22m      0.00[0m[34;1m     48.69[0m
13:17:21   [32;22m     all[0m[34;1m     20.64[0m[34;22m      0.00[0m[34;1m     35.47[0m[34;1m      0.29[0m[34;22m      0.00[0m[34;1m     43.60[0m
13:17:22   [32;22m     all[0m[34;1m     18.93[0m[34;22m      0.00[0m[34;1m     30.23[0m[34;22m      0.00[0m[34;22m      0.00[0m[34;1m     50.85[0m
13:17:23   [32;22m     all[0m[34;1m     18.95[0m[34;22m      0.00[0m[34;1m     33.24[0m[34;22m      0.00[0m[34;22m      0.00[0m[34;1m     47.81[0m
13:17:24   [32;22m     all[0m[34;1m     20.74[0m[34;22m      0.00[0m[34;1m     31.25[0m[34;22m      0.00[0m[34;22m      0.00[0m[34;1m     48.01[0m
13:17:25   [32;22m     all[0m[34;1m     18.79[0m[34;22m      0.00[0m[34;1m     32.08[0m[34;22m      0.00[0m[34;22m      0.00[0m[34;1m     49.13[0m
13:17:26   [32;22m     all[0m[34;1m     20.45[0m[34;22m      0.00[0m[34;1m     32.10[0m[34;22m      0.00[0m[34;22m      0.00[0m[34;1m     47.44[0m
13:17:27   [32;22m     all[0m[34;1m     17.53[0m[34;22m      0.00[0m[34;1m     28.16[0m[34;22m      0.00[0m[34;22m      0.00[0m[34;1m     54.31[0m
13:17:28   [32;22m     all[0m[34;1m     16.43[0m[34;22m      0.00[0m[34;1m     28.33[0m[34;22m      0.00[0m[34;22m      0.00[0m[34;1m     55.24[0m
13:17:29   [32;22m     all[0m[34;1m     20.00[0m[34;22m      0.00[0m[34;1m     30.29[0m[34;22m      0.00[0m[34;22m      0.00[0m[34;1m     49.71[0m
13:17:30   [32;22m     all[0m[34;1m     20.62[0m[34;22m      0.00[0m[34;1m     29.10[0m[34;22m      0.00[0m[34;22m      0.00[0m[34;1m     50.28[0m
13:17:31   [32;22m     all[0m[34;1m     19.43[0m[34;22m      0.00[0m[34;1m     30.00[0m[34;1m      0.29[0m[34;22m      0.00[0m[34;1m     50.29[0m
13:17:32   [32;22m     all[0m[34;1m     20.75[0m[34;22m      0.00[0m[34;1m     27.09[0m[34;22m      0.00[0m[34;22m      0.00[0m[34;1m     52.16[0m
13:17:33   [32;22m     all[0m[34;1m     18.86[0m[34;22m      0.00[0m[34;1m     27.43[0m[34;22m      0.00[0m[34;22m      0.00[0m[34;1m     53.71[0m
13:17:34   [32;22m     all[0m[34;1m     19.66[0m[34;22m      0.00[0m[34;1m     29.91[0m[34;22m      0.00[0m[34;22m      0.00[0m[34;1m     50.43[0m
13:17:35   [32;22m     all[0m[34;1m     20.29[0m[34;22m      0.00[0m[34;1m     28.57[0m[34;22m      0.00[0m[34;22m      0.00[0m[34;1m     51.14[0m
13:17:36   [32;22m     all[0m[34;1m     18.59[0m[34;22m      0.00[0m[34;1m     28.73[0m[34;1m      0.28[0m[34;22m      0.00[0m[34;1m     52.39[0m
13:17:37   [32;22m     all[0m[34;1m     18.87[0m[34;22m      0.00[0m[34;1m     28.73[0m[34;22m      0.00[0m[34;22m      0.00[0m[34;1m     52.39[0m
13:17:38   [32;22m     all[0m[34;1m     19.83[0m[34;22m      0.00[0m[34;1m     31.44[0m[34;1m      0.28[0m[34;22m      0.00[0m[34;1m     48.44[0m
13:17:39   [32;22m     all[0m[34;1m     25.21[0m[34;22m      0.00[0m[34;1m     39.94[0m[34;22m      0.00[0m[34;22m      0.00[0m[34;1m     34.84[0m
13:17:40   [32;22m     all[0m[34;1m     21.02[0m[34;22m      0.00[0m[34;1m     27.84[0m[34;1m      0.28[0m[34;22m      0.00[0m[34;1m     50.85[0m
13:17:41   [32;22m     all[0m[34;1m     19.09[0m[34;22m      0.00[0m[34;1m     28.21[0m[34;22m      0.00[0m[34;22m      0.00[0m[34;1m     52.71[0m
13:17:42   [32;22m     all[0m[34;1m     20.29[0m[34;22m      0.00[0m[34;1m     30.57[0m[34;22m      0.00[0m[34;22m      0.00[0m[34;1m     49.14[0m
13:17:43   [32;22m     all[0m[34;1m     19.26[0m[34;22m      0.00[0m[34;1m     27.76[0m[34;22m      0.00[0m[34;22m      0.00[0m[34;1m     52.97[0m
13:17:44   [32;22m     all[0m[34;1m     18.59[0m[34;22m      0.00[0m[34;1m     28.73[0m[34;22m      0.00[0m[34;22m      0.00[0m[34;1m     52.68[0m
13:17:45   [32;22m     all[0m[34;1m     19.66[0m[34;22m      0.00[0m[34;1m     31.91[0m[34;22m      0.00[0m[34;22m      0.00[0m[34;1m     48.43[0m
13:17:46   [32;22m     all[0m[34;1m     20.87[0m[34;22m      0.00[0m[34;1m     32.75[0m[34;22m      0.00[0m[34;22m      0.00[0m[34;1m     46.38[0m
13:17:47   [32;22m     all[0m[34;1m     19.66[0m[34;22m      0.00[0m[34;1m     30.48[0m[34;22m      0.00[0m[34;22m      0.00[0m[34;1m     49.86[0m
13:17:48   [32;22m     all[0m[34;1m     18.39[0m[34;22m      0.00[0m[34;1m     30.75[0m[34;22m      0.00[0m[34;22m      0.00[0m[34;1m     50.86[0m
13:17:49   [32;22m     all[0m[34;1m     20.00[0m[34;22m      0.00[0m[34;1m     32.86[0m[34;22m      0.00[0m[34;22m      0.00[0m[34;1m     47.14[0m
13:17:50   [32;22m     all[0m[34;1m     18.03[0m[34;22m      0.00[0m[34;1m     31.55[0m[34;22m      0.00[0m[34;22m      0.00[0m[34;1m     50.42[0m
13:17:51   [32;22m     all[0m[34;1m     20.46[0m[34;22m      0.00[0m[34;1m     31.70[0m[34;22m      0.00[0m[34;22m      0.00[0m[34;1m     47.84[0m
13:17:52   [32;22m     all[0m[34;1m     20.45[0m[34;22m      0.00[0m[34;1m     33.52[0m[34;22m      0.00[0m[34;22m      0.00[0m[34;1m     46.02[0m
13:17:53   [32;22m     all[0m[34;1m     17.77[0m[34;22m      0.00[0m[34;1m     28.08[0m[34;22m      0.00[0m[34;22m      0.00[0m[34;1m     54.15[0m
13:17:54   [32;22m     all[0m[34;1m     20.68[0m[34;22m      0.00[0m[34;1m     29.18[0m[34;22m      0.00[0m[34;22m      0.00[0m[34;1m     50.14[0m
13:17:55   [32;22m     all[0m[34;1m     20.34[0m[34;22m      0.00[0m[34;1m     28.37[0m[34;22m      0.00[0m[34;22m      0.00[0m[34;1m     51.29[0m
13:17:56   [32;22m     all[0m[34;1m     21.65[0m[34;22m      0.00[0m[34;1m     31.05[0m[34;22m      0.00[0m[34;22m      0.00[0m[34;1m     47.29[0m
13:17:57   [32;22m     all[0m[34;1m     18.05[0m[34;22m      0.00[0m[34;1m     30.95[0m[34;22m      0.00[0m[34;22m      0.00[0m[34;1m     51.00[0m
13:17:58   [32;22m     all[0m[34;1m     19.25[0m[34;22m      0.00[0m[34;1m     29.60[0m[34;22m      0.00[0m[34;22m      0.00[0m[34;1m     51.15[0m
13:17:59   [32;22m     all[0m[34;1m     19.03[0m[34;22m      0.00[0m[34;1m     29.83[0m[34;22m      0.00[0m[34;22m      0.00[0m[34;1m     51.14[0m
13:18:00   [32;22m     all[0m[34;1m     20.80[0m[34;22m      0.00[0m[34;1m     31.91[0m[34;22m      0.00[0m[34;22m      0.00[0m[34;1m     47.29[0m
13:18:01   [32;22m     all[0m[34;1m     17.77[0m[34;22m      0.00[0m[34;1m     28.37[0m[34;22m      0.00[0m[34;22m      0.00[0m[34;1m     53.87[0m
13:18:02   [32;22m     all[0m[34;1m     20.34[0m[34;22m      0.00[0m[34;1m     32.66[0m[34;22m      0.00[0m[34;22m      0.00[0m[34;1m     46.99[0m
13:18:03   [32;22m     all[0m[34;1m     21.47[0m[34;22m      0.00[0m[34;1m     31.92[0m[34;22m      0.00[0m[34;22m      0.00[0m[34;1m     46.61[0m
13:18:04   [32;22m     all[0m[34;1m     19.21[0m[34;22m      0.00[0m[34;1m     28.81[0m[34;22m      0.00[0m[34;22m      0.00[0m[34;1m     51.98[0m
13:18:05   [32;22m     all[0m[34;1m     15.95[0m[34;22m      0.00[0m[34;1m     28.21[0m[34;22m      0.00[0m[34;22m      0.00[0m[34;1m     55.84[0m
13:18:06   [32;22m     all[0m[34;1m     20.69[0m[34;22m      0.00[0m[34;1m     32.47[0m[34;22m      0.00[0m[34;22m      0.00[0m[34;1m     46.84[0m
13:18:07   [32;22m     all[0m[34;1m     18.75[0m[34;22m      0.00[0m[34;1m     31.53[0m[34;22m      0.00[0m[34;22m      0.00[0m[34;1m     49.72[0m
13:18:08   [32;22m     all[0m[34;1m     19.83[0m[34;22m      0.00[0m[34;1m     31.44[0m[34;22m      0.00[0m[34;22m      0.00[0m[34;1m     48.73[0m
13:18:09   [32;22m     all[0m[34;1m     21.08[0m[34;22m      0.00[0m[34;1m     32.76[0m[34;22m      0.00[0m[34;22m      0.00[0m[34;1m     46.15[0m
13:18:10   [32;22m     all[0m[34;1m     20.98[0m[34;22m      0.00[0m[34;1m     33.91[0m[34;22m      0.00[0m[34;22m      0.00[0m[34;1m     45.11[0m
13:18:11   [32;22m     all[0m[34;1m     19.94[0m[34;22m      0.00[0m[34;1m     31.05[0m[34;22m      0.00[0m[34;22m      0.00[0m[34;1m     49.00[0m
13:18:12   [32;22m     all[0m[34;1m     19.60[0m[34;22m      0.00[0m[34;1m     33.43[0m[34;22m      0.00[0m[34;22m      0.00[0m[34;1m     46.97[0m
13:18:13   [32;22m     all[0m[34;1m     19.71[0m[34;22m      0.00[0m[34;1m     31.14[0m[34;22m      0.00[0m[34;22m      0.00[0m[34;1m     49.14[0m
13:18:14   [32;22m     all[0m[34;1m     18.75[0m[34;22m      0.00[0m[34;1m     28.41[0m[34;22m      0.00[0m[34;22m      0.00[0m[34;1m     52.84[0m
13:18:15   [32;22m     all[0m[34;1m     20.29[0m[34;22m      0.00[0m[34;1m     31.71[0m[34;22m      0.00[0m[34;22m      0.00[0m[34;1m     48.00[0m
13:18:16   [32;22m     all[0m[34;1m     23.65[0m[34;22m      0.00[0m[34;1m     34.19[0m[34;22m      0.00[0m[34;22m      0.00[0m[34;1m     42.17[0m
13:18:17   [32;22m     all[0m[34;1m     20.63[0m[34;22m      0.00[0m[34;1m     30.37[0m[34;22m      0.00[0m[34;22m      0.00[0m[34;1m     49.00[0m
13:18:18   [32;22m     all[0m[34;1m     20.45[0m[34;22m      0.00[0m[34;1m     33.81[0m[34;22m      0.00[0m[34;22m      0.00[0m[34;1m     45.74[0m
13:18:19   [32;22m     all[0m[34;1m     18.18[0m[34;22m      0.00[0m[34;1m     26.99[0m[34;22m      0.00[0m[34;22m      0.00[0m[34;1m     54.83[0m
13:18:20   [32;22m     all[0m[34;1m     19.61[0m[34;22m      0.00[0m[34;1m     29.69[0m[34;22m      0.00[0m[34;22m      0.00[0m[34;1m     50.70[0m
13:18:21   [32;22m     all[0m[34;1m     18.10[0m[34;22m      0.00[0m[34;1m     30.17[0m[34;22m      0.00[0m[34;22m      0.00[0m[34;1m     51.72[0m
13:18:22   [32;22m     all[0m[34;1m     21.53[0m[34;22m      0.00[0m[34;1m     29.75[0m[34;22m      0.00[0m[34;22m      0.00[0m[34;1m     48.73[0m
13:18:23   [32;22m     all[0m[34;1m     20.06[0m[34;22m      0.00[0m[34;1m     30.95[0m[34;22m      0.00[0m[34;22m      0.00[0m[34;1m     49.00[0m
13:18:24   [32;22m     all[0m[34;1m     18.73[0m[34;22m      0.00[0m[34;1m     27.00[0m[34;22m      0.00[0m[34;22m      0.00[0m[34;1m     54.27[0m
13:18:25   [32;22m     all[0m[34;1m     20.79[0m[34;22m      0.00[0m[34;1m     32.30[0m[34;22m      0.00[0m[34;22m      0.00[0m[34;1m     46.91[0m
13:18:26   [32;22m     all[0m[34;1m     19.43[0m[34;22m      0.00[0m[34;1m     31.43[0m[34;22m      0.00[0m[34;22m      0.00[0m[34;1m     49.14[0m
13:18:27   [32;22m     all[0m[34;1m     17.53[0m[34;22m      0.00[0m[34;1m     31.03[0m[34;22m      0.00[0m[34;22m      0.00[0m[34;1m     51.44[0m
13:18:28   [32;22m     all[0m[34;1m     18.57[0m[34;22m      0.00[0m[34;1m     29.14[0m[34;22m      0.00[0m[34;22m      0.00[0m[34;1m     52.29[0m
13:18:29   [32;22m     all[0m[34;1m     21.47[0m[34;22m      0.00[0m[34;1m     31.07[0m[34;22m      0.00[0m[34;22m      0.00[0m[34;1m     47.46[0m
13:18:30   [32;22m     all[0m[34;1m     22.51[0m[34;22m      0.00[0m[34;1m     32.76[0m[34;22m      0.00[0m[34;22m      0.00[0m[34;1m     44.73[0m
13:18:31   [32;22m     all[0m[34;1m     17.51[0m[34;22m      0.00[0m[34;1m     27.97[0m[34;22m      0.00[0m[34;22m      0.00[0m[34;1m     54.52[0m
13:18:32   [32;22m     all[0m[34;1m     18.75[0m[34;22m      0.00[0m[34;1m     30.68[0m[34;22m      0.00[0m[34;22m      0.00[0m[34;1m     50.57[0m
13:18:33   [32;22m     all[0m[34;1m     18.03[0m[34;22m      0.00[0m[34;1m     28.17[0m[34;22m      0.00[0m[34;22m      0.00[0m[34;1m     53.80[0m
13:18:34   [32;22m     all[0m[34;1m     20.06[0m[34;22m      0.00[0m[34;1m     33.52[0m[34;22m      0.00[0m[34;22m      0.00[0m[34;1m     46.42[0m
13:18:35   [32;22m     all[0m[34;1m     19.14[0m[34;22m      0.00[0m[34;1m     28.86[0m[34;22m      0.00[0m[34;22m      0.00[0m[34;1m     52.00[0m
13:18:36   [32;22m     all[0m[34;1m     22.32[0m[34;22m      0.00[0m[34;1m     30.51[0m[34;22m      0.00[0m[34;22m      0.00[0m[34;1m     47.18[0m
13:18:37   [32;22m     all[0m[34;1m     19.14[0m[34;22m      0.00[0m[34;1m     31.71[0m[34;22m      0.00[0m[34;22m      0.00[0m[34;1m     49.14[0m
13:18:38   [32;22m     all[0m[34;1m     20.06[0m[34;22m      0.00[0m[34;1m     30.95[0m[34;22m      0.00[0m[34;22m      0.00[0m[34;1m     49.00[0m
13:18:39   [32;22m     all[0m[34;1m     21.20[0m[34;22m      0.00[0m[34;1m     32.66[0m[34;22m      0.00[0m[34;22m      0.00[0m[34;1m     46.13[0m
13:18:40   [32;22m     all[0m[34;1m     19.42[0m[34;22m      0.00[0m[34;1m     31.59[0m[34;22m      0.00[0m[34;22m      0.00[0m[34;1m     48.99[0m
13:18:41   [32;22m     all[0m[34;1m     19.26[0m[34;22m      0.00[0m[34;1m     30.88[0m[34;22m      0.00[0m[34;22m      0.00[0m[34;1m     49.86[0m
13:18:42   [32;22m     all[0m[34;1m     18.18[0m[34;22m      0.00[0m[34;1m     29.26[0m[34;22m      0.00[0m[34;22m      0.00[0m[34;1m     52.56[0m
13:18:43   [32;22m     all[0m[34;1m     19.60[0m[34;22m      0.00[0m[34;1m     32.10[0m[34;22m      0.00[0m[34;22m      0.00[0m[34;1m     48.30[0m
13:18:44   [32;22m     all[0m[34;1m     19.25[0m[34;22m      0.00[0m[34;1m     29.60[0m[34;22m      0.00[0m[34;22m      0.00[0m[34;1m     51.15[0m
13:18:45   [32;22m     all[0m[34;1m     20.81[0m[34;22m      0.00[0m[34;1m     34.68[0m[34;22m      0.00[0m[34;22m      0.00[0m[34;1m     44.51[0m
13:18:46   [32;22m     all[0m[34;1m     18.13[0m[34;22m      0.00[0m[34;1m     29.75[0m[34;1m      0.28[0m[34;22m      0.00[0m[34;1m     51.84[0m
13:18:47   [32;22m     all[0m[34;1m     18.90[0m[34;22m      0.00[0m[34;1m     31.98[0m[34;22m      0.00[0m[34;22m      0.00[0m[34;1m     49.13[0m
13:18:48   [32;22m     all[0m[34;1m     17.95[0m[34;22m      0.00[0m[34;1m     29.34[0m[34;22m      0.00[0m[34;22m      0.00[0m[34;1m     52.71[0m
13:18:49   [32;22m     all[0m[34;1m     18.13[0m[34;22m      0.00[0m[34;1m     30.03[0m[34;22m      0.00[0m[34;22m      0.00[0m[34;1m     51.84[0m
13:18:50   [32;22m     all[0m[34;1m     21.71[0m[34;22m      0.00[0m[34;1m     33.71[0m[34;22m      0.00[0m[34;22m      0.00[0m[34;1m     44.57[0m
13:18:51   [32;22m     all[0m[34;1m     22.16[0m[34;22m      0.00[0m[34;1m     34.09[0m[34;1m      0.28[0m[34;22m      0.00[0m[34;1m     43.47[0m
13:18:52   [32;22m     all[0m[34;1m     20.96[0m[34;22m      0.00[0m[34;1m     32.29[0m[34;1m      0.28[0m[34;22m      0.00[0m[34;1m     46.46[0m
13:18:53   [32;22m     all[0m[34;1m     19.02[0m[34;22m      0.00[0m[34;1m     31.99[0m[34;22m      0.00[0m[34;22m      0.00[0m[34;1m     48.99[0m
13:18:54   [32;22m     all[0m[34;1m     19.21[0m[34;22m      0.00[0m[34;1m     29.66[0m[34;22m      0.00[0m[34;22m      0.00[0m[34;1m     51.13[0m
13:18:55   [32;22m     all[0m[34;1m     20.11[0m[34;22m      0.00[0m[34;1m     30.88[0m[34;22m      0.00[0m[34;22m      0.00[0m[34;1m     49.01[0m
13:18:56   [32;22m     all[0m[34;1m     19.09[0m[34;22m      0.00[0m[34;1m     32.19[0m[34;22m      0.00[0m[34;22m      0.00[0m[34;1m     48.72[0m
13:18:57   [32;22m     all[0m[34;1m     21.47[0m[34;22m      0.00[0m[34;1m     32.20[0m[34;22m      0.00[0m[34;22m      0.00[0m[34;1m     46.33[0m
13:18:58   [32;22m     all[0m[34;1m     20.75[0m[34;22m      0.00[0m[34;1m     31.99[0m[34;22m      0.00[0m[34;22m      0.00[0m[34;1m     47.26[0m
13:18:59   [32;22m     all[0m[34;1m     18.31[0m[34;22m      0.00[0m[34;1m     29.30[0m[34;22m      0.00[0m[34;22m      0.00[0m[34;1m     52.39[0m
13:19:00   [32;22m     all[0m[34;1m     19.94[0m[34;22m      0.00[0m[34;1m     30.77[0m[34;22m      0.00[0m[34;22m      0.00[0m[34;1m     49.29[0m
13:19:01   [32;22m     all[0m[34;1m     21.43[0m[34;22m      0.00[0m[34;1m     31.43[0m[34;22m      0.00[0m[34;22m      0.00[0m[34;1m     47.14[0m
13:19:02   [32;22m     all[0m[34;1m     24.86[0m[34;22m      0.00[0m[34;1m     30.57[0m[34;22m      0.00[0m[34;22m      0.00[0m[34;1m     44.57[0m
13:19:03   [32;22m     all[0m[34;1m     16.24[0m[34;22m      0.00[0m[34;1m     29.63[0m[34;22m      0.00[0m[34;22m      0.00[0m[34;1m     54.13[0m
13:19:04   [32;22m     all[0m[34;1m     20.28[0m[34;22m      0.00[0m[34;1m     29.30[0m[34;22m      0.00[0m[34;22m      0.00[0m[34;1m     50.42[0m
13:19:05   [32;22m     all[0m[34;1m     18.29[0m[34;22m      0.00[0m[34;1m     28.86[0m[34;22m      0.00[0m[34;22m      0.00[0m[34;1m     52.86[0m
13:19:06   [32;22m     all[0m[34;1m     17.61[0m[34;22m      0.00[0m[34;1m     28.41[0m[34;22m      0.00[0m[34;22m      0.00[0m[34;1m     53.98[0m
13:19:07   [32;22m     all[0m[34;1m     20.79[0m[34;22m      0.00[0m[34;1m     31.74[0m[34;22m      0.00[0m[34;22m      0.00[0m[34;1m     47.47[0m
13:19:08   [32;22m     all[0m[34;1m     18.18[0m[34;22m      0.00[0m[34;1m     29.83[0m[34;22m      0.00[0m[34;22m      0.00[0m[34;1m     51.99[0m
13:19:09   [32;22m     all[0m[34;1m     19.09[0m[34;22m      0.00[0m[34;1m     30.77[0m[34;22m      0.00[0m[34;22m      0.00[0m[34;1m     50.14[0m
13:19:10   [32;22m     all[0m[34;1m     16.76[0m[34;22m      0.00[0m[34;1m     25.98[0m[34;22m      0.00[0m[34;22m      0.00[0m[34;1m     57.26[0m
13:19:11   [32;22m     all[0m[34;1m     16.95[0m[34;22m      0.00[0m[34;1m     28.25[0m[34;22m      0.00[0m[34;22m      0.00[0m[34;1m     54.80[0m
13:19:12   [32;22m     all[0m[34;1m     19.48[0m[34;22m      0.00[0m[34;1m     30.09[0m[34;22m      0.00[0m[34;22m      0.00[0m[34;1m     50.43[0m
13:19:13   [32;22m     all[0m[34;1m     18.84[0m[34;22m      0.00[0m[34;1m     29.28[0m[34;22m      0.00[0m[34;22m      0.00[0m[34;1m     51.88[0m
13:19:14   [32;22m     all[0m[34;1m     18.23[0m[34;22m      0.00[0m[34;1m     28.77[0m[34;1m      0.28[0m[34;22m      0.00[0m[34;1m     52.71[0m
13:19:15   [32;22m     all[0m[34;1m     18.98[0m[34;22m      0.00[0m[34;1m     29.46[0m[34;22m      0.00[0m[34;22m      0.00[0m[34;1m     51.56[0m
13:19:16   [32;22m     all[0m[34;1m     16.67[0m[34;22m      0.00[0m[34;1m     28.81[0m[34;22m      0.00[0m[34;22m      0.00[0m[34;1m     54.52[0m
13:19:17   [32;22m     all[0m[34;1m     17.53[0m[34;22m      0.00[0m[34;1m     30.17[0m[34;22m      0.00[0m[34;22m      0.00[0m[34;1m     52.30[0m
13:19:18   [32;22m     all[0m[34;1m     20.00[0m[34;22m      0.00[0m[34;1m     29.58[0m[34;22m      0.00[0m[34;22m      0.00[0m[34;1m     50.42[0m
13:19:19   [32;22m     all[0m[34;1m     17.61[0m[34;22m      0.00[0m[34;1m     29.26[0m[34;22m      0.00[0m[34;22m      0.00[0m[34;1m     53.12[0m
13:19:20   [32;22m     all[0m[34;1m     19.94[0m[34;22m      0.00[0m[34;1m     31.05[0m[34;22m      0.00[0m[34;22m      0.00[0m[34;1m     49.00[0m
13:19:21   [32;22m     all[0m[34;1m     17.63[0m[34;22m      0.00[0m[34;1m     29.77[0m[34;22m      0.00[0m[34;22m      0.00[0m[34;1m     52.60[0m
13:19:22   [32;22m     all[0m[34;1m     18.52[0m[34;22m      0.00[0m[34;1m     30.20[0m[34;22m      0.00[0m[34;22m      0.00[0m[34;1m     51.28[0m
13:19:23   [32;22m     all[0m[34;1m     18.70[0m[34;22m      0.00[0m[34;1m     28.05[0m[34;22m      0.00[0m[34;22m      0.00[0m[34;1m     53.26[0m
13:19:24   [32;22m     all[0m[34;1m     17.71[0m[34;22m      0.00[0m[34;1m     29.43[0m[34;22m      0.00[0m[34;22m      0.00[0m[34;1m     52.86[0m
13:19:25   [32;22m     all[0m[34;1m     18.91[0m[34;22m      0.00[0m[34;1m     28.94[0m[34;22m      0.00[0m[34;22m      0.00[0m[34;1m     52.15[0m
13:19:26   [32;22m     all[0m[34;1m     17.60[0m[34;22m      0.00[0m[34;1m     29.05[0m[34;22m      0.00[0m[34;22m      0.00[0m[34;1m     53.35[0m
13:19:27   [32;22m     all[0m[34;1m     18.18[0m[34;22m      0.00[0m[34;1m     32.39[0m[34;22m      0.00[0m[34;22m      0.00[0m[34;1m     49.43[0m
13:19:28   [32;22m     all[0m[34;1m     18.18[0m[34;22m      0.00[0m[34;1m     27.56[0m[34;22m      0.00[0m[34;22m      0.00[0m[34;1m     54.26[0m
13:19:29   [32;22m     all[0m[34;1m     18.75[0m[34;22m      0.00[0m[34;1m     27.84[0m[34;22m      0.00[0m[34;22m      0.00[0m[34;1m     53.41[0m
13:19:30   [32;22m     all[0m[34;1m     17.85[0m[34;22m      0.00[0m[34;1m     28.33[0m[34;22m      0.00[0m[34;22m      0.00[0m[34;1m     53.82[0m
13:19:31   [32;22m     all[0m[34;1m     21.01[0m[34;22m      0.00[0m[34;1m     29.41[0m[34;22m      0.00[0m[34;22m      0.00[0m[34;1m     49.58[0m
13:19:32   [32;22m     all[0m[34;1m     18.57[0m[34;22m      0.00[0m[34;1m     30.86[0m[34;22m      0.00[0m[34;22m      0.00[0m[34;1m     50.57[0m
13:19:33   [32;22m     all[0m[34;1m     18.13[0m[34;22m      0.00[0m[34;1m     30.03[0m[34;22m      0.00[0m[34;22m      0.00[0m[34;1m     51.84[0m
13:19:34   [32;22m     all[0m[34;1m     18.91[0m[34;22m      0.00[0m[34;1m     30.66[0m[34;22m      0.00[0m[34;22m      0.00[0m[34;1m     50.43[0m
13:19:35   [32;22m     all[0m[34;1m     20.06[0m[34;22m      0.00[0m[34;1m     33.05[0m[34;22m      0.00[0m[34;22m      0.00[0m[34;1m     46.89[0m
13:19:36   [32;22m     all[0m[34;1m     17.48[0m[34;22m      0.00[0m[34;1m     28.37[0m[34;22m      0.00[0m[34;22m      0.00[0m[34;1m     54.15[0m
13:19:37   [32;22m     all[0m[34;1m     18.29[0m[34;22m      0.00[0m[34;1m     31.43[0m[34;22m      0.00[0m[34;22m      0.00[0m[34;1m     50.29[0m
13:19:38   [32;22m     all[0m[34;1m     19.48[0m[34;22m      0.00[0m[34;1m     32.38[0m[34;22m      0.00[0m[34;22m      0.00[0m[34;1m     48.14[0m
13:19:39   [32;22m     all[0m[34;1m     18.64[0m[34;22m      0.00[0m[34;1m     29.38[0m[34;22m      0.00[0m[34;22m      0.00[0m[34;1m     51.98[0m
13:19:40   [32;22m     all[0m[34;1m     21.71[0m[34;22m      0.00[0m[34;1m     32.57[0m[34;22m      0.00[0m[34;22m      0.00[0m[34;1m     45.71[0m
13:19:41   [32;22m     all[0m[34;1m     16.38[0m[34;22m      0.00[0m[34;1m     27.12[0m[34;22m      0.00[0m[34;22m      0.00[0m[34;1m     56.50[0m
13:19:42   [32;22m     all[0m[34;1m     18.57[0m[34;22m      0.00[0m[34;1m     26.57[0m[34;22m      0.00[0m[34;22m      0.00[0m[34;1m     54.86[0m
13:19:43   [32;22m     all[0m[34;1m     18.57[0m[34;22m      0.00[0m[34;1m     29.71[0m[34;1m      0.29[0m[34;22m      0.00[0m[34;1m     51.43[0m
13:19:44   [32;22m     all[0m[34;1m     19.94[0m[34;22m      0.00[0m[34;1m     32.48[0m[34;22m      0.00[0m[34;22m      0.00[0m[34;1m     47.58[0m
13:19:45   [32;22m     all[0m[34;1m     19.03[0m[34;22m      0.00[0m[34;1m     28.98[0m[34;22m      0.00[0m[34;22m      0.00[0m[34;1m     51.99[0m
13:19:46   [32;22m     all[0m[34;1m     17.58[0m[34;22m      0.00[0m[34;1m     30.84[0m[34;22m      0.00[0m[34;22m      0.00[0m[34;1m     51.59[0m
13:19:47   [32;22m     all[0m[34;1m     18.70[0m[34;22m      0.00[0m[34;1m     29.46[0m[34;22m      0.00[0m[34;22m      0.00[0m[34;1m     51.84[0m
13:19:48   [32;22m     all[0m[34;1m     18.03[0m[34;22m      0.00[0m[34;1m     30.99[0m[34;22m      0.00[0m[34;22m      0.00[0m[34;1m     50.99[0m
13:19:49   [32;22m     all[0m[34;1m     17.58[0m[34;22m      0.00[0m[34;1m     27.95[0m[34;22m      0.00[0m[34;22m      0.00[0m[34;1m     54.47[0m
13:19:50   [32;22m     all[0m[34;1m     19.44[0m[34;22m      0.00[0m[34;1m     31.27[0m[34;22m      0.00[0m[34;22m      0.00[0m[34;1m     49.30[0m
13:19:51   [32;22m     all[0m[34;1m     18.00[0m[34;22m      0.00[0m[34;1m     28.00[0m[34;22m      0.00[0m[34;22m      0.00[0m[34;1m     54.00[0m
13:19:52   [32;22m     all[0m[34;1m     18.41[0m[34;22m      0.00[0m[34;1m     28.90[0m[34;22m      0.00[0m[34;22m      0.00[0m[34;1m     52.69[0m
13:19:53   [32;22m     all[0m[34;1m     18.34[0m[34;22m      0.00[0m[34;1m     30.37[0m[34;22m      0.00[0m[34;22m      0.00[0m[34;1m     51.29[0m
13:19:54   [32;22m     all[0m[34;1m     21.69[0m[34;22m      0.00[0m[34;1m     32.68[0m[34;22m      0.00[0m[34;22m      0.00[0m[34;1m     45.63[0m
13:19:55   [32;22m     all[0m[34;1m     14.73[0m[34;22m      0.00[0m[34;1m     26.35[0m[34;22m      0.00[0m[34;22m      0.00[0m[34;1m     58.92[0m
13:19:56   [32;22m     all[0m[34;1m     17.15[0m[34;22m      0.00[0m[34;1m     30.52[0m[34;22m      0.00[0m[34;22m      0.00[0m[34;1m     52.33[0m
13:19:57   [32;22m     all[0m[34;1m     17.46[0m[34;22m      0.00[0m[34;1m     26.20[0m[34;22m      0.00[0m[34;22m      0.00[0m[34;1m     56.34[0m
13:19:58   [32;22m     all[0m[34;1m     16.95[0m[34;22m      0.00[0m[34;1m     31.61[0m[34;22m      0.00[0m[34;22m      0.00[0m[34;1m     51.44[0m
13:19:59   [32;22m     all[0m[34;1m     16.76[0m[34;22m      0.00[0m[34;1m     27.46[0m[34;22m      0.00[0m[34;22m      0.00[0m[34;1m     55.78[0m
13:20:00   [32;22m     all[0m[34;1m     17.09[0m[34;22m      0.00[0m[34;1m     29.34[0m[34;22m      0.00[0m[34;22m      0.00[0m[34;1m     53.56[0m
13:20:01   [32;22m     all[0m[34;1m     20.45[0m[34;22m      0.00[0m[34;1m     30.97[0m[34;22m      0.00[0m[34;22m      0.00[0m[34;1m     48.58[0m
13:20:02   [32;22m     all[0m[34;1m     20.92[0m[34;22m      0.00[0m[34;1m     32.38[0m[34;22m      0.00[0m[34;22m      0.00[0m[34;1m     46.70[0m
13:20:03   [32;22m     all[0m[34;1m     20.90[0m[34;22m      0.00[0m[34;1m     30.23[0m[34;22m      0.00[0m[34;22m      0.00[0m[34;1m     48.87[0m
13:20:04   [32;22m     all[0m[34;1m     19.72[0m[34;22m      0.00[0m[34;1m     31.27[0m[34;1m      0.56[0m[34;22m      0.00[0m[34;1m     48.45[0m
13:20:05   [32;22m     all[0m[34;1m     18.57[0m[34;22m      0.00[0m[34;1m     30.86[0m[34;22m      0.00[0m[34;22m      0.00[0m[34;1m     50.57[0m
13:20:06   [32;22m     all[0m[34;1m     20.11[0m[34;22m      0.00[0m[34;1m     30.46[0m[34;22m      0.00[0m[34;22m      0.00[0m[34;1m     49.43[0m
13:20:07   [32;22m     all[0m[34;1m     18.47[0m[34;22m      0.00[0m[34;1m     28.98[0m[34;22m      0.00[0m[34;22m      0.00[0m[34;1m     52.56[0m
13:20:08   [32;22m     all[0m[34;1m     18.64[0m[34;22m      0.00[0m[34;1m     30.51[0m[34;22m      0.00[0m[34;22m      0.00[0m[34;1m     50.85[0m
13:20:09   [32;22m     all[0m[34;1m     19.08[0m[34;22m      0.00[0m[34;1m     31.21[0m[34;22m      0.00[0m[34;22m      0.00[0m[34;1m     49.71[0m
13:20:10   [32;22m     all[0m[34;1m     20.74[0m[34;22m      0.00[0m[34;1m     32.67[0m[34;22m      0.00[0m[34;22m      0.00[0m[34;1m     46.59[0m
13:20:11   [32;22m     all[0m[34;1m     17.28[0m[34;22m      0.00[0m[34;1m     26.91[0m[34;22m      0.00[0m[34;22m      0.00[0m[34;1m     55.81[0m
13:20:12   [32;22m     all[0m[34;1m     19.03[0m[34;22m      0.00[0m[34;1m     30.11[0m[34;22m      0.00[0m[34;22m      0.00[0m[34;1m     50.85[0m
13:20:13   [32;22m     all[0m[34;1m     17.95[0m[34;22m      0.00[0m[34;1m     29.06[0m[34;22m      0.00[0m[34;22m      0.00[0m[34;1m     52.99[0m
13:20:14   [32;22m     all[0m[34;1m     19.14[0m[34;22m      0.00[0m[34;1m     30.86[0m[34;22m      0.00[0m[34;22m      0.00[0m[34;1m     50.00[0m
13:20:15   [32;22m     all[0m[34;1m     18.68[0m[34;22m      0.00[0m[34;1m     28.16[0m[34;22m      0.00[0m[34;22m      0.00[0m[34;1m     53.16[0m
13:20:16   [32;22m     all[0m[34;1m     17.09[0m[34;22m      0.00[0m[34;1m     30.53[0m[34;22m      0.00[0m[34;22m      0.00[0m[34;1m     52.38[0m
13:20:17   [32;22m     all[0m[34;1m     17.56[0m[34;22m      0.00[0m[34;1m     29.75[0m[34;22m      0.00[0m[34;22m      0.00[0m[34;1m     52.69[0m
13:20:18   [32;22m     all[0m[34;1m     17.90[0m[34;22m      0.00[0m[34;1m     28.69[0m[34;22m      0.00[0m[34;22m      0.00[0m[34;1m     53.41[0m
