Linux 6.6.95 (minikube) 	04/17/26 	_x86_64_	(4 CPU)

13:58:25    kbmemfree   kbavail kbmemused  %memused kbbuffers  kbcached  kbcommit   %commit  kbactive   kbinact   kbdirty
13:58:26   [34;1m   1299256[0m[34;1m   1464232[0m[34;1m   1254292[0m[34;1m     31.35[0m[34;1m     15880[0m[34;1m   1325204[0m[34;1m   6262972[0m[31;1m    156.52[0m[34;1m    718080[0m[34;1m   1740856[0m[34;1m       472[0m
13:58:27   [34;1m   1430708[0m[34;1m   1595856[0m[34;1m   1121756[0m[34;1m     28.03[0m[34;1m     15880[0m[34;1m   1325348[0m[34;1m   6324372[0m[31;1m    158.05[0m[34;1m    718304[0m[34;1m   1597124[0m[34;1m       588[0m
13:58:28   [34;1m   1394340[0m[34;1m   1559612[0m[34;1m   1156712[0m[34;1m     28.91[0m[34;1m     15932[0m[34;1m   1325448[0m[34;1m   6385764[0m[31;1m    159.59[0m[34;1m    718560[0m[34;1m   1633344[0m[34;1m       808[0m
13:58:29   [34;1m   1345628[0m[34;1m   1511220[0m[34;1m   1203484[0m[34;1m     30.08[0m[34;1m     15932[0m[34;1m   1325656[0m[34;1m   6447164[0m[31;1m    161.12[0m[34;1m    718764[0m[34;1m   1670940[0m[34;1m      1016[0m
13:58:30   [34;1m   1305612[0m[34;1m   1471564[0m[34;1m   1241452[0m[34;1m     31.03[0m[34;1m     15932[0m[34;1m   1325980[0m[34;1m   6508564[0m[31;1m    162.66[0m[34;1m    718964[0m[34;1m   1696292[0m[34;1m      1336[0m
13:58:31   [34;1m   1265988[0m[34;1m   1432316[0m[34;1m   1278388[0m[34;1m     31.95[0m[34;1m     15932[0m[34;1m   1326196[0m[34;1m   6574684[0m[31;1m    164.31[0m[34;1m    719164[0m[34;1m   1734868[0m[34;1m      1552[0m
13:58:32   [34;1m   1214948[0m[34;1m   1381668[0m[34;1m   1326576[0m[34;1m     33.15[0m[34;1m     15932[0m[34;1m   1326544[0m[34;1m   6636084[0m[31;1m    165.84[0m[34;1m    719364[0m[34;1m   1776656[0m[34;1m      1900[0m
13:58:33   [34;1m   1162324[0m[34;1m   1329472[0m[34;1m   1376512[0m[34;1m     34.40[0m[34;1m     15944[0m[34;1m   1326860[0m[34;1m   6697484[0m[31;1m    167.38[0m[34;1m    719576[0m[34;1m   1819584[0m[34;1m      2244[0m
13:58:34   [34;1m   1110524[0m[34;1m   1278272[0m[34;1m   1425244[0m[34;1m     35.62[0m[34;1m     15944[0m[34;1m   1327380[0m[34;1m   6754164[0m[31;1m    168.80[0m[34;1m    719776[0m[34;1m   1861584[0m[34;1m      2764[0m
13:58:35   [34;1m   1057440[0m[34;1m   1225640[0m[34;1m   1475424[0m[34;1m     36.87[0m[34;1m     15952[0m[34;1m   1327752[0m[34;1m   6815564[0m[31;1m    170.33[0m[34;1m    719972[0m[34;1m   1906876[0m[34;1m      3144[0m
13:58:36   [34;1m   1007028[0m[34;1m   1175872[0m[34;1m   1521952[0m[34;1m     38.04[0m[34;1m     15952[0m[34;1m   1328316[0m[34;1m   6876964[0m[31;1m    171.86[0m[34;1m    720184[0m[34;1m   1947576[0m[34;1m      3696[0m
13:58:37   [34;1m    954720[0m[34;1m   1124248[0m[34;1m   1570252[0m[34;1m     39.24[0m[34;1m     15952[0m[34;1m   1328896[0m[34;1m   6938364[0m[31;1m    173.40[0m[34;1m    720384[0m[34;1m   1990700[0m[34;1m      4104[0m
13:58:38   [34;1m    903552[0m[34;1m   1073736[0m[34;1m   1617384[0m[34;1m     40.42[0m[34;1m     15952[0m[34;1m   1329512[0m[34;1m   6999764[0m[31;1m    174.93[0m[34;1m    720584[0m[34;1m   2031688[0m[34;1m      4712[0m
13:58:39   [34;1m    850696[0m[34;1m   1021732[0m[34;1m   1665888[0m[34;1m     41.63[0m[34;1m     15960[0m[34;1m   1330248[0m[34;1m   7061164[0m[31;1m    176.47[0m[34;1m    720784[0m[34;1m   2074288[0m[34;1m      5452[0m
13:58:40   [34;1m    793740[0m[34;1m    965460[0m[34;1m   1718756[0m[34;1m     42.95[0m[34;1m     15960[0m[34;1m   1330784[0m[34;1m   7122564[0m[31;1m    178.00[0m[34;1m    720992[0m[34;1m   2120008[0m[34;1m      5980[0m
13:58:41   [34;1m    739832[0m[34;1m    912496[0m[34;1m   1768268[0m[34;1m     44.19[0m[34;1m     15968[0m[34;1m   1331592[0m[34;1m   7192156[0m[31;1m    179.74[0m[34;1m    721192[0m[34;1m   2163500[0m[34;1m      6796[0m
13:58:42   [34;1m    684928[0m[34;1m    858376[0m[34;1m   1818584[0m[34;1m     45.45[0m[34;1m     15968[0m[34;1m   1332300[0m[34;1m   7253556[0m[31;1m    181.28[0m[34;1m    721420[0m[34;1m   2208692[0m[34;1m        12[0m
13:58:43   [34;1m    632024[0m[34;1m    806572[0m[34;1m   1866876[0m[34;1m     46.66[0m[34;1m     15968[0m[34;1m   1333172[0m[34;1m   7314956[0m[31;1m    182.81[0m[34;1m    721624[0m[34;1m   2248652[0m[34;1m       792[0m
13:58:44   [34;1m    578424[0m[34;1m    753904[0m[34;1m   1915852[0m[34;1m     47.88[0m[34;1m     15968[0m[34;1m   1333996[0m[34;1m   7376356[0m[31;1m    184.34[0m[34;1m    721820[0m[34;1m   2293924[0m[34;1m      1616[0m
13:58:45   [34;1m    525972[0m[34;1m    702420[0m[34;1m   1963704[0m[34;1m     49.08[0m[34;1m     15976[0m[34;1m   1334848[0m[34;1m   7437756[0m[31;1m    185.88[0m[34;1m    722020[0m[34;1m   2334980[0m[34;1m      2624[0m
13:58:46   [34;1m    472868[0m[34;1m    650264[0m[34;1m   2011240[0m[34;1m     50.26[0m[34;1m     15976[0m[34;1m   1335636[0m[34;1m   7499284[0m[31;1m    187.42[0m[34;1m    722228[0m[34;1m   2378016[0m[34;1m      3304[0m
13:58:47   [34;1m    416676[0m[34;1m    595136[0m[34;1m   2061164[0m[34;1m     51.51[0m[34;1m     15976[0m[34;1m   1336640[0m[34;1m   7560684[0m[31;1m    188.95[0m[34;1m    722428[0m[34;1m   2420304[0m[34;1m      4308[0m
13:58:48   [34;1m    356120[0m[34;1m    535580[0m[34;1m   2115296[0m[34;1m     52.86[0m[34;1m     15976[0m[34;1m   1337476[0m[34;1m   7621956[0m[31;1m    190.48[0m[34;1m    722628[0m[34;1m   2468508[0m[34;1m      5140[0m
13:58:49   [34;1m    296616[0m[34;1m    477444[0m[34;1m   2167612[0m[34;1m     54.17[0m[34;1m     15976[0m[34;1m   1338656[0m[34;1m   7683356[0m[31;1m    192.02[0m[34;1m    722828[0m[34;1m   2515496[0m[34;1m      6320[0m
13:58:50   [34;1m    238920[0m[34;1m    420836[0m[34;1m   2218584[0m[34;1m     55.45[0m[34;1m     15984[0m[34;1m   1339576[0m[34;1m   7744756[0m[31;1m    193.55[0m[34;1m    723028[0m[34;1m   2559552[0m[34;1m      7244[0m
13:58:51   [34;1m    176648[0m[34;1m    359792[0m[34;1m   2273392[0m[34;1m     56.81[0m[34;1m     15992[0m[34;1m   1340636[0m[34;1m   7811132[0m[31;1m    195.21[0m[34;1m    723236[0m[34;1m   2608388[0m[34;1m      8316[0m
13:58:52   [34;1m    115956[0m[34;1m    300620[0m[34;1m   2326676[0m[34;1m     58.15[0m[34;1m     15992[0m[34;1m   1341924[0m[34;1m   7872660[0m[31;1m    196.75[0m[34;1m    723440[0m[34;1m   2654992[0m[34;1m      9596[0m
13:58:53   [34;1m    123448[0m[34;1m    248748[0m[34;1m   2373284[0m[34;1m     59.31[0m[34;1m     14240[0m[34;1m   1284980[0m[34;1m   7933932[0m[31;1m    198.28[0m[34;1m    755144[0m[34;1m   2609612[0m[34;1m     10516[0m
13:58:54   [34;1m    122356[0m[34;1m    197236[0m[34;1m   2418936[0m[34;1m     60.45[0m[34;1m     12240[0m[34;1m   1236324[0m[34;1m   7994708[0m[31;1m    199.80[0m[34;1m    720216[0m[34;1m   2633920[0m[34;1m      7568[0m
13:58:55   [34;1m    115708[0m[34;1m    138592[0m[34;1m   2471508[0m[34;1m     61.77[0m[34;1m     10064[0m[34;1m   1186916[0m[34;1m   8056108[0m[31;1m    201.33[0m[34;1m    679184[0m[34;1m   2666652[0m[34;1m      4712[0m
13:58:56   [34;1m    124012[0m[34;1m    139588[0m[34;1m   2470040[0m[34;1m     61.73[0m[34;1m      9756[0m[34;1m   1179960[0m[34;1m   8060204[0m[31;1m    201.43[0m[34;1m    672032[0m[34;1m   2665628[0m[34;1m      1748[0m
13:58:57   [34;1m    111312[0m[34;1m    137728[0m[34;1m   2472124[0m[34;1m     61.78[0m[34;1m      9792[0m[34;1m   1190480[0m[34;1m   8060204[0m[31;1m    201.43[0m[34;1m    676552[0m[34;1m   2673488[0m[34;1m      3100[0m
13:58:58   [34;1m    116608[0m[34;1m    137160[0m[34;1m   2472796[0m[34;1m     61.80[0m[34;1m      9612[0m[34;1m   1184744[0m[34;1m   8060204[0m[31;1m    201.43[0m[34;1m    674444[0m[34;1m   2669688[0m[34;1m      4172[0m
13:58:59   [34;1m    110964[0m[34;1m    136068[0m[34;1m   2473832[0m[34;1m     61.82[0m[34;1m      9612[0m[34;1m   1189344[0m[34;1m   8060204[0m[31;1m    201.43[0m[34;1m    676672[0m[34;1m   2672008[0m[34;1m      5184[0m
13:59:00   [34;1m    118260[0m[34;1m    135076[0m[34;1m   2472712[0m[34;1m     61.80[0m[34;1m      9176[0m[34;1m   1183536[0m[34;1m   8060204[0m[31;1m    201.43[0m[34;1m    673212[0m[34;1m   2669256[0m[34;1m      6396[0m
13:59:01   [34;1m    114508[0m[34;1m    133712[0m[34;1m   2474280[0m[34;1m     61.84[0m[34;1m      9176[0m[34;1m   1185808[0m[34;1m   8060204[0m[31;1m    201.43[0m[34;1m    673520[0m[34;1m   2672500[0m[34;1m       184[0m
13:59:02   [34;1m    121820[0m[34;1m    137416[0m[34;1m   2472748[0m[34;1m     61.80[0m[34;1m      9016[0m[34;1m   1180264[0m[34;1m   8060204[0m[31;1m    201.43[0m[34;1m    670008[0m[34;1m   2670240[0m[34;1m      1104[0m
13:59:03   [34;1m    115448[0m[34;1m    134584[0m[34;1m   2475296[0m[34;1m     61.86[0m[34;1m      9024[0m[34;1m   1183896[0m[34;1m   8060204[0m[31;1m    201.43[0m[34;1m    671036[0m[34;1m   2674376[0m[34;1m      2392[0m
13:59:04   [34;1m    112232[0m[34;1m    132832[0m[34;1m   2477116[0m[34;1m     61.91[0m[34;1m      9024[0m[34;1m   1185228[0m[34;1m   8060204[0m[31;1m    201.43[0m[34;1m    671316[0m[34;1m   2675464[0m[34;1m      3356[0m
13:59:05   [34;1m    125316[0m[34;1m    135292[0m[34;1m   2474764[0m[34;1m     61.85[0m[34;1m      8016[0m[34;1m   1175580[0m[34;1m   8060204[0m[31;1m    201.43[0m[34;1m    664944[0m[34;1m   2671868[0m[34;1m      4760[0m
13:59:06   [34;1m    120492[0m[34;1m    129884[0m[34;1m   2478092[0m[34;1m     61.93[0m[34;1m      8016[0m[34;1m   1177032[0m[34;1m   8060204[0m[31;1m    201.43[0m[34;1m    664968[0m[34;1m   2673716[0m[34;1m      5796[0m
13:59:07   [34;1m    114024[0m[34;1m    129928[0m[34;1m   2478004[0m[34;1m     61.93[0m[34;1m      8016[0m[34;1m   1183592[0m[34;1m   8060204[0m[31;1m    201.43[0m[34;1m    665820[0m[34;1m   2676272[0m[34;1m      7120[0m
13:59:08   [34;1m    123652[0m[34;1m    135848[0m[34;1m   2474080[0m[34;1m     61.83[0m[34;1m      7348[0m[34;1m   1178380[0m[34;1m   8060204[0m[31;1m    201.43[0m[34;1m    663164[0m[34;1m   2673948[0m[34;1m      8336[0m
13:59:09   [34;1m    118716[0m[34;1m    132868[0m[34;1m   2477056[0m[34;1m     61.90[0m[34;1m      7348[0m[34;1m   1180340[0m[34;1m   8060204[0m[31;1m    201.43[0m[34;1m    663428[0m[34;1m   2677936[0m[34;1m      9480[0m
13:59:10   [34;1m    115504[0m[34;1m    131384[0m[34;1m   2478636[0m[34;1m     61.94[0m[34;1m      7360[0m[34;1m   1181960[0m[34;1m   8060204[0m[31;1m    201.43[0m[34;1m    663628[0m[34;1m   2679888[0m[34;1m     10468[0m
13:59:11   [34;1m    118428[0m[34;1m    129988[0m[34;1m   2480016[0m[34;1m     61.98[0m[34;1m      7220[0m[34;1m   1178240[0m[34;1m   8064924[0m[31;1m    201.55[0m[34;1m    661088[0m[34;1m   2680672[0m[34;1m     11652[0m
13:59:12   [34;1m    119660[0m[34;1m    129612[0m[34;1m   2480464[0m[34;1m     61.99[0m[34;1m      6764[0m[34;1m   1177036[0m[34;1m   8064924[0m[31;1m    201.55[0m[34;1m    659184[0m[34;1m   2681232[0m[34;1m     12844[0m
13:59:13   [34;1m    114648[0m[34;1m    128008[0m[34;1m   2482160[0m[34;1m     62.03[0m[34;1m      6788[0m[34;1m   1180336[0m[34;1m   8064924[0m[31;1m    201.55[0m[34;1m    661152[0m[34;1m   2683808[0m[34;1m     13932[0m
13:59:14   [34;1m    113148[0m[34;1m    128272[0m[34;1m   2481852[0m[34;1m     62.02[0m[34;1m      6788[0m[34;1m   1182148[0m[34;1m   8060204[0m[31;1m    201.43[0m[34;1m    661252[0m[34;1m   2684400[0m[34;1m     15260[0m
13:59:15   [34;1m    119788[0m[34;1m    129316[0m[34;1m   2480904[0m[34;1m     62.00[0m[34;1m      6628[0m[34;1m   1176592[0m[34;1m   8060204[0m[31;1m    201.43[0m[34;1m    658860[0m[34;1m   2683564[0m[34;1m     16496[0m
13:59:16   [34;1m    115376[0m[34;1m    124196[0m[34;1m   2483756[0m[34;1m     62.07[0m[34;1m      6636[0m[34;1m   1178148[0m[34;1m   8060204[0m[31;1m    201.43[0m[34;1m    658868[0m[34;1m   2684316[0m[34;1m     17712[0m
13:59:17   [34;1m    128240[0m[34;1m    129812[0m[34;1m   2480276[0m[34;1m     61.99[0m[34;1m      6372[0m[34;1m   1169012[0m[34;1m   8060204[0m[31;1m    201.43[0m[34;1m    654964[0m[34;1m   2679928[0m[34;1m     18616[0m
13:59:18   [34;1m    123108[0m[34;1m    127044[0m[34;1m   2483108[0m[34;1m     62.06[0m[34;1m      6376[0m[34;1m   1171304[0m[34;1m   8060204[0m[31;1m    201.43[0m[34;1m    655296[0m[34;1m   2684124[0m[34;1m       224[0m
13:59:19   [34;1m    115540[0m[34;1m    124004[0m[34;1m   2486028[0m[34;1m     62.13[0m[34;1m      6376[0m[34;1m   1175936[0m[34;1m   8060204[0m[31;1m    201.43[0m[34;1m    655560[0m[34;1m   2689752[0m[34;1m      1368[0m
13:59:20   [34;1m    125440[0m[34;1m    125048[0m[34;1m   2485072[0m[34;1m     62.11[0m[34;1m      6212[0m[34;1m   1167176[0m[34;1m   8060204[0m[31;1m    201.43[0m[34;1m    651728[0m[34;1m   2680516[0m[34;1m      2584[0m
13:59:21   [34;1m    115124[0m[34;1m    118796[0m[34;1m   2489276[0m[34;1m     62.21[0m[34;1m      6212[0m[34;1m   1173316[0m[34;1m   8060204[0m[31;1m    201.43[0m[34;1m    652468[0m[34;1m   2690200[0m[34;1m      3776[0m
13:59:22   [34;1m    115308[0m[34;1m    122652[0m[34;1m   2487808[0m[34;1m     62.17[0m[34;1m      6204[0m[34;1m   1174604[0m[34;1m   8060204[0m[31;1m    201.43[0m[34;1m    652800[0m[34;1m   2692528[0m[34;1m      4784[0m
13:59:23   [34;1m    127684[0m[34;1m    114916[0m[34;1m   2492804[0m[34;1m     62.30[0m[34;1m      5668[0m[34;1m   1157800[0m[34;1m   8060204[0m[31;1m    201.43[0m[34;1m    644608[0m[34;1m   2686656[0m[34;1m       264[0m
13:59:24   [34;1m    124724[0m[34;1m    112544[0m[34;1m   2494556[0m[34;1m     62.34[0m[34;1m      5672[0m[34;1m   1159000[0m[34;1m   8060204[0m[31;1m    201.43[0m[34;1m    644640[0m[34;1m   2688796[0m[34;1m      1368[0m
13:59:25   [34;1m    121724[0m[34;1m    110480[0m[34;1m   2495680[0m[34;1m     62.37[0m[34;1m      5672[0m[34;1m   1160236[0m[34;1m   8060204[0m[31;1m    201.43[0m[34;1m    644664[0m[34;1m   2688400[0m[34;1m      2456[0m
13:59:26   [34;1m    115492[0m[34;1m    109288[0m[34;1m   2496364[0m[34;1m     62.39[0m[34;1m      5680[0m[34;1m   1165724[0m[34;1m   8060204[0m[31;1m    201.43[0m[34;1m    645296[0m[34;1m   2694724[0m[34;1m      3692[0m
13:59:27   [34;1m    117456[0m[34;1m    116624[0m[34;1m   2492960[0m[34;1m     62.30[0m[34;1m      5612[0m[34;1m   1167576[0m[34;1m   8060204[0m[31;1m    201.43[0m[34;1m    644668[0m[34;1m   2699276[0m[34;1m      4640[0m
13:59:28   [34;1m    115044[0m[34;1m    112904[0m[34;1m   2496988[0m[34;1m     62.40[0m[34;1m      5656[0m[34;1m   1165900[0m[34;1m   8060204[0m[31;1m    201.43[0m[34;1m    643380[0m[34;1m   2702740[0m[34;1m      5876[0m
13:59:29   [34;1m    110736[0m[34;1m    110484[0m[34;1m   2499436[0m[34;1m     62.46[0m[34;1m      5660[0m[34;1m   1167780[0m[34;1m   8060204[0m[31;1m    201.43[0m[34;1m    643524[0m[34;1m   2705568[0m[34;1m      7132[0m
13:59:30   [34;1m    127328[0m[34;1m    111524[0m[34;1m   2499068[0m[34;1m     62.45[0m[34;1m      5216[0m[34;1m   1152272[0m[34;1m   8060204[0m[31;1m    201.43[0m[34;1m    640912[0m[34;1m   2692864[0m[34;1m      8288[0m
13:59:31   [34;1m    122676[0m[34;1m    107972[0m[34;1m   2502052[0m[34;1m     62.53[0m[34;1m      5216[0m[34;1m   1153924[0m[34;1m   8060204[0m[31;1m    201.43[0m[34;1m    640936[0m[34;1m   2695784[0m[34;1m      9304[0m
13:59:32   [34;1m    118936[0m[34;1m    106440[0m[34;1m   2503636[0m[34;1m     62.57[0m[34;1m      5224[0m[34;1m   1156088[0m[34;1m   8060204[0m[31;1m    201.43[0m[34;1m    641216[0m[34;1m   2698820[0m[34;1m     10620[0m
13:59:33   [34;1m    112480[0m[34;1m    101476[0m[34;1m   2508476[0m[34;1m     62.69[0m[34;1m      5224[0m[34;1m   1157716[0m[34;1m   8060204[0m[31;1m    201.43[0m[34;1m    641364[0m[34;1m   2703120[0m[34;1m     11656[0m
13:59:34   [34;1m    123604[0m[34;1m    107292[0m[34;1m   2503936[0m[34;1m     62.58[0m[34;1m      5004[0m[34;1m   1151384[0m[34;1m   8060204[0m[31;1m    201.43[0m[34;1m    641580[0m[34;1m   2697176[0m[34;1m     13008[0m
13:59:35   [34;1m    118912[0m[34;1m    103600[0m[34;1m   2506596[0m[34;1m     62.64[0m[34;1m      5008[0m[34;1m   1153412[0m[34;1m   8060204[0m[31;1m    201.43[0m[34;1m    641652[0m[34;1m   2700388[0m[34;1m     14204[0m
13:59:36   [34;1m    114700[0m[34;1m    100696[0m[34;1m   2509228[0m[34;1m     62.71[0m[34;1m      5008[0m[34;1m   1154960[0m[34;1m   8060204[0m[31;1m    201.43[0m[34;1m    641972[0m[34;1m   2702752[0m[34;1m     15244[0m
13:59:37   [34;1m    111008[0m[34;1m     98412[0m[34;1m   2511492[0m[34;1m     62.77[0m[34;1m      5016[0m[34;1m   1156372[0m[34;1m   8060204[0m[31;1m    201.43[0m[34;1m    642032[0m[34;1m   2705208[0m[34;1m     16356[0m
13:59:38   [34;1m    114140[0m[34;1m     98760[0m[34;1m   2511376[0m[34;1m     62.76[0m[34;1m      4924[0m[34;1m   1153460[0m[34;1m   8060204[0m[31;1m    201.43[0m[34;1m    642660[0m[34;1m   2703988[0m[34;1m       740[0m
13:59:39   [34;1m    117532[0m[34;1m     99916[0m[34;1m   2512584[0m[34;1m     62.79[0m[34;1m      4740[0m[34;1m   1149056[0m[34;1m   8064300[0m[31;1m    201.54[0m[34;1m    642040[0m[34;1m   2701404[0m[34;1m      1840[0m
13:59:40   [34;1m    111864[0m[34;1m     96376[0m[34;1m   2514036[0m[34;1m     62.83[0m[34;1m      4740[0m[34;1m   1153304[0m[34;1m   8064300[0m[31;1m    201.54[0m[34;1m    642784[0m[34;1m   2705896[0m[34;1m      3120[0m
13:59:41   [34;1m    117792[0m[34;1m     98828[0m[34;1m   2514916[0m[34;1m     62.85[0m[34;1m      4496[0m[34;1m   1146764[0m[34;1m   8064300[0m[31;1m    201.54[0m[34;1m    641960[0m[34;1m   2700936[0m[34;1m      4316[0m
13:59:42   [34;1m    113428[0m[34;1m     96536[0m[34;1m   2515292[0m[34;1m     62.86[0m[34;1m      4500[0m[34;1m   1150288[0m[34;1m   8064300[0m[31;1m    201.54[0m[34;1m    642204[0m[34;1m   2704976[0m[34;1m      5700[0m
13:59:43   [34;1m    125316[0m[34;1m    101024[0m[34;1m   2517876[0m[34;1m     62.92[0m[34;1m      4232[0m[34;1m   1136548[0m[34;1m   8068396[0m[31;1m    201.64[0m[34;1m    637492[0m[34;1m   2696936[0m[34;1m      6852[0m
13:59:44   [34;1m    120668[0m[34;1m     98040[0m[34;1m   2519732[0m[34;1m     62.97[0m[34;1m      4248[0m[34;1m   1139364[0m[34;1m   8068396[0m[31;1m    201.64[0m[34;1m    638168[0m[34;1m   2701588[0m[34;1m      8144[0m
13:59:45   [34;1m    117436[0m[34;1m     95336[0m[34;1m   2521676[0m[34;1m     63.02[0m[34;1m      4248[0m[34;1m   1140644[0m[34;1m   8072492[0m[31;1m    201.74[0m[34;1m    638288[0m[34;1m   2703808[0m[34;1m      9100[0m
13:59:46   [34;1m    123004[0m[34;1m     97564[0m[34;1m   2522816[0m[34;1m     63.05[0m[34;1m      4160[0m[34;1m   1134008[0m[34;1m   8072492[0m[31;1m    201.74[0m[34;1m    636708[0m[34;1m   2699720[0m[34;1m     10528[0m
13:59:47   [34;1m    117412[0m[34;1m     93184[0m[34;1m   2525908[0m[34;1m     63.13[0m[34;1m      4824[0m[34;1m   1135792[0m[34;1m   8072492[0m[31;1m    201.74[0m[34;1m    637488[0m[34;1m   2704096[0m[34;1m     11468[0m
13:59:48   [34;1m    113092[0m[34;1m     89812[0m[34;1m   2528484[0m[34;1m     63.19[0m[34;1m      4824[0m[34;1m   1137548[0m[34;1m   8076588[0m[31;1m    201.84[0m[34;1m    637920[0m[34;1m   2707536[0m[34;1m     12820[0m
13:59:49   [34;1m    131716[0m[34;1m    101140[0m[34;1m   2524404[0m[34;1m     63.09[0m[34;1m      4560[0m[34;1m   1123448[0m[34;1m   8076588[0m[31;1m    201.84[0m[34;1m    634548[0m[34;1m   2697548[0m[34;1m     13960[0m
13:59:50   [34;1m    123548[0m[34;1m     95252[0m[34;1m   2527816[0m[34;1m     63.17[0m[34;1m      4568[0m[34;1m   1128316[0m[34;1m   8080684[0m[31;1m    201.95[0m[34;1m    635504[0m[34;1m   2702612[0m[34;22m         0[0m
13:59:51   [34;1m    116552[0m[34;1m     89444[0m[34;1m   2532568[0m[34;1m     63.29[0m[34;1m      4572[0m[34;1m   1130524[0m[34;1m   8085404[0m[31;1m    202.06[0m[34;1m    635664[0m[34;1m   2707612[0m[34;1m       908[0m
13:59:52   [34;1m    114064[0m[34;1m     87916[0m[34;1m   2533112[0m[34;1m     63.31[0m[34;1m      4576[0m[34;1m   1132472[0m[34;1m   8085404[0m[31;1m    202.06[0m[34;1m    635852[0m[34;1m   2710168[0m[34;1m      2148[0m
13:59:53   [34;1m    119944[0m[34;1m     90876[0m[34;1m   2533080[0m[34;1m     63.30[0m[34;1m      4360[0m[34;1m   1126880[0m[34;1m   8089500[0m[31;1m    202.17[0m[34;1m    637072[0m[34;1m   2702664[0m[34;1m      3592[0m
13:59:54   [34;1m    117688[0m[34;1m     89840[0m[34;1m   2532700[0m[34;1m     63.30[0m[34;1m      4360[0m[34;1m   1129520[0m[34;1m   8084780[0m[31;1m    202.05[0m[34;1m    637280[0m[34;1m   2705064[0m[34;1m      4736[0m
13:59:55   [34;1m    114452[0m[34;1m     87820[0m[34;1m   2533616[0m[34;1m     63.32[0m[34;1m      4368[0m[34;1m   1131860[0m[34;1m   8084780[0m[31;1m    202.05[0m[34;1m    637668[0m[34;1m   2708432[0m[34;1m      5832[0m
13:59:56   [34;1m    116932[0m[34;1m     89028[0m[34;1m   2533764[0m[34;1m     63.32[0m[34;1m      4060[0m[34;1m   1129556[0m[34;1m   8084780[0m[31;1m    202.05[0m[34;1m    638212[0m[34;1m   2708056[0m[34;1m      7444[0m
13:59:57   [34;1m    124672[0m[34;1m     90280[0m[34;1m   2539028[0m[34;1m     63.45[0m[34;1m      3960[0m[34;1m   1116852[0m[34;1m   8089204[0m[31;1m    202.16[0m[34;1m    636808[0m[34;1m   2698336[0m[34;1m       348[0m
13:59:58   [34;1m    118168[0m[34;1m     86012[0m[34;1m   2541080[0m[34;1m     63.50[0m[34;1m      3960[0m[34;1m   1121300[0m[34;1m   8089204[0m[31;1m    202.16[0m[34;1m    637660[0m[34;1m   2703580[0m[34;1m      1456[0m
13:59:59   [34;1m    114920[0m[34;1m     83732[0m[34;1m   2542280[0m[34;1m     63.53[0m[34;1m      3960[0m[34;1m   1123340[0m[34;1m   8093300[0m[31;1m    202.26[0m[34;1m    637724[0m[34;1m   2706576[0m[34;1m      2500[0m
14:00:00   [34;1m    118344[0m[34;1m     87064[0m[34;1m   2539124[0m[34;1m     63.46[0m[34;1m      3724[0m[34;1m   1122868[0m[34;1m   8093300[0m[31;1m    202.26[0m[34;1m    637976[0m[34;1m   2706956[0m[34;1m      3712[0m
14:00:01   [34;1m    117064[0m[34;1m     84148[0m[34;1m   2543528[0m[34;1m     63.57[0m[34;1m      3384[0m[34;1m   1120192[0m[34;1m   8093300[0m[31;1m    202.26[0m[34;1m    635312[0m[34;1m   2707644[0m[34;1m       780[0m
14:00:02   [34;1m    123016[0m[34;1m     88356[0m[34;1m   2541284[0m[34;1m     63.51[0m[34;1m      3352[0m[34;1m   1116528[0m[34;1m   8093300[0m[31;1m    202.26[0m[34;1m    634312[0m[34;1m   2706200[0m[34;1m      1992[0m
14:00:03   [34;1m    113096[0m[34;1m     81360[0m[34;1m   2544980[0m[34;1m     63.60[0m[34;1m      3296[0m[34;1m   1122808[0m[34;1m   8097724[0m[31;1m    202.37[0m[34;1m    633292[0m[34;1m   2715944[0m[34;1m      3064[0m
14:00:04   [34;1m    116120[0m[34;1m     82324[0m[34;1m   2546332[0m[34;1m     63.64[0m[34;1m      3256[0m[34;1m   1118764[0m[34;1m   8097724[0m[31;1m    202.37[0m[34;1m    630804[0m[34;1m   2715384[0m[34;1m      4272[0m
14:00:05   [34;1m    116168[0m[34;1m     81280[0m[34;1m   2548444[0m[34;1m     63.69[0m[34;1m      3032[0m[34;1m   1116844[0m[34;1m   8097724[0m[31;1m    202.37[0m[34;1m    629736[0m[34;1m   2715596[0m[34;1m      5392[0m
14:00:06   [34;1m    112220[0m[34;1m     78500[0m[34;1m   2549980[0m[34;1m     63.73[0m[34;1m      3032[0m[34;1m   1119284[0m[34;1m   8097724[0m[31;1m    202.37[0m[34;1m    629988[0m[34;1m   2714552[0m[34;1m      6700[0m
14:00:07   [34;1m    117680[0m[34;1m     82580[0m[34;1m   2547116[0m[34;1m     63.66[0m[34;1m      2956[0m[34;1m   1116784[0m[34;1m   8097724[0m[31;1m    202.37[0m[34;1m    629564[0m[34;1m   2714728[0m[34;1m      3396[0m
14:00:08   [34;1m    111704[0m[34;1m     78844[0m[34;1m   2548752[0m[34;1m     63.70[0m[34;1m      3000[0m[34;1m   1121080[0m[34;1m   8097724[0m[31;1m    202.37[0m[34;1m    630284[0m[34;1m   2719836[0m[34;1m      4944[0m
14:00:09   [34;1m    122240[0m[34;1m     84604[0m[34;1m   2547648[0m[34;1m     63.67[0m[34;1m      2960[0m[34;1m   1111680[0m[34;1m   8097724[0m[31;1m    202.37[0m[34;1m    628780[0m[34;1m   2712336[0m[34;1m      5860[0m
14:00:10   [34;1m    117224[0m[34;1m     81640[0m[34;1m   2548536[0m[34;1m     63.69[0m[34;1m      2960[0m[34;1m   1115808[0m[34;1m   8097724[0m[31;1m    202.37[0m[34;1m    629312[0m[34;1m   2714944[0m[34;1m      7056[0m
14:00:11   [34;1m    122644[0m[34;1m     84284[0m[34;1m   2548720[0m[34;1m     63.70[0m[34;1m      2860[0m[34;1m   1110304[0m[34;1m   8097724[0m[31;1m    202.37[0m[34;1m    629016[0m[34;1m   2710300[0m[34;1m       104[0m
14:00:12   [34;1m    124356[0m[34;1m     85060[0m[34;1m   2549152[0m[34;1m     63.71[0m[34;1m      2744[0m[34;1m   1108496[0m[34;1m   8107068[0m[31;1m    202.61[0m[34;1m    629180[0m[34;1m   2709680[0m[34;1m      1256[0m
14:00:13   [34;1m    112196[0m[34;1m     77816[0m[34;1m   2551240[0m[34;1m     63.76[0m[34;1m      2832[0m[34;1m   1118496[0m[34;1m   8107068[0m[31;1m    202.61[0m[34;1m    630292[0m[34;1m   2718340[0m[34;1m      2148[0m
14:00:14   [34;1m    115692[0m[34;1m     80036[0m[34;1m   2550376[0m[34;1m     63.74[0m[34;1m      2888[0m[34;1m   1115776[0m[34;1m   8107068[0m[31;1m    202.61[0m[34;1m    630068[0m[34;1m   2716496[0m[34;1m      3656[0m
14:00:15   [34;1m    121832[0m[34;1m     82720[0m[34;1m   2551068[0m[34;1m     63.75[0m[34;1m      2864[0m[34;1m   1108360[0m[34;1m   8107068[0m[31;1m    202.61[0m[34;1m    629176[0m[34;1m   2710052[0m[34;1m      4592[0m
14:00:16   [34;1m    114988[0m[34;1m     78516[0m[34;1m   2552744[0m[34;1m     63.80[0m[34;1m      2872[0m[34;1m   1113584[0m[34;1m   8107068[0m[31;1m    202.61[0m[34;1m    629796[0m[34;1m   2715012[0m[34;1m      5960[0m
14:00:17   [34;1m    117452[0m[34;1m     80536[0m[34;1m   2551112[0m[34;1m     63.76[0m[34;1m      2868[0m[34;1m   1112808[0m[34;1m   8107068[0m[31;1m    202.61[0m[34;1m    630844[0m[34;1m   2711972[0m[34;1m      6984[0m
14:00:18   [34;1m    112104[0m[34;1m     77476[0m[34;1m   2551784[0m[34;1m     63.77[0m[34;1m      2888[0m[34;1m   1117464[0m[34;1m   8107068[0m[31;1m    202.61[0m[34;1m    631912[0m[34;1m   2715712[0m[34;1m      8260[0m
14:00:19   [34;1m    118688[0m[34;1m     81428[0m[34;1m   2550564[0m[34;1m     63.74[0m[34;1m      2768[0m[34;1m   1112256[0m[34;1m   8107068[0m[31;1m    202.61[0m[34;1m    630776[0m[34;1m   2711568[0m[34;1m      5152[0m
14:00:20   [34;1m    112192[0m[34;1m     77548[0m[34;1m   2551540[0m[34;1m     63.77[0m[34;1m      2768[0m[34;1m   1117788[0m[34;1m   8107068[0m[31;1m    202.61[0m[34;1m    631468[0m[34;1m   2716084[0m[34;1m      6664[0m
14:00:21   [34;1m    114272[0m[34;1m     77996[0m[34;1m   2553060[0m[34;1m     63.80[0m[34;1m      2760[0m[34;1m   1114192[0m[34;1m   8107068[0m[31;1m    202.61[0m[34;1m    630712[0m[34;1m   2713404[0m[34;1m      3192[0m
14:00:22   [34;1m    118796[0m[34;1m     81128[0m[34;1m   2551220[0m[34;1m     63.76[0m[34;1m      2756[0m[34;1m   1111532[0m[34;1m   8107068[0m[31;1m    202.61[0m[34;1m    630356[0m[34;1m   2711144[0m[34;1m      4916[0m
14:00:23   [34;1m    114404[0m[34;1m     78116[0m[34;1m   2552812[0m[34;1m     63.80[0m[34;1m      2764[0m[34;1m   1114296[0m[34;1m   8107068[0m[31;1m    202.61[0m[34;1m    630568[0m[34;1m   2712148[0m[34;1m      6096[0m
14:00:24   [34;1m    122448[0m[34;1m     83528[0m[34;1m   2550136[0m[34;1m     63.73[0m[34;1m      2604[0m[34;1m   1109624[0m[34;1m   8107068[0m[31;1m    202.61[0m[34;1m    629200[0m[34;1m   2709708[0m[34;1m       880[0m
14:00:25   [34;1m    113416[0m[34;1m     76372[0m[34;1m   2555124[0m[34;1m     63.86[0m[34;1m      2612[0m[34;1m   1113456[0m[34;1m   8107068[0m[31;1m    202.61[0m[34;1m    629516[0m[34;1m   2710604[0m[34;1m      1952[0m
14:00:26   [34;1m    117132[0m[34;1m     79880[0m[34;1m   2551864[0m[34;1m     63.77[0m[34;1m      2476[0m[34;1m   1113320[0m[34;1m   8107068[0m[31;1m    202.61[0m[34;1m    628748[0m[34;1m   2714124[0m[34;1m      3260[0m
14:00:27   [34;1m    115252[0m[34;1m     80372[0m[34;1m   2549272[0m[34;1m     63.71[0m[34;1m      2460[0m[34;1m   1117832[0m[34;1m   8107068[0m[31;1m    202.61[0m[34;1m    629080[0m[34;1m   2718664[0m[34;1m      4308[0m
14:00:28   [34;1m    122532[0m[34;1m     83736[0m[34;1m   2549700[0m[34;1m     63.72[0m[34;1m      2700[0m[34;1m   1109964[0m[34;1m   8107068[0m[31;1m    202.61[0m[34;1m    627368[0m[34;1m   2712148[0m[34;1m      1508[0m
14:00:29   [34;1m    115804[0m[34;1m     79284[0m[34;1m   2552028[0m[34;1m     63.78[0m[34;1m      2700[0m[34;1m   1114364[0m[34;1m   8107068[0m[31;1m    202.61[0m[34;1m    627740[0m[34;1m   2713376[0m[34;1m      2604[0m
14:00:30   [34;1m    117028[0m[34;1m     81504[0m[34;1m   2548748[0m[34;1m     63.70[0m[34;1m      2700[0m[34;1m   1115708[0m[34;1m   8107068[0m[31;1m    202.61[0m[34;1m    628272[0m[34;1m   2716660[0m[34;1m      3940[0m
14:00:31   [34;1m    123324[0m[34;1m     85128[0m[34;1m   2547684[0m[34;1m     63.67[0m[34;1m      2688[0m[34;1m   1110588[0m[34;1m   8107068[0m[31;1m    202.61[0m[34;1m    627392[0m[34;1m   2712384[0m[34;1m      5036[0m
14:00:32   [34;1m    118924[0m[34;1m     82252[0m[34;1m   2549212[0m[34;1m     63.71[0m[34;1m      2696[0m[34;1m   1113444[0m[34;1m   8107068[0m[31;1m    202.61[0m[34;1m    627640[0m[34;1m   2715424[0m[34;1m      6292[0m
14:00:33   [34;1m    114436[0m[34;1m     79284[0m[34;1m   2550540[0m[34;1m     63.74[0m[34;1m      2704[0m[34;1m   1116576[0m[34;1m   8107324[0m[31;1m    202.61[0m[34;1m    628252[0m[34;1m   2717988[0m[34;1m       416[0m
14:00:34   [34;1m    123628[0m[34;1m     84660[0m[34;1m   2549112[0m[34;1m     63.71[0m[34;1m      2792[0m[34;1m   1108636[0m[34;1m   8107324[0m[31;1m    202.61[0m[34;1m    626808[0m[34;1m   2712096[0m[34;1m      1692[0m
14:00:35   [34;1m    118308[0m[34;1m     81340[0m[34;1m   2550380[0m[34;1m     63.74[0m[34;1m      2792[0m[34;1m   1112708[0m[34;1m   8107324[0m[31;1m    202.61[0m[34;1m    627404[0m[34;1m   2716500[0m[34;1m      2684[0m
14:00:36   [34;1m    124092[0m[34;1m     85656[0m[34;1m   2547556[0m[34;1m     63.67[0m[34;1m      2704[0m[34;1m   1109856[0m[34;1m   8107324[0m[31;1m    202.61[0m[34;1m    627588[0m[34;1m   2708984[0m[34;1m      4016[0m
14:00:37   [34;1m    117680[0m[34;1m     81528[0m[34;1m   2549248[0m[34;1m     63.71[0m[34;1m      2704[0m[34;1m   1114568[0m[34;1m   8107324[0m[31;1m    202.61[0m[34;1m    628276[0m[34;1m   2713440[0m[34;1m      4980[0m
14:00:38   [34;1m    124748[0m[34;1m     85612[0m[34;1m   2548272[0m[34;1m     63.68[0m[34;1m      2784[0m[34;1m   1108996[0m[34;1m   8107324[0m[31;1m    202.61[0m[34;1m    628576[0m[34;1m   2710156[0m[34;1m      6068[0m
14:00:39   [34;1m    113204[0m[34;1m     78364[0m[34;1m   2551056[0m[34;1m     63.75[0m[34;1m      2796[0m[34;1m   1117772[0m[34;1m   8107324[0m[31;1m    202.61[0m[34;1m    629892[0m[34;1m   2717700[0m[34;1m      7284[0m
14:00:40   [34;1m    121676[0m[34;1m     83248[0m[34;1m   2549792[0m[34;1m     63.72[0m[34;1m      2684[0m[34;1m   1110700[0m[34;1m   8107324[0m[31;1m    202.61[0m[34;1m    627092[0m[34;1m   2713724[0m[34;1m      4472[0m
14:00:41   [34;1m    128944[0m[34;1m     86864[0m[34;1m   2549960[0m[34;1m     63.73[0m[34;1m      2664[0m[34;1m   1103288[0m[34;1m   8107324[0m[31;1m    202.61[0m[34;1m    626244[0m[34;1m   2707764[0m[34;1m      1400[0m
14:00:42   [34;1m    118472[0m[34;1m     81140[0m[34;1m   2550980[0m[34;1m     63.75[0m[34;1m      2664[0m[34;1m   1112720[0m[34;1m   8107324[0m[31;1m    202.61[0m[34;1m    627000[0m[34;1m   2713224[0m[34;1m      2732[0m
14:00:43   [34;1m    116212[0m[34;1m     78236[0m[34;1m   2554372[0m[34;1m     63.84[0m[34;1m      2648[0m[34;1m   1110968[0m[34;1m   8107324[0m[31;1m    202.61[0m[34;1m    627432[0m[34;1m   2711824[0m[34;1m      3660[0m
14:00:44   [34;1m    124972[0m[34;1m     84400[0m[34;1m   2550964[0m[34;1m     63.75[0m[34;1m      2600[0m[34;1m   1105776[0m[34;1m   8107324[0m[31;1m    202.61[0m[34;1m    629472[0m[34;1m   2706404[0m[34;1m       784[0m
14:00:45   [34;1m    116964[0m[34;1m     79540[0m[34;1m   2552488[0m[34;1m     63.79[0m[34;1m      2600[0m[34;1m   1112276[0m[34;1m   8107324[0m[31;1m    202.61[0m[34;1m    631120[0m[34;1m   2711264[0m[34;1m      1900[0m
14:00:46   [34;1m    111016[0m[34;1m     74636[0m[34;1m   2556360[0m[34;1m     63.89[0m[34;1m      2616[0m[34;1m   1114328[0m[34;1m   8107324[0m[31;1m    202.61[0m[34;1m    631536[0m[34;1m   2710560[0m[34;1m      3116[0m
14:00:47   [34;1m    113832[0m[34;1m     77676[0m[34;1m   2552992[0m[34;1m     63.80[0m[34;1m      3324[0m[34;1m   1114172[0m[34;1m   8107324[0m[31;1m    202.61[0m[34;1m    632008[0m[34;1m   2710444[0m[34;1m      4292[0m
14:00:48   [34;1m    120648[0m[34;1m     82652[0m[34;1m   2550048[0m[34;1m     63.73[0m[34;1m      3336[0m[34;1m   1110260[0m[34;1m   8107324[0m[31;1m    202.61[0m[34;1m    630176[0m[34;1m   2710056[0m[34;1m      5588[0m
14:00:49   [34;1m    113716[0m[34;1m     78200[0m[34;1m   2552140[0m[34;1m     63.78[0m[34;1m      3336[0m[34;1m   1115076[0m[34;1m   8107324[0m[31;1m    202.61[0m[34;1m    630536[0m[34;1m   2715364[0m[34;1m      6660[0m
14:00:50   [34;1m    121068[0m[34;1m     82676[0m[34;1m   2550392[0m[34;1m     63.74[0m[34;1m      3320[0m[34;1m   1110116[0m[34;1m   8107324[0m[31;1m    202.61[0m[34;1m    627604[0m[34;1m   2712976[0m[34;1m      3960[0m
14:00:51   [34;1m    113844[0m[34;1m     77048[0m[34;1m   2554428[0m[34;1m     63.84[0m[34;1m      3332[0m[34;1m   1113260[0m[34;1m   8107324[0m[31;1m    202.61[0m[34;1m    628104[0m[34;1m   2715668[0m[34;1m      5144[0m
14:00:52   [34;1m    117276[0m[34;1m     79940[0m[34;1m   2552132[0m[34;1m     63.78[0m[34;1m      3332[0m[34;1m   1112108[0m[34;1m   8107324[0m[31;1m    202.61[0m[34;1m    627152[0m[34;1m   2715580[0m[34;1m      6208[0m
14:00:53   [34;1m    113776[0m[34;1m     77552[0m[34;1m   2553420[0m[34;1m     63.81[0m[34;1m      3332[0m[34;1m   1114312[0m[34;1m   8107324[0m[31;1m    202.61[0m[34;1m    627320[0m[34;1m   2718104[0m[34;1m      7236[0m
14:00:54   [34;1m    113120[0m[34;1m     76824[0m[34;1m   2554340[0m[34;1m     63.84[0m[34;1m      3336[0m[34;1m   1114072[0m[34;1m   8107324[0m[31;1m    202.61[0m[34;1m    627600[0m[34;1m   2719540[0m[34;1m      8616[0m
14:00:55   [34;1m    116500[0m[34;1m     79716[0m[34;1m   2551860[0m[34;1m     63.77[0m[34;1m      3344[0m[34;1m   1113168[0m[34;1m   8107324[0m[31;1m    202.61[0m[34;1m    627776[0m[34;1m   2715388[0m[34;1m       592[0m
14:00:56   [34;1m    119376[0m[34;1m     83560[0m[34;1m   2546936[0m[34;1m     63.65[0m[34;1m      3424[0m[34;1m   1115020[0m[34;1m   8107324[0m[31;1m    202.61[0m[34;1m    630468[0m[34;1m   2714196[0m[34;1m      1688[0m
14:00:57   [34;1m    128252[0m[34;1m     88028[0m[34;1m   2546976[0m[34;1m     63.65[0m[34;1m      3024[0m[34;1m   1106640[0m[34;1m   8107324[0m[31;1m    202.61[0m[34;1m    628620[0m[34;1m   2706776[0m[34;1m      2840[0m
14:00:58   [34;1m    120876[0m[34;1m     82668[0m[34;1m   2550188[0m[34;1m     63.73[0m[34;1m      3172[0m[34;1m   1110704[0m[34;1m   8107324[0m[31;1m    202.61[0m[34;1m    629596[0m[34;1m   2710024[0m[34;1m      4100[0m
14:00:59   [34;1m    116912[0m[34;1m     80056[0m[34;1m   2551512[0m[34;1m     63.77[0m[34;1m      3172[0m[34;1m   1113360[0m[34;1m   8107324[0m[31;1m    202.61[0m[34;1m    629864[0m[34;1m   2712884[0m[34;1m      5484[0m
14:01:00   [34;1m    114924[0m[34;1m     79076[0m[34;1m   2551644[0m[34;1m     63.77[0m[34;1m      3172[0m[34;1m   1115200[0m[34;1m   8107324[0m[31;1m    202.61[0m[34;1m    630080[0m[34;1m   2714772[0m[34;1m      6560[0m
14:01:01   [34;1m    122112[0m[34;1m     82464[0m[34;1m   2551896[0m[34;1m     63.78[0m[34;1m      3100[0m[34;1m   1107632[0m[34;1m   8107324[0m[31;1m    202.61[0m[34;1m    626232[0m[34;1m   2710956[0m[34;1m      3532[0m
14:01:02   [34;1m    114016[0m[34;1m     77960[0m[34;1m   2552784[0m[34;1m     63.80[0m[34;1m      3100[0m[34;1m   1114488[0m[34;1m   8107324[0m[31;1m    202.61[0m[34;1m    627196[0m[34;1m   2717308[0m[34;1m      4940[0m
14:01:03   [34;1m    121508[0m[34;1m     84264[0m[34;1m   2547696[0m[34;1m     63.67[0m[34;1m      3028[0m[34;1m   1112220[0m[34;1m   8107324[0m[31;1m    202.61[0m[34;1m    628856[0m[34;1m   2710552[0m[34;1m      5672[0m
14:01:04   [34;1m    125912[0m[34;1m     85776[0m[34;1m   2549112[0m[34;1m     63.71[0m[34;1m      2792[0m[34;1m   1107188[0m[34;1m   8107324[0m[31;1m    202.61[0m[34;1m    627872[0m[34;1m   2708792[0m[34;1m      2912[0m
14:01:05   [34;1m    118580[0m[34;1m     80708[0m[34;1m   2551948[0m[34;1m     63.78[0m[34;1m      2792[0m[34;1m   1111684[0m[34;1m   8107324[0m[31;1m    202.61[0m[34;1m    628436[0m[34;1m   2713512[0m[34;1m      4160[0m
14:01:06   [34;1m    130684[0m[34;1m     87424[0m[34;1m   2550796[0m[34;1m     63.75[0m[34;1m      2640[0m[34;1m   1100940[0m[34;1m   8107324[0m[31;1m    202.61[0m[34;1m    625892[0m[34;1m   2706536[0m[34;1m       268[0m
14:01:07   [34;1m    133528[0m[34;1m     87908[0m[34;1m   2552272[0m[34;1m     63.78[0m[34;1m      2472[0m[34;1m   1096800[0m[34;1m   8107324[0m[31;1m    202.61[0m[34;1m    624964[0m[34;1m   2703476[0m[34;1m      1412[0m
14:01:08   [34;1m    126876[0m[34;1m     84396[0m[34;1m   2552872[0m[34;1m     63.80[0m[34;1m      2620[0m[34;1m   1102704[0m[34;1m   8107324[0m[31;1m    202.61[0m[34;1m    626344[0m[34;1m   2708632[0m[34;1m      2600[0m
14:01:09   [34;1m    121392[0m[34;1m     80540[0m[34;1m   2555016[0m[34;1m     63.85[0m[34;1m      2620[0m[34;1m   1106036[0m[34;1m   8107324[0m[31;1m    202.61[0m[34;1m    626720[0m[34;1m   2710728[0m[34;1m      3740[0m
14:01:10   [34;1m    118004[0m[34;1m     78512[0m[34;1m   2555788[0m[34;1m     63.87[0m[34;1m      2620[0m[34;1m   1108676[0m[34;1m   8107324[0m[31;1m    202.61[0m[34;1m    626984[0m[34;1m   2708776[0m[34;1m      5000[0m
14:01:11   [34;1m    124176[0m[34;1m     82788[0m[34;1m   2553232[0m[34;1m     63.81[0m[34;1m      2612[0m[34;1m   1105024[0m[34;1m   8112044[0m[31;1m    202.73[0m[34;1m    624920[0m[34;1m   2712312[0m[34;1m       136[0m
14:01:12   [34;1m    123708[0m[34;1m     83796[0m[34;1m   2550816[0m[34;1m     63.75[0m[34;1m      2544[0m[34;1m   1107984[0m[34;1m   8112044[0m[31;1m    202.73[0m[34;1m    625996[0m[34;1m   2714880[0m[34;1m      1432[0m
14:01:13   [34;1m    119700[0m[34;1m     80244[0m[34;1m   2553672[0m[34;1m     63.82[0m[34;1m      2604[0m[34;1m   1109068[0m[34;1m   8112044[0m[31;1m    202.73[0m[34;1m    625592[0m[34;1m   2717016[0m[34;1m      2448[0m
14:01:14   [34;1m    120976[0m[34;1m     81824[0m[34;1m   2551956[0m[34;1m     63.78[0m[34;1m      2744[0m[34;1m   1109348[0m[34;1m   8107324[0m[31;1m    202.61[0m[34;1m    625968[0m[34;1m   2714996[0m[34;1m      3728[0m
14:01:15   [34;1m    119324[0m[34;1m     80916[0m[34;1m   2552336[0m[34;1m     63.79[0m[34;1m      2744[0m[34;1m   1110640[0m[34;1m   8107580[0m[31;1m    202.62[0m[34;1m    626240[0m[34;1m   2716312[0m[34;1m      4636[0m
14:01:16   [34;1m    113992[0m[34;1m     76516[0m[34;1m   2555624[0m[34;1m     63.87[0m[34;1m      2744[0m[34;1m   1112652[0m[34;1m   8111676[0m[31;1m    202.72[0m[34;1m    626428[0m[34;1m   2719772[0m[34;1m      5880[0m
14:01:17   [34;1m    121172[0m[34;1m     80744[0m[34;1m   2554352[0m[34;1m     63.84[0m[34;1m      2748[0m[34;1m   1106748[0m[34;1m   8111676[0m[31;1m    202.72[0m[34;1m    627576[0m[34;1m   2712760[0m[34;1m      6944[0m
14:01:18   [34;1m    116860[0m[34;1m     78236[0m[34;1m   2555148[0m[34;1m     63.86[0m[34;1m      2788[0m[34;1m   1110216[0m[34;1m   8111676[0m[31;1m    202.72[0m[34;1m    628820[0m[34;1m   2715176[0m[34;1m      8284[0m
14:01:19   [34;1m    123508[0m[34;1m     82736[0m[34;1m   2552896[0m[34;1m     63.80[0m[34;1m      2784[0m[34;1m   1105840[0m[34;1m   8111676[0m[31;1m    202.72[0m[34;1m    627932[0m[34;1m   2711924[0m[34;1m      5264[0m
14:01:20   [34;1m    119124[0m[34;1m     79520[0m[34;1m   2554856[0m[34;1m     63.85[0m[34;1m      2784[0m[34;1m   1108208[0m[34;1m   8111676[0m[31;1m    202.72[0m[34;1m    628168[0m[34;1m   2713988[0m[34;1m      6476[0m
14:01:21   [34;1m    138212[0m[34;1m     90160[0m[34;1m   2552380[0m[34;1m     63.79[0m[34;1m      2832[0m[34;1m   1091080[0m[34;1m   8115772[0m[31;1m    202.82[0m[34;1m    626256[0m[34;1m   2699680[0m[34;1m       172[0m
14:01:22   [34;1m    124456[0m[34;1m     81080[0m[34;1m   2557064[0m[34;1m     63.90[0m[34;1m      2832[0m[34;1m   1100408[0m[34;1m   8115772[0m[31;1m    202.82[0m[34;1m    627064[0m[34;1m   2710156[0m[34;1m      1416[0m
14:01:23   [34;1m    124196[0m[34;1m     81868[0m[34;1m   2554992[0m[34;1m     63.85[0m[34;1m      2764[0m[34;1m   1102808[0m[34;1m   8115772[0m[31;1m    202.82[0m[34;1m    626616[0m[34;1m   2710444[0m[34;1m      2516[0m
14:01:24   [34;1m    114324[0m[34;1m     74892[0m[34;1m   2559216[0m[34;1m     63.96[0m[34;1m      2776[0m[34;1m   1108436[0m[34;1m   8119868[0m[31;1m    202.93[0m[34;1m    627800[0m[34;1m   2718968[0m[34;1m      3748[0m
14:01:25   [34;1m    116228[0m[34;1m     75316[0m[34;1m   2560420[0m[34;1m     63.99[0m[34;1m      2728[0m[34;1m   1105368[0m[34;1m   8119868[0m[31;1m    202.93[0m[34;1m    627024[0m[34;1m   2719088[0m[34;1m       256[0m
14:01:26   [34;1m    121924[0m[34;1m     77616[0m[34;1m   2561468[0m[34;1m     64.01[0m[34;1m      2616[0m[34;1m   1099076[0m[34;1m   8119868[0m[31;1m    202.93[0m[34;1m    625576[0m[34;1m   2715164[0m[34;1m      1408[0m
14:01:27   [34;1m    117608[0m[34;1m     75168[0m[34;1m   2561696[0m[34;1m     64.02[0m[34;1m      2452[0m[34;1m   1103284[0m[34;1m   8123964[0m[31;1m    203.03[0m[34;1m    624976[0m[34;1m   2720548[0m[34;1m       336[0m
14:01:28   [34;1m    130220[0m[34;1m     80320[0m[34;1m   2564316[0m[34;1m     64.09[0m[34;1m      2684[0m[34;1m   1087848[0m[34;1m   8123964[0m[31;1m    203.03[0m[34;1m    622764[0m[34;1m   2710020[0m[34;1m      1404[0m
14:01:29   [34;1m    120596[0m[34;1m     74376[0m[34;1m   2566404[0m[34;1m     64.14[0m[34;1m      2688[0m[34;1m   1095380[0m[34;1m   8128060[0m[31;1m    203.13[0m[34;1m    623716[0m[34;1m   2717316[0m[34;1m      2336[0m
14:01:30   [34;1m    115472[0m[34;1m     72636[0m[34;1m   2564956[0m[34;1m     64.10[0m[34;1m      2680[0m[34;1m   1101944[0m[34;1m   8128060[0m[31;1m    203.13[0m[34;1m    625576[0m[34;1m   2723228[0m[34;1m        60[0m
14:01:31   [34;1m    121916[0m[34;1m     72704[0m[34;1m   2571016[0m[34;1m     64.25[0m[34;1m      2664[0m[34;1m   1089456[0m[34;1m   8175848[0m[31;1m    204.32[0m[34;1m    620876[0m[34;1m   2719680[0m[34;1m       172[0m
14:01:32   [34;1m    120080[0m[34;1m     69628[0m[34;1m   2575176[0m[34;1m     64.36[0m[34;1m      2380[0m[34;1m   1087900[0m[34;1m   8136876[0m[31;1m    203.35[0m[34;1m    616972[0m[34;1m   2725400[0m[34;1m       416[0m
14:01:33   [34;1m    129812[0m[34;1m     70720[0m[34;1m   2582912[0m[34;1m     64.55[0m[34;1m      2296[0m[34;1m   1070416[0m[34;1m   8149296[0m[31;1m    203.66[0m[34;1m    609388[0m[34;1m   2723824[0m[34;1m       148[0m
14:01:34   [34;1m    125944[0m[34;1m     71560[0m[34;1m   2577468[0m[34;1m     64.41[0m[34;1m      2540[0m[34;1m   1079564[0m[34;1m   8149424[0m[31;1m    203.66[0m[34;1m    612556[0m[34;1m   2726196[0m[34;1m       308[0m
14:01:35   [34;1m    130452[0m[34;1m     75324[0m[34;1m   2574536[0m[34;1m     64.34[0m[34;1m      2528[0m[34;1m   1078020[0m[34;1m   8144704[0m[31;1m    203.55[0m[34;1m    614164[0m[34;1m   2714492[0m[34;1m       436[0m
14:01:36   [34;1m    119224[0m[34;1m     69372[0m[34;1m   2574996[0m[34;1m     64.35[0m[34;1m      2528[0m[34;1m   1088868[0m[34;1m   8144704[0m[31;1m    203.55[0m[34;1m    616080[0m[34;1m   2723392[0m[34;1m      1400[0m
14:01:37   [34;1m    110652[0m[34;1m     64852[0m[34;1m   2575712[0m[34;1m     64.37[0m[34;1m      2496[0m[34;1m   1096764[0m[34;1m   8144704[0m[31;1m    203.55[0m[34;1m    619716[0m[34;1m   2732996[0m[34;1m       544[0m
14:01:38   [34;1m    116720[0m[34;1m     67728[0m[34;1m   2575964[0m[34;1m     64.38[0m[34;1m      2876[0m[34;1m   1090100[0m[34;1m   8144704[0m[31;1m    203.55[0m[34;1m    616476[0m[34;1m   2724192[0m[34;1m      1884[0m
14:01:39   [34;1m    116100[0m[34;1m     70072[0m[34;1m   2570484[0m[34;1m     64.24[0m[34;1m      2860[0m[34;1m   1096204[0m[34;1m   8144704[0m[31;1m    203.55[0m[34;1m    619032[0m[34;1m   2728616[0m[34;1m      3176[0m
14:01:40   [34;1m    122448[0m[34;1m     72772[0m[34;1m   2571568[0m[34;1m     64.27[0m[34;1m      2844[0m[34;1m   1088816[0m[34;1m   8144704[0m[31;1m    203.55[0m[34;1m    619896[0m[34;1m   2721180[0m[34;1m       604[0m
14:01:41   [34;1m    125648[0m[34;1m     73608[0m[34;1m   2572928[0m[34;1m     64.30[0m[34;1m      2876[0m[34;1m   1084260[0m[34;1m   8144704[0m[31;1m    203.55[0m[34;1m    617788[0m[34;1m   2720872[0m[34;22m         0[0m
14:01:42   [34;1m    121700[0m[34;1m     71412[0m[34;1m   2573304[0m[34;1m     64.31[0m[34;1m      2584[0m[34;1m   1088040[0m[34;1m   8144704[0m[31;1m    203.55[0m[34;1m    618752[0m[34;1m   2723404[0m[34;1m       212[0m
14:01:43   [34;1m    130028[0m[34;1m     75144[0m[34;1m   2574476[0m[34;1m     64.34[0m[34;1m      2556[0m[34;1m   1078864[0m[34;1m   8144704[0m[31;1m    203.55[0m[34;1m    610588[0m[34;1m   2723128[0m[34;1m       680[0m
14:01:44   [34;1m    121112[0m[34;1m     73004[0m[34;1m   2569696[0m[34;1m     64.22[0m[34;1m      3396[0m[34;1m   1091728[0m[34;1m   8144704[0m[31;1m    203.55[0m[34;1m    614124[0m[34;1m   2728408[0m[34;1m       728[0m
14:01:45   [34;1m    125656[0m[34;1m     75244[0m[34;1m   2569932[0m[34;1m     64.23[0m[34;1m      3316[0m[34;1m   1086992[0m[34;1m   8144704[0m[31;1m    203.55[0m[34;1m    618672[0m[34;1m   2720316[0m[34;1m       212[0m
14:01:46   [34;1m    126020[0m[34;1m     73884[0m[34;1m   2572704[0m[34;1m     64.30[0m[34;1m      3236[0m[34;1m   1083920[0m[34;1m   8144704[0m[31;1m    203.55[0m[34;1m    613344[0m[34;1m   2722984[0m[34;1m      1048[0m
14:01:47   [34;1m    119012[0m[34;1m     70112[0m[34;1m   2573436[0m[34;1m     64.31[0m[34;1m      4056[0m[34;1m   1089252[0m[34;1m   8144704[0m[31;1m    203.55[0m[34;1m    617740[0m[34;1m   2728320[0m[34;22m         0[0m
14:01:48   [34;1m    111716[0m[34;1m     64836[0m[34;1m   2576696[0m[34;1m     64.39[0m[34;1m      4620[0m[34;1m   1092788[0m[34;1m   8144704[0m[31;1m    203.55[0m[34;1m    619464[0m[34;1m   2731344[0m[34;1m      1248[0m
14:01:49   [34;1m    118180[0m[34;1m     69552[0m[34;1m   2573444[0m[34;1m     64.31[0m[34;1m      3560[0m[34;1m   1090668[0m[34;1m   8144704[0m[31;1m    203.55[0m[34;1m    617808[0m[34;1m   2729264[0m[34;1m       252[0m
14:01:50   [34;1m    111464[0m[34;1m     65504[0m[34;1m   2574780[0m[34;1m     64.35[0m[34;1m      3488[0m[34;1m   1096104[0m[34;1m   8144704[0m[31;1m    203.55[0m[34;1m    620584[0m[34;1m   2728444[0m[34;1m      1208[0m
14:01:51   [34;1m    110688[0m[34;1m     64668[0m[34;1m   2575944[0m[34;1m     64.38[0m[34;1m      3412[0m[34;1m   1095480[0m[34;1m   8149424[0m[31;1m    203.66[0m[34;1m    620144[0m[34;1m   2730864[0m[34;1m      2384[0m
14:01:52   [34;1m    124644[0m[34;1m     71404[0m[34;1m   2576344[0m[34;1m     64.39[0m[34;1m      2712[0m[34;1m   1082100[0m[34;1m   8149424[0m[31;1m    203.66[0m[34;1m    615784[0m[34;1m   2721028[0m[34;1m      1064[0m
14:01:53   [34;1m    119976[0m[34;1m     70140[0m[34;1m   2574372[0m[34;1m     64.34[0m[34;1m      2540[0m[34;1m   1088824[0m[34;1m   8149424[0m[31;1m    203.66[0m[34;1m    621300[0m[34;1m   2722340[0m[34;22m         0[0m
14:01:54   [34;1m    130492[0m[34;1m     75088[0m[34;1m   2574836[0m[34;1m     64.35[0m[34;1m      3476[0m[34;1m   1077084[0m[34;1m   8144704[0m[31;1m    203.55[0m[34;1m    616236[0m[34;1m   2715836[0m[34;1m      1024[0m
14:01:55   [34;1m    115508[0m[34;1m     66292[0m[34;1m   2577676[0m[34;1m     64.42[0m[34;1m      3476[0m[34;1m   1089156[0m[34;1m   8144704[0m[31;1m    203.55[0m[34;1m    617700[0m[34;1m   2726940[0m[34;1m      2264[0m
14:01:56   [34;1m    114568[0m[34;1m     66912[0m[34;1m   2575488[0m[34;1m     64.36[0m[34;1m      3308[0m[34;1m   1092412[0m[34;1m   8144704[0m[31;1m    203.55[0m[34;1m    622328[0m[34;1m   2725796[0m[34;1m       444[0m
14:01:57   [34;1m    110440[0m[34;1m     66792[0m[34;1m   2571868[0m[34;1m     64.27[0m[34;1m      2480[0m[34;1m   1100996[0m[34;1m   8144704[0m[31;1m    203.55[0m[34;1m    621976[0m[34;1m   2731916[0m[34;1m       260[0m
14:01:58   [34;1m    116972[0m[34;1m     68536[0m[34;1m   2574432[0m[34;1m     64.34[0m[34;1m      3764[0m[34;1m   1090736[0m[34;1m   8144704[0m[31;1m    203.55[0m[34;1m    613456[0m[34;1m   2732616[0m[34;1m       596[0m
14:01:59   [34;1m    116980[0m[34;1m     68444[0m[34;1m   2574876[0m[34;1m     64.35[0m[34;1m      3548[0m[34;1m   1090508[0m[34;1m   8144704[0m[31;1m    203.55[0m[34;1m    612532[0m[34;1m   2733248[0m[34;1m      1836[0m
14:02:00   [34;1m    118968[0m[34;1m     70488[0m[34;1m   2572772[0m[34;1m     64.30[0m[34;1m      3104[0m[34;1m   1091052[0m[34;1m   8144704[0m[31;1m    203.55[0m[34;1m    617584[0m[34;1m   2722588[0m[34;1m      1076[0m
14:02:01   [34;1m    121980[0m[34;1m     71140[0m[34;1m   2574248[0m[34;1m     64.33[0m[34;1m      2944[0m[34;1m   1086744[0m[34;1m   8144704[0m[31;1m    203.55[0m[34;1m    617868[0m[34;1m   2721940[0m[34;1m      2312[0m
14:02:02   [34;1m    119368[0m[34;1m     69560[0m[34;1m   2574900[0m[34;1m     64.35[0m[34;1m      2608[0m[34;1m   1089076[0m[34;1m   8144704[0m[31;1m    203.55[0m[34;1m    616932[0m[34;1m   2725884[0m[34;1m       460[0m
14:02:03   [34;1m    111460[0m[34;1m     64436[0m[34;1m   2577228[0m[34;1m     64.41[0m[34;1m      2452[0m[34;1m   1094736[0m[34;1m   8144704[0m[31;1m    203.55[0m[34;1m    618140[0m[34;1m   2732004[0m[34;1m      1644[0m
14:02:04   [34;1m    114060[0m[34;1m     67468[0m[34;1m   2573736[0m[34;1m     64.32[0m[34;1m      2684[0m[34;1m   1095440[0m[34;1m   8144704[0m[31;1m    203.55[0m[34;1m    620468[0m[34;1m   2724632[0m[34;1m       732[0m
14:02:05   [34;1m    128332[0m[34;1m     75484[0m[34;1m   2572228[0m[34;1m     64.28[0m[34;1m      2916[0m[34;1m   1082416[0m[34;1m   8144704[0m[31;1m    203.55[0m[34;1m    619776[0m[34;1m   2714956[0m[34;1m      1640[0m
14:02:06   [34;1m    116888[0m[34;1m     67856[0m[34;1m   2576132[0m[34;1m     64.38[0m[34;1m      2900[0m[34;1m   1089988[0m[34;1m   8144704[0m[31;1m    203.55[0m[34;1m    621840[0m[34;1m   2723436[0m[34;1m        28[0m
14:02:07   [34;1m    125052[0m[34;1m     73608[0m[34;1m   2572608[0m[34;1m     64.29[0m[34;1m      2380[0m[34;1m   1085812[0m[34;1m   8144704[0m[31;1m    203.55[0m[34;1m    618204[0m[34;1m   2721120[0m[34;1m      1208[0m
14:02:08   [34;1m    125236[0m[34;1m     72296[0m[34;1m   2575272[0m[34;1m     64.36[0m[34;1m      2604[0m[34;1m   1082508[0m[34;1m   8144704[0m[31;1m    203.55[0m[34;1m    619220[0m[34;1m   2717684[0m[34;1m       684[0m
14:02:09   [34;1m    116668[0m[34;1m     66956[0m[34;1m   2577292[0m[34;1m     64.41[0m[34;1m      2748[0m[34;1m   1088904[0m[34;1m   8144704[0m[31;1m    203.55[0m[34;1m    620444[0m[34;1m   2724696[0m[34;1m      1660[0m
14:02:10   [34;1m    115948[0m[34;1m     68988[0m[34;1m   2572732[0m[34;1m     64.30[0m[34;1m      2776[0m[34;1m   1094140[0m[34;1m   8144704[0m[31;1m    203.55[0m[34;1m    621464[0m[34;1m   2725596[0m[34;1m      2984[0m
14:02:11   [34;1m    112976[0m[34;1m     66856[0m[34;1m   2573768[0m[34;1m     64.32[0m[34;1m      2564[0m[34;1m   1096220[0m[34;1m   8149424[0m[31;1m    203.66[0m[34;1m    620576[0m[34;1m   2729676[0m[34;1m       696[0m
14:02:12   [34;1m    114668[0m[34;1m     65896[0m[34;1m   2577632[0m[34;1m     64.42[0m[34;1m      2456[0m[34;1m   1091208[0m[34;1m   8149424[0m[31;1m    203.66[0m[34;1m    613888[0m[34;1m   2731572[0m[34;1m       484[0m
14:02:13   [34;1m    125124[0m[34;1m     71016[0m[34;1m   2577636[0m[34;1m     64.42[0m[34;1m      3220[0m[34;1m   1079960[0m[34;1m   8149424[0m[31;1m    203.66[0m[34;1m    612004[0m[34;1m   2725528[0m[34;1m       480[0m
14:02:14   [34;1m    117792[0m[34;1m     68128[0m[34;1m   2576120[0m[34;1m     64.38[0m[34;1m      2360[0m[34;1m   1089608[0m[34;1m   8144704[0m[31;1m    203.55[0m[34;1m    616752[0m[34;1m   2725320[0m[34;1m       564[0m
14:02:15   [34;1m    130820[0m[34;1m     77164[0m[34;1m   2570968[0m[34;1m     64.25[0m[34;1m      3372[0m[34;1m   1080748[0m[34;1m   8144704[0m[31;1m    203.55[0m[34;1m    616496[0m[34;1m   2717236[0m[34;22m         0[0m
14:02:16   [34;1m    118548[0m[34;1m     70152[0m[34;1m   2572728[0m[34;1m     64.30[0m[34;1m      3380[0m[34;1m   1091260[0m[34;1m   8144704[0m[31;1m    203.55[0m[34;1m    618324[0m[34;1m   2726264[0m[34;1m      1252[0m
14:02:17   [34;1m    114052[0m[34;1m     68260[0m[34;1m   2572088[0m[34;1m     64.28[0m[34;1m      3332[0m[34;1m   1096416[0m[34;1m   8144704[0m[31;1m    203.55[0m[34;1m    618292[0m[34;1m   2727348[0m[34;1m       396[0m
14:02:18   [34;1m    130448[0m[34;1m     77388[0m[34;1m   2569904[0m[34;1m     64.23[0m[34;1m      3248[0m[34;1m   1082272[0m[34;1m   8144704[0m[31;1m    203.55[0m[34;1m    619592[0m[34;1m   2714804[0m[34;1m       112[0m
14:02:19   [34;1m    112632[0m[34;1m     66156[0m[34;1m   2575092[0m[34;1m     64.35[0m[34;1m      3368[0m[34;1m   1094796[0m[34;1m   8144704[0m[31;1m    203.55[0m[34;1m    621400[0m[34;1m   2728176[0m[34;1m      1272[0m
14:02:20   [34;1m    114432[0m[34;1m     67580[0m[34;1m   2573816[0m[34;1m     64.32[0m[34;1m      3084[0m[34;1m   1094476[0m[34;1m   8144704[0m[31;1m    203.55[0m[34;1m    620320[0m[34;1m   2726380[0m[34;1m      2364[0m
14:02:22   [34;1m    112064[0m[34;1m     65940[0m[34;1m   2574716[0m[34;1m     64.35[0m[34;1m      2980[0m[34;1m   1095600[0m[34;1m   8144704[0m[31;1m    203.55[0m[34;1m    623200[0m[34;1m   2721688[0m[34;1m       648[0m
14:02:23   [34;1m    113944[0m[34;1m     65096[0m[34;1m   2578500[0m[34;1m     64.44[0m[34;1m      2664[0m[34;1m   1090656[0m[34;1m   8144704[0m[31;1m    203.55[0m[34;1m    623572[0m[34;1m   2723412[0m[34;1m      2084[0m
14:02:24   [34;1m    112816[0m[34;1m     66464[0m[34;1m   2574340[0m[34;1m     64.34[0m[34;1m      2580[0m[34;1m   1096040[0m[34;1m   8144704[0m[31;1m    203.55[0m[34;1m    619412[0m[34;1m   2727704[0m[34;1m      1008[0m
14:02:25   [34;1m    116584[0m[34;1m     69944[0m[34;1m   2571332[0m[34;1m     64.26[0m[34;1m      2368[0m[34;1m   1095552[0m[34;1m   8144704[0m[31;1m    203.55[0m[34;1m    620616[0m[34;1m   2725700[0m[34;1m      2192[0m
14:02:26   [34;1m    122244[0m[34;1m     71552[0m[34;1m   2573696[0m[34;1m     64.32[0m[34;1m      2824[0m[34;1m   1087036[0m[34;1m   8144704[0m[31;1m    203.55[0m[34;1m    621656[0m[34;1m   2717316[0m[34;1m       544[0m
14:02:27   [34;1m    119788[0m[34;1m     71500[0m[34;1m   2571248[0m[34;1m     64.26[0m[34;1m      2820[0m[34;1m   1091960[0m[34;1m   8144704[0m[31;1m    203.55[0m[34;1m    623096[0m[34;1m   2719636[0m[34;1m      1696[0m
14:02:28   [34;1m    128356[0m[34;1m     75060[0m[34;1m   2572632[0m[34;1m     64.29[0m[34;1m      2436[0m[34;1m   1082392[0m[34;1m   8185856[0m[31;1m    204.57[0m[34;1m    614900[0m[34;1m   2722224[0m[34;22m         0[0m
14:02:29   [34;1m    110980[0m[34;1m     67392[0m[34;1m   2570532[0m[34;1m     64.24[0m[34;1m      3792[0m[34;1m   1100528[0m[34;1m   8144704[0m[31;1m    203.55[0m[34;1m    617100[0m[34;1m   2736612[0m[34;1m       600[0m
14:02:30   [34;1m    112720[0m[34;1m     67068[0m[34;1m   2573132[0m[34;1m     64.31[0m[34;1m      3588[0m[34;1m   1096468[0m[34;1m   8144704[0m[31;1m    203.55[0m[34;1m    618980[0m[34;1m   2728444[0m[34;1m      1836[0m
14:02:31   [34;1m    121100[0m[34;1m     73260[0m[34;1m   2569472[0m[34;1m     64.21[0m[34;1m      2768[0m[34;1m   1092688[0m[34;1m   8144704[0m[31;1m    203.55[0m[34;1m    618348[0m[34;1m   2723056[0m[34;1m       940[0m
14:02:32   [34;1m    110896[0m[34;1m     64528[0m[34;1m   2576680[0m[34;1m     64.39[0m[34;1m      2608[0m[34;1m   1095760[0m[34;1m   8149424[0m[31;1m    203.66[0m[34;1m    619240[0m[34;1m   2731752[0m[34;1m      1940[0m
14:02:33   [34;1m    123812[0m[34;1m     70488[0m[34;1m   2577456[0m[34;1m     64.41[0m[34;1m      2400[0m[34;1m   1081972[0m[34;1m   8149424[0m[31;1m    203.66[0m[34;1m    612860[0m[34;1m   2724656[0m[34;1m       700[0m
14:02:34   [34;1m    125556[0m[34;1m     72592[0m[34;1m   2574876[0m[34;1m     64.35[0m[34;1m      2432[0m[34;1m   1082700[0m[34;1m   8149424[0m[31;1m    203.66[0m[34;1m    620344[0m[34;1m   2718008[0m[34;1m        40[0m
14:02:35   [34;1m    123072[0m[34;1m     70708[0m[34;1m   2576300[0m[34;1m     64.38[0m[34;1m      2436[0m[34;1m   1084016[0m[34;1m   8149424[0m[31;1m    203.66[0m[34;1m    619620[0m[34;1m   2720148[0m[34;1m      1400[0m
14:02:36   [34;1m    110588[0m[34;1m     64980[0m[34;1m   2575100[0m[34;1m     64.35[0m[34;1m      3336[0m[34;1m   1096800[0m[34;1m   8144704[0m[31;1m    203.55[0m[34;1m    622564[0m[34;1m   2725892[0m[34;1m      2452[0m
14:02:37   [34;1m    111728[0m[34;1m     66140[0m[34;1m   2574136[0m[34;1m     64.33[0m[34;1m      3336[0m[34;1m   1096584[0m[34;1m   8144704[0m[31;1m    203.55[0m[34;1m    624244[0m[34;1m   2725904[0m[34;1m      1092[0m
14:02:38   [34;1m    129980[0m[34;1m     74760[0m[34;1m   2575120[0m[34;1m     64.36[0m[34;1m      3144[0m[34;1m   1077592[0m[34;1m   8144704[0m[31;1m    203.55[0m[34;1m    618112[0m[34;1m   2715916[0m[34;1m       216[0m
14:02:39   [34;1m    115368[0m[34;1m     65764[0m[34;1m   2578380[0m[34;1m     64.44[0m[34;1m      3888[0m[34;1m   1088240[0m[34;1m   8144704[0m[31;1m    203.55[0m[34;1m    621200[0m[34;1m   2719736[0m[34;1m      1464[0m
14:02:40   [34;1m    120348[0m[34;1m     71140[0m[34;1m   2572560[0m[34;1m     64.29[0m[34;1m      3888[0m[34;1m   1088924[0m[34;1m   8144704[0m[31;1m    203.55[0m[34;1m    621396[0m[34;1m   2719836[0m[34;1m      2544[0m
14:02:41   [34;1m    111508[0m[34;1m     65500[0m[34;1m   2575424[0m[34;1m     64.36[0m[34;1m      3900[0m[34;1m   1094992[0m[34;1m   8144704[0m[31;1m    203.55[0m[34;1m    622240[0m[34;1m   2726848[0m[34;1m      3664[0m
14:02:42   [34;1m    114104[0m[34;1m     67040[0m[34;1m   2574768[0m[34;1m     64.35[0m[34;1m      3900[0m[34;1m   1092996[0m[34;1m   8144704[0m[31;1m    203.55[0m[34;1m    622004[0m[34;1m   2725956[0m[34;1m      4892[0m
14:02:43   [34;1m    119152[0m[34;1m     69668[0m[34;1m   2574320[0m[34;1m     64.34[0m[34;1m      3112[0m[34;1m   1087436[0m[34;1m   8144768[0m[31;1m    203.55[0m[34;1m    621328[0m[34;1m   2720400[0m[34;1m       984[0m
14:02:44   [34;1m    110768[0m[34;1m     63936[0m[34;1m   2577492[0m[34;1m     64.41[0m[34;1m      3336[0m[34;1m   1093660[0m[34;1m   8144768[0m[31;1m    203.55[0m[34;1m    624104[0m[34;1m   2725224[0m[34;1m      2244[0m
14:02:45   [34;1m    124868[0m[34;1m     72192[0m[34;1m   2575136[0m[34;1m     64.36[0m[34;1m      2676[0m[34;1m   1083216[0m[34;1m   8144768[0m[31;1m    203.55[0m[34;1m    617084[0m[34;1m   2720892[0m[34;1m      1136[0m
14:02:46   [34;1m    115304[0m[34;1m     67284[0m[34;1m   2575420[0m[34;1m     64.36[0m[34;1m      3444[0m[34;1m   1091768[0m[34;1m   8144768[0m[31;1m    203.55[0m[34;1m    617660[0m[34;1m   2730104[0m[34;1m       424[0m
14:02:47   [34;1m    118060[0m[34;1m     69500[0m[34;1m   2573256[0m[34;1m     64.31[0m[34;1m      3436[0m[34;1m   1091224[0m[34;1m   8144768[0m[31;1m    203.55[0m[34;1m    619088[0m[34;1m   2728464[0m[34;1m        68[0m
14:02:48   [34;1m    120168[0m[34;1m     70804[0m[34;1m   2572968[0m[34;1m     64.30[0m[34;1m      4368[0m[34;1m   1088424[0m[34;1m   8144768[0m[31;1m    203.55[0m[34;1m    620128[0m[34;1m   2722372[0m[34;1m       524[0m
14:02:49   [34;1m    128356[0m[34;1m     75108[0m[34;1m   2572712[0m[34;1m     64.30[0m[34;1m      3864[0m[34;1m   1081044[0m[34;1m   8144768[0m[31;1m    203.55[0m[34;1m    617212[0m[34;1m   2718028[0m[34;1m       736[0m
14:02:50   [34;1m    113244[0m[34;1m     66088[0m[34;1m   2575908[0m[34;1m     64.38[0m[34;1m      3864[0m[34;1m   1092976[0m[34;1m   8144768[0m[31;1m    203.55[0m[34;1m    618536[0m[34;1m   2730472[0m[34;1m      1816[0m
14:02:51   [34;1m    115892[0m[34;1m     66408[0m[34;1m   2577696[0m[34;1m     64.42[0m[34;1m      3124[0m[34;1m   1089252[0m[34;1m   8144768[0m[31;1m    203.55[0m[34;1m    618868[0m[34;1m   2726488[0m[34;1m      3052[0m
14:02:52   [34;1m    122764[0m[34;1m     71992[0m[34;1m   2573556[0m[34;1m     64.32[0m[34;1m      3112[0m[34;1m   1086060[0m[34;1m   8157680[0m[31;1m    203.87[0m[34;1m    617572[0m[34;1m   2721028[0m[34;1m       768[0m
14:02:53   [34;1m    110772[0m[34;1m     63260[0m[34;1m   2579016[0m[34;1m     64.45[0m[34;1m      3120[0m[34;1m   1092556[0m[34;1m   8157680[0m[31;1m    203.87[0m[34;1m    618900[0m[34;1m   2728840[0m[34;1m      1816[0m
14:02:54   [34;1m    126692[0m[34;1m     73276[0m[34;1m   2574748[0m[34;1m     64.35[0m[34;1m      2716[0m[34;1m   1081440[0m[34;1m   8157744[0m[31;1m    203.87[0m[34;1m    617424[0m[34;1m   2721148[0m[34;1m      3004[0m
14:02:55   [34;1m    125508[0m[34;1m     74700[0m[34;1m   2570776[0m[34;1m     64.25[0m[34;1m      2652[0m[34;1m   1087092[0m[34;1m   8153024[0m[31;1m    203.75[0m[34;1m    614440[0m[34;1m   2724152[0m[34;1m       632[0m
14:02:56   [34;1m    122944[0m[34;1m     70884[0m[34;1m   2576040[0m[34;1m     64.38[0m[34;1m      2852[0m[34;1m   1084196[0m[34;1m   8153024[0m[31;1m    203.75[0m[34;1m    614128[0m[34;1m   2726816[0m[34;1m       312[0m
14:02:57   [34;1m    117220[0m[34;1m     68476[0m[34;1m   2574828[0m[34;1m     64.35[0m[34;1m      2852[0m[34;1m   1091124[0m[34;1m   8153024[0m[31;1m    203.75[0m[34;1m    613932[0m[34;1m   2730184[0m[34;1m      1404[0m
14:02:58   [34;1m    118388[0m[34;1m     72264[0m[34;1m   2568280[0m[34;1m     64.18[0m[34;1m      3216[0m[34;1m   1096160[0m[34;1m   8153024[0m[31;1m    203.75[0m[34;1m    619740[0m[34;1m   2727088[0m[34;1m       700[0m
14:02:59   [34;1m    121076[0m[34;1m     70800[0m[34;1m   2574112[0m[34;1m     64.33[0m[34;1m      3692[0m[34;1m   1087160[0m[34;1m   8153024[0m[31;1m    203.75[0m[34;1m    620048[0m[34;1m   2721440[0m[34;1m       764[0m
14:03:00   [34;1m    118168[0m[34;1m     68728[0m[34;1m   2575060[0m[34;1m     64.35[0m[34;1m      3500[0m[34;1m   1089316[0m[34;1m   8153024[0m[31;1m    203.75[0m[34;1m    619960[0m[34;1m   2726060[0m[34;1m      2008[0m
14:03:01   [34;1m    117216[0m[34;1m     67668[0m[34;1m   2576604[0m[34;1m     64.39[0m[34;1m      3468[0m[34;1m   1088708[0m[34;1m   8153024[0m[31;1m    203.75[0m[34;1m    619144[0m[34;1m   2726584[0m[34;1m       888[0m
14:03:02   [34;1m    138208[0m[34;1m     81732[0m[34;1m   2569380[0m[34;1m     64.21[0m[34;1m      3396[0m[34;1m   1075004[0m[34;1m   8153024[0m[31;1m    203.75[0m[34;1m    616456[0m[34;1m   2709740[0m[34;1m      1988[0m
14:03:03   [34;1m    114232[0m[34;1m     67132[0m[34;1m   2574700[0m[34;1m     64.34[0m[34;1m      3464[0m[34;1m   1093460[0m[34;1m   8153024[0m[31;1m    203.75[0m[34;1m    619296[0m[34;1m   2727544[0m[34;1m      3304[0m
14:03:04   [34;1m    115320[0m[34;1m     68760[0m[34;1m   2572588[0m[34;1m     64.29[0m[34;1m      3200[0m[34;1m   1094788[0m[34;1m   8153024[0m[31;1m    203.75[0m[34;1m    620684[0m[34;1m   2728560[0m[34;1m       692[0m
14:03:05   [34;1m    113564[0m[34;1m     66436[0m[34;1m   2575048[0m[34;1m     64.35[0m[34;1m      2516[0m[34;1m   1094660[0m[34;1m   8153024[0m[31;1m    203.75[0m[34;1m    618428[0m[34;1m   2730872[0m[34;1m      1696[0m
14:03:06   [34;1m    123776[0m[34;1m     71704[0m[34;1m   2574968[0m[34;1m     64.35[0m[34;1m      2368[0m[34;1m   1084748[0m[34;1m   8153024[0m[31;1m    203.75[0m[34;1m    615792[0m[34;1m   2723836[0m[34;1m       612[0m
14:03:07   [34;1m    118800[0m[34;1m     69468[0m[34;1m   2574500[0m[34;1m     64.34[0m[34;1m      2672[0m[34;1m   1089992[0m[34;1m   8153024[0m[31;1m    203.75[0m[34;1m    616744[0m[34;1m   2728744[0m[34;1m       940[0m
14:03:08   [34;1m    116564[0m[34;1m     70136[0m[34;1m   2570740[0m[34;1m     64.25[0m[34;1m      2592[0m[34;1m   1096044[0m[34;1m   8153024[0m[31;1m    203.75[0m[34;1m    619240[0m[34;1m   2728664[0m[34;1m       220[0m
14:03:09   [34;1m    124220[0m[34;1m     71696[0m[34;1m   2575300[0m[34;1m     64.36[0m[34;1m      2888[0m[34;1m   1083548[0m[34;1m   8153024[0m[31;1m    203.75[0m[34;1m    617752[0m[34;1m   2721184[0m[34;1m       428[0m
14:03:10   [34;1m    114840[0m[34;1m     64796[0m[34;1m   2579948[0m[34;1m     64.48[0m[34;1m      2888[0m[34;1m   1088300[0m[34;1m   8153024[0m[31;1m    203.75[0m[34;1m    618268[0m[34;1m   2726556[0m[34;1m      1484[0m
14:03:11   [34;1m    113080[0m[34;1m     66360[0m[34;1m   2574852[0m[34;1m     64.35[0m[34;1m      2548[0m[34;1m   1095532[0m[34;1m   8153024[0m[31;1m    203.75[0m[34;1m    617612[0m[34;1m   2732188[0m[34;22m         0[0m
14:03:12   [34;1m    129228[0m[34;1m     75204[0m[34;1m   2573228[0m[34;1m     64.31[0m[34;1m      2444[0m[34;1m   1081052[0m[34;1m   8157744[0m[31;1m    203.87[0m[34;1m    615056[0m[34;1m   2718224[0m[34;1m       952[0m
14:03:13   [34;1m    128464[0m[34;1m     74780[0m[34;1m   2573352[0m[34;1m     64.31[0m[34;1m      2396[0m[34;1m   1081828[0m[34;1m   8157744[0m[31;1m    203.87[0m[34;1m    614848[0m[34;1m   2720248[0m[34;1m       704[0m
14:03:14   [34;1m    120888[0m[34;1m     68324[0m[34;1m   2578724[0m[34;1m     64.45[0m[34;1m      3188[0m[34;1m   1083268[0m[34;1m   8157744[0m[31;1m    203.87[0m[34;1m    615628[0m[34;1m   2725496[0m[34;1m       744[0m
14:03:15   [34;1m    118424[0m[34;1m     67044[0m[34;1m   2578856[0m[34;1m     64.45[0m[34;1m      3108[0m[34;1m   1085656[0m[34;1m   8157744[0m[31;1m    203.87[0m[34;1m    615500[0m[34;1m   2729072[0m[34;1m       952[0m
14:03:16   [34;1m    116076[0m[34;1m     67524[0m[34;1m   2575612[0m[34;1m     64.37[0m[34;1m      2588[0m[34;1m   1091740[0m[34;1m   8153024[0m[31;1m    203.75[0m[34;1m    619936[0m[34;1m   2723992[0m[34;1m       548[0m
14:03:17   [34;1m    119584[0m[34;1m     68652[0m[34;1m   2576956[0m[34;1m     64.40[0m[34;1m      3448[0m[34;1m   1086004[0m[34;1m   8153024[0m[31;1m    203.75[0m[34;1m    620056[0m[34;1m   2723008[0m[34;1m       452[0m
14:03:18   [34;1m    119544[0m[34;1m     70032[0m[34;1m   2573928[0m[34;1m     64.33[0m[34;1m      3412[0m[34;1m   1089064[0m[34;1m   8153024[0m[31;1m    203.75[0m[34;1m    618508[0m[34;1m   2724032[0m[34;1m      1540[0m
14:03:19   [34;1m    129248[0m[34;1m     74580[0m[34;1m   2574668[0m[34;1m     64.34[0m[34;1m      3812[0m[34;1m   1078308[0m[34;1m   8153024[0m[31;1m    203.75[0m[34;1m    618908[0m[34;1m   2715540[0m[34;1m       788[0m
14:03:20   [34;1m    115592[0m[34;1m     65936[0m[34;1m   2578108[0m[34;1m     64.43[0m[34;1m      3812[0m[34;1m   1088480[0m[34;1m   8153024[0m[31;1m    203.75[0m[34;1m    619308[0m[34;1m   2725048[0m[34;1m      1632[0m
14:03:21   [34;1m    123608[0m[34;1m     70436[0m[34;1m   2577368[0m[34;1m     64.41[0m[34;1m      3148[0m[34;1m   1081832[0m[34;1m   8153024[0m[31;1m    203.75[0m[34;1m    615100[0m[34;1m   2724976[0m[34;1m       740[0m
14:03:22   [34;1m    111272[0m[34;1m     62300[0m[34;1m   2581344[0m[34;1m     64.51[0m[34;1m      3148[0m[34;1m   1089948[0m[34;1m   8153024[0m[31;1m    203.75[0m[34;1m    616176[0m[34;1m   2725896[0m[34;1m      1780[0m
14:03:23   [34;1m    120100[0m[34;1m     70864[0m[34;1m   2573148[0m[34;1m     64.31[0m[34;1m      2512[0m[34;1m   1090032[0m[34;1m   8153280[0m[31;1m    203.76[0m[34;1m    620156[0m[34;1m   2724280[0m[34;1m      3196[0m
14:03:24   [34;1m    121016[0m[34;1m     69980[0m[34;1m   2575484[0m[34;1m     64.36[0m[34;1m      2568[0m[34;1m   1086696[0m[34;1m   8153280[0m[31;1m    203.76[0m[34;1m    615984[0m[34;1m   2725984[0m[34;1m       740[0m
14:03:25   [34;1m    115560[0m[34;1m     68292[0m[34;1m   2573708[0m[34;1m     64.32[0m[34;1m      2388[0m[34;1m   1094276[0m[34;1m   8153280[0m[31;1m    203.76[0m[34;1m    618108[0m[34;1m   2728704[0m[34;1m       272[0m
14:03:26   [34;1m    125300[0m[34;1m     76448[0m[34;1m   2568276[0m[34;1m     64.18[0m[34;1m      2384[0m[34;1m   1090884[0m[34;1m   8107844[0m[31;1m    202.63[0m[34;1m    618620[0m[34;1m   2699420[0m[34;1m      1112[0m
