Linux 6.6.95 (minikube) 	04/17/26 	_x86_64_	(4 CPU)

13:58:25        CPU     %user     %nice   %system   %iowait    %steal     %idle
13:58:26   [32;22m     all[0m[34;1m      4.86[0m[34;22m      0.00[0m[34;1m      5.63[0m[34;22m      0.00[0m[34;22m      0.00[0m[34;1m     89.51[0m
13:58:27   [32;22m     all[0m[34;1m      5.96[0m[34;22m      0.00[0m[34;1m      9.33[0m[34;22m      0.00[0m[34;22m      0.00[0m[34;1m     84.72[0m
13:58:28   [32;22m     all[0m[34;1m      8.53[0m[34;22m      0.00[0m[34;1m      8.79[0m[34;22m      0.00[0m[34;22m      0.00[0m[34;1m     82.69[0m
13:58:29   [32;22m     all[0m[34;1m      7.12[0m[34;22m      0.00[0m[34;1m      8.71[0m[34;22m      0.00[0m[34;22m      0.00[0m[34;1m     84.17[0m
13:58:30   [32;22m     all[0m[34;1m      9.45[0m[34;22m      0.00[0m[34;1m     12.34[0m[34;22m      0.00[0m[34;22m      0.00[0m[34;1m     78.22[0m
13:58:31   [32;22m     all[0m[34;1m      8.40[0m[34;22m      0.00[0m[34;1m     12.34[0m[34;22m      0.00[0m[34;22m      0.00[0m[34;1m     79.27[0m
13:58:32   [32;22m     all[0m[34;1m      8.60[0m[34;22m      0.00[0m[34;1m     12.37[0m[34;22m      0.00[0m[34;22m      0.00[0m[34;1m     79.03[0m
13:58:33   [32;22m     all[0m[34;1m     10.24[0m[34;22m      0.00[0m[34;1m     15.09[0m[34;22m      0.00[0m[34;22m      0.00[0m[34;1m     74.66[0m
13:58:34   [32;22m     all[0m[34;1m     10.19[0m[34;22m      0.00[0m[34;1m     16.35[0m[34;22m      0.00[0m[34;22m      0.00[0m[34;1m     73.46[0m
13:58:35   [32;22m     all[0m[34;1m     11.57[0m[34;22m      0.00[0m[34;1m     17.36[0m[34;22m      0.00[0m[34;22m      0.00[0m[34;1m     71.07[0m
13:58:36   [32;22m     all[0m[34;1m     11.62[0m[34;22m      0.00[0m[34;1m     18.38[0m[34;22m      0.00[0m[34;22m      0.00[0m[34;1m     70.00[0m
13:58:37   [32;22m     all[0m[34;1m     13.86[0m[34;22m      0.00[0m[34;1m     20.11[0m[34;22m      0.00[0m[34;22m      0.00[0m[34;1m     66.03[0m
13:58:38   [32;22m     all[0m[34;1m     13.97[0m[34;22m      0.00[0m[34;1m     20.27[0m[34;22m      0.00[0m[34;22m      0.00[0m[34;1m     65.75[0m
13:58:39   [32;22m     all[0m[34;1m     12.84[0m[34;22m      0.00[0m[34;1m     20.77[0m[34;22m      0.00[0m[34;22m      0.00[0m[34;1m     66.39[0m
13:58:40   [32;22m     all[0m[34;1m     15.07[0m[34;22m      0.00[0m[34;1m     22.47[0m[34;22m      0.00[0m[34;22m      0.00[0m[34;1m     62.47[0m
13:58:41   [32;22m     all[0m[34;1m     15.93[0m[34;22m      0.00[0m[34;1m     24.73[0m[34;22m      0.00[0m[34;22m      0.00[0m[34;1m     59.34[0m
13:58:42   [32;22m     all[0m[34;1m     16.02[0m[34;22m      0.00[0m[34;1m     23.20[0m[34;22m      0.00[0m[34;22m      0.00[0m[34;1m     60.77[0m
13:58:43   [32;22m     all[0m[34;1m     18.33[0m[34;22m      0.00[0m[34;1m     27.22[0m[34;22m      0.00[0m[34;22m      0.00[0m[34;1m     54.44[0m
13:58:44   [32;22m     all[0m[34;1m     18.36[0m[34;22m      0.00[0m[34;1m     30.14[0m[34;22m      0.00[0m[34;22m      0.00[0m[34;1m     51.51[0m
13:58:45   [32;22m     all[0m[34;1m     16.43[0m[34;22m      0.00[0m[34;1m     25.07[0m[34;22m      0.00[0m[34;22m      0.00[0m[34;1m     58.50[0m
13:58:46   [32;22m     all[0m[34;1m     17.49[0m[34;22m      0.00[0m[34;1m     28.14[0m[34;22m      0.00[0m[34;22m      0.00[0m[34;1m     54.37[0m
13:58:47   [32;22m     all[0m[34;1m     21.17[0m[34;22m      0.00[0m[34;1m     29.81[0m[34;22m      0.00[0m[34;22m      0.00[0m[34;1m     49.03[0m
13:58:48   [32;22m     all[0m[34;1m     20.05[0m[34;22m      0.00[0m[34;1m     29.40[0m[34;22m      0.00[0m[34;22m      0.00[0m[34;1m     50.55[0m
13:58:49   [32;22m     all[0m[34;1m     20.00[0m[34;22m      0.00[0m[34;1m     31.67[0m[34;22m      0.00[0m[34;22m      0.00[0m[34;1m     48.33[0m
13:58:50   [32;22m     all[0m[34;1m     18.73[0m[34;22m      0.00[0m[34;1m     31.13[0m[34;22m      0.00[0m[34;22m      0.00[0m[34;1m     50.14[0m
13:58:51   [32;22m     all[0m[34;1m     19.73[0m[34;22m      0.00[0m[34;1m     33.42[0m[34;22m      0.00[0m[34;22m      0.00[0m[34;1m     46.85[0m
13:58:52   [32;22m     all[0m[34;1m     22.28[0m[34;22m      0.00[0m[34;1m     35.93[0m[34;22m      0.00[0m[34;22m      0.00[0m[34;1m     41.78[0m
13:58:53   [32;22m     all[0m[34;1m     23.12[0m[34;22m      0.00[0m[34;1m     32.59[0m[34;22m      0.00[0m[34;22m      0.00[0m[34;1m     44.29[0m
13:58:54   [32;22m     all[0m[34;1m     24.31[0m[34;22m      0.00[0m[34;1m     37.29[0m[34;22m      0.00[0m[34;22m      0.00[0m[34;1m     38.40[0m
13:58:55   [32;22m     all[0m[34;1m     24.43[0m[34;22m      0.00[0m[34;1m     37.78[0m[34;22m      0.00[0m[34;22m      0.00[0m[34;1m     37.78[0m
13:58:56   [32;22m     all[0m[34;1m     21.31[0m[34;22m      0.00[0m[34;1m     34.09[0m[34;1m      0.57[0m[34;22m      0.00[0m[34;1m     44.03[0m
13:58:57   [32;22m     all[0m[34;1m     21.59[0m[34;22m      0.00[0m[34;1m     32.67[0m[34;1m      0.28[0m[34;22m      0.00[0m[34;1m     45.45[0m
13:58:58   [32;22m     all[0m[34;1m     21.14[0m[34;22m      0.00[0m[34;1m     32.57[0m[34;22m      0.00[0m[34;22m      0.00[0m[34;1m     46.29[0m
13:58:59   [32;22m     all[0m[34;1m     21.43[0m[34;22m      0.00[0m[34;1m     32.86[0m[34;22m      0.00[0m[34;22m      0.00[0m[34;1m     45.71[0m
13:59:00   [32;22m     all[0m[34;1m     25.65[0m[34;22m      0.00[0m[34;1m     36.31[0m[34;22m      0.00[0m[34;22m      0.00[0m[34;1m     38.04[0m
13:59:01   [32;22m     all[0m[34;1m     23.45[0m[34;22m      0.00[0m[34;1m     37.29[0m[34;22m      0.00[0m[34;22m      0.00[0m[34;1m     39.27[0m
13:59:02   [32;22m     all[0m[34;1m     19.88[0m[34;22m      0.00[0m[34;1m     32.56[0m[34;22m      0.00[0m[34;22m      0.00[0m[34;1m     47.55[0m
13:59:03   [32;22m     all[0m[34;1m     18.29[0m[34;22m      0.00[0m[34;1m     31.43[0m[34;22m      0.00[0m[34;22m      0.00[0m[34;1m     50.29[0m
13:59:04   [32;22m     all[0m[34;1m     21.26[0m[34;22m      0.00[0m[34;1m     32.76[0m[34;22m      0.00[0m[34;22m      0.00[0m[34;1m     45.98[0m
13:59:05   [32;22m     all[0m[34;1m     22.75[0m[34;22m      0.00[0m[34;1m     33.99[0m[34;22m      0.00[0m[34;22m      0.00[0m[34;1m     43.26[0m
13:59:06   [32;22m     all[0m[34;1m     21.14[0m[34;22m      0.00[0m[34;1m     33.14[0m[34;22m      0.00[0m[34;22m      0.00[0m[34;1m     45.71[0m
13:59:07   [32;22m     all[0m[34;1m     19.48[0m[34;22m      0.00[0m[34;1m     32.66[0m[34;1m      1.15[0m[34;22m      0.00[0m[34;1m     46.70[0m
13:59:08   [32;22m     all[0m[34;1m     18.54[0m[34;22m      0.00[0m[34;1m     32.58[0m[34;22m      0.00[0m[34;22m      0.00[0m[34;1m     48.88[0m
13:59:09   [32;22m     all[0m[34;1m     18.41[0m[34;22m      0.00[0m[34;1m     30.88[0m[34;22m      0.00[0m[34;22m      0.00[0m[34;1m     50.71[0m
13:59:10   [32;22m     all[0m[34;1m     19.77[0m[34;22m      0.00[0m[34;1m     29.38[0m[34;22m      0.00[0m[34;22m      0.00[0m[34;1m     50.85[0m
13:59:11   [32;22m     all[0m[34;1m     19.38[0m[34;22m      0.00[0m[34;1m     33.99[0m[34;1m      0.28[0m[34;22m      0.00[0m[34;1m     46.35[0m
13:59:12   [32;22m     all[0m[34;1m     18.23[0m[34;22m      0.00[0m[34;1m     30.77[0m[34;22m      0.00[0m[34;22m      0.00[0m[34;1m     51.00[0m
13:59:13   [32;22m     all[0m[34;1m     19.32[0m[34;22m      0.00[0m[34;1m     31.25[0m[34;1m      0.28[0m[34;22m      0.00[0m[34;1m     49.15[0m
13:59:14   [32;22m     all[0m[34;1m     18.21[0m[34;22m      0.00[0m[34;1m     30.92[0m[34;22m      0.00[0m[34;22m      0.00[0m[34;1m     50.87[0m
13:59:15   [32;22m     all[0m[34;1m     21.33[0m[34;22m      0.00[0m[34;1m     35.45[0m[34;22m      0.00[0m[34;22m      0.00[0m[34;1m     43.23[0m
13:59:16   [32;22m     all[0m[34;1m     20.68[0m[34;22m      0.00[0m[34;1m     31.44[0m[34;22m      0.00[0m[34;22m      0.00[0m[34;1m     47.88[0m
13:59:17   [32;22m     all[0m[34;1m     20.80[0m[34;22m      0.00[0m[34;1m     30.77[0m[34;22m      0.00[0m[34;22m      0.00[0m[34;1m     48.43[0m
13:59:18   [32;22m     all[0m[34;1m     20.06[0m[34;22m      0.00[0m[34;1m     35.53[0m[34;1m      0.57[0m[34;22m      0.00[0m[34;1m     43.84[0m
13:59:19   [32;22m     all[0m[34;1m     21.55[0m[34;22m      0.00[0m[34;1m     34.48[0m[34;22m      0.00[0m[34;22m      0.00[0m[34;1m     43.97[0m
13:59:20   [32;22m     all[0m[34;1m     20.23[0m[34;22m      0.00[0m[34;1m     33.33[0m[34;1m      0.57[0m[34;22m      0.00[0m[34;1m     45.87[0m
13:59:21   [32;22m     all[0m[34;1m     21.84[0m[34;22m      0.00[0m[34;1m     35.63[0m[34;1m      0.29[0m[34;22m      0.00[0m[34;1m     42.24[0m
13:59:22   [32;22m     all[0m[34;1m     21.31[0m[34;22m      0.00[0m[34;1m     34.09[0m[34;22m      0.00[0m[34;22m      0.00[0m[34;1m     44.60[0m
13:59:23   [32;22m     all[0m[34;1m     24.57[0m[34;22m      0.00[0m[34;1m     35.84[0m[34;22m      0.00[0m[34;22m      0.00[0m[34;1m     39.60[0m
13:59:24   [32;22m     all[0m[34;1m     22.06[0m[34;22m      0.00[0m[34;1m     33.81[0m[34;22m      0.00[0m[34;22m      0.00[0m[34;1m     44.13[0m
13:59:25   [32;22m     all[0m[34;1m     20.51[0m[34;22m      0.00[0m[34;1m     31.62[0m[34;22m      0.00[0m[34;22m      0.00[0m[34;1m     47.86[0m
13:59:26   [32;22m     all[0m[34;1m     22.38[0m[34;22m      0.00[0m[34;1m     36.26[0m[34;22m      0.00[0m[34;22m      0.00[0m[34;1m     41.36[0m
13:59:27   [32;22m     all[0m[34;1m     19.14[0m[34;22m      0.00[0m[34;1m     29.43[0m[34;1m      0.29[0m[34;22m      0.00[0m[34;1m     51.14[0m
13:59:28   [32;22m     all[0m[34;1m     19.89[0m[34;22m      0.00[0m[34;1m     33.24[0m[34;1m      0.57[0m[34;22m      0.00[0m[34;1m     46.31[0m
13:59:29   [32;22m     all[0m[34;1m     22.29[0m[34;22m      0.00[0m[34;1m     36.29[0m[34;22m      0.00[0m[34;22m      0.00[0m[34;1m     41.43[0m
13:59:30   [32;22m     all[0m[34;1m     20.63[0m[34;22m      0.00[0m[34;1m     32.95[0m[34;22m      0.00[0m[34;22m      0.00[0m[34;1m     46.42[0m
13:59:31   [32;22m     all[0m[34;1m     18.10[0m[34;22m      0.00[0m[34;1m     30.75[0m[34;22m      0.00[0m[34;22m      0.00[0m[34;1m     51.15[0m
13:59:32   [32;22m     all[0m[34;1m     16.24[0m[34;22m      0.00[0m[34;1m     30.77[0m[34;22m      0.00[0m[34;22m      0.00[0m[34;1m     52.99[0m
13:59:33   [32;22m     all[0m[34;1m     23.31[0m[34;22m      0.00[0m[34;1m     32.58[0m[34;22m      0.00[0m[34;22m      0.00[0m[34;1m     44.10[0m
13:59:34   [32;22m     all[0m[34;1m     20.68[0m[34;22m      0.00[0m[34;1m     33.43[0m[34;1m      0.28[0m[34;22m      0.00[0m[34;1m     45.61[0m
13:59:35   [32;22m     all[0m[34;1m     20.00[0m[34;22m      0.00[0m[34;1m     34.86[0m[34;22m      0.00[0m[34;22m      0.00[0m[34;1m     45.14[0m
13:59:36   [32;22m     all[0m[34;1m     22.03[0m[34;22m      0.00[0m[34;1m     36.16[0m[34;22m      0.00[0m[34;22m      0.00[0m[34;1m     41.81[0m
13:59:37   [32;22m     all[0m[34;1m     20.34[0m[34;22m      0.00[0m[34;1m     30.66[0m[34;22m      0.00[0m[34;22m      0.00[0m[34;1m     49.00[0m
13:59:38   [32;22m     all[0m[34;1m     22.73[0m[34;22m      0.00[0m[34;1m     33.81[0m[34;1m      0.57[0m[34;22m      0.00[0m[34;1m     42.90[0m
13:59:39   [32;22m     all[0m[34;1m     19.71[0m[34;22m      0.00[0m[34;1m     30.86[0m[34;22m      0.00[0m[34;22m      0.00[0m[34;1m     49.43[0m
13:59:40   [32;22m     all[0m[34;1m     19.09[0m[34;22m      0.00[0m[34;1m     32.48[0m[34;1m      0.28[0m[34;22m      0.00[0m[34;1m     48.15[0m
13:59:41   [32;22m     all[0m[34;1m     25.00[0m[34;22m      0.00[0m[34;1m     34.66[0m[34;22m      0.00[0m[34;22m      0.00[0m[34;1m     40.34[0m
13:59:42   [32;22m     all[0m[34;1m     20.29[0m[34;22m      0.00[0m[34;1m     33.43[0m[34;22m      0.00[0m[34;22m      0.00[0m[34;1m     46.29[0m
13:59:43   [32;22m     all[0m[34;1m     21.37[0m[34;22m      0.00[0m[34;1m     36.47[0m[34;22m      0.00[0m[34;22m      0.00[0m[34;1m     42.17[0m
13:59:44   [32;22m     all[0m[34;1m     19.14[0m[34;22m      0.00[0m[34;1m     31.71[0m[34;1m      0.29[0m[34;22m      0.00[0m[34;1m     48.86[0m
13:59:45   [32;22m     all[0m[34;1m     16.62[0m[34;22m      0.00[0m[34;1m     27.79[0m[34;22m      0.00[0m[34;22m      0.00[0m[34;1m     55.59[0m
13:59:46   [32;22m     all[0m[34;1m     20.68[0m[34;22m      0.00[0m[34;1m     37.96[0m[34;22m      0.00[0m[34;22m      0.00[0m[34;1m     41.36[0m
13:59:47   [32;22m     all[0m[34;1m     21.05[0m[34;22m      0.00[0m[34;1m     30.47[0m[34;1m      0.28[0m[34;22m      0.00[0m[34;1m     48.20[0m
13:59:48   [32;22m     all[0m[34;1m     20.58[0m[34;22m      0.00[0m[34;1m     34.49[0m[34;22m      0.00[0m[34;22m      0.00[0m[34;1m     44.93[0m
13:59:49   [32;22m     all[0m[34;1m     21.84[0m[34;22m      0.00[0m[34;1m     35.34[0m[34;22m      0.00[0m[34;22m      0.00[0m[34;1m     42.82[0m
13:59:50   [32;22m     all[0m[34;1m     21.55[0m[34;22m      0.00[0m[34;1m     32.76[0m[34;22m      0.00[0m[34;22m      0.00[0m[34;1m     45.69[0m
13:59:51   [32;22m     all[0m[34;1m     22.22[0m[34;22m      0.00[0m[34;1m     35.04[0m[34;22m      0.00[0m[34;22m      0.00[0m[34;1m     42.74[0m
13:59:52   [32;22m     all[0m[34;1m     22.54[0m[34;22m      0.00[0m[34;1m     34.68[0m[34;1m      0.29[0m[34;22m      0.00[0m[34;1m     42.49[0m
13:59:53   [32;22m     all[0m[34;1m     25.63[0m[34;22m      0.00[0m[34;1m     40.28[0m[34;22m      0.00[0m[34;22m      0.00[0m[34;1m     34.08[0m
13:59:54   [32;22m     all[0m[34;1m     19.02[0m[34;22m      0.00[0m[34;1m     30.84[0m[34;1m      0.29[0m[34;22m      0.00[0m[34;1m     49.86[0m
13:59:55   [32;22m     all[0m[34;1m     17.43[0m[34;22m      0.00[0m[34;1m     32.86[0m[34;22m      0.00[0m[34;22m      0.00[0m[34;1m     49.71[0m
13:59:56   [32;22m     all[0m[34;1m     21.20[0m[34;22m      0.00[0m[34;1m     33.81[0m[34;22m      0.00[0m[34;22m      0.00[0m[34;1m     44.99[0m
13:59:57   [32;22m     all[0m[34;1m     20.17[0m[34;22m      0.00[0m[34;1m     32.39[0m[34;1m      0.28[0m[34;22m      0.00[0m[34;1m     47.16[0m
13:59:58   [32;22m     all[0m[34;1m     19.48[0m[34;22m      0.00[0m[34;1m     31.52[0m[34;1m      0.29[0m[34;22m      0.00[0m[34;1m     48.71[0m
13:59:59   [32;22m     all[0m[34;1m     19.21[0m[34;22m      0.00[0m[34;1m     32.49[0m[34;22m      0.00[0m[34;22m      0.00[0m[34;1m     48.31[0m
14:00:00   [32;22m     all[0m[34;1m     19.66[0m[34;22m      0.00[0m[34;1m     31.05[0m[34;22m      0.00[0m[34;22m      0.00[0m[34;1m     49.29[0m
14:00:01   [32;22m     all[0m[34;1m     20.34[0m[34;22m      0.00[0m[34;1m     32.95[0m[34;22m      0.00[0m[34;22m      0.00[0m[34;1m     46.70[0m
14:00:02   [32;22m     all[0m[34;1m     22.75[0m[34;22m      0.00[0m[34;1m     36.52[0m[34;22m      0.00[0m[34;22m      0.00[0m[34;1m     40.73[0m
14:00:03   [32;22m     all[0m[34;1m     23.71[0m[34;22m      0.00[0m[34;1m     32.86[0m[34;1m      0.29[0m[34;22m      0.00[0m[34;1m     43.14[0m
14:00:04   [32;22m     all[0m[34;1m     20.51[0m[34;22m      0.00[0m[34;1m     33.90[0m[34;22m      0.00[0m[34;22m      0.00[0m[34;1m     45.58[0m
14:00:05   [32;22m     all[0m[34;1m     20.06[0m[34;22m      0.00[0m[34;1m     33.52[0m[34;22m      0.00[0m[34;22m      0.00[0m[34;1m     46.42[0m
14:00:06   [32;22m     all[0m[34;1m     21.71[0m[34;22m      0.00[0m[34;1m     30.86[0m[34;22m      0.00[0m[34;22m      0.00[0m[34;1m     47.43[0m
14:00:07   [32;22m     all[0m[34;1m     17.19[0m[34;22m      0.00[0m[34;1m     29.51[0m[34;22m      0.00[0m[34;22m      0.00[0m[34;1m     53.30[0m
14:00:08   [32;22m     all[0m[34;1m     19.44[0m[34;22m      0.00[0m[34;1m     30.70[0m[34;1m      0.28[0m[34;22m      0.00[0m[34;1m     49.58[0m
14:00:09   [32;22m     all[0m[34;1m     21.37[0m[34;22m      0.00[0m[34;1m     33.05[0m[34;1m      0.28[0m[34;22m      0.00[0m[34;1m     45.30[0m
14:00:10   [32;22m     all[0m[34;1m     18.39[0m[34;22m      0.00[0m[34;1m     31.03[0m[34;22m      0.00[0m[34;22m      0.00[0m[34;1m     50.57[0m
14:00:11   [32;22m     all[0m[34;1m     22.41[0m[34;22m      0.00[0m[34;1m     37.36[0m[34;22m      0.00[0m[34;22m      0.00[0m[34;1m     40.23[0m
14:00:12   [32;22m     all[0m[34;1m     17.77[0m[34;22m      0.00[0m[34;1m     32.38[0m[34;1m      0.57[0m[34;22m      0.00[0m[34;1m     49.28[0m
14:00:13   [32;22m     all[0m[34;1m     20.17[0m[34;22m      0.00[0m[34;1m     32.28[0m[34;22m      0.00[0m[34;22m      0.00[0m[34;1m     47.55[0m
14:00:14   [32;22m     all[0m[34;1m     17.95[0m[34;22m      0.00[0m[34;1m     31.05[0m[34;22m      0.00[0m[34;22m      0.00[0m[34;1m     51.00[0m
14:00:15   [32;22m     all[0m[34;1m     18.52[0m[34;22m      0.00[0m[34;1m     30.77[0m[34;22m      0.00[0m[34;22m      0.00[0m[34;1m     50.71[0m
14:00:16   [32;22m     all[0m[34;1m     22.51[0m[34;22m      0.00[0m[34;1m     33.62[0m[34;22m      0.00[0m[34;22m      0.00[0m[34;1m     43.87[0m
14:00:17   [32;22m     all[0m[34;1m     20.81[0m[34;22m      0.00[0m[34;1m     34.97[0m[34;22m      0.00[0m[34;22m      0.00[0m[34;1m     44.22[0m
14:00:18   [32;22m     all[0m[34;1m     19.83[0m[34;22m      0.00[0m[34;1m     34.28[0m[34;22m      0.00[0m[34;22m      0.00[0m[34;1m     45.89[0m
14:00:19   [32;22m     all[0m[34;1m     19.88[0m[34;22m      0.00[0m[34;1m     37.18[0m[34;22m      0.00[0m[34;22m      0.00[0m[34;1m     42.94[0m
14:00:20   [32;22m     all[0m[34;1m     21.90[0m[34;22m      0.00[0m[34;1m     34.87[0m[34;22m      0.00[0m[34;22m      0.00[0m[34;1m     43.23[0m
14:00:21   [32;22m     all[0m[34;1m     20.51[0m[34;22m      0.00[0m[34;1m     31.74[0m[34;22m      0.00[0m[34;22m      0.00[0m[34;1m     47.75[0m
14:00:22   [32;22m     all[0m[34;1m     22.22[0m[34;22m      0.00[0m[34;1m     36.47[0m[34;22m      0.00[0m[34;22m      0.00[0m[34;1m     41.31[0m
14:00:23   [32;22m     all[0m[34;1m     23.30[0m[34;22m      0.00[0m[34;1m     35.99[0m[34;22m      0.00[0m[34;22m      0.00[0m[34;1m     40.71[0m
14:00:24   [32;22m     all[0m[34;1m     23.58[0m[34;22m      0.00[0m[34;1m     34.38[0m[34;1m      0.28[0m[34;22m      0.00[0m[34;1m     41.76[0m
14:00:25   [32;22m     all[0m[34;1m     21.08[0m[34;22m      0.00[0m[34;1m     33.05[0m[34;22m      0.00[0m[34;22m      0.00[0m[34;1m     45.87[0m
14:00:26   [32;22m     all[0m[34;1m     22.35[0m[34;22m      0.00[0m[34;1m     36.96[0m[34;1m      0.29[0m[34;22m      0.00[0m[34;1m     40.40[0m
14:00:27   [32;22m     all[0m[34;1m     23.94[0m[34;22m      0.00[0m[34;1m     38.87[0m[34;1m      0.56[0m[34;22m      0.00[0m[34;1m     36.62[0m
14:00:28   [32;22m     all[0m[34;1m     21.08[0m[34;22m      0.00[0m[34;1m     33.33[0m[34;1m      0.85[0m[34;22m      0.00[0m[34;1m     44.73[0m
14:00:29   [32;22m     all[0m[34;1m     21.13[0m[34;22m      0.00[0m[34;1m     34.65[0m[34;22m      0.00[0m[34;22m      0.00[0m[34;1m     44.23[0m
14:00:30   [32;22m     all[0m[34;1m     24.21[0m[34;22m      0.00[0m[34;1m     36.02[0m[34;22m      0.00[0m[34;22m      0.00[0m[34;1m     39.77[0m
14:00:31   [32;22m     all[0m[34;1m     21.20[0m[34;22m      0.00[0m[34;1m     36.39[0m[34;22m      0.00[0m[34;22m      0.00[0m[34;1m     42.41[0m
14:00:32   [32;22m     all[0m[34;1m     18.16[0m[34;22m      0.00[0m[34;1m     30.55[0m[34;22m      0.00[0m[34;22m      0.00[0m[34;1m     51.30[0m
14:00:33   [32;22m     all[0m[34;1m     22.95[0m[34;22m      0.00[0m[34;1m     33.14[0m[34;22m      0.00[0m[34;22m      0.00[0m[34;1m     43.91[0m
14:00:34   [32;22m     all[0m[34;1m     20.51[0m[34;22m      0.00[0m[34;1m     35.04[0m[34;22m      0.00[0m[34;22m      0.00[0m[34;1m     44.44[0m
14:00:35   [32;22m     all[0m[34;1m     19.54[0m[34;22m      0.00[0m[34;1m     31.32[0m[34;22m      0.00[0m[34;22m      0.00[0m[34;1m     49.14[0m
14:00:36   [32;22m     all[0m[34;1m     19.26[0m[34;22m      0.00[0m[34;1m     33.43[0m[34;1m      0.28[0m[34;22m      0.00[0m[34;1m     47.03[0m
14:00:37   [32;22m     all[0m[34;1m     20.86[0m[34;22m      0.00[0m[34;1m     34.00[0m[34;22m      0.00[0m[34;22m      0.00[0m[34;1m     45.14[0m
14:00:38   [32;22m     all[0m[34;1m     19.89[0m[34;22m      0.00[0m[34;1m     33.81[0m[34;1m      0.28[0m[34;22m      0.00[0m[34;1m     46.02[0m
14:00:39   [32;22m     all[0m[34;1m     22.60[0m[34;22m      0.00[0m[34;1m     35.59[0m[34;1m      0.28[0m[34;22m      0.00[0m[34;1m     41.53[0m
14:00:40   [32;22m     all[0m[34;1m     22.32[0m[34;22m      0.00[0m[34;1m     33.04[0m[34;22m      0.00[0m[34;22m      0.00[0m[34;1m     44.64[0m
14:00:41   [32;22m     all[0m[34;1m     22.47[0m[34;22m      0.00[0m[34;1m     35.11[0m[34;22m      0.00[0m[34;22m      0.00[0m[34;1m     42.42[0m
14:00:42   [32;22m     all[0m[34;1m     22.97[0m[34;22m      0.00[0m[34;1m     35.85[0m[34;1m      0.28[0m[34;22m      0.00[0m[34;1m     40.90[0m
14:00:43   [32;22m     all[0m[34;1m     23.86[0m[34;22m      0.00[0m[34;1m     37.50[0m[34;22m      0.00[0m[34;22m      0.00[0m[34;1m     38.64[0m
14:00:44   [32;22m     all[0m[34;1m     20.23[0m[34;22m      0.00[0m[34;1m     35.04[0m[34;22m      0.00[0m[34;22m      0.00[0m[34;1m     44.73[0m
14:00:45   [32;22m     all[0m[34;1m     19.44[0m[34;22m      0.00[0m[34;1m     31.27[0m[34;22m      0.00[0m[34;22m      0.00[0m[34;1m     49.30[0m
14:00:46   [32;22m     all[0m[34;1m     21.88[0m[34;22m      0.00[0m[34;1m     30.97[0m[34;22m      0.00[0m[34;22m      0.00[0m[34;1m     47.16[0m
14:00:47   [32;22m     all[0m[34;1m     22.22[0m[34;22m      0.00[0m[34;1m     34.19[0m[34;1m      0.28[0m[34;22m      0.00[0m[34;1m     43.30[0m
14:00:48   [32;22m     all[0m[34;1m     21.69[0m[34;22m      0.00[0m[34;1m     34.65[0m[34;22m      0.00[0m[34;22m      0.00[0m[34;1m     43.66[0m
14:00:49   [32;22m     all[0m[34;1m     20.57[0m[34;22m      0.00[0m[34;1m     32.00[0m[34;22m      0.00[0m[34;22m      0.00[0m[34;1m     47.43[0m
14:00:50   [32;22m     all[0m[34;1m     24.72[0m[34;22m      0.00[0m[34;1m     35.51[0m[34;1m      0.28[0m[34;22m      0.00[0m[34;1m     39.49[0m
14:00:51   [32;22m     all[0m[34;1m     21.81[0m[34;22m      0.00[0m[34;1m     33.14[0m[34;1m      0.28[0m[34;22m      0.00[0m[34;1m     44.76[0m
14:00:52   [32;22m     all[0m[34;1m     20.51[0m[34;22m      0.00[0m[34;1m     34.19[0m[34;22m      0.00[0m[34;22m      0.00[0m[34;1m     45.30[0m
14:00:53   [32;22m     all[0m[34;1m     17.71[0m[34;22m      0.00[0m[34;1m     32.57[0m[34;22m      0.00[0m[34;22m      0.00[0m[34;1m     49.71[0m
14:00:54   [32;22m     all[0m[34;1m     22.01[0m[34;22m      0.00[0m[34;1m     33.70[0m[34;22m      0.00[0m[34;22m      0.00[0m[34;1m     44.29[0m
14:00:55   [32;22m     all[0m[34;1m     21.84[0m[34;22m      0.00[0m[34;1m     34.77[0m[34;22m      0.00[0m[34;22m      0.00[0m[34;1m     43.39[0m
14:00:56   [32;22m     all[0m[34;1m     23.30[0m[34;22m      0.00[0m[34;1m     37.50[0m[34;22m      0.00[0m[34;22m      0.00[0m[34;1m     39.20[0m
14:00:57   [32;22m     all[0m[34;1m     19.31[0m[34;22m      0.00[0m[34;1m     33.72[0m[34;22m      0.00[0m[34;22m      0.00[0m[34;1m     46.97[0m
14:00:58   [32;22m     all[0m[34;1m     20.69[0m[34;22m      0.00[0m[34;1m     35.34[0m[34;22m      0.00[0m[34;22m      0.00[0m[34;1m     43.97[0m
14:00:59   [32;22m     all[0m[34;1m     22.51[0m[34;22m      0.00[0m[34;1m     34.19[0m[34;22m      0.00[0m[34;22m      0.00[0m[34;1m     43.30[0m
14:01:00   [32;22m     all[0m[34;1m     21.47[0m[34;22m      0.00[0m[34;1m     34.18[0m[34;22m      0.00[0m[34;22m      0.00[0m[34;1m     44.35[0m
14:01:01   [32;22m     all[0m[34;1m     20.40[0m[34;22m      0.00[0m[34;1m     35.34[0m[34;22m      0.00[0m[34;22m      0.00[0m[34;1m     44.25[0m
14:01:02   [32;22m     all[0m[34;1m     23.43[0m[34;22m      0.00[0m[34;1m     36.57[0m[34;22m      0.00[0m[34;22m      0.00[0m[34;1m     40.00[0m
14:01:03   [32;22m     all[0m[34;1m     20.46[0m[34;22m      0.00[0m[34;1m     33.72[0m[34;22m      0.00[0m[34;22m      0.00[0m[34;1m     45.82[0m
14:01:04   [32;22m     all[0m[34;1m     21.08[0m[34;22m      0.00[0m[34;1m     37.61[0m[34;1m      0.85[0m[34;22m      0.00[0m[34;1m     40.46[0m
14:01:05   [32;22m     all[0m[34;1m     21.74[0m[34;22m      0.00[0m[34;1m     35.94[0m[34;22m      0.00[0m[34;22m      0.00[0m[34;1m     42.32[0m
14:01:06   [32;22m     all[0m[34;1m     20.34[0m[34;22m      0.00[0m[34;1m     35.03[0m[34;1m      0.28[0m[34;22m      0.00[0m[34;1m     44.35[0m
14:01:07   [32;22m     all[0m[34;1m     18.18[0m[34;22m      0.00[0m[34;1m     32.95[0m[34;22m      0.00[0m[34;22m      0.00[0m[34;1m     48.86[0m
14:01:08   [32;22m     all[0m[34;1m     19.08[0m[34;22m      0.00[0m[34;1m     32.66[0m[34;22m      0.00[0m[34;22m      0.00[0m[34;1m     48.27[0m
14:01:09   [32;22m     all[0m[34;1m     24.21[0m[34;22m      0.00[0m[34;1m     35.73[0m[34;22m      0.00[0m[34;22m      0.00[0m[34;1m     40.06[0m
14:01:10   [32;22m     all[0m[34;1m     21.65[0m[34;22m      0.00[0m[34;1m     33.62[0m[34;22m      0.00[0m[34;22m      0.00[0m[34;1m     44.73[0m
14:01:11   [32;22m     all[0m[34;1m     19.43[0m[34;22m      0.00[0m[34;1m     36.00[0m[34;22m      0.00[0m[34;22m      0.00[0m[34;1m     44.57[0m
14:01:12   [32;22m     all[0m[34;1m     18.47[0m[34;22m      0.00[0m[34;1m     31.82[0m[34;1m      0.28[0m[34;22m      0.00[0m[34;1m     49.43[0m
14:01:13   [32;22m     all[0m[34;1m     23.28[0m[34;22m      0.00[0m[34;1m     37.07[0m[34;22m      0.00[0m[34;22m      0.00[0m[34;1m     39.66[0m
14:01:14   [32;22m     all[0m[34;1m     21.25[0m[34;22m      0.00[0m[34;1m     30.88[0m[34;1m      0.28[0m[34;22m      0.00[0m[34;1m     47.59[0m
14:01:15   [32;22m     all[0m[34;1m     21.20[0m[34;22m      0.00[0m[34;1m     34.10[0m[34;22m      0.00[0m[34;22m      0.00[0m[34;1m     44.70[0m
14:01:16   [32;22m     all[0m[34;1m     16.91[0m[34;22m      0.00[0m[34;1m     31.23[0m[34;22m      0.00[0m[34;22m      0.00[0m[34;1m     51.86[0m
14:01:17   [32;22m     all[0m[34;1m     20.46[0m[34;22m      0.00[0m[34;1m     38.33[0m[34;1m      0.29[0m[34;22m      0.00[0m[34;1m     40.92[0m
14:01:18   [32;22m     all[0m[34;1m     18.86[0m[34;22m      0.00[0m[34;1m     32.29[0m[34;22m      0.00[0m[34;22m      0.00[0m[34;1m     48.86[0m
14:01:19   [32;22m     all[0m[34;1m     20.06[0m[34;22m      0.00[0m[34;1m     32.95[0m[34;22m      0.00[0m[34;22m      0.00[0m[34;1m     46.99[0m
14:01:20   [32;22m     all[0m[34;1m     16.71[0m[34;22m      0.00[0m[34;1m     29.46[0m[34;22m      0.00[0m[34;22m      0.00[0m[34;1m     53.82[0m
14:01:21   [32;22m     all[0m[34;1m     18.44[0m[34;22m      0.00[0m[34;1m     32.56[0m[34;22m      0.00[0m[34;22m      0.00[0m[34;1m     48.99[0m
14:01:22   [32;22m     all[0m[34;1m     20.96[0m[34;22m      0.00[0m[34;1m     35.98[0m[34;22m      0.00[0m[34;22m      0.00[0m[34;1m     43.06[0m
14:01:23   [32;22m     all[0m[34;1m     18.44[0m[34;22m      0.00[0m[34;1m     31.70[0m[34;22m      0.00[0m[34;22m      0.00[0m[34;1m     49.86[0m
14:01:24   [32;22m     all[0m[34;1m     19.43[0m[34;22m      0.00[0m[34;1m     30.00[0m[34;22m      0.00[0m[34;22m      0.00[0m[34;1m     50.57[0m
14:01:25   [32;22m     all[0m[34;1m     19.14[0m[34;22m      0.00[0m[34;1m     30.86[0m[34;22m      0.00[0m[34;22m      0.00[0m[34;1m     50.00[0m
14:01:26   [32;22m     all[0m[34;1m     20.00[0m[34;22m      0.00[0m[34;1m     34.29[0m[34;1m      0.29[0m[34;22m      0.00[0m[34;1m     45.43[0m
14:01:27   [32;22m     all[0m[34;1m     22.00[0m[34;22m      0.00[0m[34;1m     36.29[0m[34;22m      0.00[0m[34;22m      0.00[0m[34;1m     41.71[0m
14:01:28   [32;22m     all[0m[34;1m     21.08[0m[34;22m      0.00[0m[34;1m     35.90[0m[34;1m      0.28[0m[34;22m      0.00[0m[34;1m     42.74[0m
14:01:29   [32;22m     all[0m[34;1m     22.79[0m[34;22m      0.00[0m[34;1m     38.46[0m[34;22m      0.00[0m[34;22m      0.00[0m[34;1m     38.75[0m
14:01:30   [32;22m     all[0m[34;1m     33.52[0m[34;22m      0.00[0m[34;1m     65.92[0m[34;22m      0.00[0m[34;22m      0.00[0m[31;1m      0.56[0m
14:01:31   [32;22m     all[0m[34;1m     41.27[0m[34;22m      0.00[0m[34;1m     57.14[0m[34;1m      0.26[0m[34;22m      0.00[0m[31;1m      1.32[0m
14:01:32   [32;22m     all[0m[34;1m     21.41[0m[34;22m      0.00[0m[34;1m     56.60[0m[34;1m      2.05[0m[34;22m      0.00[0m[35;1m     19.94[0m
14:01:33   [32;22m     all[0m[34;1m     27.37[0m[34;22m      0.00[0m[34;1m     51.32[0m[34;1m      0.26[0m[34;22m      0.00[0m[35;1m     21.05[0m
14:01:34   [32;22m     all[0m[34;1m     29.59[0m[34;22m      0.00[0m[34;1m     49.59[0m[34;1m      0.27[0m[34;22m      0.00[0m[35;1m     20.55[0m
14:01:35   [32;22m     all[0m[34;1m     25.80[0m[34;22m      0.00[0m[34;1m     48.12[0m[34;1m      0.29[0m[34;22m      0.00[0m[34;1m     25.80[0m
14:01:36   [32;22m     all[0m[34;1m     30.43[0m[34;22m      0.00[0m[34;1m     46.67[0m[34;1m      0.29[0m[34;22m      0.00[0m[35;1m     22.61[0m
14:01:37   [32;22m     all[0m[34;1m     33.06[0m[34;22m      0.00[0m[34;1m     51.94[0m[34;1m      0.28[0m[34;22m      0.00[0m[35;1m     14.72[0m
14:01:38   [32;22m     all[0m[34;1m     31.48[0m[34;22m      0.00[0m[34;1m     51.53[0m[34;22m      0.00[0m[34;22m      0.00[0m[35;1m     16.99[0m
14:01:39   [32;22m     all[0m[34;1m     29.18[0m[34;22m      0.00[0m[34;1m     50.42[0m[34;1m      0.28[0m[34;22m      0.00[0m[35;1m     20.11[0m
14:01:40   [32;22m     all[0m[34;1m     27.02[0m[34;22m      0.00[0m[34;1m     43.45[0m[34;22m      0.00[0m[34;22m      0.00[0m[34;1m     29.53[0m
14:01:41   [32;22m     all[0m[34;1m     31.77[0m[34;22m      0.00[0m[34;1m     52.49[0m[34;1m      0.28[0m[34;22m      0.00[0m[35;1m     15.47[0m
14:01:42   [32;22m     all[0m[34;1m     29.59[0m[34;22m      0.00[0m[34;1m     55.34[0m[34;1m      0.82[0m[34;22m      0.00[0m[35;1m     14.25[0m
14:01:43   [32;22m     all[0m[34;1m     31.73[0m[34;22m      0.00[0m[34;1m     57.87[0m[34;22m      0.00[0m[34;22m      0.00[0m[35;1m     10.40[0m
14:01:44   [32;22m     all[0m[34;1m     27.87[0m[34;22m      0.00[0m[34;1m     51.09[0m[34;1m      0.27[0m[34;22m      0.00[0m[35;1m     20.77[0m
14:01:45   [32;22m     all[0m[34;1m     29.18[0m[34;22m      0.00[0m[34;1m     53.26[0m[34;22m      0.00[0m[34;22m      0.00[0m[35;1m     17.56[0m
14:01:46   [32;22m     all[0m[34;1m     27.07[0m[34;22m      0.00[0m[34;1m     50.43[0m[34;22m      0.00[0m[34;22m      0.00[0m[35;1m     22.51[0m
14:01:47   [32;22m     all[0m[34;1m     30.79[0m[34;22m      0.00[0m[34;1m     53.13[0m[34;1m      0.82[0m[34;22m      0.00[0m[35;1m     15.26[0m
14:01:48   [32;22m     all[0m[34;1m     32.05[0m[34;22m      0.00[0m[34;1m     46.58[0m[34;22m      0.00[0m[34;22m      0.00[0m[35;1m     21.37[0m
14:01:49   [32;22m     all[0m[34;1m     31.36[0m[34;22m      0.00[0m[34;1m     50.85[0m[34;1m      0.28[0m[34;22m      0.00[0m[35;1m     17.51[0m
14:01:50   [32;22m     all[0m[34;1m     30.36[0m[34;22m      0.00[0m[34;1m     50.97[0m[34;1m      0.84[0m[34;22m      0.00[0m[35;1m     17.83[0m
14:01:51   [32;22m     all[0m[34;1m     30.03[0m[34;22m      0.00[0m[34;1m     44.90[0m[34;22m      0.00[0m[34;22m      0.00[0m[34;1m     25.07[0m
14:01:52   [32;22m     all[0m[34;1m     32.60[0m[34;22m      0.00[0m[34;1m     51.23[0m[34;22m      0.00[0m[34;22m      0.00[0m[35;1m     16.16[0m
14:01:53   [32;22m     all[0m[34;1m     30.17[0m[34;22m      0.00[0m[34;1m     51.68[0m[34;1m      0.28[0m[34;22m      0.00[0m[35;1m     17.88[0m
14:01:54   [32;22m     all[0m[34;1m     31.49[0m[34;22m      0.00[0m[34;1m     52.21[0m[34;22m      0.00[0m[34;22m      0.00[0m[35;1m     16.30[0m
14:01:55   [32;22m     all[0m[34;1m     30.08[0m[34;22m      0.00[0m[34;1m     44.85[0m[34;22m      0.00[0m[34;22m      0.00[0m[34;1m     25.07[0m
14:01:56   [32;22m     all[0m[34;1m     31.65[0m[34;22m      0.00[0m[34;1m     52.10[0m[34;1m      0.28[0m[34;22m      0.00[0m[35;1m     15.97[0m
14:01:57   [32;22m     all[0m[34;1m     31.88[0m[34;22m      0.00[0m[34;1m     56.13[0m[34;1m      0.54[0m[34;22m      0.00[0m[35;1m     11.44[0m
14:01:58   [32;22m     all[0m[34;1m     28.10[0m[34;22m      0.00[0m[34;1m     54.82[0m[34;1m      0.28[0m[34;22m      0.00[0m[35;1m     16.80[0m
14:01:59   [32;22m     all[0m[34;1m     32.20[0m[34;22m      0.00[0m[34;1m     50.00[0m[34;22m      0.00[0m[34;22m      0.00[0m[35;1m     17.80[0m
14:02:00   [32;22m     all[0m[34;1m     29.26[0m[34;22m      0.00[0m[34;1m     46.02[0m[34;1m      1.14[0m[34;22m      0.00[0m[35;1m     23.58[0m
14:02:01   [32;22m     all[0m[34;1m     32.79[0m[34;22m      0.00[0m[34;1m     52.46[0m[34;22m      0.00[0m[34;22m      0.00[0m[35;1m     14.75[0m
14:02:02   [32;22m     all[0m[34;1m     31.65[0m[34;22m      0.00[0m[34;1m     48.74[0m[34;1m      0.56[0m[34;22m      0.00[0m[35;1m     19.05[0m
14:02:03   [32;22m     all[0m[34;1m     32.04[0m[34;22m      0.00[0m[34;1m     54.70[0m[34;22m      0.00[0m[34;22m      0.00[0m[35;1m     13.26[0m
14:02:04   [32;22m     all[0m[34;1m     28.13[0m[34;22m      0.00[0m[34;1m     47.63[0m[34;22m      0.00[0m[34;22m      0.00[0m[35;1m     24.23[0m
14:02:05   [32;22m     all[0m[34;1m     31.91[0m[34;22m      0.00[0m[34;1m     48.72[0m[34;1m      0.28[0m[34;22m      0.00[0m[35;1m     19.09[0m
14:02:06   [32;22m     all[0m[34;1m     32.03[0m[34;22m      0.00[0m[34;1m     49.03[0m[34;22m      0.00[0m[34;22m      0.00[0m[35;1m     18.94[0m
14:02:07   [32;22m     all[0m[34;1m     31.89[0m[34;22m      0.00[0m[34;1m     55.14[0m[34;1m      0.54[0m[34;22m      0.00[0m[35;1m     12.43[0m
14:02:08   [32;22m     all[0m[34;1m     29.64[0m[34;22m      0.00[0m[34;1m     47.65[0m[34;1m      0.28[0m[34;22m      0.00[0m[35;1m     22.44[0m
14:02:09   [32;22m     all[0m[34;1m     30.20[0m[34;22m      0.00[0m[34;1m     50.43[0m[34;1m      0.28[0m[34;22m      0.00[0m[35;1m     19.09[0m
14:02:10   [32;22m     all[0m[34;1m     30.06[0m[34;22m      0.00[0m[34;1m     51.12[0m[34;1m      0.28[0m[34;22m      0.00[0m[35;1m     18.54[0m
14:02:11   [32;22m     all[0m[34;1m     29.81[0m[34;22m      0.00[0m[34;1m     52.65[0m[34;1m      0.28[0m[34;22m      0.00[0m[35;1m     17.27[0m
14:02:12   [32;22m     all[0m[34;1m     29.78[0m[34;22m      0.00[0m[34;1m     51.91[0m[34;22m      0.00[0m[34;22m      0.00[0m[35;1m     18.31[0m
14:02:13   [32;22m     all[0m[34;1m     29.00[0m[34;22m      0.00[0m[34;1m     59.89[0m[34;1m      0.81[0m[34;22m      0.00[0m[35;1m     10.30[0m
14:02:14   [32;22m     all[0m[34;1m     31.40[0m[34;22m      0.00[0m[34;1m     55.65[0m[34;1m      0.28[0m[34;22m      0.00[0m[35;1m     12.67[0m
14:02:15   [32;22m     all[0m[34;1m     32.96[0m[34;22m      0.00[0m[34;1m     52.79[0m[34;1m      0.28[0m[34;22m      0.00[0m[35;1m     13.97[0m
14:02:16   [32;22m     all[0m[34;1m     29.62[0m[34;22m      0.00[0m[34;1m     49.73[0m[34;22m      0.00[0m[34;22m      0.00[0m[35;1m     20.65[0m
14:02:17   [32;22m     all[0m[34;1m     31.13[0m[34;22m      0.00[0m[34;1m     52.34[0m[34;22m      0.00[0m[34;22m      0.00[0m[35;1m     16.53[0m
14:02:18   [32;22m     all[0m[34;1m     33.79[0m[34;22m      0.00[0m[34;1m     53.57[0m[34;1m      0.27[0m[34;22m      0.00[0m[35;1m     12.36[0m
14:02:19   [32;22m     all[0m[34;1m     29.13[0m[34;22m      0.00[0m[34;1m     45.66[0m[34;1m      0.56[0m[34;22m      0.00[0m[35;1m     24.65[0m
14:02:20   [32;22m     all[0m[34;1m     29.69[0m[34;22m      0.00[0m[34;1m     50.98[0m[34;22m      0.00[0m[34;22m      0.00[0m[35;1m     19.33[0m
14:02:21   [32;22m     all[0m[34;1m     32.58[0m[34;22m      0.00[0m[34;1m     49.86[0m[34;1m      0.28[0m[34;22m      0.00[0m[35;1m     17.28[0m
14:02:22   [32;22m     all[0m[34;1m     32.78[0m[34;22m      0.00[0m[34;1m     49.31[0m[34;22m      0.00[0m[34;22m      0.00[0m[35;1m     17.91[0m
14:02:23   [32;22m     all[0m[34;1m     30.49[0m[34;22m      0.00[0m[34;1m     51.10[0m[34;1m      0.27[0m[34;22m      0.00[0m[35;1m     18.13[0m
14:02:24   [32;22m     all[0m[34;1m     32.34[0m[34;22m      0.00[0m[34;1m     45.92[0m[34;22m      0.00[0m[34;22m      0.00[0m[35;1m     21.74[0m
14:02:25   [32;22m     all[0m[34;1m     30.70[0m[34;22m      0.00[0m[34;1m     50.70[0m[34;22m      0.00[0m[34;22m      0.00[0m[35;1m     18.59[0m
14:02:26   [32;22m     all[0m[34;1m     31.56[0m[34;22m      0.00[0m[34;1m     48.60[0m[34;22m      0.00[0m[34;22m      0.00[0m[35;1m     19.83[0m
14:02:27   [32;22m     all[0m[34;1m     26.61[0m[34;22m      0.00[0m[34;1m     53.49[0m[34;1m      1.08[0m[34;22m      0.00[0m[35;1m     18.82[0m
14:02:28   [32;22m     all[0m[34;1m     32.34[0m[34;22m      0.00[0m[34;1m     56.79[0m[34;1m      0.27[0m[34;22m      0.00[0m[35;1m     10.60[0m
14:02:29   [32;22m     all[0m[34;1m     32.21[0m[34;22m      0.00[0m[34;1m     47.34[0m[34;1m      0.28[0m[34;22m      0.00[0m[35;1m     20.17[0m
14:02:30   [32;22m     all[0m[34;1m     30.17[0m[34;22m      0.00[0m[34;1m     46.37[0m[34;22m      0.00[0m[34;22m      0.00[0m[35;1m     23.46[0m
14:02:31   [32;22m     all[0m[34;1m     29.49[0m[34;22m      0.00[0m[34;1m     45.79[0m[34;22m      0.00[0m[34;22m      0.00[0m[35;1m     24.72[0m
14:02:32   [32;22m     all[0m[34;1m     31.86[0m[34;22m      0.00[0m[34;1m     51.52[0m[34;1m      0.55[0m[34;22m      0.00[0m[35;1m     16.07[0m
14:02:33   [32;22m     all[0m[34;1m     31.65[0m[34;22m      0.00[0m[34;1m     53.22[0m[34;22m      0.00[0m[34;22m      0.00[0m[35;1m     15.13[0m
14:02:34   [32;22m     all[0m[34;1m     32.12[0m[34;22m      0.00[0m[34;1m     53.07[0m[34;1m      0.28[0m[34;22m      0.00[0m[35;1m     14.53[0m
14:02:35   [32;22m     all[0m[34;1m     29.61[0m[34;22m      0.00[0m[34;1m     48.04[0m[34;1m      0.28[0m[34;22m      0.00[0m[35;1m     22.07[0m
14:02:36   [32;22m     all[0m[34;1m     30.83[0m[34;22m      0.00[0m[34;1m     45.83[0m[34;1m      0.56[0m[34;22m      0.00[0m[35;1m     22.78[0m
14:02:37   [32;22m     all[0m[34;1m     31.04[0m[34;22m      0.00[0m[34;1m     49.18[0m[34;22m      0.00[0m[34;22m      0.00[0m[35;1m     19.78[0m
14:02:38   [32;22m     all[0m[34;1m     32.68[0m[34;22m      0.00[0m[34;1m     50.99[0m[34;1m      0.28[0m[34;22m      0.00[0m[35;1m     16.06[0m
14:02:40   [32;22m     all[0m[34;1m     29.33[0m[34;22m      0.00[0m[34;1m     43.58[0m[34;22m      0.00[0m[34;22m      0.00[0m[34;1m     27.09[0m
14:02:41   [32;22m     all[0m[34;1m     30.48[0m[34;22m      0.00[0m[34;1m     45.58[0m[34;1m      0.28[0m[34;22m      0.00[0m[35;1m     23.65[0m
14:02:42   [32;22m     all[0m[34;1m     32.39[0m[34;22m      0.00[0m[34;1m     48.17[0m[34;22m      0.00[0m[34;22m      0.00[0m[35;1m     19.44[0m
14:02:43   [32;22m     all[0m[34;1m     31.86[0m[34;22m      0.00[0m[34;1m     53.19[0m[34;1m      0.28[0m[34;22m      0.00[0m[35;1m     14.68[0m
14:02:44   [32;22m     all[0m[34;1m     32.42[0m[34;22m      0.00[0m[34;1m     49.45[0m[34;1m      0.27[0m[34;22m      0.00[0m[35;1m     17.86[0m
14:02:45   [32;22m     all[0m[34;1m     32.41[0m[34;22m      0.00[0m[34;1m     54.57[0m[34;1m      0.28[0m[34;22m      0.00[0m[35;1m     12.74[0m
14:02:46   [32;22m     all[0m[34;1m     32.51[0m[34;22m      0.00[0m[34;1m     52.34[0m[34;22m      0.00[0m[34;22m      0.00[0m[35;1m     15.15[0m
14:02:47   [32;22m     all[0m[34;1m     31.55[0m[34;22m      0.00[0m[34;1m     50.14[0m[34;22m      0.00[0m[34;22m      0.00[0m[35;1m     18.31[0m
14:02:48   [32;22m     all[0m[34;1m     29.11[0m[34;22m      0.00[0m[34;1m     52.56[0m[34;1m      0.54[0m[34;22m      0.00[0m[35;1m     17.79[0m
14:02:49   [32;22m     all[0m[34;1m     31.94[0m[34;22m      0.00[0m[34;1m     54.44[0m[34;22m      0.00[0m[34;22m      0.00[0m[35;1m     13.61[0m
14:02:50   [32;22m     all[0m[34;1m     31.46[0m[34;22m      0.00[0m[34;1m     49.16[0m[34;22m      0.00[0m[34;22m      0.00[0m[35;1m     19.38[0m
14:02:51   [32;22m     all[0m[34;1m     32.42[0m[34;22m      0.00[0m[34;1m     47.80[0m[34;1m      0.55[0m[34;22m      0.00[0m[35;1m     19.23[0m
14:02:52   [32;22m     all[0m[34;1m     31.32[0m[34;22m      0.00[0m[34;1m     46.43[0m[34;1m      0.27[0m[34;22m      0.00[0m[35;1m     21.98[0m
14:02:53   [32;22m     all[0m[34;1m     31.13[0m[34;22m      0.00[0m[34;1m     46.56[0m[34;22m      0.00[0m[34;22m      0.00[0m[35;1m     22.31[0m
14:02:54   [32;22m     all[0m[34;1m     31.74[0m[34;22m      0.00[0m[34;1m     51.97[0m[34;22m      0.00[0m[34;22m      0.00[0m[35;1m     16.29[0m
14:02:55   [32;22m     all[0m[34;1m     30.22[0m[34;22m      0.00[0m[34;1m     51.92[0m[34;1m      0.27[0m[34;22m      0.00[0m[35;1m     17.58[0m
14:02:56   [32;22m     all[0m[34;1m     30.19[0m[34;22m      0.00[0m[34;1m     49.31[0m[34;1m      0.28[0m[34;22m      0.00[0m[35;1m     20.22[0m
14:02:57   [32;22m     all[0m[34;1m     32.02[0m[34;22m      0.00[0m[34;1m     49.44[0m[34;1m      0.28[0m[34;22m      0.00[0m[35;1m     18.26[0m
14:02:58   [32;22m     all[0m[34;1m     30.81[0m[34;22m      0.00[0m[34;1m     55.74[0m[34;1m      0.28[0m[34;22m      0.00[0m[35;1m     13.17[0m
14:02:59   [32;22m     all[0m[34;1m     32.59[0m[34;22m      0.00[0m[34;1m     48.75[0m[34;1m      0.28[0m[34;22m      0.00[0m[35;1m     18.38[0m
14:03:00   [32;22m     all[0m[34;1m     28.85[0m[34;22m      0.00[0m[34;1m     46.15[0m[34;22m      0.00[0m[34;22m      0.00[0m[35;1m     25.00[0m
14:03:01   [32;22m     all[0m[34;1m     32.11[0m[34;22m      0.00[0m[34;1m     52.39[0m[34;1m      0.28[0m[34;22m      0.00[0m[35;1m     15.21[0m
14:03:02   [32;22m     all[0m[34;1m     29.05[0m[34;22m      0.00[0m[34;1m     46.65[0m[34;22m      0.00[0m[34;22m      0.00[0m[35;1m     24.30[0m
14:03:03   [32;22m     all[0m[34;1m     31.09[0m[34;22m      0.00[0m[34;1m     49.30[0m[34;1m      0.56[0m[34;22m      0.00[0m[35;1m     19.05[0m
14:03:04   [32;22m     all[0m[34;1m     30.99[0m[34;22m      0.00[0m[34;1m     49.30[0m[34;22m      0.00[0m[34;22m      0.00[0m[35;1m     19.72[0m
14:03:05   [32;22m     all[0m[34;1m     31.25[0m[34;22m      0.00[0m[34;1m     49.73[0m[34;22m      0.00[0m[34;22m      0.00[0m[35;1m     19.02[0m
14:03:06   [32;22m     all[0m[34;1m     30.90[0m[34;22m      0.00[0m[34;1m     52.25[0m[34;1m      0.56[0m[34;22m      0.00[0m[35;1m     16.29[0m
14:03:07   [32;22m     all[0m[34;1m     32.87[0m[34;22m      0.00[0m[34;1m     50.97[0m[34;22m      0.00[0m[34;22m      0.00[0m[35;1m     16.16[0m
14:03:08   [32;22m     all[0m[34;1m     26.12[0m[34;22m      0.00[0m[34;1m     50.56[0m[34;1m      0.28[0m[34;22m      0.00[0m[35;1m     23.03[0m
14:03:09   [32;22m     all[0m[34;1m     34.53[0m[34;22m      0.00[0m[34;1m     50.55[0m[34;1m      0.28[0m[34;22m      0.00[0m[35;1m     14.64[0m
14:03:10   [32;22m     all[0m[34;1m     34.07[0m[34;22m      0.00[0m[34;1m     47.92[0m[34;22m      0.00[0m[34;22m      0.00[0m[35;1m     18.01[0m
14:03:11   [32;22m     all[0m[34;1m     33.96[0m[34;22m      0.00[0m[34;1m     51.48[0m[34;22m      0.00[0m[34;22m      0.00[0m[35;1m     14.56[0m
14:03:12   [32;22m     all[0m[34;1m     29.78[0m[34;22m      0.00[0m[34;1m     48.03[0m[34;1m      0.28[0m[34;22m      0.00[0m[35;1m     21.91[0m
14:03:13   [32;22m     all[0m[34;1m     31.37[0m[34;22m      0.00[0m[34;1m     55.46[0m[34;22m      0.00[0m[34;22m      0.00[0m[35;1m     13.17[0m
14:03:14   [32;22m     all[0m[34;1m     33.15[0m[34;22m      0.00[0m[34;1m     52.49[0m[34;1m      0.55[0m[34;22m      0.00[0m[35;1m     13.81[0m
14:03:15   [32;22m     all[0m[34;1m     31.22[0m[34;22m      0.00[0m[34;1m     55.52[0m[34;1m      0.28[0m[34;22m      0.00[0m[35;1m     12.98[0m
14:03:16   [32;22m     all[0m[34;1m     28.41[0m[34;22m      0.00[0m[34;1m     47.08[0m[34;1m      0.28[0m[34;22m      0.00[0m[35;1m     24.23[0m
14:03:17   [32;22m     all[0m[34;1m     30.70[0m[34;22m      0.00[0m[34;1m     49.86[0m[34;1m      0.28[0m[34;22m      0.00[0m[35;1m     19.15[0m
14:03:18   [32;22m     all[0m[34;1m     30.73[0m[34;22m      0.00[0m[34;1m     50.56[0m[34;22m      0.00[0m[34;22m      0.00[0m[35;1m     18.72[0m
14:03:19   [32;22m     all[0m[34;1m     34.07[0m[34;22m      0.00[0m[34;1m     50.69[0m[34;1m      0.28[0m[34;22m      0.00[0m[35;1m     14.96[0m
14:03:20   [32;22m     all[0m[34;1m     32.01[0m[34;22m      0.00[0m[34;1m     51.56[0m[34;22m      0.00[0m[34;22m      0.00[0m[35;1m     16.43[0m
14:03:21   [32;22m     all[0m[34;1m     35.87[0m[34;22m      0.00[0m[34;1m     50.82[0m[34;1m      0.27[0m[34;22m      0.00[0m[35;1m     13.04[0m
14:03:22   [32;22m     all[0m[34;1m     31.32[0m[34;22m      0.00[0m[34;1m     46.15[0m[34;1m      0.27[0m[34;22m      0.00[0m[35;1m     22.25[0m
14:03:23   [32;22m     all[0m[34;1m     33.06[0m[34;22m      0.00[0m[34;1m     48.76[0m[34;1m      0.28[0m[34;22m      0.00[0m[35;1m     17.91[0m
14:03:24   [32;22m     all[0m[34;1m     32.03[0m[34;22m      0.00[0m[34;1m     47.63[0m[34;22m      0.00[0m[34;22m      0.00[0m[35;1m     20.33[0m
14:03:25   [32;22m     all[0m[34;1m     32.97[0m[34;22m      0.00[0m[34;1m     53.41[0m[34;1m      0.27[0m[34;22m      0.00[0m[35;1m     13.35[0m
14:03:26   [32;22m     all[0m[34;1m     28.33[0m[34;22m      0.00[0m[34;1m     47.50[0m[34;1m      0.28[0m[34;22m      0.00[0m[35;1m     23.89[0m
