[2026-04-17 21:13:00,882] aayanksinghai-Vivobook-ASUSLaptop-K3605ZF-K3605ZF/INFO/locust.main: Starting Locust 2.43.4
[2026-04-17 21:13:00,883] aayanksinghai-Vivobook-ASUSLaptop-K3605ZF-K3605ZF/INFO/locust.main: Run time limit set to 300 seconds
[2026-04-17 21:13:00,884] aayanksinghai-Vivobook-ASUSLaptop-K3605ZF-K3605ZF/INFO/locust.runners: Ramping to 1500 users at a rate of 50.00 per second
[2026-04-17 21:13:29,974] aayanksinghai-Vivobook-ASUSLaptop-K3605ZF-K3605ZF/INFO/locust.runners: All users spawned: {"BoutiqueUser": 1500} (1500 total users)
[2026-04-17 21:18:00,731] aayanksinghai-Vivobook-ASUSLaptop-K3605ZF-K3605ZF/INFO/locust.main: --run-time limit reached, shutting down
[2026-04-17 21:18:00,939] aayanksinghai-Vivobook-ASUSLaptop-K3605ZF-K3605ZF/INFO/locust.main: Shutting down (exit code 0)
Type     Name                                                                          # reqs      # fails |    Avg     Min     Max    Med |   req/s  failures/s
--------|----------------------------------------------------------------------------|-------|-------------|-------|-------|-------|-------|--------|-----------
GET      GET /                                                                          34257     0(0.00%) |      9       1     215      7 |  114.17        0.00
GET      GET /?currency=X                                                               27007     0(0.00%) |      9       1     182      7 |   90.01        0.00
GET      GET /?product_id=X                                                              3287     0(0.00%) |      9       2     137      7 |   10.96        0.00
GET      GET /cart                                                                      13627     0(0.00%) |      9       1     216      7 |   45.42        0.00
GET      GET /product/[id]                                                              23990     0(0.00%) |      9       1     227      7 |   79.96        0.00
POST     POST /cart (add)                                                               16876     0(0.00%) |     22       4     280     13 |   56.25        0.00
POST     POST /cart (pre-checkout add)                                                   6718     0(0.00%) |     22       4     253     14 |   22.39        0.00
POST     POST /cart/checkout                                                             6716     0(0.00%) |     17       2     168      9 |   22.38        0.00
POST     POST /cart/empty                                                                6843     0(0.00%) |     15       3     282     11 |   22.81        0.00
POST     POST /setCurrency                                                              10278     0(0.00%) |     22       3     279     13 |   34.26        0.00
--------|----------------------------------------------------------------------------|-------|-------------|-------|-------|-------|-------|--------|-----------
         Aggregated                                                                    149599     0(0.00%) |     13       1     282      8 |  498.60        0.00

Response time percentiles (approximated)
Type     Name                                                                                  50%    66%    75%    80%    90%    95%    98%    99%  99.9% 99.99%   100% # reqs
--------|--------------------------------------------------------------------------------|--------|------|------|------|------|------|------|------|------|------|------|------
GET      GET /                                                                                   7      8      9     10     13     18     41     79    150    200    220  34257
GET      GET /?currency=X                                                                        7      8     10     10     13     18     39     78    150    180    180  27007
GET      GET /?product_id=X                                                                      7      8     10     10     13     18     40     69    120    140    140   3287
GET      GET /cart                                                                               7      8      9     10     13     18     42     85    160    210    220  13627
GET      GET /product/[id]                                                                       7      8      9     10     13     17     39     82    150    190    230  23990
POST     POST /cart (add)                                                                       13     17     22     38     54     59     81    120    180    280    280  16876
POST     POST /cart (pre-checkout add)                                                          14     17     23     46     54     59     81    120    210    250    250   6718
POST     POST /cart/checkout                                                                     9     12     17     46     49     52     55     59     88    170    170   6716
POST     POST /cart/empty                                                                       11     14     15     17     21     29     84    110    210    280    280   6843
POST     POST /setCurrency                                                                      13     17     22     46     53     58     78    120    210    270    280  10278
--------|--------------------------------------------------------------------------------|--------|------|------|------|------|------|------|------|------|------|------|------
         Aggregated                                                                              8     10     12     14     21     50     61     91    160    260    280 149599

[locust] Test starting → target: http://localhost:8081
[locust] Test complete.
