Linux 6.6.95 (minikube) 	04/17/26 	_x86_64_	(4 CPU)

13:20:42        CPU     %user     %nice   %system   %iowait    %steal     %idle
13:20:43   [32;22m     all[0m[34;1m      5.74[0m[34;22m      0.00[0m[34;1m      6.27[0m[34;22m      0.00[0m[34;22m      0.00[0m[34;1m     87.99[0m
13:20:44   [32;22m     all[0m[34;1m      5.54[0m[34;22m      0.00[0m[34;1m      6.60[0m[34;22m      0.00[0m[34;22m      0.00[0m[34;1m     87.86[0m
13:20:45   [32;22m     all[0m[34;1m      6.33[0m[34;22m      0.00[0m[34;1m      8.44[0m[34;22m      0.00[0m[34;22m      0.00[0m[34;1m     85.22[0m
13:20:46   [32;22m     all[0m[34;1m      7.75[0m[34;22m      0.00[0m[34;1m     10.16[0m[34;1m      0.27[0m[34;22m      0.00[0m[34;1m     81.82[0m
13:20:47   [32;22m     all[0m[34;1m      8.51[0m[34;22m      0.00[0m[34;1m     13.30[0m[34;22m      0.00[0m[34;22m      0.00[0m[34;1m     78.19[0m
13:20:48   [32;22m     all[0m[34;1m      8.63[0m[34;22m      0.00[0m[34;1m     12.40[0m[34;22m      0.00[0m[34;22m      0.00[0m[34;1m     78.98[0m
13:20:49   [32;22m     all[0m[34;1m      9.21[0m[34;22m      0.00[0m[34;1m     12.20[0m[34;22m      0.00[0m[34;22m      0.00[0m[34;1m     78.59[0m
13:20:50   [32;22m     all[0m[34;1m      8.89[0m[34;22m      0.00[0m[34;1m     15.09[0m[34;22m      0.00[0m[34;22m      0.00[0m[34;1m     76.01[0m
13:20:51   [32;22m     all[0m[34;1m     10.78[0m[34;22m      0.00[0m[34;1m     14.82[0m[34;22m      0.00[0m[34;22m      0.00[0m[34;1m     74.39[0m
13:20:52   [32;22m     all[0m[34;1m     11.14[0m[34;22m      0.00[0m[34;1m     15.22[0m[34;22m      0.00[0m[34;22m      0.00[0m[34;1m     73.64[0m
13:20:53   [32;22m     all[0m[34;1m     12.90[0m[34;22m      0.00[0m[34;1m     18.01[0m[34;22m      0.00[0m[34;22m      0.00[0m[34;1m     69.09[0m
13:20:54   [32;22m     all[0m[34;1m     10.75[0m[34;22m      0.00[0m[34;1m     16.40[0m[34;22m      0.00[0m[34;22m      0.00[0m[34;1m     72.85[0m
13:20:55   [32;22m     all[0m[34;1m     11.65[0m[34;22m      0.00[0m[34;1m     18.70[0m[34;22m      0.00[0m[34;22m      0.00[0m[34;1m     69.65[0m
13:20:56   [32;22m     all[0m[34;1m     12.33[0m[34;22m      0.00[0m[34;1m     18.63[0m[34;22m      0.00[0m[34;22m      0.00[0m[34;1m     69.04[0m
13:20:57   [32;22m     all[0m[34;1m     12.77[0m[34;22m      0.00[0m[34;1m     20.92[0m[34;22m      0.00[0m[34;22m      0.00[0m[34;1m     66.30[0m
13:20:58   [32;22m     all[0m[34;1m     11.72[0m[34;22m      0.00[0m[34;1m     19.89[0m[34;22m      0.00[0m[34;22m      0.00[0m[34;1m     68.39[0m
13:20:59   [32;22m     all[0m[34;1m     13.77[0m[34;22m      0.00[0m[34;1m     21.49[0m[34;22m      0.00[0m[34;22m      0.00[0m[34;1m     64.74[0m
13:21:00   [32;22m     all[0m[34;1m     16.34[0m[34;22m      0.00[0m[34;1m     27.15[0m[34;22m      0.00[0m[34;22m      0.00[0m[34;1m     56.51[0m
13:21:01   [32;22m     all[0m[34;1m     17.44[0m[34;22m      0.00[0m[34;1m     27.25[0m[34;22m      0.00[0m[34;22m      0.00[0m[34;1m     55.31[0m
13:21:02   [32;22m     all[0m[34;1m     17.46[0m[34;22m      0.00[0m[34;1m     27.04[0m[34;22m      0.00[0m[34;22m      0.00[0m[34;1m     55.49[0m
13:21:03   [32;22m     all[0m[34;1m     18.51[0m[34;22m      0.00[0m[34;1m     29.28[0m[34;22m      0.00[0m[34;22m      0.00[0m[34;1m     52.21[0m
13:21:04   [32;22m     all[0m[34;1m     17.53[0m[34;22m      0.00[0m[34;1m     29.04[0m[34;22m      0.00[0m[34;22m      0.00[0m[34;1m     53.42[0m
13:21:05   [32;22m     all[0m[34;1m     22.03[0m[34;22m      0.00[0m[34;1m     31.07[0m[34;22m      0.00[0m[34;22m      0.00[0m[34;1m     46.89[0m
13:21:06   [32;22m     all[0m[34;1m     20.06[0m[34;22m      0.00[0m[34;1m     33.70[0m[34;1m      0.28[0m[34;22m      0.00[0m[34;1m     45.96[0m
13:21:07   [32;22m     all[0m[34;1m     19.67[0m[34;22m      0.00[0m[34;1m     30.47[0m[34;22m      0.00[0m[34;22m      0.00[0m[34;1m     49.86[0m
13:21:08   [32;22m     all[0m[34;1m     21.85[0m[34;22m      0.00[0m[34;1m     34.73[0m[34;1m      0.28[0m[34;22m      0.00[0m[34;1m     43.14[0m
13:21:09   [32;22m     all[0m[34;1m     25.41[0m[34;22m      0.00[0m[34;1m     37.29[0m[34;22m      0.00[0m[34;22m      0.00[0m[34;1m     37.29[0m
13:21:10   [32;22m     all[0m[34;1m     20.28[0m[34;22m      0.00[0m[34;1m     34.65[0m[34;22m      0.00[0m[34;22m      0.00[0m[34;1m     45.07[0m
13:21:11   [32;22m     all[0m[34;1m     23.33[0m[34;22m      0.00[0m[34;1m     38.33[0m[34;22m      0.00[0m[34;22m      0.00[0m[34;1m     38.33[0m
13:21:12   [32;22m     all[0m[34;1m     24.09[0m[34;22m      0.00[0m[34;1m     37.54[0m[34;22m      0.00[0m[34;22m      0.00[0m[34;1m     38.38[0m
13:21:13   [32;22m     all[0m[34;1m     23.78[0m[34;22m      0.00[0m[34;1m     37.54[0m[34;1m      0.29[0m[34;22m      0.00[0m[34;1m     38.40[0m
13:21:14   [32;22m     all[0m[34;1m     23.08[0m[34;22m      0.00[0m[34;1m     33.62[0m[34;22m      0.00[0m[34;22m      0.00[0m[34;1m     43.30[0m
13:21:15   [32;22m     all[0m[34;1m     21.31[0m[34;22m      0.00[0m[34;1m     37.50[0m[34;22m      0.00[0m[34;22m      0.00[0m[34;1m     41.19[0m
13:21:16   [32;22m     all[0m[34;1m     22.29[0m[34;22m      0.00[0m[34;1m     37.43[0m[34;22m      0.00[0m[34;22m      0.00[0m[34;1m     40.29[0m
13:21:17   [32;22m     all[0m[34;1m     20.87[0m[34;22m      0.00[0m[34;1m     31.88[0m[34;22m      0.00[0m[34;22m      0.00[0m[34;1m     47.25[0m
13:21:18   [32;22m     all[0m[34;1m     23.14[0m[34;22m      0.00[0m[34;1m     37.43[0m[34;22m      0.00[0m[34;22m      0.00[0m[34;1m     39.43[0m
13:21:19   [32;22m     all[0m[34;1m     20.23[0m[34;22m      0.00[0m[34;1m     32.08[0m[34;22m      0.00[0m[34;22m      0.00[0m[34;1m     47.69[0m
13:21:20   [32;22m     all[0m[34;1m     22.35[0m[34;22m      0.00[0m[34;1m     36.10[0m[34;22m      0.00[0m[34;22m      0.00[0m[34;1m     41.55[0m
13:21:21   [32;22m     all[0m[34;1m     20.75[0m[34;22m      0.00[0m[34;1m     36.60[0m[34;22m      0.00[0m[34;22m      0.00[0m[34;1m     42.65[0m
13:21:22   [32;22m     all[0m[34;1m     23.58[0m[34;22m      0.00[0m[34;1m     32.67[0m[34;1m      0.85[0m[34;22m      0.00[0m[34;1m     42.90[0m
13:21:23   [32;22m     all[0m[34;1m     21.04[0m[34;22m      0.00[0m[34;1m     36.31[0m[34;22m      0.00[0m[34;22m      0.00[0m[34;1m     42.65[0m
13:21:24   [32;22m     all[0m[34;1m     24.20[0m[34;22m      0.00[0m[34;1m     37.32[0m[34;22m      0.00[0m[34;22m      0.00[0m[34;1m     38.48[0m
13:21:25   [32;22m     all[0m[34;1m     21.20[0m[34;22m      0.00[0m[34;1m     37.54[0m[34;1m      0.29[0m[34;22m      0.00[0m[34;1m     40.97[0m
13:21:26   [32;22m     all[0m[34;1m     21.22[0m[34;22m      0.00[0m[34;1m     34.88[0m[34;22m      0.00[0m[34;22m      0.00[0m[34;1m     43.90[0m
13:21:27   [32;22m     all[0m[34;1m     23.36[0m[34;22m      0.00[0m[34;1m     37.61[0m[34;22m      0.00[0m[34;22m      0.00[0m[34;1m     39.03[0m
13:21:28   [32;22m     all[0m[34;1m     20.57[0m[34;22m      0.00[0m[34;1m     36.29[0m[34;22m      0.00[0m[34;22m      0.00[0m[34;1m     43.14[0m
13:21:29   [32;22m     all[0m[34;1m     23.12[0m[34;22m      0.00[0m[34;1m     35.55[0m[34;1m      0.29[0m[34;22m      0.00[0m[34;1m     41.04[0m
13:21:30   [32;22m     all[0m[34;1m     21.97[0m[34;22m      0.00[0m[34;1m     36.71[0m[34;22m      0.00[0m[34;22m      0.00[0m[34;1m     41.33[0m
13:21:31   [32;22m     all[0m[34;1m     22.29[0m[34;22m      0.00[0m[34;1m     34.29[0m[34;22m      0.00[0m[34;22m      0.00[0m[34;1m     43.43[0m
13:21:32   [32;22m     all[0m[34;1m     21.81[0m[34;22m      0.00[0m[34;1m     34.56[0m[34;1m      0.57[0m[34;22m      0.00[0m[34;1m     43.06[0m
13:21:33   [32;22m     all[0m[34;1m     21.39[0m[34;22m      0.00[0m[34;1m     35.26[0m[34;22m      0.00[0m[34;22m      0.00[0m[34;1m     43.35[0m
13:21:34   [32;22m     all[0m[34;1m     23.19[0m[34;22m      0.00[0m[34;1m     36.52[0m[34;22m      0.00[0m[34;22m      0.00[0m[34;1m     40.29[0m
13:21:35   [32;22m     all[0m[34;1m     22.00[0m[34;22m      0.00[0m[34;1m     38.29[0m[34;22m      0.00[0m[34;22m      0.00[0m[34;1m     39.71[0m
13:21:36   [32;22m     all[0m[34;1m     23.14[0m[34;22m      0.00[0m[34;1m     35.14[0m[34;22m      0.00[0m[34;22m      0.00[0m[34;1m     41.71[0m
13:21:37   [32;22m     all[0m[34;1m     22.03[0m[34;22m      0.00[0m[34;1m     35.07[0m[34;22m      0.00[0m[34;22m      0.00[0m[34;1m     42.90[0m
13:21:38   [32;22m     all[0m[34;1m     24.29[0m[34;22m      0.00[0m[34;1m     34.57[0m[34;22m      0.00[0m[34;22m      0.00[0m[34;1m     41.14[0m
13:21:39   [32;22m     all[0m[34;1m     23.63[0m[34;22m      0.00[0m[34;1m     36.89[0m[34;22m      0.00[0m[34;22m      0.00[0m[34;1m     39.48[0m
13:21:40   [32;22m     all[0m[34;1m     22.09[0m[34;22m      0.00[0m[34;1m     31.40[0m[34;1m      0.29[0m[34;22m      0.00[0m[34;1m     46.22[0m
13:21:41   [32;22m     all[0m[34;1m     21.94[0m[34;22m      0.00[0m[34;1m     36.47[0m[34;22m      0.00[0m[34;22m      0.00[0m[34;1m     41.60[0m
13:21:42   [32;22m     all[0m[34;1m     22.92[0m[34;22m      0.00[0m[34;1m     36.10[0m[34;22m      0.00[0m[34;22m      0.00[0m[34;1m     40.97[0m
13:21:43   [32;22m     all[0m[34;1m     22.79[0m[34;22m      0.00[0m[34;1m     34.47[0m[34;1m      0.57[0m[34;22m      0.00[0m[34;1m     42.17[0m
13:21:44   [32;22m     all[0m[34;1m     21.37[0m[34;22m      0.00[0m[34;1m     37.89[0m[34;22m      0.00[0m[34;22m      0.00[0m[34;1m     40.74[0m
13:21:45   [32;22m     all[0m[34;1m     21.08[0m[34;22m      0.00[0m[34;1m     35.33[0m[34;1m      0.28[0m[34;22m      0.00[0m[34;1m     43.30[0m
13:21:46   [32;22m     all[0m[34;1m     23.23[0m[34;22m      0.00[0m[34;1m     37.39[0m[34;22m      0.00[0m[34;22m      0.00[0m[34;1m     39.38[0m
13:21:47   [32;22m     all[0m[34;1m     22.00[0m[34;22m      0.00[0m[34;1m     36.29[0m[34;1m      0.29[0m[34;22m      0.00[0m[34;1m     41.43[0m
13:21:48   [32;22m     all[0m[34;1m     20.40[0m[34;22m      0.00[0m[34;1m     35.13[0m[34;22m      0.00[0m[34;22m      0.00[0m[34;1m     44.48[0m
13:21:49   [32;22m     all[0m[34;1m     21.37[0m[34;22m      0.00[0m[34;1m     33.33[0m[34;1m      0.28[0m[34;22m      0.00[0m[34;1m     45.01[0m
13:21:50   [32;22m     all[0m[34;1m     24.00[0m[34;22m      0.00[0m[34;1m     37.71[0m[34;22m      0.00[0m[34;22m      0.00[0m[34;1m     38.29[0m
13:21:51   [32;22m     all[0m[34;1m     23.21[0m[34;22m      0.00[0m[34;1m     35.82[0m[34;22m      0.00[0m[34;22m      0.00[0m[34;1m     40.97[0m
13:21:52   [32;22m     all[0m[34;1m     22.79[0m[34;22m      0.00[0m[34;1m     36.18[0m[34;22m      0.00[0m[34;22m      0.00[0m[34;1m     41.03[0m
13:21:53   [32;22m     all[0m[34;1m     23.05[0m[34;22m      0.00[0m[34;1m     34.58[0m[34;22m      0.00[0m[34;22m      0.00[0m[34;1m     42.36[0m
13:21:54   [32;22m     all[0m[34;1m     23.23[0m[34;22m      0.00[0m[34;1m     36.26[0m[34;22m      0.00[0m[34;22m      0.00[0m[34;1m     40.51[0m
13:21:55   [32;22m     all[0m[34;1m     22.25[0m[34;22m      0.00[0m[34;1m     35.55[0m[34;1m      0.29[0m[34;22m      0.00[0m[34;1m     41.91[0m
13:21:56   [32;22m     all[0m[34;1m     21.74[0m[34;22m      0.00[0m[34;1m     35.07[0m[34;22m      0.00[0m[34;22m      0.00[0m[34;1m     43.19[0m
13:21:57   [32;22m     all[0m[34;1m     22.92[0m[34;22m      0.00[0m[34;1m     35.82[0m[34;22m      0.00[0m[34;22m      0.00[0m[34;1m     41.26[0m
13:21:58   [32;22m     all[0m[34;1m     20.34[0m[34;22m      0.00[0m[34;1m     31.52[0m[34;1m      0.29[0m[34;22m      0.00[0m[34;1m     47.85[0m
13:21:59   [32;22m     all[0m[34;1m     22.41[0m[34;22m      0.00[0m[34;1m     35.63[0m[34;22m      0.00[0m[34;22m      0.00[0m[34;1m     41.95[0m
13:22:00   [32;22m     all[0m[34;1m     24.29[0m[34;22m      0.00[0m[34;1m     37.85[0m[34;22m      0.00[0m[34;22m      0.00[0m[34;1m     37.85[0m
13:22:01   [32;22m     all[0m[34;1m     23.78[0m[34;22m      0.00[0m[34;1m     38.68[0m[34;22m      0.00[0m[34;22m      0.00[0m[34;1m     37.54[0m
13:22:02   [32;22m     all[0m[34;1m     22.16[0m[34;22m      0.00[0m[34;1m     35.23[0m[34;22m      0.00[0m[34;22m      0.00[0m[34;1m     42.61[0m
13:22:03   [32;22m     all[0m[34;1m     22.00[0m[34;22m      0.00[0m[34;1m     36.57[0m[34;22m      0.00[0m[34;22m      0.00[0m[34;1m     41.43[0m
13:22:04   [32;22m     all[0m[34;1m     22.79[0m[34;22m      0.00[0m[34;1m     36.18[0m[34;22m      0.00[0m[34;22m      0.00[0m[34;1m     41.03[0m
13:22:05   [32;22m     all[0m[34;1m     19.54[0m[34;22m      0.00[0m[34;1m     33.62[0m[34;22m      0.00[0m[34;22m      0.00[0m[34;1m     46.84[0m
13:22:06   [32;22m     all[0m[34;1m     22.13[0m[34;22m      0.00[0m[34;1m     39.08[0m[34;22m      0.00[0m[34;22m      0.00[0m[34;1m     38.79[0m
13:22:07   [32;22m     all[0m[34;1m     26.42[0m[34;22m      0.00[0m[34;1m     40.06[0m[34;1m      0.85[0m[34;22m      0.00[0m[34;1m     32.67[0m
13:22:08   [32;22m     all[0m[34;1m     23.43[0m[34;22m      0.00[0m[34;1m     40.00[0m[34;1m      0.29[0m[34;22m      0.00[0m[34;1m     36.29[0m
13:22:09   [32;22m     all[0m[34;1m     23.93[0m[34;22m      0.00[0m[34;1m     37.04[0m[34;22m      0.00[0m[34;22m      0.00[0m[34;1m     39.03[0m
13:22:10   [32;22m     all[0m[34;1m     24.36[0m[34;22m      0.00[0m[34;1m     39.54[0m[34;22m      0.00[0m[34;22m      0.00[0m[34;1m     36.10[0m
13:22:11   [32;22m     all[0m[34;1m     21.37[0m[34;22m      0.00[0m[34;1m     37.04[0m[34;22m      0.00[0m[34;22m      0.00[0m[34;1m     41.60[0m
13:22:12   [32;22m     all[0m[34;1m     24.43[0m[34;22m      0.00[0m[34;1m     37.07[0m[34;22m      0.00[0m[34;22m      0.00[0m[34;1m     38.51[0m
13:22:13   [32;22m     all[0m[34;1m     22.13[0m[34;22m      0.00[0m[34;1m     33.33[0m[34;1m      1.12[0m[34;22m      0.00[0m[34;1m     43.42[0m
13:22:14   [32;22m     all[0m[34;1m     21.04[0m[34;22m      0.00[0m[34;1m     36.89[0m[34;22m      0.00[0m[34;22m      0.00[0m[34;1m     42.07[0m
13:22:15   [32;22m     all[0m[34;1m     23.46[0m[34;22m      0.00[0m[34;1m     36.87[0m[34;22m      0.00[0m[34;22m      0.00[0m[34;1m     39.66[0m
13:22:16   [32;22m     all[0m[34;1m     24.08[0m[34;22m      0.00[0m[34;1m     36.26[0m[34;22m      0.00[0m[34;22m      0.00[0m[34;1m     39.66[0m
13:22:17   [32;22m     all[0m[34;1m     22.38[0m[34;22m      0.00[0m[34;1m     36.26[0m[34;1m      0.57[0m[34;22m      0.00[0m[34;1m     40.79[0m
13:22:18   [32;22m     all[0m[34;1m     22.61[0m[34;22m      0.00[0m[34;1m     33.62[0m[34;1m      0.29[0m[34;22m      0.00[0m[34;1m     43.48[0m
13:22:19   [32;22m     all[0m[34;1m     22.57[0m[34;22m      0.00[0m[34;1m     38.57[0m[34;22m      0.00[0m[34;22m      0.00[0m[34;1m     38.86[0m
13:22:20   [32;22m     all[0m[34;1m     20.93[0m[34;22m      0.00[0m[34;1m     34.01[0m[34;22m      0.00[0m[34;22m      0.00[0m[34;1m     45.06[0m
13:22:21   [32;22m     all[0m[34;1m     23.85[0m[34;22m      0.00[0m[34;1m     39.37[0m[34;22m      0.00[0m[34;22m      0.00[0m[34;1m     36.78[0m
13:22:22   [32;22m     all[0m[34;1m     22.79[0m[34;22m      0.00[0m[34;1m     38.46[0m[34;22m      0.00[0m[34;22m      0.00[0m[34;1m     38.75[0m
13:22:23   [32;22m     all[0m[34;1m     23.71[0m[34;22m      0.00[0m[34;1m     37.71[0m[34;22m      0.00[0m[34;22m      0.00[0m[34;1m     38.57[0m
13:22:24   [32;22m     all[0m[34;1m     22.70[0m[34;22m      0.00[0m[34;1m     39.08[0m[34;22m      0.00[0m[34;22m      0.00[0m[34;1m     38.22[0m
13:22:25   [32;22m     all[0m[34;1m     21.71[0m[34;22m      0.00[0m[34;1m     37.14[0m[34;22m      0.00[0m[34;22m      0.00[0m[34;1m     41.14[0m
13:22:26   [32;22m     all[0m[34;1m     20.59[0m[34;22m      0.00[0m[34;1m     36.47[0m[34;22m      0.00[0m[34;22m      0.00[0m[34;1m     42.94[0m
13:22:27   [32;22m     all[0m[34;1m     24.50[0m[34;22m      0.00[0m[34;1m     41.03[0m[34;22m      0.00[0m[34;22m      0.00[0m[34;1m     34.47[0m
13:22:28   [32;22m     all[0m[34;1m     23.71[0m[34;22m      0.00[0m[34;1m     35.14[0m[34;1m      0.29[0m[34;22m      0.00[0m[34;1m     40.86[0m
13:22:29   [32;22m     all[0m[34;1m     23.93[0m[34;22m      0.00[0m[34;1m     39.03[0m[34;1m      0.28[0m[34;22m      0.00[0m[34;1m     36.75[0m
13:22:30   [32;22m     all[0m[34;1m     27.14[0m[34;22m      0.00[0m[34;1m     39.71[0m[34;1m      0.29[0m[34;22m      0.00[0m[34;1m     32.86[0m
13:22:31   [32;22m     all[0m[34;1m     23.50[0m[34;22m      0.00[0m[34;1m     39.83[0m[34;22m      0.00[0m[34;22m      0.00[0m[34;1m     36.68[0m
13:22:32   [32;22m     all[0m[34;1m     23.56[0m[34;22m      0.00[0m[34;1m     36.21[0m[34;22m      0.00[0m[34;22m      0.00[0m[34;1m     40.23[0m
13:22:33   [32;22m     all[0m[34;1m     22.69[0m[34;22m      0.00[0m[34;1m     34.17[0m[34;1m      0.56[0m[34;22m      0.00[0m[34;1m     42.58[0m
13:22:34   [32;22m     all[0m[34;1m     25.93[0m[34;22m      0.00[0m[34;1m     42.17[0m[34;1m      0.28[0m[34;22m      0.00[0m[34;1m     31.62[0m
13:22:35   [32;22m     all[0m[34;1m     20.17[0m[34;22m      0.00[0m[34;1m     34.66[0m[34;1m      0.28[0m[34;22m      0.00[0m[34;1m     44.89[0m
13:22:36   [32;22m     all[0m[34;1m     24.28[0m[34;22m      0.00[0m[34;1m     41.04[0m[34;22m      0.00[0m[34;22m      0.00[0m[34;1m     34.68[0m
13:22:37   [32;22m     all[0m[34;1m     24.51[0m[34;22m      0.00[0m[34;1m     38.31[0m[34;1m      0.28[0m[34;22m      0.00[0m[34;1m     36.90[0m
13:22:38   [32;22m     all[0m[34;1m     24.43[0m[34;22m      0.00[0m[34;1m     38.35[0m[34;1m      0.28[0m[34;22m      0.00[0m[34;1m     36.93[0m
13:22:39   [32;22m     all[0m[34;1m     23.58[0m[34;22m      0.00[0m[34;1m     38.07[0m[34;1m      0.28[0m[34;22m      0.00[0m[34;1m     38.07[0m
13:22:40   [32;22m     all[0m[34;1m     23.77[0m[34;22m      0.00[0m[34;1m     34.20[0m[34;22m      0.00[0m[34;22m      0.00[0m[34;1m     42.03[0m
13:22:41   [32;22m     all[0m[34;1m     23.71[0m[34;22m      0.00[0m[34;1m     37.71[0m[34;1m      0.29[0m[34;22m      0.00[0m[34;1m     38.29[0m
13:22:42   [32;22m     all[0m[34;1m     21.88[0m[34;22m      0.00[0m[34;1m     34.09[0m[34;1m      0.28[0m[34;22m      0.00[0m[34;1m     43.75[0m
13:22:43   [32;22m     all[0m[34;1m     24.50[0m[34;22m      0.00[0m[34;1m     39.89[0m[34;1m      0.57[0m[34;22m      0.00[0m[34;1m     35.04[0m
13:22:44   [32;22m     all[0m[34;1m     23.56[0m[34;22m      0.00[0m[34;1m     38.22[0m[34;1m      0.29[0m[34;22m      0.00[0m[34;1m     37.93[0m
13:22:45   [32;22m     all[0m[34;1m     20.98[0m[34;22m      0.00[0m[34;1m     34.20[0m[34;22m      0.00[0m[34;22m      0.00[0m[34;1m     44.83[0m
13:22:46   [32;22m     all[0m[34;1m     22.51[0m[34;22m      0.00[0m[34;1m     34.76[0m[34;22m      0.00[0m[34;22m      0.00[0m[34;1m     42.74[0m
13:22:47   [32;22m     all[0m[34;1m     25.57[0m[34;22m      0.00[0m[34;1m     41.95[0m[34;1m      0.57[0m[34;22m      0.00[0m[34;1m     31.90[0m
13:22:48   [32;22m     all[0m[34;1m     21.25[0m[34;22m      0.00[0m[34;1m     35.41[0m[34;1m      0.57[0m[34;22m      0.00[0m[34;1m     42.78[0m
13:22:49   [32;22m     all[0m[34;1m     23.77[0m[34;22m      0.00[0m[34;1m     40.00[0m[34;22m      0.00[0m[34;22m      0.00[0m[34;1m     36.23[0m
13:22:50   [32;22m     all[0m[34;1m     22.19[0m[34;22m      0.00[0m[34;1m     38.33[0m[34;22m      0.00[0m[34;22m      0.00[0m[34;1m     39.48[0m
13:22:51   [32;22m     all[0m[34;1m     25.35[0m[34;22m      0.00[0m[34;1m     40.28[0m[34;1m      0.56[0m[34;22m      0.00[0m[34;1m     33.80[0m
13:22:52   [32;22m     all[0m[34;1m     23.71[0m[34;22m      0.00[0m[34;1m     37.71[0m[34;1m      0.57[0m[34;22m      0.00[0m[34;1m     38.00[0m
13:22:53   [32;22m     all[0m[34;1m     23.93[0m[34;22m      0.00[0m[34;1m     37.32[0m[34;1m      0.85[0m[34;22m      0.00[0m[34;1m     37.89[0m
13:22:54   [32;22m     all[0m[34;1m     22.09[0m[34;22m      0.00[0m[34;1m     38.66[0m[34;1m      0.58[0m[34;22m      0.00[0m[34;1m     38.66[0m
13:22:55   [32;22m     all[0m[34;1m     22.03[0m[34;22m      0.00[0m[34;1m     35.03[0m[34;1m      0.28[0m[34;22m      0.00[0m[34;1m     42.66[0m
13:22:56   [32;22m     all[0m[34;1m     26.22[0m[34;22m      0.00[0m[34;1m     41.21[0m[34;1m      0.29[0m[34;22m      0.00[0m[34;1m     32.28[0m
13:22:57   [32;22m     all[0m[34;1m     22.92[0m[34;22m      0.00[0m[34;1m     38.40[0m[34;1m      0.29[0m[34;22m      0.00[0m[34;1m     38.40[0m
13:22:58   [32;22m     all[0m[34;1m     24.57[0m[34;22m      0.00[0m[34;1m     41.71[0m[34;1m      1.43[0m[34;22m      0.00[0m[34;1m     32.29[0m
13:22:59   [32;22m     all[0m[34;1m     23.78[0m[34;22m      0.00[0m[34;1m     42.69[0m[34;1m      0.57[0m[34;22m      0.00[0m[34;1m     32.95[0m
13:23:00   [32;22m     all[0m[34;1m     22.10[0m[34;22m      0.00[0m[34;1m     38.53[0m[34;1m      0.28[0m[34;22m      0.00[0m[34;1m     39.09[0m
13:23:01   [32;22m     all[0m[34;1m     22.06[0m[34;22m      0.00[0m[34;1m     38.68[0m[34;1m      0.57[0m[34;22m      0.00[0m[34;1m     38.68[0m
13:23:02   [32;22m     all[0m[34;1m     23.55[0m[34;22m      0.00[0m[34;1m     42.15[0m[34;22m      0.00[0m[34;22m      0.00[0m[34;1m     34.30[0m
13:23:03   [32;22m     all[0m[34;1m     22.99[0m[34;22m      0.00[0m[34;1m     40.80[0m[34;1m      0.57[0m[34;22m      0.00[0m[34;1m     35.63[0m
13:23:04   [32;22m     all[0m[34;1m     22.67[0m[34;22m      0.00[0m[34;1m     38.95[0m[34;1m      0.58[0m[34;22m      0.00[0m[34;1m     37.79[0m
13:23:05   [32;22m     all[0m[34;1m     24.93[0m[34;22m      0.00[0m[34;1m     39.26[0m[34;1m      0.29[0m[34;22m      0.00[0m[34;1m     35.53[0m
13:23:06   [32;22m     all[0m[34;1m     23.26[0m[34;22m      0.00[0m[34;1m     39.53[0m[34;1m      0.29[0m[34;22m      0.00[0m[34;1m     36.92[0m
13:23:07   [32;22m     all[0m[34;1m     25.07[0m[34;22m      0.00[0m[34;1m     41.03[0m[34;22m      0.00[0m[34;22m      0.00[0m[34;1m     33.90[0m
13:23:08   [32;22m     all[0m[34;1m     23.16[0m[34;22m      0.00[0m[34;1m     34.75[0m[34;1m      0.28[0m[34;22m      0.00[0m[34;1m     41.81[0m
13:23:09   [32;22m     all[0m[34;1m     23.01[0m[34;22m      0.00[0m[34;1m     41.48[0m[34;1m      0.57[0m[34;22m      0.00[0m[34;1m     34.94[0m
13:23:10   [32;22m     all[0m[34;1m     20.69[0m[34;22m      0.00[0m[34;1m     39.08[0m[34;22m      0.00[0m[34;22m      0.00[0m[34;1m     40.23[0m
13:23:11   [32;22m     all[0m[34;1m     26.21[0m[34;22m      0.00[0m[34;1m     45.58[0m[34;1m      0.57[0m[34;22m      0.00[0m[34;1m     27.64[0m
13:23:12   [32;22m     all[0m[34;1m     24.64[0m[34;22m      0.00[0m[34;1m     40.29[0m[34;1m      0.29[0m[34;22m      0.00[0m[34;1m     34.78[0m
13:23:13   [32;22m     all[0m[34;1m     21.97[0m[34;22m      0.00[0m[34;1m     42.54[0m[34;1m      2.82[0m[34;22m      0.00[0m[34;1m     32.68[0m
13:23:14   [32;22m     all[0m[34;1m     24.01[0m[34;22m      0.00[0m[34;1m     38.98[0m[34;1m      0.28[0m[34;22m      0.00[0m[34;1m     36.72[0m
13:23:15   [32;22m     all[0m[34;1m     23.86[0m[34;22m      0.00[0m[34;1m     43.18[0m[34;1m      0.57[0m[34;22m      0.00[0m[34;1m     32.39[0m
13:23:16   [32;22m     all[0m[34;1m     20.17[0m[34;22m      0.00[0m[34;1m     35.73[0m[34;22m      0.00[0m[34;22m      0.00[0m[34;1m     44.09[0m
13:23:17   [32;22m     all[0m[34;1m     24.79[0m[34;22m      0.00[0m[34;1m     43.02[0m[34;22m      0.00[0m[34;22m      0.00[0m[34;1m     32.19[0m
13:23:18   [32;22m     all[0m[34;1m     22.06[0m[34;22m      0.00[0m[34;1m     38.40[0m[34;1m      0.57[0m[34;22m      0.00[0m[34;1m     38.97[0m
13:23:19   [32;22m     all[0m[34;1m     22.86[0m[34;22m      0.00[0m[34;1m     40.00[0m[34;1m      0.29[0m[34;22m      0.00[0m[34;1m     36.86[0m
13:23:20   [32;22m     all[0m[34;1m     20.69[0m[34;22m      0.00[0m[34;1m     38.79[0m[34;1m      0.29[0m[34;22m      0.00[0m[34;1m     40.23[0m
13:23:21   [32;22m     all[0m[34;1m     23.78[0m[34;22m      0.00[0m[34;1m     38.68[0m[34;1m      0.29[0m[34;22m      0.00[0m[34;1m     37.25[0m
13:23:22   [32;22m     all[0m[34;1m     22.92[0m[34;22m      0.00[0m[34;1m     35.82[0m[34;1m      0.29[0m[34;22m      0.00[0m[34;1m     40.97[0m
13:23:23   [32;22m     all[0m[34;1m     22.66[0m[34;22m      0.00[0m[34;1m     37.68[0m[34;22m      0.00[0m[34;22m      0.00[0m[34;1m     39.66[0m
13:23:24   [32;22m     all[0m[34;1m     23.01[0m[34;22m      0.00[0m[34;1m     39.49[0m[34;1m      0.28[0m[34;22m      0.00[0m[34;1m     37.22[0m
13:23:25   [32;22m     all[0m[34;1m     24.86[0m[34;22m      0.00[0m[34;1m     38.73[0m[34;22m      0.00[0m[34;22m      0.00[0m[34;1m     36.42[0m
13:23:26   [32;22m     all[0m[34;1m     24.29[0m[34;22m      0.00[0m[34;1m     39.27[0m[34;1m      0.56[0m[34;22m      0.00[0m[34;1m     35.88[0m
13:23:27   [32;22m     all[0m[34;1m     22.10[0m[34;22m      0.00[0m[34;1m     38.24[0m[34;1m      0.28[0m[34;22m      0.00[0m[34;1m     39.38[0m
13:23:28   [32;22m     all[0m[34;1m     23.70[0m[34;22m      0.00[0m[34;1m     39.60[0m[34;22m      0.00[0m[34;22m      0.00[0m[34;1m     36.71[0m
13:23:29   [32;22m     all[0m[34;1m     23.46[0m[34;22m      0.00[0m[34;1m     36.31[0m[34;1m      0.28[0m[34;22m      0.00[0m[34;1m     39.94[0m
13:23:30   [32;22m     all[0m[34;1m     22.86[0m[34;22m      0.00[0m[34;1m     36.00[0m[34;1m      0.29[0m[34;22m      0.00[0m[34;1m     40.86[0m
13:23:31   [32;22m     all[0m[34;1m     23.36[0m[34;22m      0.00[0m[34;1m     37.32[0m[34;22m      0.00[0m[34;22m      0.00[0m[34;1m     39.32[0m
13:23:32   [32;22m     all[0m[34;1m     25.00[0m[34;22m      0.00[0m[34;1m     44.54[0m[34;22m      0.00[0m[34;22m      0.00[0m[34;1m     30.46[0m
13:23:33   [32;22m     all[0m[34;1m     22.03[0m[34;22m      0.00[0m[34;1m     37.29[0m[34;1m      0.28[0m[34;22m      0.00[0m[34;1m     40.40[0m
13:23:34   [32;22m     all[0m[34;1m     23.21[0m[34;22m      0.00[0m[34;1m     38.11[0m[34;1m      0.29[0m[34;22m      0.00[0m[34;1m     38.40[0m
13:23:35   [32;22m     all[0m[34;1m     26.99[0m[34;22m      0.00[0m[34;1m     39.77[0m[34;1m      0.28[0m[34;22m      0.00[0m[34;1m     32.95[0m
13:23:36   [32;22m     all[0m[34;1m     25.57[0m[34;22m      0.00[0m[34;1m     42.33[0m[34;1m      0.28[0m[34;22m      0.00[0m[34;1m     31.82[0m
13:23:37   [32;22m     all[0m[34;1m     21.88[0m[34;22m      0.00[0m[34;1m     39.49[0m[34;22m      0.00[0m[34;22m      0.00[0m[34;1m     38.64[0m
13:23:38   [32;22m     all[0m[34;1m     26.07[0m[34;22m      0.00[0m[34;1m     42.41[0m[34;1m      0.29[0m[34;22m      0.00[0m[34;1m     31.23[0m
13:23:39   [32;22m     all[0m[34;1m     22.45[0m[34;22m      0.00[0m[34;1m     41.98[0m[34;22m      0.00[0m[34;22m      0.00[0m[34;1m     35.57[0m
13:23:40   [32;22m     all[0m[34;1m     23.58[0m[34;22m      0.00[0m[34;1m     36.65[0m[34;1m      0.28[0m[34;22m      0.00[0m[34;1m     39.49[0m
13:23:41   [32;22m     all[0m[34;1m     24.50[0m[34;22m      0.00[0m[34;1m     44.09[0m[34;1m      0.58[0m[34;22m      0.00[0m[34;1m     30.84[0m
13:23:42   [32;22m     all[0m[34;1m     25.28[0m[34;22m      0.00[0m[34;1m     40.34[0m[34;1m      0.28[0m[34;22m      0.00[0m[34;1m     34.09[0m
13:23:43   [32;22m     all[0m[34;1m     24.79[0m[34;22m      0.00[0m[34;1m     44.73[0m[34;1m      0.85[0m[34;22m      0.00[0m[34;1m     29.63[0m
13:23:44   [32;22m     all[0m[34;1m     24.00[0m[34;22m      0.00[0m[34;1m     42.86[0m[34;1m      0.57[0m[34;22m      0.00[0m[34;1m     32.57[0m
13:23:45   [32;22m     all[0m[34;1m     23.08[0m[34;22m      0.00[0m[34;1m     42.74[0m[34;1m      1.14[0m[34;22m      0.00[0m[34;1m     33.05[0m
13:23:46   [32;22m     all[0m[34;1m     21.55[0m[34;22m      0.00[0m[34;1m     40.80[0m[34;22m      0.00[0m[34;22m      0.00[0m[34;1m     37.64[0m
13:23:47   [32;22m     all[0m[34;1m     23.58[0m[34;22m      0.00[0m[34;1m     42.05[0m[34;1m      0.57[0m[34;22m      0.00[0m[34;1m     33.81[0m
13:23:48   [32;22m     all[0m[34;1m     23.71[0m[34;22m      0.00[0m[34;1m     41.14[0m[34;1m      0.29[0m[34;22m      0.00[0m[34;1m     34.86[0m
13:23:49   [32;22m     all[0m[34;1m     23.91[0m[34;22m      0.00[0m[34;1m     37.61[0m[34;1m      0.58[0m[34;22m      0.00[0m[34;1m     37.90[0m
13:23:50   [32;22m     all[0m[34;1m     22.95[0m[34;22m      0.00[0m[34;1m     39.38[0m[34;22m      0.00[0m[34;22m      0.00[0m[34;1m     37.68[0m
13:23:51   [32;22m     all[0m[34;1m     22.73[0m[34;22m      0.00[0m[34;1m     40.62[0m[34;1m      0.28[0m[34;22m      0.00[0m[34;1m     36.36[0m
13:23:52   [32;22m     all[0m[34;1m     24.71[0m[34;22m      0.00[0m[34;1m     41.86[0m[34;22m      0.00[0m[34;22m      0.00[0m[34;1m     33.43[0m
13:23:53   [32;22m     all[0m[34;1m     21.63[0m[34;22m      0.00[0m[34;1m     35.39[0m[34;22m      0.00[0m[34;22m      0.00[0m[34;1m     42.98[0m
13:23:54   [32;22m     all[0m[34;1m     24.64[0m[34;22m      0.00[0m[34;1m     40.29[0m[34;1m      0.58[0m[34;22m      0.00[0m[34;1m     34.49[0m
13:23:55   [32;22m     all[0m[34;1m     23.01[0m[34;22m      0.00[0m[34;1m     37.50[0m[34;1m      0.28[0m[34;22m      0.00[0m[34;1m     39.20[0m
13:23:56   [32;22m     all[0m[34;1m     23.14[0m[34;22m      0.00[0m[34;1m     36.57[0m[34;1m      0.29[0m[34;22m      0.00[0m[34;1m     40.00[0m
13:23:57   [32;22m     all[0m[34;1m     25.94[0m[34;22m      0.00[0m[34;1m     41.21[0m[34;22m      0.00[0m[34;22m      0.00[0m[34;1m     32.85[0m
13:23:58   [32;22m     all[0m[34;1m     23.34[0m[34;22m      0.00[0m[34;1m     36.02[0m[34;1m      0.29[0m[34;22m      0.00[0m[34;1m     40.35[0m
13:23:59   [32;22m     all[0m[34;1m     23.14[0m[34;22m      0.00[0m[34;1m     37.14[0m[34;22m      0.00[0m[34;22m      0.00[0m[34;1m     39.71[0m
13:24:00   [32;22m     all[0m[34;1m     23.86[0m[34;22m      0.00[0m[34;1m     38.35[0m[34;22m      0.00[0m[34;22m      0.00[0m[34;1m     37.78[0m
13:24:01   [32;22m     all[0m[34;1m     25.07[0m[34;22m      0.00[0m[34;1m     39.15[0m[34;22m      0.00[0m[34;22m      0.00[0m[34;1m     35.77[0m
13:24:02   [32;22m     all[0m[34;1m     26.00[0m[34;22m      0.00[0m[34;1m     40.86[0m[34;22m      0.00[0m[34;22m      0.00[0m[34;1m     33.14[0m
13:24:03   [32;22m     all[0m[34;1m     22.57[0m[34;22m      0.00[0m[34;1m     38.86[0m[34;22m      0.00[0m[34;22m      0.00[0m[34;1m     38.57[0m
13:24:04   [32;22m     all[0m[34;1m     21.25[0m[34;22m      0.00[0m[34;1m     40.51[0m[34;1m      0.85[0m[34;22m      0.00[0m[34;1m     37.39[0m
13:24:05   [32;22m     all[0m[34;1m     22.48[0m[34;22m      0.00[0m[34;1m     40.35[0m[34;22m      0.00[0m[34;22m      0.00[0m[34;1m     37.18[0m
13:24:06   [32;22m     all[0m[34;1m     21.08[0m[34;22m      0.00[0m[34;1m     37.61[0m[34;1m      0.28[0m[34;22m      0.00[0m[34;1m     41.03[0m
13:24:07   [32;22m     all[0m[34;1m     23.92[0m[34;22m      0.00[0m[34;1m     35.73[0m[34;22m      0.00[0m[34;22m      0.00[0m[34;1m     40.35[0m
13:24:08   [32;22m     all[0m[34;1m     23.45[0m[34;22m      0.00[0m[34;1m     39.55[0m[34;22m      0.00[0m[34;22m      0.00[0m[34;1m     37.01[0m
13:24:09   [32;22m     all[0m[34;1m     23.38[0m[34;22m      0.00[0m[34;1m     41.69[0m[34;1m      0.28[0m[34;22m      0.00[0m[34;1m     34.65[0m
13:24:10   [32;22m     all[0m[34;1m     24.64[0m[34;22m      0.00[0m[34;1m     37.68[0m[34;1m      0.29[0m[34;22m      0.00[0m[34;1m     37.39[0m
13:24:11   [32;22m     all[0m[34;1m     26.27[0m[34;22m      0.00[0m[34;1m     43.22[0m[34;1m      0.56[0m[34;22m      0.00[0m[34;1m     29.94[0m
13:24:12   [32;22m     all[0m[34;1m     24.64[0m[34;22m      0.00[0m[34;1m     37.10[0m[34;1m      0.29[0m[34;22m      0.00[0m[34;1m     37.97[0m
13:24:13   [32;22m     all[0m[34;1m     24.79[0m[34;22m      0.00[0m[34;1m     43.10[0m[34;1m      0.28[0m[34;22m      0.00[0m[34;1m     31.83[0m
13:24:14   [32;22m     all[0m[34;1m     23.01[0m[34;22m      0.00[0m[34;1m     44.89[0m[34;1m      0.57[0m[34;22m      0.00[0m[34;1m     31.53[0m
13:24:15   [32;22m     all[0m[34;1m     22.99[0m[34;22m      0.00[0m[34;1m     39.37[0m[34;1m      0.29[0m[34;22m      0.00[0m[34;1m     37.36[0m
13:24:16   [32;22m     all[0m[34;1m     22.73[0m[34;22m      0.00[0m[34;1m     44.03[0m[34;1m      0.57[0m[34;22m      0.00[0m[34;1m     32.67[0m
13:24:17   [32;22m     all[0m[34;1m     24.57[0m[34;22m      0.00[0m[34;1m     38.86[0m[34;1m      0.29[0m[34;22m      0.00[0m[34;1m     36.29[0m
13:24:18   [32;22m     all[0m[34;1m     24.22[0m[34;22m      0.00[0m[34;1m     38.46[0m[34;1m      0.57[0m[34;22m      0.00[0m[34;1m     36.75[0m
13:24:19   [32;22m     all[0m[34;1m     24.72[0m[34;22m      0.00[0m[34;1m     38.20[0m[34;1m      0.28[0m[34;22m      0.00[0m[34;1m     36.80[0m
13:24:20   [32;22m     all[0m[34;1m     23.62[0m[34;22m      0.00[0m[34;1m     41.98[0m[34;22m      0.00[0m[34;22m      0.00[0m[34;1m     34.40[0m
13:24:21   [32;22m     all[0m[34;1m     24.64[0m[34;22m      0.00[0m[34;1m     36.10[0m[34;22m      0.00[0m[34;22m      0.00[0m[34;1m     39.26[0m
13:24:22   [32;22m     all[0m[34;1m     25.00[0m[34;22m      0.00[0m[34;1m     40.06[0m[34;22m      0.00[0m[34;22m      0.00[0m[34;1m     34.94[0m
13:24:23   [32;22m     all[0m[34;1m     23.48[0m[34;22m      0.00[0m[34;1m     38.26[0m[34;22m      0.00[0m[34;22m      0.00[0m[34;1m     38.26[0m
13:24:24   [32;22m     all[0m[34;1m     22.79[0m[34;22m      0.00[0m[34;1m     41.31[0m[34;1m      0.85[0m[34;22m      0.00[0m[34;1m     35.04[0m
13:24:25   [32;22m     all[0m[34;1m     23.19[0m[34;22m      0.00[0m[34;1m     37.68[0m[34;22m      0.00[0m[34;22m      0.00[0m[34;1m     39.13[0m
13:24:26   [32;22m     all[0m[34;1m     21.55[0m[34;22m      0.00[0m[34;1m     37.07[0m[34;22m      0.00[0m[34;22m      0.00[0m[34;1m     41.38[0m
13:24:27   [32;22m     all[0m[34;1m     21.55[0m[34;22m      0.00[0m[34;1m     35.63[0m[34;1m      0.29[0m[34;22m      0.00[0m[34;1m     42.53[0m
13:24:28   [32;22m     all[0m[34;1m     23.92[0m[34;22m      0.00[0m[34;1m     39.48[0m[34;1m      0.29[0m[34;22m      0.00[0m[34;1m     36.31[0m
13:24:29   [32;22m     all[0m[34;1m     24.43[0m[34;22m      0.00[0m[34;1m     40.06[0m[34;22m      0.00[0m[34;22m      0.00[0m[34;1m     35.51[0m
13:24:30   [32;22m     all[0m[34;1m     22.22[0m[34;22m      0.00[0m[34;1m     37.89[0m[34;1m      0.57[0m[34;22m      0.00[0m[34;1m     39.32[0m
13:24:31   [32;22m     all[0m[34;1m     24.29[0m[34;22m      0.00[0m[34;1m     36.86[0m[34;22m      0.00[0m[34;22m      0.00[0m[34;1m     38.86[0m
13:24:32   [32;22m     all[0m[34;1m     25.99[0m[34;22m      0.00[0m[34;1m     38.42[0m[34;1m      0.56[0m[34;22m      0.00[0m[34;1m     35.03[0m
13:24:33   [32;22m     all[0m[34;1m     22.25[0m[34;22m      0.00[0m[34;1m     37.28[0m[34;22m      0.00[0m[34;22m      0.00[0m[34;1m     40.46[0m
13:24:34   [32;22m     all[0m[34;1m     23.26[0m[34;22m      0.00[0m[34;1m     36.34[0m[34;1m      0.29[0m[34;22m      0.00[0m[34;1m     40.12[0m
13:24:35   [32;22m     all[0m[34;1m     22.38[0m[34;22m      0.00[0m[34;1m     37.96[0m[34;22m      0.00[0m[34;22m      0.00[0m[34;1m     39.66[0m
13:24:36   [32;22m     all[0m[34;1m     22.95[0m[34;22m      0.00[0m[34;1m     39.09[0m[34;1m      0.28[0m[34;22m      0.00[0m[34;1m     37.68[0m
13:24:37   [32;22m     all[0m[34;1m     25.64[0m[34;22m      0.00[0m[34;1m     39.60[0m[34;1m      0.28[0m[34;22m      0.00[0m[34;1m     34.47[0m
13:24:38   [32;22m     all[0m[34;1m     25.43[0m[34;22m      0.00[0m[34;1m     38.44[0m[34;1m      0.29[0m[34;22m      0.00[0m[34;1m     35.84[0m
13:24:39   [32;22m     all[0m[34;1m     22.41[0m[34;22m      0.00[0m[34;1m     34.73[0m[34;22m      0.00[0m[34;22m      0.00[0m[34;1m     42.86[0m
13:24:40   [32;22m     all[0m[34;1m     24.42[0m[34;22m      0.00[0m[34;1m     41.28[0m[34;22m      0.00[0m[34;22m      0.00[0m[34;1m     34.30[0m
13:24:41   [32;22m     all[0m[34;1m     23.36[0m[34;22m      0.00[0m[34;1m     37.04[0m[34;22m      0.00[0m[34;22m      0.00[0m[34;1m     39.60[0m
13:24:42   [32;22m     all[0m[34;1m     24.65[0m[34;22m      0.00[0m[34;1m     39.50[0m[34;1m      0.28[0m[34;22m      0.00[0m[34;1m     35.57[0m
13:24:43   [32;22m     all[0m[34;1m     23.62[0m[34;22m      0.00[0m[34;1m     44.61[0m[34;1m      0.58[0m[34;22m      0.00[0m[34;1m     31.20[0m
13:24:44   [32;22m     all[0m[34;1m     23.71[0m[34;22m      0.00[0m[34;1m     39.14[0m[34;22m      0.00[0m[34;22m      0.00[0m[34;1m     37.14[0m
13:24:45   [32;22m     all[0m[34;1m     22.92[0m[34;22m      0.00[0m[34;1m     38.68[0m[34;22m      0.00[0m[34;22m      0.00[0m[34;1m     38.40[0m
13:24:46   [32;22m     all[0m[34;1m     25.57[0m[34;22m      0.00[0m[34;1m     41.38[0m[34;1m      0.29[0m[34;22m      0.00[0m[34;1m     32.76[0m
13:24:47   [32;22m     all[0m[34;1m     23.58[0m[34;22m      0.00[0m[34;1m     40.34[0m[34;1m      0.28[0m[34;22m      0.00[0m[34;1m     35.80[0m
13:24:48   [32;22m     all[0m[34;1m     23.77[0m[34;22m      0.00[0m[34;1m     40.00[0m[34;22m      0.00[0m[34;22m      0.00[0m[34;1m     36.23[0m
13:24:49   [32;22m     all[0m[34;1m     24.29[0m[34;22m      0.00[0m[34;1m     37.71[0m[34;22m      0.00[0m[34;22m      0.00[0m[34;1m     38.00[0m
13:24:50   [32;22m     all[0m[34;1m     22.92[0m[34;22m      0.00[0m[34;1m     36.39[0m[34;1m      0.57[0m[34;22m      0.00[0m[34;1m     40.11[0m
13:24:51   [32;22m     all[0m[34;1m     22.74[0m[34;22m      0.00[0m[34;1m     38.19[0m[34;22m      0.00[0m[34;22m      0.00[0m[34;1m     39.07[0m
13:24:52   [32;22m     all[0m[34;1m     24.65[0m[34;22m      0.00[0m[34;1m     39.06[0m[34;1m      0.28[0m[34;22m      0.00[0m[34;1m     36.01[0m
13:24:53   [32;22m     all[0m[34;1m     22.92[0m[34;22m      0.00[0m[34;1m     36.68[0m[34;22m      0.00[0m[34;22m      0.00[0m[34;1m     40.40[0m
13:24:54   [32;22m     all[0m[34;1m     25.07[0m[34;22m      0.00[0m[34;1m     42.94[0m[34;1m      0.29[0m[34;22m      0.00[0m[34;1m     31.70[0m
13:24:55   [32;22m     all[0m[34;1m     19.66[0m[34;22m      0.00[0m[34;1m     32.19[0m[34;22m      0.00[0m[34;22m      0.00[0m[34;1m     48.15[0m
13:24:56   [32;22m     all[0m[34;1m     23.68[0m[34;22m      0.00[0m[34;1m     40.94[0m[34;1m      0.29[0m[34;22m      0.00[0m[34;1m     35.09[0m
13:24:57   [32;22m     all[0m[34;1m     24.36[0m[34;22m      0.00[0m[34;1m     37.54[0m[34;22m      0.00[0m[34;22m      0.00[0m[34;1m     38.11[0m
13:24:58   [32;22m     all[0m[34;1m     21.59[0m[34;22m      0.00[0m[34;1m     36.65[0m[34;1m      0.57[0m[34;22m      0.00[0m[34;1m     41.19[0m
13:24:59   [32;22m     all[0m[34;1m     25.43[0m[34;22m      0.00[0m[34;1m     40.17[0m[34;22m      0.00[0m[34;22m      0.00[0m[34;1m     34.39[0m
13:25:00   [32;22m     all[0m[34;1m     22.86[0m[34;22m      0.00[0m[34;1m     36.57[0m[34;22m      0.00[0m[34;22m      0.00[0m[34;1m     40.57[0m
13:25:01   [32;22m     all[0m[34;1m     23.63[0m[34;22m      0.00[0m[34;1m     38.62[0m[34;22m      0.00[0m[34;22m      0.00[0m[34;1m     37.75[0m
13:25:02   [32;22m     all[0m[34;1m     30.56[0m[34;22m      0.00[0m[34;1m     48.61[0m[34;22m      0.00[0m[34;22m      0.00[0m[35;1m     20.83[0m
13:25:03   [32;22m     all[0m[34;1m     25.91[0m[34;22m      0.00[0m[34;1m     41.50[0m[34;1m      0.84[0m[34;22m      0.00[0m[34;1m     31.75[0m
13:25:04   [32;22m     all[0m[34;1m     22.73[0m[34;22m      0.00[0m[34;1m     41.76[0m[34;1m      0.57[0m[34;22m      0.00[0m[34;1m     34.94[0m
13:25:05   [32;22m     all[0m[34;1m     24.86[0m[34;22m      0.00[0m[34;1m     42.00[0m[34;1m      0.29[0m[34;22m      0.00[0m[34;1m     32.86[0m
13:25:06   [32;22m     all[0m[34;1m     23.56[0m[34;22m      0.00[0m[34;1m     42.24[0m[34;1m      0.29[0m[34;22m      0.00[0m[34;1m     33.91[0m
13:25:07   [32;22m     all[0m[34;1m     24.72[0m[34;22m      0.00[0m[34;1m     43.54[0m[34;1m      1.12[0m[34;22m      0.00[0m[34;1m     30.62[0m
13:25:08   [32;22m     all[0m[34;1m     23.58[0m[34;22m      0.00[0m[34;1m     40.34[0m[34;22m      0.00[0m[34;22m      0.00[0m[34;1m     36.08[0m
13:25:09   [32;22m     all[0m[34;1m     23.51[0m[34;22m      0.00[0m[34;1m     40.23[0m[34;1m      0.28[0m[34;22m      0.00[0m[34;1m     35.98[0m
13:25:10   [32;22m     all[0m[34;1m     23.06[0m[34;22m      0.00[0m[34;1m     40.56[0m[34;1m      0.28[0m[34;22m      0.00[0m[34;1m     36.11[0m
13:25:11   [32;22m     all[0m[34;1m     23.58[0m[34;22m      0.00[0m[34;1m     41.19[0m[34;22m      0.00[0m[34;22m      0.00[0m[34;1m     35.23[0m
13:25:12   [32;22m     all[0m[34;1m     23.71[0m[34;22m      0.00[0m[34;1m     38.29[0m[34;22m      0.00[0m[34;22m      0.00[0m[34;1m     38.00[0m
13:25:13   [32;22m     all[0m[34;1m     23.78[0m[34;22m      0.00[0m[34;1m     42.69[0m[34;1m      1.72[0m[34;22m      0.00[0m[34;1m     31.81[0m
13:25:14   [32;22m     all[0m[34;1m     23.21[0m[34;22m      0.00[0m[34;1m     44.70[0m[34;22m      0.00[0m[34;22m      0.00[0m[34;1m     32.09[0m
13:25:15   [32;22m     all[0m[34;1m     22.54[0m[34;22m      0.00[0m[34;1m     42.77[0m[34;1m      0.58[0m[34;22m      0.00[0m[34;1m     34.10[0m
13:25:16   [32;22m     all[0m[34;1m     22.54[0m[34;22m      0.00[0m[34;1m     35.55[0m[34;22m      0.00[0m[34;22m      0.00[0m[34;1m     41.91[0m
13:25:17   [32;22m     all[0m[34;1m     25.57[0m[34;22m      0.00[0m[34;1m     40.62[0m[34;22m      0.00[0m[34;22m      0.00[0m[34;1m     33.81[0m
13:25:18   [32;22m     all[0m[34;1m     21.49[0m[34;22m      0.00[0m[34;1m     36.39[0m[34;1m      0.57[0m[34;22m      0.00[0m[34;1m     41.55[0m
13:25:19   [32;22m     all[0m[34;1m     23.05[0m[34;22m      0.00[0m[34;1m     40.92[0m[34;1m      0.29[0m[34;22m      0.00[0m[34;1m     35.73[0m
13:25:20   [32;22m     all[0m[34;1m     22.73[0m[34;22m      0.00[0m[34;1m     38.64[0m[34;1m      0.57[0m[34;22m      0.00[0m[34;1m     38.07[0m
13:25:21   [32;22m     all[0m[34;1m     22.90[0m[34;22m      0.00[0m[34;1m     36.23[0m[34;22m      0.00[0m[34;22m      0.00[0m[34;1m     40.87[0m
13:25:22   [32;22m     all[0m[34;1m     25.71[0m[34;22m      0.00[0m[34;1m     44.86[0m[34;22m      0.00[0m[34;22m      0.00[0m[34;1m     29.43[0m
13:25:23   [32;22m     all[0m[34;1m     22.06[0m[34;22m      0.00[0m[34;1m     34.96[0m[34;22m      0.00[0m[34;22m      0.00[0m[34;1m     42.98[0m
13:25:24   [32;22m     all[0m[34;1m     21.80[0m[34;22m      0.00[0m[34;1m     39.24[0m[34;22m      0.00[0m[34;22m      0.00[0m[34;1m     38.95[0m
13:25:25   [32;22m     all[0m[34;1m     21.63[0m[34;22m      0.00[0m[34;1m     39.33[0m[34;1m      0.28[0m[34;22m      0.00[0m[34;1m     38.76[0m
13:25:26   [32;22m     all[0m[34;1m     21.55[0m[34;22m      0.00[0m[34;1m     36.78[0m[34;22m      0.00[0m[34;22m      0.00[0m[34;1m     41.67[0m
13:25:27   [32;22m     all[0m[34;1m     24.14[0m[34;22m      0.00[0m[34;1m     39.66[0m[34;1m      0.29[0m[34;22m      0.00[0m[34;1m     35.92[0m
13:25:28   [32;22m     all[0m[34;1m     24.50[0m[34;22m      0.00[0m[34;1m     41.50[0m[34;1m      0.29[0m[34;22m      0.00[0m[34;1m     33.72[0m
13:25:29   [32;22m     all[0m[34;1m     27.59[0m[34;22m      0.00[0m[34;1m     41.67[0m[34;22m      0.00[0m[34;22m      0.00[0m[34;1m     30.75[0m
13:25:30   [32;22m     all[0m[34;1m     21.08[0m[34;22m      0.00[0m[34;1m     36.47[0m[34;1m      0.28[0m[34;22m      0.00[0m[34;1m     42.17[0m
13:25:31   [32;22m     all[0m[34;1m     22.64[0m[34;22m      0.00[0m[34;1m     37.25[0m[34;1m      0.29[0m[34;22m      0.00[0m[34;1m     39.83[0m
13:25:32   [32;22m     all[0m[34;1m     22.95[0m[34;22m      0.00[0m[34;1m     37.96[0m[34;1m      0.28[0m[34;22m      0.00[0m[34;1m     38.81[0m
13:25:33   [32;22m     all[0m[34;1m     26.67[0m[34;22m      0.00[0m[34;1m     40.87[0m[34;22m      0.00[0m[34;22m      0.00[0m[34;1m     32.46[0m
13:25:34   [32;22m     all[0m[34;1m     25.43[0m[34;22m      0.00[0m[34;1m     41.62[0m[34;1m      0.29[0m[34;22m      0.00[0m[34;1m     32.66[0m
13:25:35   [32;22m     all[0m[34;1m     21.75[0m[34;22m      0.00[0m[34;1m     34.46[0m[34;1m      0.28[0m[34;22m      0.00[0m[34;1m     43.50[0m
13:25:36   [32;22m     all[0m[34;1m     23.63[0m[34;22m      0.00[0m[34;1m     38.04[0m[34;22m      0.00[0m[34;22m      0.00[0m[34;1m     38.33[0m
13:25:37   [32;22m     all[0m[34;1m     23.14[0m[34;22m      0.00[0m[34;1m     36.86[0m[34;22m      0.00[0m[34;22m      0.00[0m[34;1m     40.00[0m
13:25:38   [32;22m     all[0m[34;1m     25.78[0m[34;22m      0.00[0m[34;1m     41.93[0m[34;22m      0.00[0m[34;22m      0.00[0m[34;1m     32.29[0m
13:25:39   [32;22m     all[0m[34;1m     22.45[0m[34;22m      0.00[0m[34;1m     37.61[0m[34;1m      0.29[0m[34;22m      0.00[0m[34;1m     39.65[0m
13:25:40   [32;22m     all[0m[34;1m     23.58[0m[34;22m      0.00[0m[34;1m     38.35[0m[34;1m      0.28[0m[34;22m      0.00[0m[34;1m     37.78[0m
13:25:41   [32;22m     all[0m[34;1m     21.97[0m[34;22m      0.00[0m[34;1m     39.88[0m[34;1m      0.58[0m[34;22m      0.00[0m[34;1m     37.57[0m
13:25:42   [32;22m     all[0m[34;1m     23.61[0m[34;22m      0.00[0m[34;1m     41.94[0m[34;1m      0.56[0m[34;22m      0.00[0m[34;1m     33.89[0m
