Linux 6.6.95 (minikube) 	04/17/26 	_x86_64_	(4 CPU)

13:20:42    kbmemfree   kbavail kbmemused  %memused kbbuffers  kbcached  kbcommit   %commit  kbactive   kbinact   kbdirty
13:20:43   [34;1m   1367076[0m[34;1m   1470328[0m[34;1m   1242640[0m[34;1m     31.06[0m[34;1m     22532[0m[34;1m   1236676[0m[34;1m   6044584[0m[31;1m    151.06[0m[34;1m    726264[0m[34;1m   1624780[0m[34;1m       376[0m
13:20:44   [34;1m   1321400[0m[34;1m   1424880[0m[34;1m   1286952[0m[34;1m     32.16[0m[34;1m     22532[0m[34;1m   1236840[0m[34;1m   6105984[0m[31;1m    152.60[0m[34;1m    726488[0m[34;1m   1663232[0m[34;1m       516[0m
13:20:45   [34;1m   1275736[0m[34;1m   1379468[0m[34;1m   1331072[0m[34;1m     33.27[0m[34;1m     22532[0m[34;1m   1237016[0m[34;1m   6167384[0m[31;1m    154.13[0m[34;1m    726700[0m[34;1m   1701132[0m[34;1m       680[0m
13:20:46   [34;1m   1226316[0m[34;1m   1330420[0m[34;1m   1378424[0m[34;1m     34.45[0m[34;1m     22548[0m[34;1m   1237300[0m[34;1m   6228784[0m[31;1m    155.67[0m[34;1m    726964[0m[34;1m   1739884[0m[34;1m       876[0m
13:20:47   [34;1m   1181728[0m[34;1m   1286296[0m[34;1m   1420628[0m[34;1m     35.50[0m[34;1m     22548[0m[34;1m   1237684[0m[34;1m   6290184[0m[31;1m    157.20[0m[34;1m    727268[0m[34;1m   1776540[0m[34;1m      1172[0m
13:20:48   [34;1m   1136620[0m[34;1m   1241712[0m[34;1m   1462784[0m[34;1m     36.56[0m[34;1m     22548[0m[34;1m   1238112[0m[34;1m   6351584[0m[31;1m    158.73[0m[34;1m    727500[0m[34;1m   1814656[0m[34;1m      1408[0m
13:20:49   [34;1m   1090288[0m[34;1m   1195960[0m[34;1m   1505824[0m[34;1m     37.63[0m[34;1m     22548[0m[34;1m   1238652[0m[34;1m   6412984[0m[31;1m    160.27[0m[34;1m    727744[0m[34;1m   1851928[0m[34;1m        32[0m
13:20:50   [34;1m   1041408[0m[34;1m   1147680[0m[34;1m   1551520[0m[34;1m     38.77[0m[34;1m     22548[0m[34;1m   1239096[0m[34;1m   6474384[0m[31;1m    161.80[0m[34;1m    727976[0m[34;1m   1891708[0m[34;1m       400[0m
13:20:51   [34;1m    990348[0m[34;1m   1097112[0m[34;1m   1599436[0m[34;1m     39.97[0m[34;1m     22556[0m[34;1m   1239528[0m[34;1m   6540504[0m[31;1m    163.46[0m[34;1m    728196[0m[34;1m   1930260[0m[34;1m       852[0m
13:20:52   [34;1m    945768[0m[34;1m   1053080[0m[34;1m   1640776[0m[34;1m     41.01[0m[34;1m     22564[0m[34;1m   1240036[0m[34;1m   6601904[0m[31;1m    164.99[0m[34;1m    728420[0m[34;1m   1968768[0m[34;1m      1344[0m
13:20:53   [34;1m    898844[0m[34;1m   1006664[0m[34;1m   1683612[0m[34;1m     42.08[0m[34;1m     22564[0m[34;1m   1240420[0m[34;1m   6663304[0m[31;1m    166.52[0m[34;1m    728628[0m[34;1m   1998512[0m[34;1m      1728[0m
13:20:54   [34;1m    856460[0m[34;1m    964928[0m[34;1m   1721804[0m[34;1m     43.03[0m[34;1m     22564[0m[34;1m   1241000[0m[34;1m   6719984[0m[31;1m    167.94[0m[34;1m    728828[0m[34;1m   2037592[0m[34;1m      2312[0m
13:20:55   [34;1m    810732[0m[34;1m    919960[0m[34;1m   1763296[0m[34;1m     44.07[0m[34;1m     22564[0m[34;1m   1241660[0m[34;1m   6781384[0m[31;1m    169.48[0m[34;1m    729028[0m[34;1m   2075260[0m[34;1m      2860[0m
13:20:56   [34;1m    762048[0m[34;1m    872104[0m[34;1m   1807264[0m[34;1m     45.17[0m[34;1m     22564[0m[34;1m   1242412[0m[34;1m   6842912[0m[31;1m    171.01[0m[34;1m    729224[0m[34;1m   2112748[0m[34;1m      3612[0m
13:20:57   [34;1m    712636[0m[34;1m    823448[0m[34;1m   1852452[0m[34;1m     46.30[0m[34;1m     22572[0m[34;1m   1243060[0m[34;1m   6904184[0m[31;1m    172.54[0m[34;1m    729436[0m[34;1m   2153088[0m[34;1m      4264[0m
13:20:58   [34;1m    665144[0m[34;1m    776640[0m[34;1m   1895504[0m[34;1m     47.37[0m[34;1m     22580[0m[34;1m   1243660[0m[34;1m   6965712[0m[31;1m    174.08[0m[34;1m    729704[0m[34;1m   2190648[0m[34;1m      4784[0m
13:20:59   [34;1m    615936[0m[34;1m    728460[0m[34;1m   1939932[0m[34;1m     48.48[0m[34;1m     22580[0m[34;1m   1244668[0m[34;1m   7027240[0m[31;1m    175.62[0m[34;1m    729920[0m[34;1m   2228340[0m[34;1m      5776[0m
13:21:00   [34;1m    569976[0m[34;1m    683340[0m[34;1m   1981408[0m[34;1m     49.52[0m[34;1m     22588[0m[34;1m   1245360[0m[34;1m   7088768[0m[31;1m    177.16[0m[34;1m    730144[0m[34;1m   2266980[0m[34;1m      6432[0m
13:21:01   [34;1m    539304[0m[34;1m    653588[0m[34;1m   2007472[0m[34;1m     50.17[0m[34;1m     22588[0m[34;1m   1246252[0m[34;1m   7150040[0m[31;1m    178.69[0m[34;1m    730340[0m[34;1m   2284996[0m[34;1m      7324[0m
13:21:02   [34;1m    494664[0m[34;1m    609752[0m[34;1m   2047824[0m[34;1m     51.18[0m[34;1m     22588[0m[34;1m   1246880[0m[34;1m   7211440[0m[31;1m    180.22[0m[34;1m    730544[0m[34;1m   2321716[0m[34;1m      7952[0m
13:21:03   [34;1m    444780[0m[34;1m    561048[0m[34;1m   2091576[0m[34;1m     52.27[0m[34;1m     22588[0m[34;1m   1247992[0m[34;1m   7273096[0m[31;1m    181.76[0m[34;1m    730752[0m[34;1m   2361084[0m[34;1m      9004[0m
13:21:04   [34;1m    394992[0m[34;1m    511936[0m[34;1m   2135272[0m[34;1m     53.36[0m[34;1m     22588[0m[34;1m   1248592[0m[34;1m   7334496[0m[31;1m    183.30[0m[34;1m    730952[0m[34;1m   2398848[0m[34;1m      9604[0m
13:21:05   [34;1m    343216[0m[34;1m    461612[0m[34;1m   2179908[0m[34;1m     54.48[0m[34;1m     22596[0m[34;1m   1249876[0m[34;1m   7396024[0m[31;1m    184.84[0m[34;1m    731156[0m[34;1m   2438844[0m[34;1m       972[0m
13:21:06   [34;1m    290264[0m[34;1m    409660[0m[34;1m   2226152[0m[34;1m     55.63[0m[34;1m     22604[0m[34;1m   1250700[0m[34;1m   7457296[0m[31;1m    186.37[0m[34;1m    731360[0m[34;1m   2478128[0m[34;1m      1808[0m
13:21:07   [34;1m    239572[0m[34;1m    360236[0m[34;1m   2269732[0m[34;1m     56.72[0m[34;1m     22604[0m[34;1m   1251836[0m[34;1m   7518696[0m[31;1m    187.90[0m[34;1m    731568[0m[34;1m   2517040[0m[34;1m      2932[0m
13:21:08   [34;1m    188384[0m[34;1m    310156[0m[34;1m   2314124[0m[34;1m     57.83[0m[34;1m     22604[0m[34;1m   1252880[0m[34;1m   7580096[0m[31;1m    189.44[0m[34;1m    731768[0m[34;1m   2554988[0m[34;1m      3976[0m
13:21:09   [34;1m    129060[0m[34;1m    252168[0m[34;1m   2365792[0m[34;1m     59.12[0m[34;1m     22604[0m[34;1m   1254076[0m[34;1m   7641496[0m[31;1m    190.97[0m[34;1m    731968[0m[34;1m   2594728[0m[34;1m      5176[0m
13:21:10   [34;1m    132548[0m[34;1m    215096[0m[34;1m   2397344[0m[34;1m     59.91[0m[34;1m     18888[0m[34;1m   1217464[0m[34;1m   7703148[0m[31;1m    192.51[0m[34;1m    699440[0m[34;1m   2623480[0m[34;1m      6288[0m
13:21:11   [34;1m    124696[0m[34;1m    159092[0m[34;1m   2447660[0m[34;1m     61.17[0m[34;1m     14816[0m[34;1m   1173860[0m[34;1m   7773364[0m[31;1m    194.27[0m[34;1m    687136[0m[34;1m   2628308[0m[34;1m       528[0m
13:21:12   [34;1m    114532[0m[34;1m    110712[0m[34;1m   2492500[0m[34;1m     62.29[0m[34;1m     10272[0m[34;1m   1141804[0m[34;1m   7835276[0m[31;1m    195.81[0m[34;1m    664628[0m[34;1m   2652724[0m[34;1m      2192[0m
13:21:13   [34;1m    109812[0m[34;1m    109420[0m[34;1m   2493408[0m[34;1m     62.31[0m[34;1m     10284[0m[34;1m   1145584[0m[34;1m   7835276[0m[31;1m    195.81[0m[34;1m    667604[0m[34;1m   2653016[0m[34;1m      3368[0m
13:21:14   [34;1m    107852[0m[34;1m    109288[0m[34;1m   2493728[0m[34;1m     62.32[0m[34;1m     10284[0m[34;1m   1147232[0m[34;1m   7830556[0m[31;1m    195.70[0m[34;1m    668052[0m[34;1m   2653004[0m[34;1m      4620[0m
13:21:15   [34;1m    121412[0m[34;1m    113220[0m[34;1m   2494452[0m[34;1m     62.34[0m[34;1m      8920[0m[34;1m   1134740[0m[34;1m   7830556[0m[31;1m    195.70[0m[34;1m    654732[0m[34;1m   2652248[0m[34;1m       428[0m
13:21:16   [34;1m    117408[0m[34;1m    111384[0m[34;1m   2493968[0m[34;1m     62.33[0m[34;1m      8928[0m[34;1m   1139148[0m[34;1m   7830556[0m[31;1m    195.70[0m[34;1m    656212[0m[34;1m   2654552[0m[34;1m      1776[0m
13:21:17   [34;1m    115712[0m[34;1m    110392[0m[34;1m   2494204[0m[34;1m     62.33[0m[34;1m      8968[0m[34;1m   1140556[0m[34;1m   7830556[0m[31;1m    195.70[0m[34;1m    656504[0m[34;1m   2655944[0m[34;1m      2608[0m
13:21:18   [34;1m    113024[0m[34;1m    108772[0m[34;1m   2494668[0m[34;1m     62.34[0m[34;1m      8968[0m[34;1m   1142776[0m[34;1m   7830556[0m[31;1m    195.70[0m[34;1m    656732[0m[34;1m   2657600[0m[34;1m      4124[0m
13:21:19   [34;1m    110532[0m[34;1m    108216[0m[34;1m   2494900[0m[34;1m     62.35[0m[34;1m      8968[0m[34;1m   1145040[0m[34;1m   7830556[0m[31;1m    195.70[0m[34;1m    657248[0m[34;1m   2659804[0m[34;1m      4912[0m
13:21:20   [34;1m    128844[0m[34;1m    118912[0m[34;1m   2490168[0m[34;1m     62.23[0m[34;1m      7564[0m[34;1m   1133312[0m[34;1m   7830556[0m[31;1m    195.70[0m[34;1m    646596[0m[34;1m   2656744[0m[34;1m      6396[0m
13:21:21   [34;1m    125440[0m[34;1m    116212[0m[34;1m   2492352[0m[34;1m     62.29[0m[34;1m      7572[0m[34;1m   1134560[0m[34;1m   7830556[0m[31;1m    195.70[0m[34;1m    646700[0m[34;1m   2658376[0m[34;1m      7432[0m
13:21:22   [34;1m    118660[0m[34;1m    112992[0m[34;1m   2491988[0m[34;1m     62.28[0m[34;1m      7580[0m[34;1m   1141648[0m[34;1m   7830556[0m[31;1m    195.70[0m[34;1m    649000[0m[34;1m   2663392[0m[34;1m      8352[0m
13:21:23   [34;1m    115480[0m[34;1m    110512[0m[34;1m   2493740[0m[34;1m     62.32[0m[34;1m      7580[0m[34;1m   1143092[0m[34;1m   7830556[0m[31;1m    195.70[0m[34;1m    649184[0m[34;1m   2665600[0m[34;1m      9600[0m
13:21:24   [34;1m    112468[0m[34;1m    108316[0m[34;1m   2495052[0m[34;1m     62.35[0m[34;1m      7580[0m[34;1m   1144784[0m[34;1m   7830556[0m[31;1m    195.70[0m[34;1m    649428[0m[34;1m   2667976[0m[34;1m     10768[0m
13:21:25   [34;1m    126480[0m[34;1m    116996[0m[34;1m   2491632[0m[34;1m     62.27[0m[34;1m      6492[0m[34;1m   1136004[0m[34;1m   7830556[0m[31;1m    195.70[0m[34;1m    641804[0m[34;1m   2665744[0m[34;1m     11948[0m
13:21:26   [34;1m    120172[0m[34;1m    112108[0m[34;1m   2495196[0m[34;1m     62.36[0m[34;1m      6492[0m[34;1m   1138684[0m[34;1m   7830556[0m[31;1m    195.70[0m[34;1m    642272[0m[34;1m   2668292[0m[34;1m     13120[0m
13:21:27   [34;1m    119036[0m[34;1m    111948[0m[34;1m   2494308[0m[34;1m     62.34[0m[34;1m      6500[0m[34;1m   1140772[0m[34;1m   7830556[0m[31;1m    195.70[0m[34;1m    642464[0m[34;1m   2670320[0m[34;1m     14088[0m
13:21:28   [34;1m    115592[0m[34;1m    109924[0m[34;1m   2495016[0m[34;1m     62.35[0m[34;1m      6508[0m[34;1m   1143492[0m[34;1m   7830556[0m[31;1m    195.70[0m[34;1m    642976[0m[34;1m   2672004[0m[34;1m     15568[0m
13:21:29   [34;1m    134680[0m[34;1m    119508[0m[34;1m   2494888[0m[34;1m     62.35[0m[34;1m      6512[0m[34;1m   1124684[0m[34;1m   7830556[0m[31;1m    195.70[0m[34;1m    643380[0m[34;1m   2653232[0m[34;1m       244[0m
13:21:30   [34;1m    126952[0m[34;1m    115076[0m[34;1m   2496132[0m[34;1m     62.38[0m[34;1m      6568[0m[34;1m   1131112[0m[34;1m   7830556[0m[31;1m    195.70[0m[34;1m    645252[0m[34;1m   2658896[0m[34;1m      1396[0m
13:21:31   [34;1m    120628[0m[34;1m    109860[0m[34;1m   2499760[0m[34;1m     62.47[0m[34;1m      6568[0m[34;1m   1133464[0m[34;1m   7835276[0m[31;1m    195.81[0m[34;1m    645420[0m[34;1m   2662364[0m[34;1m      2568[0m
13:21:32   [34;1m    117976[0m[34;1m    108328[0m[34;1m   2500360[0m[34;1m     62.49[0m[34;1m      6616[0m[34;1m   1135668[0m[34;1m   7839628[0m[31;1m    195.92[0m[34;1m    645664[0m[34;1m   2661232[0m[34;1m      3708[0m
13:21:33   [34;1m    114980[0m[34;1m    106500[0m[34;1m   2500944[0m[34;1m     62.50[0m[34;1m      6620[0m[34;1m   1138092[0m[34;1m   7839628[0m[31;1m    195.92[0m[34;1m    645984[0m[34;1m   2664460[0m[34;1m      4808[0m
13:21:34   [34;1m    113720[0m[34;1m    106384[0m[34;1m   2500184[0m[34;1m     62.48[0m[34;1m      6628[0m[34;1m   1140100[0m[34;1m   7834908[0m[31;1m    195.80[0m[34;1m    646376[0m[34;1m   2665152[0m[34;1m      6020[0m
13:21:35   [34;1m    111032[0m[34;1m    104384[0m[34;1m   2501456[0m[34;1m     62.51[0m[34;1m      6636[0m[34;1m   1141508[0m[34;1m   7834908[0m[31;1m    195.80[0m[34;1m    646428[0m[34;1m   2668608[0m[34;1m      7192[0m
13:21:36   [34;1m    124752[0m[34;1m    115108[0m[34;1m   2493840[0m[34;1m     62.32[0m[34;1m      6256[0m[34;1m   1135944[0m[34;1m   7834908[0m[31;1m    195.80[0m[34;1m    642024[0m[34;1m   2667160[0m[34;1m      8396[0m
13:21:37   [34;1m    123396[0m[34;1m    114572[0m[34;1m   2493500[0m[34;1m     62.32[0m[34;1m      6272[0m[34;1m   1137636[0m[34;1m   7834908[0m[31;1m    195.80[0m[34;1m    642188[0m[34;1m   2665460[0m[34;1m      9604[0m
13:21:38   [34;1m    120932[0m[34;1m    112856[0m[34;1m   2494356[0m[34;1m     62.34[0m[34;1m      6272[0m[34;1m   1139284[0m[34;1m   7834908[0m[31;1m    195.80[0m[34;1m    642276[0m[34;1m   2668520[0m[34;1m     10464[0m
13:21:39   [34;1m    119448[0m[34;1m    112236[0m[34;1m   2494228[0m[34;1m     62.33[0m[34;1m      6272[0m[34;1m   1140872[0m[34;1m   7834908[0m[31;1m    195.80[0m[34;1m    642384[0m[34;1m   2670196[0m[34;1m     12000[0m
13:21:40   [34;1m    115920[0m[34;1m    109808[0m[34;1m   2495536[0m[34;1m     62.37[0m[34;1m      6272[0m[34;1m   1143064[0m[34;1m   7834908[0m[31;1m    195.80[0m[34;1m    642568[0m[34;1m   2674240[0m[34;1m     13124[0m
13:21:41   [34;1m    112744[0m[34;1m    107668[0m[34;1m   2496488[0m[34;1m     62.39[0m[34;1m      6272[0m[34;1m   1145092[0m[34;1m   7834908[0m[31;1m    195.80[0m[34;1m    642796[0m[34;1m   2674824[0m[34;1m       516[0m
13:21:42   [34;1m    111508[0m[34;1m    107348[0m[34;1m   2496412[0m[34;1m     62.39[0m[34;1m      6280[0m[34;1m   1146588[0m[34;1m   7834908[0m[31;1m    195.80[0m[34;1m    642892[0m[34;1m   2676196[0m[34;1m      1820[0m
13:21:43   [34;1m    110276[0m[34;1m    107320[0m[34;1m   2496380[0m[34;1m     62.39[0m[34;1m      6292[0m[34;1m   1147824[0m[34;1m   7834908[0m[31;1m    195.80[0m[34;1m    642908[0m[34;1m   2677348[0m[34;1m      2916[0m
13:21:44   [34;1m    119444[0m[34;1m    112012[0m[34;1m   2494620[0m[34;1m     62.34[0m[34;1m      5776[0m[34;1m   1141272[0m[34;1m   7834908[0m[31;1m    195.80[0m[34;1m    640244[0m[34;1m   2672944[0m[34;1m      4124[0m
13:21:45   [34;1m    117496[0m[34;1m    110916[0m[34;1m   2494712[0m[34;1m     62.35[0m[34;1m      5816[0m[34;1m   1143116[0m[34;1m   7834908[0m[31;1m    195.80[0m[34;1m    640480[0m[34;1m   2674268[0m[34;1m      5168[0m
13:21:46   [34;1m    115508[0m[34;1m    109848[0m[34;1m   2495212[0m[34;1m     62.36[0m[34;1m      5824[0m[34;1m   1144720[0m[34;1m   7834908[0m[31;1m    195.80[0m[34;1m    640544[0m[34;1m   2672256[0m[34;1m      6592[0m
13:21:47   [34;1m    112036[0m[34;1m    107168[0m[34;1m   2497020[0m[34;1m     62.40[0m[34;1m      5904[0m[34;1m   1146240[0m[34;1m   7834908[0m[31;1m    195.80[0m[34;1m    640564[0m[34;1m   2675556[0m[34;1m      7628[0m
13:21:48   [34;1m    110048[0m[34;1m    108992[0m[34;1m   2495012[0m[34;1m     62.35[0m[34;1m      5904[0m[34;1m   1150228[0m[34;1m   7834908[0m[31;1m    195.80[0m[34;1m    640868[0m[34;1m   2680132[0m[34;1m      8748[0m
13:21:49   [34;1m    125308[0m[34;1m    115280[0m[34;1m   2494036[0m[34;1m     62.33[0m[34;1m      5376[0m[34;1m   1136772[0m[34;1m   7834908[0m[31;1m    195.80[0m[34;1m    635600[0m[34;1m   2672124[0m[34;1m      9808[0m
13:21:50   [34;1m    120868[0m[34;1m    111756[0m[34;1m   2496700[0m[34;1m     62.40[0m[34;1m      5376[0m[34;1m   1138548[0m[34;1m   7834908[0m[31;1m    195.80[0m[34;1m    635620[0m[34;1m   2675732[0m[34;1m     11076[0m
13:21:51   [34;1m    114848[0m[34;1m    106436[0m[34;1m   2501476[0m[34;1m     62.52[0m[34;1m      5384[0m[34;1m   1139788[0m[34;1m   7839628[0m[31;1m    195.92[0m[34;1m    635768[0m[34;1m   2680020[0m[34;1m     12176[0m
13:21:52   [34;1m    111596[0m[34;1m    104104[0m[34;1m   2502628[0m[34;1m     62.54[0m[34;1m      5392[0m[34;1m   1141896[0m[34;1m   7839628[0m[31;1m    195.92[0m[34;1m    636316[0m[34;1m   2683380[0m[34;1m     13352[0m
13:21:53   [34;1m    109076[0m[34;1m    102332[0m[34;1m   2503724[0m[34;1m     62.57[0m[34;1m      5392[0m[34;1m   1143272[0m[34;1m   7839628[0m[31;1m    195.92[0m[34;1m    636436[0m[34;1m   2685480[0m[34;1m     14432[0m
13:21:54   [34;1m    125364[0m[34;1m    111132[0m[34;1m   2502392[0m[34;1m     62.54[0m[34;1m      5000[0m[34;1m   1128960[0m[34;1m   7834908[0m[31;1m    195.80[0m[34;1m    633712[0m[34;1m   2672912[0m[34;1m     15740[0m
13:21:55   [34;1m    122648[0m[34;1m    109160[0m[34;1m   2503600[0m[34;1m     62.57[0m[34;1m      5000[0m[34;1m   1130428[0m[34;1m   7834908[0m[31;1m    195.80[0m[34;1m    633736[0m[34;1m   2675204[0m[34;1m       856[0m
13:21:56   [34;1m    116972[0m[34;1m    104608[0m[34;1m   2507128[0m[34;1m     62.66[0m[34;1m      5000[0m[34;1m   1132656[0m[34;1m   7834908[0m[31;1m    195.80[0m[34;1m    633964[0m[34;1m   2678472[0m[34;1m      1888[0m
13:21:57   [34;1m    115396[0m[34;1m    103812[0m[34;1m   2507072[0m[34;1m     62.65[0m[34;1m      5008[0m[34;1m   1134212[0m[34;1m   7834908[0m[31;1m    195.80[0m[34;1m    634028[0m[34;1m   2680872[0m[34;1m      2952[0m
13:21:58   [34;1m    112204[0m[34;1m    101552[0m[34;1m   2508400[0m[34;1m     62.69[0m[34;1m      5016[0m[34;1m   1136052[0m[34;1m   7834908[0m[31;1m    195.80[0m[34;1m    634216[0m[34;1m   2683368[0m[34;1m      4168[0m
13:21:59   [34;1m    108480[0m[34;1m     98708[0m[34;1m   2510332[0m[34;1m     62.74[0m[34;1m      5016[0m[34;1m   1137856[0m[34;1m   7834908[0m[31;1m    195.80[0m[34;1m    634360[0m[34;1m   2687172[0m[34;1m      5360[0m
13:22:00   [34;1m    122652[0m[34;1m    105640[0m[34;1m   2510288[0m[34;1m     62.74[0m[34;1m      4696[0m[34;1m   1124372[0m[34;1m   7834908[0m[31;1m    195.80[0m[34;1m    634060[0m[34;1m   2672364[0m[34;1m      6520[0m
13:22:01   [34;1m    118452[0m[34;1m    102436[0m[34;1m   2512900[0m[34;1m     62.80[0m[34;1m      4696[0m[34;1m   1125936[0m[34;1m   7834908[0m[31;1m    195.80[0m[34;1m    634476[0m[34;1m   2675176[0m[34;1m      7724[0m
13:22:02   [34;1m    112992[0m[34;1m     98396[0m[34;1m   2515280[0m[34;1m     62.86[0m[34;1m      4696[0m[34;1m   1128976[0m[34;1m   7834908[0m[31;1m    195.80[0m[34;1m    635072[0m[34;1m   2681324[0m[34;1m      8848[0m
13:22:03   [34;1m    109800[0m[34;1m     96140[0m[34;1m   2516792[0m[34;1m     62.90[0m[34;1m      4696[0m[34;1m   1130664[0m[34;1m   7834908[0m[31;1m    195.80[0m[34;1m    635328[0m[34;1m   2682900[0m[34;1m     10092[0m
13:22:04   [34;1m    124492[0m[34;1m    105348[0m[34;1m   2513064[0m[34;1m     62.80[0m[34;1m      4436[0m[34;1m   1120240[0m[34;1m   7834908[0m[31;1m    195.80[0m[34;1m    633936[0m[34;1m   2674116[0m[34;1m     11284[0m
13:22:05   [34;1m    118012[0m[34;1m    100432[0m[34;1m   2516372[0m[34;1m     62.89[0m[34;1m      4448[0m[34;1m   1123396[0m[34;1m   7834908[0m[31;1m    195.80[0m[34;1m    634288[0m[34;1m   2679052[0m[34;1m     12420[0m
13:22:06   [34;1m    112272[0m[34;1m     95680[0m[34;1m   2520136[0m[34;1m     62.98[0m[34;1m      4456[0m[34;1m   1125444[0m[34;1m   7834908[0m[31;1m    195.80[0m[34;1m    634608[0m[34;1m   2681840[0m[34;1m     13524[0m
13:22:07   [34;1m    122292[0m[34;1m    101560[0m[34;1m   2518356[0m[34;1m     62.94[0m[34;1m      4368[0m[34;1m   1117416[0m[34;1m   7834908[0m[31;1m    195.80[0m[34;1m    632400[0m[34;1m   2677264[0m[34;1m       348[0m
13:22:08   [34;1m    118012[0m[34;1m     98800[0m[34;1m   2519700[0m[34;1m     62.97[0m[34;1m      4368[0m[34;1m   1120336[0m[34;1m   7834908[0m[31;1m    195.80[0m[34;1m    632588[0m[34;1m   2680992[0m[34;1m      1276[0m
13:22:09   [34;1m    108588[0m[34;1m     90696[0m[34;1m   2526440[0m[34;1m     63.14[0m[34;1m      4368[0m[34;1m   1122984[0m[34;1m   7834908[0m[31;1m    195.80[0m[34;1m    632844[0m[34;1m   2684512[0m[34;1m      2740[0m
13:22:10   [34;1m    119776[0m[34;1m     99104[0m[34;1m   2520856[0m[34;1m     63.00[0m[34;1m      4488[0m[34;1m   1117316[0m[34;1m   7834908[0m[31;1m    195.80[0m[34;1m    631376[0m[34;1m   2683044[0m[34;1m      1012[0m
13:22:11   [34;1m    114568[0m[34;1m     95404[0m[34;1m   2523012[0m[34;1m     63.05[0m[34;1m      4488[0m[34;1m   1120288[0m[34;1m   7839632[0m[31;1m    195.92[0m[34;1m    631716[0m[34;1m   2688592[0m[34;1m      2068[0m
13:22:12   [34;1m    108632[0m[34;1m     90224[0m[34;1m   2527444[0m[34;1m     63.16[0m[34;1m      4488[0m[34;1m   1121824[0m[34;1m   7843724[0m[31;1m    196.02[0m[34;1m    631968[0m[34;1m   2689552[0m[34;1m      3476[0m
13:22:13   [34;1m    120132[0m[34;1m     98084[0m[34;1m   2523104[0m[34;1m     63.06[0m[34;1m      4288[0m[34;1m   1114916[0m[34;1m   7843724[0m[31;1m    196.02[0m[34;1m    634176[0m[34;1m   2681280[0m[34;1m      4528[0m
13:22:14   [34;1m    115932[0m[34;1m     94904[0m[34;1m   2525440[0m[34;1m     63.11[0m[34;1m      4296[0m[34;1m   1116772[0m[34;1m   7839004[0m[31;1m    195.91[0m[34;1m    634320[0m[34;1m   2683408[0m[34;1m      5552[0m
13:22:15   [34;1m    113668[0m[34;1m     93944[0m[34;1m   2525044[0m[34;1m     63.10[0m[34;1m      4300[0m[34;1m   1119480[0m[34;1m   7839004[0m[31;1m    195.91[0m[34;1m    634476[0m[34;1m   2687012[0m[34;1m      6940[0m
13:22:16   [34;1m    124140[0m[34;1m     99384[0m[34;1m   2524744[0m[34;1m     63.10[0m[34;1m      4164[0m[34;1m   1109460[0m[34;1m   7839004[0m[31;1m    195.91[0m[34;1m    634044[0m[34;1m   2678828[0m[34;1m      8008[0m
13:22:17   [34;1m    119412[0m[34;1m     95656[0m[34;1m   2527404[0m[34;1m     63.16[0m[34;1m      4216[0m[34;1m   1111624[0m[34;1m   7843100[0m[31;1m    196.01[0m[34;1m    634196[0m[34;1m   2678240[0m[34;1m      9400[0m
13:22:18   [34;1m    116416[0m[34;1m     93552[0m[34;1m   2528484[0m[34;1m     63.19[0m[34;1m      4216[0m[34;1m   1113544[0m[34;1m   7843100[0m[31;1m    196.01[0m[34;1m    634500[0m[34;1m   2682508[0m[34;1m     10292[0m
13:22:19   [34;1m    111936[0m[34;1m     90084[0m[34;1m   2531068[0m[34;1m     63.25[0m[34;1m      4224[0m[34;1m   1115412[0m[34;1m   7843100[0m[31;1m    196.01[0m[34;1m    634796[0m[34;1m   2686060[0m[34;1m     11780[0m
13:22:20   [34;1m    135724[0m[34;1m    103096[0m[34;1m   2528812[0m[34;1m     63.20[0m[34;1m      3876[0m[34;1m   1095624[0m[34;1m   7847196[0m[31;1m    196.11[0m[34;1m    630704[0m[34;1m   2671492[0m[34;1m     12876[0m
13:22:21   [34;1m    130880[0m[34;1m     99020[0m[34;1m   2532260[0m[34;1m     63.28[0m[34;1m      3880[0m[34;1m   1097156[0m[34;1m   7847196[0m[31;1m    196.11[0m[34;1m    630932[0m[34;1m   2674464[0m[34;1m       516[0m
13:22:22   [34;1m    116296[0m[34;1m     90316[0m[34;1m   2535064[0m[34;1m     63.35[0m[34;1m      3880[0m[34;1m   1108952[0m[34;1m   7851292[0m[31;1m    196.21[0m[34;1m    631828[0m[34;1m   2687472[0m[34;1m      1708[0m
13:22:23   [34;1m    111092[0m[34;1m     86212[0m[34;1m   2538120[0m[34;1m     63.43[0m[34;1m      3880[0m[34;1m   1111108[0m[34;1m   7851292[0m[31;1m    196.21[0m[34;1m    632204[0m[34;1m   2690324[0m[34;1m      2784[0m
13:22:24   [34;1m    122584[0m[34;1m     93952[0m[34;1m   2533940[0m[34;1m     63.33[0m[34;1m      3672[0m[34;1m   1104028[0m[34;1m   7851292[0m[31;1m    196.21[0m[34;1m    630916[0m[34;1m   2685088[0m[34;1m       620[0m
13:22:25   [34;1m    118632[0m[34;1m     90624[0m[34;1m   2536776[0m[34;1m     63.40[0m[34;1m      3684[0m[34;1m   1105148[0m[34;1m   7851292[0m[31;1m    196.21[0m[34;1m    631064[0m[34;1m   2687144[0m[34;1m      1632[0m
13:22:26   [34;1m    110852[0m[34;1m     86028[0m[34;1m   2538024[0m[34;1m     63.43[0m[34;1m      3696[0m[34;1m   1111680[0m[34;1m   7851292[0m[31;1m    196.21[0m[34;1m    631576[0m[34;1m   2693940[0m[34;1m      2740[0m
13:22:27   [34;1m    122232[0m[34;1m     90940[0m[34;1m   2539728[0m[34;1m     63.47[0m[34;1m      3172[0m[34;1m   1099660[0m[34;1m   7855388[0m[31;1m    196.32[0m[34;1m    626776[0m[34;1m   2687200[0m[34;1m      3908[0m
13:22:28   [34;1m    117252[0m[34;1m     88084[0m[34;1m   2540436[0m[34;1m     63.49[0m[34;1m      3180[0m[34;1m   1103900[0m[34;1m   7855388[0m[31;1m    196.32[0m[34;1m    627404[0m[34;1m   2689632[0m[34;1m      5220[0m
13:22:29   [34;1m    130172[0m[34;1m     94492[0m[34;1m   2540576[0m[34;1m     63.49[0m[34;1m      2912[0m[34;1m   1091412[0m[34;1m   7855964[0m[31;1m    196.33[0m[34;1m    621780[0m[34;1m   2682760[0m[34;1m      6284[0m
13:22:30   [34;1m    118144[0m[34;1m     88272[0m[34;1m   2540996[0m[34;1m     63.50[0m[34;1m      2968[0m[34;1m   1102976[0m[34;1m   7855964[0m[31;1m    196.33[0m[34;1m    622588[0m[34;1m   2696004[0m[34;1m      7652[0m
13:22:31   [34;1m    130648[0m[34;1m     92992[0m[34;1m   2544008[0m[34;1m     63.58[0m[34;1m      2776[0m[34;1m   1087688[0m[34;1m   7864780[0m[31;1m    196.55[0m[34;1m    621108[0m[34;1m   2687928[0m[34;1m       708[0m
13:22:32   [34;1m    120984[0m[34;1m     85704[0m[34;1m   2548852[0m[34;1m     63.70[0m[34;1m      2848[0m[34;1m   1092444[0m[34;1m   7864852[0m[31;1m    196.55[0m[34;1m    621812[0m[34;1m   2693992[0m[34;1m      1452[0m
13:22:33   [34;1m    114532[0m[34;1m     81456[0m[34;1m   2550988[0m[34;1m     63.75[0m[34;1m      2860[0m[34;1m   1096732[0m[34;1m   7868948[0m[31;1m    196.65[0m[34;1m    622312[0m[34;1m   2699576[0m[34;1m      2872[0m
13:22:34   [34;1m    121604[0m[34;1m     86236[0m[34;1m   2548516[0m[34;1m     63.69[0m[34;1m      2652[0m[34;1m   1092772[0m[34;1m   7864228[0m[31;1m    196.54[0m[34;1m    618764[0m[34;1m   2698028[0m[34;1m      3940[0m
13:22:35   [34;1m    115164[0m[34;1m     82048[0m[34;1m   2550228[0m[34;1m     63.73[0m[34;1m      2660[0m[34;1m   1097508[0m[34;1m   7864228[0m[31;1m    196.54[0m[34;1m    619636[0m[34;1m   2702816[0m[34;1m      5196[0m
13:22:36   [34;1m    126828[0m[34;1m     88236[0m[34;1m   2549508[0m[34;1m     63.72[0m[34;1m      2640[0m[34;1m   1086700[0m[34;1m   7864228[0m[31;1m    196.54[0m[34;1m    619864[0m[34;1m   2692572[0m[34;1m       212[0m
13:22:37   [34;1m    112788[0m[34;1m     79684[0m[34;1m   2552688[0m[34;1m     63.79[0m[34;1m      2644[0m[34;1m   1097588[0m[34;1m   7868396[0m[31;1m    196.64[0m[34;1m    622056[0m[34;1m   2702904[0m[34;1m      1252[0m
13:22:38   [34;1m    125876[0m[34;1m     86664[0m[34;1m   2551808[0m[34;1m     63.77[0m[34;1m      2532[0m[34;1m   1085632[0m[34;1m   7868396[0m[31;1m    196.64[0m[34;1m    618876[0m[34;1m   2694524[0m[34;1m      2516[0m
13:22:39   [34;1m    116496[0m[34;1m     81040[0m[34;1m   2553820[0m[34;1m     63.82[0m[34;1m      2532[0m[34;1m   1093000[0m[34;1m   7868396[0m[31;1m    196.64[0m[34;1m    620296[0m[34;1m   2701456[0m[34;1m      3772[0m
13:22:40   [34;1m    111512[0m[34;1m     76840[0m[34;1m   2557120[0m[34;1m     63.91[0m[34;1m      2532[0m[34;1m   1094668[0m[34;1m   7868396[0m[31;1m    196.64[0m[34;1m    620312[0m[34;1m   2704852[0m[34;1m      4696[0m
13:22:41   [34;1m    117280[0m[34;1m     80176[0m[34;1m   2556276[0m[34;1m     63.88[0m[34;1m      2472[0m[34;1m   1089956[0m[34;1m   7872492[0m[31;1m    196.74[0m[34;1m    618820[0m[34;1m   2703448[0m[34;1m       708[0m
13:22:42   [34;1m    124632[0m[34;1m     80884[0m[34;1m   2561752[0m[34;1m     64.02[0m[34;1m      2680[0m[34;1m   1077376[0m[34;1m   7872492[0m[31;1m    196.74[0m[34;1m    618772[0m[34;1m   2688168[0m[34;1m        20[0m
13:22:43   [34;1m    113676[0m[34;1m     78156[0m[34;1m   2556824[0m[34;1m     63.90[0m[34;1m      2816[0m[34;1m   1093500[0m[34;1m   7876588[0m[31;1m    196.85[0m[34;1m    620768[0m[34;1m   2704324[0m[34;1m      1372[0m
13:22:44   [34;1m    122068[0m[34;1m     81116[0m[34;1m   2559372[0m[34;1m     63.96[0m[34;1m      2812[0m[34;1m   1082532[0m[34;1m   7876588[0m[31;1m    196.85[0m[34;1m    620400[0m[34;1m   2697788[0m[34;1m      2624[0m
13:22:45   [34;1m    113328[0m[34;1m     74340[0m[34;1m   2564140[0m[34;1m     64.08[0m[34;1m      2860[0m[34;1m   1086500[0m[34;1m   7876588[0m[31;1m    196.85[0m[34;1m    620816[0m[34;1m   2704640[0m[34;1m      3708[0m
13:22:46   [34;1m    126832[0m[34;1m     82956[0m[34;1m   2560256[0m[34;1m     63.98[0m[34;1m      2848[0m[34;1m   1076868[0m[34;1m   7876588[0m[31;1m    196.85[0m[34;1m    618660[0m[34;1m   2695052[0m[34;22m         0[0m
13:22:47   [34;1m    119444[0m[34;1m     77976[0m[34;1m   2562828[0m[34;1m     64.05[0m[34;1m      2796[0m[34;1m   1081808[0m[34;1m   7880684[0m[31;1m    196.95[0m[34;1m    620132[0m[34;1m   2700468[0m[34;1m      1300[0m
13:22:48   [34;1m    109964[0m[34;1m     71448[0m[34;1m   2566572[0m[34;1m     64.14[0m[34;1m      2796[0m[34;1m   1087556[0m[34;1m   7880684[0m[31;1m    196.95[0m[34;1m    620864[0m[34;1m   2707256[0m[34;1m      2232[0m
13:22:49   [34;1m    136256[0m[34;1m     86080[0m[34;1m   2563660[0m[34;1m     64.07[0m[34;1m      2424[0m[34;1m   1069032[0m[34;1m   7880684[0m[31;1m    196.95[0m[34;1m    616216[0m[34;1m   2689540[0m[34;1m       964[0m
13:22:50   [34;1m    124188[0m[34;1m     79040[0m[34;1m   2565732[0m[34;1m     64.12[0m[34;1m      2424[0m[34;1m   1079036[0m[34;1m   7880684[0m[31;1m    196.95[0m[34;1m    616748[0m[34;1m   2701304[0m[34;1m      1900[0m
13:22:51   [34;1m    127860[0m[34;1m     78440[0m[34;1m   2570812[0m[34;1m     64.25[0m[34;1m      3220[0m[34;1m   1071300[0m[34;1m   7889500[0m[31;1m    197.17[0m[34;1m    612092[0m[34;1m   2706284[0m[34;1m       560[0m
13:22:52   [34;1m    128080[0m[34;1m     76496[0m[34;1m   2575016[0m[34;1m     64.35[0m[34;1m      3268[0m[34;1m   1066976[0m[34;1m   7889500[0m[31;1m    197.17[0m[34;1m    611284[0m[34;1m   2706440[0m[34;1m      1660[0m
13:22:53   [34;1m    119296[0m[34;1m     72160[0m[34;1m   2574508[0m[34;1m     64.34[0m[34;1m      3280[0m[34;1m   1076336[0m[34;1m   7893596[0m[31;1m    197.27[0m[34;1m    613996[0m[34;1m   2711924[0m[34;1m       556[0m
13:22:54   [34;1m    124340[0m[34;1m     75744[0m[34;1m   2572740[0m[34;1m     64.30[0m[34;1m      2740[0m[34;1m   1074132[0m[34;1m   7888876[0m[31;1m    197.15[0m[34;1m    613128[0m[34;1m   2709140[0m[34;1m       504[0m
13:22:55   [34;1m    112984[0m[34;1m     69420[0m[34;1m   2573780[0m[34;1m     64.32[0m[34;1m      2740[0m[34;1m   1084464[0m[34;1m   7888876[0m[31;1m    197.15[0m[34;1m    614976[0m[34;1m   2717688[0m[34;1m      1416[0m
13:22:56   [34;1m    111432[0m[34;1m     68740[0m[34;1m   2573684[0m[34;1m     64.32[0m[34;1m      2508[0m[34;1m   1086352[0m[34;1m   7888876[0m[31;1m    197.15[0m[34;1m    615880[0m[34;1m   2718280[0m[34;1m      3092[0m
13:22:57   [34;1m    117440[0m[34;1m     71956[0m[34;1m   2573400[0m[34;1m     64.31[0m[34;1m      2500[0m[34;1m   1080652[0m[34;1m   7888876[0m[31;1m    197.15[0m[34;1m    613784[0m[34;1m   2715212[0m[34;1m       840[0m
13:22:58   [34;1m    112812[0m[34;1m     70112[0m[34;1m   2572252[0m[34;1m     64.28[0m[34;1m      2352[0m[34;1m   1086900[0m[34;1m   7888876[0m[31;1m    197.15[0m[34;1m    613760[0m[34;1m   2721364[0m[34;1m       412[0m
13:22:59   [34;1m    120452[0m[34;1m     73444[0m[34;1m   2573384[0m[34;1m     64.31[0m[34;1m      2356[0m[34;1m   1078436[0m[34;1m   7888876[0m[31;1m    197.15[0m[34;1m    610496[0m[34;1m   2716236[0m[34;1m       848[0m
13:23:00   [34;1m    125312[0m[34;1m     77972[0m[34;1m   2569376[0m[34;1m     64.21[0m[34;1m      2332[0m[34;1m   1077644[0m[34;1m   7888876[0m[31;1m    197.15[0m[34;1m    612760[0m[34;1m   2708676[0m[34;1m       508[0m
13:23:01   [34;1m    125448[0m[34;1m     77440[0m[34;1m   2570472[0m[34;1m     64.24[0m[34;1m      3248[0m[34;1m   1075496[0m[34;1m   7888876[0m[31;1m    197.15[0m[34;1m    613180[0m[34;1m   2709672[0m[34;22m         0[0m
13:23:02   [34;1m    118840[0m[34;1m     72568[0m[34;1m   2573500[0m[34;1m     64.31[0m[34;1m      3912[0m[34;1m   1078408[0m[34;1m   7888876[0m[31;1m    197.15[0m[34;1m    614180[0m[34;1m   2713960[0m[34;1m       240[0m
13:23:03   [34;1m    126420[0m[34;1m     77112[0m[34;1m   2572128[0m[34;1m     64.28[0m[34;1m      3256[0m[34;1m   1072808[0m[34;1m   7888876[0m[31;1m    197.15[0m[34;1m    614752[0m[34;1m   2707020[0m[34;1m      1432[0m
13:23:04   [34;1m    112096[0m[34;1m     68368[0m[34;1m   2575036[0m[34;1m     64.35[0m[34;1m      3080[0m[34;1m   1084448[0m[34;1m   7888876[0m[31;1m    197.15[0m[34;1m    618000[0m[34;1m   2716804[0m[34;1m       416[0m
13:23:05   [34;1m    118924[0m[34;1m     72788[0m[34;1m   2573128[0m[34;1m     64.31[0m[34;1m      2552[0m[34;1m   1080072[0m[34;1m   7888876[0m[31;1m    197.15[0m[34;1m    616284[0m[34;1m   2712516[0m[34;1m      1672[0m
13:23:06   [34;1m    109940[0m[34;1m     67924[0m[34;1m   2573600[0m[34;1m     64.32[0m[34;1m      2468[0m[34;1m   1088736[0m[34;1m   7888876[0m[31;1m    197.15[0m[34;1m    616468[0m[34;1m   2720256[0m[34;1m       532[0m
13:23:07   [34;1m    110916[0m[34;1m     68296[0m[34;1m   2574320[0m[34;1m     64.34[0m[34;1m      2860[0m[34;1m   1086836[0m[34;1m   7888876[0m[31;1m    197.15[0m[34;1m    614800[0m[34;1m   2719040[0m[34;1m      2008[0m
13:23:08   [34;1m    112924[0m[34;1m     70428[0m[34;1m   2571796[0m[34;1m     64.27[0m[34;1m      2864[0m[34;1m   1087332[0m[34;1m   7888876[0m[31;1m    197.15[0m[34;1m    616856[0m[34;1m   2718312[0m[34;1m       652[0m
13:23:09   [34;1m    122128[0m[34;1m     75180[0m[34;1m   2571780[0m[34;1m     64.27[0m[34;1m      2700[0m[34;1m   1078352[0m[34;1m   7888876[0m[31;1m    197.15[0m[34;1m    613488[0m[34;1m   2712768[0m[34;1m       452[0m
13:23:10   [34;1m    110104[0m[34;1m     68684[0m[34;1m   2572584[0m[34;1m     64.29[0m[34;1m      3556[0m[34;1m   1088788[0m[34;1m   7888876[0m[31;1m    197.15[0m[34;1m    616372[0m[34;1m   2721012[0m[34;1m      1540[0m
13:23:11   [34;1m    114628[0m[34;1m     70836[0m[34;1m   2572556[0m[34;1m     64.29[0m[34;1m      2528[0m[34;1m   1085536[0m[34;1m   7893596[0m[31;1m    197.27[0m[34;1m    613040[0m[34;1m   2721444[0m[34;22m         0[0m
13:23:12   [34;1m    116616[0m[34;1m     71368[0m[34;1m   2573600[0m[34;1m     64.32[0m[34;1m      2992[0m[34;1m   1082088[0m[34;1m   7893596[0m[31;1m    197.27[0m[34;1m    610856[0m[34;1m   2720532[0m[34;1m       968[0m
13:23:13   [34;1m    115244[0m[34;1m     71240[0m[34;1m   2572720[0m[34;1m     64.30[0m[34;1m      3412[0m[34;1m   1083944[0m[34;1m   7893596[0m[31;1m    197.27[0m[34;1m    611044[0m[34;1m   2722612[0m[34;1m       392[0m
13:23:14   [34;1m    123524[0m[34;1m     74864[0m[34;1m   2573340[0m[34;1m     64.31[0m[34;1m      2656[0m[34;1m   1075840[0m[34;1m   7888876[0m[31;1m    197.15[0m[34;1m    610488[0m[34;1m   2713004[0m[34;1m       540[0m
13:23:15   [34;1m    121900[0m[34;1m     74548[0m[34;1m   2572548[0m[34;1m     64.29[0m[34;1m      2484[0m[34;1m   1078376[0m[34;1m   7888876[0m[31;1m    197.15[0m[34;1m    614148[0m[34;1m   2712152[0m[34;1m       344[0m
13:23:16   [34;1m    123804[0m[34;1m     76036[0m[34;1m   2571408[0m[34;1m     64.26[0m[34;1m      2332[0m[34;1m   1077724[0m[34;1m   7888876[0m[31;1m    197.15[0m[34;1m    612716[0m[34;1m   2711800[0m[34;1m      1372[0m
13:23:17   [34;1m    118744[0m[34;1m     73708[0m[34;1m   2570968[0m[34;1m     64.25[0m[34;1m      2940[0m[34;1m   1082512[0m[34;1m   7888876[0m[31;1m    197.15[0m[34;1m    616668[0m[34;1m   2713396[0m[34;1m       776[0m
13:23:18   [34;1m    114876[0m[34;1m     71052[0m[34;1m   2572796[0m[34;1m     64.30[0m[34;1m      3040[0m[34;1m   1084544[0m[34;1m   7888876[0m[31;1m    197.15[0m[34;1m    614184[0m[34;1m   2718912[0m[34;1m       348[0m
13:23:19   [34;1m    122616[0m[34;1m     75520[0m[34;1m   2571348[0m[34;1m     64.26[0m[34;1m      2584[0m[34;1m   1078704[0m[34;1m   7888876[0m[31;1m    197.15[0m[34;1m    613148[0m[34;1m   2713516[0m[34;1m       368[0m
13:23:20   [34;1m    112640[0m[34;1m     69752[0m[34;1m   2572884[0m[34;1m     64.30[0m[34;1m      2592[0m[34;1m   1087116[0m[34;1m   7888876[0m[31;1m    197.15[0m[34;1m    614164[0m[34;1m   2720968[0m[34;1m      1436[0m
13:23:21   [34;1m    110248[0m[34;1m     68580[0m[34;1m   2572764[0m[34;1m     64.30[0m[34;1m      3264[0m[34;1m   1088984[0m[34;1m   7888876[0m[31;1m    197.15[0m[34;1m    615316[0m[34;1m   2722480[0m[34;1m      2628[0m
13:23:22   [34;1m    120500[0m[34;1m     73316[0m[34;1m   2573200[0m[34;1m     64.31[0m[34;1m      3984[0m[34;1m   1077560[0m[34;1m   7888876[0m[31;1m    197.15[0m[34;1m    615416[0m[34;1m   2711576[0m[34;1m       536[0m
13:23:23   [34;1m    124632[0m[34;1m     75712[0m[34;1m   2572892[0m[34;1m     64.30[0m[34;1m      3896[0m[34;1m   1073832[0m[34;1m   7888876[0m[31;1m    197.15[0m[34;1m    615708[0m[34;1m   2704160[0m[34;1m      2032[0m
13:23:24   [34;1m    128924[0m[34;1m     79756[0m[34;1m   2569092[0m[34;1m     64.20[0m[34;1m      3440[0m[34;1m   1073836[0m[34;1m   7888876[0m[31;1m    197.15[0m[34;1m    616220[0m[34;1m   2703372[0m[34;1m       304[0m
13:23:25   [34;1m    118304[0m[34;1m     73228[0m[34;1m   2571764[0m[34;1m     64.27[0m[34;1m      3448[0m[34;1m   1081776[0m[34;1m   7888876[0m[31;1m    197.15[0m[34;1m    618392[0m[34;1m   2710640[0m[34;1m      1488[0m
13:23:26   [34;1m    123860[0m[34;1m     75816[0m[34;1m   2571860[0m[34;1m     64.27[0m[34;1m      2308[0m[34;1m   1077272[0m[34;1m   7888876[0m[31;1m    197.15[0m[34;1m    617576[0m[34;1m   2706012[0m[34;1m        56[0m
13:23:27   [34;1m    124808[0m[34;1m     76732[0m[34;1m   2571224[0m[34;1m     64.26[0m[34;1m      2304[0m[34;1m   1076972[0m[34;1m   7888876[0m[31;1m    197.15[0m[34;1m    615344[0m[34;1m   2708812[0m[34;1m      1344[0m
13:23:28   [34;1m    124544[0m[34;1m     76460[0m[34;1m   2571612[0m[34;1m     64.27[0m[34;1m      2308[0m[34;1m   1076844[0m[34;1m   7888876[0m[31;1m    197.15[0m[34;1m    617352[0m[34;1m   2706724[0m[34;1m       164[0m
13:23:29   [34;1m    118556[0m[34;1m     72896[0m[34;1m   2572644[0m[34;1m     64.29[0m[34;1m      2432[0m[34;1m   1081660[0m[34;1m   7888876[0m[31;1m    197.15[0m[34;1m    618016[0m[34;1m   2706132[0m[34;1m      1096[0m
13:23:30   [34;1m    109988[0m[34;1m     69972[0m[34;1m   2569780[0m[34;1m     64.22[0m[34;1m      2760[0m[34;1m   1092764[0m[34;1m   7888876[0m[31;1m    197.15[0m[34;1m    620208[0m[34;1m   2715048[0m[34;1m      2148[0m
13:23:31   [34;1m    111488[0m[34;1m     69244[0m[34;1m   2572468[0m[34;1m     64.29[0m[34;1m      2948[0m[34;1m   1088336[0m[34;1m   7893596[0m[31;1m    197.27[0m[34;1m    618856[0m[34;1m   2717052[0m[34;1m       656[0m
13:23:32   [34;1m    122680[0m[34;1m     74940[0m[34;1m   2572628[0m[34;1m     64.29[0m[34;1m      3292[0m[34;1m   1076632[0m[34;1m   7893596[0m[31;1m    197.27[0m[34;1m    617524[0m[34;1m   2708460[0m[34;1m      2076[0m
13:23:33   [34;1m    108156[0m[34;1m     66524[0m[34;1m   2574608[0m[34;1m     64.34[0m[34;1m      3308[0m[34;1m   1089148[0m[34;1m   7893596[0m[31;1m    197.27[0m[34;1m    618852[0m[34;1m   2719896[0m[34;1m      3040[0m
13:23:34   [34;1m    109688[0m[34;1m     68832[0m[34;1m   2571864[0m[34;1m     64.27[0m[34;1m      3184[0m[34;1m   1090524[0m[34;1m   7888876[0m[31;1m    197.15[0m[34;1m    619688[0m[34;1m   2718432[0m[34;1m      1012[0m
13:23:35   [34;1m    121460[0m[34;1m     74888[0m[34;1m   2571348[0m[34;1m     64.26[0m[34;1m      2628[0m[34;1m   1079856[0m[34;1m   7888876[0m[31;1m    197.15[0m[34;1m    613452[0m[34;1m   2713596[0m[34;1m       852[0m
13:23:36   [34;1m    108852[0m[34;1m     67492[0m[34;1m   2573436[0m[34;1m     64.31[0m[34;1m      2588[0m[34;1m   1090252[0m[34;1m   7888876[0m[31;1m    197.15[0m[34;1m    616132[0m[34;1m   2722688[0m[34;1m      1972[0m
13:23:37   [34;1m    117836[0m[34;1m     71984[0m[34;1m   2573588[0m[34;1m     64.32[0m[34;1m      2448[0m[34;1m   1081276[0m[34;1m   7888876[0m[31;1m    197.15[0m[34;1m    613180[0m[34;1m   2714280[0m[34;1m       956[0m
13:23:38   [34;1m    122208[0m[34;1m     76060[0m[34;1m   2569900[0m[34;1m     64.23[0m[34;1m      2708[0m[34;1m   1080452[0m[34;1m   7888876[0m[31;1m    197.15[0m[34;1m    615628[0m[34;1m   2711208[0m[34;1m      2260[0m
13:23:39   [34;1m    127000[0m[34;1m     78548[0m[34;1m   2569336[0m[34;1m     64.21[0m[34;1m      2560[0m[34;1m   1076348[0m[34;1m   7888876[0m[31;1m    197.15[0m[34;1m    612840[0m[34;1m   2710052[0m[34;1m       380[0m
13:23:40   [34;1m    116044[0m[34;1m     71872[0m[34;1m   2572176[0m[34;1m     64.28[0m[34;1m      2572[0m[34;1m   1084512[0m[34;1m   7888876[0m[31;1m    197.15[0m[34;1m    614124[0m[34;1m   2717540[0m[34;1m      1484[0m
13:23:41   [34;1m    109720[0m[34;1m     68596[0m[34;1m   2572188[0m[34;1m     64.28[0m[34;1m      3168[0m[34;1m   1090240[0m[34;1m   7888876[0m[31;1m    197.15[0m[34;1m    614900[0m[34;1m   2724232[0m[34;1m       680[0m
13:23:42   [34;1m    110076[0m[34;1m     68696[0m[34;1m   2572608[0m[34;1m     64.29[0m[34;1m      3936[0m[34;1m   1088688[0m[34;1m   7888876[0m[31;1m    197.15[0m[34;1m    617416[0m[34;1m   2721300[0m[34;1m      1672[0m
13:23:43   [34;1m    110428[0m[34;1m     69380[0m[34;1m   2571428[0m[34;1m     64.26[0m[34;1m      2584[0m[34;1m   1091016[0m[34;1m   7888876[0m[31;1m    197.15[0m[34;1m    614016[0m[34;1m   2724452[0m[34;1m      1184[0m
13:23:44   [34;1m    119700[0m[34;1m     74124[0m[34;1m   2571080[0m[34;1m     64.25[0m[34;1m      2628[0m[34;1m   1082328[0m[34;1m   7888876[0m[31;1m    197.15[0m[34;1m    605700[0m[34;1m   2724288[0m[34;1m       488[0m
13:23:45   [34;1m    122580[0m[34;1m     75516[0m[34;1m   2571340[0m[34;1m     64.26[0m[34;1m      2324[0m[34;1m   1079604[0m[34;1m   7888876[0m[31;1m    197.15[0m[34;1m    610588[0m[34;1m   2717208[0m[34;1m        16[0m
13:23:46   [34;1m    109732[0m[34;1m     69336[0m[34;1m   2570992[0m[34;1m     64.25[0m[34;1m      2320[0m[34;1m   1092844[0m[34;1m   7888876[0m[31;1m    197.15[0m[34;1m    613272[0m[34;1m   2726484[0m[34;1m       984[0m
13:23:47   [34;1m    119052[0m[34;1m     73948[0m[34;1m   2570716[0m[34;1m     64.25[0m[34;1m      2948[0m[34;1m   1083168[0m[34;1m   7888876[0m[31;1m    197.15[0m[34;1m    613376[0m[34;1m   2716300[0m[34;1m       804[0m
13:23:48   [34;1m    127568[0m[34;1m     77996[0m[34;1m   2571468[0m[34;1m     64.26[0m[34;1m      2832[0m[34;1m   1073944[0m[34;1m   7888876[0m[31;1m    197.15[0m[34;1m    612488[0m[34;1m   2708888[0m[34;1m      1112[0m
13:23:49   [34;1m    121664[0m[34;1m     75452[0m[34;1m   2570356[0m[34;1m     64.24[0m[34;1m      2472[0m[34;1m   1081328[0m[34;1m   7888876[0m[31;1m    197.15[0m[34;1m    613264[0m[34;1m   2714840[0m[34;1m       592[0m
13:23:50   [34;1m    111800[0m[34;1m     70252[0m[34;1m   2571188[0m[34;1m     64.26[0m[34;1m      2472[0m[34;1m   1090372[0m[34;1m   7888876[0m[31;1m    197.15[0m[34;1m    616040[0m[34;1m   2721492[0m[34;1m      1836[0m
13:23:51   [34;1m    111612[0m[34;1m     68392[0m[34;1m   2574392[0m[34;1m     64.34[0m[34;1m      3148[0m[34;1m   1086700[0m[34;1m   7893596[0m[31;1m    197.27[0m[34;1m    616084[0m[34;1m   2720468[0m[34;1m       672[0m
13:23:52   [34;1m    121672[0m[34;1m     73632[0m[34;1m   2574260[0m[34;1m     64.33[0m[34;1m      3772[0m[34;1m   1076100[0m[34;1m   7893596[0m[31;1m    197.27[0m[34;1m    615592[0m[34;1m   2711392[0m[34;1m      1932[0m
13:23:53   [34;1m    117956[0m[34;1m     70996[0m[34;1m   2575732[0m[34;1m     64.37[0m[34;1m      3768[0m[34;1m   1078364[0m[34;1m   7893596[0m[31;1m    197.27[0m[34;1m    614376[0m[34;1m   2715108[0m[34;1m       604[0m
13:23:54   [34;1m    123936[0m[34;1m     75312[0m[34;1m   2573032[0m[34;1m     64.30[0m[34;1m      2624[0m[34;1m   1076244[0m[34;1m   7888876[0m[31;1m    197.15[0m[34;1m    612844[0m[34;1m   2711772[0m[34;1m        92[0m
13:23:55   [34;1m    115200[0m[34;1m     70316[0m[34;1m   2574240[0m[34;1m     64.33[0m[34;1m      2624[0m[34;1m   1083756[0m[34;1m   7888876[0m[31;1m    197.15[0m[34;1m    614528[0m[34;1m   2717580[0m[34;1m      1288[0m
13:23:56   [34;1m    122520[0m[34;1m     74476[0m[34;1m   2573256[0m[34;1m     64.31[0m[34;1m      2332[0m[34;1m   1077728[0m[34;1m   7888876[0m[31;1m    197.15[0m[34;1m    615508[0m[34;1m   2710688[0m[34;1m      2568[0m
13:23:57   [34;1m    109752[0m[34;1m     67808[0m[34;1m   2573880[0m[34;1m     64.32[0m[34;1m      2332[0m[34;1m   1089884[0m[34;1m   7888876[0m[31;1m    197.15[0m[34;1m    617780[0m[34;1m   2717392[0m[34;1m      3896[0m
13:23:58   [34;1m    116416[0m[34;1m     72544[0m[34;1m   2571068[0m[34;1m     64.25[0m[34;1m      2312[0m[34;1m   1086052[0m[34;1m   7888876[0m[31;1m    197.15[0m[34;1m    618864[0m[34;1m   2712444[0m[34;1m       668[0m
13:23:59   [34;1m    123244[0m[34;1m     75540[0m[34;1m   2572064[0m[34;1m     64.28[0m[34;1m      2296[0m[34;1m   1078268[0m[34;1m   7888876[0m[31;1m    197.15[0m[34;1m    616796[0m[34;1m   2708408[0m[34;1m      2036[0m
13:24:00   [34;1m    121508[0m[34;1m     74512[0m[34;1m   2572112[0m[34;1m     64.28[0m[34;1m      2288[0m[34;1m   1079940[0m[34;1m   7888876[0m[31;1m    197.15[0m[34;1m    617152[0m[34;1m   2709644[0m[34;1m       612[0m
13:24:01   [34;1m    122092[0m[34;1m     74780[0m[34;1m   2572284[0m[34;1m     64.28[0m[34;1m      2660[0m[34;1m   1078800[0m[34;1m   7888876[0m[31;1m    197.15[0m[34;1m    617608[0m[34;1m   2709876[0m[34;1m      1668[0m
13:24:02   [34;1m    112372[0m[34;1m     67788[0m[34;1m   2576656[0m[34;1m     64.39[0m[34;1m      2900[0m[34;1m   1083924[0m[34;1m   7888876[0m[31;1m    197.15[0m[34;1m    618836[0m[34;1m   2715536[0m[34;1m      2892[0m
13:24:03   [34;1m    115900[0m[34;1m     70268[0m[34;1m   2575044[0m[34;1m     64.35[0m[34;1m      2900[0m[34;1m   1082040[0m[34;1m   7888876[0m[31;1m    197.15[0m[34;1m    618248[0m[34;1m   2710084[0m[34;1m       680[0m
13:24:04   [34;1m    115764[0m[34;1m     71836[0m[34;1m   2571808[0m[34;1m     64.27[0m[34;1m      3000[0m[34;1m   1085312[0m[34;1m   7888876[0m[31;1m    197.15[0m[34;1m    619032[0m[34;1m   2714768[0m[34;1m      1904[0m
13:24:05   [34;1m    123444[0m[34;1m     75108[0m[34;1m   2573108[0m[34;1m     64.31[0m[34;1m      2740[0m[34;1m   1076436[0m[34;1m   7888876[0m[31;1m    197.15[0m[34;1m    615496[0m[34;1m   2709464[0m[34;1m       120[0m
13:24:06   [34;1m    110500[0m[34;1m     68008[0m[34;1m   2574396[0m[34;1m     64.34[0m[34;1m      2752[0m[34;1m   1088152[0m[34;1m   7888876[0m[31;1m    197.15[0m[34;1m    617244[0m[34;1m   2719668[0m[34;1m      1492[0m
13:24:07   [34;1m    118388[0m[34;1m     71940[0m[34;1m   2573972[0m[34;1m     64.33[0m[34;1m      2536[0m[34;1m   1080920[0m[34;1m   7888876[0m[31;1m    197.15[0m[34;1m    617348[0m[34;1m   2707260[0m[34;1m       892[0m
13:24:08   [34;1m    125540[0m[34;1m     78260[0m[34;1m   2568872[0m[34;1m     64.20[0m[34;1m      2656[0m[34;1m   1078752[0m[34;1m   7888876[0m[31;1m    197.15[0m[34;1m    616336[0m[34;1m   2707664[0m[34;1m      2056[0m
13:24:09   [34;1m    123408[0m[34;1m     76152[0m[34;1m   2571072[0m[34;1m     64.25[0m[34;1m      2636[0m[34;1m   1078840[0m[34;1m   7888876[0m[31;1m    197.15[0m[34;1m    615756[0m[34;1m   2710236[0m[34;1m       212[0m
13:24:10   [34;1m    123348[0m[34;1m     75664[0m[34;1m   2571596[0m[34;1m     64.27[0m[34;1m      3360[0m[34;1m   1077676[0m[34;1m   7888876[0m[31;1m    197.15[0m[34;1m    617000[0m[34;1m   2708444[0m[34;1m      1404[0m
13:24:11   [34;1m    124880[0m[34;1m     75648[0m[34;1m   2573508[0m[34;1m     64.32[0m[34;1m      3332[0m[34;1m   1074332[0m[34;1m   7893596[0m[31;1m    197.27[0m[34;1m    613648[0m[34;1m   2710808[0m[34;1m       220[0m
13:24:12   [34;1m    109216[0m[34;1m     66724[0m[34;1m   2575580[0m[34;1m     64.37[0m[34;1m      3692[0m[34;1m   1087548[0m[34;1m   7893596[0m[31;1m    197.27[0m[34;1m    616308[0m[34;1m   2721172[0m[34;1m      1512[0m
13:24:13   [34;1m    126492[0m[34;1m     75780[0m[34;1m   2574548[0m[34;1m     64.34[0m[34;1m      3060[0m[34;1m   1071928[0m[34;1m   7893596[0m[31;1m    197.27[0m[34;1m    608972[0m[34;1m   2714112[0m[34;1m       236[0m
13:24:14   [34;1m    118904[0m[34;1m     73000[0m[34;1m   2572672[0m[34;1m     64.29[0m[34;1m      2404[0m[34;1m   1082176[0m[34;1m   7888876[0m[31;1m    197.15[0m[34;1m    608632[0m[34;1m   2722960[0m[34;1m       420[0m
13:24:15   [34;1m    121192[0m[34;1m     75652[0m[34;1m   2569924[0m[34;1m     64.23[0m[34;1m      2388[0m[34;1m   1082656[0m[34;1m   7888876[0m[31;1m    197.15[0m[34;1m    612700[0m[34;1m   2715924[0m[34;22m         0[0m
13:24:16   [34;1m    113496[0m[34;1m     70900[0m[34;1m   2571456[0m[34;1m     64.26[0m[34;1m      2404[0m[34;1m   1088804[0m[34;1m   7888876[0m[31;1m    197.15[0m[34;1m    613924[0m[34;1m   2720968[0m[34;1m       220[0m
13:24:17   [34;1m    118200[0m[34;1m     73016[0m[34;1m   2571716[0m[34;1m     64.27[0m[34;1m      2700[0m[34;1m   1083744[0m[34;1m   7888876[0m[31;1m    197.15[0m[34;1m    614380[0m[34;1m   2716276[0m[34;1m      1316[0m
13:24:18   [34;1m    113296[0m[34;1m     69072[0m[34;1m   2575136[0m[34;1m     64.36[0m[34;1m      2640[0m[34;1m   1085276[0m[34;1m   7888876[0m[31;1m    197.15[0m[34;1m    616868[0m[34;1m   2717588[0m[34;1m       580[0m
13:24:19   [34;1m    125588[0m[34;1m     77104[0m[34;1m   2571196[0m[34;1m     64.26[0m[34;1m      2628[0m[34;1m   1076936[0m[34;1m   7888876[0m[31;1m    197.15[0m[34;1m    613912[0m[34;1m   2709344[0m[34;22m         0[0m
13:24:20   [34;1m    124728[0m[34;1m     76696[0m[34;1m   2570984[0m[34;1m     64.25[0m[34;1m      2616[0m[34;1m   1078032[0m[34;1m   7888876[0m[31;1m    197.15[0m[34;1m    615208[0m[34;1m   2710412[0m[34;1m      1244[0m
13:24:21   [34;1m    113204[0m[34;1m     69480[0m[34;1m   2574064[0m[34;1m     64.33[0m[34;1m      2796[0m[34;1m   1086304[0m[34;1m   7888876[0m[31;1m    197.15[0m[34;1m    616944[0m[34;1m   2717660[0m[34;1m      2404[0m
13:24:22   [34;1m    122140[0m[34;1m     73228[0m[34;1m   2575512[0m[34;1m     64.37[0m[34;1m      2904[0m[34;1m   1075776[0m[34;1m   7888876[0m[31;1m    197.15[0m[34;1m    616132[0m[34;1m   2708900[0m[34;1m       460[0m
13:24:23   [34;1m    123020[0m[34;1m     74556[0m[34;1m   2573680[0m[34;1m     64.32[0m[34;1m      2896[0m[34;1m   1076636[0m[34;1m   7888876[0m[31;1m    197.15[0m[34;1m    617256[0m[34;1m   2709528[0m[34;1m      1840[0m
13:24:24   [34;1m    111072[0m[34;1m     68452[0m[34;1m   2573652[0m[34;1m     64.32[0m[34;1m      2728[0m[34;1m   1088772[0m[34;1m   7888876[0m[31;1m    197.15[0m[34;1m    617468[0m[34;1m   2721136[0m[34;1m       504[0m
13:24:25   [34;1m    115940[0m[34;1m     70420[0m[34;1m   2574644[0m[34;1m     64.34[0m[34;1m      2516[0m[34;1m   1083136[0m[34;1m   7888876[0m[31;1m    197.15[0m[34;1m    617984[0m[34;1m   2714940[0m[34;1m      1748[0m
13:24:26   [34;1m    107176[0m[34;1m     66124[0m[34;1m   2574624[0m[34;1m     64.34[0m[34;1m      2680[0m[34;1m   1091764[0m[34;1m   7888876[0m[31;1m    197.15[0m[34;1m    619128[0m[34;1m   2722396[0m[34;1m       760[0m
13:24:27   [34;1m    116472[0m[34;1m     70712[0m[34;1m   2574716[0m[34;1m     64.35[0m[34;1m      2680[0m[34;1m   1082320[0m[34;1m   7888876[0m[31;1m    197.15[0m[34;1m    617104[0m[34;1m   2715188[0m[34;1m      2056[0m
13:24:28   [34;1m    113388[0m[34;1m     69480[0m[34;1m   2574380[0m[34;1m     64.34[0m[34;1m      2516[0m[34;1m   1086000[0m[34;1m   7888876[0m[31;1m    197.15[0m[34;1m    618864[0m[34;1m   2717904[0m[34;1m       416[0m
13:24:29   [34;1m    110160[0m[34;1m     67344[0m[34;1m   2575064[0m[34;1m     64.35[0m[34;1m      2440[0m[34;1m   1088628[0m[34;1m   7888876[0m[31;1m    197.15[0m[34;1m    619180[0m[34;1m   2719492[0m[34;1m      1552[0m
13:24:30   [34;1m    116700[0m[34;1m     70984[0m[34;1m   2574588[0m[34;1m     64.34[0m[34;1m      2604[0m[34;1m   1082420[0m[34;1m   7888876[0m[31;1m    197.15[0m[34;1m    616160[0m[34;1m   2716996[0m[34;1m      1036[0m
13:24:31   [34;1m    121660[0m[34;1m     74016[0m[34;1m   2573344[0m[34;1m     64.31[0m[34;1m      2796[0m[34;1m   1078468[0m[34;1m   7893596[0m[31;1m    197.27[0m[34;1m    615136[0m[34;1m   2712736[0m[34;22m         0[0m
13:24:32   [34;1m    123356[0m[34;1m     74172[0m[34;1m   2574848[0m[34;1m     64.35[0m[34;1m      3004[0m[34;1m   1075024[0m[34;1m   7893596[0m[31;1m    197.27[0m[34;1m    614056[0m[34;1m   2711292[0m[34;1m      1312[0m
13:24:33   [34;1m    125436[0m[34;1m     74808[0m[34;1m   2575508[0m[34;1m     64.37[0m[34;1m      2796[0m[34;1m   1072440[0m[34;1m   7893596[0m[31;1m    197.27[0m[34;1m    613880[0m[34;1m   2710448[0m[34;1m       152[0m
13:24:34   [34;1m    127960[0m[34;1m     78524[0m[34;1m   2570804[0m[34;1m     64.25[0m[34;1m      2328[0m[34;1m   1075052[0m[34;1m   7888876[0m[31;1m    197.15[0m[34;1m    614232[0m[34;1m   2709900[0m[34;22m         0[0m
13:24:35   [34;1m    116832[0m[34;1m     72004[0m[34;1m   2572736[0m[34;1m     64.30[0m[34;1m      2328[0m[34;1m   1084272[0m[34;1m   7888876[0m[31;1m    197.15[0m[34;1m    616220[0m[34;1m   2716944[0m[34;1m      1216[0m
13:24:36   [34;1m    121248[0m[34;1m     73248[0m[34;1m   2574620[0m[34;1m     64.34[0m[34;1m      2436[0m[34;1m   1077996[0m[34;1m   7888876[0m[31;1m    197.15[0m[34;1m    615244[0m[34;1m   2711360[0m[34;1m      2308[0m
13:24:37   [34;1m    111824[0m[34;1m     68572[0m[34;1m   2574388[0m[34;1m     64.34[0m[34;1m      2444[0m[34;1m   1087652[0m[34;1m   7888876[0m[31;1m    197.15[0m[34;1m    616052[0m[34;1m   2720012[0m[34;1m      3504[0m
13:24:38   [34;1m    117188[0m[34;1m     71240[0m[34;1m   2574376[0m[34;1m     64.34[0m[34;1m      2444[0m[34;1m   1082300[0m[34;1m   7888876[0m[31;1m    197.15[0m[34;1m    616992[0m[34;1m   2715184[0m[34;1m       828[0m
13:24:39   [34;1m    122144[0m[34;1m     74380[0m[34;1m   2572832[0m[34;1m     64.30[0m[34;1m      2432[0m[34;1m   1078896[0m[34;1m   7888876[0m[31;1m    197.15[0m[34;1m    615892[0m[34;1m   2712740[0m[34;1m      1884[0m
13:24:40   [34;1m    116376[0m[34;1m     71448[0m[34;1m   2573368[0m[34;1m     64.31[0m[34;1m      2320[0m[34;1m   1084260[0m[34;1m   7888876[0m[31;1m    197.15[0m[34;1m    618252[0m[34;1m   2713924[0m[34;1m      1012[0m
13:24:41   [34;1m    120596[0m[34;1m     73076[0m[34;1m   2573972[0m[34;1m     64.33[0m[34;1m      2304[0m[34;1m   1079472[0m[34;1m   7888876[0m[31;1m    197.15[0m[34;1m    615732[0m[34;1m   2711944[0m[34;1m      2204[0m
13:24:42   [34;1m    127060[0m[34;1m     76168[0m[34;1m   2574464[0m[34;1m     64.34[0m[34;1m      3712[0m[34;1m   1071152[0m[34;1m   7888876[0m[31;1m    197.15[0m[34;1m    614248[0m[34;1m   2708196[0m[34;1m       580[0m
13:24:43   [34;1m    115252[0m[34;1m     70936[0m[34;1m   2573180[0m[34;1m     64.31[0m[34;1m      3840[0m[34;1m   1084164[0m[34;1m   7888876[0m[31;1m    197.15[0m[34;1m    615156[0m[34;1m   2720008[0m[34;22m         0[0m
13:24:44   [34;1m    123608[0m[34;1m     76976[0m[34;1m   2569440[0m[34;1m     64.21[0m[34;1m      2480[0m[34;1m   1080900[0m[34;1m   7888876[0m[31;1m    197.15[0m[34;1m    613844[0m[34;1m   2712752[0m[34;1m      1424[0m
13:24:45   [34;1m    123412[0m[34;1m     77152[0m[34;1m   2568904[0m[34;1m     64.20[0m[34;1m      2512[0m[34;1m   1081600[0m[34;1m   7888876[0m[31;1m    197.15[0m[34;1m    616104[0m[34;1m   2711952[0m[34;1m        32[0m
13:24:46   [34;1m    112768[0m[34;1m     70964[0m[34;1m   2570768[0m[34;1m     64.25[0m[34;1m      2504[0m[34;1m   1090388[0m[34;1m   7888876[0m[31;1m    197.15[0m[34;1m    614612[0m[34;1m   2723096[0m[34;1m      1376[0m
13:24:47   [34;1m    121932[0m[34;1m     74912[0m[34;1m   2571932[0m[34;1m     64.28[0m[34;1m      2588[0m[34;1m   1080048[0m[34;1m   7888876[0m[31;1m    197.15[0m[34;1m    614980[0m[34;1m   2712616[0m[34;1m       828[0m
13:24:48   [34;1m    114944[0m[34;1m     71164[0m[34;1m   2572544[0m[34;1m     64.29[0m[34;1m      2708[0m[34;1m   1086272[0m[34;1m   7888876[0m[31;1m    197.15[0m[34;1m    615796[0m[34;1m   2718892[0m[34;1m      2244[0m
13:24:49   [34;1m    119176[0m[34;1m     73196[0m[34;1m   2572632[0m[34;1m     64.29[0m[34;1m      2812[0m[34;1m   1081852[0m[34;1m   7888876[0m[31;1m    197.15[0m[34;1m    615384[0m[34;1m   2714824[0m[34;1m       480[0m
13:24:50   [34;1m    122528[0m[34;1m     76348[0m[34;1m   2569652[0m[34;1m     64.22[0m[34;1m      2796[0m[34;1m   1081488[0m[34;1m   7888876[0m[31;1m    197.15[0m[34;1m    616032[0m[34;1m   2711208[0m[34;1m      1780[0m
13:24:51   [34;1m    124672[0m[34;1m     75656[0m[34;1m   2573152[0m[34;1m     64.31[0m[34;1m      2652[0m[34;1m   1075932[0m[34;1m   7893596[0m[31;1m    197.27[0m[34;1m    615200[0m[34;1m   2710340[0m[34;1m        24[0m
13:24:52   [34;1m    124596[0m[34;1m     75160[0m[34;1m   2574124[0m[34;1m     64.33[0m[34;1m      2952[0m[34;1m   1074720[0m[34;1m   7893596[0m[31;1m    197.27[0m[34;1m    615672[0m[34;1m   2709340[0m[34;1m      1340[0m
13:24:53   [34;1m    118960[0m[34;1m     71576[0m[34;1m   2575340[0m[34;1m     64.36[0m[34;1m      2948[0m[34;1m   1078972[0m[34;1m   7893596[0m[31;1m    197.27[0m[34;1m    615236[0m[34;1m   2714268[0m[34;1m       496[0m
13:24:54   [34;1m    131292[0m[34;1m     79548[0m[34;1m   2572224[0m[34;1m     64.28[0m[34;1m      2500[0m[34;1m   1070260[0m[34;1m   7888876[0m[31;1m    197.15[0m[34;1m    613216[0m[34;1m   2705628[0m[34;1m       124[0m
13:24:55   [34;1m    114900[0m[34;1m     70444[0m[34;1m   2573804[0m[34;1m     64.32[0m[34;1m      2508[0m[34;1m   1085056[0m[34;1m   7888876[0m[31;1m    197.15[0m[34;1m    614904[0m[34;1m   2718720[0m[34;1m      1032[0m
13:24:56   [34;1m    111488[0m[34;1m     68268[0m[34;1m   2574776[0m[34;1m     64.35[0m[34;1m      2528[0m[34;1m   1087580[0m[34;1m   7888876[0m[31;1m    197.15[0m[34;1m    615780[0m[34;1m   2720812[0m[34;1m      2192[0m
13:24:57   [34;1m    109056[0m[34;1m     66744[0m[34;1m   2575248[0m[34;1m     64.36[0m[34;1m      2528[0m[34;1m   1089548[0m[34;1m   7888876[0m[31;1m    197.15[0m[34;1m    617316[0m[34;1m   2721324[0m[34;1m       708[0m
13:24:58   [34;1m    125868[0m[34;1m     76300[0m[34;1m   2573092[0m[34;1m     64.30[0m[34;1m      2332[0m[34;1m   1075124[0m[34;1m   7888876[0m[31;1m    197.15[0m[34;1m    615112[0m[34;1m   2709328[0m[34;22m         0[0m
13:24:59   [34;1m    109356[0m[34;1m     66648[0m[34;1m   2575788[0m[34;1m     64.37[0m[34;1m      2332[0m[34;1m   1087344[0m[34;1m   7888876[0m[31;1m    197.15[0m[34;1m    616880[0m[34;1m   2719264[0m[34;1m       908[0m
13:25:00   [34;1m    112256[0m[34;1m     68672[0m[34;1m   2574784[0m[34;1m     64.35[0m[34;1m      2312[0m[34;1m   1087008[0m[34;1m   7888876[0m[31;1m    197.15[0m[34;1m    616436[0m[34;1m   2719632[0m[34;1m      2280[0m
13:25:01   [34;1m    123916[0m[34;1m     76176[0m[34;1m   2571320[0m[34;1m     64.26[0m[34;1m      2316[0m[34;1m   1078824[0m[34;1m   7888876[0m[31;1m    197.15[0m[34;1m    613872[0m[34;1m   2714144[0m[34;1m       260[0m
13:25:02   [34;1m    121856[0m[34;1m     72916[0m[34;1m   2575952[0m[34;1m     64.38[0m[34;1m      2644[0m[34;1m   1075948[0m[34;1m   7888876[0m[31;1m    197.15[0m[34;1m    615836[0m[34;1m   2710056[0m[34;1m      1172[0m
13:25:03   [34;1m    134500[0m[34;1m     78872[0m[34;1m   2576556[0m[34;1m     64.39[0m[34;1m      2620[0m[34;1m   1062748[0m[34;1m   7888940[0m[31;1m    197.15[0m[34;1m    610384[0m[34;1m   2703156[0m[34;1m       320[0m
13:25:04   [34;1m    127928[0m[34;1m     76616[0m[34;1m   2574460[0m[34;1m     64.34[0m[34;1m      2524[0m[34;1m   1071516[0m[34;1m   7888940[0m[31;1m    197.15[0m[34;1m    611616[0m[34;1m   2710440[0m[34;1m       212[0m
13:25:05   [34;1m    114180[0m[34;1m     70496[0m[34;1m   2573160[0m[34;1m     64.31[0m[34;1m      2456[0m[34;1m   1086640[0m[34;1m   7888940[0m[31;1m    197.15[0m[34;1m    612656[0m[34;1m   2720932[0m[34;1m       620[0m
13:25:06   [34;1m    118572[0m[34;1m     73364[0m[34;1m   2571736[0m[34;1m     64.27[0m[34;1m      2604[0m[34;1m   1083532[0m[34;1m   7888940[0m[31;1m    197.15[0m[34;1m    613912[0m[34;1m   2717084[0m[34;1m        80[0m
13:25:07   [34;1m    117004[0m[34;1m     72184[0m[34;1m   2572260[0m[34;1m     64.28[0m[34;1m      2872[0m[34;1m   1084288[0m[34;1m   7888940[0m[31;1m    197.15[0m[34;1m    614276[0m[34;1m   2717000[0m[34;1m       508[0m
13:25:08   [34;1m    119620[0m[34;1m     74020[0m[34;1m   2571504[0m[34;1m     64.27[0m[34;1m      3120[0m[34;1m   1082216[0m[34;1m   7888940[0m[31;1m    197.15[0m[34;1m    613040[0m[34;1m   2717496[0m[34;1m      1908[0m
13:25:09   [34;1m    123412[0m[34;1m     76032[0m[34;1m   2571168[0m[34;1m     64.26[0m[34;1m      3540[0m[34;1m   1078336[0m[34;1m   7888940[0m[31;1m    197.15[0m[34;1m    613944[0m[34;1m   2711208[0m[34;1m       924[0m
13:25:10   [34;1m    115156[0m[34;1m     71400[0m[34;1m   2572016[0m[34;1m     64.28[0m[34;1m      3608[0m[34;1m   1085460[0m[34;1m   7888940[0m[31;1m    197.15[0m[34;1m    614628[0m[34;1m   2718276[0m[34;1m      1000[0m
13:25:11   [34;1m    109096[0m[34;1m     67588[0m[34;1m   2573616[0m[34;1m     64.32[0m[34;1m      2672[0m[34;1m   1090964[0m[34;1m   7893660[0m[31;1m    197.27[0m[34;1m    617616[0m[34;1m   2722408[0m[34;1m       612[0m
13:25:12   [34;1m    128300[0m[34;1m     76468[0m[34;1m   2575100[0m[34;1m     64.35[0m[34;1m      2540[0m[34;1m   1070476[0m[34;1m   7893660[0m[31;1m    197.27[0m[34;1m    613880[0m[34;1m   2707228[0m[34;22m         0[0m
13:25:13   [34;1m    125572[0m[34;1m     75552[0m[34;1m   2574236[0m[34;1m     64.33[0m[34;1m      2816[0m[34;1m   1073852[0m[34;1m   7893660[0m[31;1m    197.27[0m[34;1m    610840[0m[34;1m   2714084[0m[34;1m       100[0m
13:25:14   [34;1m    124424[0m[34;1m     75384[0m[34;1m   2573128[0m[34;1m     64.31[0m[34;1m      2608[0m[34;1m   1076300[0m[34;1m   7888940[0m[31;1m    197.15[0m[34;1m    608516[0m[34;1m   2716648[0m[34;1m       496[0m
13:25:15   [34;1m    127764[0m[34;1m     77748[0m[34;1m   2572136[0m[34;1m     64.28[0m[34;1m      2464[0m[34;1m   1074124[0m[34;1m   7888940[0m[31;1m    197.15[0m[34;1m    612244[0m[34;1m   2710800[0m[34;1m       628[0m
13:25:16   [34;1m    111720[0m[34;1m     69308[0m[34;1m   2573012[0m[34;1m     64.30[0m[34;1m      2464[0m[34;1m   1089292[0m[34;1m   7888940[0m[31;1m    197.15[0m[34;1m    614600[0m[34;1m   2723016[0m[34;1m      1700[0m
13:25:17   [34;1m    123680[0m[34;1m     75852[0m[34;1m   2571736[0m[34;1m     64.27[0m[34;1m      2716[0m[34;1m   1078364[0m[34;1m   7888940[0m[31;1m    197.15[0m[34;1m    615984[0m[34;1m   2710668[0m[34;1m      1096[0m
13:25:18   [34;1m    109240[0m[34;1m     67900[0m[34;1m   2573056[0m[34;1m     64.30[0m[34;1m      2852[0m[34;1m   1091332[0m[34;1m   7888940[0m[31;1m    197.15[0m[34;1m    616312[0m[34;1m   2723556[0m[34;1m      2068[0m
13:25:19   [34;1m    111524[0m[34;1m     69924[0m[34;1m   2571352[0m[34;1m     64.26[0m[34;1m      2856[0m[34;1m   1090728[0m[34;1m   7888940[0m[31;1m    197.15[0m[34;1m    615204[0m[34;1m   2721424[0m[34;1m       864[0m
13:25:20   [34;1m    132484[0m[34;1m     80456[0m[34;1m   2571372[0m[34;1m     64.26[0m[34;1m      2504[0m[34;1m   1070164[0m[34;1m   7888940[0m[31;1m    197.15[0m[34;1m    611864[0m[34;1m   2705252[0m[34;1m       432[0m
13:25:21   [34;1m    130836[0m[34;1m     79752[0m[34;1m   2571304[0m[34;1m     64.26[0m[34;1m      2384[0m[34;1m   1072016[0m[34;1m   7888940[0m[31;1m    197.15[0m[34;1m    614308[0m[34;1m   2702580[0m[34;1m      1424[0m
13:25:22   [34;1m    115268[0m[34;1m     71016[0m[34;1m   2573224[0m[34;1m     64.31[0m[34;1m      4024[0m[34;1m   1083756[0m[34;1m   7888940[0m[31;1m    197.15[0m[34;1m    618620[0m[34;1m   2712744[0m[34;1m      2800[0m
13:25:23   [34;1m    119468[0m[34;1m     72896[0m[34;1m   2573660[0m[34;1m     64.32[0m[34;1m      4008[0m[34;1m   1079132[0m[34;1m   7889004[0m[31;1m    197.16[0m[34;1m    616468[0m[34;1m   2712296[0m[34;1m       492[0m
13:25:24   [34;1m    112872[0m[34;1m     69416[0m[34;1m   2573884[0m[34;1m     64.32[0m[34;1m      4004[0m[34;1m   1085508[0m[34;1m   7889004[0m[31;1m    197.16[0m[34;1m    617596[0m[34;1m   2717692[0m[34;1m      1744[0m
13:25:25   [34;1m    122080[0m[34;1m     74448[0m[34;1m   2572988[0m[34;1m     64.30[0m[34;1m      3628[0m[34;1m   1077576[0m[34;1m   7889004[0m[31;1m    197.16[0m[34;1m    614616[0m[34;1m   2712284[0m[34;1m       704[0m
13:25:26   [34;1m    109840[0m[34;1m     68660[0m[34;1m   2572472[0m[34;1m     64.29[0m[34;1m      3636[0m[34;1m   1090332[0m[34;1m   7889004[0m[31;1m    197.16[0m[34;1m    616428[0m[34;1m   2721672[0m[34;1m      1996[0m
13:25:27   [34;1m    112160[0m[34;1m     69380[0m[34;1m   2573340[0m[34;1m     64.31[0m[34;1m      2300[0m[34;1m   1088712[0m[34;1m   7889004[0m[31;1m    197.16[0m[34;1m    616308[0m[34;1m   2719004[0m[34;1m       760[0m
13:25:28   [34;1m    115328[0m[34;1m     71264[0m[34;1m   2572588[0m[34;1m     64.29[0m[34;1m      2296[0m[34;1m   1086300[0m[34;1m   7889004[0m[31;1m    197.16[0m[34;1m    620216[0m[34;1m   2712840[0m[34;1m      2160[0m
13:25:29   [34;1m    112552[0m[34;1m     68832[0m[34;1m   2574752[0m[34;1m     64.35[0m[34;1m      2288[0m[34;1m   1086944[0m[34;1m   7889004[0m[31;1m    197.16[0m[34;1m    617784[0m[34;1m   2717916[0m[34;1m       896[0m
13:25:30   [34;1m    116540[0m[34;1m     71976[0m[34;1m   2572312[0m[34;1m     64.29[0m[34;1m      2624[0m[34;1m   1085060[0m[34;1m   7889004[0m[31;1m    197.16[0m[34;1m    617192[0m[34;1m   2714976[0m[34;1m      1884[0m
13:25:31   [34;1m    116348[0m[34;1m     70548[0m[34;1m   2574972[0m[34;1m     64.35[0m[34;1m      2616[0m[34;1m   1082560[0m[34;1m   7893724[0m[31;1m    197.27[0m[34;1m    617884[0m[34;1m   2714064[0m[34;1m        64[0m
13:25:32   [34;1m    119172[0m[34;1m     72668[0m[34;1m   2573724[0m[34;1m     64.32[0m[34;1m      3892[0m[34;1m   1079684[0m[34;1m   7934360[0m[31;1m    198.29[0m[34;1m    619268[0m[34;1m   2712824[0m[34;1m      1276[0m
13:25:33   [34;1m    123660[0m[34;1m     74284[0m[34;1m   2574616[0m[34;1m     64.34[0m[34;1m      3780[0m[34;1m   1074444[0m[34;1m   7893724[0m[31;1m    197.27[0m[34;1m    617268[0m[34;1m   2708688[0m[34;1m       428[0m
13:25:34   [34;1m    113368[0m[34;1m     70816[0m[34;1m   2571452[0m[34;1m     64.26[0m[34;1m      3700[0m[34;1m   1087992[0m[34;1m   7889004[0m[31;1m    197.16[0m[34;1m    618092[0m[34;1m   2717328[0m[34;1m      1668[0m
13:25:35   [34;1m    109704[0m[34;1m     68440[0m[34;1m   2572600[0m[34;1m     64.29[0m[34;1m      3668[0m[34;1m   1090532[0m[34;1m   7889004[0m[31;1m    197.16[0m[34;1m    617528[0m[34;1m   2719708[0m[34;1m       628[0m
13:25:36   [34;1m    122592[0m[34;1m     76544[0m[34;1m   2569512[0m[34;1m     64.22[0m[34;1m      3484[0m[34;1m   1080924[0m[34;1m   7889004[0m[31;1m    197.16[0m[34;1m    615888[0m[34;1m   2711716[0m[34;1m      1700[0m
13:25:37   [34;1m    125908[0m[34;1m     77768[0m[34;1m   2570224[0m[34;1m     64.23[0m[34;1m      2500[0m[34;1m   1077848[0m[34;1m   7889004[0m[31;1m    197.16[0m[34;1m    614392[0m[34;1m   2709152[0m[34;1m       284[0m
13:25:38   [34;1m    109376[0m[34;1m     66876[0m[34;1m   2575456[0m[34;1m     64.36[0m[34;1m      2500[0m[34;1m   1089148[0m[34;1m   7889004[0m[31;1m    197.16[0m[34;1m    615888[0m[34;1m   2721884[0m[34;1m      1360[0m
13:25:39   [34;1m    123424[0m[34;1m     75152[0m[34;1m   2572952[0m[34;1m     64.30[0m[34;1m      2436[0m[34;1m   1077664[0m[34;1m   7889004[0m[31;1m    197.16[0m[34;1m    614220[0m[34;1m   2710532[0m[34;1m      2880[0m
13:25:40   [34;1m    122692[0m[34;1m     74456[0m[34;1m   2573600[0m[34;1m     64.32[0m[34;1m      2356[0m[34;1m   1077856[0m[34;1m   7889004[0m[31;1m    197.16[0m[34;1m    616464[0m[34;1m   2708428[0m[34;1m       372[0m
13:25:41   [34;1m    121968[0m[34;1m     75120[0m[34;1m   2571560[0m[34;1m     64.27[0m[34;1m      2340[0m[34;1m   1080504[0m[34;1m   7889004[0m[31;1m    197.16[0m[34;1m    614620[0m[34;1m   2713480[0m[34;1m       236[0m
13:25:42   [34;1m    126004[0m[34;1m     77780[0m[34;1m   2570812[0m[34;1m     64.25[0m[34;1m      3936[0m[34;1m   1076528[0m[34;1m   7852228[0m[31;1m    196.24[0m[34;1m    613704[0m[34;1m   2691000[0m[34;1m       148[0m
