Linux 6.6.95 (minikube) 	04/17/26 	_x86_64_	(4 CPU)

13:53:01        CPU     %user     %nice   %system   %iowait    %steal     %idle
13:53:02   [32;22m     all[0m[34;1m      5.73[0m[34;22m      0.00[0m[34;1m      5.73[0m[34;22m      0.00[0m[34;22m      0.00[0m[34;1m     88.54[0m
13:53:03   [32;22m     all[0m[34;1m      4.42[0m[34;22m      0.00[0m[34;1m      5.45[0m[34;22m      0.00[0m[34;22m      0.00[0m[34;1m     90.13[0m
13:53:04   [32;22m     all[0m[34;1m      6.38[0m[34;22m      0.00[0m[34;1m      9.31[0m[34;1m      0.27[0m[34;22m      0.00[0m[34;1m     84.04[0m
13:53:05   [32;22m     all[0m[34;1m      6.63[0m[34;22m      0.00[0m[34;1m      7.96[0m[34;22m      0.00[0m[34;22m      0.00[0m[34;1m     85.41[0m
13:53:06   [32;22m     all[0m[34;1m      6.40[0m[34;22m      0.00[0m[34;1m      9.60[0m[34;22m      0.00[0m[34;22m      0.00[0m[34;1m     84.00[0m
13:53:07   [32;22m     all[0m[34;1m      7.43[0m[34;22m      0.00[0m[34;1m     10.88[0m[34;22m      0.00[0m[34;22m      0.00[0m[34;1m     81.70[0m
13:53:08   [32;22m     all[0m[34;1m      7.77[0m[34;22m      0.00[0m[34;1m     10.99[0m[34;22m      0.00[0m[34;22m      0.00[0m[34;1m     81.23[0m
13:53:09   [32;22m     all[0m[34;1m      8.02[0m[34;22m      0.00[0m[34;1m     12.03[0m[34;22m      0.00[0m[34;22m      0.00[0m[34;1m     79.95[0m
13:53:10   [32;22m     all[0m[34;1m      8.51[0m[34;22m      0.00[0m[34;1m     11.70[0m[34;22m      0.00[0m[34;22m      0.00[0m[34;1m     79.79[0m
13:53:11   [32;22m     all[0m[34;1m      9.51[0m[34;22m      0.00[0m[34;1m     15.49[0m[34;22m      0.00[0m[34;22m      0.00[0m[34;1m     75.00[0m
13:53:12   [32;22m     all[0m[34;1m     12.70[0m[34;22m      0.00[0m[34;1m     14.32[0m[34;1m      0.27[0m[34;22m      0.00[0m[34;1m     72.70[0m
13:53:13   [32;22m     all[0m[34;1m     10.37[0m[34;22m      0.00[0m[34;1m     15.43[0m[34;22m      0.00[0m[34;22m      0.00[0m[34;1m     74.20[0m
13:53:14   [32;22m     all[0m[34;1m     11.11[0m[34;22m      0.00[0m[34;1m     14.17[0m[34;22m      0.00[0m[34;22m      0.00[0m[34;1m     74.72[0m
13:53:15   [32;22m     all[0m[34;1m     10.78[0m[34;22m      0.00[0m[34;1m     16.44[0m[34;22m      0.00[0m[34;22m      0.00[0m[34;1m     72.78[0m
13:53:16   [32;22m     all[0m[34;1m     10.84[0m[34;22m      0.00[0m[34;1m     16.26[0m[34;22m      0.00[0m[34;22m      0.00[0m[34;1m     72.90[0m
13:53:17   [32;22m     all[0m[34;1m     11.14[0m[34;22m      0.00[0m[34;1m     15.76[0m[34;22m      0.00[0m[34;22m      0.00[0m[34;1m     73.10[0m
13:53:18   [32;22m     all[0m[34;1m     12.23[0m[34;22m      0.00[0m[34;1m     20.38[0m[34;22m      0.00[0m[34;22m      0.00[0m[34;1m     67.39[0m
13:53:19   [32;22m     all[0m[34;1m     14.40[0m[34;22m      0.00[0m[34;1m     21.61[0m[34;22m      0.00[0m[34;22m      0.00[0m[34;1m     63.99[0m
13:53:20   [32;22m     all[0m[34;1m     13.70[0m[34;22m      0.00[0m[34;1m     21.37[0m[34;22m      0.00[0m[34;22m      0.00[0m[34;1m     64.93[0m
13:53:21   [32;22m     all[0m[34;1m     12.64[0m[34;22m      0.00[0m[34;1m     21.98[0m[34;22m      0.00[0m[34;22m      0.00[0m[34;1m     65.38[0m
13:53:22   [32;22m     all[0m[34;1m     13.74[0m[34;22m      0.00[0m[34;1m     21.70[0m[34;22m      0.00[0m[34;22m      0.00[0m[34;1m     64.56[0m
13:53:23   [32;22m     all[0m[34;1m     13.81[0m[34;22m      0.00[0m[34;1m     21.82[0m[34;22m      0.00[0m[34;22m      0.00[0m[34;1m     64.36[0m
13:53:24   [32;22m     all[0m[34;1m     14.96[0m[34;22m      0.00[0m[34;1m     24.38[0m[34;22m      0.00[0m[34;22m      0.00[0m[34;1m     60.66[0m
13:53:25   [32;22m     all[0m[34;1m     15.75[0m[34;22m      0.00[0m[34;1m     22.93[0m[34;22m      0.00[0m[34;22m      0.00[0m[34;1m     61.33[0m
13:53:26   [32;22m     all[0m[34;1m     15.92[0m[34;22m      0.00[0m[34;1m     23.46[0m[34;22m      0.00[0m[34;22m      0.00[0m[34;1m     60.61[0m
13:53:27   [32;22m     all[0m[34;1m     16.44[0m[34;22m      0.00[0m[34;1m     26.85[0m[34;22m      0.00[0m[34;22m      0.00[0m[34;1m     56.71[0m
13:53:28   [32;22m     all[0m[34;1m     16.43[0m[34;22m      0.00[0m[34;1m     24.79[0m[34;22m      0.00[0m[34;22m      0.00[0m[34;1m     58.77[0m
13:53:29   [32;22m     all[0m[34;1m     16.07[0m[34;22m      0.00[0m[34;1m     23.27[0m[34;22m      0.00[0m[34;22m      0.00[0m[34;1m     60.66[0m
13:53:30   [32;22m     all[0m[34;1m     17.50[0m[34;22m      0.00[0m[34;1m     28.06[0m[34;22m      0.00[0m[34;22m      0.00[0m[34;1m     54.44[0m
13:53:31   [32;22m     all[0m[34;1m     17.88[0m[34;22m      0.00[0m[34;1m     27.93[0m[34;22m      0.00[0m[34;22m      0.00[0m[34;1m     54.19[0m
13:53:32   [32;22m     all[0m[34;1m     16.76[0m[34;22m      0.00[0m[34;1m     29.26[0m[34;22m      0.00[0m[34;22m      0.00[0m[34;1m     53.98[0m
13:53:33   [32;22m     all[0m[34;1m     14.86[0m[34;22m      0.00[0m[34;1m     25.71[0m[34;22m      0.00[0m[34;22m      0.00[0m[34;1m     59.43[0m
13:53:34   [32;22m     all[0m[34;1m     21.26[0m[34;22m      0.00[0m[34;1m     34.77[0m[34;22m      0.00[0m[34;22m      0.00[0m[34;1m     43.97[0m
13:53:35   [32;22m     all[0m[34;1m     18.52[0m[34;22m      0.00[0m[34;1m     29.63[0m[34;22m      0.00[0m[34;22m      0.00[0m[34;1m     51.85[0m
13:53:36   [32;22m     all[0m[34;1m     17.56[0m[34;22m      0.00[0m[34;1m     30.88[0m[34;22m      0.00[0m[34;22m      0.00[0m[34;1m     51.56[0m
13:53:37   [32;22m     all[0m[34;1m     17.51[0m[34;22m      0.00[0m[34;1m     29.38[0m[34;22m      0.00[0m[34;22m      0.00[0m[34;1m     53.11[0m
13:53:38   [32;22m     all[0m[34;1m     16.91[0m[34;22m      0.00[0m[34;1m     26.93[0m[34;22m      0.00[0m[34;22m      0.00[0m[34;1m     56.16[0m
13:53:39   [32;22m     all[0m[34;1m     18.16[0m[34;22m      0.00[0m[34;1m     29.11[0m[34;22m      0.00[0m[34;22m      0.00[0m[34;1m     52.74[0m
13:53:40   [32;22m     all[0m[34;1m     17.53[0m[34;22m      0.00[0m[34;1m     27.87[0m[34;22m      0.00[0m[34;22m      0.00[0m[34;1m     54.60[0m
13:53:41   [32;22m     all[0m[34;1m     19.14[0m[34;22m      0.00[0m[34;1m     29.14[0m[34;22m      0.00[0m[34;22m      0.00[0m[34;1m     51.71[0m
13:53:42   [32;22m     all[0m[34;1m     19.10[0m[34;22m      0.00[0m[34;1m     28.65[0m[34;22m      0.00[0m[34;22m      0.00[0m[34;1m     52.25[0m
13:53:43   [32;22m     all[0m[34;1m     18.52[0m[34;22m      0.00[0m[34;1m     29.06[0m[34;22m      0.00[0m[34;22m      0.00[0m[34;1m     52.42[0m
13:53:44   [32;22m     all[0m[34;1m     18.34[0m[34;22m      0.00[0m[34;1m     29.51[0m[34;22m      0.00[0m[34;22m      0.00[0m[34;1m     52.15[0m
13:53:45   [32;22m     all[0m[34;1m     16.52[0m[34;22m      0.00[0m[34;1m     27.92[0m[34;22m      0.00[0m[34;22m      0.00[0m[34;1m     55.56[0m
13:53:46   [32;22m     all[0m[34;1m     17.38[0m[34;22m      0.00[0m[34;1m     27.64[0m[34;22m      0.00[0m[34;22m      0.00[0m[34;1m     54.99[0m
13:53:47   [32;22m     all[0m[34;1m     18.36[0m[34;22m      0.00[0m[34;1m     27.97[0m[34;22m      0.00[0m[34;22m      0.00[0m[34;1m     53.67[0m
13:53:48   [32;22m     all[0m[34;1m     18.98[0m[34;22m      0.00[0m[34;1m     31.44[0m[34;22m      0.00[0m[34;22m      0.00[0m[34;1m     49.58[0m
13:53:49   [32;22m     all[0m[34;1m     17.39[0m[34;22m      0.00[0m[34;1m     29.28[0m[34;22m      0.00[0m[34;22m      0.00[0m[34;1m     53.33[0m
13:53:50   [32;22m     all[0m[34;1m     16.05[0m[34;22m      0.00[0m[34;1m     26.93[0m[34;22m      0.00[0m[34;22m      0.00[0m[34;1m     57.02[0m
13:53:51   [32;22m     all[0m[34;1m     17.56[0m[34;22m      0.00[0m[34;1m     29.18[0m[34;22m      0.00[0m[34;22m      0.00[0m[34;1m     53.26[0m
13:53:52   [32;22m     all[0m[34;1m     17.33[0m[34;22m      0.00[0m[34;1m     30.11[0m[34;22m      0.00[0m[34;22m      0.00[0m[34;1m     52.56[0m
13:53:53   [32;22m     all[0m[34;1m     18.86[0m[34;22m      0.00[0m[34;1m     29.71[0m[34;22m      0.00[0m[34;22m      0.00[0m[34;1m     51.43[0m
13:53:54   [32;22m     all[0m[34;1m     16.95[0m[34;22m      0.00[0m[34;1m     29.89[0m[34;22m      0.00[0m[34;22m      0.00[0m[34;1m     53.16[0m
13:53:55   [32;22m     all[0m[34;1m     19.14[0m[34;22m      0.00[0m[34;1m     31.43[0m[34;22m      0.00[0m[34;22m      0.00[0m[34;1m     49.43[0m
13:53:56   [32;22m     all[0m[34;1m     19.94[0m[34;22m      0.00[0m[34;1m     30.77[0m[34;22m      0.00[0m[34;22m      0.00[0m[34;1m     49.29[0m
13:53:57   [32;22m     all[0m[34;1m     19.10[0m[34;22m      0.00[0m[34;1m     31.74[0m[34;22m      0.00[0m[34;22m      0.00[0m[34;1m     49.16[0m
13:53:58   [32;22m     all[0m[34;1m     20.51[0m[34;22m      0.00[0m[34;1m     32.19[0m[34;22m      0.00[0m[34;22m      0.00[0m[34;1m     47.29[0m
13:53:59   [32;22m     all[0m[34;1m     19.54[0m[34;22m      0.00[0m[34;1m     30.75[0m[34;22m      0.00[0m[34;22m      0.00[0m[34;1m     49.71[0m
13:54:00   [32;22m     all[0m[34;1m     18.00[0m[34;22m      0.00[0m[34;1m     32.29[0m[34;1m      0.29[0m[34;22m      0.00[0m[34;1m     49.43[0m
13:54:01   [32;22m     all[0m[34;1m     18.39[0m[34;22m      0.00[0m[34;1m     29.31[0m[34;22m      0.00[0m[34;22m      0.00[0m[34;1m     52.30[0m
13:54:02   [32;22m     all[0m[34;1m     19.36[0m[34;22m      0.00[0m[34;1m     29.77[0m[34;22m      0.00[0m[34;22m      0.00[0m[34;1m     50.87[0m
13:54:03   [32;22m     all[0m[34;1m     19.26[0m[34;22m      0.00[0m[34;1m     26.06[0m[34;22m      0.00[0m[34;22m      0.00[0m[34;1m     54.67[0m
13:54:04   [32;22m     all[0m[34;1m     20.86[0m[34;22m      0.00[0m[34;1m     31.43[0m[34;22m      0.00[0m[34;22m      0.00[0m[34;1m     47.71[0m
13:54:05   [32;22m     all[0m[34;1m     19.08[0m[34;22m      0.00[0m[34;1m     32.37[0m[34;22m      0.00[0m[34;22m      0.00[0m[34;1m     48.55[0m
13:54:06   [32;22m     all[0m[34;1m     19.83[0m[34;22m      0.00[0m[34;1m     30.59[0m[34;22m      0.00[0m[34;22m      0.00[0m[34;1m     49.58[0m
13:54:07   [32;22m     all[0m[34;1m     15.82[0m[34;22m      0.00[0m[34;1m     25.99[0m[34;22m      0.00[0m[34;22m      0.00[0m[34;1m     58.19[0m
13:54:08   [32;22m     all[0m[34;1m     19.25[0m[34;22m      0.00[0m[34;1m     30.17[0m[34;22m      0.00[0m[34;22m      0.00[0m[34;1m     50.57[0m
13:54:09   [32;22m     all[0m[34;1m     19.20[0m[34;22m      0.00[0m[34;1m     34.67[0m[34;22m      0.00[0m[34;22m      0.00[0m[34;1m     46.13[0m
13:54:10   [32;22m     all[0m[34;1m     18.05[0m[34;22m      0.00[0m[34;1m     32.66[0m[34;22m      0.00[0m[34;22m      0.00[0m[34;1m     49.28[0m
13:54:11   [32;22m     all[0m[34;1m     16.33[0m[34;22m      0.00[0m[34;1m     29.80[0m[34;22m      0.00[0m[34;22m      0.00[0m[34;1m     53.87[0m
13:54:12   [32;22m     all[0m[34;1m     20.06[0m[34;22m      0.00[0m[34;1m     32.27[0m[34;22m      0.00[0m[34;22m      0.00[0m[34;1m     47.67[0m
13:54:13   [32;22m     all[0m[34;1m     15.86[0m[34;22m      0.00[0m[34;1m     28.61[0m[34;22m      0.00[0m[34;22m      0.00[0m[34;1m     55.52[0m
13:54:14   [32;22m     all[0m[34;1m     19.77[0m[34;22m      0.00[0m[34;1m     32.85[0m[34;22m      0.00[0m[34;22m      0.00[0m[34;1m     47.38[0m
13:54:15   [32;22m     all[0m[34;1m     18.13[0m[34;22m      0.00[0m[34;1m     29.75[0m[34;22m      0.00[0m[34;22m      0.00[0m[34;1m     52.12[0m
13:54:16   [32;22m     all[0m[34;1m     17.97[0m[34;22m      0.00[0m[34;1m     30.14[0m[34;22m      0.00[0m[34;22m      0.00[0m[34;1m     51.88[0m
13:54:17   [32;22m     all[0m[34;1m     18.39[0m[34;22m      0.00[0m[34;1m     31.61[0m[34;22m      0.00[0m[34;22m      0.00[0m[34;1m     50.00[0m
13:54:18   [32;22m     all[0m[34;1m     19.71[0m[34;22m      0.00[0m[34;1m     27.43[0m[34;22m      0.00[0m[34;22m      0.00[0m[34;1m     52.86[0m
13:54:19   [32;22m     all[0m[34;1m     18.75[0m[34;22m      0.00[0m[34;1m     31.25[0m[34;22m      0.00[0m[34;22m      0.00[0m[34;1m     50.00[0m
13:54:20   [32;22m     all[0m[34;1m     19.26[0m[34;22m      0.00[0m[34;1m     32.01[0m[34;1m      0.28[0m[34;22m      0.00[0m[34;1m     48.44[0m
13:54:21   [32;22m     all[0m[34;1m     19.25[0m[34;22m      0.00[0m[34;1m     33.62[0m[34;22m      0.00[0m[34;22m      0.00[0m[34;1m     47.13[0m
13:54:22   [32;22m     all[0m[34;1m     20.11[0m[34;22m      0.00[0m[34;1m     32.29[0m[34;22m      0.00[0m[34;22m      0.00[0m[34;1m     47.59[0m
13:54:23   [32;22m     all[0m[34;1m     19.94[0m[34;22m      0.00[0m[34;1m     33.05[0m[34;22m      0.00[0m[34;22m      0.00[0m[34;1m     47.01[0m
13:54:24   [32;22m     all[0m[34;1m     18.21[0m[34;22m      0.00[0m[34;1m     28.90[0m[34;22m      0.00[0m[34;22m      0.00[0m[34;1m     52.89[0m
13:54:25   [32;22m     all[0m[34;1m     16.91[0m[34;22m      0.00[0m[34;1m     30.66[0m[34;22m      0.00[0m[34;22m      0.00[0m[34;1m     52.44[0m
13:54:26   [32;22m     all[0m[34;1m     19.03[0m[34;22m      0.00[0m[34;1m     30.11[0m[34;22m      0.00[0m[34;22m      0.00[0m[34;1m     50.85[0m
13:54:27   [32;22m     all[0m[34;1m     19.48[0m[34;22m      0.00[0m[34;1m     31.23[0m[34;22m      0.00[0m[34;22m      0.00[0m[34;1m     49.28[0m
13:54:28   [32;22m     all[0m[34;1m     19.72[0m[34;22m      0.00[0m[34;1m     30.99[0m[34;1m      0.56[0m[34;22m      0.00[0m[34;1m     48.73[0m
13:54:29   [32;22m     all[0m[34;1m     19.21[0m[34;22m      0.00[0m[34;1m     32.20[0m[34;22m      0.00[0m[34;22m      0.00[0m[34;1m     48.59[0m
13:54:30   [32;22m     all[0m[34;1m     18.91[0m[34;22m      0.00[0m[34;1m     32.09[0m[34;22m      0.00[0m[34;22m      0.00[0m[34;1m     49.00[0m
13:54:31   [32;22m     all[0m[34;1m     19.48[0m[34;22m      0.00[0m[34;1m     33.24[0m[34;22m      0.00[0m[34;22m      0.00[0m[34;1m     47.28[0m
13:54:32   [32;22m     all[0m[34;1m     19.25[0m[34;22m      0.00[0m[34;1m     30.17[0m[34;22m      0.00[0m[34;22m      0.00[0m[34;1m     50.57[0m
13:54:33   [32;22m     all[0m[34;1m     21.43[0m[34;22m      0.00[0m[34;1m     33.71[0m[34;22m      0.00[0m[34;22m      0.00[0m[34;1m     44.86[0m
13:54:34   [32;22m     all[0m[34;1m     20.12[0m[34;22m      0.00[0m[34;1m     31.20[0m[34;22m      0.00[0m[34;22m      0.00[0m[34;1m     48.69[0m
13:54:35   [32;22m     all[0m[34;1m     16.62[0m[34;22m      0.00[0m[34;1m     28.37[0m[34;22m      0.00[0m[34;22m      0.00[0m[34;1m     55.01[0m
13:54:36   [32;22m     all[0m[34;1m     20.23[0m[34;22m      0.00[0m[34;1m     33.05[0m[34;22m      0.00[0m[34;22m      0.00[0m[34;1m     46.72[0m
13:54:37   [32;22m     all[0m[34;1m     19.03[0m[34;22m      0.00[0m[34;1m     30.11[0m[34;22m      0.00[0m[34;22m      0.00[0m[34;1m     50.85[0m
13:54:38   [32;22m     all[0m[34;1m     22.29[0m[34;22m      0.00[0m[34;1m     32.57[0m[34;22m      0.00[0m[34;22m      0.00[0m[34;1m     45.14[0m
13:54:39   [32;22m     all[0m[34;1m     18.97[0m[34;22m      0.00[0m[34;1m     30.17[0m[34;22m      0.00[0m[34;22m      0.00[0m[34;1m     50.86[0m
13:54:40   [32;22m     all[0m[34;1m     19.48[0m[34;22m      0.00[0m[34;1m     30.95[0m[34;22m      0.00[0m[34;22m      0.00[0m[34;1m     49.57[0m
13:54:41   [32;22m     all[0m[34;1m     18.57[0m[34;22m      0.00[0m[34;1m     32.57[0m[34;22m      0.00[0m[34;22m      0.00[0m[34;1m     48.86[0m
13:54:42   [32;22m     all[0m[34;1m     15.86[0m[34;22m      0.00[0m[34;1m     27.76[0m[34;22m      0.00[0m[34;22m      0.00[0m[34;1m     56.37[0m
13:54:43   [32;22m     all[0m[34;1m     18.84[0m[34;22m      0.00[0m[34;1m     31.01[0m[34;22m      0.00[0m[34;22m      0.00[0m[34;1m     50.14[0m
13:54:44   [32;22m     all[0m[34;1m     19.66[0m[34;22m      0.00[0m[34;1m     29.78[0m[34;22m      0.00[0m[34;22m      0.00[0m[34;1m     50.56[0m
13:54:45   [32;22m     all[0m[34;1m     19.54[0m[34;22m      0.00[0m[34;1m     30.17[0m[34;22m      0.00[0m[34;22m      0.00[0m[34;1m     50.29[0m
13:54:46   [32;22m     all[0m[34;1m     18.97[0m[34;22m      0.00[0m[34;1m     33.05[0m[34;22m      0.00[0m[34;22m      0.00[0m[34;1m     47.99[0m
13:54:47   [32;22m     all[0m[34;1m     20.46[0m[34;22m      0.00[0m[34;1m     31.99[0m[34;22m      0.00[0m[34;22m      0.00[0m[34;1m     47.55[0m
13:54:48   [32;22m     all[0m[34;1m     22.00[0m[34;22m      0.00[0m[34;1m     31.14[0m[34;22m      0.00[0m[34;22m      0.00[0m[34;1m     46.86[0m
13:54:49   [32;22m     all[0m[34;1m     20.75[0m[34;22m      0.00[0m[34;1m     36.02[0m[34;22m      0.00[0m[34;22m      0.00[0m[34;1m     43.23[0m
13:54:50   [32;22m     all[0m[34;1m     18.70[0m[34;22m      0.00[0m[34;1m     32.29[0m[34;22m      0.00[0m[34;22m      0.00[0m[34;1m     49.01[0m
13:54:51   [32;22m     all[0m[34;1m     20.93[0m[34;22m      0.00[0m[34;1m     34.88[0m[34;22m      0.00[0m[34;22m      0.00[0m[34;1m     44.19[0m
13:54:52   [32;22m     all[0m[34;1m     17.65[0m[34;22m      0.00[0m[34;1m     28.01[0m[34;22m      0.00[0m[34;22m      0.00[0m[34;1m     54.34[0m
13:54:53   [32;22m     all[0m[34;1m     21.16[0m[34;22m      0.00[0m[34;1m     29.86[0m[34;22m      0.00[0m[34;22m      0.00[0m[34;1m     48.99[0m
13:54:54   [32;22m     all[0m[34;1m     17.90[0m[34;22m      0.00[0m[34;1m     31.25[0m[34;22m      0.00[0m[34;22m      0.00[0m[34;1m     50.85[0m
13:54:55   [32;22m     all[0m[34;1m     20.46[0m[34;22m      0.00[0m[34;1m     30.55[0m[34;22m      0.00[0m[34;22m      0.00[0m[34;1m     48.99[0m
13:54:56   [32;22m     all[0m[34;1m     22.64[0m[34;22m      0.00[0m[34;1m     31.81[0m[34;22m      0.00[0m[34;22m      0.00[0m[34;1m     45.56[0m
13:54:57   [32;22m     all[0m[34;1m     17.82[0m[34;22m      0.00[0m[34;1m     30.46[0m[34;22m      0.00[0m[34;22m      0.00[0m[34;1m     51.72[0m
13:54:58   [32;22m     all[0m[34;1m     20.68[0m[34;22m      0.00[0m[34;1m     32.58[0m[34;22m      0.00[0m[34;22m      0.00[0m[34;1m     46.74[0m
13:54:59   [32;22m     all[0m[34;1m     20.69[0m[34;22m      0.00[0m[34;1m     32.76[0m[34;22m      0.00[0m[34;22m      0.00[0m[34;1m     46.55[0m
13:55:00   [32;22m     all[0m[34;1m     17.80[0m[34;22m      0.00[0m[34;1m     30.79[0m[34;22m      0.00[0m[34;22m      0.00[0m[34;1m     51.41[0m
13:55:01   [32;22m     all[0m[34;1m     20.56[0m[34;22m      0.00[0m[34;1m     35.21[0m[34;1m      0.28[0m[34;22m      0.00[0m[34;1m     43.94[0m
13:55:02   [32;22m     all[0m[34;1m     21.61[0m[34;22m      0.00[0m[34;1m     32.28[0m[34;22m      0.00[0m[34;22m      0.00[0m[34;1m     46.11[0m
13:55:03   [32;22m     all[0m[34;1m     20.00[0m[34;22m      0.00[0m[34;1m     32.29[0m[34;22m      0.00[0m[34;22m      0.00[0m[34;1m     47.71[0m
13:55:04   [32;22m     all[0m[34;1m     18.13[0m[34;22m      0.00[0m[34;1m     30.59[0m[34;22m      0.00[0m[34;22m      0.00[0m[34;1m     51.27[0m
13:55:05   [32;22m     all[0m[34;1m     17.05[0m[34;22m      0.00[0m[34;1m     28.41[0m[34;22m      0.00[0m[34;22m      0.00[0m[34;1m     54.55[0m
13:55:06   [32;22m     all[0m[34;1m     20.80[0m[34;22m      0.00[0m[34;1m     30.77[0m[34;22m      0.00[0m[34;22m      0.00[0m[34;1m     48.43[0m
13:55:07   [32;22m     all[0m[34;1m     20.90[0m[34;22m      0.00[0m[34;1m     35.03[0m[34;22m      0.00[0m[34;22m      0.00[0m[34;1m     44.07[0m
13:55:08   [32;22m     all[0m[34;1m     20.63[0m[34;22m      0.00[0m[34;1m     34.10[0m[34;22m      0.00[0m[34;22m      0.00[0m[34;1m     45.27[0m
13:55:09   [32;22m     all[0m[34;1m     18.16[0m[34;22m      0.00[0m[34;1m     29.97[0m[34;22m      0.00[0m[34;22m      0.00[0m[34;1m     51.87[0m
13:55:10   [32;22m     all[0m[34;1m     18.86[0m[34;22m      0.00[0m[34;1m     32.00[0m[34;22m      0.00[0m[34;22m      0.00[0m[34;1m     49.14[0m
13:55:11   [32;22m     all[0m[34;1m     20.00[0m[34;22m      0.00[0m[34;1m     31.71[0m[34;22m      0.00[0m[34;22m      0.00[0m[34;1m     48.29[0m
13:55:12   [32;22m     all[0m[34;1m     19.49[0m[34;22m      0.00[0m[34;1m     31.92[0m[34;22m      0.00[0m[34;22m      0.00[0m[34;1m     48.59[0m
13:55:13   [32;22m     all[0m[34;1m     20.51[0m[34;22m      0.00[0m[34;1m     32.19[0m[34;22m      0.00[0m[34;22m      0.00[0m[34;1m     47.29[0m
13:55:14   [32;22m     all[0m[34;1m     19.54[0m[34;22m      0.00[0m[34;1m     31.90[0m[34;22m      0.00[0m[34;22m      0.00[0m[34;1m     48.56[0m
13:55:15   [32;22m     all[0m[34;1m     19.71[0m[34;22m      0.00[0m[34;1m     34.29[0m[34;22m      0.00[0m[34;22m      0.00[0m[34;1m     46.00[0m
13:55:16   [32;22m     all[0m[34;1m     18.23[0m[34;22m      0.00[0m[34;1m     29.34[0m[34;22m      0.00[0m[34;22m      0.00[0m[34;1m     52.42[0m
13:55:17   [32;22m     all[0m[34;1m     17.24[0m[34;22m      0.00[0m[34;1m     31.61[0m[34;22m      0.00[0m[34;22m      0.00[0m[34;1m     51.15[0m
13:55:18   [32;22m     all[0m[34;1m     19.66[0m[34;22m      0.00[0m[34;1m     32.48[0m[34;22m      0.00[0m[34;22m      0.00[0m[34;1m     47.86[0m
13:55:19   [32;22m     all[0m[34;1m     20.11[0m[34;22m      0.00[0m[34;1m     35.06[0m[34;22m      0.00[0m[34;22m      0.00[0m[34;1m     44.83[0m
13:55:20   [32;22m     all[0m[34;1m     18.73[0m[34;22m      0.00[0m[34;1m     31.12[0m[34;22m      0.00[0m[34;22m      0.00[0m[34;1m     50.14[0m
13:55:21   [32;22m     all[0m[34;1m     17.71[0m[34;22m      0.00[0m[34;1m     29.43[0m[34;22m      0.00[0m[34;22m      0.00[0m[34;1m     52.86[0m
13:55:22   [32;22m     all[0m[34;1m     18.00[0m[34;22m      0.00[0m[34;1m     30.29[0m[34;22m      0.00[0m[34;22m      0.00[0m[34;1m     51.71[0m
13:55:23   [32;22m     all[0m[34;1m     21.43[0m[34;22m      0.00[0m[34;1m     32.86[0m[34;22m      0.00[0m[34;22m      0.00[0m[34;1m     45.71[0m
13:55:24   [32;22m     all[0m[34;1m     19.09[0m[34;22m      0.00[0m[34;1m     32.48[0m[34;22m      0.00[0m[34;22m      0.00[0m[34;1m     48.43[0m
13:55:25   [32;22m     all[0m[34;1m     18.57[0m[34;22m      0.00[0m[34;1m     31.14[0m[34;22m      0.00[0m[34;22m      0.00[0m[34;1m     50.29[0m
13:55:26   [32;22m     all[0m[34;1m     18.93[0m[34;22m      0.00[0m[34;1m     30.79[0m[34;22m      0.00[0m[34;22m      0.00[0m[34;1m     50.28[0m
13:55:27   [32;22m     all[0m[34;1m     17.37[0m[34;22m      0.00[0m[34;1m     28.85[0m[34;22m      0.00[0m[34;22m      0.00[0m[34;1m     53.78[0m
13:55:28   [32;22m     all[0m[34;1m     21.65[0m[34;22m      0.00[0m[34;1m     32.19[0m[34;22m      0.00[0m[34;22m      0.00[0m[34;1m     46.15[0m
13:55:29   [32;22m     all[0m[34;1m     17.75[0m[34;22m      0.00[0m[34;1m     27.61[0m[34;22m      0.00[0m[34;22m      0.00[0m[34;1m     54.65[0m
13:55:30   [32;22m     all[0m[34;1m     17.29[0m[34;22m      0.00[0m[34;1m     29.97[0m[34;22m      0.00[0m[34;22m      0.00[0m[34;1m     52.74[0m
13:55:31   [32;22m     all[0m[34;1m     19.21[0m[34;22m      0.00[0m[34;1m     30.51[0m[34;22m      0.00[0m[34;22m      0.00[0m[34;1m     50.28[0m
13:55:32   [32;22m     all[0m[34;1m     19.65[0m[34;22m      0.00[0m[34;1m     29.77[0m[34;22m      0.00[0m[34;22m      0.00[0m[34;1m     50.58[0m
13:55:33   [32;22m     all[0m[34;1m     21.31[0m[34;22m      0.00[0m[34;1m     32.67[0m[34;22m      0.00[0m[34;22m      0.00[0m[34;1m     46.02[0m
13:55:34   [32;22m     all[0m[34;1m     20.00[0m[34;22m      0.00[0m[34;1m     34.20[0m[34;22m      0.00[0m[34;22m      0.00[0m[34;1m     45.80[0m
13:55:35   [32;22m     all[0m[34;1m     21.20[0m[34;22m      0.00[0m[34;1m     31.81[0m[34;22m      0.00[0m[34;22m      0.00[0m[34;1m     46.99[0m
13:55:36   [32;22m     all[0m[34;1m     19.71[0m[34;22m      0.00[0m[34;1m     31.71[0m[34;22m      0.00[0m[34;22m      0.00[0m[34;1m     48.57[0m
13:55:37   [32;22m     all[0m[34;1m     18.80[0m[34;22m      0.00[0m[34;1m     31.34[0m[34;22m      0.00[0m[34;22m      0.00[0m[34;1m     49.86[0m
13:55:38   [32;22m     all[0m[34;1m     20.80[0m[34;22m      0.00[0m[34;1m     31.62[0m[34;22m      0.00[0m[34;22m      0.00[0m[34;1m     47.58[0m
13:55:39   [32;22m     all[0m[34;1m     20.81[0m[34;22m      0.00[0m[34;1m     34.10[0m[34;22m      0.00[0m[34;22m      0.00[0m[34;1m     45.09[0m
13:55:40   [32;22m     all[0m[34;1m     18.49[0m[34;22m      0.00[0m[34;1m     29.41[0m[34;22m      0.00[0m[34;22m      0.00[0m[34;1m     52.10[0m
13:55:41   [32;22m     all[0m[34;1m     19.14[0m[34;22m      0.00[0m[34;1m     34.86[0m[34;22m      0.00[0m[34;22m      0.00[0m[34;1m     46.00[0m
13:55:42   [32;22m     all[0m[34;1m     18.60[0m[34;22m      0.00[0m[34;1m     30.81[0m[34;22m      0.00[0m[34;22m      0.00[0m[34;1m     50.58[0m
13:55:43   [32;22m     all[0m[34;1m     19.21[0m[34;22m      0.00[0m[34;1m     29.38[0m[34;22m      0.00[0m[34;22m      0.00[0m[34;1m     51.41[0m
13:55:44   [32;22m     all[0m[34;1m     18.52[0m[34;22m      0.00[0m[34;1m     31.05[0m[34;22m      0.00[0m[34;22m      0.00[0m[34;1m     50.43[0m
13:55:45   [32;22m     all[0m[34;1m     20.69[0m[34;22m      0.00[0m[34;1m     31.61[0m[34;22m      0.00[0m[34;22m      0.00[0m[34;1m     47.70[0m
13:55:46   [32;22m     all[0m[34;1m     18.52[0m[34;22m      0.00[0m[34;1m     33.05[0m[34;22m      0.00[0m[34;22m      0.00[0m[34;1m     48.43[0m
13:55:47   [32;22m     all[0m[34;1m     31.07[0m[34;22m      0.00[0m[34;1m     47.18[0m[34;22m      0.00[0m[34;22m      0.00[0m[35;1m     21.75[0m
13:55:48   [32;22m     all[0m[34;1m     19.72[0m[34;22m      0.00[0m[34;1m     29.30[0m[34;22m      0.00[0m[34;22m      0.00[0m[34;1m     50.99[0m
13:55:49   [32;22m     all[0m[34;1m     18.18[0m[34;22m      0.00[0m[34;1m     30.68[0m[34;22m      0.00[0m[34;22m      0.00[0m[34;1m     51.14[0m
13:55:50   [32;22m     all[0m[34;1m     20.18[0m[34;22m      0.00[0m[34;1m     29.24[0m[34;22m      0.00[0m[34;22m      0.00[0m[34;1m     50.58[0m
13:55:51   [32;22m     all[0m[34;1m     20.51[0m[34;22m      0.00[0m[34;1m     33.15[0m[34;22m      0.00[0m[34;22m      0.00[0m[34;1m     46.35[0m
13:55:52   [32;22m     all[0m[34;1m     18.10[0m[34;22m      0.00[0m[34;1m     30.75[0m[34;22m      0.00[0m[34;22m      0.00[0m[34;1m     51.15[0m
13:55:53   [32;22m     all[0m[34;1m     22.00[0m[34;22m      0.00[0m[34;1m     31.71[0m[34;22m      0.00[0m[34;22m      0.00[0m[34;1m     46.29[0m
13:55:54   [32;22m     all[0m[34;1m     18.80[0m[34;22m      0.00[0m[34;1m     30.48[0m[34;22m      0.00[0m[34;22m      0.00[0m[34;1m     50.71[0m
13:55:55   [32;22m     all[0m[34;1m     19.22[0m[34;22m      0.00[0m[34;1m     27.86[0m[34;1m      0.28[0m[34;22m      0.00[0m[34;1m     52.65[0m
13:55:56   [32;22m     all[0m[34;1m     18.86[0m[34;22m      0.00[0m[34;1m     32.29[0m[34;22m      0.00[0m[34;22m      0.00[0m[34;1m     48.86[0m
13:55:57   [32;22m     all[0m[34;1m     16.95[0m[34;22m      0.00[0m[34;1m     27.68[0m[34;22m      0.00[0m[34;22m      0.00[0m[34;1m     55.37[0m
13:55:58   [32;22m     all[0m[34;1m     22.10[0m[34;22m      0.00[0m[34;1m     31.16[0m[34;22m      0.00[0m[34;22m      0.00[0m[34;1m     46.74[0m
13:55:59   [32;22m     all[0m[34;1m     21.51[0m[34;22m      0.00[0m[34;1m     36.05[0m[34;22m      0.00[0m[34;22m      0.00[0m[34;1m     42.44[0m
13:56:00   [32;22m     all[0m[34;1m     18.41[0m[34;22m      0.00[0m[34;1m     31.73[0m[34;22m      0.00[0m[34;22m      0.00[0m[34;1m     49.86[0m
13:56:01   [32;22m     all[0m[34;1m     21.26[0m[34;22m      0.00[0m[34;1m     33.05[0m[34;22m      0.00[0m[34;22m      0.00[0m[34;1m     45.69[0m
13:56:02   [32;22m     all[0m[34;1m     18.05[0m[34;22m      0.00[0m[34;1m     30.09[0m[34;22m      0.00[0m[34;22m      0.00[0m[34;1m     51.86[0m
13:56:03   [32;22m     all[0m[34;1m     21.25[0m[34;22m      0.00[0m[34;1m     34.56[0m[34;22m      0.00[0m[34;22m      0.00[0m[34;1m     44.19[0m
13:56:04   [32;22m     all[0m[34;1m     19.83[0m[34;22m      0.00[0m[34;1m     31.13[0m[34;22m      0.00[0m[34;22m      0.00[0m[34;1m     49.04[0m
13:56:05   [32;22m     all[0m[34;1m     19.65[0m[34;22m      0.00[0m[34;1m     30.64[0m[34;22m      0.00[0m[34;22m      0.00[0m[34;1m     49.71[0m
13:56:06   [32;22m     all[0m[34;1m     17.43[0m[34;22m      0.00[0m[34;1m     29.14[0m[34;22m      0.00[0m[34;22m      0.00[0m[34;1m     53.43[0m
13:56:07   [32;22m     all[0m[34;1m     19.03[0m[34;22m      0.00[0m[34;1m     30.68[0m[34;22m      0.00[0m[34;22m      0.00[0m[34;1m     50.28[0m
13:56:08   [32;22m     all[0m[34;1m     21.43[0m[34;22m      0.00[0m[34;1m     33.43[0m[34;22m      0.00[0m[34;22m      0.00[0m[34;1m     45.14[0m
13:56:09   [32;22m     all[0m[34;1m     21.25[0m[34;22m      0.00[0m[34;1m     33.14[0m[34;22m      0.00[0m[34;22m      0.00[0m[34;1m     45.61[0m
13:56:10   [32;22m     all[0m[34;1m     19.26[0m[34;22m      0.00[0m[34;1m     29.75[0m[34;22m      0.00[0m[34;22m      0.00[0m[34;1m     50.99[0m
13:56:11   [32;22m     all[0m[34;1m     18.18[0m[34;22m      0.00[0m[34;1m     30.11[0m[34;22m      0.00[0m[34;22m      0.00[0m[34;1m     51.70[0m
13:56:12   [32;22m     all[0m[34;1m     19.44[0m[34;22m      0.00[0m[34;1m     31.83[0m[34;22m      0.00[0m[34;22m      0.00[0m[34;1m     48.73[0m
13:56:13   [32;22m     all[0m[34;1m     21.43[0m[34;22m      0.00[0m[34;1m     31.43[0m[34;22m      0.00[0m[34;22m      0.00[0m[34;1m     47.14[0m
13:56:14   [32;22m     all[0m[34;1m     20.00[0m[34;22m      0.00[0m[34;1m     31.71[0m[34;22m      0.00[0m[34;22m      0.00[0m[34;1m     48.29[0m
13:56:15   [32;22m     all[0m[34;1m     19.32[0m[34;22m      0.00[0m[34;1m     28.12[0m[34;22m      0.00[0m[34;22m      0.00[0m[34;1m     52.56[0m
13:56:16   [32;22m     all[0m[34;1m     17.85[0m[34;22m      0.00[0m[34;1m     29.75[0m[34;22m      0.00[0m[34;22m      0.00[0m[34;1m     52.41[0m
13:56:17   [32;22m     all[0m[34;1m     21.19[0m[34;22m      0.00[0m[34;1m     34.46[0m[34;22m      0.00[0m[34;22m      0.00[0m[34;1m     44.35[0m
13:56:18   [32;22m     all[0m[34;1m     21.19[0m[34;22m      0.00[0m[34;1m     33.33[0m[34;22m      0.00[0m[34;22m      0.00[0m[34;1m     45.48[0m
13:56:19   [32;22m     all[0m[34;1m     19.36[0m[34;22m      0.00[0m[34;1m     31.79[0m[34;22m      0.00[0m[34;22m      0.00[0m[34;1m     48.84[0m
13:56:20   [32;22m     all[0m[34;1m     19.20[0m[34;22m      0.00[0m[34;1m     30.66[0m[34;22m      0.00[0m[34;22m      0.00[0m[34;1m     50.14[0m
13:56:21   [32;22m     all[0m[34;1m     19.77[0m[34;22m      0.00[0m[34;1m     34.18[0m[34;22m      0.00[0m[34;22m      0.00[0m[34;1m     46.05[0m
13:56:22   [32;22m     all[0m[34;1m     18.62[0m[34;22m      0.00[0m[34;1m     31.81[0m[34;22m      0.00[0m[34;22m      0.00[0m[34;1m     49.57[0m
13:56:23   [32;22m     all[0m[34;1m     19.09[0m[34;22m      0.00[0m[34;1m     31.05[0m[34;22m      0.00[0m[34;22m      0.00[0m[34;1m     49.86[0m
13:56:24   [32;22m     all[0m[34;1m     20.40[0m[34;22m      0.00[0m[34;1m     34.56[0m[34;22m      0.00[0m[34;22m      0.00[0m[34;1m     45.04[0m
13:56:25   [32;22m     all[0m[34;1m     19.60[0m[34;22m      0.00[0m[34;1m     32.85[0m[34;22m      0.00[0m[34;22m      0.00[0m[34;1m     47.55[0m
13:56:26   [32;22m     all[0m[34;1m     18.68[0m[34;22m      0.00[0m[34;1m     29.60[0m[34;22m      0.00[0m[34;22m      0.00[0m[34;1m     51.72[0m
13:56:27   [32;22m     all[0m[34;1m     19.83[0m[34;22m      0.00[0m[34;1m     30.59[0m[34;1m      0.28[0m[34;22m      0.00[0m[34;1m     49.29[0m
13:56:28   [32;22m     all[0m[34;1m     21.20[0m[34;22m      0.00[0m[34;1m     32.38[0m[34;22m      0.00[0m[34;22m      0.00[0m[34;1m     46.42[0m
13:56:29   [32;22m     all[0m[34;1m     19.48[0m[34;22m      0.00[0m[34;1m     32.66[0m[34;22m      0.00[0m[34;22m      0.00[0m[34;1m     47.85[0m
13:56:30   [32;22m     all[0m[34;1m     17.66[0m[34;22m      0.00[0m[34;1m     28.77[0m[34;22m      0.00[0m[34;22m      0.00[0m[34;1m     53.56[0m
13:56:31   [32;22m     all[0m[34;1m     20.11[0m[34;22m      0.00[0m[34;1m     34.20[0m[34;22m      0.00[0m[34;22m      0.00[0m[34;1m     45.69[0m
13:56:32   [32;22m     all[0m[34;1m     20.85[0m[34;22m      0.00[0m[34;1m     33.24[0m[34;22m      0.00[0m[34;22m      0.00[0m[34;1m     45.92[0m
13:56:33   [32;22m     all[0m[34;1m     21.53[0m[34;22m      0.00[0m[34;1m     32.29[0m[34;22m      0.00[0m[34;22m      0.00[0m[34;1m     46.18[0m
13:56:34   [32;22m     all[0m[34;1m     18.68[0m[34;22m      0.00[0m[34;1m     31.03[0m[34;22m      0.00[0m[34;22m      0.00[0m[34;1m     50.29[0m
13:56:35   [32;22m     all[0m[34;1m     20.45[0m[34;22m      0.00[0m[34;1m     32.39[0m[34;22m      0.00[0m[34;22m      0.00[0m[34;1m     47.16[0m
13:56:36   [32;22m     all[0m[34;1m     19.37[0m[34;22m      0.00[0m[34;1m     32.76[0m[34;22m      0.00[0m[34;22m      0.00[0m[34;1m     47.86[0m
13:56:37   [32;22m     all[0m[34;1m     18.70[0m[34;22m      0.00[0m[34;1m     30.03[0m[34;22m      0.00[0m[34;22m      0.00[0m[34;1m     51.27[0m
13:56:38   [32;22m     all[0m[34;1m     24.08[0m[34;22m      0.00[0m[34;1m     33.99[0m[34;22m      0.00[0m[34;22m      0.00[0m[34;1m     41.93[0m
13:56:39   [32;22m     all[0m[34;1m     19.60[0m[34;22m      0.00[0m[34;1m     33.43[0m[34;22m      0.00[0m[34;22m      0.00[0m[34;1m     46.97[0m
13:56:40   [32;22m     all[0m[34;1m     18.34[0m[34;22m      0.00[0m[34;1m     28.94[0m[34;22m      0.00[0m[34;22m      0.00[0m[34;1m     52.72[0m
13:56:41   [32;22m     all[0m[34;1m     21.75[0m[34;22m      0.00[0m[34;1m     31.92[0m[34;22m      0.00[0m[34;22m      0.00[0m[34;1m     46.33[0m
13:56:42   [32;22m     all[0m[34;1m     21.51[0m[34;22m      0.00[0m[34;1m     31.10[0m[34;22m      0.00[0m[34;22m      0.00[0m[34;1m     47.38[0m
13:56:43   [32;22m     all[0m[34;1m     19.66[0m[34;22m      0.00[0m[34;1m     30.48[0m[34;22m      0.00[0m[34;22m      0.00[0m[34;1m     49.86[0m
13:56:44   [32;22m     all[0m[34;1m     21.94[0m[34;22m      0.00[0m[34;1m     33.62[0m[34;22m      0.00[0m[34;22m      0.00[0m[34;1m     44.44[0m
13:56:45   [32;22m     all[0m[34;1m     18.34[0m[34;22m      0.00[0m[34;1m     31.52[0m[34;22m      0.00[0m[34;22m      0.00[0m[34;1m     50.14[0m
13:56:46   [32;22m     all[0m[34;1m     18.64[0m[34;22m      0.00[0m[34;1m     30.23[0m[34;22m      0.00[0m[34;22m      0.00[0m[34;1m     51.13[0m
13:56:47   [32;22m     all[0m[34;1m     19.20[0m[34;22m      0.00[0m[34;1m     32.66[0m[34;22m      0.00[0m[34;22m      0.00[0m[34;1m     48.14[0m
13:56:48   [32;22m     all[0m[34;1m     19.55[0m[34;22m      0.00[0m[34;1m     32.01[0m[34;22m      0.00[0m[34;22m      0.00[0m[34;1m     48.44[0m
13:56:49   [32;22m     all[0m[34;1m     17.95[0m[34;22m      0.00[0m[34;1m     31.62[0m[34;22m      0.00[0m[34;22m      0.00[0m[34;1m     50.43[0m
13:56:50   [32;22m     all[0m[34;1m     18.29[0m[34;22m      0.00[0m[34;1m     31.43[0m[34;22m      0.00[0m[34;22m      0.00[0m[34;1m     50.29[0m
13:56:51   [32;22m     all[0m[34;1m     20.34[0m[34;22m      0.00[0m[34;1m     32.49[0m[34;22m      0.00[0m[34;22m      0.00[0m[34;1m     47.18[0m
13:56:52   [32;22m     all[0m[34;1m     19.05[0m[34;22m      0.00[0m[34;1m     31.09[0m[34;22m      0.00[0m[34;22m      0.00[0m[34;1m     49.86[0m
13:56:53   [32;22m     all[0m[34;1m     20.80[0m[34;22m      0.00[0m[34;1m     33.05[0m[34;22m      0.00[0m[34;22m      0.00[0m[34;1m     46.15[0m
13:56:54   [32;22m     all[0m[34;1m     18.34[0m[34;22m      0.00[0m[34;1m     29.80[0m[34;22m      0.00[0m[34;22m      0.00[0m[34;1m     51.86[0m
13:56:55   [32;22m     all[0m[34;1m     19.83[0m[34;22m      0.00[0m[34;1m     30.46[0m[34;22m      0.00[0m[34;22m      0.00[0m[34;1m     49.71[0m
13:56:56   [32;22m     all[0m[34;1m     19.10[0m[34;22m      0.00[0m[34;1m     30.90[0m[34;22m      0.00[0m[34;22m      0.00[0m[34;1m     50.00[0m
13:56:57   [32;22m     all[0m[34;1m     18.57[0m[34;22m      0.00[0m[34;1m     31.43[0m[34;22m      0.00[0m[34;22m      0.00[0m[34;1m     50.00[0m
13:56:58   [32;22m     all[0m[34;1m     20.06[0m[34;22m      0.00[0m[34;1m     31.23[0m[34;22m      0.00[0m[34;22m      0.00[0m[34;1m     48.71[0m
13:56:59   [32;22m     all[0m[34;1m     17.24[0m[34;22m      0.00[0m[34;1m     27.59[0m[34;22m      0.00[0m[34;22m      0.00[0m[34;1m     55.17[0m
13:57:00   [32;22m     all[0m[34;1m     21.10[0m[34;22m      0.00[0m[34;1m     32.66[0m[34;22m      0.00[0m[34;22m      0.00[0m[34;1m     46.24[0m
13:57:01   [32;22m     all[0m[34;1m     18.31[0m[34;22m      0.00[0m[34;1m     29.01[0m[34;22m      0.00[0m[34;22m      0.00[0m[34;1m     52.68[0m
13:57:02   [32;22m     all[0m[34;1m     19.83[0m[34;22m      0.00[0m[34;1m     34.20[0m[34;22m      0.00[0m[34;22m      0.00[0m[34;1m     45.98[0m
13:57:03   [32;22m     all[0m[34;1m     19.27[0m[34;22m      0.00[0m[34;1m     29.61[0m[34;22m      0.00[0m[34;22m      0.00[0m[34;1m     51.12[0m
13:57:04   [32;22m     all[0m[34;1m     18.86[0m[34;22m      0.00[0m[34;1m     31.71[0m[34;22m      0.00[0m[34;22m      0.00[0m[34;1m     49.43[0m
13:57:05   [32;22m     all[0m[34;1m     21.37[0m[34;22m      0.00[0m[34;1m     33.05[0m[34;22m      0.00[0m[34;22m      0.00[0m[34;1m     45.58[0m
13:57:06   [32;22m     all[0m[34;1m     19.38[0m[34;22m      0.00[0m[34;1m     32.87[0m[34;22m      0.00[0m[34;22m      0.00[0m[34;1m     47.75[0m
13:57:07   [32;22m     all[0m[34;1m     19.89[0m[34;22m      0.00[0m[34;1m     32.67[0m[34;22m      0.00[0m[34;22m      0.00[0m[34;1m     47.44[0m
13:57:08   [32;22m     all[0m[34;1m     20.00[0m[34;22m      0.00[0m[34;1m     28.86[0m[34;22m      0.00[0m[34;22m      0.00[0m[34;1m     51.14[0m
13:57:09   [32;22m     all[0m[34;1m     20.23[0m[34;22m      0.00[0m[34;1m     31.91[0m[34;22m      0.00[0m[34;22m      0.00[0m[34;1m     47.86[0m
13:57:10   [32;22m     all[0m[34;1m     18.82[0m[34;22m      0.00[0m[34;1m     33.99[0m[34;22m      0.00[0m[34;22m      0.00[0m[34;1m     47.19[0m
13:57:11   [32;22m     all[0m[34;1m     19.77[0m[34;22m      0.00[0m[34;1m     31.64[0m[34;22m      0.00[0m[34;22m      0.00[0m[34;1m     48.59[0m
13:57:12   [32;22m     all[0m[34;1m     18.82[0m[34;22m      0.00[0m[34;1m     28.37[0m[34;22m      0.00[0m[34;22m      0.00[0m[34;1m     52.81[0m
13:57:13   [32;22m     all[0m[34;1m     22.41[0m[34;22m      0.00[0m[34;1m     33.62[0m[34;1m      0.29[0m[34;22m      0.00[0m[34;1m     43.68[0m
13:57:14   [32;22m     all[0m[34;1m     21.65[0m[34;22m      0.00[0m[34;1m     34.19[0m[34;22m      0.00[0m[34;22m      0.00[0m[34;1m     44.16[0m
13:57:15   [32;22m     all[0m[34;1m     19.26[0m[34;22m      0.00[0m[34;1m     33.99[0m[34;22m      0.00[0m[34;22m      0.00[0m[34;1m     46.74[0m
13:57:16   [32;22m     all[0m[34;1m     20.62[0m[34;22m      0.00[0m[34;1m     29.94[0m[34;22m      0.00[0m[34;22m      0.00[0m[34;1m     49.44[0m
13:57:17   [32;22m     all[0m[34;1m     19.77[0m[34;22m      0.00[0m[34;1m     30.37[0m[34;22m      0.00[0m[34;22m      0.00[0m[34;1m     49.86[0m
13:57:18   [32;22m     all[0m[34;1m     20.90[0m[34;22m      0.00[0m[34;1m     33.05[0m[34;22m      0.00[0m[34;22m      0.00[0m[34;1m     46.05[0m
13:57:19   [32;22m     all[0m[34;1m     20.29[0m[34;22m      0.00[0m[34;1m     32.75[0m[34;22m      0.00[0m[34;22m      0.00[0m[34;1m     46.96[0m
13:57:20   [32;22m     all[0m[34;1m     20.23[0m[34;22m      0.00[0m[34;1m     31.34[0m[34;22m      0.00[0m[34;22m      0.00[0m[34;1m     48.43[0m
13:57:21   [32;22m     all[0m[34;1m     20.51[0m[34;22m      0.00[0m[34;1m     35.04[0m[34;22m      0.00[0m[34;22m      0.00[0m[34;1m     44.44[0m
13:57:22   [32;22m     all[0m[34;1m     19.83[0m[34;22m      0.00[0m[34;1m     32.29[0m[34;22m      0.00[0m[34;22m      0.00[0m[34;1m     47.88[0m
13:57:23   [32;22m     all[0m[34;1m     18.03[0m[34;22m      0.00[0m[34;1m     27.61[0m[34;22m      0.00[0m[34;22m      0.00[0m[34;1m     54.37[0m
13:57:24   [32;22m     all[0m[34;1m     19.36[0m[34;22m      0.00[0m[34;1m     29.48[0m[34;22m      0.00[0m[34;22m      0.00[0m[34;1m     51.16[0m
13:57:25   [32;22m     all[0m[34;1m     20.45[0m[34;22m      0.00[0m[34;1m     33.81[0m[34;22m      0.00[0m[34;22m      0.00[0m[34;1m     45.74[0m
13:57:26   [32;22m     all[0m[34;1m     19.32[0m[34;22m      0.00[0m[34;1m     35.51[0m[34;1m      0.28[0m[34;22m      0.00[0m[34;1m     44.89[0m
13:57:27   [32;22m     all[0m[34;1m     20.63[0m[34;22m      0.00[0m[34;1m     32.66[0m[34;22m      0.00[0m[34;22m      0.00[0m[34;1m     46.70[0m
13:57:28   [32;22m     all[0m[34;1m     21.81[0m[34;22m      0.00[0m[34;1m     33.14[0m[34;22m      0.00[0m[34;22m      0.00[0m[34;1m     45.04[0m
13:57:29   [32;22m     all[0m[34;1m     20.62[0m[34;22m      0.00[0m[34;1m     33.05[0m[34;22m      0.00[0m[34;22m      0.00[0m[34;1m     46.33[0m
13:57:30   [32;22m     all[0m[34;1m     18.13[0m[34;22m      0.00[0m[34;1m     30.88[0m[34;22m      0.00[0m[34;22m      0.00[0m[34;1m     50.99[0m
13:57:31   [32;22m     all[0m[34;1m     18.98[0m[34;22m      0.00[0m[34;1m     28.61[0m[34;22m      0.00[0m[34;22m      0.00[0m[34;1m     52.41[0m
13:57:32   [32;22m     all[0m[34;1m     21.02[0m[34;22m      0.00[0m[34;1m     36.08[0m[34;22m      0.00[0m[34;22m      0.00[0m[34;1m     42.90[0m
13:57:33   [32;22m     all[0m[34;1m     19.55[0m[34;22m      0.00[0m[34;1m     30.31[0m[34;22m      0.00[0m[34;22m      0.00[0m[34;1m     50.14[0m
13:57:34   [32;22m     all[0m[34;1m     20.67[0m[34;22m      0.00[0m[34;1m     32.96[0m[34;22m      0.00[0m[34;22m      0.00[0m[34;1m     46.37[0m
13:57:35   [32;22m     all[0m[34;1m     20.34[0m[34;22m      0.00[0m[34;1m     29.66[0m[34;22m      0.00[0m[34;22m      0.00[0m[34;1m     50.00[0m
13:57:36   [32;22m     all[0m[34;1m     19.33[0m[34;22m      0.00[0m[34;1m     32.21[0m[34;22m      0.00[0m[34;22m      0.00[0m[34;1m     48.46[0m
13:57:37   [32;22m     all[0m[34;1m     22.38[0m[34;22m      0.00[0m[34;1m     33.14[0m[34;22m      0.00[0m[34;22m      0.00[0m[34;1m     44.48[0m
13:57:38   [32;22m     all[0m[34;1m     20.45[0m[34;22m      0.00[0m[34;1m     30.40[0m[34;1m      0.28[0m[34;22m      0.00[0m[34;1m     48.86[0m
13:57:39   [32;22m     all[0m[34;1m     20.45[0m[34;22m      0.00[0m[34;1m     29.41[0m[34;22m      0.00[0m[34;22m      0.00[0m[34;1m     50.14[0m
13:57:40   [32;22m     all[0m[34;1m     17.90[0m[34;22m      0.00[0m[34;1m     30.68[0m[34;22m      0.00[0m[34;22m      0.00[0m[34;1m     51.42[0m
13:57:41   [32;22m     all[0m[34;1m     18.93[0m[34;22m      0.00[0m[34;1m     28.53[0m[34;22m      0.00[0m[34;22m      0.00[0m[34;1m     52.54[0m
13:57:42   [32;22m     all[0m[34;1m     18.75[0m[34;22m      0.00[0m[34;1m     29.83[0m[34;22m      0.00[0m[34;22m      0.00[0m[34;1m     51.42[0m
13:57:43   [32;22m     all[0m[34;1m     19.89[0m[34;22m      0.00[0m[34;1m     33.05[0m[34;22m      0.00[0m[34;22m      0.00[0m[34;1m     47.06[0m
13:57:44   [32;22m     all[0m[34;1m     19.83[0m[34;22m      0.00[0m[34;1m     34.56[0m[34;22m      0.00[0m[34;22m      0.00[0m[34;1m     45.61[0m
13:57:45   [32;22m     all[0m[34;1m     19.66[0m[34;22m      0.00[0m[34;1m     30.48[0m[34;22m      0.00[0m[34;22m      0.00[0m[34;1m     49.86[0m
13:57:46   [32;22m     all[0m[34;1m     18.03[0m[34;22m      0.00[0m[34;1m     27.32[0m[34;22m      0.00[0m[34;22m      0.00[0m[34;1m     54.65[0m
13:57:47   [32;22m     all[0m[34;1m     17.46[0m[34;22m      0.00[0m[34;1m     30.70[0m[34;22m      0.00[0m[34;22m      0.00[0m[34;1m     51.83[0m
13:57:48   [32;22m     all[0m[34;1m     21.07[0m[34;22m      0.00[0m[34;1m     34.55[0m[34;22m      0.00[0m[34;22m      0.00[0m[34;1m     44.38[0m
13:57:49   [32;22m     all[0m[34;1m     17.71[0m[34;22m      0.00[0m[34;1m     30.57[0m[34;22m      0.00[0m[34;22m      0.00[0m[34;1m     51.71[0m
13:57:50   [32;22m     all[0m[34;1m     18.64[0m[34;22m      0.00[0m[34;1m     30.79[0m[34;22m      0.00[0m[34;22m      0.00[0m[34;1m     50.56[0m
13:57:51   [32;22m     all[0m[34;1m     20.40[0m[34;22m      0.00[0m[34;1m     32.47[0m[34;22m      0.00[0m[34;22m      0.00[0m[34;1m     47.13[0m
13:57:52   [32;22m     all[0m[34;1m     21.31[0m[34;22m      0.00[0m[34;1m     34.09[0m[34;22m      0.00[0m[34;22m      0.00[0m[34;1m     44.60[0m
13:57:53   [32;22m     all[0m[34;1m     20.45[0m[34;22m      0.00[0m[34;1m     34.09[0m[34;22m      0.00[0m[34;22m      0.00[0m[34;1m     45.45[0m
13:57:54   [32;22m     all[0m[34;1m     20.17[0m[34;22m      0.00[0m[34;1m     34.38[0m[34;22m      0.00[0m[34;22m      0.00[0m[34;1m     45.45[0m
13:57:55   [32;22m     all[0m[34;1m     20.75[0m[34;22m      0.00[0m[34;1m     30.26[0m[34;22m      0.00[0m[34;22m      0.00[0m[34;1m     48.99[0m
13:57:56   [32;22m     all[0m[34;1m     18.49[0m[34;22m      0.00[0m[34;1m     31.93[0m[34;22m      0.00[0m[34;22m      0.00[0m[34;1m     49.58[0m
13:57:57   [32;22m     all[0m[34;1m     19.83[0m[34;22m      0.00[0m[34;1m     33.71[0m[34;22m      0.00[0m[34;22m      0.00[0m[34;1m     46.46[0m
13:57:58   [32;22m     all[0m[34;1m     22.06[0m[34;22m      0.00[0m[34;1m     32.38[0m[34;22m      0.00[0m[34;22m      0.00[0m[34;1m     45.56[0m
13:57:59   [32;22m     all[0m[34;1m     22.77[0m[34;22m      0.00[0m[34;1m     34.29[0m[34;22m      0.00[0m[34;22m      0.00[0m[34;1m     42.94[0m
13:58:00   [32;22m     all[0m[34;1m     23.56[0m[34;22m      0.00[0m[34;1m     37.36[0m[34;22m      0.00[0m[34;22m      0.00[0m[34;1m     39.08[0m
13:58:01   [32;22m     all[0m[34;1m     18.03[0m[34;22m      0.00[0m[34;1m     30.14[0m[34;22m      0.00[0m[34;22m      0.00[0m[34;1m     51.83[0m
