Linux 6.6.95 (minikube) 	04/17/26 	_x86_64_	(4 CPU)

13:53:01    kbmemfree   kbavail kbmemused  %memused kbbuffers  kbcached  kbcommit   %commit  kbactive   kbinact   kbdirty
13:53:02   [34;1m   1424984[0m[34;1m   1652152[0m[34;1m   1070360[0m[34;1m     26.75[0m[34;1m     15100[0m[34;1m   1388480[0m[34;1m   6187696[0m[31;1m    154.64[0m[34;1m    662300[0m[34;1m   1635072[0m[34;1m       448[0m
13:53:03   [34;1m   1415052[0m[34;1m   1642368[0m[34;1m   1079468[0m[34;1m     26.98[0m[34;1m     15100[0m[34;1m   1388636[0m[34;1m   6238044[0m[31;1m    155.90[0m[34;1m    662496[0m[34;1m   1664540[0m[34;22m         0[0m
13:53:04   [34;1m   1397884[0m[34;1m   1625312[0m[34;1m   1095704[0m[34;1m     27.38[0m[34;1m     15100[0m[34;1m   1388744[0m[34;1m   6288392[0m[31;1m    157.15[0m[34;1m    662660[0m[34;1m   1694288[0m[34;1m       108[0m
13:53:05   [34;1m   1364600[0m[34;1m   1592240[0m[34;1m   1127720[0m[34;1m     28.18[0m[34;1m     15108[0m[34;1m   1388944[0m[34;1m   6338740[0m[31;1m    158.41[0m[34;1m    662828[0m[34;1m   1718676[0m[34;1m       364[0m
13:53:06   [34;1m   1333240[0m[34;1m   1561068[0m[34;1m   1157460[0m[34;1m     28.93[0m[34;1m     15108[0m[34;1m   1389060[0m[34;1m   6389088[0m[31;1m    159.67[0m[34;1m    662996[0m[34;1m   1752828[0m[34;1m       480[0m
13:53:07   [34;1m   1291364[0m[34;1m   1519528[0m[34;1m   1197612[0m[34;1m     29.93[0m[34;1m     15108[0m[34;1m   1389332[0m[34;1m   6439436[0m[31;1m    160.93[0m[34;1m    663160[0m[34;1m   1788432[0m[34;1m       752[0m
13:53:08   [34;1m   1250460[0m[34;1m   1478860[0m[34;1m   1236596[0m[34;1m     30.90[0m[34;1m     15108[0m[34;1m   1389492[0m[34;1m   6489784[0m[31;1m    162.19[0m[34;1m    663324[0m[34;1m   1821996[0m[34;1m       912[0m
13:53:09   [34;1m   1208876[0m[34;1m   1437756[0m[34;1m   1275864[0m[34;1m     31.89[0m[34;1m     15108[0m[34;1m   1389904[0m[34;1m   6540260[0m[31;1m    163.45[0m[34;1m    663488[0m[34;1m   1857828[0m[34;1m      1324[0m
13:53:10   [34;1m   1163484[0m[34;1m   1392608[0m[34;1m   1318936[0m[34;1m     32.96[0m[34;1m     15116[0m[34;1m   1390068[0m[34;1m   6590608[0m[31;1m    164.71[0m[34;1m    663652[0m[34;1m   1893824[0m[34;1m      1500[0m
13:53:11   [34;1m   1118932[0m[34;1m   1348624[0m[34;1m   1361072[0m[34;1m     34.01[0m[34;1m     15116[0m[34;1m   1390572[0m[34;1m   6640828[0m[31;1m    165.96[0m[34;1m    663824[0m[34;1m   1932696[0m[34;1m      2004[0m
13:53:12   [34;1m   1073300[0m[34;1m   1303280[0m[34;1m   1404456[0m[34;1m     35.10[0m[34;1m     15124[0m[34;1m   1390792[0m[34;1m   6695896[0m[31;1m    167.34[0m[34;1m    663984[0m[34;1m   1969568[0m[34;1m      2220[0m
13:53:13   [34;1m   1032972[0m[34;1m   1263664[0m[34;1m   1442016[0m[34;1m     36.04[0m[34;1m     15124[0m[34;1m   1391412[0m[34;1m   6746372[0m[31;1m    168.60[0m[34;1m    664160[0m[34;1m   2002784[0m[34;1m      2832[0m
13:53:14   [34;1m    990468[0m[34;1m   1221376[0m[34;1m   1481664[0m[34;1m     37.03[0m[34;1m     15124[0m[34;1m   1391604[0m[34;1m   6796592[0m[31;1m    169.86[0m[34;1m    664324[0m[34;1m   2037716[0m[34;1m        68[0m
13:53:15   [34;1m    948804[0m[34;1m   1180492[0m[34;1m   1519984[0m[34;1m     37.99[0m[34;1m     15124[0m[34;1m   1392312[0m[34;1m   6842220[0m[31;1m    171.00[0m[34;1m    664484[0m[34;1m   2069640[0m[34;1m       676[0m
13:53:16   [34;1m    906368[0m[34;1m   1138308[0m[34;1m   1559404[0m[34;1m     38.97[0m[34;1m     15124[0m[34;1m   1392540[0m[34;1m   6892568[0m[31;1m    172.25[0m[34;1m    664652[0m[34;1m   2105832[0m[34;1m       904[0m
13:53:17   [34;1m    862832[0m[34;1m   1095512[0m[34;1m   1599352[0m[34;1m     39.97[0m[34;1m     15148[0m[34;1m   1393300[0m[34;1m   6943044[0m[31;1m    173.52[0m[34;1m    664816[0m[34;1m   2142336[0m[34;1m      1564[0m
13:53:18   [34;1m    813428[0m[34;1m   1046836[0m[34;1m   1645300[0m[34;1m     41.12[0m[34;1m     15148[0m[34;1m   1393756[0m[34;1m   6993520[0m[31;1m    174.78[0m[34;1m    665004[0m[34;1m   2181456[0m[34;1m      2160[0m
13:53:19   [34;1m    767232[0m[34;1m   1001452[0m[34;1m   1687536[0m[34;1m     42.17[0m[34;1m     15148[0m[34;1m   1394440[0m[34;1m   7043868[0m[31;1m    176.04[0m[34;1m    665168[0m[34;1m   2218828[0m[34;1m      2844[0m
13:53:20   [34;1m    726340[0m[34;1m    961420[0m[34;1m   1724876[0m[34;1m     43.11[0m[34;1m     15148[0m[34;1m   1395208[0m[34;1m   7094216[0m[31;1m    177.29[0m[34;1m    665332[0m[34;1m   2249736[0m[34;1m      3612[0m
13:53:21   [34;1m    684956[0m[34;1m    920752[0m[34;1m   1762688[0m[34;1m     44.05[0m[34;1m     15148[0m[34;1m   1395788[0m[34;1m   7144564[0m[31;1m    178.55[0m[34;1m    665496[0m[34;1m   2284720[0m[34;1m      4192[0m
13:53:22   [34;1m    640736[0m[34;1m    877252[0m[34;1m   1803092[0m[34;1m     45.06[0m[34;1m     15156[0m[34;1m   1396416[0m[34;1m   7194912[0m[31;1m    179.81[0m[34;1m    665660[0m[34;1m   2320896[0m[34;1m      4824[0m
13:53:23   [34;1m    595652[0m[34;1m    833084[0m[34;1m   1844376[0m[34;1m     46.09[0m[34;1m     15156[0m[34;1m   1397232[0m[34;1m   7245260[0m[31;1m    181.07[0m[34;1m    665832[0m[34;1m   2353892[0m[34;1m      5636[0m
13:53:24   [34;1m    553224[0m[34;1m    791684[0m[34;1m   1882544[0m[34;1m     47.05[0m[34;1m     15156[0m[34;1m   1398128[0m[34;1m   7295608[0m[31;1m    182.33[0m[34;1m    665996[0m[34;1m   2388176[0m[34;1m      6532[0m
13:53:25   [34;1m    507580[0m[34;1m    747004[0m[34;1m   1923880[0m[34;1m     48.08[0m[34;1m     15156[0m[34;1m   1399008[0m[34;1m   7345956[0m[31;1m    183.58[0m[34;1m    666160[0m[34;1m   2426492[0m[34;1m      7412[0m
13:53:26   [34;1m    458756[0m[34;1m    698924[0m[34;1m   1968056[0m[34;1m     49.18[0m[34;1m     15156[0m[34;1m   1399600[0m[34;1m   7396304[0m[31;1m    184.84[0m[34;1m    666324[0m[34;1m   2464188[0m[34;1m      8004[0m
13:53:27   [34;1m    409124[0m[34;1m    650424[0m[34;1m   2011472[0m[34;1m     50.27[0m[34;1m     15164[0m[34;1m   1400608[0m[34;1m   7446908[0m[31;1m    186.11[0m[34;1m    666488[0m[34;1m   2502532[0m[34;1m      9020[0m
13:53:28   [34;1m    357680[0m[34;1m    599928[0m[34;1m   2057016[0m[34;1m     51.41[0m[34;1m     15208[0m[34;1m   1401412[0m[34;1m   7497248[0m[31;1m    187.37[0m[34;1m    666656[0m[34;1m   2543432[0m[34;1m     10012[0m
13:53:29   [34;1m    306060[0m[34;1m    549348[0m[34;1m   2102792[0m[34;1m     52.55[0m[34;1m     15208[0m[34;1m   1402256[0m[34;1m   7551692[0m[31;1m    188.73[0m[34;1m    666844[0m[34;1m   2582412[0m[34;1m     10888[0m
13:53:30   [34;1m    253852[0m[34;1m    498176[0m[34;1m   2148608[0m[34;1m     53.70[0m[34;1m     15208[0m[34;1m   1403308[0m[34;1m   7602040[0m[31;1m    189.98[0m[34;1m    667008[0m[34;1m   2621884[0m[34;1m     11940[0m
13:53:31   [34;1m    211656[0m[34;1m    457292[0m[34;1m   2184812[0m[34;1m     54.60[0m[34;1m     15208[0m[34;1m   1404304[0m[34;1m   7652388[0m[31;1m    191.24[0m[34;1m    667168[0m[34;1m   2653564[0m[34;1m     12936[0m
13:53:32   [34;1m    186380[0m[34;1m    432804[0m[34;1m   2206840[0m[34;1m     55.15[0m[34;1m     15228[0m[34;1m   1404984[0m[34;1m   7681668[0m[31;1m    191.97[0m[34;1m    667252[0m[34;1m   2673100[0m[34;1m     13636[0m
13:53:33   [34;1m    183356[0m[34;1m    431092[0m[34;1m   2208384[0m[34;1m     55.19[0m[34;1m     15228[0m[34;1m   1406320[0m[34;1m   7681668[0m[31;1m    191.97[0m[34;1m    667272[0m[34;1m   2675608[0m[34;1m     15000[0m
13:53:34   [34;1m    181648[0m[34;1m    430216[0m[34;1m   2209148[0m[34;1m     55.21[0m[34;1m     15228[0m[34;1m   1407264[0m[34;1m   7681668[0m[31;1m    191.97[0m[34;1m    667272[0m[34;1m   2677008[0m[34;22m         0[0m
13:53:35   [34;1m    179092[0m[34;1m    428856[0m[34;1m   2210436[0m[34;1m     55.24[0m[34;1m     15228[0m[34;1m   1408404[0m[34;1m   7676948[0m[31;1m    191.86[0m[34;1m    667272[0m[34;1m   2677080[0m[34;1m      1016[0m
13:53:36   [34;1m    178176[0m[34;1m    428772[0m[34;1m   2210644[0m[34;1m     55.25[0m[34;1m     15228[0m[34;1m   1409176[0m[34;1m   7681044[0m[31;1m    191.96[0m[34;1m    667272[0m[34;1m   2678584[0m[34;1m      1792[0m
13:53:37   [34;1m    176748[0m[34;1m    428452[0m[34;1m   2210992[0m[34;1m     55.26[0m[34;1m     15236[0m[34;1m   1410332[0m[34;1m   7681044[0m[31;1m    191.96[0m[34;1m    667272[0m[34;1m   2679448[0m[34;1m      2956[0m
13:53:38   [34;1m    175744[0m[34;1m    428304[0m[34;1m   2211160[0m[34;1m     55.26[0m[34;1m     15236[0m[34;1m   1411144[0m[34;1m   7681044[0m[31;1m    191.96[0m[34;1m    667280[0m[34;1m   2680968[0m[34;1m      3800[0m
13:53:39   [34;1m    173504[0m[34;1m    427272[0m[34;1m   2212404[0m[34;1m     55.29[0m[34;1m     15236[0m[34;1m   1412328[0m[34;1m   7681044[0m[31;1m    191.96[0m[34;1m    667280[0m[34;1m   2682688[0m[34;1m      4984[0m
13:53:40   [34;1m    170848[0m[34;1m    425336[0m[34;1m   2214152[0m[34;1m     55.33[0m[34;1m     15236[0m[34;1m   1413044[0m[34;1m   7681044[0m[31;1m    191.96[0m[34;1m    667280[0m[34;1m   2683340[0m[34;1m      5700[0m
13:53:41   [34;1m    169052[0m[34;1m    424712[0m[34;1m   2214944[0m[34;1m     55.35[0m[34;1m     15236[0m[34;1m   1414252[0m[34;1m   7681044[0m[31;1m    191.96[0m[34;1m    667280[0m[34;1m   2684968[0m[34;1m      6908[0m
13:53:42   [34;1m    167596[0m[34;1m    424072[0m[34;1m   2215716[0m[34;1m     55.37[0m[34;1m     15244[0m[34;1m   1414864[0m[34;1m   7681300[0m[31;1m    191.97[0m[34;1m    667280[0m[34;1m   2686340[0m[34;1m      7528[0m
13:53:43   [34;1m    165832[0m[34;1m    423380[0m[34;1m   2216256[0m[34;1m     55.39[0m[34;1m     15252[0m[34;1m   1416060[0m[34;1m   7681300[0m[31;1m    191.97[0m[34;1m    667288[0m[34;1m   2687956[0m[34;1m      8732[0m
13:53:44   [34;1m    158580[0m[34;1m    417144[0m[34;1m   2222476[0m[34;1m     55.54[0m[34;1m     15252[0m[34;1m   1417068[0m[34;1m   7681300[0m[31;1m    191.97[0m[34;1m    667296[0m[34;1m   2689028[0m[34;1m      9736[0m
13:53:45   [34;1m    155836[0m[34;1m    415112[0m[34;1m   2224464[0m[34;1m     55.59[0m[34;1m     15252[0m[34;1m   1417808[0m[34;1m   7681300[0m[31;1m    191.97[0m[34;1m    667296[0m[34;1m   2690492[0m[34;1m     10476[0m
13:53:46   [34;1m    155360[0m[34;1m    415896[0m[34;1m   2223736[0m[34;1m     55.57[0m[34;1m     15252[0m[34;1m   1419024[0m[34;1m   7681300[0m[31;1m    191.97[0m[34;1m    667296[0m[34;1m   2692416[0m[34;1m     11692[0m
13:53:47   [34;1m    154856[0m[34;1m    416236[0m[34;1m   2223320[0m[34;1m     55.56[0m[34;1m     15260[0m[34;1m   1419932[0m[34;1m   7681300[0m[31;1m    191.97[0m[34;1m    667296[0m[34;1m   2693604[0m[34;1m     12604[0m
13:53:48   [34;1m    153372[0m[34;1m    415804[0m[34;1m   2223612[0m[34;1m     55.57[0m[34;1m     15260[0m[34;1m   1421120[0m[34;1m   7681300[0m[31;1m    191.97[0m[34;1m    667304[0m[34;1m   2695304[0m[34;1m     13784[0m
13:53:49   [34;1m    151664[0m[34;1m    415216[0m[34;1m   2224516[0m[34;1m     55.59[0m[34;1m     15268[0m[34;1m   1421924[0m[34;1m   7681300[0m[31;1m    191.97[0m[34;1m    667304[0m[34;1m   2696648[0m[34;1m     14592[0m
13:53:50   [34;1m    148640[0m[34;1m    412976[0m[34;1m   2226592[0m[34;1m     55.65[0m[34;1m     15268[0m[34;1m   1422872[0m[34;1m   7681300[0m[31;1m    191.97[0m[34;1m    667312[0m[34;1m   2697876[0m[34;1m     15532[0m
13:53:51   [34;1m    147184[0m[34;1m    412712[0m[34;1m   2226948[0m[34;1m     55.65[0m[34;1m     15268[0m[34;1m   1423984[0m[34;1m   7681300[0m[31;1m    191.97[0m[34;1m    667312[0m[34;1m   2700224[0m[34;1m     16644[0m
13:53:52   [34;1m    144160[0m[34;1m    410332[0m[34;1m   2229232[0m[34;1m     55.71[0m[34;1m     15268[0m[34;1m   1424632[0m[34;1m   7686020[0m[31;1m    192.08[0m[34;1m    667312[0m[34;1m   2705144[0m[34;1m     17292[0m
13:53:53   [34;1m    141696[0m[34;1m    409108[0m[34;1m   2230412[0m[34;1m     55.74[0m[34;1m     15268[0m[34;1m   1425904[0m[34;1m   7686020[0m[31;1m    192.08[0m[34;1m    667312[0m[34;1m   2704844[0m[34;1m     18564[0m
13:53:54   [34;1m    139428[0m[34;1m    407652[0m[34;1m   2231856[0m[34;1m     55.78[0m[34;1m     15276[0m[34;1m   1426716[0m[34;1m   7686020[0m[31;1m    192.08[0m[34;1m    667312[0m[34;1m   2706248[0m[34;1m     19384[0m
13:53:55   [34;1m    136684[0m[34;1m    405880[0m[34;1m   2233636[0m[34;1m     55.82[0m[34;1m     15284[0m[34;1m   1427656[0m[34;1m   7681300[0m[31;1m    191.97[0m[34;1m    667328[0m[34;1m   2708276[0m[34;1m     20312[0m
13:53:56   [34;1m    135256[0m[34;1m    405620[0m[34;1m   2233952[0m[34;1m     55.83[0m[34;1m     15284[0m[34;1m   1428804[0m[34;1m   7681300[0m[31;1m    191.97[0m[34;1m    667328[0m[34;1m   2710488[0m[34;1m     21460[0m
13:53:57   [34;1m    133296[0m[34;1m    404816[0m[34;1m   2234764[0m[34;1m     55.85[0m[34;1m     15284[0m[34;1m   1429952[0m[34;1m   7681300[0m[31;1m    191.97[0m[34;1m    667328[0m[34;1m   2713044[0m[34;1m     22608[0m
13:53:58   [34;1m    130300[0m[34;1m    402632[0m[34;1m   2236948[0m[34;1m     55.90[0m[34;1m     15292[0m[34;1m   1430776[0m[34;1m   7681300[0m[31;1m    191.97[0m[34;1m    667328[0m[34;1m   2715508[0m[34;1m     23440[0m
13:53:59   [34;1m    129040[0m[34;1m    402520[0m[34;1m   2237084[0m[34;1m     55.91[0m[34;1m     15292[0m[34;1m   1431884[0m[34;1m   7681300[0m[31;1m    191.97[0m[34;1m    667336[0m[34;1m   2717316[0m[34;1m     24532[0m
13:54:00   [34;1m    125568[0m[34;1m    399908[0m[34;1m   2239364[0m[34;1m     55.96[0m[34;1m     15292[0m[34;1m   1432940[0m[34;1m   7681300[0m[31;1m    191.97[0m[34;1m    667336[0m[34;1m   2719184[0m[34;1m      9160[0m
13:54:01   [34;1m    122480[0m[34;1m    397948[0m[34;1m   2241628[0m[34;1m     56.02[0m[34;1m     15292[0m[34;1m   1433904[0m[34;1m   7681300[0m[31;1m    191.97[0m[34;1m    667336[0m[34;1m   2721368[0m[34;1m     10096[0m
13:54:02   [34;1m    120016[0m[34;1m    396428[0m[34;1m   2243108[0m[34;1m     56.06[0m[34;1m     15300[0m[34;1m   1434868[0m[34;1m   7681300[0m[31;1m    191.97[0m[34;1m    667336[0m[34;1m   2725128[0m[34;1m     11064[0m
13:54:03   [34;1m    117576[0m[34;1m    394832[0m[34;1m   2244652[0m[34;1m     56.10[0m[34;1m     15308[0m[34;1m   1435732[0m[34;1m   7681300[0m[31;1m    191.97[0m[34;1m    667340[0m[34;1m   2727588[0m[34;1m     11988[0m
13:54:04   [34;1m    115188[0m[34;1m    393480[0m[34;1m   2246060[0m[34;1m     56.13[0m[34;1m     15308[0m[34;1m   1436680[0m[34;1m   7681300[0m[31;1m    191.97[0m[34;1m    667352[0m[34;1m   2729200[0m[34;1m     12924[0m
13:54:05   [34;1m    140284[0m[34;1m    416340[0m[34;1m   2223088[0m[34;1m     55.56[0m[34;1m     15200[0m[34;1m   1434576[0m[34;1m   7681300[0m[31;1m    191.97[0m[34;1m    666600[0m[34;1m   2729172[0m[34;1m       348[0m
13:54:06   [34;1m    132476[0m[34;1m    409340[0m[34;1m   2230096[0m[34;1m     55.73[0m[34;1m     15200[0m[34;1m   1435428[0m[34;1m   7685396[0m[31;1m    192.07[0m[34;1m    666604[0m[34;1m   2730044[0m[34;1m      1200[0m
13:54:07   [34;1m    129268[0m[34;1m    407288[0m[34;1m   2232228[0m[34;1m     55.79[0m[34;1m     15200[0m[34;1m   1436504[0m[34;1m   7685396[0m[31;1m    192.07[0m[34;1m    666604[0m[34;1m   2732432[0m[34;1m      2276[0m
13:54:08   [34;1m    127236[0m[34;1m    404016[0m[34;1m   2235472[0m[34;1m     55.87[0m[34;1m     15176[0m[34;1m   1435296[0m[34;1m   7685396[0m[31;1m    192.07[0m[34;1m    667196[0m[34;1m   2733272[0m[34;1m      3264[0m
13:54:09   [34;1m    126152[0m[34;1m    401916[0m[34;1m   2237528[0m[34;1m     55.92[0m[34;1m     15176[0m[34;1m   1434296[0m[34;1m   7689492[0m[31;1m    192.17[0m[34;1m    666376[0m[34;1m   2734628[0m[34;1m      4380[0m
13:54:10   [34;1m    124872[0m[34;1m    399336[0m[34;1m   2240232[0m[34;1m     55.99[0m[34;1m     15176[0m[34;1m   1432920[0m[34;1m   7689492[0m[31;1m    192.17[0m[34;1m    667180[0m[34;1m   2732996[0m[34;1m      5240[0m
13:54:11   [34;1m    126684[0m[34;1m    399928[0m[34;1m   2239476[0m[34;1m     55.97[0m[34;1m     15128[0m[34;1m   1431864[0m[34;1m   7689492[0m[31;1m    192.17[0m[34;1m    668068[0m[34;1m   2732016[0m[34;1m      6208[0m
13:54:12   [34;1m    120568[0m[34;1m    394980[0m[34;1m   2244456[0m[34;1m     56.09[0m[34;1m     15128[0m[34;1m   1432940[0m[34;1m   7698308[0m[31;1m    192.39[0m[34;1m    668088[0m[34;1m   2737288[0m[34;1m      7268[0m
13:54:13   [34;1m    119960[0m[34;1m    393256[0m[34;1m   2246192[0m[34;1m     56.14[0m[34;1m     15136[0m[34;1m   1431796[0m[34;1m   7698308[0m[31;1m    192.39[0m[34;1m    669200[0m[34;1m   2735536[0m[34;1m      8216[0m
13:54:14   [34;1m    125376[0m[34;1m    397276[0m[34;1m   2241972[0m[34;1m     56.03[0m[34;1m     15136[0m[34;1m   1430596[0m[34;1m   7698308[0m[31;1m    192.39[0m[34;1m    670392[0m[34;1m   2733884[0m[34;1m      8932[0m
13:54:15   [34;1m    123684[0m[34;1m    394752[0m[34;1m   2244492[0m[34;1m     56.09[0m[34;1m     15144[0m[34;1m   1429552[0m[34;1m   7697684[0m[31;1m    192.37[0m[34;1m    672236[0m[34;1m   2731384[0m[34;1m     10100[0m
13:54:16   [34;1m    121400[0m[34;1m    393452[0m[34;1m   2245932[0m[34;1m     56.13[0m[34;1m     15144[0m[34;1m   1430532[0m[34;1m   7697684[0m[31;1m    192.37[0m[34;1m    672228[0m[34;1m   2730748[0m[34;1m     11080[0m
13:54:17   [34;1m    122228[0m[34;1m    393076[0m[34;1m   2246280[0m[34;1m     56.14[0m[34;1m     15152[0m[34;1m   1429348[0m[34;1m   7697684[0m[31;1m    192.37[0m[34;1m    674152[0m[34;1m   2729756[0m[34;1m     11828[0m
13:54:18   [34;1m    118352[0m[34;1m    390212[0m[34;1m   2249172[0m[34;1m     56.21[0m[34;1m     15152[0m[34;1m   1430316[0m[34;1m   7701780[0m[31;1m    192.48[0m[34;1m    674204[0m[34;1m   2733408[0m[34;1m     12940[0m
13:54:19   [34;1m    119632[0m[34;1m    390084[0m[34;1m   2249156[0m[34;1m     56.21[0m[34;1m     15160[0m[34;1m   1429044[0m[34;1m   7701780[0m[31;1m    192.48[0m[34;1m    677164[0m[34;1m   2730036[0m[34;1m     13896[0m
13:54:20   [34;1m    118848[0m[34;1m    388508[0m[34;1m   2250716[0m[34;1m     56.25[0m[34;1m     15152[0m[34;1m   1428124[0m[34;1m   7701780[0m[31;1m    192.48[0m[34;1m    678812[0m[34;1m   2728724[0m[34;1m     14944[0m
13:54:21   [34;1m    121948[0m[34;1m    390424[0m[34;1m   2248656[0m[34;1m     56.20[0m[34;1m     15152[0m[34;1m   1427208[0m[34;1m   7701780[0m[31;1m    192.48[0m[34;1m    680144[0m[34;1m   2727324[0m[34;1m     15952[0m
13:54:22   [34;1m    119336[0m[34;1m    386884[0m[34;1m   2252296[0m[34;1m     56.29[0m[34;1m     15152[0m[34;1m   1426176[0m[34;1m   7705948[0m[31;1m    192.58[0m[34;1m    682056[0m[34;1m   2727152[0m[34;1m     17048[0m
13:54:23   [34;1m    118868[0m[34;1m    385564[0m[34;1m   2253920[0m[34;1m     56.33[0m[34;1m     15152[0m[34;1m   1425000[0m[34;1m   7705948[0m[31;1m    192.58[0m[34;1m    682748[0m[34;1m   2726884[0m[34;1m     18060[0m
13:54:24   [34;1m    115996[0m[34;1m    383392[0m[34;1m   2255940[0m[34;1m     56.38[0m[34;1m     15160[0m[34;1m   1425840[0m[34;1m   7705948[0m[31;1m    192.58[0m[34;1m    682800[0m[34;1m   2728276[0m[34;1m     18856[0m
13:54:25   [34;1m    116484[0m[34;1m    381488[0m[34;1m   2257720[0m[34;1m     56.42[0m[34;1m     15168[0m[34;1m   1423444[0m[34;1m   7710300[0m[31;1m    192.69[0m[34;1m    681804[0m[34;1m   2729656[0m[34;1m     19868[0m
13:54:26   [34;1m    116624[0m[34;1m    381108[0m[34;1m   2258240[0m[34;1m     56.44[0m[34;1m     15168[0m[34;1m   1422900[0m[34;1m   7710300[0m[31;1m    192.69[0m[34;1m    681440[0m[34;1m   2728184[0m[34;1m     20640[0m
13:54:27   [34;1m    111932[0m[34;1m    378604[0m[34;1m   2260712[0m[34;1m     56.50[0m[34;1m     15168[0m[34;1m   1425128[0m[34;1m   7710300[0m[31;1m    192.69[0m[34;1m    682604[0m[34;1m   2730568[0m[34;1m     21760[0m
13:54:28   [34;1m    118760[0m[34;1m    375784[0m[34;1m   2263524[0m[34;1m     56.57[0m[34;1m     15152[0m[34;1m   1415960[0m[34;1m   7714396[0m[31;1m    192.79[0m[34;1m    690124[0m[34;1m   2717548[0m[34;1m     22656[0m
13:54:29   [34;1m    116552[0m[34;1m    375080[0m[34;1m   2264452[0m[34;1m     56.59[0m[34;1m     15152[0m[34;1m   1417280[0m[34;1m   7714396[0m[31;1m    192.79[0m[34;1m    690624[0m[34;1m   2718052[0m[34;1m     23692[0m
13:54:30   [34;1m    114116[0m[34;1m    373424[0m[34;1m   2266116[0m[34;1m     56.63[0m[34;1m     15160[0m[34;1m   1418048[0m[34;1m   7763484[0m[31;1m    194.02[0m[34;1m    690624[0m[34;1m   2720900[0m[34;1m     24464[0m
13:54:31   [34;1m    113168[0m[34;1m    373760[0m[34;1m   2265828[0m[34;1m     56.63[0m[34;1m     15176[0m[34;1m   1419272[0m[34;1m   7726684[0m[31;1m    193.10[0m[34;1m    690676[0m[34;1m   2722428[0m[34;1m      9328[0m
13:54:32   [34;1m    110728[0m[34;1m    372236[0m[34;1m   2267280[0m[34;1m     56.66[0m[34;1m     15184[0m[34;1m   1420216[0m[34;1m   7731404[0m[31;1m    193.22[0m[34;1m    690688[0m[34;1m   2725588[0m[34;1m     10168[0m
13:54:33   [34;1m    126424[0m[34;1m    373432[0m[34;1m   2266080[0m[34;1m     56.63[0m[34;1m     15080[0m[34;1m   1405848[0m[34;1m   7731404[0m[31;1m    193.22[0m[34;1m    701572[0m[34;1m   2703552[0m[34;1m     11328[0m
13:54:34   [34;1m    123012[0m[34;1m    371000[0m[34;1m   2268536[0m[34;1m     56.69[0m[34;1m     15080[0m[34;1m   1406784[0m[34;1m   7735500[0m[31;1m    193.32[0m[34;1m    701572[0m[34;1m   2705368[0m[34;1m     12264[0m
13:54:35   [34;1m    121528[0m[34;1m    370592[0m[34;1m   2269088[0m[34;1m     56.71[0m[34;1m     15088[0m[34;1m   1407716[0m[34;1m   7730780[0m[31;1m    193.20[0m[34;1m    701572[0m[34;1m   2706080[0m[34;1m     13204[0m
13:54:36   [34;1m    119064[0m[34;1m    368884[0m[34;1m   2270736[0m[34;1m     56.75[0m[34;1m     15088[0m[34;1m   1408580[0m[34;1m   7730780[0m[31;1m    193.20[0m[34;1m    701580[0m[34;1m   2707628[0m[34;1m       432[0m
13:54:37   [34;1m    186044[0m[34;1m    366704[0m[34;1m   2273212[0m[34;1m     56.81[0m[34;1m     15088[0m[34;1m   1339488[0m[34;1m   7730780[0m[31;1m    193.20[0m[34;1m    701588[0m[34;1m   2639792[0m[34;1m       684[0m
13:54:38   [34;1m    182360[0m[34;1m    363728[0m[34;1m   2275880[0m[34;1m     56.88[0m[34;1m     15088[0m[34;1m   1340504[0m[34;1m   7734876[0m[31;1m    193.30[0m[34;1m    701588[0m[34;1m   2639612[0m[34;1m      1700[0m
13:54:39   [34;1m    180372[0m[34;1m    363096[0m[34;1m   2276700[0m[34;1m     56.90[0m[34;1m     15088[0m[34;1m   1341672[0m[34;1m   7734876[0m[31;1m    193.30[0m[34;1m    701664[0m[34;1m   2642392[0m[34;1m      2840[0m
13:54:40   [34;1m    178660[0m[34;1m    362452[0m[34;1m   2277076[0m[34;1m     56.91[0m[34;1m     15096[0m[34;1m   1342524[0m[34;1m   7734876[0m[31;1m    193.30[0m[34;1m    701664[0m[34;1m   2643452[0m[34;1m      3700[0m
13:54:41   [34;1m    175916[0m[34;1m    360872[0m[34;1m   2278652[0m[34;1m     56.95[0m[34;1m     15096[0m[34;1m   1343688[0m[34;1m   7734876[0m[31;1m    193.30[0m[34;1m    701764[0m[34;1m   2645276[0m[34;1m      4784[0m
13:54:42   [34;1m    174180[0m[34;1m    359816[0m[34;1m   2279668[0m[34;1m     56.97[0m[34;1m     15096[0m[34;1m   1344408[0m[34;1m   7734876[0m[31;1m    193.30[0m[34;1m    701764[0m[34;1m   2646704[0m[34;1m      5504[0m
13:54:43   [34;1m    172920[0m[34;1m    360080[0m[34;1m   2279488[0m[34;1m     56.97[0m[34;1m     15104[0m[34;1m   1345828[0m[34;1m   7734876[0m[31;1m    193.30[0m[34;1m    701792[0m[34;1m   2648744[0m[34;1m      6644[0m
13:54:44   [34;1m    166144[0m[34;1m    354236[0m[34;1m   2285348[0m[34;1m     57.11[0m[34;1m     15104[0m[34;1m   1346752[0m[34;1m   7734876[0m[31;1m    193.30[0m[34;1m    701940[0m[34;1m   2649428[0m[34;1m      7448[0m
13:54:45   [34;1m    165892[0m[34;1m    355108[0m[34;1m   2284548[0m[34;1m     57.09[0m[34;1m     15104[0m[34;1m   1347796[0m[34;1m   7734876[0m[31;1m    193.30[0m[34;1m    701940[0m[34;1m   2650584[0m[34;1m      8492[0m
13:54:46   [34;1m    164884[0m[34;1m    354756[0m[34;1m   2284588[0m[34;1m     57.09[0m[34;1m     15104[0m[34;1m   1348764[0m[34;1m   7734876[0m[31;1m    193.30[0m[34;1m    701940[0m[34;1m   2651100[0m[34;1m      9460[0m
13:54:47   [34;1m    164408[0m[34;1m    355592[0m[34;1m   2283912[0m[34;1m     57.08[0m[34;1m     15120[0m[34;1m   1349876[0m[34;1m   7734876[0m[31;1m    193.30[0m[34;1m    701940[0m[34;1m   2652624[0m[34;1m     10584[0m
13:54:48   [34;1m    163180[0m[34;1m    355068[0m[34;1m   2284388[0m[34;1m     57.09[0m[34;1m     15128[0m[34;1m   1350620[0m[34;1m   7744096[0m[31;1m    193.53[0m[34;1m    701956[0m[34;1m   2654008[0m[34;1m     11316[0m
13:54:49   [34;1m    161444[0m[34;1m    355004[0m[34;1m   2284324[0m[34;1m     57.09[0m[34;1m     15128[0m[34;1m   1352412[0m[34;1m   7744096[0m[31;1m    193.53[0m[34;1m    702376[0m[34;1m   2655672[0m[34;1m     12700[0m
13:54:50   [34;1m    160464[0m[34;1m    354856[0m[34;1m   2284496[0m[34;1m     57.09[0m[34;1m     15128[0m[34;1m   1353212[0m[34;1m   7744096[0m[31;1m    193.53[0m[34;1m    702376[0m[34;1m   2656312[0m[34;1m     13500[0m
13:54:51   [34;1m    159008[0m[34;1m    354684[0m[34;1m   2284704[0m[34;1m     57.10[0m[34;1m     15128[0m[34;1m   1354456[0m[34;1m   7744096[0m[31;1m    193.53[0m[34;1m    702388[0m[34;1m   2657680[0m[34;1m     14744[0m
13:54:52   [34;1m    156304[0m[34;1m    352860[0m[34;1m   2286428[0m[34;1m     57.14[0m[34;1m     15216[0m[34;1m   1355284[0m[34;1m   7748816[0m[31;1m    193.65[0m[34;1m    702432[0m[34;1m   2658888[0m[34;1m     15468[0m
13:54:53   [34;1m    155100[0m[34;1m    352844[0m[34;1m   2286596[0m[34;1m     57.14[0m[34;1m     15216[0m[34;1m   1356300[0m[34;1m   7748816[0m[31;1m    193.65[0m[34;1m    702480[0m[34;1m   2659752[0m[34;1m     16596[0m
13:54:54   [34;1m    152888[0m[34;1m    351328[0m[34;1m   2288024[0m[34;1m     57.18[0m[34;1m     15224[0m[34;1m   1357068[0m[34;1m   7748816[0m[31;1m    193.65[0m[34;1m    702488[0m[34;1m   2661176[0m[34;1m     17360[0m
13:54:55   [34;1m    152636[0m[34;1m    352380[0m[34;1m   2286884[0m[34;1m     57.15[0m[34;1m     15224[0m[34;1m   1358472[0m[34;1m   7744096[0m[31;1m    193.53[0m[34;1m    702588[0m[34;1m   2659080[0m[34;1m     18516[0m
13:54:56   [34;1m    150928[0m[34;1m    351688[0m[34;1m   2287712[0m[34;1m     57.17[0m[34;1m     15224[0m[34;1m   1359396[0m[34;1m   7744352[0m[31;1m    193.54[0m[34;1m    702664[0m[34;1m   2659884[0m[34;1m     19512[0m
13:54:57   [34;1m    150424[0m[34;1m    352060[0m[34;1m   2287412[0m[34;1m     57.17[0m[34;1m     15224[0m[34;1m   1360192[0m[34;1m   7748448[0m[31;1m    193.64[0m[34;1m    702664[0m[34;1m   2662116[0m[34;1m     20308[0m
13:54:58   [34;1m    149500[0m[34;1m    352336[0m[34;1m   2287104[0m[34;1m     57.16[0m[34;1m     15224[0m[34;1m   1361416[0m[34;1m   7748448[0m[31;1m    193.64[0m[34;1m    702688[0m[34;1m   2663796[0m[34;1m     21532[0m
13:54:59   [34;1m    147588[0m[34;1m    351172[0m[34;1m   2288264[0m[34;1m     57.19[0m[34;1m     15240[0m[34;1m   1362152[0m[34;1m   7748448[0m[31;1m    193.64[0m[34;1m    702696[0m[34;1m   2664388[0m[34;1m     22276[0m
13:55:00   [34;1m    146532[0m[34;1m    351332[0m[34;1m   2288076[0m[34;1m     57.18[0m[34;1m     15240[0m[34;1m   1363408[0m[34;1m   7748448[0m[31;1m    193.64[0m[34;1m    702704[0m[34;1m   2662824[0m[34;1m     23520[0m
13:55:01   [34;1m    140200[0m[34;1m    345924[0m[34;1m   2293408[0m[34;1m     57.32[0m[34;1m     15240[0m[34;1m   1364288[0m[34;1m   7748448[0m[31;1m    193.64[0m[34;1m    702700[0m[34;1m   2664012[0m[34;22m         0[0m
13:55:02   [34;1m    139628[0m[34;1m    346348[0m[34;1m   2292992[0m[34;1m     57.30[0m[34;1m     15248[0m[34;1m   1365340[0m[34;1m   7748448[0m[31;1m    193.64[0m[34;1m    702696[0m[34;1m   2665100[0m[34;1m      1120[0m
13:55:03   [34;1m    138660[0m[34;1m    346400[0m[34;1m   2293036[0m[34;1m     57.31[0m[34;1m     15248[0m[34;1m   1366284[0m[34;1m   7748448[0m[31;1m    193.64[0m[34;1m    702704[0m[34;1m   2666684[0m[34;1m      1952[0m
13:55:04   [34;1m    136448[0m[34;1m    345312[0m[34;1m   2294136[0m[34;1m     57.33[0m[34;1m     15256[0m[34;1m   1367376[0m[34;1m   7748448[0m[31;1m    193.64[0m[34;1m    702712[0m[34;1m   2669996[0m[34;1m      3052[0m
13:55:05   [34;1m    136448[0m[34;1m    345872[0m[34;1m   2293496[0m[34;1m     57.32[0m[34;1m     15256[0m[34;1m   1368008[0m[34;1m   7748448[0m[31;1m    193.64[0m[34;1m    702712[0m[34;1m   2670600[0m[34;1m      3684[0m
13:55:06   [34;1m    135036[0m[34;1m    345620[0m[34;1m   2293656[0m[34;1m     57.32[0m[34;1m     15256[0m[34;1m   1369196[0m[34;1m   7748448[0m[31;1m    193.64[0m[34;1m    702712[0m[34;1m   2671688[0m[34;1m      4872[0m
13:55:07   [34;1m    134588[0m[34;1m    346152[0m[34;1m   2293148[0m[34;1m     57.31[0m[34;1m     15256[0m[34;1m   1370144[0m[34;1m   7748448[0m[31;1m    193.64[0m[34;1m    702712[0m[34;1m   2672924[0m[34;1m      5820[0m
13:55:08   [34;1m    133860[0m[34;1m    346404[0m[34;1m   2292772[0m[34;1m     57.30[0m[34;1m     15256[0m[34;1m   1371256[0m[34;1m   7748448[0m[31;1m    193.64[0m[34;1m    702712[0m[34;1m   2674008[0m[34;1m      6932[0m
13:55:09   [34;1m    132156[0m[34;1m    345676[0m[34;1m   2293684[0m[34;1m     57.32[0m[34;1m     15272[0m[34;1m   1372024[0m[34;1m   7748448[0m[31;1m    193.64[0m[34;1m    702712[0m[34;1m   2674608[0m[34;1m      7716[0m
13:55:10   [34;1m    131176[0m[34;1m    345604[0m[34;1m   2293732[0m[34;1m     57.32[0m[34;1m     15272[0m[34;1m   1372964[0m[34;1m   7748448[0m[31;1m    193.64[0m[34;1m    702728[0m[34;1m   2675812[0m[34;1m      8640[0m
13:55:11   [34;1m    128964[0m[34;1m    344428[0m[34;1m   2294832[0m[34;1m     57.35[0m[34;1m     15272[0m[34;1m   1374028[0m[34;1m   7748448[0m[31;1m    193.64[0m[34;1m    702728[0m[34;1m   2676992[0m[34;1m      9704[0m
13:55:12   [34;1m    128488[0m[34;1m    344796[0m[34;1m   2294484[0m[34;1m     57.34[0m[34;1m     15272[0m[34;1m   1374864[0m[34;1m   7748448[0m[31;1m    193.64[0m[34;1m    702728[0m[34;1m   2677988[0m[34;1m       704[0m
13:55:13   [34;1m    127800[0m[34;1m    345240[0m[34;1m   2294068[0m[34;1m     57.33[0m[34;1m     15272[0m[34;1m   1375984[0m[34;1m   7748448[0m[31;1m    193.64[0m[34;1m    702728[0m[34;1m   2679320[0m[34;1m      1824[0m
13:55:14   [34;1m    126848[0m[34;1m    345100[0m[34;1m   2294244[0m[34;1m     57.34[0m[34;1m     15280[0m[34;1m   1376752[0m[34;1m   7748448[0m[31;1m    193.64[0m[34;1m    702728[0m[34;1m   2676324[0m[34;1m      2600[0m
13:55:15   [34;1m    125112[0m[34;1m    344516[0m[34;1m   2294808[0m[34;1m     57.35[0m[34;1m     15280[0m[34;1m   1377920[0m[34;1m   7748448[0m[31;1m    193.64[0m[34;1m    702736[0m[34;1m   2677752[0m[34;1m      3756[0m
13:55:16   [34;1m    123600[0m[34;1m    343972[0m[34;1m   2295392[0m[34;1m     57.36[0m[34;1m     15288[0m[34;1m   1378840[0m[34;1m   7748448[0m[31;1m    193.64[0m[34;1m    702736[0m[34;1m   2681348[0m[34;1m      4680[0m
13:55:17   [34;1m    123124[0m[34;1m    344276[0m[34;1m   2295052[0m[34;1m     57.36[0m[34;1m     15296[0m[34;1m   1379648[0m[34;1m   7748448[0m[31;1m    193.64[0m[34;1m    702744[0m[34;1m   2682400[0m[34;1m      5488[0m
13:55:18   [34;1m    122396[0m[34;1m    344580[0m[34;1m   2294832[0m[34;1m     57.35[0m[34;1m     15296[0m[34;1m   1380612[0m[34;1m   7748448[0m[31;1m    193.64[0m[34;1m    702752[0m[34;1m   2683860[0m[34;1m      6440[0m
13:55:19   [34;1m    121444[0m[34;1m    344676[0m[34;1m   2294708[0m[34;1m     57.35[0m[34;1m     15296[0m[34;1m   1381688[0m[34;1m   7748448[0m[31;1m    193.64[0m[34;1m    702752[0m[34;1m   2685108[0m[34;1m      7516[0m
13:55:20   [34;1m    120492[0m[34;1m    344684[0m[34;1m   2294472[0m[34;1m     57.34[0m[34;1m     15296[0m[34;1m   1382876[0m[34;1m   7748448[0m[31;1m    193.64[0m[34;1m    702752[0m[34;1m   2682616[0m[34;1m      8704[0m
13:55:21   [34;1m    120016[0m[34;1m    345228[0m[34;1m   2294116[0m[34;1m     57.33[0m[34;1m     15304[0m[34;1m   1383700[0m[34;1m   7748448[0m[31;1m    193.64[0m[34;1m    702752[0m[34;1m   2684100[0m[34;1m      9536[0m
13:55:22   [34;1m    119512[0m[34;1m    345700[0m[34;1m   2293648[0m[34;1m     57.32[0m[34;1m     15304[0m[34;1m   1384672[0m[34;1m   7748448[0m[31;1m    193.64[0m[34;1m    702760[0m[34;1m   2685456[0m[34;1m     10496[0m
13:55:23   [34;1m    118000[0m[34;1m    345184[0m[34;1m   2294136[0m[34;1m     57.33[0m[34;1m     15304[0m[34;1m   1385696[0m[34;1m   7748448[0m[31;1m    193.64[0m[34;1m    702760[0m[34;1m   2687704[0m[34;1m     11520[0m
13:55:24   [34;1m    116012[0m[34;1m    344228[0m[34;1m   2295156[0m[34;1m     57.36[0m[34;1m     15304[0m[34;1m   1386664[0m[34;1m   7748448[0m[31;1m    193.64[0m[34;1m    702760[0m[34;1m   2691364[0m[34;1m     12488[0m
13:55:25   [34;1m    114276[0m[34;1m    343448[0m[34;1m   2295896[0m[34;1m     57.38[0m[34;1m     15304[0m[34;1m   1387676[0m[34;1m   7748448[0m[31;1m    193.64[0m[34;1m    702760[0m[34;1m   2692208[0m[34;1m     13500[0m
13:55:26   [34;1m    114024[0m[34;1m    344132[0m[34;1m   2295240[0m[34;1m     57.36[0m[34;1m     15312[0m[34;1m   1388592[0m[34;1m   7748448[0m[31;1m    193.64[0m[34;1m    702760[0m[34;1m   2693132[0m[34;1m     14424[0m
13:55:27   [34;1m    113296[0m[34;1m    344412[0m[34;1m   2295208[0m[34;1m     57.36[0m[34;1m     15320[0m[34;1m   1389340[0m[34;1m   7748448[0m[31;1m    193.64[0m[34;1m    702768[0m[34;1m   2695004[0m[34;1m     15168[0m
13:55:28   [34;1m    112820[0m[34;1m    345016[0m[34;1m   2294356[0m[34;1m     57.34[0m[34;1m     15320[0m[34;1m   1390676[0m[34;1m   7748448[0m[31;1m    193.64[0m[34;1m    702776[0m[34;1m   2695420[0m[34;1m     16496[0m
13:55:29   [34;1m    111616[0m[34;1m    344464[0m[34;1m   2294812[0m[34;1m     57.35[0m[34;1m     15320[0m[34;1m   1391416[0m[34;1m   7748448[0m[31;1m    193.64[0m[34;1m    702776[0m[34;1m   2692436[0m[34;1m     17236[0m
13:55:30   [34;1m    138028[0m[34;1m    368924[0m[34;1m   2270204[0m[34;1m     56.74[0m[34;1m     15124[0m[34;1m   1389792[0m[34;1m   7748448[0m[31;1m    193.64[0m[34;1m    703352[0m[34;1m   2690140[0m[34;1m     14200[0m
13:55:31   [34;1m    133984[0m[34;1m    365956[0m[34;1m   2273404[0m[34;1m     56.82[0m[34;1m     15124[0m[34;1m   1390636[0m[34;1m   7748448[0m[31;1m    193.64[0m[34;1m    703532[0m[34;1m   2691604[0m[34;1m     15008[0m
13:55:32   [34;1m    132228[0m[34;1m    365200[0m[34;1m   2274132[0m[34;1m     56.83[0m[34;1m     15140[0m[34;1m   1391664[0m[34;1m   7748448[0m[31;1m    193.64[0m[34;1m    703540[0m[34;1m   2693812[0m[34;1m     16044[0m
13:55:33   [34;1m    129912[0m[34;1m    364132[0m[34;1m   2275300[0m[34;1m     56.86[0m[34;1m     15148[0m[34;1m   1392764[0m[34;1m   7748448[0m[31;1m    193.64[0m[34;1m    703648[0m[34;1m   2695356[0m[34;1m     17244[0m
13:55:34   [34;1m    124660[0m[34;1m    359668[0m[34;1m   2279640[0m[34;1m     56.97[0m[34;1m     15148[0m[34;1m   1393680[0m[34;1m   7748448[0m[31;1m    193.64[0m[34;1m    703656[0m[34;1m   2696404[0m[34;1m     18004[0m
13:55:35   [34;1m    121556[0m[34;1m    357780[0m[34;1m   2281560[0m[34;1m     57.02[0m[34;1m     15148[0m[34;1m   1394868[0m[34;1m   7748448[0m[31;1m    193.64[0m[34;1m    703656[0m[34;1m   2698316[0m[34;1m     19192[0m
13:55:36   [34;1m    116324[0m[34;1m    353544[0m[34;1m   2285720[0m[34;1m     57.12[0m[34;1m     15148[0m[34;1m   1395920[0m[34;1m   7748448[0m[31;1m    193.64[0m[34;1m    703656[0m[34;1m   2699328[0m[34;1m       836[0m
13:55:37   [34;1m    115344[0m[34;1m    353384[0m[34;1m   2285912[0m[34;1m     57.13[0m[34;1m     15160[0m[34;1m   1396700[0m[34;1m   7748448[0m[31;1m    193.64[0m[34;1m    703656[0m[34;1m   2700180[0m[34;1m      1628[0m
13:55:38   [34;1m    114616[0m[34;1m    353688[0m[34;1m   2285732[0m[34;1m     57.12[0m[34;1m     15160[0m[34;1m   1397620[0m[34;1m   7748448[0m[31;1m    193.64[0m[34;1m    703668[0m[34;1m   2701272[0m[34;1m      2536[0m
13:55:39   [34;1m    113132[0m[34;1m    353148[0m[34;1m   2286156[0m[34;1m     57.13[0m[34;1m     15160[0m[34;1m   1398660[0m[34;1m   7748448[0m[31;1m    193.64[0m[34;1m    703668[0m[34;1m   2702528[0m[34;1m      3576[0m
13:55:40   [34;1m    112424[0m[34;1m    353520[0m[34;1m   2285784[0m[34;1m     57.12[0m[34;1m     15160[0m[34;1m   1399748[0m[34;1m   7748448[0m[31;1m    193.64[0m[34;1m    703708[0m[34;1m   2701564[0m[34;1m      4664[0m
13:55:41   [34;1m    122456[0m[34;1m    362244[0m[34;1m   2277288[0m[34;1m     56.91[0m[34;1m     15148[0m[34;1m   1398504[0m[34;1m   7748448[0m[31;1m    193.64[0m[34;1m    703912[0m[34;1m   2701628[0m[34;1m      5616[0m
13:55:42   [34;1m    120056[0m[34;1m    360820[0m[34;1m   2278360[0m[34;1m     56.94[0m[34;1m     15156[0m[34;1m   1399632[0m[34;1m   7748448[0m[31;1m    193.64[0m[34;1m    703908[0m[34;1m   2702628[0m[34;1m      6604[0m
13:55:43   [34;1m    118292[0m[34;1m    359812[0m[34;1m   2279504[0m[34;1m     56.97[0m[34;1m     15156[0m[34;1m   1400220[0m[34;1m   7748448[0m[31;1m    193.64[0m[34;1m    703920[0m[34;1m   2703816[0m[34;1m      7328[0m
13:55:44   [34;1m    112048[0m[34;1m    354640[0m[34;1m   2284652[0m[34;1m     57.10[0m[34;1m     15156[0m[34;1m   1401292[0m[34;1m   7748448[0m[31;1m    193.64[0m[34;1m    703920[0m[34;1m   2704832[0m[34;1m      8400[0m
13:55:45   [34;1m    122992[0m[34;1m    358956[0m[34;1m   2280148[0m[34;1m     56.98[0m[34;1m     15084[0m[34;1m   1394828[0m[34;1m   7748448[0m[31;1m    193.64[0m[34;1m    705112[0m[34;1m   2696584[0m[34;1m      9252[0m
13:55:46   [34;1m    119380[0m[34;1m    356764[0m[34;1m   2282540[0m[34;1m     57.04[0m[34;1m     15084[0m[34;1m   1396052[0m[34;1m   7748448[0m[31;1m    193.64[0m[34;1m    705256[0m[34;1m   2697752[0m[34;1m     10584[0m
13:55:47   [34;1m    118040[0m[34;1m    356188[0m[34;1m   2283084[0m[34;1m     57.06[0m[34;1m     15092[0m[34;1m   1396840[0m[34;1m   7748448[0m[31;1m    193.64[0m[34;1m    705256[0m[34;1m   2699268[0m[34;1m     11380[0m
13:55:48   [34;1m    115804[0m[34;1m    355076[0m[34;1m   2284144[0m[34;1m     57.08[0m[34;1m     15100[0m[34;1m   1398088[0m[34;1m   7752800[0m[31;1m    193.75[0m[34;1m    705356[0m[34;1m   2703444[0m[34;1m     12528[0m
13:55:49   [34;1m    113884[0m[34;1m    354652[0m[34;1m   2284700[0m[34;1m     57.10[0m[34;1m     15100[0m[34;1m   1399432[0m[34;1m   7752800[0m[31;1m    193.75[0m[34;1m    705868[0m[34;1m   2702640[0m[34;1m     13360[0m
13:55:50   [34;1m    111112[0m[34;1m    352756[0m[34;1m   2286616[0m[34;1m     57.15[0m[34;1m     15100[0m[34;1m   1400276[0m[34;1m   7752800[0m[31;1m    193.75[0m[34;1m    705876[0m[34;1m   2706764[0m[34;1m     14204[0m
13:55:51   [34;1m    125456[0m[34;1m    359444[0m[34;1m   2280168[0m[34;1m     56.98[0m[34;1m     15000[0m[34;1m   1392608[0m[34;1m   7752800[0m[31;1m    193.75[0m[34;1m    706760[0m[34;1m   2699188[0m[34;1m     15256[0m
13:55:52   [34;1m    119848[0m[34;1m    354728[0m[34;1m   2284452[0m[34;1m     57.09[0m[34;1m     15000[0m[34;1m   1393804[0m[34;1m   7757152[0m[31;1m    193.86[0m[34;1m    706760[0m[34;1m   2701256[0m[34;1m     16304[0m
13:55:53   [34;1m    115472[0m[34;1m    351424[0m[34;1m   2287936[0m[34;1m     57.18[0m[34;1m     15008[0m[34;1m   1394696[0m[34;1m   7757152[0m[31;1m    193.86[0m[34;1m    706800[0m[34;1m   2704088[0m[34;1m     17312[0m
13:55:54   [34;1m    113484[0m[34;1m    350460[0m[34;1m   2288844[0m[34;1m     57.20[0m[34;1m     15008[0m[34;1m   1395760[0m[34;1m   7757152[0m[31;1m    193.86[0m[34;1m    706808[0m[34;1m   2705712[0m[34;1m     18368[0m
13:55:55   [34;1m    111500[0m[34;1m    349372[0m[34;1m   2289948[0m[34;1m     57.23[0m[34;1m     15016[0m[34;1m   1396652[0m[34;1m   7757152[0m[31;1m    193.86[0m[34;1m    706808[0m[34;1m   2706832[0m[34;1m     19120[0m
13:55:56   [34;1m    127748[0m[34;1m    357128[0m[34;1m   2282132[0m[34;1m     57.03[0m[34;1m     14896[0m[34;1m   1388284[0m[34;1m   7757152[0m[31;1m    193.86[0m[34;1m    707056[0m[34;1m   2698236[0m[34;1m     20376[0m
13:55:57   [34;1m    123436[0m[34;1m    353752[0m[34;1m   2285560[0m[34;1m     57.12[0m[34;1m     14896[0m[34;1m   1389200[0m[34;1m   7757152[0m[31;1m    193.86[0m[34;1m    707056[0m[34;1m   2699332[0m[34;1m     21288[0m
13:55:58   [34;1m    120060[0m[34;1m    351552[0m[34;1m   2287808[0m[34;1m     57.18[0m[34;1m     14896[0m[34;1m   1390320[0m[34;1m   7757152[0m[31;1m    193.86[0m[34;1m    707056[0m[34;1m   2700940[0m[34;1m     22252[0m
13:55:59   [34;1m    118324[0m[34;1m    350944[0m[34;1m   2288356[0m[34;1m     57.19[0m[34;1m     14904[0m[34;1m   1391504[0m[34;1m   7757152[0m[31;1m    193.86[0m[34;1m    707180[0m[34;1m   2701560[0m[34;1m     23500[0m
13:56:00   [34;1m    116588[0m[34;1m    350024[0m[34;1m   2289248[0m[34;1m     57.21[0m[34;1m     14904[0m[34;1m   1392344[0m[34;1m   7757152[0m[31;1m    193.86[0m[34;1m    707196[0m[34;1m   2699496[0m[34;1m     24328[0m
13:56:01   [34;1m    114096[0m[34;1m    348628[0m[34;1m   2290656[0m[34;1m     57.25[0m[34;1m     14904[0m[34;1m   1393388[0m[34;1m   7757152[0m[31;1m    193.86[0m[34;1m    707228[0m[34;1m   2701092[0m[34;1m        76[0m
13:56:02   [34;1m    113100[0m[34;1m    348448[0m[34;1m   2290848[0m[34;1m     57.25[0m[34;1m     14904[0m[34;1m   1394180[0m[34;1m   7757152[0m[31;1m    193.86[0m[34;1m    707228[0m[34;1m   2702392[0m[34;1m       868[0m
13:56:03   [34;1m    111896[0m[34;1m    348376[0m[34;1m   2290896[0m[34;1m     57.25[0m[34;1m     14916[0m[34;1m   1395268[0m[34;1m   7757152[0m[31;1m    193.86[0m[34;1m    707304[0m[34;1m   2703996[0m[34;1m      1952[0m
13:56:04   [34;1m    121924[0m[34;1m    348984[0m[34;1m   2290360[0m[34;1m     57.24[0m[34;1m     14780[0m[34;1m   1386416[0m[34;1m   7757152[0m[31;1m    193.86[0m[34;1m    706576[0m[34;1m   2696172[0m[34;1m      2836[0m
13:56:05   [34;1m    120708[0m[34;1m    349104[0m[34;1m   2290412[0m[34;1m     57.24[0m[34;1m     14780[0m[34;1m   1387596[0m[34;1m   7757152[0m[31;1m    193.86[0m[34;1m    706612[0m[34;1m   2697640[0m[34;1m      4016[0m
13:56:06   [34;1m    115588[0m[34;1m    344600[0m[34;1m   2294752[0m[34;1m     57.35[0m[34;1m     14780[0m[34;1m   1388376[0m[34;1m   7757152[0m[31;1m    193.86[0m[34;1m    706616[0m[34;1m   2695220[0m[34;1m      4792[0m
13:56:07   [34;1m    112588[0m[34;1m    343192[0m[34;1m   2296116[0m[34;1m     57.38[0m[34;1m     14788[0m[34;1m   1389540[0m[34;1m   7757152[0m[31;1m    193.86[0m[34;1m    706680[0m[34;1m   2699384[0m[34;1m      5896[0m
13:56:08   [34;1m    111132[0m[34;1m    342484[0m[34;1m   2296768[0m[34;1m     57.40[0m[34;1m     14788[0m[34;1m   1390300[0m[34;1m   7757152[0m[31;1m    193.86[0m[34;1m    706680[0m[34;1m   2700372[0m[34;1m      6648[0m
13:56:09   [34;1m    127532[0m[34;1m    351620[0m[34;1m   2287620[0m[34;1m     57.17[0m[34;1m     14640[0m[34;1m   1383184[0m[34;1m   7757152[0m[31;1m    193.86[0m[34;1m    707260[0m[34;1m   2692556[0m[34;1m      7900[0m
13:56:10   [34;1m    124288[0m[34;1m    349216[0m[34;1m   2290032[0m[34;1m     57.23[0m[34;1m     14640[0m[34;1m   1384032[0m[34;1m   7757152[0m[31;1m    193.86[0m[34;1m    707356[0m[34;1m   2693304[0m[34;1m      8648[0m
13:56:11   [34;1m    121364[0m[34;1m    347424[0m[34;1m   2291804[0m[34;1m     57.28[0m[34;1m     14640[0m[34;1m   1385128[0m[34;1m   7757152[0m[31;1m    193.86[0m[34;1m    707360[0m[34;1m   2694856[0m[34;1m      9744[0m
13:56:12   [34;1m    120160[0m[34;1m    347144[0m[34;1m   2291980[0m[34;1m     57.28[0m[34;1m     14648[0m[34;1m   1386208[0m[34;1m   7757152[0m[31;1m    193.86[0m[34;1m    707532[0m[34;1m   2695624[0m[34;1m     10656[0m
13:56:13   [34;1m    118940[0m[34;1m    347236[0m[34;1m   2292012[0m[34;1m     57.28[0m[34;1m     14648[0m[34;1m   1387396[0m[34;1m   7757152[0m[31;1m    193.86[0m[34;1m    707584[0m[34;1m   2692532[0m[34;1m     11840[0m
13:56:14   [34;1m    117484[0m[34;1m    346676[0m[34;1m   2292536[0m[34;1m     57.29[0m[34;1m     14648[0m[34;1m   1388284[0m[34;1m   7757152[0m[31;1m    193.86[0m[34;1m    708828[0m[34;1m   2692264[0m[34;1m     12420[0m
13:56:15   [34;1m    115732[0m[34;1m    346360[0m[34;1m   2292884[0m[34;1m     57.30[0m[34;1m     14656[0m[34;1m   1389636[0m[34;1m   7757152[0m[31;1m    193.86[0m[34;1m    708932[0m[34;1m   2696928[0m[34;1m     13816[0m
13:56:16   [34;1m    114340[0m[34;1m    345552[0m[34;1m   2293620[0m[34;1m     57.32[0m[34;1m     14656[0m[34;1m   1390288[0m[34;1m   7757152[0m[31;1m    193.86[0m[34;1m    708940[0m[34;1m   2697760[0m[34;1m     14460[0m
13:56:17   [34;1m    193208[0m[34;1m    350924[0m[34;1m   2288396[0m[34;1m     57.19[0m[34;1m     14656[0m[34;1m   1316860[0m[34;1m   7757152[0m[31;1m    193.86[0m[34;1m    708948[0m[34;1m   2625096[0m[34;1m       932[0m
13:56:18   [34;1m    192052[0m[34;1m    350528[0m[34;1m   2288792[0m[34;1m     57.20[0m[34;1m     14656[0m[34;1m   1317616[0m[34;1m   7757152[0m[31;1m    193.86[0m[34;1m    708948[0m[34;1m   2625780[0m[34;1m      1688[0m
13:56:19   [34;1m    189112[0m[34;1m    350088[0m[34;1m   2289112[0m[34;1m     57.21[0m[34;1m     14656[0m[34;1m   1320228[0m[34;1m   7757152[0m[31;1m    193.86[0m[34;1m    710032[0m[34;1m   2627256[0m[34;1m      2904[0m
13:56:20   [34;1m    187956[0m[34;1m    349876[0m[34;1m   2289288[0m[34;1m     57.21[0m[34;1m     14664[0m[34;1m   1321168[0m[34;1m   7757152[0m[31;1m    193.86[0m[34;1m    710044[0m[34;1m   2627828[0m[34;1m      3864[0m
13:56:21   [34;1m    184680[0m[34;1m    347908[0m[34;1m   2291480[0m[34;1m     57.27[0m[34;1m     14672[0m[34;1m   1322304[0m[34;1m   7757152[0m[31;1m    193.86[0m[34;1m    710052[0m[34;1m   2630064[0m[34;1m      5012[0m
13:56:22   [34;1m    183468[0m[34;1m    347308[0m[34;1m   2291944[0m[34;1m     57.28[0m[34;1m     14672[0m[34;1m   1322988[0m[34;1m   7757152[0m[31;1m    193.86[0m[34;1m    710068[0m[34;1m   2629848[0m[34;1m      5688[0m
13:56:23   [34;1m    182992[0m[34;1m    347952[0m[34;1m   2291332[0m[34;1m     57.26[0m[34;1m     14672[0m[34;1m   1324068[0m[34;1m   7757152[0m[31;1m    193.86[0m[34;1m    710084[0m[34;1m   2631480[0m[34;1m      6768[0m
13:56:24   [34;1m    182040[0m[34;1m    347648[0m[34;1m   2291536[0m[34;1m     57.27[0m[34;1m     14672[0m[34;1m   1324808[0m[34;1m   7757152[0m[31;1m    193.86[0m[34;1m    710084[0m[34;1m   2631440[0m[34;1m      7508[0m
13:56:25   [34;1m    181060[0m[34;1m    347908[0m[34;1m   2291332[0m[34;1m     57.26[0m[34;1m     14672[0m[34;1m   1325996[0m[34;1m   7757152[0m[31;1m    193.86[0m[34;1m    710084[0m[34;1m   2632668[0m[34;1m      8696[0m
13:56:26   [34;1m    177524[0m[34;1m    345220[0m[34;1m   2293836[0m[34;1m     57.33[0m[34;1m     14680[0m[34;1m   1326956[0m[34;1m   7757152[0m[31;1m    193.86[0m[34;1m    710080[0m[34;1m   2633504[0m[34;1m      9652[0m
13:56:27   [34;1m    176608[0m[34;1m    345524[0m[34;1m   2293864[0m[34;1m     57.33[0m[34;1m     14688[0m[34;1m   1327920[0m[34;1m   7757152[0m[31;1m    193.86[0m[34;1m    710092[0m[34;1m   2634548[0m[34;1m       416[0m
13:56:28   [34;1m    176184[0m[34;1m    346012[0m[34;1m   2293304[0m[34;1m     57.31[0m[34;1m     14688[0m[34;1m   1328920[0m[34;1m   7757152[0m[31;1m    193.86[0m[34;1m    710104[0m[34;1m   2633052[0m[34;1m      1428[0m
13:56:29   [34;1m    175628[0m[34;1m    346588[0m[34;1m   2292748[0m[34;1m     57.30[0m[34;1m     14688[0m[34;1m   1330048[0m[34;1m   7757152[0m[31;1m    193.86[0m[34;1m    710212[0m[34;1m   2633264[0m[34;1m      2460[0m
13:56:30   [34;1m    174144[0m[34;1m    345836[0m[34;1m   2293532[0m[34;1m     57.32[0m[34;1m     14688[0m[34;1m   1330748[0m[34;1m   7757152[0m[31;1m    193.86[0m[34;1m    710224[0m[34;1m   2634996[0m[34;1m      3160[0m
13:56:31   [34;1m    171372[0m[34;1m    344268[0m[34;1m   2294956[0m[34;1m     57.35[0m[34;1m     14688[0m[34;1m   1332084[0m[34;1m   7757152[0m[31;1m    193.86[0m[34;1m    710224[0m[34;1m   2634684[0m[34;1m      4496[0m
13:56:32   [34;1m    171120[0m[34;1m    344780[0m[34;1m   2294416[0m[34;1m     57.34[0m[34;1m     14696[0m[34;1m   1332868[0m[34;1m   7757152[0m[31;1m    193.86[0m[34;1m    710224[0m[34;1m   2636016[0m[34;1m      5284[0m
13:56:33   [34;1m    169636[0m[34;1m    344512[0m[34;1m   2294792[0m[34;1m     57.35[0m[34;1m     14704[0m[34;1m   1333992[0m[34;1m   7757152[0m[31;1m    193.86[0m[34;1m    710232[0m[34;1m   2639416[0m[34;1m      6416[0m
13:56:34   [34;1m    169132[0m[34;1m    344728[0m[34;1m   2294644[0m[34;1m     57.35[0m[34;1m     14704[0m[34;1m   1334660[0m[34;1m   7757152[0m[31;1m    193.86[0m[34;1m    710240[0m[34;1m   2640152[0m[34;1m      7076[0m
13:56:35   [34;1m    167672[0m[34;1m    344448[0m[34;1m   2294908[0m[34;1m     57.35[0m[34;1m     14704[0m[34;1m   1335848[0m[34;1m   7757152[0m[31;1m    193.86[0m[34;1m    710240[0m[34;1m   2641900[0m[34;1m      8264[0m
13:56:36   [34;1m    163408[0m[34;1m    340956[0m[34;1m   2298284[0m[34;1m     57.44[0m[34;1m     14704[0m[34;1m   1336672[0m[34;1m   7757152[0m[31;1m    193.86[0m[34;1m    710232[0m[34;1m   2642996[0m[34;1m      9088[0m
13:56:37   [34;1m    162520[0m[34;1m    341044[0m[34;1m   2298136[0m[34;1m     57.43[0m[34;1m     14704[0m[34;1m   1337768[0m[34;1m   7757152[0m[31;1m    193.86[0m[34;1m    710240[0m[34;1m   2643876[0m[34;1m     10184[0m
13:56:38   [34;1m    162044[0m[34;1m    341620[0m[34;1m   2297640[0m[34;1m     57.42[0m[34;1m     14712[0m[34;1m   1338732[0m[34;1m   7757216[0m[31;1m    193.86[0m[34;1m    710248[0m[34;1m   2644876[0m[34;1m     11116[0m
13:56:39   [34;1m    169132[0m[34;1m    349776[0m[34;1m   2289544[0m[34;1m     57.22[0m[34;1m     14712[0m[34;1m   1339732[0m[34;1m   7757216[0m[31;1m    193.86[0m[34;1m    710248[0m[34;1m   2646548[0m[34;1m     12116[0m
13:56:40   [34;1m    165824[0m[34;1m    347468[0m[34;1m   2291848[0m[34;1m     57.28[0m[34;1m     14712[0m[34;1m   1340736[0m[34;1m   7757216[0m[31;1m    193.86[0m[34;1m    710248[0m[34;1m   2644896[0m[34;1m     13120[0m
13:56:41   [34;1m    163988[0m[34;1m    346756[0m[34;1m   2292576[0m[34;1m     57.29[0m[34;1m     14712[0m[34;1m   1341852[0m[34;1m   7757280[0m[31;1m    193.86[0m[34;1m    710248[0m[34;1m   2646096[0m[34;1m     14236[0m
13:56:42   [34;1m    162464[0m[34;1m    346408[0m[34;1m   2292944[0m[34;1m     57.30[0m[34;1m     14712[0m[34;1m   1342976[0m[34;1m   7757280[0m[31;1m    193.86[0m[34;1m    710248[0m[34;1m   2647808[0m[34;1m     15340[0m
13:56:43   [34;1m    161036[0m[34;1m    345728[0m[34;1m   2293632[0m[34;1m     57.32[0m[34;1m     14720[0m[34;1m   1343736[0m[34;1m   7757280[0m[31;1m    193.86[0m[34;1m    710252[0m[34;1m   2649576[0m[34;1m     16108[0m
13:56:44   [34;1m    157256[0m[34;1m    343012[0m[34;1m   2296352[0m[34;1m     57.39[0m[34;1m     14720[0m[34;1m   1344784[0m[34;1m   7757280[0m[31;1m    193.86[0m[34;1m    710272[0m[34;1m   2650660[0m[34;1m     17148[0m
13:56:45   [34;1m    155084[0m[34;1m    341776[0m[34;1m   2297428[0m[34;1m     57.42[0m[34;1m     14720[0m[34;1m   1345900[0m[34;1m   7757280[0m[31;1m    193.86[0m[34;1m    710272[0m[34;1m   2652392[0m[34;1m     18264[0m
13:56:46   [34;1m    153700[0m[34;1m    341324[0m[34;1m   2298068[0m[34;1m     57.43[0m[34;1m     14728[0m[34;1m   1346688[0m[34;1m   7757280[0m[31;1m    193.86[0m[34;1m    710280[0m[34;1m   2653608[0m[34;1m     19052[0m
13:56:47   [34;1m    153128[0m[34;1m    341808[0m[34;1m   2297544[0m[34;1m     57.42[0m[34;1m     14728[0m[34;1m   1347732[0m[34;1m   7757280[0m[31;1m    193.86[0m[34;1m    710280[0m[34;1m   2654688[0m[34;1m       116[0m
13:56:48   [34;1m    151700[0m[34;1m    341224[0m[34;1m   2298104[0m[34;1m     57.43[0m[34;1m     14728[0m[34;1m   1348624[0m[34;1m   7757280[0m[31;1m    193.86[0m[34;1m    710280[0m[34;1m   2655368[0m[34;1m       796[0m
13:56:49   [34;1m    149236[0m[34;1m    341208[0m[34;1m   2297928[0m[34;1m     57.43[0m[34;1m     14728[0m[34;1m   1351232[0m[34;1m   7757280[0m[31;1m    193.86[0m[34;1m    711492[0m[34;1m   2656988[0m[34;1m      1776[0m
13:56:50   [34;1m    148508[0m[34;1m    341452[0m[34;1m   2297700[0m[34;1m     57.42[0m[34;1m     14728[0m[34;1m   1352196[0m[34;1m   7757280[0m[31;1m    193.86[0m[34;1m    711712[0m[34;1m   2657860[0m[34;1m      2784[0m
13:56:51   [34;1m    145132[0m[34;1m    339348[0m[34;1m   2299856[0m[34;1m     57.48[0m[34;1m     14736[0m[34;1m   1353276[0m[34;1m   7757280[0m[31;1m    193.86[0m[34;1m    711720[0m[34;1m   2659108[0m[34;1m      3916[0m
13:56:52   [34;1m    143996[0m[34;1m    339220[0m[34;1m   2300036[0m[34;1m     57.48[0m[34;1m     14744[0m[34;1m   1354312[0m[34;1m   7762000[0m[31;1m    193.98[0m[34;1m    711728[0m[34;1m   2661376[0m[34;1m      4948[0m
13:56:53   [34;1m    142764[0m[34;1m    338904[0m[34;1m   2300376[0m[34;1m     57.49[0m[34;1m     14744[0m[34;1m   1355220[0m[34;1m   7762000[0m[31;1m    193.98[0m[34;1m    711732[0m[34;1m   2660828[0m[34;1m      5856[0m
13:56:54   [34;1m    142288[0m[34;1m    339412[0m[34;1m   2299844[0m[34;1m     57.48[0m[34;1m     14744[0m[34;1m   1356232[0m[34;1m   7762000[0m[31;1m    193.98[0m[34;1m    711736[0m[34;1m   2661804[0m[34;1m      6868[0m
13:56:55   [34;1m    141812[0m[34;1m    340000[0m[34;1m   2299296[0m[34;1m     57.46[0m[34;1m     14744[0m[34;1m   1357256[0m[34;1m   7757280[0m[31;1m    193.86[0m[34;1m    711756[0m[34;1m   2661180[0m[34;1m      7872[0m
13:56:56   [34;1m    140240[0m[34;1m    339240[0m[34;1m   2299928[0m[34;1m     57.48[0m[34;1m     14744[0m[34;1m   1358088[0m[34;1m   7757280[0m[31;1m    193.86[0m[34;1m    711760[0m[34;1m   2661724[0m[34;1m      8704[0m
13:56:57   [34;1m    139164[0m[34;1m    339176[0m[34;1m   2300060[0m[34;1m     57.48[0m[34;1m     14752[0m[34;1m   1359152[0m[34;1m   7757280[0m[31;1m    193.86[0m[34;1m    711764[0m[34;1m   2662844[0m[34;1m      9768[0m
13:56:58   [34;1m    138408[0m[34;1m    339544[0m[34;1m   2299796[0m[34;1m     57.47[0m[34;1m     14760[0m[34;1m   1360180[0m[34;1m   7757344[0m[31;1m    193.87[0m[34;1m    711772[0m[34;1m   2664152[0m[34;1m       800[0m
13:56:59   [34;1m    137176[0m[34;1m    339100[0m[34;1m   2300180[0m[34;1m     57.48[0m[34;1m     14760[0m[34;1m   1361012[0m[34;1m   7757344[0m[31;1m    193.87[0m[34;1m    711784[0m[34;1m   2663360[0m[34;1m      1632[0m
13:57:00   [34;1m    136728[0m[34;1m    339572[0m[34;1m   2299576[0m[34;1m     57.47[0m[34;1m     14760[0m[34;1m   1362064[0m[34;1m   7757344[0m[31;1m    193.87[0m[34;1m    711784[0m[34;1m   2664424[0m[34;1m      2684[0m
13:57:01   [34;1m    135208[0m[34;1m    339048[0m[34;1m   2300156[0m[34;1m     57.48[0m[34;1m     14760[0m[34;1m   1362900[0m[34;1m   7757344[0m[31;1m    193.87[0m[34;1m    711796[0m[34;1m   2665748[0m[34;1m      3508[0m
13:57:02   [34;1m    134796[0m[34;1m    339784[0m[34;1m   2299688[0m[34;1m     57.47[0m[34;1m     14760[0m[34;1m   1363904[0m[34;1m   7757344[0m[31;1m    193.87[0m[34;1m    711796[0m[34;1m   2666656[0m[34;1m      4508[0m
13:57:03   [34;1m    134040[0m[34;1m    339884[0m[34;1m   2299420[0m[34;1m     57.47[0m[34;1m     14768[0m[34;1m   1364916[0m[34;1m   7757344[0m[31;1m    193.87[0m[34;1m    711804[0m[34;1m   2668192[0m[34;1m      5524[0m
13:57:04   [34;1m    133032[0m[34;1m    339900[0m[34;1m   2299328[0m[34;1m     57.46[0m[34;1m     14768[0m[34;1m   1366000[0m[34;1m   7757344[0m[31;1m    193.87[0m[34;1m    711804[0m[34;1m   2669232[0m[34;1m      6604[0m
13:57:05   [34;1m    131324[0m[34;1m    339312[0m[34;1m   2299984[0m[34;1m     57.48[0m[34;1m     14768[0m[34;1m   1367056[0m[34;1m   7757344[0m[31;1m    193.87[0m[34;1m    711804[0m[34;1m   2670736[0m[34;1m      7660[0m
13:57:06   [34;1m    129904[0m[34;1m    338868[0m[34;1m   2300672[0m[34;1m     57.50[0m[34;1m     14776[0m[34;1m   1367844[0m[34;1m   7757344[0m[31;1m    193.87[0m[34;1m    711820[0m[34;1m   2671688[0m[34;1m      8444[0m
13:57:07   [34;1m    128860[0m[34;1m    338788[0m[34;1m   2300520[0m[34;1m     57.49[0m[34;1m     14776[0m[34;1m   1368948[0m[34;1m   7757344[0m[31;1m    193.87[0m[34;1m    711812[0m[34;1m   2672764[0m[34;1m      9548[0m
13:57:08   [34;1m    127180[0m[34;1m    337936[0m[34;1m   2301248[0m[34;1m     57.51[0m[34;1m     14776[0m[34;1m   1369904[0m[34;1m   7757344[0m[31;1m    193.87[0m[34;1m    711824[0m[34;1m   2674192[0m[34;1m     10504[0m
13:57:09   [34;1m    125472[0m[34;1m    337424[0m[34;1m   2302004[0m[34;1m     57.53[0m[34;1m     14776[0m[34;1m   1370864[0m[34;1m   7757344[0m[31;1m    193.87[0m[34;1m    711824[0m[34;1m   2674884[0m[34;1m     11464[0m
13:57:10   [34;1m    124464[0m[34;1m    337188[0m[34;1m   2302156[0m[34;1m     57.53[0m[34;1m     14784[0m[34;1m   1371720[0m[34;1m   7757344[0m[31;1m    193.87[0m[34;1m    711832[0m[34;1m   2675916[0m[34;1m     12284[0m
13:57:11   [34;1m    133888[0m[34;1m    347680[0m[34;1m   2291468[0m[34;1m     57.27[0m[34;1m     14784[0m[34;1m   1372864[0m[34;1m   7757344[0m[31;1m    193.87[0m[34;1m    711828[0m[34;1m   2677044[0m[34;1m     13428[0m
13:57:12   [34;1m    130152[0m[34;1m    344708[0m[34;1m   2294428[0m[34;1m     57.34[0m[34;1m     14784[0m[34;1m   1373732[0m[34;1m   7762064[0m[31;1m    193.98[0m[34;1m    711832[0m[34;1m   2679788[0m[34;1m     14296[0m
13:57:13   [34;1m    127660[0m[34;1m    343456[0m[34;1m   2295888[0m[34;1m     57.38[0m[34;1m     14784[0m[34;1m   1374772[0m[34;1m   7762064[0m[31;1m    193.98[0m[34;1m    711832[0m[34;1m   2679204[0m[34;1m     15336[0m
13:57:14   [34;1m    126176[0m[34;1m    342928[0m[34;1m   2296204[0m[34;1m     57.39[0m[34;1m     14784[0m[34;1m   1375900[0m[34;1m   7762064[0m[31;1m    193.98[0m[34;1m    711860[0m[34;1m   2681540[0m[34;1m     16464[0m
13:57:15   [34;1m    124944[0m[34;1m    342800[0m[34;1m   2296524[0m[34;1m     57.39[0m[34;1m     14792[0m[34;1m   1376848[0m[34;1m   7757344[0m[31;1m    193.87[0m[34;1m    711860[0m[34;1m   2681708[0m[34;1m     17412[0m
13:57:16   [34;1m    121464[0m[34;1m    340344[0m[34;1m   2298896[0m[34;1m     57.45[0m[34;1m     14800[0m[34;1m   1377844[0m[34;1m   7757344[0m[31;1m    193.87[0m[34;1m    711872[0m[34;1m   2683160[0m[34;1m     18404[0m
13:57:17   [34;1m    121028[0m[34;1m    340928[0m[34;1m   2298196[0m[34;1m     57.43[0m[34;1m     14800[0m[34;1m   1379036[0m[34;1m   7757344[0m[31;1m    193.87[0m[34;1m    711876[0m[34;1m   2684092[0m[34;1m     19552[0m
13:57:18   [34;1m    120300[0m[34;1m    341092[0m[34;1m   2298256[0m[34;1m     57.44[0m[34;1m     14800[0m[34;1m   1379720[0m[34;1m   7757344[0m[31;1m    193.87[0m[34;1m    711876[0m[34;1m   2684812[0m[34;1m       108[0m
13:57:19   [34;1m    119320[0m[34;1m    341356[0m[34;1m   2297912[0m[34;1m     57.43[0m[34;1m     14800[0m[34;1m   1381028[0m[34;1m   7757344[0m[31;1m    193.87[0m[34;1m    711992[0m[34;1m   2686156[0m[34;1m      1284[0m
13:57:20   [34;1m    117864[0m[34;1m    340700[0m[34;1m   2298448[0m[34;1m     57.44[0m[34;1m     14800[0m[34;1m   1381964[0m[34;1m   7757344[0m[31;1m    193.87[0m[34;1m    711992[0m[34;1m   2686912[0m[34;1m      2224[0m
13:57:21   [34;1m    117136[0m[34;1m    341252[0m[34;1m   2298048[0m[34;1m     57.43[0m[34;1m     14812[0m[34;1m   1383084[0m[34;1m   7757344[0m[31;1m    193.87[0m[34;1m    712004[0m[34;1m   2685620[0m[34;1m      3400[0m
13:57:22   [34;1m    115176[0m[34;1m    340348[0m[34;1m   2298948[0m[34;1m     57.45[0m[34;1m     14820[0m[34;1m   1384120[0m[34;1m   7757344[0m[31;1m    193.87[0m[34;1m    712020[0m[34;1m   2688608[0m[34;1m      4328[0m
13:57:23   [34;1m    114420[0m[34;1m    340484[0m[34;1m   2298752[0m[34;1m     57.45[0m[34;1m     14820[0m[34;1m   1385068[0m[34;1m   7757344[0m[31;1m    193.87[0m[34;1m    712020[0m[34;1m   2690048[0m[34;1m      5276[0m
13:57:24   [34;1m    113216[0m[34;1m    340312[0m[34;1m   2298904[0m[34;1m     57.45[0m[34;1m     14820[0m[34;1m   1386080[0m[34;1m   7757344[0m[31;1m    193.87[0m[34;1m    712020[0m[34;1m   2691344[0m[34;1m      6288[0m
13:57:25   [34;1m    112040[0m[34;1m    340108[0m[34;1m   2299088[0m[34;1m     57.46[0m[34;1m     14820[0m[34;1m   1387056[0m[34;1m   7757344[0m[31;1m    193.87[0m[34;1m    712020[0m[34;1m   2692392[0m[34;1m      7264[0m
13:57:26   [34;1m    118016[0m[34;1m    341940[0m[34;1m   2297112[0m[34;1m     57.41[0m[34;1m     14388[0m[34;1m   1383280[0m[34;1m   7757344[0m[31;1m    193.87[0m[34;1m    711576[0m[34;1m   2689504[0m[34;1m      8200[0m
13:57:27   [34;1m    117212[0m[34;1m    342360[0m[34;1m   2296832[0m[34;1m     57.40[0m[34;1m     14396[0m[34;1m   1384552[0m[34;1m   7757344[0m[31;1m    193.87[0m[34;1m    711628[0m[34;1m   2690500[0m[34;1m      9472[0m
13:57:28   [34;1m    114368[0m[34;1m    340644[0m[34;1m   2298552[0m[34;1m     57.44[0m[34;1m     14404[0m[34;1m   1385660[0m[34;1m   7757344[0m[31;1m    193.87[0m[34;1m    711632[0m[34;1m   2691628[0m[34;1m     10508[0m
13:57:29   [34;1m    112136[0m[34;1m    339668[0m[34;1m   2299580[0m[34;1m     57.47[0m[34;1m     14404[0m[34;1m   1386824[0m[34;1m   7757344[0m[31;1m    193.87[0m[34;1m    711648[0m[34;1m   2693432[0m[34;1m     11664[0m
13:57:30   [34;1m    111156[0m[34;1m    339328[0m[34;1m   2299736[0m[34;1m     57.47[0m[34;1m     14404[0m[34;1m   1387632[0m[34;1m   7757344[0m[31;1m    193.87[0m[34;1m    711656[0m[34;1m   2692156[0m[34;1m     12472[0m
13:57:31   [34;1m    118872[0m[34;1m    347048[0m[34;1m   2292100[0m[34;1m     57.28[0m[34;1m     14404[0m[34;1m   1387480[0m[34;1m   7762064[0m[31;1m    193.98[0m[34;1m    711272[0m[34;1m   2694056[0m[34;1m     13368[0m
13:57:32   [34;1m    117552[0m[34;1m    346908[0m[34;1m   2292268[0m[34;1m     57.29[0m[34;1m     14404[0m[34;1m   1388628[0m[34;1m   7762064[0m[31;1m    193.98[0m[34;1m    711276[0m[34;1m   2695344[0m[34;1m     14516[0m
13:57:33   [34;1m    114508[0m[34;1m    345060[0m[34;1m   2294264[0m[34;1m     57.34[0m[34;1m     14412[0m[34;1m   1389652[0m[34;1m   7762064[0m[31;1m    193.98[0m[34;1m    711288[0m[34;1m   2697024[0m[34;1m     15536[0m
13:57:34   [34;1m    112868[0m[34;1m    344048[0m[34;1m   2295148[0m[34;1m     57.36[0m[34;1m     14420[0m[34;1m   1390404[0m[34;1m   7762064[0m[31;1m    193.98[0m[34;1m    711288[0m[34;1m   2697992[0m[34;1m     16296[0m
13:57:35   [34;1m    112048[0m[34;1m    344328[0m[34;1m   2294760[0m[34;1m     57.35[0m[34;1m     14420[0m[34;1m   1391564[0m[34;1m   7757600[0m[31;1m    193.87[0m[34;1m    711296[0m[34;1m   2697640[0m[34;1m     17444[0m
13:57:36   [34;1m    111128[0m[34;1m    343240[0m[34;1m   2295524[0m[34;1m     57.37[0m[34;1m     14420[0m[34;1m   1391712[0m[34;1m   7757664[0m[31;1m    193.87[0m[34;1m    710860[0m[34;1m   2698084[0m[34;1m     18332[0m
13:57:37   [34;1m    121524[0m[34;1m    349624[0m[34;1m   2289464[0m[34;1m     57.22[0m[34;1m     14348[0m[34;1m   1387432[0m[34;1m   7757664[0m[31;1m    193.87[0m[34;1m    713436[0m[34;1m   2691468[0m[34;1m     19264[0m
13:57:38   [34;1m    119804[0m[34;1m    349072[0m[34;1m   2290324[0m[34;1m     57.24[0m[34;1m     14348[0m[34;1m   1388292[0m[34;1m   7757664[0m[31;1m    193.87[0m[34;1m    713436[0m[34;1m   2692848[0m[34;1m     20124[0m
13:57:39   [34;1m    115216[0m[34;1m    345476[0m[34;1m   2293652[0m[34;1m     57.32[0m[34;1m     14356[0m[34;1m   1389552[0m[34;1m   7757664[0m[31;1m    193.87[0m[34;1m    713436[0m[34;1m   2694004[0m[34;1m     21392[0m
13:57:40   [34;1m    113608[0m[34;1m    344732[0m[34;1m   2294376[0m[34;1m     57.34[0m[34;1m     14364[0m[34;1m   1390416[0m[34;1m   7757664[0m[31;1m    193.87[0m[34;1m    713452[0m[34;1m   2694916[0m[34;1m     22244[0m
13:57:41   [34;1m    112468[0m[34;1m    344708[0m[34;1m   2294420[0m[34;1m     57.34[0m[34;1m     14364[0m[34;1m   1391536[0m[34;1m   7757664[0m[31;1m    193.87[0m[34;1m    713452[0m[34;1m   2695696[0m[34;1m     23364[0m
13:57:42   [34;1m    110948[0m[34;1m    343924[0m[34;1m   2295140[0m[34;1m     57.36[0m[34;1m     14364[0m[34;1m   1392248[0m[34;1m   7757664[0m[31;1m    193.87[0m[34;1m    713452[0m[34;1m   2696460[0m[34;1m     24076[0m
13:57:43   [34;1m    121400[0m[34;1m    349968[0m[34;1m   2288276[0m[34;1m     57.19[0m[34;1m     14292[0m[34;1m   1387372[0m[34;1m   7757664[0m[31;1m    193.87[0m[34;1m    711864[0m[34;1m   2690468[0m[34;1m     25004[0m
13:57:44   [34;1m    114844[0m[34;1m    344560[0m[34;1m   2293792[0m[34;1m     57.32[0m[34;1m     14292[0m[34;1m   1388388[0m[34;1m   7757664[0m[31;1m    193.87[0m[34;1m    712168[0m[34;1m   2691976[0m[34;1m      5568[0m
13:57:45   [34;1m    113272[0m[34;1m    343828[0m[34;1m   2294360[0m[34;1m     57.34[0m[34;1m     14304[0m[34;1m   1389404[0m[34;1m   7757664[0m[31;1m    193.87[0m[34;1m    712180[0m[34;1m   2693244[0m[34;1m      6632[0m
13:57:46   [34;1m    110900[0m[34;1m    342440[0m[34;1m   2295776[0m[34;1m     57.37[0m[34;1m     14304[0m[34;1m   1390216[0m[34;1m   7757664[0m[31;1m    193.87[0m[34;1m    712180[0m[34;1m   2694864[0m[34;1m      7448[0m
13:57:47   [34;1m    123328[0m[34;1m    351916[0m[34;1m   2286516[0m[34;1m     57.14[0m[34;1m     14280[0m[34;1m   1387196[0m[34;1m   7757664[0m[31;1m    193.87[0m[34;1m    710868[0m[34;1m   2693476[0m[34;1m      8356[0m
13:57:48   [34;1m    119080[0m[34;1m    348880[0m[34;1m   2289428[0m[34;1m     57.22[0m[34;1m     14280[0m[34;1m   1388464[0m[34;1m   7757664[0m[31;1m    193.87[0m[34;1m    710888[0m[34;1m   2695248[0m[34;1m      9468[0m
13:57:49   [34;1m    116880[0m[34;1m    347744[0m[34;1m   2290600[0m[34;1m     57.24[0m[34;1m     14280[0m[34;1m   1389476[0m[34;1m   7757664[0m[31;1m    193.87[0m[34;1m    710888[0m[34;1m   2696040[0m[34;1m       616[0m
13:57:50   [34;1m    115408[0m[34;1m    347012[0m[34;1m   2291332[0m[34;1m     57.26[0m[34;1m     14280[0m[34;1m   1390200[0m[34;1m   7757664[0m[31;1m    193.87[0m[34;1m    710888[0m[34;1m   2696756[0m[34;1m      1344[0m
13:57:51   [34;1m    114456[0m[34;1m    347240[0m[34;1m   2290980[0m[34;1m     57.25[0m[34;1m     14280[0m[34;1m   1391392[0m[34;1m   7757664[0m[31;1m    193.87[0m[34;1m    710892[0m[34;1m   2697840[0m[34;1m      2536[0m
13:57:52   [34;1m    111272[0m[34;1m    345352[0m[34;1m   2292484[0m[34;1m     57.29[0m[34;1m     14292[0m[34;1m   1392216[0m[34;1m   7762384[0m[31;1m    193.99[0m[34;1m    710888[0m[34;1m   2700300[0m[34;1m      3364[0m
13:57:53   [34;1m    116492[0m[34;1m    349412[0m[34;1m   2288172[0m[34;1m     57.18[0m[34;1m     14280[0m[34;1m   1391304[0m[34;1m   7762384[0m[31;1m    193.99[0m[34;1m    709592[0m[34;1m   2700380[0m[34;1m      4360[0m
13:57:54   [34;1m    112856[0m[34;1m    346948[0m[34;1m   2290880[0m[34;1m     57.25[0m[34;1m     14288[0m[34;1m   1392196[0m[34;1m   7762384[0m[31;1m    193.99[0m[34;1m    709588[0m[34;1m   2701960[0m[34;1m      5464[0m
13:57:55   [34;1m    112128[0m[34;1m    346924[0m[34;1m   2290884[0m[34;1m     57.25[0m[34;1m     14288[0m[34;1m   1392900[0m[34;1m   7757664[0m[31;1m    193.87[0m[34;1m    709588[0m[34;1m   2700904[0m[34;1m      6164[0m
13:57:56   [34;1m    200656[0m[34;1m    347376[0m[34;1m   2290980[0m[34;1m     57.25[0m[34;1m     14288[0m[34;1m   1304944[0m[34;1m   7757664[0m[31;1m    193.87[0m[34;1m    709588[0m[34;1m   2613028[0m[34;1m       284[0m
13:57:57   [34;1m    199400[0m[34;1m    347028[0m[34;1m   2290980[0m[34;1m     57.25[0m[34;1m     14288[0m[34;1m   1306060[0m[34;1m   7757664[0m[31;1m    193.87[0m[34;1m    709592[0m[34;1m   2614472[0m[34;1m      1400[0m
13:57:58   [34;1m    198712[0m[34;1m    347400[0m[34;1m   2290680[0m[34;1m     57.25[0m[34;1m     14288[0m[34;1m   1307060[0m[34;1m   7757664[0m[31;1m    193.87[0m[34;1m    709684[0m[34;1m   2612200[0m[34;1m      2272[0m
13:57:59   [34;1m    198472[0m[34;1m    348104[0m[34;1m   2290004[0m[34;1m     57.23[0m[34;1m     14304[0m[34;1m   1307980[0m[34;1m   7757664[0m[31;1m    193.87[0m[34;1m    709700[0m[34;1m   2612576[0m[34;1m      3208[0m
13:58:00   [34;1m    198572[0m[34;1m    349120[0m[34;1m   2289084[0m[34;1m     57.21[0m[34;1m     14304[0m[34;1m   1308800[0m[34;1m   7757664[0m[31;1m    193.87[0m[34;1m    709700[0m[34;1m   2614284[0m[34;1m      4024[0m
13:58:01   [34;1m    193264[0m[34;1m    344860[0m[34;1m   2295136[0m[34;1m     57.36[0m[34;1m     14304[0m[34;1m   1309824[0m[34;1m   7693808[0m[31;1m    192.28[0m[34;1m    709704[0m[34;1m   2578732[0m[34;1m      5048[0m
