procs -----------memory---------- ---swap-- -----io---- -system-- -------cpu-------
 r  b   swpd   free   buff  cache   si   so    bi    bo   in   cs us sy id wa st gu
 4  0      0 1352768 15068 1418180   0    0 24839   857 18880 104 11 18 70  0  0  0
 0  0      0 1424984 15100 1418236   0    0     0   248 9127 15351 5  7 88  0  0  0
 0  0      0 1415052 15100 1418392   0    0     0   568 8251 15472 4  5 90  0  0  0
 0  0      0 1397884 15100 1418500   0    0     0    28 11798 22370 7 9 85  0  0  0
 0  0      0 1364600 15108 1418732   0    0     0    92 13206 25451 6 9 85  0  0  0
 5  0      0 1333240 15108 1418992   0    0     0     0 13157 24778 6 9 85  0  0  0
 0  0      0 1291364 15108 1419404   0    0     0    24 16329 33720 7 11 82 0  0  0
 0  0      0 1250460 15108 1419712   0    0     0    32 20364 41185 8 11 81 0  0  0
 6  0      0 1208876 15108 1420236   0    0     0    28 20031 40704 8 12 80 0  0  0
 3  0      0 1163484 15116 1420560   0    0     0    32 20215 40791 8 11 80 0  0  0
 5  0      0 1118932 15116 1421192   0    0     0    24 25914 53918 10 15 74 0 0  0
 0  0      0 1073300 15124 1421540   0    0     8    48 25470 52664 12 15 73 0 0  0
 0  0      0 1032972 15124 1422320   0    0     0    40 24688 51691 10 15 75 0 0  0
 5  0      0 990468  15124 1422656   0    0     0  3060 26474 55339 11 15 74 0 0  0
 0  0      0 948804  15124 1423488   0    0     0    28 26837 55959 11 16 73 0 0  0
 0  0      0 906368  15124 1423848   0    0     0     0 28155 60577 11 16 73 0 0  0
 6  0      0 862832  15148 1424728   0    0     0   200 28206 59800 11 16 74 0 0  0
 0  0      0 813428  15148 1425412   0    0     0    32 31546 68773 12 20 68 0 0  0
 1  0      0 767484  15148 1426324   0    0     0    24 35475 78628 14 22 64 0 0  0
 5  0      0 726340  15148 1427280   0    0     0     0 34085 75358 13 21 65 0 0  0
 6  0      0 684956  15148 1428088   0    0     0    28 33884 75027 13 22 65 0 0  0
procs -----------memory---------- ---swap-- -----io---- -system-- -------cpu-------
 r  b   swpd   free   buff  cache   si   so    bi    bo   in   cs us sy id wa st gu
 8  0      0 640736  15156 1428940   0    0     0    60 35613 80964 14 22 64 0 0  0
 0  0      0 595904  15156 1429956   0    0     0    40 37238 83959 14 21 65 0 0  0
 3  0      0 553224  15156 1431100   0    0     0    24 38091 83626 15 24 61 0 0  0
 7  0      0 507580  15156 1432144   0    0     0    24 37068 80896 16 23 61 0 0  0
 5  0      0 458756  15156 1433036   0    0     0     0 39438 88455 16 24 60 0 0  0
 0  0      0 409124  15164 1434308   0    0     0    56 38869 84708 16 27 57 0 0  0
 3  0      0 357680  15208 1435364   0    0     0   340 41977 94351 17 24 59 0 0  0
 1  0      0 306060  15208 1436500   0    0     0    24 41520 93336 16 24 60 0 0  0
10  0      0 253852  15208 1437804   0    0     0     0 43810 96897 18 28 55 0 0  0
 3  0      0 211656  15208 1439212   0    0     0    28 44693 100570 18 28 54 0 0 0
 1  0      0 186380  15228 1440048   0    0     0   256 43131 96897 17 29 54 0 0  0
 0  0      0 183356  15228 1441372   0    0     0    40 46246 103158 15 26 59 0 0 0
13  0      0 181648  15228 1442328   0    0     0 16072 43427 96901 21 35 44 0 0  0
 2  0      0 179092  15228 1443456   0    0     0    24 43083 98619 19 29 52 0 0  0
 0  0      0 178176  15228 1444240   0    0     0     0 43857 99414 17 31 51 0 0  0
11  0      0 176748  15236 1445388   0    0     0    80 43449 96601 17 29 53 0 0  0
 9  0      0 175744  15236 1446208   0    0     0    32 43552 96732 17 27 56 0 0  0
 5  0      0 173504  15236 1447376   0    0     0    28 45128 102330 18 29 53 0 0 0
11  0      0 170848  15236 1448108   0    0     0     0 42752 96588 17 28 54 0 0  0
 4  0      0 169052  15236 1449316   0    0     0    24 46946 104112 19 29 52 0 0 0
 0  0      0 167596  15244 1449992   0    0     0    56 42283 95559 19 29 53 0 0  0
procs -----------memory---------- ---swap-- -----io---- -system-- -------cpu-------
 r  b   swpd   free   buff  cache   si   so    bi    bo   in   cs us sy id wa st gu
12  0      0 165832  15252 1451180   0    0     0    76 44384 99673 19 29 52 0 0  0
 0  0      0 158580  15252 1452196   0    0     0     0 46997 102637 18 30 52 0 0 0
 7  0      0 155836  15252 1452932   0    0     0    52 41489 91880 16 28 56 0 0  0
 5  0      0 155360  15252 1454140   0    0     0     0 43952 99229 18 27 55 0 0  0
 5  0      0 154856  15260 1455056   0    0     0   116 42719 96184 18 28 54 0 0  0
 9  0      0 153372  15260 1456244   0    0     0    32 48039 108362 19 31 49 0 0 0
 7  0      0 151664  15268 1457052   0    0     0    64 44758 97350 17 30 53 0 0  0
 1  0      0 148640  15268 1458000   0    0     0     0 42922 94510 16 27 57 0 0  0
 8  0      0 147184  15268 1459112   0    0     0    28 42573 93961 18 29 53 0 0  0
 9  0      0 144160  15268 1459788   0    0     0     0 41837 92662 17 30 53 0 0  0
13  0      0 141696  15268 1461072   0    0     0    64 45707 103200 19 29 52 0 0 0
 3  0      0 139428  15276 1461888   0    0     0    28 43034 98606 17 30 53 0 0  0
 5  0      0 136684  15284 1462828   0    0     0    68 43849 98034 19 31 50 0 0  0
 5  0      0 135256  15284 1463976   0    0     0     0 45042 103799 21 31 48 0 0 0
 0  0      0 133296  15284 1465124   0    0     0    28 45582 102797 19 31 50 0 0 0
10  0      0 130300  15292 1465948   0    0     0    68 45426 101218 20 32 48 0 0 0
 0  0      0 129040  15292 1467056   0    0     0    28 44301 99653 19 31 50 0 0  0
 8  0      0 125568  15292 1467964   0    0     0 16420 44619 97847 18 32 49 0 0  0
 4  0      0 122480  15292 1469076   0    0     0    24 42463 94979 18 29 53 0 0  0
 0  0      0 120016  15300 1470048   0    0     0   132 45261 102088 19 30 50 0 0 0
 1  0      0 117576  15308 1470928   0    0     0    84 44135 97845 19 26 54 0 0  0
procs -----------memory---------- ---swap-- -----io---- -system-- -------cpu-------
 r  b   swpd   free   buff  cache   si   so    bi    bo   in   cs us sy id wa st gu
 4  0      0 115188  15308 1471904   0    0     0     0 43652 98678 21 31 48 0 0  0
 1  0      0 140284  15200 1469820   0    0     0 13732 43535 97599 19 32 49 0 0  0
 7  0      0 132476  15200 1470684   0    0     0     0 46313 102712 20 31 50 0 0 0
10  0      0 129268  15200 1471788   0    0     0    28 41324 93473 16 26 58 0 0  0
 8  0      0 127236  15176 1470600   0    0    12    68 45438 101774 19 30 50 0 0 0
 6  0      0 126152  15176 1469624   0    0     0    24 45117 102168 19 34 46 0 0 0
 6  0      0 124872  15176 1468264   0    0    44     0 43032 94980 18 33 49 0 0  0
13  0      0 126684  15128 1467216   0    0     0    24 43576 97177 17 30 54 0 0  0
 1  0      0 120568  15128 1468304   0    0     0     0 46029 101051 20 33 47 0 0 0
 7  0      0 119960  15136 1467172   0    0     0   100 44370 99066 16 28 56 0 0  0
 3  0      0 125376  15136 1465972   0    0     0     0 43830 98034 20 33 47 0 0  0
14  0      0 123684  15144 1464932   0    0     0    76 43032 96439 18 30 52 0 0  0
 9  0      0 121400  15144 1465912   0    0     0     0 44406 99194 18 30 52 0 0  0
23  0      0 122228  15152 1464728   0    0    20   124 44328 98247 19 32 50 0 0  0
 1  0      0 118352  15152 1465708   0    0     0    32 46345 102840 19 28 53 0 0 0
 2  0      0 119632  15160 1464436   0    0     0    64 44353 100837 19 31 50 0 0 0
 6  0      0 118848  15152 1463528   0    0     4   132 44334 99857 19 32 49 0 0  0
 0  0      0 121948  15152 1462616   0    0     0    28 45602 102499 19 34 47 0 0 0
12  0      0 119084  15152 1461592   0    0     0     0 44329 100160 20 32 48 0 0 0
 6  0      0 118868  15152 1460420   0    0     0    64 43926 99529 20 33 47 0 0  0
 9  0      0 115996  15160 1461264   0    0    52    32 43741 94806 18 29 53 0 0  0
procs -----------memory---------- ---swap-- -----io---- -system-- -------cpu-------
 r  b   swpd   free   buff  cache   si   so    bi    bo   in   cs us sy id wa st gu
 9  0      0 116484  15168 1458872   0    0  1064    68 44725 98450 17 31 52 0 0  0
 9  0      0 116624  15168 1458332   0    0   652     0 43387 96474 19 30 51 0 0  0
 7  0      0 111932  15168 1460568   0    0  1232    28 44297 98926 19 31 50 0 0  0
10  0      0 118636  15152 1450940   0    0  2272    32 44542 97683 20 32 48 0 0  0
10  0      0 116552  15152 1452208   0    0   228    24 43934 97800 20 32 49 0 0  0
13  0      0 114116  15160 1452968   0    0     0    40 42602 96608 19 32 49 0 0  0
 3  0      0 113168  15176 1454196   0    0    28 16532 44310 97967 20 33 47 0 0  0
 3  0      0 110728  15184 1455140   0    0    28    92 45624 100600 19 30 50 0 0 0
 0  0      0 126424  15080 1440776   0    0   228    68 45269 100344 21 34 45 0 0 0
 1  0      0 123012  15080 1441704   0    0     0     0 44543 98969 20 31 49 0 0  0
10  0      0 120772  15088 1442636   0    0     0    56 45629 100867 17 28 54 0 0 0
12  0      0 119064  15088 1443508   0    0     0 13628 43176 95371 20 32 48 0 0  0
 8  0      0 185316  15088 1374076   0    0     0    28 42233 94243 18 31 50 0 0  0
 7  0      0 182360  15088 1375068   0    0    28    32 44228 99793 23 32 46 0 0  0
 0  0      0 180372  15088 1376252   0    0     0    24 45677 100294 19 30 51 0 0 0
 5  0      0 178660  15096 1377564   0    0    92    52 44785 100050 20 31 49 0 0 0
 1  0      0 175916  15096 1378756   0    0     0    24 44752 98420 19 32 50 0 0  0
 7  0      0 174180  15096 1379620   0    0    28     0 47118 102635 16 28 56 0 0 0
 1  0      0 172920  15104 1380896   0    0   256    96 44482 99718 19 31 50 0 0  0
 8  0      0 166144  15104 1381820   0    0   116     0 43171 96676 20 30 50 0 0  0
 2  0      0 165892  15104 1383016   0    0     0    48 43018 96249 19 30 51 0 0  0
procs -----------memory---------- ---swap-- -----io---- -system-- -------cpu-------
 r  b   swpd   free   buff  cache   si   so    bi    bo   in   cs us sy id wa st gu
12  0      0 164884  15104 1383832   0    0     0     0 45969 104591 19 33 48 0 0 0
 5  0      0 164536  15120 1384948   0    0     0   120 44314 98833 20 32 48 0 0  0
 8  0      0 163180  15128 1385688   0    0     8    32 44440 100619 23 32 46 0 0 0
 6  0      0 161444  15128 1387488   0    0   400    24 44102 99621 21 35 44 0 0  0
12  0      0 160464  15128 1388280   0    0     0     0 42689 94006 19 32 49 0 0  0
10  0      0 159008  15128 1389524   0    0     0    28 46434 104086 21 35 44 0 0 0
 5  0      0 156304  15216 1390388   0    0    80    32 40673 89259 17 28 54 0 0  0
 0  0      0 155100  15216 1391408   0    0     0    40 46053 103387 21 29 49 0 0 0
 8  0      0 152888  15224 1392320   0    0     0    56 44711 95492 18 31 51 0 0  0
 4  0      0 152636  15224 1393588   0    0   176    24 45730 100304 20 31 49 0 0 0
 9  0      0 150928  15224 1394500   0    0     0    24 40111 88469 23 32 45 0 0  0
10  0      0 150424  15224 1395324   0    0     0    28 44653 100662 18 30 52 0 0 0
 3  0      0 149500  15224 1396528   0    0     0    32 45876 102532 20 32 48 0 0 0
10  0      0 147588  15240 1397256   0    0     0    84 42146 96300 21 33 46 0 0  0
13  0      0 146532  15240 1398524   0    0     0     0 41699 92376 18 31 51 0 0  0
 7  0      0 140200  15240 1399420   0    0    12 24480 42208 91830 21 36 43 0 0  0
 9  0      0 139628  15248 1400460   0    0     0   100 44350 100119 21 33 46 0 0 0
11  0      0 138660  15248 1401392   0    0     0    44 43986 98727 20 32 48 0 0  0
 4  0      0 136448  15256 1402472   0    0     0    56 44199 97522 18 30 52 0 0  0
 0  0      0 136448  15256 1403256   0    0     0    24 42687 93278 18 28 54 0 0  0
 7  0      0 135036  15256 1404340   0    0     0    28 38660 86496 20 32 48 0 0  0
procs -----------memory---------- ---swap-- -----io---- -system-- -------cpu-------
 r  b   swpd   free   buff  cache   si   so    bi    bo   in   cs us sy id wa st gu
 5  0      0 134588  15256 1405240   0    0     0    24 45276 100754 21 34 45 0 0 0
20  0      0 133608  15256 1406356   0    0     0    32 45110 97287 20 34 45 0 0  0
 0  0      0 132156  15272 1407272   0    0     0    80 44263 97920 18 30 52 0 0  0
 0  0      0 131176  15272 1408060   0    0     0     0 44499 99502 19 31 50 0 0  0
 5  0      0 128964  15272 1409128   0    0     0    24 44033 96765 20 32 48 0 0  0
14  0      0 128488  15272 1409964   0    0     0  9840 43919 95827 20 32 48 0 0  0
 8  0      0 127800  15272 1411088   0    0     0    44 45146 100873 21 33 47 0 0 0
 7  0      0 126848  15280 1411848   0    0     0    64 43105 96460 19 32 49 0 0  0
 1  0      0 125112  15280 1413020   0    0     0    24 43423 97343 19 34 47 0 0  0
 0  0      0 123348  15288 1413972   0    0     0    48 43321 96250 18 30 52 0 0  0
12  0      0 123124  15296 1414756   0    0     0   104 44620 99333 17 31 52 0 0  0
10  0      0 122396  15296 1415720   0    0     0    32 44371 99621 20 33 47 0 0  0
 4  0      0 121444  15296 1416800   0    0     0    24 45791 103173 20 35 45 0 0 0
11  0      0 120492  15296 1417972   0    0     0     0 43275 96238 18 31 51 0 0  0
11  0      0 120016  15304 1418800   0    0     0    64 42349 93769 18 29 53 0 0  0
 9  0      0 119512  15304 1419760   0    0     0     0 43624 98280 18 31 51 0 0  0
 0  0      0 118000  15304 1420796   0    0     0    40 44804 99258 21 33 46 0 0  0
 0  0      0 116012  15304 1421760   0    0     0    24 44083 97216 19 32 49 0 0  0
 2  0      0 114276  15304 1422788   0    0     0    24 43557 98563 19 31 50 0 0  0
 0  0      0 114024  15312 1423680   0    0     0    52 45009 101767 19 31 51 0 0 0
 2  0      0 113296  15320 1424576   0    0     0    52 44532 101302 18 29 53 0 0 0
procs -----------memory---------- ---swap-- -----io---- -system-- -------cpu-------
 r  b   swpd   free   buff  cache   si   so    bi    bo   in   cs us sy id wa st gu
 7  0      0 112820  15320 1425772   0    0     0    32 47838 104686 22 32 46 0 0 0
 1  0      0 111616  15320 1426504   0    0     0    24 42483 97468 17 27 56 0 0  0
10  0      0 138092  15124 1424880   0    0     0  4136 43024 94454 17 29 53 0 0  0
 7  0      0 133984  15124 1425724   0    0    60    24 46570 103852 19 31 50 0 0 0
 2  0      0 132228  15140 1426760   0    0     8   132 43376 95172 19 30 51 0 0  0
 6  0      0 129912  15148 1428000   0    0    92    68 44710 100546 21 33 45 0 0 0
12  0      0 124468  15148 1428776   0    0     0    24 44913 100574 20 34 46 0 0 0
12  0      0 121556  15148 1429952   0    0     0    24 45159 100841 21 32 47 0 0 0
 1  0      0 116324  15148 1431036   0    0     0 19440 42764 95729 20 32 49 0 0  0
 8  0      0 115344  15160 1431812   0    0     0    64 43143 98012 19 31 49 0 0  0
16  0      0 114616  15160 1432708   0    0     0    32 44641 96797 21 32 47 0 0  0
 7  0      0 113132  15160 1433892   0    0     0    24 47457 107298 21 34 45 0 0 0
 2  0      0 112424  15160 1434864   0    0     0     0 46682 104411 19 29 52 0 0 0
 2  0      0 122456  15148 1433404   0    0     0    24 44435 98263 19 34 47 0 0  0
 0  0      0 120056  15156 1434636   0    0     4    32 44352 99458 18 31 51 0 0  0
 0  0      0 118292  15156 1435228   0    0     0    36 42792 93716 19 28 53 0 0  0
 2  0      0 112048  15156 1436340   0    0     0     0 43115 97511 19 32 49 0 0  0
 0  0      0 122896  15084 1430108   0    0     0    84 44968 101175 21 32 47 0 0 0
 8  0      0 119156  15084 1431224   0    0    28    24 43719 99089 19 33 48 0 0  0
 0  0      0 118040  15092 1431980   0    0    92    76 29366 64793 30 46 23 0 0  0
16  0      0 115804  15100 1433240   0    0     0    60 43967 98953 19 30 50 0 0  0
procs -----------memory---------- ---swap-- -----io---- -system-- -------cpu-------
 r  b   swpd   free   buff  cache   si   so    bi    bo   in   cs us sy id wa st gu
 7  0      0 113884  15100 1434600   0    0   504    24 42672 95894 18 30 51 0 0  0
 1  0      0 111112  15100 1435480   0    0     0     0 42961 96514 20 30 50 0 0  0
 3  0      0 125492  15000 1427788   0    0     0    28 46587 102992 21 32 47 0 0 0
 7  0      0 119848  15000 1429004   0    0    40     0 44259 99745 18 30 51 0 0  0
 6  0      0 115472  15008 1429876   0    0     0    72 42967 96854 22 32 46 0 0  0
 1  0      0 113484  15008 1430968   0    0     0     0 43029 95053 18 31 51 0 0  0
11  0      0 111500  15016 1431840   0    0     0    80 43363 98437 19 28 53 0 0  0
 4  0      0 127748  14896 1423488   0    0     0     0 43456 100317 18 31 50 0 0 0
 1  0      0 123184  14896 1424420   0    0     0    52 42764 96094 18 28 54 0 0  0
 7  0      0 120060  14896 1425516   0    0   100    56 44675 99380 22 33 45 0 0  0
 8  0      0 118324  14904 1426720   0    0     0    64 44895 102532 21 35 43 0 0 0
 0  0      0 116588  14904 1427544   0    0     0     0 43319 98334 19 31 50 0 0  0
 7  0      0 114096  14904 1428632   0    0     0 25308 45870 99788 21 34 45 0 0  0
 7  0      0 113100  14904 1429416   0    0    16    32 42459 94701 18 30 51 0 0  0
 8  0      0 111896  14916 1430560   0    0     0   112 43949 95633 21 34 45 0 0  0
 9  0      0 121924  14780 1421172   0    0     0     0 41922 93782 20 31 50 0 0  0
 2  0      0 120460  14780 1422368   0    0     4    32 45529 103567 20 31 50 0 0 0
11  0      0 115588  14780 1423120   0    0    68     0 42962 94476 17 29 54 0 0  0
 6  0      0 112588  14788 1424800   0    0     0    72 46871 106037 19 31 49 0 0 0
 5  0      0 111132  14788 1425568   0    0    68    32 44985 99417 20 33 47 0 0  0
 7  0      0 127084  14640 1418484   0    0   988    24 43438 96605 21 33 46 0 0  0
procs -----------memory---------- ---swap-- -----io---- -system-- -------cpu-------
 r  b   swpd   free   buff  cache   si   so    bi    bo   in   cs us sy id wa st gu
 4  0      0 124288  14640 1419336   0    0     0     0 44308 98926 20 30 50 0 0  0
 3  0      0 121364  14640 1420424   0    0     0    28 43279 98758 18 30 52 0 0  0
 7  0      0 120160  14648 1421628   0    0   172    32 45117 101906 20 32 49 0 0 0
 2  0      0 118940  14648 1422668   0    0     0    40 45121 99598 21 31 48 0 0  0
 6  0      0 116992  14648 1423568   0    0   264     0 43517 97664 20 32 48 0 0  0
11  0      0 115732  14656 1425000   0    0     0    64 45388 101828 19 28 53 0 0 0
 5  0      0 195324  14656 1351036   0    0     0    20 44811 99872 18 30 53 0 0  0
10  0      0 192988  14656 1352000   0    0     0    52 43178 98480 21 35 44 0 0  0
 5  0      0 192052  14656 1352728   0    0     0    32 44570 96900 21 32 47 0 0  0
 5  0      0 189112  14656 1355340   0    0  1384    24 42798 94516 20 33 48 0 0  0
12  0      0 187736  14664 1356304   0    0     0    52 44356 99991 19 31 49 0 0  0
 8  0      0 184680  14672 1357420   0    0     0    48 44591 99599 19 33 47 0 0  0
13  0      0 183468  14672 1358100   0    0     0     0 41672 91834 18 31 50 0 0  0
 7  0      0 182992  14672 1359180   0    0     0    40 42712 96958 19 32 48 0 0  0
 2  0      0 182040  14672 1359920   0    0     0     0 44877 100518 21 33 46 0 0 0
 8  0      0 181060  14672 1361124   0    0     0    32 44892 100509 19 32 48 0 0 0
 3  0      0 177524  14680 1362076   0    0     0    80 40637 90965 19 30 52 0 0  0
 7  0      0 176608  14688 1363040   0    0    20 10252 44043 99880 20 31 49 0 0  0
 7  0      0 176184  14688 1364060   0    0     0    64 45412 102682 21 32 47 0 0 0
 7  0      0 175404  14688 1365168   0    0   100     4 44282 99614 20 32 48 0 0  0
 6  0      0 174144  14688 1365860   0    0     0    28 42775 95415 18 29 53 0 0  0
procs -----------memory---------- ---swap-- -----io---- -system-- -------cpu-------
 r  b   swpd   free   buff  cache   si   so    bi    bo   in   cs us sy id wa st gu
 1  0      0 171372  14688 1367228   0    0     0     4 43801 96742 20 34 46 0 0  0
11  0      0 171120  14696 1367980   0    0     0    56 41501 93877 21 33 46 0 0  0
 9  0      0 169636  14704 1369124   0    0     0    52 42344 94854 22 32 47 0 0  0
 3  0      0 168908  14704 1369772   0    0     0    20 43967 99102 18 32 50 0 0  0
 4  0      0 167672  14704 1371112   0    0     0     4 43353 96716 20 32 47 0 0  0
 0  0      0 163156  14704 1371800   0    0     0    44 42108 92285 20 32 48 0 0  0
 6  0      0 162520  14704 1372920   0    0    28     4 41663 94158 19 30 51 0 0  0
 0  0      0 162044  14712 1373872   0    0     0    84 44525 99640 24 34 41 0 0  0
 0  0      0 168644  14712 1374868   0    0     0    24 43766 98326 20 33 47 0 0  0
 9  0      0 165320  14712 1375864   0    0     0     0 41939 93938 18 29 53 0 0  0
 9  0      0 163988  14712 1376964   0    0    20     4 41863 96810 23 31 46 0 0  0
 0  0      0 162464  14712 1378240   0    0     0    20 44504 98763 21 32 47 0 0  0
10  0      0 161036  14720 1378996   0    0     0    48 43212 94190 20 30 50 0 0  0
 2  0      0 157256  14720 1380060   0    0     0    24 44541 98203 22 34 44 0 0  0
 0  0      0 155084  14720 1381048   0    0     0     0 43423 96759 18 31 51 0 0  0
 0  0      0 153700  14728 1381800   0    0     0    88 45170 99017 18 30 52 0 0  0
 2  0      0 152904  14728 1382852   0    0     0 20176 46316 104643 19 33 48 0 0 0
 8  0      0 151700  14728 1383740   0    0     0    80 43298 95739 20 32 48 0 0  0
17  0      0 149236  14728 1386356   0    0  1584     0 42275 94366 18 31 50 0 0  0
 5  0      0 148508  14728 1387308   0    0     0    28 43819 95951 18 32 50 0 0  0
17  0      0 144376  14736 1388396   0    0     0    60 46658 105715 21 32 47 0 0 0
procs -----------memory---------- ---swap-- -----io---- -system-- -------cpu-------
 r  b   swpd   free   buff  cache   si   so    bi    bo   in   cs us sy id wa st gu
 5  0      0 143996  14744 1389480   0    0     0    48 40914 92093 19 31 50 0 0  0
 5  0      0 142764  14744 1390348   0    0     0    16 44056 98899 21 33 47 0 0  0
 4  0      0 142036  14744 1391360   0    0     0    24 45609 102663 18 29 52 0 0 0
 7  0      0 141812  14744 1392400   0    0    20     0 46671 102975 20 31 49 0 0 0
 5  0      0 139988  14744 1393232   0    0     0    48 42660 94421 19 32 49 0 0  0
 6  0      0 139164  14752 1394328   0    0     0    28 42393 94603 19 31 50 0 0  0
 0  0      0 138156  14760 1395340   0    0     0 10116 46913 103701 20 31 49 0 0 0
 7  0      0 137176  14760 1396176   0    0     0     0 40914 90116 17 27 55 0 0  0
10  0      0 136728  14760 1397208   0    0     0    24 43736 99545 21 33 46 0 0  0
 7  0      0 135208  14760 1398036   0    0    12     0 44626 99730 18 29 53 0 0  0
 0  0      0 134796  14760 1399032   0    0     0    24 46138 101153 21 34 46 0 0 0
 6  0      0 134040  14768 1400072   0    0     0    52 43280 95789 19 30 51 0 0  0
 4  0      0 133032  14768 1401156   0    0     0    28 43649 97086 19 31 49 0 0  0
 7  0      0 131072  14768 1402228   0    0     0     0 45955 105551 21 33 47 0 0 0
 9  0      0 129616  14776 1402996   0    0     0    80 44902 100306 20 34 46 0 0 0
 2  0      0 128860  14776 1404088   0    0     0     0 44091 98296 19 31 50 0 0  0
 0  0      0 127180  14776 1405048   0    0     0    84 43902 99643 21 30 49 0 0  0
11  0      0 125472  14776 1406020   0    0    32     0 45621 99716 19 30 50 0 0  0
10  0      0 124212  14784 1406912   0    0     0    60 45897 102670 20 35 45 0 0 0
 0  0      0 132124  14784 1408008   0    0     0     0 44082 96607 19 31 50 0 0  0
 7  0      0 130152  14784 1408872   0    0     0    24 41848 92074 19 29 52 0 0  0
procs -----------memory---------- ---swap-- -----io---- -system-- -------cpu-------
 r  b   swpd   free   buff  cache   si   so    bi    bo   in   cs us sy id wa st gu
 7  0      0 127660  14784 1410052   0    0     0    48 44831 101118 22 33 45 0 0 0
12  0      0 126176  14784 1411068   0    0     0    28 46453 104120 22 35 43 0 0 0
 5  0      0 124944  14792 1411980   0    0     0    32 43059 96293 19 33 48 0 0  0
 2  0      0 121464  14800 1412996   0    0     0    48 43100 95560 21 30 49 0 0  0
 9  0      0 121028  14800 1414196   0    0    44    24 45715 102119 20 30 50 0 0 0
 9  0      0 120300  14800 1414852   0    0     0 20188 43860 97180 21 33 46 0 0  0
 7  0      0 119068  14800 1416172   0    0   108    24 44426 100193 20 33 47 0 0 0
12  0      0 117864  14800 1417096   0    0     0    24 45527 100598 20 31 49 0 0 0
12  0      0 116408  14812 1418248   0    0     0    72 46480 104103 21 35 44 0 0 0
 9  0      0 115176  14820 1419260   0    0   108    48 43583 95692 19 32 49 0 0  0
 7  0      0 114420  14820 1420360   0    0     0    16 45774 101719 18 28 54 0 0 0
 9  0      0 113216  14820 1421300   0    0     0    28 41765 92842 19 30 51 0 0  0
 8  0      0 112040  14820 1422260   0    0     0     0 45208 102512 21 34 44 0 0 0
 1  0      0 118016  14388 1418648   0    0   108    24 44705 101268 19 35 46 0 0 0
13  0      0 117020  14396 1419816   0    0     0    52 44554 102311 21 33 46 0 0 0
10  0      0 114368  14404 1420880   0    0    80    88 45200 101499 22 34 45 0 0 0
 8  0      0 112136  14404 1422100   0    0     0    28 42223 94228 20 32 48 0 0  0
 6  0      0 111156  14404 1422904   0    0     0    24 45320 101133 19 31 50 0 0 0
 9  0      0 118620  14404 1422820   0    0   128     0 43268 96288 19 30 51 0 0  0
 6  0      0 117552  14404 1423948   0    0     4    24 44688 99831 20 35 45 0 0  0
 1  0      0 114508  14412 1425160   0    0     0    52 41410 93097 20 31 49 0 0  0
procs -----------memory---------- ---swap-- -----io---- -system-- -------cpu-------
 r  b   swpd   free   buff  cache   si   so    bi    bo   in   cs us sy id wa st gu
 7  0      0 112868  14420 1425764   0    0     0    52 45128 98106 21 32 47 0 0  0
 2  0      0 112048  14420 1426988   0    0     0     0 43121 95053 20 31 49 0 0  0
 0  0      0 111128  14420 1427124   0    0     0    24 42908 95329 19 32 49 0 0  0
 0  0      0 121556  14348 1422900   0    0     0    28 45185 98589 22 32 45 0 0  0
 0  0      0 119804  14348 1423908   0    0     0    56 44673 100102 21 31 48 0 0 0
 9  0      0 115216  14356 1424992   0    0     0    56 44990 101601 20 29 51 0 0 0
 3  0      0 113608  14364 1425868   0    0     0    48 43472 95044 18 31 51 0 0  0
 0  0      0 112468  14364 1427032   0    0     0     0 46203 103396 20 29 51 0 0 0
 0  0      0 110948  14364 1427748   0    0     4    28 43391 96016 18 30 52 0 0  0
10  0      0 120928  14292 1424228   0    0   256    16 45847 103247 20 33 46 0 0 0
 7  0      0 114748  14292 1425240   0    0     0 20540 44409 98868 19 34 47 0 0  0
 4  0      0 113020  14304 1426252   0    0     0    68 43319 96054 20 31 49 0 0  0
 1  0      0 110900  14304 1427096   0    0     0    24 43560 98203 18 27 54 0 0  0
11  0      0 123232  14280 1424204   0    0     0    52 41419 90881 17 30 53 0 0  0
 1  0      0 118604  14280 1425420   0    0     4    60 47153 104927 21 35 45 0 0 0
 8  0      0 116880  14280 1426492   0    0     0  9888 46474 103255 19 32 49 0 0 0
 4  0      0 115408  14280 1427148   0    0     0    24 42152 93001 18 30 52 0 0  0
 2  0      0 112252  14280 1429328   0    0     0     0 43068 96525 21 33 47 0 0  0
13  0      0 111272  14292 1430268   0    0     4    72 43692 96226 21 33 45 0 0  0
10  0      0 115152  14280 1429216   0    0     0    16 46252 104346 21 36 43 0 0 0
 0  0      0 112856  14288 1430140   0    0     0    60 43319 96183 19 33 48 0 0  0
procs -----------memory---------- ---swap-- -----io---- -system-- -------cpu-------
 r  b   swpd   free   buff  cache   si   so    bi    bo   in   cs us sy id wa st gu
 1  0      0 112128  14288 1430872   0    0     0     0 42144 93901 21 31 48 0 0  0
 6  0      0 200560  14288 1342408   0    0     0    24 43070 96761 18 31 51 0 0  0
 3  0      0 199400  14288 1343552   0    0     0     0 43936 97618 20 34 46 0 0  0
 2  0      0 198712  14288 1344488   0    0   128    60 43453 96670 22 32 46 0 0  0
10  0      0 198472  14304 1345432   0    0     0   100 39083 85519 23 36 41 0 0  0
 0  0      0 198352  14304 1346240   0    0     0    24 38369 85736 24 36 40 0 0  0
289 0      0 448944  14304 1347252   0    0     0     0 42263 90398 18 34 48 0 0  0
