Linux 6.6.95 (minikube) 	04/17/26 	_x86_64_	(4 CPU)

13:36:48        CPU     %user     %nice   %system   %iowait    %steal     %idle
13:36:49   [32;22m     all[0m[34;1m      2.56[0m[34;22m      0.00[0m[34;1m      2.82[0m[34;22m      0.00[0m[34;22m      0.00[0m[34;1m     94.62[0m
13:36:50   [32;22m     all[0m[34;1m      2.82[0m[34;22m      0.00[0m[34;1m      2.82[0m[34;22m      0.00[0m[34;22m      0.00[0m[34;1m     94.36[0m
13:36:51   [32;22m     all[0m[34;1m      2.84[0m[34;22m      0.00[0m[34;1m      4.13[0m[34;22m      0.00[0m[34;22m      0.00[0m[34;1m     93.02[0m
13:36:52   [32;22m     all[0m[34;1m      2.81[0m[34;22m      0.00[0m[34;1m      3.07[0m[34;22m      0.00[0m[34;22m      0.00[0m[34;1m     94.12[0m
13:36:53   [32;22m     all[0m[34;1m      3.35[0m[34;22m      0.00[0m[34;1m      3.61[0m[34;22m      0.00[0m[34;22m      0.00[0m[34;1m     93.04[0m
13:36:54   [32;22m     all[0m[34;1m      3.41[0m[34;22m      0.00[0m[34;1m      5.25[0m[34;22m      0.00[0m[34;22m      0.00[0m[34;1m     91.34[0m
13:36:55   [32;22m     all[0m[34;1m      3.11[0m[34;22m      0.00[0m[34;1m      4.92[0m[34;22m      0.00[0m[34;22m      0.00[0m[34;1m     91.97[0m
13:36:56   [32;22m     all[0m[34;1m      4.44[0m[34;22m      0.00[0m[34;1m      4.44[0m[34;22m      0.00[0m[34;22m      0.00[0m[34;1m     91.12[0m
13:36:57   [32;22m     all[0m[34;1m      4.19[0m[34;22m      0.00[0m[34;1m      7.07[0m[34;22m      0.00[0m[34;22m      0.00[0m[34;1m     88.74[0m
13:36:58   [32;22m     all[0m[34;1m      4.97[0m[34;22m      0.00[0m[34;1m      6.54[0m[34;22m      0.00[0m[34;22m      0.00[0m[34;1m     88.48[0m
13:36:59   [32;22m     all[0m[34;1m      4.45[0m[34;22m      0.00[0m[34;1m      7.33[0m[34;22m      0.00[0m[34;22m      0.00[0m[34;1m     88.22[0m
13:37:00   [32;22m     all[0m[34;1m      4.22[0m[34;22m      0.00[0m[34;1m      7.39[0m[34;22m      0.00[0m[34;22m      0.00[0m[34;1m     88.39[0m
13:37:01   [32;22m     all[0m[34;1m      5.56[0m[34;22m      0.00[0m[34;1m      8.47[0m[34;22m      0.00[0m[34;22m      0.00[0m[34;1m     85.98[0m
13:37:02   [32;22m     all[0m[34;1m      5.28[0m[34;22m      0.00[0m[34;1m      8.18[0m[34;1m      0.53[0m[34;22m      0.00[0m[34;1m     86.02[0m
13:37:03   [32;22m     all[0m[34;1m      7.22[0m[34;22m      0.00[0m[34;1m      8.56[0m[34;22m      0.00[0m[34;22m      0.00[0m[34;1m     84.22[0m
13:37:04   [32;22m     all[0m[34;1m      5.53[0m[34;22m      0.00[0m[34;1m      7.37[0m[34;22m      0.00[0m[34;22m      0.00[0m[34;1m     87.11[0m
13:37:05   [32;22m     all[0m[34;1m      5.91[0m[34;22m      0.00[0m[34;1m      9.14[0m[34;22m      0.00[0m[34;22m      0.00[0m[34;1m     84.95[0m
13:37:06   [32;22m     all[0m[34;1m      5.88[0m[34;22m      0.00[0m[34;1m      9.09[0m[34;22m      0.00[0m[34;22m      0.00[0m[34;1m     85.03[0m
13:37:07   [32;22m     all[0m[34;1m      7.28[0m[34;22m      0.00[0m[34;1m     12.40[0m[34;22m      0.00[0m[34;22m      0.00[0m[34;1m     80.32[0m
13:37:08   [32;22m     all[0m[34;1m      8.80[0m[34;22m      0.00[0m[34;1m     11.47[0m[34;22m      0.00[0m[34;22m      0.00[0m[34;1m     79.73[0m
13:37:09   [32;22m     all[0m[34;1m      6.43[0m[34;22m      0.00[0m[34;1m      9.92[0m[34;22m      0.00[0m[34;22m      0.00[0m[34;1m     83.65[0m
13:37:10   [32;22m     all[0m[34;1m      6.74[0m[34;22m      0.00[0m[34;1m     12.40[0m[34;22m      0.00[0m[34;22m      0.00[0m[34;1m     80.86[0m
13:37:11   [32;22m     all[0m[34;1m      7.05[0m[34;22m      0.00[0m[34;1m     11.11[0m[34;22m      0.00[0m[34;22m      0.00[0m[34;1m     81.84[0m
13:37:12   [32;22m     all[0m[34;1m      7.75[0m[34;22m      0.00[0m[34;1m     12.83[0m[34;1m      0.27[0m[34;22m      0.00[0m[34;1m     79.14[0m
13:37:13   [32;22m     all[0m[34;1m      9.19[0m[34;22m      0.00[0m[34;1m     12.97[0m[34;22m      0.00[0m[34;22m      0.00[0m[34;1m     77.84[0m
13:37:14   [32;22m     all[0m[34;1m      7.77[0m[34;22m      0.00[0m[34;1m     12.33[0m[34;22m      0.00[0m[34;22m      0.00[0m[34;1m     79.89[0m
13:37:15   [32;22m     all[0m[34;1m      8.72[0m[34;22m      0.00[0m[34;1m     14.99[0m[34;22m      0.00[0m[34;22m      0.00[0m[34;1m     76.29[0m
13:37:16   [32;22m     all[0m[34;1m      9.07[0m[34;22m      0.00[0m[34;1m     15.38[0m[34;22m      0.00[0m[34;22m      0.00[0m[34;1m     75.55[0m
13:37:17   [32;22m     all[0m[34;1m      8.65[0m[34;22m      0.00[0m[34;1m     13.24[0m[34;22m      0.00[0m[34;22m      0.00[0m[34;1m     78.11[0m
13:37:18   [32;22m     all[0m[34;1m     11.75[0m[34;22m      0.00[0m[34;1m     17.49[0m[34;22m      0.00[0m[34;22m      0.00[0m[34;1m     70.77[0m
13:37:19   [32;22m     all[0m[34;1m     10.33[0m[34;22m      0.00[0m[34;1m     14.40[0m[34;22m      0.00[0m[34;22m      0.00[0m[34;1m     75.27[0m
13:37:20   [32;22m     all[0m[34;1m      9.86[0m[34;22m      0.00[0m[34;1m     14.52[0m[34;1m      0.27[0m[34;22m      0.00[0m[34;1m     75.34[0m
13:37:21   [32;22m     all[0m[34;1m      8.97[0m[34;22m      0.00[0m[34;1m     13.59[0m[34;22m      0.00[0m[34;22m      0.00[0m[34;1m     77.45[0m
13:37:22   [32;22m     all[0m[34;1m      6.79[0m[34;22m      0.00[0m[34;1m     12.50[0m[34;22m      0.00[0m[34;22m      0.00[0m[34;1m     80.71[0m
13:37:23   [32;22m     all[0m[34;1m      8.52[0m[34;22m      0.00[0m[34;1m     12.09[0m[34;22m      0.00[0m[34;22m      0.00[0m[34;1m     79.40[0m
13:37:24   [32;22m     all[0m[34;1m      8.42[0m[34;22m      0.00[0m[34;1m     13.59[0m[34;22m      0.00[0m[34;22m      0.00[0m[34;1m     77.99[0m
13:37:25   [32;22m     all[0m[34;1m      7.90[0m[34;22m      0.00[0m[34;1m     12.81[0m[34;22m      0.00[0m[34;22m      0.00[0m[34;1m     79.29[0m
13:37:26   [32;22m     all[0m[34;1m      8.79[0m[34;22m      0.00[0m[34;1m     13.46[0m[34;22m      0.00[0m[34;22m      0.00[0m[34;1m     77.75[0m
13:37:27   [32;22m     all[0m[34;1m      8.54[0m[34;22m      0.00[0m[34;1m     12.95[0m[34;22m      0.00[0m[34;22m      0.00[0m[34;1m     78.51[0m
13:37:28   [32;22m     all[0m[34;1m     10.87[0m[34;22m      0.00[0m[34;1m     15.76[0m[34;1m      0.27[0m[34;22m      0.00[0m[34;1m     73.10[0m
13:37:29   [32;22m     all[0m[34;1m      7.07[0m[34;22m      0.00[0m[34;1m     10.60[0m[34;22m      0.00[0m[34;22m      0.00[0m[34;1m     82.34[0m
13:37:30   [32;22m     all[0m[34;1m      8.06[0m[34;22m      0.00[0m[34;1m     13.06[0m[34;22m      0.00[0m[34;22m      0.00[0m[34;1m     78.89[0m
13:37:31   [32;22m     all[0m[34;1m      8.74[0m[34;22m      0.00[0m[34;1m     13.39[0m[34;22m      0.00[0m[34;22m      0.00[0m[34;1m     77.87[0m
13:37:32   [32;22m     all[0m[34;1m      7.38[0m[34;22m      0.00[0m[34;1m     11.48[0m[34;22m      0.00[0m[34;22m      0.00[0m[34;1m     81.15[0m
13:37:33   [32;22m     all[0m[34;1m      8.26[0m[34;22m      0.00[0m[34;1m     12.40[0m[34;22m      0.00[0m[34;22m      0.00[0m[34;1m     79.34[0m
13:37:34   [32;22m     all[0m[34;1m      8.22[0m[34;22m      0.00[0m[34;1m     12.05[0m[34;22m      0.00[0m[34;22m      0.00[0m[34;1m     79.73[0m
13:37:35   [32;22m     all[0m[34;1m      7.63[0m[34;22m      0.00[0m[34;1m     13.08[0m[34;22m      0.00[0m[34;22m      0.00[0m[34;1m     79.29[0m
13:37:36   [32;22m     all[0m[34;1m      8.33[0m[34;22m      0.00[0m[34;1m     12.90[0m[34;22m      0.00[0m[34;22m      0.00[0m[34;1m     78.76[0m
13:37:37   [32;22m     all[0m[34;1m      7.55[0m[34;22m      0.00[0m[34;1m     10.78[0m[34;22m      0.00[0m[34;22m      0.00[0m[34;1m     81.67[0m
13:37:38   [32;22m     all[0m[34;1m      9.32[0m[34;22m      0.00[0m[34;1m     15.89[0m[34;22m      0.00[0m[34;22m      0.00[0m[34;1m     74.79[0m
13:37:39   [32;22m     all[0m[34;1m      9.09[0m[34;22m      0.00[0m[34;1m     13.50[0m[34;22m      0.00[0m[34;22m      0.00[0m[34;1m     77.41[0m
13:37:40   [32;22m     all[0m[34;1m      8.79[0m[34;22m      0.00[0m[34;1m     13.19[0m[34;22m      0.00[0m[34;22m      0.00[0m[34;1m     78.02[0m
13:37:41   [32;22m     all[0m[34;1m      7.95[0m[34;22m      0.00[0m[34;1m     13.42[0m[34;22m      0.00[0m[34;22m      0.00[0m[34;1m     78.63[0m
13:37:42   [32;22m     all[0m[34;1m      9.02[0m[34;22m      0.00[0m[34;1m     13.39[0m[34;22m      0.00[0m[34;22m      0.00[0m[34;1m     77.60[0m
13:37:43   [32;22m     all[0m[34;1m      8.79[0m[34;22m      0.00[0m[34;1m     14.29[0m[34;22m      0.00[0m[34;22m      0.00[0m[34;1m     76.92[0m
13:37:44   [32;22m     all[0m[34;1m      8.97[0m[34;22m      0.00[0m[34;1m     14.95[0m[34;22m      0.00[0m[34;22m      0.00[0m[34;1m     76.09[0m
13:37:45   [32;22m     all[0m[34;1m      7.61[0m[34;22m      0.00[0m[34;1m     12.23[0m[34;22m      0.00[0m[34;22m      0.00[0m[34;1m     80.16[0m
13:37:46   [32;22m     all[0m[34;1m      9.34[0m[34;22m      0.00[0m[34;1m     14.56[0m[34;22m      0.00[0m[34;22m      0.00[0m[34;1m     76.10[0m
13:37:47   [32;22m     all[0m[34;1m      9.56[0m[34;22m      0.00[0m[34;1m     12.84[0m[34;22m      0.00[0m[34;22m      0.00[0m[34;1m     77.60[0m
13:37:48   [32;22m     all[0m[34;1m      8.49[0m[34;22m      0.00[0m[34;1m     13.97[0m[34;22m      0.00[0m[34;22m      0.00[0m[34;1m     77.53[0m
13:37:49   [32;22m     all[0m[34;1m      9.70[0m[34;22m      0.00[0m[34;1m     15.51[0m[34;22m      0.00[0m[34;22m      0.00[0m[34;1m     74.79[0m
13:37:50   [32;22m     all[0m[34;1m     10.34[0m[34;22m      0.00[0m[34;1m     14.53[0m[34;22m      0.00[0m[34;22m      0.00[0m[34;1m     75.14[0m
13:37:51   [32;22m     all[0m[34;1m      8.77[0m[34;22m      0.00[0m[34;1m     14.25[0m[34;22m      0.00[0m[34;22m      0.00[0m[34;1m     76.99[0m
13:37:52   [32;22m     all[0m[34;1m      8.06[0m[34;22m      0.00[0m[34;1m     13.89[0m[34;22m      0.00[0m[34;22m      0.00[0m[34;1m     78.06[0m
13:37:53   [32;22m     all[0m[34;1m      9.07[0m[34;22m      0.00[0m[34;1m     15.38[0m[34;22m      0.00[0m[34;22m      0.00[0m[34;1m     75.55[0m
13:37:54   [32;22m     all[0m[34;1m      8.94[0m[34;22m      0.00[0m[34;1m     13.82[0m[34;22m      0.00[0m[34;22m      0.00[0m[34;1m     77.24[0m
13:37:55   [32;22m     all[0m[34;1m      7.90[0m[34;22m      0.00[0m[34;1m     12.81[0m[34;22m      0.00[0m[34;22m      0.00[0m[34;1m     79.29[0m
13:37:56   [32;22m     all[0m[34;1m      7.80[0m[34;22m      0.00[0m[34;1m     13.65[0m[34;22m      0.00[0m[34;22m      0.00[0m[34;1m     78.55[0m
13:37:57   [32;22m     all[0m[34;1m      8.49[0m[34;22m      0.00[0m[34;1m     13.97[0m[34;22m      0.00[0m[34;22m      0.00[0m[34;1m     77.53[0m
13:37:58   [32;22m     all[0m[34;1m     10.44[0m[34;22m      0.00[0m[34;1m     13.74[0m[34;22m      0.00[0m[34;22m      0.00[0m[34;1m     75.82[0m
13:37:59   [32;22m     all[0m[34;1m      8.22[0m[34;22m      0.00[0m[34;1m     14.25[0m[34;22m      0.00[0m[34;22m      0.00[0m[34;1m     77.53[0m
13:38:00   [32;22m     all[0m[34;1m      8.92[0m[34;22m      0.00[0m[34;1m     13.51[0m[34;22m      0.00[0m[34;22m      0.00[0m[34;1m     77.57[0m
13:38:01   [32;22m     all[0m[34;1m      8.92[0m[34;22m      0.00[0m[34;1m     13.24[0m[34;22m      0.00[0m[34;22m      0.00[0m[34;1m     77.84[0m
13:38:02   [32;22m     all[0m[34;1m      8.82[0m[34;22m      0.00[0m[34;1m     13.77[0m[34;22m      0.00[0m[34;22m      0.00[0m[34;1m     77.41[0m
13:38:03   [32;22m     all[0m[34;1m      7.69[0m[34;22m      0.00[0m[34;1m     12.91[0m[34;22m      0.00[0m[34;22m      0.00[0m[34;1m     79.40[0m
13:38:04   [32;22m     all[0m[34;1m      8.74[0m[34;22m      0.00[0m[34;1m     12.84[0m[34;22m      0.00[0m[34;22m      0.00[0m[34;1m     78.42[0m
13:38:05   [32;22m     all[0m[34;1m      8.72[0m[34;22m      0.00[0m[34;1m     15.26[0m[34;22m      0.00[0m[34;22m      0.00[0m[34;1m     76.02[0m
13:38:06   [32;22m     all[0m[34;1m      8.47[0m[34;22m      0.00[0m[34;1m     12.30[0m[34;22m      0.00[0m[34;22m      0.00[0m[34;1m     79.23[0m
13:38:07   [32;22m     all[0m[34;1m      9.02[0m[34;22m      0.00[0m[34;1m     13.66[0m[34;22m      0.00[0m[34;22m      0.00[0m[34;1m     77.32[0m
13:38:08   [32;22m     all[0m[34;1m      8.72[0m[34;22m      0.00[0m[34;1m     14.44[0m[34;22m      0.00[0m[34;22m      0.00[0m[34;1m     76.84[0m
13:38:09   [32;22m     all[0m[34;1m      9.37[0m[34;22m      0.00[0m[34;1m     13.50[0m[34;22m      0.00[0m[34;22m      0.00[0m[34;1m     77.13[0m
13:38:10   [32;22m     all[0m[34;1m      7.67[0m[34;22m      0.00[0m[34;1m     13.42[0m[34;22m      0.00[0m[34;22m      0.00[0m[34;1m     78.90[0m
13:38:11   [32;22m     all[0m[34;1m      8.79[0m[34;22m      0.00[0m[34;1m     13.74[0m[34;22m      0.00[0m[34;22m      0.00[0m[34;1m     77.47[0m
13:38:12   [32;22m     all[0m[34;1m      8.94[0m[34;22m      0.00[0m[34;1m     13.82[0m[34;22m      0.00[0m[34;22m      0.00[0m[34;1m     77.24[0m
13:38:13   [32;22m     all[0m[34;1m      8.94[0m[34;22m      0.00[0m[34;1m     14.09[0m[34;22m      0.00[0m[34;22m      0.00[0m[34;1m     76.96[0m
13:38:14   [32;22m     all[0m[34;1m      8.82[0m[34;22m      0.00[0m[34;1m     13.50[0m[34;22m      0.00[0m[34;22m      0.00[0m[34;1m     77.69[0m
13:38:15   [32;22m     all[0m[34;1m      8.06[0m[34;22m      0.00[0m[34;1m     13.33[0m[34;22m      0.00[0m[34;22m      0.00[0m[34;1m     78.61[0m
13:38:16   [32;22m     all[0m[34;1m      8.42[0m[34;22m      0.00[0m[34;1m     11.41[0m[34;22m      0.00[0m[34;22m      0.00[0m[34;1m     80.16[0m
13:38:17   [32;22m     all[0m[34;1m      7.55[0m[34;22m      0.00[0m[34;1m     12.94[0m[34;22m      0.00[0m[34;22m      0.00[0m[34;1m     79.51[0m
13:38:18   [32;22m     all[0m[34;1m      8.06[0m[34;22m      0.00[0m[34;1m     13.89[0m[34;22m      0.00[0m[34;22m      0.00[0m[34;1m     78.06[0m
13:38:19   [32;22m     all[0m[34;1m     10.90[0m[34;22m      0.00[0m[34;1m     15.80[0m[34;22m      0.00[0m[34;22m      0.00[0m[34;1m     73.30[0m
13:38:20   [32;22m     all[0m[34;1m      8.52[0m[34;22m      0.00[0m[34;1m     14.56[0m[34;22m      0.00[0m[34;22m      0.00[0m[34;1m     76.92[0m
13:38:21   [32;22m     all[0m[34;1m      9.04[0m[34;22m      0.00[0m[34;1m     13.42[0m[34;22m      0.00[0m[34;22m      0.00[0m[34;1m     77.53[0m
13:38:22   [32;22m     all[0m[34;1m      8.29[0m[34;22m      0.00[0m[34;1m     13.26[0m[34;22m      0.00[0m[34;22m      0.00[0m[34;1m     78.45[0m
13:38:23   [32;22m     all[0m[34;1m      9.12[0m[34;22m      0.00[0m[34;1m     14.92[0m[34;22m      0.00[0m[34;22m      0.00[0m[34;1m     75.97[0m
13:38:24   [32;22m     all[0m[34;1m      8.40[0m[34;22m      0.00[0m[34;1m     14.09[0m[34;22m      0.00[0m[34;22m      0.00[0m[34;1m     77.51[0m
13:38:25   [32;22m     all[0m[34;1m      8.94[0m[34;22m      0.00[0m[34;1m     13.55[0m[34;22m      0.00[0m[34;22m      0.00[0m[34;1m     77.51[0m
13:38:26   [32;22m     all[0m[34;1m      7.90[0m[34;22m      0.00[0m[34;1m     13.62[0m[34;1m      0.27[0m[34;22m      0.00[0m[34;1m     78.20[0m
13:38:27   [32;22m     all[0m[34;1m      8.45[0m[34;22m      0.00[0m[34;1m     11.99[0m[34;22m      0.00[0m[34;22m      0.00[0m[34;1m     79.56[0m
13:38:28   [32;22m     all[0m[34;1m     10.14[0m[34;22m      0.00[0m[34;1m     15.62[0m[34;22m      0.00[0m[34;22m      0.00[0m[34;1m     74.25[0m
13:38:29   [32;22m     all[0m[34;1m      8.20[0m[34;22m      0.00[0m[34;1m     13.11[0m[34;22m      0.00[0m[34;22m      0.00[0m[34;1m     78.69[0m
13:38:30   [32;22m     all[0m[34;1m      8.70[0m[34;22m      0.00[0m[34;1m     12.77[0m[34;22m      0.00[0m[34;22m      0.00[0m[34;1m     78.53[0m
13:38:31   [32;22m     all[0m[34;1m     10.90[0m[34;22m      0.00[0m[34;1m     14.71[0m[34;22m      0.00[0m[34;22m      0.00[0m[34;1m     74.39[0m
13:38:32   [32;22m     all[0m[34;1m      8.01[0m[34;22m      0.00[0m[34;1m     12.71[0m[34;22m      0.00[0m[34;22m      0.00[0m[34;1m     79.28[0m
13:38:33   [32;22m     all[0m[34;1m      9.29[0m[34;22m      0.00[0m[34;1m     13.93[0m[34;22m      0.00[0m[34;22m      0.00[0m[34;1m     76.78[0m
13:38:34   [32;22m     all[0m[34;1m      8.52[0m[34;22m      0.00[0m[34;1m     12.91[0m[34;22m      0.00[0m[34;22m      0.00[0m[34;1m     78.57[0m
13:38:35   [32;22m     all[0m[34;1m      9.67[0m[34;22m      0.00[0m[34;1m     14.64[0m[34;1m      0.28[0m[34;22m      0.00[0m[34;1m     75.41[0m
13:38:36   [32;22m     all[0m[34;1m      9.56[0m[34;22m      0.00[0m[34;1m     14.48[0m[34;22m      0.00[0m[34;22m      0.00[0m[34;1m     75.96[0m
13:38:37   [32;22m     all[0m[34;1m      8.79[0m[34;22m      0.00[0m[34;1m     13.74[0m[34;22m      0.00[0m[34;22m      0.00[0m[34;1m     77.47[0m
13:38:38   [32;22m     all[0m[34;1m     10.16[0m[34;22m      0.00[0m[34;1m     15.38[0m[34;22m      0.00[0m[34;22m      0.00[0m[34;1m     74.45[0m
13:38:39   [32;22m     all[0m[34;1m      9.67[0m[34;22m      0.00[0m[34;1m     14.92[0m[34;22m      0.00[0m[34;22m      0.00[0m[34;1m     75.41[0m
13:38:40   [32;22m     all[0m[34;1m      6.67[0m[34;22m      0.00[0m[34;1m     10.83[0m[34;1m      0.28[0m[34;22m      0.00[0m[34;1m     82.22[0m
13:38:41   [32;22m     all[0m[34;1m      9.81[0m[34;22m      0.00[0m[34;1m     16.62[0m[34;22m      0.00[0m[34;22m      0.00[0m[34;1m     73.57[0m
13:38:42   [32;22m     all[0m[34;1m     10.03[0m[34;22m      0.00[0m[34;1m     11.70[0m[34;22m      0.00[0m[34;22m      0.00[0m[34;1m     78.27[0m
13:38:43   [32;22m     all[0m[34;1m      9.04[0m[34;22m      0.00[0m[34;1m     16.44[0m[34;22m      0.00[0m[34;22m      0.00[0m[34;1m     74.52[0m
13:38:44   [32;22m     all[0m[34;1m     11.08[0m[34;22m      0.00[0m[34;1m     16.62[0m[34;22m      0.00[0m[34;22m      0.00[0m[34;1m     72.30[0m
13:38:45   [32;22m     all[0m[34;1m      9.07[0m[34;22m      0.00[0m[34;1m     14.01[0m[34;22m      0.00[0m[34;22m      0.00[0m[34;1m     76.92[0m
13:38:46   [32;22m     all[0m[34;1m      7.88[0m[34;22m      0.00[0m[34;1m     13.32[0m[34;22m      0.00[0m[34;22m      0.00[0m[34;1m     78.80[0m
13:38:47   [32;22m     all[0m[34;1m      9.94[0m[34;22m      0.00[0m[34;1m     13.54[0m[34;22m      0.00[0m[34;22m      0.00[0m[34;1m     76.52[0m
13:38:48   [32;22m     all[0m[34;1m      8.99[0m[34;22m      0.00[0m[34;1m     16.35[0m[34;22m      0.00[0m[34;22m      0.00[0m[34;1m     74.66[0m
13:38:49   [32;22m     all[0m[34;1m      9.24[0m[34;22m      0.00[0m[34;1m     13.32[0m[34;22m      0.00[0m[34;22m      0.00[0m[34;1m     77.45[0m
13:38:50   [32;22m     all[0m[34;1m      7.99[0m[34;22m      0.00[0m[34;1m     15.43[0m[34;22m      0.00[0m[34;22m      0.00[0m[34;1m     76.58[0m
13:38:51   [32;22m     all[0m[34;1m      9.04[0m[34;22m      0.00[0m[34;1m     13.70[0m[34;22m      0.00[0m[34;22m      0.00[0m[34;1m     77.26[0m
13:38:52   [32;22m     all[0m[34;1m      8.65[0m[34;22m      0.00[0m[34;1m     13.78[0m[34;22m      0.00[0m[34;22m      0.00[0m[34;1m     77.57[0m
13:38:53   [32;22m     all[0m[34;1m      7.44[0m[34;22m      0.00[0m[34;1m     12.12[0m[34;22m      0.00[0m[34;22m      0.00[0m[34;1m     80.44[0m
13:38:54   [32;22m     all[0m[34;1m      9.02[0m[34;22m      0.00[0m[34;1m     13.39[0m[34;22m      0.00[0m[34;22m      0.00[0m[34;1m     77.60[0m
13:38:55   [32;22m     all[0m[34;1m      8.59[0m[34;22m      0.00[0m[34;1m     14.96[0m[34;22m      0.00[0m[34;22m      0.00[0m[34;1m     76.45[0m
13:38:56   [32;22m     all[0m[34;1m      8.17[0m[34;22m      0.00[0m[34;1m     12.26[0m[34;22m      0.00[0m[34;22m      0.00[0m[34;1m     79.56[0m
13:38:57   [32;22m     all[0m[34;1m      8.56[0m[34;22m      0.00[0m[34;1m     13.26[0m[34;1m      0.28[0m[34;22m      0.00[0m[34;1m     77.90[0m
13:38:58   [32;22m     all[0m[34;1m     10.08[0m[34;22m      0.00[0m[34;1m     13.90[0m[34;22m      0.00[0m[34;22m      0.00[0m[34;1m     76.02[0m
13:38:59   [32;22m     all[0m[34;1m      8.26[0m[34;22m      0.00[0m[34;1m     14.88[0m[34;22m      0.00[0m[34;22m      0.00[0m[34;1m     76.86[0m
13:39:00   [32;22m     all[0m[34;1m      8.17[0m[34;22m      0.00[0m[34;1m     12.26[0m[34;22m      0.00[0m[34;22m      0.00[0m[34;1m     79.56[0m
13:39:01   [32;22m     all[0m[34;1m      7.40[0m[34;22m      0.00[0m[34;1m     12.05[0m[34;22m      0.00[0m[34;22m      0.00[0m[34;1m     80.55[0m
13:39:02   [32;22m     all[0m[34;1m     10.19[0m[34;22m      0.00[0m[34;1m     13.77[0m[34;22m      0.00[0m[34;22m      0.00[0m[34;1m     76.03[0m
13:39:03   [32;22m     all[0m[34;1m      8.31[0m[34;22m      0.00[0m[34;1m     13.85[0m[34;22m      0.00[0m[34;22m      0.00[0m[34;1m     77.84[0m
13:39:04   [32;22m     all[0m[34;1m      8.97[0m[34;22m      0.00[0m[34;1m     12.50[0m[34;22m      0.00[0m[34;22m      0.00[0m[34;1m     78.53[0m
13:39:05   [32;22m     all[0m[34;1m      8.24[0m[34;22m      0.00[0m[34;1m     14.01[0m[34;22m      0.00[0m[34;22m      0.00[0m[34;1m     77.75[0m
13:39:06   [32;22m     all[0m[34;1m      9.26[0m[34;22m      0.00[0m[34;1m     14.99[0m[34;22m      0.00[0m[34;22m      0.00[0m[34;1m     75.75[0m
13:39:07   [32;22m     all[0m[34;1m      7.73[0m[34;22m      0.00[0m[34;1m     13.81[0m[34;22m      0.00[0m[34;22m      0.00[0m[34;1m     78.45[0m
13:39:08   [32;22m     all[0m[34;1m     10.35[0m[34;22m      0.00[0m[34;1m     15.53[0m[34;22m      0.00[0m[34;22m      0.00[0m[34;1m     74.11[0m
13:39:09   [32;22m     all[0m[34;1m      8.72[0m[34;22m      0.00[0m[34;1m     13.08[0m[34;22m      0.00[0m[34;22m      0.00[0m[34;1m     78.20[0m
13:39:10   [32;22m     all[0m[34;1m      8.56[0m[34;22m      0.00[0m[34;1m     13.26[0m[34;22m      0.00[0m[34;22m      0.00[0m[34;1m     78.18[0m
13:39:11   [32;22m     all[0m[34;1m      9.02[0m[34;22m      0.00[0m[34;1m     14.48[0m[34;22m      0.00[0m[34;22m      0.00[0m[34;1m     76.50[0m
13:39:12   [32;22m     all[0m[34;1m      8.45[0m[34;22m      0.00[0m[34;1m     13.62[0m[34;22m      0.00[0m[34;22m      0.00[0m[34;1m     77.93[0m
13:39:13   [32;22m     all[0m[34;1m      8.29[0m[34;22m      0.00[0m[34;1m     12.71[0m[34;22m      0.00[0m[34;22m      0.00[0m[34;1m     79.01[0m
13:39:14   [32;22m     all[0m[34;1m      9.32[0m[34;22m      0.00[0m[34;1m     15.62[0m[34;22m      0.00[0m[34;22m      0.00[0m[34;1m     75.07[0m
13:39:15   [32;22m     all[0m[34;1m      8.20[0m[34;22m      0.00[0m[34;1m     11.20[0m[34;22m      0.00[0m[34;22m      0.00[0m[34;1m     80.60[0m
13:39:16   [32;22m     all[0m[34;1m      7.86[0m[34;22m      0.00[0m[34;1m     14.09[0m[34;22m      0.00[0m[34;22m      0.00[0m[34;1m     78.05[0m
13:39:17   [32;22m     all[0m[34;1m      9.46[0m[34;22m      0.00[0m[34;1m     12.43[0m[34;22m      0.00[0m[34;22m      0.00[0m[34;1m     78.11[0m
13:39:18   [32;22m     all[0m[34;1m     10.53[0m[34;22m      0.00[0m[34;1m     15.79[0m[34;22m      0.00[0m[34;22m      0.00[0m[34;1m     73.68[0m
13:39:19   [32;22m     all[0m[34;1m      9.02[0m[34;22m      0.00[0m[34;1m     13.66[0m[34;22m      0.00[0m[34;22m      0.00[0m[34;1m     77.32[0m
13:39:20   [32;22m     all[0m[34;1m      8.31[0m[34;22m      0.00[0m[34;1m     13.85[0m[34;1m      0.28[0m[34;22m      0.00[0m[34;1m     77.56[0m
13:39:21   [32;22m     all[0m[34;1m      9.78[0m[34;22m      0.00[0m[34;1m     14.67[0m[34;22m      0.00[0m[34;22m      0.00[0m[34;1m     75.54[0m
13:39:22   [32;22m     all[0m[34;1m      8.13[0m[34;22m      0.00[0m[34;1m     13.28[0m[34;22m      0.00[0m[34;22m      0.00[0m[34;1m     78.59[0m
13:39:23   [32;22m     all[0m[34;1m      7.97[0m[34;22m      0.00[0m[34;1m     13.19[0m[34;22m      0.00[0m[34;22m      0.00[0m[34;1m     78.85[0m
13:39:24   [32;22m     all[0m[34;1m      7.99[0m[34;22m      0.00[0m[34;1m     12.67[0m[34;22m      0.00[0m[34;22m      0.00[0m[34;1m     79.34[0m
13:39:25   [32;22m     all[0m[34;1m      8.40[0m[34;22m      0.00[0m[34;1m     13.55[0m[34;22m      0.00[0m[34;22m      0.00[0m[34;1m     78.05[0m
13:39:26   [32;22m     all[0m[34;1m      8.72[0m[34;22m      0.00[0m[34;1m     11.99[0m[34;22m      0.00[0m[34;22m      0.00[0m[34;1m     79.29[0m
13:39:27   [32;22m     all[0m[34;1m      9.16[0m[34;22m      0.00[0m[34;1m     13.21[0m[34;1m      0.27[0m[34;22m      0.00[0m[34;1m     77.36[0m
13:39:28   [32;22m     all[0m[34;1m      8.49[0m[34;22m      0.00[0m[34;1m     12.60[0m[34;22m      0.00[0m[34;22m      0.00[0m[34;1m     78.90[0m
13:39:29   [32;22m     all[0m[34;1m      9.34[0m[34;22m      0.00[0m[34;1m     15.66[0m[34;22m      0.00[0m[34;22m      0.00[0m[34;1m     75.00[0m
13:39:30   [32;22m     all[0m[34;1m      9.76[0m[34;22m      0.00[0m[34;1m     14.09[0m[34;1m      0.27[0m[34;22m      0.00[0m[34;1m     75.88[0m
13:39:31   [32;22m     all[0m[34;1m     11.57[0m[34;22m      0.00[0m[34;1m     17.08[0m[34;22m      0.00[0m[34;22m      0.00[0m[34;1m     71.35[0m
13:39:32   [32;22m     all[0m[34;1m     10.16[0m[34;22m      0.00[0m[34;1m     16.21[0m[34;22m      0.00[0m[34;22m      0.00[0m[34;1m     73.63[0m
13:39:33   [32;22m     all[0m[34;1m      9.43[0m[34;22m      0.00[0m[34;1m     12.94[0m[34;22m      0.00[0m[34;22m      0.00[0m[34;1m     77.63[0m
13:39:34   [32;22m     all[0m[34;1m      8.74[0m[34;22m      0.00[0m[34;1m     13.39[0m[34;22m      0.00[0m[34;22m      0.00[0m[34;1m     77.87[0m
13:39:35   [32;22m     all[0m[34;1m      8.45[0m[34;22m      0.00[0m[34;1m     12.81[0m[34;22m      0.00[0m[34;22m      0.00[0m[34;1m     78.75[0m
13:39:36   [32;22m     all[0m[34;1m      8.56[0m[34;22m      0.00[0m[34;1m     14.92[0m[34;22m      0.00[0m[34;22m      0.00[0m[34;1m     76.52[0m
13:39:37   [32;22m     all[0m[34;1m      7.53[0m[34;22m      0.00[0m[34;1m     12.63[0m[34;22m      0.00[0m[34;22m      0.00[0m[34;1m     79.84[0m
13:39:38   [32;22m     all[0m[34;1m      9.97[0m[34;22m      0.00[0m[34;1m     14.02[0m[34;22m      0.00[0m[34;22m      0.00[0m[34;1m     76.01[0m
13:39:39   [32;22m     all[0m[34;1m     10.16[0m[34;22m      0.00[0m[34;1m     14.84[0m[34;22m      0.00[0m[34;22m      0.00[0m[34;1m     75.00[0m
13:39:40   [32;22m     all[0m[34;1m      7.92[0m[34;22m      0.00[0m[34;1m     13.66[0m[34;22m      0.00[0m[34;22m      0.00[0m[34;1m     78.42[0m
13:39:41   [32;22m     all[0m[34;1m      9.26[0m[34;22m      0.00[0m[34;1m     13.62[0m[34;22m      0.00[0m[34;22m      0.00[0m[34;1m     77.11[0m
13:39:42   [32;22m     all[0m[34;1m      9.51[0m[34;22m      0.00[0m[34;1m     13.32[0m[34;22m      0.00[0m[34;22m      0.00[0m[34;1m     77.17[0m
13:39:43   [32;22m     all[0m[34;1m      9.97[0m[34;22m      0.00[0m[34;1m     13.48[0m[34;22m      0.00[0m[34;22m      0.00[0m[34;1m     76.55[0m
13:39:44   [32;22m     all[0m[34;1m      8.99[0m[34;22m      0.00[0m[34;1m     13.35[0m[34;22m      0.00[0m[34;22m      0.00[0m[34;1m     77.66[0m
13:39:45   [32;22m     all[0m[34;1m      8.65[0m[34;22m      0.00[0m[34;1m     13.51[0m[34;22m      0.00[0m[34;22m      0.00[0m[34;1m     77.84[0m
13:39:46   [32;22m     all[0m[34;1m      8.33[0m[34;22m      0.00[0m[34;1m     15.00[0m[34;22m      0.00[0m[34;22m      0.00[0m[34;1m     76.67[0m
13:39:47   [32;22m     all[0m[34;1m      9.26[0m[34;22m      0.00[0m[34;1m     14.17[0m[34;22m      0.00[0m[34;22m      0.00[0m[34;1m     76.57[0m
13:39:48   [32;22m     all[0m[34;1m     10.44[0m[34;22m      0.00[0m[34;1m     15.11[0m[34;1m      0.27[0m[34;22m      0.00[0m[34;1m     74.18[0m
13:39:49   [32;22m     all[0m[34;1m     10.03[0m[34;22m      0.00[0m[34;1m     14.09[0m[34;22m      0.00[0m[34;22m      0.00[0m[34;1m     75.88[0m
13:39:50   [32;22m     all[0m[34;1m     10.03[0m[34;22m      0.00[0m[34;1m     15.99[0m[34;22m      0.00[0m[34;22m      0.00[0m[34;1m     73.98[0m
13:39:51   [32;22m     all[0m[34;1m      9.24[0m[34;22m      0.00[0m[34;1m     13.04[0m[34;22m      0.00[0m[34;22m      0.00[0m[34;1m     77.72[0m
13:39:52   [32;22m     all[0m[34;1m      7.88[0m[34;22m      0.00[0m[34;1m     12.23[0m[34;22m      0.00[0m[34;22m      0.00[0m[34;1m     79.89[0m
13:39:53   [32;22m     all[0m[34;1m      8.89[0m[34;22m      0.00[0m[34;1m     14.29[0m[34;22m      0.00[0m[34;22m      0.00[0m[34;1m     76.82[0m
13:39:54   [32;22m     all[0m[34;1m      8.24[0m[34;22m      0.00[0m[34;1m     14.01[0m[34;22m      0.00[0m[34;22m      0.00[0m[34;1m     77.75[0m
13:39:55   [32;22m     all[0m[34;1m      9.12[0m[34;22m      0.00[0m[34;1m     14.09[0m[34;22m      0.00[0m[34;22m      0.00[0m[34;1m     76.80[0m
13:39:56   [32;22m     all[0m[34;1m      8.15[0m[34;22m      0.00[0m[34;1m     13.04[0m[34;22m      0.00[0m[34;22m      0.00[0m[34;1m     78.80[0m
13:39:57   [32;22m     all[0m[34;1m     10.05[0m[34;22m      0.00[0m[34;1m     13.86[0m[34;1m      0.27[0m[34;22m      0.00[0m[34;1m     75.82[0m
13:39:58   [32;22m     all[0m[34;1m      8.38[0m[34;22m      0.00[0m[34;1m     12.29[0m[34;22m      0.00[0m[34;22m      0.00[0m[34;1m     79.33[0m
13:39:59   [32;22m     all[0m[34;1m      8.87[0m[34;22m      0.00[0m[34;1m     13.44[0m[34;22m      0.00[0m[34;22m      0.00[0m[34;1m     77.69[0m
13:40:00   [32;22m     all[0m[34;1m      8.49[0m[34;22m      0.00[0m[34;1m     12.60[0m[34;22m      0.00[0m[34;22m      0.00[0m[34;1m     78.90[0m
13:40:01   [32;22m     all[0m[34;1m      7.97[0m[34;22m      0.00[0m[34;1m     14.01[0m[34;22m      0.00[0m[34;22m      0.00[0m[34;1m     78.02[0m
13:40:02   [32;22m     all[0m[34;1m      8.72[0m[34;22m      0.00[0m[34;1m     13.90[0m[34;22m      0.00[0m[34;22m      0.00[0m[34;1m     77.38[0m
13:40:03   [32;22m     all[0m[34;1m      9.12[0m[34;22m      0.00[0m[34;1m     14.64[0m[34;22m      0.00[0m[34;22m      0.00[0m[34;1m     76.24[0m
13:40:04   [32;22m     all[0m[34;1m     10.50[0m[34;22m      0.00[0m[34;1m     14.36[0m[34;22m      0.00[0m[34;22m      0.00[0m[34;1m     75.14[0m
13:40:05   [32;22m     all[0m[34;1m      8.42[0m[34;22m      0.00[0m[34;1m     13.04[0m[34;22m      0.00[0m[34;22m      0.00[0m[34;1m     78.53[0m
13:40:06   [32;22m     all[0m[34;1m      9.84[0m[34;22m      0.00[0m[34;1m     12.84[0m[34;22m      0.00[0m[34;22m      0.00[0m[34;1m     77.32[0m
13:40:07   [32;22m     all[0m[34;1m      9.34[0m[34;22m      0.00[0m[34;1m     12.91[0m[34;22m      0.00[0m[34;22m      0.00[0m[34;1m     77.75[0m
13:40:08   [32;22m     all[0m[34;1m      9.29[0m[34;22m      0.00[0m[34;1m     13.93[0m[34;22m      0.00[0m[34;22m      0.00[0m[34;1m     76.78[0m
13:40:09   [32;22m     all[0m[34;1m     10.11[0m[34;22m      0.00[0m[34;1m     15.57[0m[34;22m      0.00[0m[34;22m      0.00[0m[34;1m     74.32[0m
13:40:10   [32;22m     all[0m[34;1m      8.97[0m[34;22m      0.00[0m[34;1m     13.59[0m[34;22m      0.00[0m[34;22m      0.00[0m[34;1m     77.45[0m
13:40:11   [32;22m     all[0m[34;1m      9.59[0m[34;22m      0.00[0m[34;1m     15.62[0m[34;22m      0.00[0m[34;22m      0.00[0m[34;1m     74.79[0m
13:40:12   [32;22m     all[0m[34;1m      9.02[0m[34;22m      0.00[0m[34;1m     14.21[0m[34;22m      0.00[0m[34;22m      0.00[0m[34;1m     76.78[0m
13:40:13   [32;22m     all[0m[34;1m      8.20[0m[34;22m      0.00[0m[34;1m     11.75[0m[34;22m      0.00[0m[34;22m      0.00[0m[34;1m     80.05[0m
13:40:14   [32;22m     all[0m[34;1m      9.26[0m[34;22m      0.00[0m[34;1m     14.44[0m[34;22m      0.00[0m[34;22m      0.00[0m[34;1m     76.29[0m
13:40:15   [32;22m     all[0m[34;1m      7.84[0m[34;22m      0.00[0m[34;1m     12.70[0m[34;22m      0.00[0m[34;22m      0.00[0m[34;1m     79.46[0m
13:40:16   [32;22m     all[0m[34;1m      8.20[0m[34;22m      0.00[0m[34;1m     12.02[0m[34;22m      0.00[0m[34;22m      0.00[0m[34;1m     79.78[0m
13:40:17   [32;22m     all[0m[34;1m      9.81[0m[34;22m      0.00[0m[34;1m     14.17[0m[34;22m      0.00[0m[34;22m      0.00[0m[34;1m     76.02[0m
13:40:18   [32;22m     all[0m[34;1m      8.17[0m[34;22m      0.00[0m[34;1m     11.72[0m[34;22m      0.00[0m[34;22m      0.00[0m[34;1m     80.11[0m
13:40:19   [32;22m     all[0m[34;1m      9.24[0m[34;22m      0.00[0m[34;1m     15.76[0m[34;22m      0.00[0m[34;22m      0.00[0m[34;1m     75.00[0m
13:40:20   [32;22m     all[0m[34;1m      8.70[0m[34;22m      0.00[0m[34;1m     14.67[0m[34;22m      0.00[0m[34;22m      0.00[0m[34;1m     76.63[0m
13:40:21   [32;22m     all[0m[34;1m      8.13[0m[34;22m      0.00[0m[34;1m     12.74[0m[34;22m      0.00[0m[34;22m      0.00[0m[34;1m     79.13[0m
13:40:22   [32;22m     all[0m[34;1m      8.42[0m[34;22m      0.00[0m[34;1m     15.22[0m[34;22m      0.00[0m[34;22m      0.00[0m[34;1m     76.36[0m
13:40:23   [32;22m     all[0m[34;1m      9.44[0m[34;22m      0.00[0m[34;1m     15.56[0m[34;22m      0.00[0m[34;22m      0.00[0m[34;1m     75.00[0m
13:40:24   [32;22m     all[0m[34;1m      9.37[0m[34;22m      0.00[0m[34;1m     11.85[0m[34;22m      0.00[0m[34;22m      0.00[0m[34;1m     78.79[0m
13:40:25   [32;22m     all[0m[34;1m      8.11[0m[34;22m      0.00[0m[34;1m     13.24[0m[34;22m      0.00[0m[34;22m      0.00[0m[34;1m     78.65[0m
13:40:26   [32;22m     all[0m[34;1m      7.88[0m[34;22m      0.00[0m[34;1m     12.77[0m[34;22m      0.00[0m[34;22m      0.00[0m[34;1m     79.35[0m
13:40:27   [32;22m     all[0m[34;1m     10.66[0m[34;22m      0.00[0m[34;1m     14.75[0m[34;22m      0.00[0m[34;22m      0.00[0m[34;1m     74.59[0m
13:40:28   [32;22m     all[0m[34;1m     10.38[0m[34;22m      0.00[0m[34;1m     16.12[0m[34;1m      0.27[0m[34;22m      0.00[0m[34;1m     73.22[0m
13:40:29   [32;22m     all[0m[34;1m      9.84[0m[34;22m      0.00[0m[34;1m     14.21[0m[34;22m      0.00[0m[34;22m      0.00[0m[34;1m     75.96[0m
13:40:30   [32;22m     all[0m[34;1m     12.53[0m[34;22m      0.00[0m[34;1m     18.11[0m[34;22m      0.00[0m[34;22m      0.00[0m[34;1m     69.36[0m
13:40:31   [32;22m     all[0m[34;1m      9.04[0m[34;22m      0.00[0m[34;1m     15.89[0m[34;22m      0.00[0m[34;22m      0.00[0m[34;1m     75.07[0m
13:40:32   [32;22m     all[0m[34;1m      7.69[0m[34;22m      0.00[0m[34;1m     13.19[0m[34;22m      0.00[0m[34;22m      0.00[0m[34;1m     79.12[0m
13:40:33   [32;22m     all[0m[34;1m      8.70[0m[34;22m      0.00[0m[34;1m     14.40[0m[34;22m      0.00[0m[34;22m      0.00[0m[34;1m     76.90[0m
13:40:34   [32;22m     all[0m[34;1m      9.07[0m[34;22m      0.00[0m[34;1m     13.19[0m[34;22m      0.00[0m[34;22m      0.00[0m[34;1m     77.75[0m
13:40:35   [32;22m     all[0m[34;1m      9.67[0m[34;22m      0.00[0m[34;1m     15.47[0m[34;22m      0.00[0m[34;22m      0.00[0m[34;1m     74.86[0m
13:40:36   [32;22m     all[0m[34;1m      8.40[0m[34;22m      0.00[0m[34;1m     12.47[0m[34;22m      0.00[0m[34;22m      0.00[0m[34;1m     79.13[0m
13:40:37   [32;22m     all[0m[34;1m      8.47[0m[34;22m      0.00[0m[34;1m     13.11[0m[34;22m      0.00[0m[34;22m      0.00[0m[34;1m     78.42[0m
13:40:38   [32;22m     all[0m[34;1m     10.63[0m[34;22m      0.00[0m[34;1m     16.62[0m[34;22m      0.00[0m[34;22m      0.00[0m[34;1m     72.75[0m
13:40:39   [32;22m     all[0m[34;1m      9.59[0m[34;22m      0.00[0m[34;1m     13.15[0m[34;22m      0.00[0m[34;22m      0.00[0m[34;1m     77.26[0m
13:40:40   [32;22m     all[0m[34;1m      9.07[0m[34;22m      0.00[0m[34;1m     14.84[0m[34;22m      0.00[0m[34;22m      0.00[0m[34;1m     76.10[0m
13:40:41   [32;22m     all[0m[34;1m      9.09[0m[34;22m      0.00[0m[34;1m     14.60[0m[34;22m      0.00[0m[34;22m      0.00[0m[34;1m     76.31[0m
13:40:42   [32;22m     all[0m[34;1m      9.32[0m[34;22m      0.00[0m[34;1m     13.42[0m[34;22m      0.00[0m[34;22m      0.00[0m[34;1m     77.26[0m
13:40:43   [32;22m     all[0m[34;1m      8.70[0m[34;22m      0.00[0m[34;1m     13.86[0m[34;22m      0.00[0m[34;22m      0.00[0m[34;1m     77.45[0m
13:40:44   [32;22m     all[0m[34;1m      7.71[0m[34;22m      0.00[0m[34;1m     12.67[0m[34;22m      0.00[0m[34;22m      0.00[0m[34;1m     79.61[0m
13:40:45   [32;22m     all[0m[34;1m      8.22[0m[34;22m      0.00[0m[34;1m     13.70[0m[34;22m      0.00[0m[34;22m      0.00[0m[34;1m     78.08[0m
13:40:46   [32;22m     all[0m[34;1m      9.42[0m[34;22m      0.00[0m[34;1m     15.24[0m[34;22m      0.00[0m[34;22m      0.00[0m[34;1m     75.35[0m
13:40:47   [32;22m     all[0m[34;1m      8.47[0m[34;22m      0.00[0m[34;1m     13.66[0m[34;22m      0.00[0m[34;22m      0.00[0m[34;1m     77.87[0m
13:40:48   [32;22m     all[0m[34;1m      9.02[0m[34;22m      0.00[0m[34;1m     13.66[0m[34;22m      0.00[0m[34;22m      0.00[0m[34;1m     77.32[0m
13:40:49   [32;22m     all[0m[34;1m      9.37[0m[34;22m      0.00[0m[34;1m     13.77[0m[34;22m      0.00[0m[34;22m      0.00[0m[34;1m     76.86[0m
13:40:50   [32;22m     all[0m[34;1m      8.47[0m[34;22m      0.00[0m[34;1m     12.02[0m[34;22m      0.00[0m[34;22m      0.00[0m[34;1m     79.51[0m
13:40:51   [32;22m     all[0m[34;1m      7.12[0m[34;22m      0.00[0m[34;1m     14.25[0m[34;22m      0.00[0m[34;22m      0.00[0m[34;1m     78.63[0m
13:40:52   [32;22m     all[0m[34;1m      8.79[0m[34;22m      0.00[0m[34;1m     13.19[0m[34;22m      0.00[0m[34;22m      0.00[0m[34;1m     78.02[0m
13:40:53   [32;22m     all[0m[34;1m      9.26[0m[34;22m      0.00[0m[34;1m     14.71[0m[34;22m      0.00[0m[34;22m      0.00[0m[34;1m     76.02[0m
13:40:54   [32;22m     all[0m[34;1m      7.53[0m[34;22m      0.00[0m[34;1m     11.56[0m[34;22m      0.00[0m[34;22m      0.00[0m[34;1m     80.91[0m
13:40:55   [32;22m     all[0m[34;1m      9.64[0m[34;22m      0.00[0m[34;1m     14.60[0m[34;22m      0.00[0m[34;22m      0.00[0m[34;1m     75.76[0m
13:40:56   [32;22m     all[0m[34;1m      7.86[0m[34;22m      0.00[0m[34;1m     13.82[0m[34;22m      0.00[0m[34;22m      0.00[0m[34;1m     78.32[0m
13:40:57   [32;22m     all[0m[34;1m      7.34[0m[34;22m      0.00[0m[34;1m     13.04[0m[34;22m      0.00[0m[34;22m      0.00[0m[34;1m     79.62[0m
13:40:58   [32;22m     all[0m[34;1m      9.54[0m[34;22m      0.00[0m[34;1m     13.90[0m[34;22m      0.00[0m[34;22m      0.00[0m[34;1m     76.57[0m
13:40:59   [32;22m     all[0m[34;1m      9.07[0m[34;22m      0.00[0m[34;1m     13.46[0m[34;22m      0.00[0m[34;22m      0.00[0m[34;1m     77.47[0m
13:41:00   [32;22m     all[0m[34;1m      8.67[0m[34;22m      0.00[0m[34;1m     14.63[0m[34;22m      0.00[0m[34;22m      0.00[0m[34;1m     76.69[0m
13:41:01   [32;22m     all[0m[34;1m      7.61[0m[34;22m      0.00[0m[34;1m     12.77[0m[34;22m      0.00[0m[34;22m      0.00[0m[34;1m     79.62[0m
13:41:02   [32;22m     all[0m[34;1m      8.20[0m[34;22m      0.00[0m[34;1m     13.93[0m[34;22m      0.00[0m[34;22m      0.00[0m[34;1m     77.87[0m
13:41:03   [32;22m     all[0m[34;1m      8.56[0m[34;22m      0.00[0m[34;1m     13.81[0m[34;22m      0.00[0m[34;22m      0.00[0m[34;1m     77.62[0m
13:41:04   [32;22m     all[0m[34;1m      8.15[0m[34;22m      0.00[0m[34;1m     11.41[0m[34;22m      0.00[0m[34;22m      0.00[0m[34;1m     80.43[0m
13:41:05   [32;22m     all[0m[34;1m      9.24[0m[34;22m      0.00[0m[34;1m     13.86[0m[34;22m      0.00[0m[34;22m      0.00[0m[34;1m     76.90[0m
13:41:06   [32;22m     all[0m[34;1m      7.61[0m[34;22m      0.00[0m[34;1m     13.86[0m[34;22m      0.00[0m[34;22m      0.00[0m[34;1m     78.53[0m
13:41:07   [32;22m     all[0m[34;1m      9.34[0m[34;22m      0.00[0m[34;1m     14.01[0m[34;22m      0.00[0m[34;22m      0.00[0m[34;1m     76.65[0m
13:41:08   [32;22m     all[0m[34;1m      9.37[0m[34;22m      0.00[0m[34;1m     12.40[0m[34;22m      0.00[0m[34;22m      0.00[0m[34;1m     78.24[0m
13:41:09   [32;22m     all[0m[34;1m      8.77[0m[34;22m      0.00[0m[34;1m     15.07[0m[34;22m      0.00[0m[34;22m      0.00[0m[34;1m     76.16[0m
13:41:10   [32;22m     all[0m[34;1m      8.47[0m[34;22m      0.00[0m[34;1m     12.84[0m[34;22m      0.00[0m[34;22m      0.00[0m[34;1m     78.69[0m
13:41:11   [32;22m     all[0m[34;1m      8.01[0m[34;22m      0.00[0m[34;1m     13.81[0m[34;22m      0.00[0m[34;22m      0.00[0m[34;1m     78.18[0m
13:41:12   [32;22m     all[0m[34;1m     10.66[0m[34;22m      0.00[0m[34;1m     14.48[0m[34;22m      0.00[0m[34;22m      0.00[0m[34;1m     74.86[0m
13:41:13   [32;22m     all[0m[34;1m      9.54[0m[34;22m      0.00[0m[34;1m     14.44[0m[34;22m      0.00[0m[34;22m      0.00[0m[34;1m     76.02[0m
13:41:14   [32;22m     all[0m[34;1m      7.73[0m[34;22m      0.00[0m[34;1m     14.09[0m[34;22m      0.00[0m[34;22m      0.00[0m[34;1m     78.18[0m
13:41:15   [32;22m     all[0m[34;1m      8.67[0m[34;22m      0.00[0m[34;1m     15.45[0m[34;22m      0.00[0m[34;22m      0.00[0m[34;1m     75.88[0m
13:41:16   [32;22m     all[0m[34;1m      7.97[0m[34;22m      0.00[0m[34;1m     12.91[0m[34;22m      0.00[0m[34;22m      0.00[0m[34;1m     79.12[0m
13:41:17   [32;22m     all[0m[34;1m      7.92[0m[34;22m      0.00[0m[34;1m     12.02[0m[34;22m      0.00[0m[34;22m      0.00[0m[34;1m     80.05[0m
13:41:18   [32;22m     all[0m[34;1m      9.21[0m[34;22m      0.00[0m[34;1m     14.91[0m[34;22m      0.00[0m[34;22m      0.00[0m[34;1m     75.88[0m
13:41:19   [32;22m     all[0m[34;1m      7.65[0m[34;22m      0.00[0m[34;1m     13.11[0m[34;22m      0.00[0m[34;22m      0.00[0m[34;1m     79.23[0m
13:41:20   [32;22m     all[0m[34;1m      8.49[0m[34;22m      0.00[0m[34;1m     13.15[0m[34;22m      0.00[0m[34;22m      0.00[0m[34;1m     78.36[0m
13:41:21   [32;22m     all[0m[34;1m      6.81[0m[34;22m      0.00[0m[34;1m     11.44[0m[34;1m      0.27[0m[34;22m      0.00[0m[34;1m     81.47[0m
13:41:22   [32;22m     all[0m[34;1m      9.14[0m[34;22m      0.00[0m[34;1m     13.85[0m[34;22m      0.00[0m[34;22m      0.00[0m[34;1m     77.01[0m
13:41:23   [32;22m     all[0m[34;1m      8.94[0m[34;22m      0.00[0m[34;1m     13.55[0m[34;22m      0.00[0m[34;22m      0.00[0m[34;1m     77.51[0m
13:41:24   [32;22m     all[0m[34;1m      9.86[0m[34;22m      0.00[0m[34;1m     15.77[0m[34;22m      0.00[0m[34;22m      0.00[0m[34;1m     74.37[0m
13:41:25   [32;22m     all[0m[34;1m      8.22[0m[34;22m      0.00[0m[34;1m     14.25[0m[34;22m      0.00[0m[34;22m      0.00[0m[34;1m     77.53[0m
13:41:26   [32;22m     all[0m[34;1m      7.92[0m[34;22m      0.00[0m[34;1m     13.11[0m[34;22m      0.00[0m[34;22m      0.00[0m[34;1m     78.96[0m
13:41:27   [32;22m     all[0m[34;1m      8.70[0m[34;22m      0.00[0m[34;1m     14.13[0m[34;22m      0.00[0m[34;22m      0.00[0m[34;1m     77.17[0m
13:41:28   [32;22m     all[0m[34;1m      9.56[0m[34;22m      0.00[0m[34;1m     12.84[0m[34;22m      0.00[0m[34;22m      0.00[0m[34;1m     77.60[0m
13:41:29   [32;22m     all[0m[34;1m      8.97[0m[34;22m      0.00[0m[34;1m     13.04[0m[34;1m      0.27[0m[34;22m      0.00[0m[34;1m     77.72[0m
13:41:30   [32;22m     all[0m[34;1m      9.02[0m[34;22m      0.00[0m[34;1m     15.03[0m[34;22m      0.00[0m[34;22m      0.00[0m[34;1m     75.96[0m
13:41:31   [32;22m     all[0m[34;1m      8.65[0m[34;22m      0.00[0m[34;1m     14.59[0m[34;22m      0.00[0m[34;22m      0.00[0m[34;1m     76.76[0m
13:41:32   [32;22m     all[0m[34;1m      7.20[0m[34;22m      0.00[0m[34;1m     13.02[0m[34;22m      0.00[0m[34;22m      0.00[0m[34;1m     79.78[0m
13:41:33   [32;22m     all[0m[34;1m      9.07[0m[34;22m      0.00[0m[34;1m     12.64[0m[34;22m      0.00[0m[34;22m      0.00[0m[34;1m     78.30[0m
13:41:34   [32;22m     all[0m[34;1m      9.34[0m[34;22m      0.00[0m[34;1m     15.11[0m[34;22m      0.00[0m[34;22m      0.00[0m[34;1m     75.55[0m
13:41:35   [32;22m     all[0m[34;1m      7.84[0m[34;22m      0.00[0m[34;1m     12.16[0m[34;22m      0.00[0m[34;22m      0.00[0m[34;1m     80.00[0m
13:41:36   [32;22m     all[0m[34;1m      7.67[0m[34;22m      0.00[0m[34;1m     13.42[0m[34;1m      0.27[0m[34;22m      0.00[0m[34;1m     78.63[0m
13:41:37   [32;22m     all[0m[34;1m      7.61[0m[34;22m      0.00[0m[34;1m     11.68[0m[34;22m      0.00[0m[34;22m      0.00[0m[34;1m     80.71[0m
13:41:38   [32;22m     all[0m[34;1m     10.50[0m[34;22m      0.00[0m[34;1m     16.30[0m[34;22m      0.00[0m[34;22m      0.00[0m[34;1m     73.20[0m
13:41:39   [32;22m     all[0m[34;1m      9.78[0m[34;22m      0.00[0m[34;1m     11.96[0m[34;22m      0.00[0m[34;22m      0.00[0m[34;1m     78.26[0m
13:41:40   [32;22m     all[0m[34;1m      9.04[0m[34;22m      0.00[0m[34;1m     13.15[0m[34;22m      0.00[0m[34;22m      0.00[0m[34;1m     77.81[0m
13:41:41   [32;22m     all[0m[34;1m      8.20[0m[34;22m      0.00[0m[34;1m     13.93[0m[34;22m      0.00[0m[34;22m      0.00[0m[34;1m     77.87[0m
13:41:42   [32;22m     all[0m[34;1m      8.22[0m[34;22m      0.00[0m[34;1m     14.25[0m[34;22m      0.00[0m[34;22m      0.00[0m[34;1m     77.53[0m
13:41:43   [32;22m     all[0m[34;1m      8.79[0m[34;22m      0.00[0m[34;1m     14.84[0m[34;22m      0.00[0m[34;22m      0.00[0m[34;1m     76.37[0m
13:41:44   [32;22m     all[0m[34;1m      7.63[0m[34;22m      0.00[0m[34;1m     11.99[0m[34;22m      0.00[0m[34;22m      0.00[0m[34;1m     80.38[0m
13:41:45   [32;22m     all[0m[34;1m      8.99[0m[34;22m      0.00[0m[34;1m     14.99[0m[34;22m      0.00[0m[34;22m      0.00[0m[34;1m     76.02[0m
13:41:46   [32;22m     all[0m[34;1m      7.71[0m[34;22m      0.00[0m[34;1m     14.05[0m[34;22m      0.00[0m[34;22m      0.00[0m[34;1m     78.24[0m
13:41:47   [32;22m     all[0m[34;1m      9.37[0m[34;22m      0.00[0m[34;1m     15.43[0m[34;22m      0.00[0m[34;22m      0.00[0m[34;1m     75.21[0m
