Linux 6.6.95 (minikube) 	04/17/26 	_x86_64_	(4 CPU)

13:36:48    kbmemfree   kbavail kbmemused  %memused kbbuffers  kbcached  kbcommit   %commit  kbactive   kbinact   kbdirty
13:36:49   [34;1m   1687760[0m[34;1m   1877772[0m[34;1m    854800[0m[34;1m     21.36[0m[34;1m      8544[0m[34;1m   1359424[0m[34;1m   5854388[0m[31;1m    146.31[0m[34;1m    614328[0m[34;1m   1518788[0m[34;1m       384[0m
13:36:50   [34;1m   1671968[0m[34;1m   1862040[0m[34;1m    870380[0m[34;1m     21.75[0m[34;1m      8560[0m[34;1m   1359476[0m[34;1m   5874036[0m[31;1m    146.80[0m[34;1m    614416[0m[34;1m   1532760[0m[34;1m       424[0m
13:36:51   [34;1m   1654860[0m[34;1m   1844996[0m[34;1m    887220[0m[34;1m     22.17[0m[34;1m      8560[0m[34;1m   1359524[0m[34;1m   5898404[0m[31;1m    147.41[0m[34;1m    614488[0m[34;1m   1547816[0m[34;1m       472[0m
13:36:52   [34;1m   1637080[0m[34;1m   1827288[0m[34;1m    904544[0m[34;1m     22.61[0m[34;1m      8560[0m[34;1m   1359600[0m[34;1m   5926756[0m[31;1m    148.12[0m[34;1m    614540[0m[34;1m   1562732[0m[34;1m       540[0m
13:36:53   [34;1m   1621212[0m[34;1m   1811532[0m[34;1m    920056[0m[34;1m     22.99[0m[34;1m      8560[0m[34;1m   1359684[0m[34;1m   5946660[0m[31;1m    148.61[0m[34;1m    614584[0m[34;1m   1576340[0m[34;1m       624[0m
13:36:54   [34;1m   1604440[0m[34;1m   1794888[0m[34;1m    936248[0m[34;1m     23.40[0m[34;1m      8560[0m[34;1m   1359812[0m[34;1m   5965684[0m[31;1m    149.09[0m[34;1m    614672[0m[34;1m   1589568[0m[34;1m       752[0m
13:36:55   [34;1m   1588632[0m[34;1m   1779148[0m[34;1m    951668[0m[34;1m     23.78[0m[34;1m      8576[0m[34;1m   1359872[0m[34;1m   5989428[0m[31;1m    149.68[0m[34;1m    614744[0m[34;1m   1603804[0m[34;1m       820[0m
13:36:56   [34;1m   1571048[0m[34;1m   1761748[0m[34;1m    968736[0m[34;1m     24.21[0m[34;1m      8576[0m[34;1m   1360024[0m[34;1m   6013172[0m[31;1m    150.28[0m[34;1m    614800[0m[34;1m   1618480[0m[34;1m       952[0m
13:36:57   [34;1m   1555240[0m[34;1m   1746144[0m[34;1m    983852[0m[34;1m     24.59[0m[34;1m      8576[0m[34;1m   1360208[0m[34;1m   6036916[0m[31;1m    150.87[0m[34;1m    614880[0m[34;1m   1631620[0m[34;1m      1068[0m
13:36:58   [34;1m   1535420[0m[34;1m   1726464[0m[34;1m   1003096[0m[34;1m     25.07[0m[34;1m      8576[0m[34;1m   1360316[0m[34;1m   6060916[0m[31;1m    151.47[0m[34;1m    614936[0m[34;1m   1647752[0m[34;1m      1176[0m
13:36:59   [34;1m   1517376[0m[34;1m   1708592[0m[34;1m   1020652[0m[34;1m     25.51[0m[34;1m      8576[0m[34;1m   1360476[0m[34;1m   6084660[0m[31;1m    152.06[0m[34;1m    614992[0m[34;1m   1663656[0m[34;1m      1336[0m
13:37:00   [34;1m   1499304[0m[34;1m   1690716[0m[34;1m   1037908[0m[34;1m     25.94[0m[34;1m      8584[0m[34;1m   1360632[0m[34;1m   6108404[0m[31;1m    152.66[0m[34;1m    615080[0m[34;1m   1678824[0m[34;1m      1492[0m
13:37:01   [34;1m   1484996[0m[34;1m   1676596[0m[34;1m   1051564[0m[34;1m     26.28[0m[34;1m      8584[0m[34;1m   1360824[0m[34;1m   6128052[0m[31;1m    153.15[0m[34;1m    615128[0m[34;1m   1690788[0m[34;1m      1684[0m
13:37:02   [34;1m   1468448[0m[34;1m   1660712[0m[34;1m   1066900[0m[34;1m     26.66[0m[34;1m      8592[0m[34;1m   1361404[0m[34;1m   6156024[0m[31;1m    153.85[0m[34;1m    615200[0m[34;1m   1704708[0m[34;1m      1888[0m
13:37:03   [34;1m   1448404[0m[34;1m   1640944[0m[34;1m   1085992[0m[34;1m     27.14[0m[34;1m      8592[0m[34;1m   1361676[0m[34;1m   6179768[0m[31;1m    154.44[0m[34;1m    615284[0m[34;1m   1719284[0m[34;1m      2160[0m
13:37:04   [34;1m   1435144[0m[34;1m   1627776[0m[34;1m   1098884[0m[34;1m     27.46[0m[34;1m      8600[0m[34;1m   1361716[0m[34;1m   6199416[0m[31;1m    154.93[0m[34;1m    615280[0m[34;1m   1732048[0m[34;1m      2204[0m
13:37:05   [34;1m   1417060[0m[34;1m   1610080[0m[34;1m   1115656[0m[34;1m     27.88[0m[34;1m      8608[0m[34;1m   1362056[0m[34;1m   6227256[0m[31;1m    155.63[0m[34;1m    615408[0m[34;1m   1746780[0m[34;1m      2516[0m
13:37:06   [34;1m   1399048[0m[34;1m   1592408[0m[34;1m   1132356[0m[34;1m     28.30[0m[34;1m      8608[0m[34;1m   1362316[0m[34;1m   6251000[0m[31;1m    156.22[0m[34;1m    615488[0m[34;1m   1761916[0m[34;1m      2716[0m
13:37:07   [34;1m   1379520[0m[34;1m   1572964[0m[34;1m   1151088[0m[34;1m     28.77[0m[34;1m      8608[0m[34;1m   1362516[0m[34;1m   6275256[0m[31;1m    156.83[0m[34;1m    615488[0m[34;1m   1777252[0m[34;1m      2916[0m
13:37:08   [34;1m   1359488[0m[34;1m   1553476[0m[34;1m   1169720[0m[34;1m     29.23[0m[34;1m      8608[0m[34;1m   1362864[0m[34;1m   6299328[0m[31;1m    157.43[0m[34;1m    615612[0m[34;1m   1793704[0m[34;1m      3264[0m
13:37:09   [34;1m   1345696[0m[34;1m   1539984[0m[34;1m   1182508[0m[34;1m     29.55[0m[34;1m      8608[0m[34;1m   1363156[0m[34;1m   6318976[0m[31;1m    157.92[0m[34;1m    615660[0m[34;1m   1805296[0m[34;1m      3552[0m
13:37:10   [34;1m   1328136[0m[34;1m   1522584[0m[34;1m   1198992[0m[34;1m     29.96[0m[34;1m      8616[0m[34;1m   1363312[0m[34;1m   6338880[0m[31;1m    158.42[0m[34;1m    615704[0m[34;1m   1819644[0m[34;1m      3712[0m
13:37:11   [34;1m   1310620[0m[34;1m   1505568[0m[34;1m   1214904[0m[34;1m     30.36[0m[34;1m      8616[0m[34;1m   1363700[0m[34;1m   6367856[0m[31;1m    159.14[0m[34;1m    615812[0m[34;1m   1833824[0m[34;1m       400[0m
13:37:12   [34;1m   1291360[0m[34;1m   1486456[0m[34;1m   1233324[0m[34;1m     30.82[0m[34;1m      8624[0m[34;1m   1363824[0m[34;1m   6395696[0m[31;1m    159.84[0m[34;1m    615848[0m[34;1m   1848532[0m[34;1m       436[0m
13:37:13   [34;1m   1270820[0m[34;1m   1466716[0m[34;1m   1251996[0m[34;1m     31.29[0m[34;1m      8624[0m[34;1m   1364624[0m[34;1m   6423792[0m[31;1m    160.54[0m[34;1m    615892[0m[34;1m   1864760[0m[34;1m       932[0m
13:37:14   [34;1m   1253772[0m[34;1m   1450100[0m[34;1m   1267544[0m[34;1m     31.68[0m[34;1m      8624[0m[34;1m   1364988[0m[34;1m   6438720[0m[31;1m    160.91[0m[34;1m    616012[0m[34;1m   1878816[0m[34;1m      1336[0m
13:37:15   [34;1m   1236756[0m[34;1m   1433268[0m[34;1m   1283840[0m[34;1m     32.08[0m[34;1m      8632[0m[34;1m   1365156[0m[34;1m   6462528[0m[31;1m    161.51[0m[34;1m    616020[0m[34;1m   1892720[0m[34;1m      1512[0m
13:37:16   [34;1m   1219476[0m[34;1m   1416548[0m[34;1m   1299600[0m[34;1m     32.48[0m[34;1m      8632[0m[34;1m   1365668[0m[34;1m   6486272[0m[31;1m    162.10[0m[34;1m    616124[0m[34;1m   1907928[0m[34;1m      2012[0m
13:37:17   [34;1m   1200448[0m[34;1m   1397928[0m[34;1m   1317072[0m[34;1m     32.92[0m[34;1m      8632[0m[34;1m   1366048[0m[34;1m   6510016[0m[31;1m    162.69[0m[34;1m    616192[0m[34;1m   1923632[0m[34;1m      2376[0m
13:37:18   [34;1m   1177944[0m[34;1m   1375608[0m[34;1m   1338572[0m[34;1m     33.45[0m[34;1m      8632[0m[34;1m   1366220[0m[34;1m   6533760[0m[31;1m    163.29[0m[34;1m    616216[0m[34;1m   1940316[0m[34;1m      2548[0m
13:37:19   [34;1m   1162700[0m[34;1m   1361248[0m[34;1m   1351744[0m[34;1m     33.78[0m[34;1m      8640[0m[34;1m   1367024[0m[34;1m   6553408[0m[31;1m    163.78[0m[34;1m    616332[0m[34;1m   1954748[0m[34;1m      3364[0m
13:37:20   [34;1m   1157688[0m[34;1m   1356328[0m[34;1m   1356392[0m[34;1m     33.90[0m[34;1m      8640[0m[34;1m   1367276[0m[34;1m   6558320[0m[31;1m    163.90[0m[34;1m    616344[0m[34;1m   1958008[0m[34;1m      3616[0m
13:37:21   [34;1m   1156932[0m[34;1m   1356240[0m[34;1m   1356396[0m[34;1m     33.90[0m[34;1m      8648[0m[34;1m   1367780[0m[34;1m   6562416[0m[31;1m    164.00[0m[34;1m    616376[0m[34;1m   1958764[0m[34;1m      4116[0m
13:37:22   [34;1m   1156188[0m[34;1m   1355712[0m[34;1m   1356884[0m[34;1m     33.91[0m[34;1m      8648[0m[34;1m   1368000[0m[34;1m   6562416[0m[31;1m    164.00[0m[34;1m    616376[0m[34;1m   1957992[0m[34;1m      4332[0m
13:37:23   [34;1m   1153964[0m[34;1m   1354156[0m[34;1m   1358336[0m[34;1m     33.95[0m[34;1m      8648[0m[34;1m   1368592[0m[34;1m   6562416[0m[31;1m    164.00[0m[34;1m    616376[0m[34;1m   1958580[0m[34;1m      4876[0m
13:37:24   [34;1m   1152968[0m[34;1m   1353344[0m[34;1m   1359084[0m[34;1m     33.97[0m[34;1m      8648[0m[34;1m   1368824[0m[34;1m   6562480[0m[31;1m    164.00[0m[34;1m    616376[0m[34;1m   1959272[0m[34;1m      5108[0m
13:37:25   [34;1m   1152716[0m[34;1m   1353680[0m[34;1m   1358796[0m[34;1m     33.96[0m[34;1m      8648[0m[34;1m   1369344[0m[34;1m   6562480[0m[31;1m    164.00[0m[34;1m    616376[0m[34;1m   1960376[0m[34;1m      5624[0m
13:37:26   [34;1m   1152212[0m[34;1m   1353392[0m[34;1m   1359044[0m[34;1m     33.96[0m[34;1m      8656[0m[34;1m   1369584[0m[34;1m   6562480[0m[31;1m    164.00[0m[34;1m    616376[0m[34;1m   1959520[0m[34;1m      5872[0m
13:37:27   [34;1m   1151960[0m[34;1m   1353720[0m[34;1m   1358744[0m[34;1m     33.96[0m[34;1m      8664[0m[34;1m   1370116[0m[34;1m   6562480[0m[31;1m    164.00[0m[34;1m    616392[0m[34;1m   1960388[0m[34;1m      6116[0m
13:37:28   [34;1m   1149720[0m[34;1m   1351776[0m[34;1m   1360644[0m[34;1m     34.00[0m[34;1m      8744[0m[34;1m   1370352[0m[34;1m   6566572[0m[31;1m    164.11[0m[34;1m    616388[0m[34;1m   1963020[0m[34;1m      6436[0m
13:37:29   [34;1m   1148740[0m[34;1m   1351260[0m[34;1m   1361156[0m[34;1m     34.02[0m[34;1m      8744[0m[34;1m   1370772[0m[34;1m   6566572[0m[31;1m    164.11[0m[34;1m    616464[0m[34;1m   1963444[0m[34;1m      6824[0m
13:37:30   [34;1m   1147480[0m[34;1m   1350324[0m[34;1m   1362052[0m[34;1m     34.04[0m[34;1m      8744[0m[34;1m   1371128[0m[34;1m   6566572[0m[31;1m    164.11[0m[34;1m    616464[0m[34;1m   1965324[0m[34;1m      7172[0m
13:37:31   [34;1m   1144484[0m[34;1m   1347636[0m[34;1m   1364560[0m[34;1m     34.10[0m[34;1m      8744[0m[34;1m   1371428[0m[34;1m   6571292[0m[31;1m    164.22[0m[34;1m    616464[0m[34;1m   1968376[0m[34;1m      7472[0m
13:37:32   [34;1m   1143236[0m[34;1m   1346960[0m[34;1m   1365308[0m[34;1m     34.12[0m[34;1m      8744[0m[34;1m   1371948[0m[34;1m   6571292[0m[31;1m    164.22[0m[34;1m    616464[0m[34;1m   1969532[0m[34;1m      7992[0m
13:37:33   [34;1m   1140968[0m[34;1m   1345200[0m[34;1m   1367004[0m[34;1m     34.16[0m[34;1m      8764[0m[34;1m   1372456[0m[34;1m   6575388[0m[31;1m    164.33[0m[34;1m    616480[0m[34;1m   1971108[0m[34;1m      8572[0m
13:37:34   [34;1m   1140240[0m[34;1m   1344552[0m[34;1m   1367684[0m[34;1m     34.18[0m[34;1m      8764[0m[34;1m   1372520[0m[34;1m   6570668[0m[31;1m    164.21[0m[34;1m    616476[0m[34;1m   1970200[0m[34;1m      8636[0m
13:37:35   [34;1m   1139484[0m[34;1m   1344424[0m[34;1m   1367832[0m[34;1m     34.18[0m[34;1m      8772[0m[34;1m   1373108[0m[34;1m   6574764[0m[31;1m    164.31[0m[34;1m    616492[0m[34;1m   1972428[0m[34;1m      9216[0m
13:37:36   [34;1m   1138476[0m[34;1m   1343508[0m[34;1m   1368736[0m[34;1m     34.21[0m[34;1m      8772[0m[34;1m   1373208[0m[34;1m   6574764[0m[31;1m    164.31[0m[34;1m    616492[0m[34;1m   1971628[0m[34;1m      9308[0m
13:37:37   [34;1m   1137216[0m[34;1m   1342956[0m[34;1m   1369384[0m[34;1m     34.22[0m[34;1m      8780[0m[34;1m   1373796[0m[34;1m   6575020[0m[31;1m    164.32[0m[34;1m    616492[0m[34;1m   1973500[0m[34;1m      9892[0m
13:37:38   [34;1m   1132176[0m[34;1m   1338080[0m[34;1m   1374104[0m[34;1m     34.34[0m[34;1m      8780[0m[34;1m   1374116[0m[34;1m   6579116[0m[31;1m    164.42[0m[34;1m    616492[0m[34;1m   1977764[0m[34;1m     10064[0m
13:37:39   [34;1m   1131168[0m[34;1m   1337568[0m[34;1m   1374504[0m[34;1m     34.35[0m[34;1m      8780[0m[34;1m   1374724[0m[34;1m   6583212[0m[31;1m    164.52[0m[34;1m    616500[0m[34;1m   1978864[0m[34;1m     10748[0m
13:37:40   [34;1m   1130160[0m[34;1m   1336936[0m[34;1m   1375316[0m[34;1m     34.37[0m[34;1m      8780[0m[34;1m   1374912[0m[34;1m   6583212[0m[31;1m    164.52[0m[34;1m    616500[0m[34;1m   1980616[0m[34;1m     10936[0m
13:37:41   [34;1m   1129180[0m[34;1m   1336400[0m[34;1m   1375784[0m[34;1m     34.38[0m[34;1m      8780[0m[34;1m   1375412[0m[34;1m   6583212[0m[31;1m    164.52[0m[34;1m    616500[0m[34;1m   1982272[0m[34;1m     11436[0m
13:37:42   [34;1m   1122664[0m[34;1m   1330332[0m[34;1m   1381552[0m[34;1m     34.53[0m[34;1m      8792[0m[34;1m   1375508[0m[34;1m   6587308[0m[31;1m    164.63[0m[34;1m    616500[0m[34;1m   1986216[0m[34;1m       148[0m
13:37:43   [34;1m   1115608[0m[34;1m   1324136[0m[34;1m   1387700[0m[34;1m     34.68[0m[34;1m      8800[0m[34;1m   1376268[0m[34;1m   6587308[0m[31;1m    164.63[0m[34;1m    616548[0m[34;1m   1988632[0m[34;1m       820[0m
13:37:44   [34;1m   1115104[0m[34;1m   1323736[0m[34;1m   1388124[0m[34;1m     34.69[0m[34;1m      8800[0m[34;1m   1376384[0m[34;1m   6587564[0m[31;1m    164.63[0m[34;1m    616548[0m[34;1m   1989456[0m[34;1m       836[0m
13:37:45   [34;1m   1114880[0m[34;1m   1324140[0m[34;1m   1387700[0m[34;1m     34.68[0m[34;1m      8800[0m[34;1m   1377016[0m[34;1m   6587564[0m[31;1m    164.63[0m[34;1m    616548[0m[34;1m   1989748[0m[34;1m      1468[0m
13:37:46   [34;1m   1114880[0m[34;1m   1324500[0m[34;1m   1387288[0m[34;1m     34.67[0m[34;1m      8800[0m[34;1m   1377420[0m[34;1m   6591660[0m[31;1m    164.73[0m[34;1m    616548[0m[34;1m   1990728[0m[34;1m      1872[0m
13:37:47   [34;1m   1114880[0m[34;1m   1324872[0m[34;1m   1386944[0m[34;1m     34.66[0m[34;1m      8800[0m[34;1m   1377752[0m[34;1m   6591724[0m[31;1m    164.74[0m[34;1m    616548[0m[34;1m   1992744[0m[34;1m      2204[0m
13:37:48   [34;1m   1111112[0m[34;1m   1321512[0m[34;1m   1390412[0m[34;1m     34.75[0m[34;1m      8808[0m[34;1m   1378032[0m[34;1m   6595884[0m[31;1m    164.84[0m[34;1m    616552[0m[34;1m   1996892[0m[34;1m      2492[0m
13:37:49   [34;1m   1110608[0m[34;1m   1321412[0m[34;1m   1390428[0m[34;1m     34.75[0m[34;1m      8816[0m[34;1m   1378488[0m[34;1m   6595884[0m[31;1m    164.84[0m[34;1m    616556[0m[34;1m   1996972[0m[34;1m      2936[0m
13:37:50   [34;1m   1110356[0m[34;1m   1321508[0m[34;1m   1390148[0m[34;1m     34.74[0m[34;1m      8824[0m[34;1m   1379016[0m[34;1m   6595884[0m[31;1m    164.84[0m[34;1m    616564[0m[34;1m   1997496[0m[34;1m      3456[0m
13:37:51   [34;1m   1108620[0m[34;1m   1320296[0m[34;1m   1391368[0m[34;1m     34.77[0m[34;1m      8824[0m[34;1m   1379372[0m[34;1m   6600604[0m[31;1m    164.96[0m[34;1m    616572[0m[34;1m   1999712[0m[34;1m      3812[0m
13:37:52   [34;1m   1107612[0m[34;1m   1319732[0m[34;1m   1392044[0m[34;1m     34.79[0m[34;1m      8824[0m[34;1m   1379796[0m[34;1m   6600604[0m[31;1m    164.96[0m[34;1m    616572[0m[34;1m   2000816[0m[34;1m      4224[0m
13:37:53   [34;1m   1104588[0m[34;1m   1317216[0m[34;1m   1394596[0m[34;1m     34.85[0m[34;1m      8824[0m[34;1m   1380288[0m[34;1m   6600604[0m[31;1m    164.96[0m[34;1m    616572[0m[34;1m   2001832[0m[34;1m      4676[0m
13:37:54   [34;1m   1104084[0m[34;1m   1317084[0m[34;1m   1394688[0m[34;1m     34.86[0m[34;1m      8824[0m[34;1m   1380628[0m[34;1m   6595884[0m[31;1m    164.84[0m[34;1m    616572[0m[34;1m   2002412[0m[34;1m      5008[0m
13:37:55   [34;1m   1104084[0m[34;1m   1317624[0m[34;1m   1394104[0m[34;1m     34.84[0m[34;1m      8840[0m[34;1m   1381180[0m[34;1m   6595884[0m[31;1m    164.84[0m[34;1m    616588[0m[34;1m   2001152[0m[34;1m      5556[0m
13:37:56   [34;1m   1103580[0m[34;1m   1317340[0m[34;1m   1394352[0m[34;1m     34.85[0m[34;1m      8840[0m[34;1m   1381428[0m[34;1m   6595884[0m[31;1m    164.84[0m[34;1m    616588[0m[34;1m   2001776[0m[34;1m      5804[0m
13:37:57   [34;1m   1102572[0m[34;1m   1316916[0m[34;1m   1394820[0m[34;1m     34.86[0m[34;1m      8840[0m[34;1m   1381960[0m[34;1m   6595884[0m[31;1m    164.84[0m[34;1m    616588[0m[34;1m   2002332[0m[34;1m      6340[0m
13:37:58   [34;1m   1100304[0m[34;1m   1314748[0m[34;1m   1396932[0m[34;1m     34.91[0m[34;1m      8840[0m[34;1m   1382112[0m[34;1m   6595884[0m[31;1m    164.84[0m[34;1m    616588[0m[34;1m   2002552[0m[34;1m      6492[0m
13:37:59   [34;1m   1100052[0m[34;1m   1315284[0m[34;1m   1396444[0m[34;1m     34.90[0m[34;1m      8840[0m[34;1m   1382856[0m[34;1m   6595884[0m[31;1m    164.84[0m[34;1m    616588[0m[34;1m   2003340[0m[34;1m      7108[0m
13:38:00   [34;1m   1100052[0m[34;1m   1315608[0m[34;1m   1396140[0m[34;1m     34.89[0m[34;1m      8848[0m[34;1m   1383148[0m[34;1m   6595884[0m[31;1m    164.84[0m[34;1m    616588[0m[34;1m   2003748[0m[34;1m      7260[0m
13:38:01   [34;1m   1099548[0m[34;1m   1315632[0m[34;1m   1396060[0m[34;1m     34.89[0m[34;1m      8856[0m[34;1m   1383712[0m[34;1m   6595884[0m[31;1m    164.84[0m[34;1m    616596[0m[34;1m   2004712[0m[34;1m      7900[0m
13:38:02   [34;1m   1099324[0m[34;1m   1315696[0m[34;1m   1396012[0m[34;1m     34.89[0m[34;1m      8856[0m[34;1m   1383976[0m[34;1m   6595884[0m[31;1m    164.84[0m[34;1m    616596[0m[34;1m   2003536[0m[34;1m      8004[0m
13:38:03   [34;1m   1097812[0m[34;1m   1314460[0m[34;1m   1397212[0m[34;1m     34.92[0m[34;1m      8856[0m[34;1m   1384296[0m[34;1m   6595884[0m[31;1m    164.84[0m[34;1m    616608[0m[34;1m   2004252[0m[34;1m      8324[0m
13:38:04   [34;1m   1097812[0m[34;1m   1315032[0m[34;1m   1396700[0m[34;1m     34.91[0m[34;1m      8856[0m[34;1m   1384788[0m[34;1m   6595884[0m[31;1m    164.84[0m[34;1m    616604[0m[34;1m   2005052[0m[34;1m      8816[0m
13:38:05   [34;1m   1097812[0m[34;1m   1315544[0m[34;1m   1396164[0m[34;1m     34.89[0m[34;1m      8872[0m[34;1m   1385288[0m[34;1m   6595884[0m[31;1m    164.84[0m[34;1m    616612[0m[34;1m   2005724[0m[34;1m      9324[0m
13:38:06   [34;1m   1097560[0m[34;1m   1315412[0m[34;1m   1396300[0m[34;1m     34.90[0m[34;1m      8872[0m[34;1m   1385404[0m[34;1m   6595884[0m[31;1m    164.84[0m[34;1m    616612[0m[34;1m   2006312[0m[34;1m      9436[0m
13:38:07   [34;1m   1097308[0m[34;1m   1315812[0m[34;1m   1395864[0m[34;1m     34.88[0m[34;1m      8872[0m[34;1m   1386076[0m[34;1m   6595884[0m[31;1m    164.84[0m[34;1m    616620[0m[34;1m   2007112[0m[34;1m     10108[0m
13:38:08   [34;1m   1094536[0m[34;1m   1313256[0m[34;1m   1398440[0m[34;1m     34.95[0m[34;1m      8872[0m[34;1m   1386288[0m[34;1m   6595884[0m[31;1m    164.84[0m[34;1m    616620[0m[34;1m   2007352[0m[34;1m     10320[0m
13:38:09   [34;1m   1094536[0m[34;1m   1313864[0m[34;1m   1397988[0m[34;1m     34.94[0m[34;1m      8872[0m[34;1m   1386740[0m[34;1m   6595884[0m[31;1m    164.84[0m[34;1m    616620[0m[34;1m   2008172[0m[34;1m     10772[0m
13:38:10   [34;1m   1094284[0m[34;1m   1313796[0m[34;1m   1397900[0m[34;1m     34.94[0m[34;1m      8880[0m[34;1m   1387056[0m[34;1m   6595884[0m[31;1m    164.84[0m[34;1m    616620[0m[34;1m   2008416[0m[34;1m     11096[0m
13:38:11   [34;1m   1093080[0m[34;1m   1312976[0m[34;1m   1398588[0m[34;1m     34.95[0m[34;1m      8880[0m[34;1m   1387416[0m[34;1m   6600604[0m[31;1m    164.96[0m[34;1m    616628[0m[34;1m   2010476[0m[34;1m     11460[0m
13:38:12   [34;1m   1092828[0m[34;1m   1313140[0m[34;1m   1398500[0m[34;1m     34.95[0m[34;1m      8880[0m[34;1m   1387852[0m[34;1m   6600604[0m[31;1m    164.96[0m[34;1m    616628[0m[34;1m   2011304[0m[34;1m     11864[0m
13:38:13   [34;1m   1090812[0m[34;1m   1311628[0m[34;1m   1400024[0m[34;1m     34.99[0m[34;1m      8892[0m[34;1m   1388320[0m[34;1m   6600604[0m[31;1m    164.96[0m[34;1m    616636[0m[34;1m   2011736[0m[34;1m       188[0m
13:38:14   [34;1m   1090588[0m[34;1m   1311704[0m[34;1m   1399924[0m[34;1m     34.99[0m[34;1m      8892[0m[34;1m   1388624[0m[34;1m   6595884[0m[31;1m    164.84[0m[34;1m    616640[0m[34;1m   2010580[0m[34;1m       492[0m
13:38:15   [34;1m   1090588[0m[34;1m   1312156[0m[34;1m   1399472[0m[34;1m     34.97[0m[34;1m      8892[0m[34;1m   1389056[0m[34;1m   6595884[0m[31;1m    164.84[0m[34;1m    616644[0m[34;1m   2010940[0m[34;1m       924[0m
13:38:16   [34;1m   1090336[0m[34;1m   1312256[0m[34;1m   1399336[0m[34;1m     34.97[0m[34;1m      8892[0m[34;1m   1389436[0m[34;1m   6595948[0m[31;1m    164.84[0m[34;1m    616644[0m[34;1m   2010928[0m[34;1m      1296[0m
13:38:17   [34;1m   1090336[0m[34;1m   1312624[0m[34;1m   1398972[0m[34;1m     34.96[0m[34;1m      8892[0m[34;1m   1389792[0m[34;1m   6595948[0m[31;1m    164.84[0m[34;1m    616644[0m[34;1m   2011380[0m[34;1m      1640[0m
13:38:18   [34;1m   1089328[0m[34;1m   1311892[0m[34;1m   1399676[0m[34;1m     34.98[0m[34;1m      8900[0m[34;1m   1390080[0m[34;1m   6595948[0m[31;1m    164.84[0m[34;1m    616648[0m[34;1m   2010500[0m[34;1m      1936[0m
13:38:19   [34;1m   1089076[0m[34;1m   1312148[0m[34;1m   1399380[0m[34;1m     34.97[0m[34;1m      8900[0m[34;1m   1390564[0m[34;1m   6596204[0m[31;1m    164.85[0m[34;1m    616652[0m[34;1m   2012824[0m[34;1m      2400[0m
13:38:20   [34;1m   1088348[0m[34;1m   1311900[0m[34;1m   1399720[0m[34;1m     34.98[0m[34;1m      8908[0m[34;1m   1390988[0m[34;1m   6596204[0m[31;1m    164.85[0m[34;1m    616660[0m[34;1m   2013844[0m[34;1m      2828[0m
13:38:21   [34;1m   1087844[0m[34;1m   1311636[0m[34;1m   1399920[0m[34;1m     34.99[0m[34;1m      8908[0m[34;1m   1391288[0m[34;1m   6596204[0m[31;1m    164.85[0m[34;1m    616660[0m[34;1m   2014548[0m[34;1m      3128[0m
13:38:22   [34;1m   1087116[0m[34;1m   1311360[0m[34;1m   1400236[0m[34;1m     34.99[0m[34;1m      8908[0m[34;1m   1391688[0m[34;1m   6596204[0m[31;1m    164.85[0m[34;1m    616660[0m[34;1m   2015744[0m[34;1m      3528[0m
13:38:23   [34;1m   1085100[0m[34;1m   1309732[0m[34;1m   1401900[0m[34;1m     35.04[0m[34;1m      8908[0m[34;1m   1392044[0m[34;1m   6596204[0m[31;1m    164.85[0m[34;1m    616656[0m[34;1m   2017176[0m[34;1m      3884[0m
13:38:24   [34;1m   1084596[0m[34;1m   1309724[0m[34;1m   1401884[0m[34;1m     35.03[0m[34;1m      8916[0m[34;1m   1392532[0m[34;1m   6596204[0m[31;1m    164.85[0m[34;1m    616668[0m[34;1m   2018576[0m[34;1m      4368[0m
13:38:25   [34;1m   1084344[0m[34;1m   1309812[0m[34;1m   1401772[0m[34;1m     35.03[0m[34;1m      8916[0m[34;1m   1392892[0m[34;1m   6596204[0m[31;1m    164.85[0m[34;1m    616668[0m[34;1m   2019960[0m[34;1m      4724[0m
13:38:26   [34;1m   1083588[0m[34;1m   1309412[0m[34;1m   1402148[0m[34;1m     35.04[0m[34;1m      8916[0m[34;1m   1393256[0m[34;1m   6596204[0m[31;1m    164.85[0m[34;1m    616668[0m[34;1m   2021944[0m[34;1m      5088[0m
13:38:27   [34;1m   1082076[0m[34;1m   1308128[0m[34;1m   1403452[0m[34;1m     35.07[0m[34;1m      8916[0m[34;1m   1393460[0m[34;1m   6596204[0m[31;1m    164.85[0m[34;1m    616668[0m[34;1m   2023684[0m[34;1m      5292[0m
13:38:28   [34;1m   1079304[0m[34;1m   1305908[0m[34;1m   1405656[0m[34;1m     35.13[0m[34;1m      8924[0m[34;1m   1393976[0m[34;1m   6596204[0m[31;1m    164.85[0m[34;1m    616680[0m[34;1m   2026312[0m[34;1m      5788[0m
13:38:29   [34;1m   1078548[0m[34;1m   1305516[0m[34;1m   1406076[0m[34;1m     35.14[0m[34;1m      8924[0m[34;1m   1394364[0m[34;1m   6596204[0m[31;1m    164.85[0m[34;1m    616676[0m[34;1m   2027412[0m[34;1m      6176[0m
13:38:30   [34;1m   1077792[0m[34;1m   1305064[0m[34;1m   1406544[0m[34;1m     35.15[0m[34;1m      8924[0m[34;1m   1394644[0m[34;1m   6600300[0m[31;1m    164.95[0m[34;1m    616676[0m[34;1m   2026864[0m[34;1m      6416[0m
13:38:31   [34;1m   1076028[0m[34;1m   1303816[0m[34;1m   1407524[0m[34;1m     35.18[0m[34;1m      8924[0m[34;1m   1395264[0m[34;1m   6605020[0m[31;1m    165.07[0m[34;1m    616676[0m[34;1m   2029828[0m[34;1m      7036[0m
13:38:32   [34;1m   1075524[0m[34;1m   1303460[0m[34;1m   1408064[0m[34;1m     35.19[0m[34;1m      8924[0m[34;1m   1395336[0m[34;1m   6605020[0m[31;1m    165.07[0m[34;1m    616676[0m[34;1m   2030052[0m[34;1m      7108[0m
13:38:33   [34;1m   1073032[0m[34;1m   1301592[0m[34;1m   1409928[0m[34;1m     35.24[0m[34;1m      8932[0m[34;1m   1395936[0m[34;1m   6605020[0m[31;1m    165.07[0m[34;1m    616680[0m[34;1m   2031932[0m[34;1m      7724[0m
13:38:34   [34;1m   1073032[0m[34;1m   1301816[0m[34;1m   1409748[0m[34;1m     35.23[0m[34;1m      8932[0m[34;1m   1396124[0m[34;1m   6600300[0m[31;1m    164.95[0m[34;1m    616684[0m[34;1m   2029852[0m[34;1m      7912[0m
13:38:35   [34;1m   1073032[0m[34;1m   1302412[0m[34;1m   1409120[0m[34;1m     35.22[0m[34;1m      8948[0m[34;1m   1396728[0m[34;1m   6601452[0m[31;1m    164.98[0m[34;1m    616700[0m[34;1m   2030472[0m[34;1m      8500[0m
13:38:36   [34;1m   1072780[0m[34;1m   1302296[0m[34;1m   1409264[0m[34;1m     35.22[0m[34;1m      8948[0m[34;1m   1396832[0m[34;1m   6601452[0m[31;1m    164.98[0m[34;1m    616700[0m[34;1m   2030644[0m[34;1m      8604[0m
13:38:37   [34;1m   1072780[0m[34;1m   1302916[0m[34;1m   1408476[0m[34;1m     35.20[0m[34;1m      8948[0m[34;1m   1397604[0m[34;1m   6601452[0m[31;1m    164.98[0m[34;1m    616700[0m[34;1m   2031532[0m[34;1m      9376[0m
13:38:38   [34;1m   1070512[0m[34;1m   1301068[0m[34;1m   1410392[0m[34;1m     35.25[0m[34;1m      8956[0m[34;1m   1397892[0m[34;1m   6601452[0m[31;1m    164.98[0m[34;1m    616700[0m[34;1m   2033064[0m[34;1m      9436[0m
13:38:39   [34;1m   1070008[0m[34;1m   1301144[0m[34;1m   1410372[0m[34;1m     35.25[0m[34;1m      8956[0m[34;1m   1398460[0m[34;1m   6601452[0m[31;1m    164.98[0m[34;1m    616708[0m[34;1m   2032576[0m[34;1m     10024[0m
13:38:40   [34;1m   1070008[0m[34;1m   1301388[0m[34;1m   1410164[0m[34;1m     35.24[0m[34;1m      8956[0m[34;1m   1398684[0m[34;1m   6601452[0m[31;1m    164.98[0m[34;1m    616708[0m[34;1m   2031256[0m[34;1m     10248[0m
13:38:41   [34;1m   1069004[0m[34;1m   1300924[0m[34;1m   1410468[0m[34;1m     35.25[0m[34;1m      8956[0m[34;1m   1399376[0m[34;1m   6601452[0m[31;1m    164.98[0m[34;1m    616708[0m[34;1m   2032400[0m[34;1m     10644[0m
13:38:42   [34;1m   1068752[0m[34;1m   1301180[0m[34;1m   1410360[0m[34;1m     35.25[0m[34;1m      8956[0m[34;1m   1399732[0m[34;1m   6601452[0m[31;1m    164.98[0m[34;1m    616708[0m[34;1m   2033060[0m[34;1m     11088[0m
13:38:43   [34;1m   1064468[0m[34;1m   1297224[0m[34;1m   1414304[0m[34;1m     35.35[0m[34;1m      8964[0m[34;1m   1400036[0m[34;1m   6601452[0m[31;1m    164.98[0m[34;1m    616708[0m[34;1m   2033016[0m[34;1m         8[0m
13:38:44   [34;1m   1063460[0m[34;1m   1296804[0m[34;1m   1414752[0m[34;1m     35.36[0m[34;1m      8964[0m[34;1m   1400604[0m[34;1m   6601452[0m[31;1m    164.98[0m[34;1m    616716[0m[34;1m   2035332[0m[34;1m       460[0m
13:38:45   [34;1m   1062956[0m[34;1m   1296564[0m[34;1m   1414936[0m[34;1m     35.36[0m[34;1m      8976[0m[34;1m   1400904[0m[34;1m   6601452[0m[31;1m    164.98[0m[34;1m    616728[0m[34;1m   2034268[0m[34;1m       772[0m
13:38:46   [34;1m   1062956[0m[34;1m   1296908[0m[34;1m   1414600[0m[34;1m     35.35[0m[34;1m      8976[0m[34;1m   1401232[0m[34;1m   6601452[0m[31;1m    164.98[0m[34;1m    616728[0m[34;1m   2034676[0m[34;1m      1096[0m
13:38:47   [34;1m   1062452[0m[34;1m   1296920[0m[34;1m   1414692[0m[34;1m     35.35[0m[34;1m      8976[0m[34;1m   1401636[0m[34;1m   6601452[0m[31;1m    164.98[0m[34;1m    616728[0m[34;1m   2034984[0m[34;1m      1496[0m
13:38:48   [34;1m   1059680[0m[34;1m   1294432[0m[34;1m   1417128[0m[34;1m     35.42[0m[34;1m      8976[0m[34;1m   1401980[0m[34;1m   6601452[0m[31;1m    164.98[0m[34;1m    616720[0m[34;1m   2038116[0m[34;1m      1840[0m
13:38:49   [34;1m   1059428[0m[34;1m   1294688[0m[34;1m   1416840[0m[34;1m     35.41[0m[34;1m      8976[0m[34;1m   1402516[0m[34;1m   6601452[0m[31;1m    164.98[0m[34;1m    616728[0m[34;1m   2036556[0m[34;1m      2372[0m
13:38:50   [34;1m   1059428[0m[34;1m   1295156[0m[34;1m   1416332[0m[34;1m     35.40[0m[34;1m      8992[0m[34;1m   1402968[0m[34;1m   6601516[0m[31;1m    164.98[0m[34;1m    616744[0m[34;1m   2037288[0m[34;1m      2816[0m
13:38:51   [34;1m   1058672[0m[34;1m   1294616[0m[34;1m   1416652[0m[34;1m     35.40[0m[34;1m      8992[0m[34;1m   1403252[0m[34;1m   6606236[0m[31;1m    165.10[0m[34;1m    616744[0m[34;1m   2038696[0m[34;1m      3100[0m
13:38:52   [34;1m   1058672[0m[34;1m   1295324[0m[34;1m   1416112[0m[34;1m     35.39[0m[34;1m      8992[0m[34;1m   1403884[0m[34;1m   6606236[0m[31;1m    165.10[0m[34;1m    616744[0m[34;1m   2040312[0m[34;1m      3648[0m
13:38:53   [34;1m   1057664[0m[34;1m   1294748[0m[34;1m   1416744[0m[34;1m     35.41[0m[34;1m      8992[0m[34;1m   1404272[0m[34;1m   6606236[0m[31;1m    165.10[0m[34;1m    616748[0m[34;1m   2041408[0m[34;1m      4032[0m
13:38:54   [34;1m   1057664[0m[34;1m   1294832[0m[34;1m   1416620[0m[34;1m     35.40[0m[34;1m      8992[0m[34;1m   1404364[0m[34;1m   6601516[0m[31;1m    164.98[0m[34;1m    616744[0m[34;1m   2039704[0m[34;1m      4124[0m
13:38:55   [34;1m   1057160[0m[34;1m   1295076[0m[34;1m   1416348[0m[34;1m     35.40[0m[34;1m      9000[0m[34;1m   1405124[0m[34;1m   6601516[0m[31;1m    164.98[0m[34;1m    616748[0m[34;1m   2040356[0m[34;1m      4876[0m
13:38:56   [34;1m   1057160[0m[34;1m   1295152[0m[34;1m   1416268[0m[34;1m     35.39[0m[34;1m      9008[0m[34;1m   1405196[0m[34;1m   6601516[0m[31;1m    164.98[0m[34;1m    616748[0m[34;1m   2040468[0m[34;1m      4956[0m
13:38:57   [34;1m   1057160[0m[34;1m   1295840[0m[34;1m   1415596[0m[34;1m     35.38[0m[34;1m      9008[0m[34;1m   1405840[0m[34;1m   6601516[0m[31;1m    164.98[0m[34;1m    616760[0m[34;1m   2040600[0m[34;1m      5588[0m
13:38:58   [34;1m   1055900[0m[34;1m   1294760[0m[34;1m   1416660[0m[34;1m     35.40[0m[34;1m      9016[0m[34;1m   1406012[0m[34;1m   6601516[0m[31;1m    164.98[0m[34;1m    616772[0m[34;1m   2043124[0m[34;1m      5760[0m
13:38:59   [34;1m   1055396[0m[34;1m   1294688[0m[34;1m   1416676[0m[34;1m     35.40[0m[34;1m      9016[0m[34;1m   1406524[0m[34;1m   6601516[0m[31;1m    164.98[0m[34;1m    616768[0m[34;1m   2040924[0m[34;1m      6264[0m
13:39:00   [34;1m   1055396[0m[34;1m   1295112[0m[34;1m   1416304[0m[34;1m     35.40[0m[34;1m      9016[0m[34;1m   1406888[0m[34;1m   6601516[0m[31;1m    164.98[0m[34;1m    616768[0m[34;1m   2041256[0m[34;1m      6628[0m
13:39:01   [34;1m   1055396[0m[34;1m   1295472[0m[34;1m   1415936[0m[34;1m     35.39[0m[34;1m      9016[0m[34;1m   1407252[0m[34;1m   6601516[0m[31;1m    164.98[0m[34;1m    616768[0m[34;1m   2041936[0m[34;1m      6992[0m
13:39:02   [34;1m   1054892[0m[34;1m   1295220[0m[34;1m   1416172[0m[34;1m     35.39[0m[34;1m      9016[0m[34;1m   1407512[0m[34;1m   6601516[0m[31;1m    164.98[0m[34;1m    616768[0m[34;1m   2043540[0m[34;1m      7252[0m
13:39:03   [34;1m   1054640[0m[34;1m   1295636[0m[34;1m   1415820[0m[34;1m     35.38[0m[34;1m      9024[0m[34;1m   1408092[0m[34;1m   6601516[0m[31;1m    164.98[0m[34;1m    616776[0m[34;1m   2041648[0m[34;1m      7824[0m
13:39:04   [34;1m   1054640[0m[34;1m   1295752[0m[34;1m   1415560[0m[34;1m     35.38[0m[34;1m      9024[0m[34;1m   1408352[0m[34;1m   6601516[0m[31;1m    164.98[0m[34;1m    616776[0m[34;1m   2041364[0m[34;1m      7936[0m
13:39:05   [34;1m   1054640[0m[34;1m   1296432[0m[34;1m   1415008[0m[34;1m     35.36[0m[34;1m      9040[0m[34;1m   1408864[0m[34;1m   6601516[0m[31;1m    164.98[0m[34;1m    616792[0m[34;1m   2044360[0m[34;1m      8580[0m
13:39:06   [34;1m   1054388[0m[34;1m   1296512[0m[34;1m   1414900[0m[34;1m     35.36[0m[34;1m      9040[0m[34;1m   1409216[0m[34;1m   6601516[0m[31;1m    164.98[0m[34;1m    616792[0m[34;1m   2043956[0m[34;1m      8932[0m
13:39:07   [34;1m   1054136[0m[34;1m   1296612[0m[34;1m   1414752[0m[34;1m     35.36[0m[34;1m      9040[0m[34;1m   1409608[0m[34;1m   6601516[0m[31;1m    164.98[0m[34;1m    616792[0m[34;1m   2044820[0m[34;1m      9324[0m
13:39:08   [34;1m   1054136[0m[34;1m   1297120[0m[34;1m   1414244[0m[34;1m     35.34[0m[34;1m      9048[0m[34;1m   1410088[0m[34;1m   6601516[0m[31;1m    164.98[0m[34;1m    616804[0m[34;1m   2045428[0m[34;1m      9804[0m
13:39:09   [34;1m   1053672[0m[34;1m   1297108[0m[34;1m   1414300[0m[34;1m     35.35[0m[34;1m      9048[0m[34;1m   1410488[0m[34;1m   6601516[0m[31;1m    164.98[0m[34;1m    616800[0m[34;1m   2044648[0m[34;1m     10136[0m
13:39:10   [34;1m   1053672[0m[34;1m   1297404[0m[34;1m   1413960[0m[34;1m     35.34[0m[34;1m      9048[0m[34;1m   1410800[0m[34;1m   6601516[0m[31;1m    164.98[0m[34;1m    616800[0m[34;1m   2045184[0m[34;1m     10436[0m
13:39:11   [34;1m   1053672[0m[34;1m   1297836[0m[34;1m   1413424[0m[34;1m     35.32[0m[34;1m      9048[0m[34;1m   1411296[0m[34;1m   6606236[0m[31;1m    165.10[0m[34;1m    616800[0m[34;1m   2047576[0m[34;1m     10932[0m
13:39:12   [34;1m   1053448[0m[34;1m   1298028[0m[34;1m   1413304[0m[34;1m     35.32[0m[34;1m      9048[0m[34;1m   1411632[0m[34;1m   6606236[0m[31;1m    165.10[0m[34;1m    616800[0m[34;1m   2048272[0m[34;1m     11272[0m
13:39:13   [34;1m   1052440[0m[34;1m   1297380[0m[34;1m   1413852[0m[34;1m     35.33[0m[34;1m      9056[0m[34;1m   1412016[0m[34;1m   6606236[0m[31;1m    165.10[0m[34;1m    616820[0m[34;1m   2048152[0m[34;1m     11668[0m
13:39:14   [34;1m   1051684[0m[34;1m   1297256[0m[34;1m   1414076[0m[34;1m     35.34[0m[34;1m      9056[0m[34;1m   1412580[0m[34;1m   6601516[0m[31;1m    164.98[0m[34;1m    616808[0m[34;1m   2049472[0m[34;1m       244[0m
13:39:15   [34;1m   1051432[0m[34;1m   1297180[0m[34;1m   1414112[0m[34;1m     35.34[0m[34;1m      9056[0m[34;1m   1412800[0m[34;1m   6601516[0m[31;1m    164.98[0m[34;1m    616808[0m[34;1m   2048228[0m[34;1m       368[0m
13:39:16   [34;1m   1051432[0m[34;1m   1297736[0m[34;1m   1413520[0m[34;1m     35.33[0m[34;1m      9068[0m[34;1m   1413364[0m[34;1m   6601516[0m[31;1m    164.98[0m[34;1m    616816[0m[34;1m   2048928[0m[34;1m       948[0m
13:39:17   [34;1m   1051180[0m[34;1m   1297608[0m[34;1m   1413640[0m[34;1m     35.33[0m[34;1m      9068[0m[34;1m   1413492[0m[34;1m   6601516[0m[31;1m    164.98[0m[34;1m    616820[0m[34;1m   2049488[0m[34;1m      1076[0m
13:39:18   [34;1m   1050424[0m[34;1m   1297600[0m[34;1m   1413752[0m[34;1m     35.33[0m[34;1m      9068[0m[34;1m   1414136[0m[34;1m   6601516[0m[31;1m    164.98[0m[34;1m    616816[0m[34;1m   2049440[0m[34;1m      1720[0m
13:39:19   [34;1m   1049220[0m[34;1m   1296696[0m[34;1m   1414636[0m[34;1m     35.35[0m[34;1m      9068[0m[34;1m   1414440[0m[34;1m   6601516[0m[31;1m    164.98[0m[34;1m    616820[0m[34;1m   2052024[0m[34;1m      2024[0m
13:39:20   [34;1m   1048212[0m[34;1m   1298512[0m[34;1m   1412760[0m[34;1m     35.31[0m[34;1m      9084[0m[34;1m   1417292[0m[34;1m   6601772[0m[31;1m    164.99[0m[34;1m    616820[0m[34;1m   2053208[0m[34;1m      2728[0m
13:39:21   [34;1m   1047708[0m[34;1m   1298204[0m[34;1m   1413008[0m[34;1m     35.31[0m[34;1m      9084[0m[34;1m   1417500[0m[34;1m   6602028[0m[31;1m    164.99[0m[34;1m    616836[0m[34;1m   2052632[0m[34;1m      2852[0m
13:39:22   [34;1m   1047708[0m[34;1m   1298768[0m[34;1m   1412500[0m[34;1m     35.30[0m[34;1m      9084[0m[34;1m   1418028[0m[34;1m   6602028[0m[31;1m    164.99[0m[34;1m    616836[0m[34;1m   2051884[0m[34;1m      3380[0m
13:39:23   [34;1m   1046952[0m[34;1m   1298608[0m[34;1m   1412812[0m[34;1m     35.31[0m[34;1m      9084[0m[34;1m   1418484[0m[34;1m   6602028[0m[31;1m    164.99[0m[34;1m    616840[0m[34;1m   2053156[0m[34;1m      3836[0m
13:39:24   [34;1m   1046448[0m[34;1m   1298408[0m[34;1m   1412880[0m[34;1m     35.31[0m[34;1m      9084[0m[34;1m   1418892[0m[34;1m   6602028[0m[31;1m    164.99[0m[34;1m    616836[0m[34;1m   2053520[0m[34;1m      4244[0m
13:39:25   [34;1m   1046196[0m[34;1m   1298492[0m[34;1m   1412784[0m[34;1m     35.31[0m[34;1m      9092[0m[34;1m   1419220[0m[34;1m   6602028[0m[31;1m    164.99[0m[34;1m    616840[0m[34;1m   2054664[0m[34;1m      4572[0m
13:39:26   [34;1m   1045944[0m[34;1m   1298520[0m[34;1m   1412732[0m[34;1m     35.31[0m[34;1m      9100[0m[34;1m   1419516[0m[34;1m   6602028[0m[31;1m    164.99[0m[34;1m    616840[0m[34;1m   2054764[0m[34;1m      4876[0m
13:39:27   [34;1m   1045692[0m[34;1m   1298756[0m[34;1m   1412512[0m[34;1m     35.30[0m[34;1m      9100[0m[34;1m   1419980[0m[34;1m   6602028[0m[31;1m    164.99[0m[34;1m    616852[0m[34;1m   2055664[0m[34;1m      5332[0m
13:39:28   [34;1m   1044432[0m[34;1m   1297940[0m[34;1m   1413336[0m[34;1m     35.32[0m[34;1m      9100[0m[34;1m   1420412[0m[34;1m   6602028[0m[31;1m    164.99[0m[34;1m    616852[0m[34;1m   2056588[0m[34;1m      5764[0m
13:39:29   [34;1m   1043928[0m[34;1m   1297632[0m[34;1m   1413508[0m[34;1m     35.33[0m[34;1m      9100[0m[34;1m   1420748[0m[34;1m   6602028[0m[31;1m    164.99[0m[34;1m    616852[0m[34;1m   2055912[0m[34;1m      6100[0m
13:39:30   [34;1m   1043928[0m[34;1m   1298168[0m[34;1m   1413056[0m[34;1m     35.31[0m[34;1m      9100[0m[34;1m   1421156[0m[34;1m   6602028[0m[31;1m    164.99[0m[34;1m    616852[0m[34;1m   2056452[0m[34;1m      6508[0m
13:39:31   [34;1m   1042164[0m[34;1m   1296696[0m[34;1m   1414368[0m[34;1m     35.35[0m[34;1m      9108[0m[34;1m   1421444[0m[34;1m   6606748[0m[31;1m    165.11[0m[34;1m    616860[0m[34;1m   2058696[0m[34;1m      6796[0m
13:39:32   [34;1m   1040148[0m[34;1m   1295216[0m[34;1m   1415968[0m[34;1m     35.39[0m[34;1m      9116[0m[34;1m   1421972[0m[34;1m   6606748[0m[31;1m    165.11[0m[34;1m    616860[0m[34;1m   2058700[0m[34;1m      7328[0m
13:39:33   [34;1m   1038888[0m[34;1m   1294428[0m[34;1m   1416932[0m[34;1m     35.41[0m[34;1m      9116[0m[34;1m   1422292[0m[34;1m   6606812[0m[31;1m    165.11[0m[34;1m    616864[0m[34;1m   2059336[0m[34;1m      7640[0m
13:39:34   [34;1m   1038636[0m[34;1m   1294468[0m[34;1m   1416780[0m[34;1m     35.41[0m[34;1m      9116[0m[34;1m   1422656[0m[34;1m   6602092[0m[31;1m    164.99[0m[34;1m    616868[0m[34;1m   2058112[0m[34;1m      8004[0m
13:39:35   [34;1m   1038384[0m[34;1m   1294668[0m[34;1m   1416588[0m[34;1m     35.40[0m[34;1m      9124[0m[34;1m   1423096[0m[34;1m   6602092[0m[31;1m    164.99[0m[34;1m    616876[0m[34;1m   2058048[0m[34;1m      8440[0m
13:39:36   [34;1m   1038132[0m[34;1m   1294844[0m[34;1m   1416408[0m[34;1m     35.40[0m[34;1m      9124[0m[34;1m   1423512[0m[34;1m   6602092[0m[31;1m    164.99[0m[34;1m    616876[0m[34;1m   2058032[0m[34;1m      8856[0m
13:39:37   [34;1m   1037880[0m[34;1m   1294976[0m[34;1m   1416240[0m[34;1m     35.39[0m[34;1m      9132[0m[34;1m   1423916[0m[34;1m   6602092[0m[31;1m    164.99[0m[34;1m    616876[0m[34;1m   2058832[0m[34;1m      9260[0m
13:39:38   [34;1m   1037880[0m[34;1m   1295412[0m[34;1m   1415780[0m[34;1m     35.38[0m[34;1m      9132[0m[34;1m   1424348[0m[34;1m   6602092[0m[31;1m    164.99[0m[34;1m    616884[0m[34;1m   2059404[0m[34;1m      9688[0m
13:39:39   [34;1m   1037376[0m[34;1m   1295164[0m[34;1m   1416048[0m[34;1m     35.39[0m[34;1m      9132[0m[34;1m   1424600[0m[34;1m   6602092[0m[31;1m    164.99[0m[34;1m    616884[0m[34;1m   2059932[0m[34;1m      9940[0m
13:39:40   [34;1m   1036928[0m[34;1m   1295276[0m[34;1m   1415900[0m[34;1m     35.39[0m[34;1m      9132[0m[34;1m   1425168[0m[34;1m   6602092[0m[31;1m    164.99[0m[34;1m    616884[0m[34;1m   2061544[0m[34;1m      6368[0m
13:39:41   [34;1m   1036424[0m[34;1m   1294980[0m[34;1m   1416184[0m[34;1m     35.39[0m[34;1m      9132[0m[34;1m   1425384[0m[34;1m   6602092[0m[31;1m    164.99[0m[34;1m    616884[0m[34;1m   2059856[0m[34;1m      6552[0m
13:39:42   [34;1m   1036172[0m[34;1m   1295204[0m[34;1m   1415960[0m[34;1m     35.39[0m[34;1m      9140[0m[34;1m   1425844[0m[34;1m   6602092[0m[31;1m    164.99[0m[34;1m    616884[0m[34;1m   2060684[0m[34;1m      7164[0m
13:39:43   [34;1m   1034156[0m[34;1m   1293616[0m[34;1m   1417632[0m[34;1m     35.43[0m[34;1m      9140[0m[34;1m   1426220[0m[34;1m   6602092[0m[31;1m    164.99[0m[34;1m    616888[0m[34;1m   2062100[0m[34;1m      7452[0m
13:39:44   [34;1m   1034156[0m[34;1m   1293996[0m[34;1m   1417212[0m[34;1m     35.42[0m[34;1m      9148[0m[34;1m   1426620[0m[34;1m   6602156[0m[31;1m    165.00[0m[34;1m    616892[0m[34;1m   2062608[0m[34;1m      7856[0m
13:39:45   [34;1m   1034156[0m[34;1m   1294324[0m[34;1m   1416876[0m[34;1m     35.41[0m[34;1m      9152[0m[34;1m   1426944[0m[34;1m   6602156[0m[31;1m    165.00[0m[34;1m    616900[0m[34;1m   2063668[0m[34;1m       188[0m
13:39:46   [34;1m   1034156[0m[34;1m   1294600[0m[34;1m   1416580[0m[34;1m     35.40[0m[34;1m      9152[0m[34;1m   1427228[0m[34;1m   6602156[0m[31;1m    165.00[0m[34;1m    616904[0m[34;1m   2063820[0m[34;1m       432[0m
13:39:47   [34;1m   1034156[0m[34;1m   1295112[0m[34;1m   1415996[0m[34;1m     35.39[0m[34;1m      9152[0m[34;1m   1427800[0m[34;1m   6602156[0m[31;1m    165.00[0m[34;1m    616904[0m[34;1m   2064500[0m[34;1m      1004[0m
13:39:48   [34;1m   1033904[0m[34;1m   1295320[0m[34;1m   1415836[0m[34;1m     35.38[0m[34;1m      9164[0m[34;1m   1428196[0m[34;1m   6602220[0m[31;1m    165.00[0m[34;1m    616904[0m[34;1m   2065476[0m[34;1m      1408[0m
13:39:49   [34;1m   1033904[0m[34;1m   1295736[0m[34;1m   1415452[0m[34;1m     35.37[0m[34;1m      9164[0m[34;1m   1428584[0m[34;1m   6602220[0m[31;1m    165.00[0m[34;1m    616916[0m[34;1m   2066372[0m[34;1m      1788[0m
13:39:50   [34;1m   1033176[0m[34;1m   1295460[0m[34;1m   1415728[0m[34;1m     35.38[0m[34;1m      9164[0m[34;1m   1428984[0m[34;1m   6602220[0m[31;1m    165.00[0m[34;1m    616916[0m[34;1m   2068400[0m[34;1m      2188[0m
13:39:51   [34;1m   1032420[0m[34;1m   1295296[0m[34;1m   1415860[0m[34;1m     35.38[0m[34;1m      9164[0m[34;1m   1429584[0m[34;1m   6606940[0m[31;1m    165.12[0m[34;1m    616916[0m[34;1m   2069260[0m[34;1m      2788[0m
13:39:52   [34;1m   1032168[0m[34;1m   1295100[0m[34;1m   1415868[0m[34;1m     35.38[0m[34;1m      9172[0m[34;1m   1429808[0m[34;1m   6606940[0m[31;1m    165.12[0m[34;1m    616916[0m[34;1m   2068824[0m[34;1m      3020[0m
13:39:53   [34;1m   1029396[0m[34;1m   1292824[0m[34;1m   1418228[0m[34;1m     35.44[0m[34;1m      9172[0m[34;1m   1430240[0m[34;1m   6606940[0m[31;1m    165.12[0m[34;1m    616920[0m[34;1m   2069012[0m[34;1m      3440[0m
13:39:54   [34;1m   1028388[0m[34;1m   1292396[0m[34;1m   1418816[0m[34;1m     35.46[0m[34;1m      9172[0m[34;1m   1430604[0m[34;1m   6602220[0m[31;1m    165.00[0m[34;1m    616924[0m[34;1m   2067184[0m[34;1m      3804[0m
13:39:55   [34;1m   1028136[0m[34;1m   1292508[0m[34;1m   1418576[0m[34;1m     35.45[0m[34;1m      9172[0m[34;1m   1431096[0m[34;1m   6602220[0m[31;1m    165.00[0m[34;1m    616924[0m[34;1m   2068336[0m[34;1m      4296[0m
13:39:56   [34;1m   1027884[0m[34;1m   1292528[0m[34;1m   1418544[0m[34;1m     35.45[0m[34;1m      9172[0m[34;1m   1431376[0m[34;1m   6602220[0m[31;1m    165.00[0m[34;1m    616924[0m[34;1m   2068844[0m[34;1m      4576[0m
13:39:57   [34;1m   1026652[0m[34;1m   1291952[0m[34;1m   1419236[0m[34;1m     35.47[0m[34;1m      9180[0m[34;1m   1431896[0m[34;1m   6602220[0m[31;1m    165.00[0m[34;1m    616932[0m[34;1m   2070276[0m[34;1m      5092[0m
13:39:58   [34;1m   1024888[0m[34;1m   1290428[0m[34;1m   1420608[0m[34;1m     35.50[0m[34;1m      9188[0m[34;1m   1432236[0m[34;1m   6602220[0m[31;1m    165.00[0m[34;1m    616928[0m[34;1m   2070092[0m[34;1m      5436[0m
13:39:59   [34;1m   1024888[0m[34;1m   1291096[0m[34;1m   1419988[0m[34;1m     35.49[0m[34;1m      9188[0m[34;1m   1432884[0m[34;1m   6602220[0m[31;1m    165.00[0m[34;1m    616940[0m[34;1m   2070284[0m[34;1m      6076[0m
13:40:00   [34;1m   1024888[0m[34;1m   1291356[0m[34;1m   1419768[0m[34;1m     35.48[0m[34;1m      9188[0m[34;1m   1433108[0m[34;1m   6602220[0m[31;1m    165.00[0m[34;1m    616940[0m[34;1m   2070656[0m[34;1m      6300[0m
13:40:01   [34;1m   1024888[0m[34;1m   1291608[0m[34;1m   1419480[0m[34;1m     35.47[0m[34;1m      9188[0m[34;1m   1433384[0m[34;1m   6602220[0m[31;1m    165.00[0m[34;1m    616940[0m[34;1m   2071184[0m[34;1m      6576[0m
13:40:02   [34;1m   1024888[0m[34;1m   1292148[0m[34;1m   1418884[0m[34;1m     35.46[0m[34;1m      9188[0m[34;1m   1433964[0m[34;1m   6602220[0m[31;1m    165.00[0m[34;1m    616940[0m[34;1m   2071756[0m[34;1m      7156[0m
13:40:03   [34;1m   1023880[0m[34;1m   1291664[0m[34;1m   1419412[0m[34;1m     35.47[0m[34;1m      9196[0m[34;1m   1434412[0m[34;1m   6602220[0m[31;1m    165.00[0m[34;1m    616944[0m[34;1m   2072004[0m[34;1m      7604[0m
13:40:04   [34;1m   1023880[0m[34;1m   1291948[0m[34;1m   1419104[0m[34;1m     35.47[0m[34;1m      9196[0m[34;1m   1434744[0m[34;1m   6602220[0m[31;1m    165.00[0m[34;1m    616948[0m[34;1m   2070308[0m[34;1m      7936[0m
13:40:05   [34;1m   1023628[0m[34;1m   1291968[0m[34;1m   1419048[0m[34;1m     35.46[0m[34;1m      9196[0m[34;1m   1435040[0m[34;1m   6602220[0m[31;1m    165.00[0m[34;1m    616948[0m[34;1m   2070464[0m[34;1m      8228[0m
13:40:06   [34;1m   1023628[0m[34;1m   1292520[0m[34;1m   1418644[0m[34;1m     35.45[0m[34;1m      9204[0m[34;1m   1435428[0m[34;1m   6602220[0m[31;1m    165.00[0m[34;1m    616956[0m[34;1m   2071748[0m[34;1m      8616[0m
13:40:07   [34;1m   1023376[0m[34;1m   1292596[0m[34;1m   1418520[0m[34;1m     35.45[0m[34;1m      9204[0m[34;1m   1435796[0m[34;1m   6602220[0m[31;1m    165.00[0m[34;1m    616952[0m[34;1m   2071008[0m[34;1m      8980[0m
13:40:08   [34;1m   1023376[0m[34;1m   1293008[0m[34;1m   1418088[0m[34;1m     35.44[0m[34;1m      9204[0m[34;1m   1436212[0m[34;1m   6602220[0m[31;1m    165.00[0m[34;1m    616960[0m[34;1m   2072136[0m[34;1m      9396[0m
13:40:09   [34;1m   1023124[0m[34;1m   1293308[0m[34;1m   1417864[0m[34;1m     35.43[0m[34;1m      9204[0m[34;1m   1436660[0m[34;1m   6602220[0m[31;1m    165.00[0m[34;1m    616956[0m[34;1m   2073156[0m[34;1m      9844[0m
13:40:10   [34;1m   1023124[0m[34;1m   1293732[0m[34;1m   1417296[0m[34;1m     35.42[0m[34;1m      9212[0m[34;1m   1437220[0m[34;1m   6602220[0m[31;1m    165.00[0m[34;1m    616964[0m[34;1m   2073872[0m[34;1m     10204[0m
13:40:11   [34;1m   1021612[0m[34;1m   1292472[0m[34;1m   1418540[0m[34;1m     35.45[0m[34;1m      9212[0m[34;1m   1437432[0m[34;1m   6606940[0m[31;1m    165.12[0m[34;1m    616964[0m[34;1m   2075500[0m[34;1m     10548[0m
13:40:12   [34;1m   1021360[0m[34;1m   1292764[0m[34;1m   1418240[0m[34;1m     35.44[0m[34;1m      9212[0m[34;1m   1437972[0m[34;1m   6606940[0m[31;1m    165.12[0m[34;1m    616964[0m[34;1m   2076084[0m[34;1m     11092[0m
13:40:13   [34;1m   1020352[0m[34;1m   1292216[0m[34;1m   1418828[0m[34;1m     35.46[0m[34;1m      9212[0m[34;1m   1438420[0m[34;1m   6606940[0m[31;1m    165.12[0m[34;1m    616960[0m[34;1m   2076828[0m[34;1m     11540[0m
13:40:14   [34;1m   1020352[0m[34;1m   1292464[0m[34;1m   1418512[0m[34;1m     35.45[0m[34;1m      9212[0m[34;1m   1438680[0m[34;1m   6602220[0m[31;1m    165.00[0m[34;1m    616964[0m[34;1m   2075404[0m[34;1m     11800[0m
13:40:15   [34;1m   1020352[0m[34;1m   1292888[0m[34;1m   1418036[0m[34;1m     35.44[0m[34;1m      9220[0m[34;1m   1439156[0m[34;1m   6602220[0m[31;1m    165.00[0m[34;1m    616964[0m[34;1m   2074640[0m[34;22m         0[0m
13:40:16   [34;1m   1020352[0m[34;1m   1293360[0m[34;1m   1417672[0m[34;1m     35.43[0m[34;1m      9220[0m[34;1m   1439512[0m[34;1m   6602220[0m[31;1m    165.00[0m[34;1m    616980[0m[34;1m   2077252[0m[34;1m       184[0m
13:40:17   [34;1m   1020100[0m[34;1m   1293408[0m[34;1m   1417608[0m[34;1m     35.43[0m[34;1m      9220[0m[34;1m   1439820[0m[34;1m   6602220[0m[31;1m    165.00[0m[34;1m    616980[0m[34;1m   2076432[0m[34;1m       492[0m
13:40:18   [34;1m   1018088[0m[34;1m   1291872[0m[34;1m   1419116[0m[34;1m     35.47[0m[34;1m      9232[0m[34;1m   1440300[0m[34;1m   6602220[0m[31;1m    165.00[0m[34;1m    616984[0m[34;1m   2077512[0m[34;1m      1008[0m
13:40:19   [34;1m   1017836[0m[34;1m   1291732[0m[34;1m   1419108[0m[34;1m     35.47[0m[34;1m      9232[0m[34;1m   1440556[0m[34;1m   6602220[0m[31;1m    165.00[0m[34;1m    616992[0m[34;1m   2077520[0m[34;1m      1264[0m
13:40:20   [34;1m   1017584[0m[34;1m   1292132[0m[34;1m   1418820[0m[34;1m     35.46[0m[34;1m      9232[0m[34;1m   1441076[0m[34;1m   6602220[0m[31;1m    165.00[0m[34;1m    616992[0m[34;1m   2078776[0m[34;1m      1788[0m
13:40:21   [34;1m   1017332[0m[34;1m   1292300[0m[34;1m   1418588[0m[34;1m     35.45[0m[34;1m      9232[0m[34;1m   1441552[0m[34;1m   6602220[0m[31;1m    165.00[0m[34;1m    616992[0m[34;1m   2079220[0m[34;1m      2116[0m
13:40:22   [34;1m   1017332[0m[34;1m   1292536[0m[34;1m   1418348[0m[34;1m     35.45[0m[34;1m      9232[0m[34;1m   1441788[0m[34;1m   6602220[0m[31;1m    165.00[0m[34;1m    616992[0m[34;1m   2079492[0m[34;1m      2404[0m
13:40:23   [34;1m   1015848[0m[34;1m   1291672[0m[34;1m   1419208[0m[34;1m     35.47[0m[34;1m      9240[0m[34;1m   1442384[0m[34;1m   6602220[0m[31;1m    165.00[0m[34;1m    616988[0m[34;1m   2080224[0m[34;1m      3008[0m
13:40:24   [34;1m   1015848[0m[34;1m   1291968[0m[34;1m   1418932[0m[34;1m     35.46[0m[34;1m      9248[0m[34;1m   1442664[0m[34;1m   6602220[0m[31;1m    165.00[0m[34;1m    617000[0m[34;1m   2080216[0m[34;1m      3292[0m
13:40:25   [34;1m   1015848[0m[34;1m   1292488[0m[34;1m   1418464[0m[34;1m     35.45[0m[34;1m      9248[0m[34;1m   1443116[0m[34;1m   6602220[0m[31;1m    165.00[0m[34;1m    617008[0m[34;1m   2080980[0m[34;1m      3740[0m
13:40:26   [34;1m   1015848[0m[34;1m   1292672[0m[34;1m   1418248[0m[34;1m     35.44[0m[34;1m      9248[0m[34;1m   1443324[0m[34;1m   6602220[0m[31;1m    165.00[0m[34;1m    617008[0m[34;1m   2081264[0m[34;1m      3948[0m
13:40:27   [34;1m   1015848[0m[34;1m   1293308[0m[34;1m   1417688[0m[34;1m     35.43[0m[34;1m      9248[0m[34;1m   1443876[0m[34;1m   6602220[0m[31;1m    165.00[0m[34;1m    617008[0m[34;1m   2081912[0m[34;1m      4500[0m
13:40:28   [34;1m   1014112[0m[34;1m   1292036[0m[34;1m   1418888[0m[34;1m     35.46[0m[34;1m      9256[0m[34;1m   1444356[0m[34;1m   6602284[0m[31;1m    165.00[0m[34;1m    617004[0m[34;1m   2080892[0m[34;1m      4988[0m
13:40:29   [34;1m   1014112[0m[34;1m   1292220[0m[34;1m   1418736[0m[34;1m     35.46[0m[34;1m      9256[0m[34;1m   1444536[0m[34;1m   6602284[0m[31;1m    165.00[0m[34;1m    617016[0m[34;1m   2080952[0m[34;1m      5156[0m
13:40:30   [34;1m   1014112[0m[34;1m   1292792[0m[34;1m   1418148[0m[34;1m     35.44[0m[34;1m      9256[0m[34;1m   1445088[0m[34;1m   6602284[0m[31;1m    165.00[0m[34;1m    617016[0m[34;1m   2081788[0m[34;1m      5708[0m
13:40:31   [34;1m   1013104[0m[34;1m   1292124[0m[34;1m   1418600[0m[34;1m     35.45[0m[34;1m      9256[0m[34;1m   1445488[0m[34;1m   6607004[0m[31;1m    165.12[0m[34;1m    617016[0m[34;1m   2084200[0m[34;1m      6108[0m
13:40:32   [34;1m   1012124[0m[34;1m   1291500[0m[34;1m   1419324[0m[34;1m     35.47[0m[34;1m      9256[0m[34;1m   1445820[0m[34;1m   6607004[0m[31;1m    165.12[0m[34;1m    617016[0m[34;1m   2083812[0m[34;1m      6440[0m
13:40:33   [34;1m   1011116[0m[34;1m   1290832[0m[34;1m   1419844[0m[34;1m     35.48[0m[34;1m      9264[0m[34;1m   1446244[0m[34;1m   6607004[0m[31;1m    165.12[0m[34;1m    617016[0m[34;1m   2084612[0m[34;1m      6872[0m
13:40:34   [34;1m   1010892[0m[34;1m   1291228[0m[34;1m   1419616[0m[34;1m     35.48[0m[34;1m      9264[0m[34;1m   1446740[0m[34;1m   6602284[0m[31;1m    165.00[0m[34;1m    617024[0m[34;1m   2083824[0m[34;1m      7360[0m
13:40:35   [34;1m   1010652[0m[34;1m   1291256[0m[34;1m   1419564[0m[34;1m     35.48[0m[34;1m      9264[0m[34;1m   1447020[0m[34;1m   6602284[0m[31;1m    165.00[0m[34;1m    617024[0m[34;1m   2084736[0m[34;1m      7640[0m
13:40:36   [34;1m   1010652[0m[34;1m   1291880[0m[34;1m   1419124[0m[34;1m     35.47[0m[34;1m      9264[0m[34;1m   1447452[0m[34;1m   6602284[0m[31;1m    165.00[0m[34;1m    617024[0m[34;1m   2083592[0m[34;1m      8072[0m
13:40:37   [34;1m   1010400[0m[34;1m   1292092[0m[34;1m   1418740[0m[34;1m     35.46[0m[34;1m      9264[0m[34;1m   1448060[0m[34;1m   6602284[0m[31;1m    165.00[0m[34;1m    617024[0m[34;1m   2084384[0m[34;1m      8680[0m
13:40:38   [34;1m   1009392[0m[34;1m   1291292[0m[34;1m   1419656[0m[34;1m     35.48[0m[34;1m      9272[0m[34;1m   1448144[0m[34;1m   6602284[0m[31;1m    165.00[0m[34;1m    617024[0m[34;1m   2084948[0m[34;1m      8772[0m
13:40:39   [34;1m   1008888[0m[34;1m   1291280[0m[34;1m   1419388[0m[34;1m     35.47[0m[34;1m      9272[0m[34;1m   1448920[0m[34;1m   6602284[0m[31;1m    165.00[0m[34;1m    617032[0m[34;1m   2086488[0m[34;1m      9536[0m
13:40:40   [34;1m   1008384[0m[34;1m   1290908[0m[34;1m   1419844[0m[34;1m     35.48[0m[34;1m      9272[0m[34;1m   1448952[0m[34;1m   6602284[0m[31;1m    165.00[0m[34;1m    617032[0m[34;1m   2084352[0m[34;1m      9568[0m
13:40:41   [34;1m   1008384[0m[34;1m   1291712[0m[34;1m   1419104[0m[34;1m     35.47[0m[34;1m      9272[0m[34;1m   1449676[0m[34;1m   6602284[0m[31;1m    165.00[0m[34;1m    617032[0m[34;1m   2085456[0m[34;1m      6128[0m
13:40:42   [34;1m   1008132[0m[34;1m   1291788[0m[34;1m   1419180[0m[34;1m     35.47[0m[34;1m      9284[0m[34;1m   1449836[0m[34;1m   6602284[0m[31;1m    165.00[0m[34;1m    617032[0m[34;1m   2086088[0m[34;1m      6448[0m
13:40:43   [34;1m   1003848[0m[34;1m   1288008[0m[34;1m   1422784[0m[34;1m     35.56[0m[34;1m      9284[0m[34;1m   1450480[0m[34;1m   6602348[0m[31;1m    165.00[0m[34;1m    617044[0m[34;1m   2085148[0m[34;1m      6892[0m
13:40:44   [34;1m   1003092[0m[34;1m   1287724[0m[34;1m   1423124[0m[34;1m     35.57[0m[34;1m      9284[0m[34;1m   1450932[0m[34;1m   6602348[0m[31;1m    165.00[0m[34;1m    617044[0m[34;1m   2086764[0m[34;1m      7344[0m
13:40:45   [34;1m   1002840[0m[34;1m   1287884[0m[34;1m   1422928[0m[34;1m     35.56[0m[34;1m      9284[0m[34;1m   1451368[0m[34;1m   6602348[0m[31;1m    165.00[0m[34;1m    617044[0m[34;1m   2087180[0m[34;1m      7776[0m
13:40:46   [34;1m   1002588[0m[34;1m   1287828[0m[34;1m   1422988[0m[34;1m     35.56[0m[34;1m      9284[0m[34;1m   1451552[0m[34;1m   6602348[0m[31;1m    165.00[0m[34;1m    617044[0m[34;1m   2088024[0m[34;22m         0[0m
13:40:47   [34;1m   1002336[0m[34;1m   1288060[0m[34;1m   1422716[0m[34;1m     35.56[0m[34;1m      9296[0m[34;1m   1452052[0m[34;1m   6602348[0m[31;1m    165.00[0m[34;1m    617044[0m[34;1m   2088700[0m[34;1m       396[0m
13:40:48   [34;1m   1001104[0m[34;1m   1287176[0m[34;1m   1423628[0m[34;1m     35.58[0m[34;1m      9304[0m[34;1m   1452352[0m[34;1m   6602348[0m[31;1m    165.00[0m[34;1m    617052[0m[34;1m   2089188[0m[34;1m       692[0m
13:40:49   [34;1m   1000852[0m[34;1m   1287484[0m[34;1m   1423464[0m[34;1m     35.57[0m[34;1m      9304[0m[34;1m   1452764[0m[34;1m   6602348[0m[31;1m    165.00[0m[34;1m    617064[0m[34;1m   2088200[0m[34;1m      1088[0m
13:40:50   [34;1m   1000600[0m[34;1m   1287496[0m[34;1m   1423316[0m[34;1m     35.57[0m[34;1m      9304[0m[34;1m   1453136[0m[34;1m   6602348[0m[31;1m    165.00[0m[34;1m    617064[0m[34;1m   2088676[0m[34;1m      1444[0m
13:40:51   [34;1m    999844[0m[34;1m   1287152[0m[34;1m   1423488[0m[34;1m     35.57[0m[34;1m      9304[0m[34;1m   1453560[0m[34;1m   6607068[0m[31;1m    165.12[0m[34;1m    617064[0m[34;1m   2091476[0m[34;1m      1868[0m
13:40:52   [34;1m    999592[0m[34;1m   1287296[0m[34;1m   1423460[0m[34;1m     35.57[0m[34;1m      9304[0m[34;1m   1453944[0m[34;1m   6607068[0m[31;1m    165.12[0m[34;1m    617064[0m[34;1m   2091988[0m[34;1m      2252[0m
13:40:53   [34;1m    997324[0m[34;1m   1285624[0m[34;1m   1425124[0m[34;1m     35.62[0m[34;1m      9312[0m[34;1m   1454488[0m[34;1m   6607068[0m[31;1m    165.12[0m[34;1m    617068[0m[34;1m   2093116[0m[34;1m      2804[0m
13:40:54   [34;1m    997324[0m[34;1m   1285800[0m[34;1m   1424952[0m[34;1m     35.61[0m[34;1m      9312[0m[34;1m   1454688[0m[34;1m   6602348[0m[31;1m    165.00[0m[34;1m    617072[0m[34;1m   2091968[0m[34;1m      2996[0m
13:40:55   [34;1m    997072[0m[34;1m   1285896[0m[34;1m   1424772[0m[34;1m     35.61[0m[34;1m      9312[0m[34;1m   1455116[0m[34;1m   6602348[0m[31;1m    165.00[0m[34;1m    617072[0m[34;1m   2092064[0m[34;1m      3424[0m
13:40:56   [34;1m    997072[0m[34;1m   1286292[0m[34;1m   1424332[0m[34;1m     35.60[0m[34;1m      9320[0m[34;1m   1455540[0m[34;1m   6602412[0m[31;1m    165.00[0m[34;1m    617072[0m[34;1m   2092632[0m[34;1m      3856[0m
13:40:57   [34;1m    996568[0m[34;1m   1286200[0m[34;1m   1424452[0m[34;1m     35.60[0m[34;1m      9320[0m[34;1m   1455908[0m[34;1m   6602412[0m[31;1m    165.00[0m[34;1m    617080[0m[34;1m   2093360[0m[34;1m      4212[0m
13:40:58   [34;1m    995812[0m[34;1m   1286092[0m[34;1m   1424916[0m[34;1m     35.61[0m[34;1m      9320[0m[34;1m   1456236[0m[34;1m   6602412[0m[31;1m    165.00[0m[34;1m    617080[0m[34;1m   2092432[0m[34;1m      4540[0m
13:40:59   [34;1m    995812[0m[34;1m   1286180[0m[34;1m   1424516[0m[34;1m     35.60[0m[34;1m      9328[0m[34;1m   1456572[0m[34;1m   6602412[0m[31;1m    165.00[0m[34;1m    617080[0m[34;1m   2091744[0m[34;1m      4880[0m
13:41:00   [34;1m    995812[0m[34;1m   1286796[0m[34;1m   1423912[0m[34;1m     35.59[0m[34;1m      9328[0m[34;1m   1457188[0m[34;1m   6602412[0m[31;1m    165.00[0m[34;1m    617088[0m[34;1m   2092704[0m[34;1m      5488[0m
13:41:01   [34;1m    995588[0m[34;1m   1286940[0m[34;1m   1423888[0m[34;1m     35.58[0m[34;1m      9328[0m[34;1m   1457424[0m[34;1m   6602412[0m[31;1m    165.00[0m[34;1m    617088[0m[34;1m   2094072[0m[34;1m      5724[0m
13:41:02   [34;1m    995588[0m[34;1m   1287388[0m[34;1m   1423368[0m[34;1m     35.57[0m[34;1m      9328[0m[34;1m   1457932[0m[34;1m   6602412[0m[31;1m    165.00[0m[34;1m    617088[0m[34;1m   2095380[0m[34;1m      6232[0m
13:41:03   [34;1m    995588[0m[34;1m   1287636[0m[34;1m   1422900[0m[34;1m     35.56[0m[34;1m      9328[0m[34;1m   1458360[0m[34;1m   6602412[0m[31;1m    165.00[0m[34;1m    617084[0m[34;1m   2094020[0m[34;1m      6660[0m
13:41:04   [34;1m    995588[0m[34;1m   1288140[0m[34;1m   1422584[0m[34;1m     35.55[0m[34;1m      9336[0m[34;1m   1458684[0m[34;1m   6602412[0m[31;1m    165.00[0m[34;1m    617088[0m[34;1m   2094720[0m[34;1m      6992[0m
13:41:05   [34;1m    995588[0m[34;1m   1288440[0m[34;1m   1422216[0m[34;1m     35.54[0m[34;1m      9336[0m[34;1m   1459044[0m[34;1m   6602412[0m[31;1m    165.00[0m[34;1m    617096[0m[34;1m   2094964[0m[34;1m      7344[0m
13:41:06   [34;1m    995364[0m[34;1m   1288736[0m[34;1m   1421888[0m[34;1m     35.53[0m[34;1m      9336[0m[34;1m   1459572[0m[34;1m   6602412[0m[31;1m    165.00[0m[34;1m    617096[0m[34;1m   2094512[0m[34;1m      7872[0m
13:41:07   [34;1m    995140[0m[34;1m   1288700[0m[34;1m   1421752[0m[34;1m     35.53[0m[34;1m      9336[0m[34;1m   1459916[0m[34;1m   6602476[0m[31;1m    165.00[0m[34;1m    617096[0m[34;1m   2094820[0m[34;1m       240[0m
13:41:08   [34;1m    995140[0m[34;1m   1289264[0m[34;1m   1421388[0m[34;1m     35.52[0m[34;1m      9356[0m[34;1m   1460276[0m[34;1m   6602476[0m[31;1m    165.00[0m[34;1m    617096[0m[34;1m   2096240[0m[34;1m       764[0m
13:41:09   [34;1m    995140[0m[34;1m   1289572[0m[34;1m   1421072[0m[34;1m     35.51[0m[34;1m      9356[0m[34;1m   1460564[0m[34;1m   6602476[0m[31;1m    165.00[0m[34;1m    617116[0m[34;1m   2096460[0m[34;1m       932[0m
13:41:10   [34;1m    995140[0m[34;1m   1290124[0m[34;1m   1420492[0m[34;1m     35.50[0m[34;1m      9364[0m[34;1m   1461092[0m[34;1m   6602476[0m[31;1m    165.00[0m[34;1m    617116[0m[34;1m   2097852[0m[34;1m      1464[0m
13:41:11   [34;1m    993908[0m[34;1m   1289140[0m[34;1m   1421436[0m[34;1m     35.52[0m[34;1m      9364[0m[34;1m   1461332[0m[34;1m   6607196[0m[31;1m    165.12[0m[34;1m    617124[0m[34;1m   2101068[0m[34;1m      1708[0m
13:41:12   [34;1m   1091192[0m[34;1m   1288432[0m[34;1m   1423000[0m[34;1m     35.56[0m[34;1m      9364[0m[34;1m   1364172[0m[34;1m   6607196[0m[31;1m    165.12[0m[34;1m    617124[0m[34;1m   2003984[0m[34;22m         0[0m
13:41:13   [34;1m   1090944[0m[34;1m   1288576[0m[34;1m   1422872[0m[34;1m     35.56[0m[34;1m      9364[0m[34;1m   1364560[0m[34;1m   6607196[0m[31;1m    165.12[0m[34;1m    617124[0m[34;1m   2004644[0m[34;1m       372[0m
13:41:14   [34;1m   1090692[0m[34;1m   1288832[0m[34;1m   1422604[0m[34;1m     35.55[0m[34;1m      9364[0m[34;1m   1365064[0m[34;1m   6602476[0m[31;1m    165.00[0m[34;1m    617124[0m[34;1m   2003068[0m[34;1m       876[0m
13:41:15   [34;1m   1090468[0m[34;1m   1288892[0m[34;1m   1422584[0m[34;1m     35.55[0m[34;1m      9372[0m[34;1m   1365308[0m[34;1m   6602476[0m[31;1m    165.00[0m[34;1m    617124[0m[34;1m   2002504[0m[34;1m      1128[0m
13:41:16   [34;1m   1090244[0m[34;1m   1289200[0m[34;1m   1422168[0m[34;1m     35.54[0m[34;1m      9372[0m[34;1m   1365948[0m[34;1m   6602476[0m[31;1m    165.00[0m[34;1m    617128[0m[34;1m   2003224[0m[34;1m      1780[0m
13:41:17   [34;1m   1089992[0m[34;1m   1289412[0m[34;1m   1421976[0m[34;1m     35.54[0m[34;1m      9372[0m[34;1m   1366392[0m[34;1m   6602476[0m[31;1m    165.00[0m[34;1m    617128[0m[34;1m   2003852[0m[34;1m      2224[0m
13:41:18   [34;1m   1088984[0m[34;1m   1288504[0m[34;1m   1422896[0m[34;1m     35.56[0m[34;1m      9380[0m[34;1m   1366472[0m[34;1m   6602476[0m[31;1m    165.00[0m[34;1m    617128[0m[34;1m   2004896[0m[34;1m      2312[0m
13:41:19   [34;1m   1087976[0m[34;1m   1287968[0m[34;1m   1423512[0m[34;1m     35.58[0m[34;1m      9380[0m[34;1m   1366892[0m[34;1m   6602476[0m[31;1m    165.00[0m[34;1m    617140[0m[34;1m   2004888[0m[34;1m      2720[0m
13:41:20   [34;1m   1087976[0m[34;1m   1288248[0m[34;1m   1423168[0m[34;1m     35.57[0m[34;1m      9380[0m[34;1m   1367232[0m[34;1m   6602476[0m[31;1m    165.00[0m[34;1m    617140[0m[34;1m   2005744[0m[34;1m      3060[0m
13:41:21   [34;1m   1087976[0m[34;1m   1288776[0m[34;1m   1422640[0m[34;1m     35.55[0m[34;1m      9380[0m[34;1m   1367764[0m[34;1m   6602476[0m[31;1m    165.00[0m[34;1m    617140[0m[34;1m   2006904[0m[34;1m      3544[0m
13:41:22   [34;1m   1087976[0m[34;1m   1289220[0m[34;1m   1422144[0m[34;1m     35.54[0m[34;1m      9380[0m[34;1m   1368260[0m[34;1m   6602476[0m[31;1m    165.00[0m[34;1m    617140[0m[34;1m   2007356[0m[34;1m      4040[0m
13:41:23   [34;1m   1087220[0m[34;1m   1288932[0m[34;1m   1422624[0m[34;1m     35.55[0m[34;1m      9388[0m[34;1m   1368496[0m[34;1m   6602476[0m[31;1m    165.00[0m[34;1m    617140[0m[34;1m   2008576[0m[34;1m      4284[0m
13:41:24   [34;1m   1087092[0m[34;1m   1289144[0m[34;1m   1422348[0m[34;1m     35.55[0m[34;1m      9396[0m[34;1m   1368960[0m[34;1m   6602476[0m[31;1m    165.00[0m[34;1m    617156[0m[34;1m   2008084[0m[34;1m      4736[0m
13:41:25   [34;1m   1086872[0m[34;1m   1289360[0m[34;1m   1422164[0m[34;1m     35.54[0m[34;1m      9396[0m[34;1m   1369364[0m[34;1m   6602476[0m[31;1m    165.00[0m[34;1m    617156[0m[34;1m   2007548[0m[34;1m      5140[0m
13:41:26   [34;1m   1086872[0m[34;1m   1289544[0m[34;1m   1421944[0m[34;1m     35.54[0m[34;1m      9396[0m[34;1m   1369584[0m[34;1m   6602476[0m[31;1m    165.00[0m[34;1m    617156[0m[34;1m   2008012[0m[34;1m      5360[0m
13:41:27   [34;1m   1086368[0m[34;1m   1289488[0m[34;1m   1421812[0m[34;1m     35.53[0m[34;1m      9396[0m[34;1m   1370220[0m[34;1m   6602476[0m[31;1m    165.00[0m[34;1m    617156[0m[34;1m   2008536[0m[34;1m       160[0m
13:41:28   [34;1m   1085612[0m[34;1m   1289168[0m[34;1m   1422476[0m[34;1m     35.55[0m[34;1m      9396[0m[34;1m   1370360[0m[34;1m   6602476[0m[31;1m    165.00[0m[34;1m    617156[0m[34;1m   2009132[0m[34;1m       268[0m
13:41:29   [34;1m   1085612[0m[34;1m   1289596[0m[34;1m   1421860[0m[34;1m     35.53[0m[34;1m      9412[0m[34;1m   1370880[0m[34;1m   6602476[0m[31;1m    165.00[0m[34;1m    617172[0m[34;1m   2009080[0m[34;1m       828[0m
13:41:30   [34;1m   1085360[0m[34;1m   1289768[0m[34;1m   1421636[0m[34;1m     35.53[0m[34;1m      9412[0m[34;1m   1371352[0m[34;1m   6602476[0m[31;1m    165.00[0m[34;1m    617172[0m[34;1m   2009544[0m[34;1m      1300[0m
13:41:31   [34;1m   1084100[0m[34;1m   1288712[0m[34;1m   1422504[0m[34;1m     35.55[0m[34;1m      9412[0m[34;1m   1371588[0m[34;1m   6607196[0m[31;1m    165.12[0m[34;1m    617172[0m[34;1m   2011048[0m[34;1m      1536[0m
13:41:32   [34;1m   1083848[0m[34;1m   1289148[0m[34;1m   1422380[0m[34;1m     35.55[0m[34;1m      9412[0m[34;1m   1372088[0m[34;1m   6607196[0m[31;1m    165.12[0m[34;1m    617172[0m[34;1m   2012228[0m[34;1m      2036[0m
13:41:33   [34;1m   1082084[0m[34;1m   1287648[0m[34;1m   1423756[0m[34;1m     35.58[0m[34;1m      9412[0m[34;1m   1372460[0m[34;1m   6607196[0m[31;1m    165.12[0m[34;1m    617164[0m[34;1m   2013732[0m[34;1m      2408[0m
13:41:34   [34;1m   1081580[0m[34;1m   1287644[0m[34;1m   1423788[0m[34;1m     35.58[0m[34;1m      9420[0m[34;1m   1372936[0m[34;1m   6602476[0m[31;1m    165.00[0m[34;1m    617172[0m[34;1m   2010576[0m[34;1m      2888[0m
13:41:35   [34;1m   1081104[0m[34;1m   1287452[0m[34;1m   1423936[0m[34;1m     35.59[0m[34;1m      9420[0m[34;1m   1373276[0m[34;1m   6602476[0m[31;1m    165.00[0m[34;1m    617172[0m[34;1m   2010800[0m[34;1m      3228[0m
13:41:36   [34;1m   1080600[0m[34;1m   1287384[0m[34;1m   1424044[0m[34;1m     35.59[0m[34;1m      9420[0m[34;1m   1373672[0m[34;1m   6602476[0m[31;1m    165.00[0m[34;1m    617180[0m[34;1m   2011084[0m[34;1m      3624[0m
13:41:37   [34;1m   1078092[0m[34;1m   1284980[0m[34;1m   1426420[0m[34;1m     35.65[0m[34;1m      9420[0m[34;1m   1373796[0m[34;1m   6602476[0m[31;1m    165.00[0m[34;1m    617180[0m[34;1m   2011848[0m[34;1m      3748[0m
13:41:38   [34;1m   1075572[0m[34;1m   1283164[0m[34;1m   1428232[0m[34;1m     35.69[0m[34;1m      9428[0m[34;1m   1374464[0m[34;1m   6602476[0m[31;1m    165.00[0m[34;1m    617192[0m[34;1m   2012800[0m[34;1m      4412[0m
13:41:39   [34;1m   1075068[0m[34;1m   1282760[0m[34;1m   1428644[0m[34;1m     35.70[0m[34;1m      9428[0m[34;1m   1374592[0m[34;1m   6602476[0m[31;1m    165.00[0m[34;1m    617188[0m[34;1m   2013180[0m[34;1m      4540[0m
13:41:40   [34;1m   1074816[0m[34;1m   1283224[0m[34;1m   1428228[0m[34;1m     35.69[0m[34;1m      9428[0m[34;1m   1375284[0m[34;1m   6602476[0m[31;1m    165.00[0m[34;1m    617188[0m[34;1m   2014128[0m[34;1m      5232[0m
13:41:41   [34;1m   1074116[0m[34;1m   1282744[0m[34;1m   1428684[0m[34;1m     35.70[0m[34;1m      9428[0m[34;1m   1375520[0m[34;1m   6602476[0m[31;1m    165.00[0m[34;1m    617188[0m[34;1m   2015000[0m[34;1m      5468[0m
13:41:42   [34;1m   1073612[0m[34;1m   1282744[0m[34;1m   1428692[0m[34;1m     35.70[0m[34;1m      9436[0m[34;1m   1376024[0m[34;1m   6602476[0m[31;1m    165.00[0m[34;1m    617196[0m[34;1m   2015044[0m[34;1m      5972[0m
13:41:43   [34;1m   1072856[0m[34;1m   1282464[0m[34;1m   1428976[0m[34;1m     35.71[0m[34;1m      9436[0m[34;1m   1376480[0m[34;1m   6602476[0m[31;1m    165.00[0m[34;1m    617200[0m[34;1m   2014632[0m[34;1m       308[0m
13:41:44   [34;1m   1072604[0m[34;1m   1282452[0m[34;1m   1429028[0m[34;1m     35.71[0m[34;1m      9436[0m[34;1m   1376712[0m[34;1m   6602476[0m[31;1m    165.00[0m[34;1m    617196[0m[34;1m   2015276[0m[34;1m       540[0m
13:41:45   [34;1m   1072604[0m[34;1m   1282928[0m[34;1m   1428516[0m[34;1m     35.70[0m[34;1m      9436[0m[34;1m   1377224[0m[34;1m   6602476[0m[31;1m    165.00[0m[34;1m    617196[0m[34;1m   2016540[0m[34;1m      1052[0m
13:41:46   [34;1m   1071848[0m[34;1m   1282564[0m[34;1m   1428884[0m[34;1m     35.71[0m[34;1m      9436[0m[34;1m   1377612[0m[34;1m   6606572[0m[31;1m    165.11[0m[34;1m    617196[0m[34;1m   2018860[0m[34;1m      1440[0m
13:41:47   [34;1m   1071348[0m[34;1m   1282328[0m[34;1m   1429116[0m[34;1m     35.72[0m[34;1m      9444[0m[34;1m   1377872[0m[34;1m   6606572[0m[31;1m    165.11[0m[34;1m    617204[0m[34;1m   2019900[0m[34;1m      1700[0m
