Linux 6.6.95 (minikube) 	04/17/26 	_x86_64_	(4 CPU)

13:04:30        CPU     %user     %nice   %system   %iowait    %steal     %idle
13:04:31   [32;22m     all[0m[34;1m      3.06[0m[34;22m      0.00[0m[34;1m      3.57[0m[34;22m      0.00[0m[34;22m      0.00[0m[34;1m     93.37[0m
13:04:32   [32;22m     all[0m[34;1m      3.09[0m[34;22m      0.00[0m[34;1m      3.87[0m[34;22m      0.00[0m[34;22m      0.00[0m[34;1m     93.04[0m
13:04:33   [32;22m     all[0m[34;1m      3.89[0m[34;22m      0.00[0m[34;1m      4.92[0m[34;22m      0.00[0m[34;22m      0.00[0m[34;1m     91.19[0m
13:04:34   [32;22m     all[0m[34;1m      4.16[0m[34;22m      0.00[0m[34;1m      5.19[0m[34;22m      0.00[0m[34;22m      0.00[0m[34;1m     90.65[0m
13:04:35   [32;22m     all[0m[34;1m      4.19[0m[34;22m      0.00[0m[34;1m      5.24[0m[34;22m      0.00[0m[34;22m      0.00[0m[34;1m     90.58[0m
13:04:36   [32;22m     all[0m[34;1m      3.92[0m[34;22m      0.00[0m[34;1m      5.74[0m[34;22m      0.00[0m[34;22m      0.00[0m[34;1m     90.34[0m
13:04:37   [32;22m     all[0m[34;1m      5.26[0m[34;22m      0.00[0m[34;1m      6.32[0m[34;22m      0.00[0m[34;22m      0.00[0m[34;1m     88.42[0m
13:04:38   [32;22m     all[0m[34;1m      5.45[0m[34;22m      0.00[0m[34;1m      8.31[0m[34;22m      0.00[0m[34;22m      0.00[0m[34;1m     86.23[0m
13:04:39   [32;22m     all[0m[34;1m      7.16[0m[34;22m      0.00[0m[34;1m      9.55[0m[34;22m      0.00[0m[34;22m      0.00[0m[34;1m     83.29[0m
13:04:40   [32;22m     all[0m[34;1m      6.61[0m[34;22m      0.00[0m[34;1m     10.32[0m[34;22m      0.00[0m[34;22m      0.00[0m[34;1m     83.07[0m
13:04:41   [32;22m     all[0m[34;1m      6.86[0m[34;22m      0.00[0m[34;1m      8.97[0m[34;22m      0.00[0m[34;22m      0.00[0m[34;1m     84.17[0m
13:04:42   [32;22m     all[0m[34;1m      8.31[0m[34;22m      0.00[0m[34;1m     11.80[0m[34;22m      0.00[0m[34;22m      0.00[0m[34;1m     79.89[0m
13:04:43   [32;22m     all[0m[34;1m      9.43[0m[34;22m      0.00[0m[34;1m     13.75[0m[34;22m      0.00[0m[34;22m      0.00[0m[34;1m     76.82[0m
13:04:44   [32;22m     all[0m[34;1m      7.41[0m[34;22m      0.00[0m[34;1m     13.23[0m[34;22m      0.00[0m[34;22m      0.00[0m[34;1m     79.37[0m
13:04:45   [32;22m     all[0m[34;1m      8.42[0m[34;22m      0.00[0m[34;1m     13.04[0m[34;22m      0.00[0m[34;22m      0.00[0m[34;1m     78.53[0m
13:04:46   [32;22m     all[0m[34;1m      9.92[0m[34;22m      0.00[0m[34;1m     12.60[0m[34;1m      0.27[0m[34;22m      0.00[0m[34;1m     77.21[0m
13:04:47   [32;22m     all[0m[34;1m      8.40[0m[34;22m      0.00[0m[34;1m     14.09[0m[34;1m      0.27[0m[34;22m      0.00[0m[34;1m     77.24[0m
13:04:48   [32;22m     all[0m[34;1m     10.60[0m[34;22m      0.00[0m[34;1m     14.95[0m[34;22m      0.00[0m[34;22m      0.00[0m[34;1m     74.46[0m
13:04:49   [32;22m     all[0m[34;1m      9.76[0m[34;22m      0.00[0m[34;1m     15.99[0m[34;22m      0.00[0m[34;22m      0.00[0m[34;1m     74.25[0m
13:04:50   [32;22m     all[0m[34;1m      9.78[0m[34;22m      0.00[0m[34;1m     14.95[0m[34;22m      0.00[0m[34;22m      0.00[0m[34;1m     75.27[0m
13:04:51   [32;22m     all[0m[34;1m     10.54[0m[34;22m      0.00[0m[34;1m     15.14[0m[34;22m      0.00[0m[34;22m      0.00[0m[34;1m     74.32[0m
13:04:52   [32;22m     all[0m[34;1m     10.22[0m[34;22m      0.00[0m[34;1m     17.40[0m[34;22m      0.00[0m[34;22m      0.00[0m[34;1m     72.38[0m
13:04:53   [32;22m     all[0m[34;1m     10.54[0m[34;22m      0.00[0m[34;1m     15.95[0m[34;22m      0.00[0m[34;22m      0.00[0m[34;1m     73.51[0m
13:04:54   [32;22m     all[0m[34;1m     10.08[0m[34;22m      0.00[0m[34;1m     17.98[0m[34;22m      0.00[0m[34;22m      0.00[0m[34;1m     71.93[0m
13:04:55   [32;22m     all[0m[34;1m     10.93[0m[34;22m      0.00[0m[34;1m     18.03[0m[34;22m      0.00[0m[34;22m      0.00[0m[34;1m     71.04[0m
13:04:56   [32;22m     all[0m[34;1m     12.61[0m[34;22m      0.00[0m[34;1m     20.45[0m[34;22m      0.00[0m[34;22m      0.00[0m[34;1m     66.95[0m
13:04:57   [32;22m     all[0m[34;1m     13.11[0m[34;22m      0.00[0m[34;1m     18.58[0m[34;1m      0.27[0m[34;22m      0.00[0m[34;1m     68.03[0m
13:04:58   [32;22m     all[0m[34;1m     10.99[0m[34;22m      0.00[0m[34;1m     18.96[0m[34;22m      0.00[0m[34;22m      0.00[0m[34;1m     70.05[0m
13:04:59   [32;22m     all[0m[34;1m     14.09[0m[34;22m      0.00[0m[34;1m     23.76[0m[34;22m      0.00[0m[34;22m      0.00[0m[34;1m     62.15[0m
13:05:00   [32;22m     all[0m[34;1m     12.84[0m[34;22m      0.00[0m[34;1m     20.77[0m[34;22m      0.00[0m[34;22m      0.00[0m[34;1m     66.39[0m
13:05:01   [32;22m     all[0m[34;1m     11.17[0m[34;22m      0.00[0m[34;1m     19.27[0m[34;22m      0.00[0m[34;22m      0.00[0m[34;1m     69.55[0m
13:05:02   [32;22m     all[0m[34;1m     11.26[0m[34;22m      0.00[0m[34;1m     18.13[0m[34;22m      0.00[0m[34;22m      0.00[0m[34;1m     70.60[0m
13:05:03   [32;22m     all[0m[34;1m     11.76[0m[34;22m      0.00[0m[34;1m     17.93[0m[34;22m      0.00[0m[34;22m      0.00[0m[34;1m     70.31[0m
13:05:04   [32;22m     all[0m[34;1m     13.22[0m[34;22m      0.00[0m[34;1m     22.31[0m[34;22m      0.00[0m[34;22m      0.00[0m[34;1m     64.46[0m
13:05:05   [32;22m     all[0m[34;1m     11.61[0m[34;22m      0.00[0m[34;1m     21.25[0m[34;22m      0.00[0m[34;22m      0.00[0m[34;1m     67.14[0m
13:05:06   [32;22m     all[0m[34;1m     11.20[0m[34;22m      0.00[0m[34;1m     18.21[0m[34;22m      0.00[0m[34;22m      0.00[0m[34;1m     70.59[0m
13:05:07   [32;22m     all[0m[34;1m     12.89[0m[34;22m      0.00[0m[34;1m     19.33[0m[34;22m      0.00[0m[34;22m      0.00[0m[34;1m     67.79[0m
13:05:08   [32;22m     all[0m[34;1m     12.43[0m[34;22m      0.00[0m[34;1m     20.17[0m[34;22m      0.00[0m[34;22m      0.00[0m[34;1m     67.40[0m
13:05:09   [32;22m     all[0m[34;1m     13.20[0m[34;22m      0.00[0m[34;1m     20.22[0m[34;22m      0.00[0m[34;22m      0.00[0m[34;1m     66.57[0m
13:05:10   [32;22m     all[0m[34;1m     11.60[0m[34;22m      0.00[0m[34;1m     19.34[0m[34;22m      0.00[0m[34;22m      0.00[0m[34;1m     69.06[0m
13:05:11   [32;22m     all[0m[34;1m     11.57[0m[34;22m      0.00[0m[34;1m     17.63[0m[34;22m      0.00[0m[34;22m      0.00[0m[34;1m     70.80[0m
13:05:12   [32;22m     all[0m[34;1m     12.43[0m[34;22m      0.00[0m[34;1m     19.34[0m[34;22m      0.00[0m[34;22m      0.00[0m[34;1m     68.23[0m
13:05:13   [32;22m     all[0m[34;1m     14.97[0m[34;22m      0.00[0m[34;1m     21.47[0m[34;22m      0.00[0m[34;22m      0.00[0m[34;1m     63.56[0m
13:05:14   [32;22m     all[0m[34;1m     13.13[0m[34;22m      0.00[0m[34;1m     23.18[0m[34;22m      0.00[0m[34;22m      0.00[0m[34;1m     63.69[0m
13:05:15   [32;22m     all[0m[34;1m     13.56[0m[34;22m      0.00[0m[34;1m     21.19[0m[34;22m      0.00[0m[34;22m      0.00[0m[34;1m     65.25[0m
13:05:16   [32;22m     all[0m[34;1m     11.14[0m[34;22m      0.00[0m[34;1m     20.06[0m[34;22m      0.00[0m[34;22m      0.00[0m[34;1m     68.80[0m
13:05:17   [32;22m     all[0m[34;1m     16.06[0m[34;22m      0.00[0m[34;1m     23.66[0m[34;22m      0.00[0m[34;22m      0.00[0m[34;1m     60.28[0m
13:05:18   [32;22m     all[0m[34;1m     12.04[0m[34;22m      0.00[0m[34;1m     20.45[0m[34;22m      0.00[0m[34;22m      0.00[0m[34;1m     67.51[0m
13:05:19   [32;22m     all[0m[34;1m     11.67[0m[34;22m      0.00[0m[34;1m     17.50[0m[34;22m      0.00[0m[34;22m      0.00[0m[34;1m     70.83[0m
13:05:20   [32;22m     all[0m[34;1m      9.80[0m[34;22m      0.00[0m[34;1m     17.09[0m[34;22m      0.00[0m[34;22m      0.00[0m[34;1m     73.11[0m
13:05:21   [32;22m     all[0m[34;1m     12.61[0m[34;22m      0.00[0m[34;1m     17.37[0m[34;22m      0.00[0m[34;22m      0.00[0m[34;1m     70.03[0m
13:05:22   [32;22m     all[0m[34;1m     12.15[0m[34;22m      0.00[0m[34;1m     20.90[0m[34;22m      0.00[0m[34;22m      0.00[0m[34;1m     66.95[0m
13:05:23   [32;22m     all[0m[34;1m     12.09[0m[34;22m      0.00[0m[34;1m     20.88[0m[34;22m      0.00[0m[34;22m      0.00[0m[34;1m     67.03[0m
13:05:24   [32;22m     all[0m[34;1m     11.42[0m[34;22m      0.00[0m[34;1m     17.83[0m[34;22m      0.00[0m[34;22m      0.00[0m[34;1m     70.75[0m
13:05:25   [32;22m     all[0m[34;1m     11.11[0m[34;22m      0.00[0m[34;1m     17.50[0m[34;22m      0.00[0m[34;22m      0.00[0m[34;1m     71.39[0m
13:05:26   [32;22m     all[0m[34;1m     13.73[0m[34;22m      0.00[0m[34;1m     17.37[0m[34;22m      0.00[0m[34;22m      0.00[0m[34;1m     68.91[0m
13:05:27   [32;22m     all[0m[34;1m     12.39[0m[34;22m      0.00[0m[34;1m     20.00[0m[34;22m      0.00[0m[34;22m      0.00[0m[34;1m     67.61[0m
13:05:28   [32;22m     all[0m[34;1m     11.08[0m[34;22m      0.00[0m[34;1m     18.84[0m[34;22m      0.00[0m[34;22m      0.00[0m[34;1m     70.08[0m
13:05:29   [32;22m     all[0m[34;1m     11.14[0m[34;22m      0.00[0m[34;1m     17.27[0m[34;1m      0.28[0m[34;22m      0.00[0m[34;1m     71.31[0m
13:05:30   [32;22m     all[0m[34;1m     11.52[0m[34;22m      0.00[0m[34;1m     17.70[0m[34;22m      0.00[0m[34;22m      0.00[0m[34;1m     70.79[0m
13:05:31   [32;22m     all[0m[34;1m     10.39[0m[34;22m      0.00[0m[34;1m     18.54[0m[34;22m      0.00[0m[34;22m      0.00[0m[34;1m     71.07[0m
13:05:32   [32;22m     all[0m[34;1m     11.70[0m[34;22m      0.00[0m[34;1m     18.11[0m[34;22m      0.00[0m[34;22m      0.00[0m[34;1m     70.19[0m
13:05:33   [32;22m     all[0m[34;1m     16.19[0m[34;22m      0.00[0m[34;1m     24.72[0m[34;22m      0.00[0m[34;22m      0.00[0m[34;1m     59.09[0m
13:05:34   [32;22m     all[0m[34;1m     13.65[0m[34;22m      0.00[0m[34;1m     18.94[0m[34;22m      0.00[0m[34;22m      0.00[0m[34;1m     67.41[0m
13:05:35   [32;22m     all[0m[34;1m     11.24[0m[34;22m      0.00[0m[34;1m     17.42[0m[34;22m      0.00[0m[34;22m      0.00[0m[34;1m     71.35[0m
13:05:36   [32;22m     all[0m[34;1m     12.04[0m[34;22m      0.00[0m[34;1m     17.09[0m[34;22m      0.00[0m[34;22m      0.00[0m[34;1m     70.87[0m
13:05:37   [32;22m     all[0m[34;1m     12.75[0m[34;22m      0.00[0m[34;1m     17.85[0m[34;22m      0.00[0m[34;22m      0.00[0m[34;1m     69.41[0m
13:05:38   [32;22m     all[0m[34;1m     13.60[0m[34;22m      0.00[0m[34;1m     20.96[0m[34;22m      0.00[0m[34;22m      0.00[0m[34;1m     65.44[0m
13:05:39   [32;22m     all[0m[34;1m     12.53[0m[34;22m      0.00[0m[34;1m     18.11[0m[34;22m      0.00[0m[34;22m      0.00[0m[34;1m     69.36[0m
13:05:40   [32;22m     all[0m[34;1m     12.64[0m[34;22m      0.00[0m[34;1m     19.23[0m[34;22m      0.00[0m[34;22m      0.00[0m[34;1m     68.13[0m
13:05:41   [32;22m     all[0m[34;1m     10.61[0m[34;22m      0.00[0m[34;1m     17.04[0m[34;22m      0.00[0m[34;22m      0.00[0m[34;1m     72.35[0m
13:05:42   [32;22m     all[0m[34;1m     13.28[0m[34;22m      0.00[0m[34;1m     19.49[0m[34;22m      0.00[0m[34;22m      0.00[0m[34;1m     67.23[0m
13:05:43   [32;22m     all[0m[34;1m     14.61[0m[34;22m      0.00[0m[34;1m     21.63[0m[34;22m      0.00[0m[34;22m      0.00[0m[34;1m     63.76[0m
13:05:44   [32;22m     all[0m[34;1m     13.02[0m[34;22m      0.00[0m[34;1m     19.67[0m[34;22m      0.00[0m[34;22m      0.00[0m[34;1m     67.31[0m
13:05:45   [32;22m     all[0m[34;1m     13.09[0m[34;22m      0.00[0m[34;1m     20.89[0m[34;1m      0.28[0m[34;22m      0.00[0m[34;1m     65.74[0m
13:05:46   [32;22m     all[0m[34;1m     11.39[0m[34;22m      0.00[0m[34;1m     18.33[0m[34;22m      0.00[0m[34;22m      0.00[0m[34;1m     70.28[0m
13:05:47   [32;22m     all[0m[34;1m     12.43[0m[34;22m      0.00[0m[34;1m     20.17[0m[34;22m      0.00[0m[34;22m      0.00[0m[34;1m     67.40[0m
13:05:48   [32;22m     all[0m[34;1m     12.29[0m[34;22m      0.00[0m[34;1m     19.27[0m[34;22m      0.00[0m[34;22m      0.00[0m[34;1m     68.44[0m
13:05:49   [32;22m     all[0m[34;1m     11.45[0m[34;22m      0.00[0m[34;1m     18.72[0m[34;22m      0.00[0m[34;22m      0.00[0m[34;1m     69.83[0m
13:05:50   [32;22m     all[0m[34;1m     11.24[0m[34;22m      0.00[0m[34;1m     20.22[0m[34;22m      0.00[0m[34;22m      0.00[0m[34;1m     68.54[0m
13:05:51   [32;22m     all[0m[34;1m     10.67[0m[34;22m      0.00[0m[34;1m     17.13[0m[34;22m      0.00[0m[34;22m      0.00[0m[34;1m     72.19[0m
13:05:52   [32;22m     all[0m[34;1m     11.39[0m[34;22m      0.00[0m[34;1m     19.72[0m[34;22m      0.00[0m[34;22m      0.00[0m[34;1m     68.89[0m
13:05:53   [32;22m     all[0m[34;1m     11.83[0m[34;22m      0.00[0m[34;1m     19.44[0m[34;22m      0.00[0m[34;22m      0.00[0m[34;1m     68.73[0m
13:05:54   [32;22m     all[0m[34;1m     14.20[0m[34;22m      0.00[0m[34;1m     20.74[0m[34;22m      0.00[0m[34;22m      0.00[0m[34;1m     65.06[0m
13:05:55   [32;22m     all[0m[34;1m     12.40[0m[34;22m      0.00[0m[34;1m     20.39[0m[34;22m      0.00[0m[34;22m      0.00[0m[34;1m     67.22[0m
13:05:56   [32;22m     all[0m[34;1m     13.52[0m[34;22m      0.00[0m[34;1m     21.41[0m[34;22m      0.00[0m[34;22m      0.00[0m[34;1m     65.07[0m
13:05:57   [32;22m     all[0m[34;1m     12.99[0m[34;22m      0.00[0m[34;1m     20.34[0m[34;22m      0.00[0m[34;22m      0.00[0m[34;1m     66.67[0m
13:05:58   [32;22m     all[0m[34;1m     11.91[0m[34;22m      0.00[0m[34;1m     19.39[0m[34;22m      0.00[0m[34;22m      0.00[0m[34;1m     68.70[0m
13:05:59   [32;22m     all[0m[34;1m     12.89[0m[34;22m      0.00[0m[34;1m     19.61[0m[34;22m      0.00[0m[34;22m      0.00[0m[34;1m     67.51[0m
13:06:00   [32;22m     all[0m[34;1m     10.64[0m[34;22m      0.00[0m[34;1m     18.49[0m[34;22m      0.00[0m[34;22m      0.00[0m[34;1m     70.87[0m
13:06:01   [32;22m     all[0m[34;1m     11.67[0m[34;22m      0.00[0m[34;1m     18.61[0m[34;1m      0.28[0m[34;22m      0.00[0m[34;1m     69.44[0m
13:06:02   [32;22m     all[0m[34;1m     11.48[0m[34;22m      0.00[0m[34;1m     16.53[0m[34;22m      0.00[0m[34;22m      0.00[0m[34;1m     71.99[0m
13:06:03   [32;22m     all[0m[34;1m     12.29[0m[34;22m      0.00[0m[34;1m     18.72[0m[34;22m      0.00[0m[34;22m      0.00[0m[34;1m     68.99[0m
13:06:04   [32;22m     all[0m[34;1m     11.17[0m[34;22m      0.00[0m[34;1m     18.99[0m[34;22m      0.00[0m[34;22m      0.00[0m[34;1m     69.83[0m
13:06:05   [32;22m     all[0m[34;1m     10.14[0m[34;22m      0.00[0m[34;1m     17.75[0m[34;22m      0.00[0m[34;22m      0.00[0m[34;1m     72.11[0m
13:06:06   [32;22m     all[0m[34;1m     11.76[0m[34;22m      0.00[0m[34;1m     19.05[0m[34;22m      0.00[0m[34;22m      0.00[0m[34;1m     69.19[0m
13:06:07   [32;22m     all[0m[34;1m     14.33[0m[34;22m      0.00[0m[34;1m     20.22[0m[34;22m      0.00[0m[34;22m      0.00[0m[34;1m     65.45[0m
13:06:08   [32;22m     all[0m[34;1m     12.04[0m[34;22m      0.00[0m[34;1m     19.05[0m[34;22m      0.00[0m[34;22m      0.00[0m[34;1m     68.91[0m
13:06:09   [32;22m     all[0m[34;1m     12.26[0m[34;22m      0.00[0m[34;1m     18.66[0m[34;22m      0.00[0m[34;22m      0.00[0m[34;1m     69.08[0m
13:06:10   [32;22m     all[0m[34;1m     10.80[0m[34;22m      0.00[0m[34;1m     18.01[0m[34;22m      0.00[0m[34;22m      0.00[0m[34;1m     71.19[0m
13:06:11   [32;22m     all[0m[34;1m     11.45[0m[34;22m      0.00[0m[34;1m     18.99[0m[34;22m      0.00[0m[34;22m      0.00[0m[34;1m     69.55[0m
13:06:12   [32;22m     all[0m[34;1m     12.50[0m[34;22m      0.00[0m[34;1m     16.67[0m[34;22m      0.00[0m[34;22m      0.00[0m[34;1m     70.83[0m
13:06:13   [32;22m     all[0m[34;1m     12.04[0m[34;22m      0.00[0m[34;1m     19.89[0m[34;22m      0.00[0m[34;22m      0.00[0m[34;1m     68.07[0m
13:06:14   [32;22m     all[0m[34;1m     12.96[0m[34;22m      0.00[0m[34;1m     21.13[0m[34;22m      0.00[0m[34;22m      0.00[0m[34;1m     65.92[0m
13:06:15   [32;22m     all[0m[34;1m     13.61[0m[34;22m      0.00[0m[34;1m     20.56[0m[34;22m      0.00[0m[34;22m      0.00[0m[34;1m     65.83[0m
13:06:16   [32;22m     all[0m[34;1m     12.01[0m[34;22m      0.00[0m[34;1m     17.88[0m[34;22m      0.00[0m[34;22m      0.00[0m[34;1m     70.11[0m
13:06:17   [32;22m     all[0m[34;1m     13.45[0m[34;22m      0.00[0m[34;1m     20.17[0m[34;22m      0.00[0m[34;22m      0.00[0m[34;1m     66.39[0m
13:06:18   [32;22m     all[0m[34;1m     13.68[0m[34;22m      0.00[0m[34;1m     21.65[0m[34;22m      0.00[0m[34;22m      0.00[0m[34;1m     64.67[0m
13:06:19   [32;22m     all[0m[34;1m     11.57[0m[34;22m      0.00[0m[34;1m     17.36[0m[34;22m      0.00[0m[34;22m      0.00[0m[34;1m     71.07[0m
13:06:20   [32;22m     all[0m[34;1m     13.17[0m[34;22m      0.00[0m[34;1m     20.73[0m[34;22m      0.00[0m[34;22m      0.00[0m[34;1m     66.11[0m
13:06:21   [32;22m     all[0m[34;1m     10.89[0m[34;22m      0.00[0m[34;1m     17.32[0m[34;22m      0.00[0m[34;22m      0.00[0m[34;1m     71.79[0m
13:06:22   [32;22m     all[0m[34;1m     12.04[0m[34;22m      0.00[0m[34;1m     20.17[0m[34;22m      0.00[0m[34;22m      0.00[0m[34;1m     67.79[0m
13:06:23   [32;22m     all[0m[34;1m     12.89[0m[34;22m      0.00[0m[34;1m     20.17[0m[34;22m      0.00[0m[34;22m      0.00[0m[34;1m     66.95[0m
13:06:24   [32;22m     all[0m[34;1m     14.37[0m[34;22m      0.00[0m[34;1m     21.97[0m[34;22m      0.00[0m[34;22m      0.00[0m[34;1m     63.66[0m
13:06:25   [32;22m     all[0m[34;1m     12.71[0m[34;22m      0.00[0m[34;1m     19.89[0m[34;22m      0.00[0m[34;22m      0.00[0m[34;1m     67.40[0m
13:06:26   [32;22m     all[0m[34;1m     12.61[0m[34;22m      0.00[0m[34;1m     20.06[0m[34;22m      0.00[0m[34;22m      0.00[0m[34;1m     67.34[0m
13:06:27   [32;22m     all[0m[34;1m     12.50[0m[34;22m      0.00[0m[34;1m     20.00[0m[34;22m      0.00[0m[34;22m      0.00[0m[34;1m     67.50[0m
13:06:28   [32;22m     all[0m[34;1m     12.85[0m[34;22m      0.00[0m[34;1m     19.83[0m[34;22m      0.00[0m[34;22m      0.00[0m[34;1m     67.32[0m
13:06:29   [32;22m     all[0m[34;1m     12.46[0m[34;22m      0.00[0m[34;1m     17.28[0m[34;22m      0.00[0m[34;22m      0.00[0m[34;1m     70.25[0m
13:06:30   [32;22m     all[0m[34;1m     12.01[0m[34;22m      0.00[0m[34;1m     20.67[0m[34;22m      0.00[0m[34;22m      0.00[0m[34;1m     67.32[0m
13:06:31   [32;22m     all[0m[34;1m     13.60[0m[34;22m      0.00[0m[34;1m     21.81[0m[34;22m      0.00[0m[34;22m      0.00[0m[34;1m     64.59[0m
13:06:32   [32;22m     all[0m[34;1m     12.57[0m[34;22m      0.00[0m[34;1m     20.67[0m[34;22m      0.00[0m[34;22m      0.00[0m[34;1m     66.76[0m
13:06:33   [32;22m     all[0m[34;1m     13.76[0m[34;22m      0.00[0m[34;1m     19.66[0m[34;22m      0.00[0m[34;22m      0.00[0m[34;1m     66.57[0m
13:06:34   [32;22m     all[0m[34;1m     14.12[0m[34;22m      0.00[0m[34;1m     20.06[0m[34;22m      0.00[0m[34;22m      0.00[0m[34;1m     65.82[0m
13:06:35   [32;22m     all[0m[34;1m     12.04[0m[34;22m      0.00[0m[34;1m     19.61[0m[34;22m      0.00[0m[34;22m      0.00[0m[34;1m     68.35[0m
13:06:36   [32;22m     all[0m[34;1m     12.50[0m[34;22m      0.00[0m[34;1m     20.00[0m[34;22m      0.00[0m[34;22m      0.00[0m[34;1m     67.50[0m
13:06:37   [32;22m     all[0m[34;1m     13.85[0m[34;22m      0.00[0m[34;1m     18.56[0m[34;22m      0.00[0m[34;22m      0.00[0m[34;1m     67.59[0m
13:06:38   [32;22m     all[0m[34;1m     12.29[0m[34;22m      0.00[0m[34;1m     20.39[0m[34;22m      0.00[0m[34;22m      0.00[0m[34;1m     67.32[0m
13:06:39   [32;22m     all[0m[34;1m     13.69[0m[34;22m      0.00[0m[34;1m     19.83[0m[34;22m      0.00[0m[34;22m      0.00[0m[34;1m     66.48[0m
13:06:40   [32;22m     all[0m[34;1m      9.72[0m[34;22m      0.00[0m[34;1m     16.94[0m[34;22m      0.00[0m[34;22m      0.00[0m[34;1m     73.33[0m
13:06:41   [32;22m     all[0m[34;1m     13.13[0m[34;22m      0.00[0m[34;1m     18.72[0m[34;22m      0.00[0m[34;22m      0.00[0m[34;1m     68.16[0m
13:06:42   [32;22m     all[0m[34;1m     12.85[0m[34;22m      0.00[0m[34;1m     18.16[0m[34;22m      0.00[0m[34;22m      0.00[0m[34;1m     68.99[0m
13:06:43   [32;22m     all[0m[34;1m     13.54[0m[34;22m      0.00[0m[34;1m     18.23[0m[34;22m      0.00[0m[34;22m      0.00[0m[34;1m     68.23[0m
13:06:44   [32;22m     all[0m[34;1m     13.06[0m[34;22m      0.00[0m[34;1m     21.39[0m[34;22m      0.00[0m[34;22m      0.00[0m[34;1m     65.56[0m
13:06:45   [32;22m     all[0m[34;1m     13.06[0m[34;22m      0.00[0m[34;1m     20.83[0m[34;22m      0.00[0m[34;22m      0.00[0m[34;1m     66.11[0m
13:06:46   [32;22m     all[0m[34;1m     12.46[0m[34;22m      0.00[0m[34;1m     20.40[0m[34;22m      0.00[0m[34;22m      0.00[0m[34;1m     67.14[0m
13:06:47   [32;22m     all[0m[34;1m     13.65[0m[34;22m      0.00[0m[34;1m     20.06[0m[34;1m      0.28[0m[34;22m      0.00[0m[34;1m     66.02[0m
13:06:48   [32;22m     all[0m[34;1m     12.01[0m[34;22m      0.00[0m[34;1m     18.44[0m[34;22m      0.00[0m[34;22m      0.00[0m[34;1m     69.55[0m
13:06:49   [32;22m     all[0m[34;1m     12.61[0m[34;22m      0.00[0m[34;1m     21.01[0m[34;22m      0.00[0m[34;22m      0.00[0m[34;1m     66.39[0m
13:06:50   [32;22m     all[0m[34;1m     12.32[0m[34;22m      0.00[0m[34;1m     20.73[0m[34;22m      0.00[0m[34;22m      0.00[0m[34;1m     66.95[0m
13:06:51   [32;22m     all[0m[34;1m     13.37[0m[34;22m      0.00[0m[34;1m     18.66[0m[34;22m      0.00[0m[34;22m      0.00[0m[34;1m     67.97[0m
13:06:52   [32;22m     all[0m[34;1m     12.15[0m[34;22m      0.00[0m[34;1m     20.34[0m[34;22m      0.00[0m[34;22m      0.00[0m[34;1m     67.51[0m
13:06:53   [32;22m     all[0m[34;1m     12.11[0m[34;22m      0.00[0m[34;1m     18.59[0m[34;22m      0.00[0m[34;22m      0.00[0m[34;1m     69.30[0m
13:06:54   [32;22m     all[0m[34;1m     13.48[0m[34;22m      0.00[0m[34;1m     22.47[0m[34;22m      0.00[0m[34;22m      0.00[0m[34;1m     64.04[0m
13:06:55   [32;22m     all[0m[34;1m     14.29[0m[34;22m      0.00[0m[34;1m     22.57[0m[34;22m      0.00[0m[34;22m      0.00[0m[34;1m     63.14[0m
13:06:56   [32;22m     all[0m[34;1m     13.54[0m[34;22m      0.00[0m[34;1m     21.55[0m[34;22m      0.00[0m[34;22m      0.00[0m[34;1m     64.92[0m
13:06:57   [32;22m     all[0m[34;1m     13.84[0m[34;22m      0.00[0m[34;1m     20.90[0m[34;22m      0.00[0m[34;22m      0.00[0m[34;1m     65.25[0m
13:06:58   [32;22m     all[0m[34;1m     15.73[0m[34;22m      0.00[0m[34;1m     21.91[0m[34;22m      0.00[0m[34;22m      0.00[0m[34;1m     62.36[0m
13:06:59   [32;22m     all[0m[34;1m     11.85[0m[34;22m      0.00[0m[34;1m     17.91[0m[34;22m      0.00[0m[34;22m      0.00[0m[34;1m     70.25[0m
13:07:00   [32;22m     all[0m[34;1m     13.20[0m[34;22m      0.00[0m[34;1m     21.91[0m[34;22m      0.00[0m[34;22m      0.00[0m[34;1m     64.89[0m
13:07:01   [32;22m     all[0m[34;1m     11.14[0m[34;22m      0.00[0m[34;1m     16.16[0m[34;22m      0.00[0m[34;22m      0.00[0m[34;1m     72.70[0m
13:07:02   [32;22m     all[0m[34;1m     11.24[0m[34;22m      0.00[0m[34;1m     19.94[0m[34;22m      0.00[0m[34;22m      0.00[0m[34;1m     68.82[0m
13:07:03   [32;22m     all[0m[34;1m     12.36[0m[34;22m      0.00[0m[34;1m     20.51[0m[34;22m      0.00[0m[34;22m      0.00[0m[34;1m     67.13[0m
13:07:04   [32;22m     all[0m[34;1m     13.52[0m[34;22m      0.00[0m[34;1m     21.13[0m[34;22m      0.00[0m[34;22m      0.00[0m[34;1m     65.35[0m
13:07:05   [32;22m     all[0m[34;1m     12.29[0m[34;22m      0.00[0m[34;1m     21.23[0m[34;22m      0.00[0m[34;22m      0.00[0m[34;1m     66.48[0m
13:07:06   [32;22m     all[0m[34;1m     10.50[0m[34;22m      0.00[0m[34;1m     18.51[0m[34;22m      0.00[0m[34;22m      0.00[0m[34;1m     70.99[0m
13:07:07   [32;22m     all[0m[34;1m     12.68[0m[34;22m      0.00[0m[34;1m     18.87[0m[34;22m      0.00[0m[34;22m      0.00[0m[34;1m     68.45[0m
13:07:08   [32;22m     all[0m[34;1m     13.09[0m[34;22m      0.00[0m[34;1m     20.61[0m[34;22m      0.00[0m[34;22m      0.00[0m[34;1m     66.30[0m
13:07:09   [32;22m     all[0m[34;1m     13.06[0m[34;22m      0.00[0m[34;1m     21.11[0m[34;1m      0.28[0m[34;22m      0.00[0m[34;1m     65.56[0m
13:07:10   [32;22m     all[0m[34;1m     12.01[0m[34;22m      0.00[0m[34;1m     19.55[0m[34;22m      0.00[0m[34;22m      0.00[0m[34;1m     68.44[0m
13:07:11   [32;22m     all[0m[34;1m     12.98[0m[34;22m      0.00[0m[34;1m     19.34[0m[34;22m      0.00[0m[34;22m      0.00[0m[34;1m     67.68[0m
13:07:12   [32;22m     all[0m[34;1m     11.67[0m[34;22m      0.00[0m[34;1m     19.17[0m[34;22m      0.00[0m[34;22m      0.00[0m[34;1m     69.17[0m
13:07:13   [32;22m     all[0m[34;1m     13.30[0m[34;22m      0.00[0m[34;1m     18.56[0m[34;22m      0.00[0m[34;22m      0.00[0m[34;1m     68.14[0m
13:07:14   [32;22m     all[0m[34;1m     13.17[0m[34;22m      0.00[0m[34;1m     20.17[0m[34;22m      0.00[0m[34;22m      0.00[0m[34;1m     66.67[0m
13:07:15   [32;22m     all[0m[34;1m     12.08[0m[34;22m      0.00[0m[34;1m     18.26[0m[34;1m      0.28[0m[34;22m      0.00[0m[34;1m     69.38[0m
13:07:16   [32;22m     all[0m[34;1m     12.29[0m[34;22m      0.00[0m[34;1m     17.88[0m[34;22m      0.00[0m[34;22m      0.00[0m[34;1m     69.83[0m
13:07:17   [32;22m     all[0m[34;1m     12.89[0m[34;22m      0.00[0m[34;1m     17.37[0m[34;22m      0.00[0m[34;22m      0.00[0m[34;1m     69.75[0m
13:07:18   [32;22m     all[0m[34;1m     13.13[0m[34;22m      0.00[0m[34;1m     18.99[0m[34;22m      0.00[0m[34;22m      0.00[0m[34;1m     67.88[0m
13:07:19   [32;22m     all[0m[34;1m     13.52[0m[34;22m      0.00[0m[34;1m     22.25[0m[34;22m      0.00[0m[34;22m      0.00[0m[34;1m     64.23[0m
13:07:20   [32;22m     all[0m[34;1m     11.20[0m[34;22m      0.00[0m[34;1m     18.49[0m[34;22m      0.00[0m[34;22m      0.00[0m[34;1m     70.31[0m
13:07:21   [32;22m     all[0m[34;1m     11.80[0m[34;22m      0.00[0m[34;1m     18.82[0m[34;22m      0.00[0m[34;22m      0.00[0m[34;1m     69.38[0m
13:07:22   [32;22m     all[0m[34;1m     12.98[0m[34;22m      0.00[0m[34;1m     19.06[0m[34;22m      0.00[0m[34;22m      0.00[0m[34;1m     67.96[0m
13:07:23   [32;22m     all[0m[34;1m     12.89[0m[34;22m      0.00[0m[34;1m     19.61[0m[34;22m      0.00[0m[34;22m      0.00[0m[34;1m     67.51[0m
13:07:24   [32;22m     all[0m[34;1m     11.67[0m[34;22m      0.00[0m[34;1m     17.22[0m[34;22m      0.00[0m[34;22m      0.00[0m[34;1m     71.11[0m
13:07:25   [32;22m     all[0m[34;1m     13.20[0m[34;22m      0.00[0m[34;1m     17.42[0m[34;22m      0.00[0m[34;22m      0.00[0m[34;1m     69.38[0m
13:07:26   [32;22m     all[0m[34;1m     11.73[0m[34;22m      0.00[0m[34;1m     17.32[0m[34;22m      0.00[0m[34;22m      0.00[0m[34;1m     70.95[0m
13:07:27   [32;22m     all[0m[34;1m     13.02[0m[34;22m      0.00[0m[34;1m     18.84[0m[34;22m      0.00[0m[34;22m      0.00[0m[34;1m     68.14[0m
13:07:28   [32;22m     all[0m[34;1m     12.78[0m[34;22m      0.00[0m[34;1m     19.17[0m[34;22m      0.00[0m[34;22m      0.00[0m[34;1m     68.06[0m
13:07:29   [32;22m     all[0m[34;1m     13.30[0m[34;22m      0.00[0m[34;1m     19.39[0m[34;22m      0.00[0m[34;22m      0.00[0m[34;1m     67.31[0m
13:07:30   [32;22m     all[0m[34;1m     13.09[0m[34;22m      0.00[0m[34;1m     18.11[0m[34;22m      0.00[0m[34;22m      0.00[0m[34;1m     68.80[0m
13:07:31   [32;22m     all[0m[34;1m     11.60[0m[34;22m      0.00[0m[34;1m     18.23[0m[34;22m      0.00[0m[34;22m      0.00[0m[34;1m     70.17[0m
13:07:32   [32;22m     all[0m[34;1m     13.13[0m[34;22m      0.00[0m[34;1m     20.67[0m[34;22m      0.00[0m[34;22m      0.00[0m[34;1m     66.20[0m
13:07:33   [32;22m     all[0m[34;1m     13.48[0m[34;22m      0.00[0m[34;1m     21.91[0m[34;22m      0.00[0m[34;22m      0.00[0m[34;1m     64.61[0m
13:07:34   [32;22m     all[0m[34;1m     11.08[0m[34;22m      0.00[0m[34;1m     18.01[0m[34;22m      0.00[0m[34;22m      0.00[0m[34;1m     70.91[0m
13:07:35   [32;22m     all[0m[34;1m     14.33[0m[34;22m      0.00[0m[34;1m     22.47[0m[34;22m      0.00[0m[34;22m      0.00[0m[34;1m     63.20[0m
13:07:36   [32;22m     all[0m[34;1m     11.45[0m[34;22m      0.00[0m[34;1m     17.60[0m[34;22m      0.00[0m[34;22m      0.00[0m[34;1m     70.95[0m
13:07:37   [32;22m     all[0m[34;1m     15.10[0m[34;22m      0.00[0m[34;1m     24.22[0m[34;22m      0.00[0m[34;22m      0.00[0m[34;1m     60.68[0m
13:07:38   [32;22m     all[0m[34;1m     14.41[0m[34;22m      0.00[0m[34;1m     21.19[0m[34;22m      0.00[0m[34;22m      0.00[0m[34;1m     64.41[0m
13:07:39   [32;22m     all[0m[34;1m     13.24[0m[34;22m      0.00[0m[34;1m     20.00[0m[34;22m      0.00[0m[34;22m      0.00[0m[34;1m     66.76[0m
13:07:40   [32;22m     all[0m[34;1m     10.34[0m[34;22m      0.00[0m[34;1m     18.99[0m[34;22m      0.00[0m[34;22m      0.00[0m[34;1m     70.67[0m
13:07:41   [32;22m     all[0m[34;1m     12.50[0m[34;22m      0.00[0m[34;1m     18.89[0m[34;22m      0.00[0m[34;22m      0.00[0m[34;1m     68.61[0m
13:07:42   [32;22m     all[0m[34;1m     13.73[0m[34;22m      0.00[0m[34;1m     21.01[0m[34;22m      0.00[0m[34;22m      0.00[0m[34;1m     65.27[0m
13:07:43   [32;22m     all[0m[34;1m     14.25[0m[34;22m      0.00[0m[34;1m     22.35[0m[34;22m      0.00[0m[34;22m      0.00[0m[34;1m     63.41[0m
13:07:44   [32;22m     all[0m[34;1m     13.64[0m[34;22m      0.00[0m[34;1m     20.17[0m[34;22m      0.00[0m[34;22m      0.00[0m[34;1m     66.19[0m
13:07:45   [32;22m     all[0m[34;1m     12.50[0m[34;22m      0.00[0m[34;1m     17.50[0m[34;22m      0.00[0m[34;22m      0.00[0m[34;1m     70.00[0m
13:07:46   [32;22m     all[0m[34;1m     12.12[0m[34;22m      0.00[0m[34;1m     18.73[0m[34;22m      0.00[0m[34;22m      0.00[0m[34;1m     69.15[0m
13:07:47   [32;22m     all[0m[34;1m     13.73[0m[34;22m      0.00[0m[34;1m     22.13[0m[34;22m      0.00[0m[34;22m      0.00[0m[34;1m     64.15[0m
13:07:48   [32;22m     all[0m[34;1m     10.80[0m[34;22m      0.00[0m[34;1m     15.51[0m[34;22m      0.00[0m[34;22m      0.00[0m[34;1m     73.68[0m
13:07:49   [32;22m     all[0m[34;1m     13.93[0m[34;22m      0.00[0m[34;1m     18.66[0m[34;22m      0.00[0m[34;22m      0.00[0m[34;1m     67.41[0m
13:07:50   [32;22m     all[0m[34;1m     12.78[0m[34;22m      0.00[0m[34;1m     20.00[0m[34;22m      0.00[0m[34;22m      0.00[0m[34;1m     67.22[0m
13:07:51   [32;22m     all[0m[34;1m     11.48[0m[34;22m      0.00[0m[34;1m     17.93[0m[34;22m      0.00[0m[34;22m      0.00[0m[34;1m     70.59[0m
13:07:52   [32;22m     all[0m[34;1m     11.73[0m[34;22m      0.00[0m[34;1m     17.32[0m[34;22m      0.00[0m[34;22m      0.00[0m[34;1m     70.95[0m
13:07:53   [32;22m     all[0m[34;1m     14.29[0m[34;22m      0.00[0m[34;1m     23.14[0m[34;22m      0.00[0m[34;22m      0.00[0m[34;1m     62.57[0m
13:07:54   [32;22m     all[0m[34;1m     12.22[0m[34;22m      0.00[0m[34;1m     21.11[0m[34;22m      0.00[0m[34;22m      0.00[0m[34;1m     66.67[0m
13:07:55   [32;22m     all[0m[34;1m     13.17[0m[34;22m      0.00[0m[34;1m     19.05[0m[34;22m      0.00[0m[34;22m      0.00[0m[34;1m     67.79[0m
13:07:56   [32;22m     all[0m[34;1m     13.50[0m[34;22m      0.00[0m[34;1m     19.83[0m[34;22m      0.00[0m[34;22m      0.00[0m[34;1m     66.67[0m
13:07:57   [32;22m     all[0m[34;1m     15.60[0m[34;22m      0.00[0m[34;1m     21.45[0m[34;22m      0.00[0m[34;22m      0.00[0m[34;1m     62.95[0m
13:07:58   [32;22m     all[0m[34;1m     15.69[0m[34;22m      0.00[0m[34;1m     21.29[0m[34;22m      0.00[0m[34;22m      0.00[0m[34;1m     63.03[0m
13:07:59   [32;22m     all[0m[34;1m     11.68[0m[34;22m      0.00[0m[34;1m     18.48[0m[34;22m      0.00[0m[34;22m      0.00[0m[34;1m     69.84[0m
13:08:00   [32;22m     all[0m[34;1m     12.19[0m[34;22m      0.00[0m[34;1m     17.17[0m[34;22m      0.00[0m[34;22m      0.00[0m[34;1m     70.64[0m
13:08:01   [32;22m     all[0m[34;1m     12.61[0m[34;22m      0.00[0m[34;1m     18.77[0m[34;22m      0.00[0m[34;22m      0.00[0m[34;1m     68.63[0m
13:08:02   [32;22m     all[0m[34;1m     14.17[0m[34;22m      0.00[0m[34;1m     22.22[0m[34;22m      0.00[0m[34;22m      0.00[0m[34;1m     63.61[0m
13:08:03   [32;22m     all[0m[34;1m     11.85[0m[34;22m      0.00[0m[34;1m     16.80[0m[34;22m      0.00[0m[34;22m      0.00[0m[34;1m     71.35[0m
13:08:04   [32;22m     all[0m[34;1m     11.63[0m[34;22m      0.00[0m[34;1m     17.45[0m[34;22m      0.00[0m[34;22m      0.00[0m[34;1m     70.91[0m
13:08:05   [32;22m     all[0m[34;1m     11.85[0m[34;22m      0.00[0m[34;1m     17.63[0m[34;22m      0.00[0m[34;22m      0.00[0m[34;1m     70.52[0m
13:08:06   [32;22m     all[0m[34;1m     12.71[0m[34;22m      0.00[0m[34;1m     20.62[0m[34;22m      0.00[0m[34;22m      0.00[0m[34;1m     66.67[0m
13:08:07   [32;22m     all[0m[34;1m     12.99[0m[34;22m      0.00[0m[34;1m     21.47[0m[34;22m      0.00[0m[34;22m      0.00[0m[34;1m     65.54[0m
13:08:08   [32;22m     all[0m[34;1m     11.98[0m[34;22m      0.00[0m[34;1m     18.11[0m[34;22m      0.00[0m[34;22m      0.00[0m[34;1m     69.92[0m
13:08:09   [32;22m     all[0m[34;1m     12.57[0m[34;22m      0.00[0m[34;1m     18.72[0m[34;22m      0.00[0m[34;22m      0.00[0m[34;1m     68.72[0m
13:08:10   [32;22m     all[0m[34;1m     10.67[0m[34;22m      0.00[0m[34;1m     18.82[0m[34;22m      0.00[0m[34;22m      0.00[0m[34;1m     70.51[0m
13:08:11   [32;22m     all[0m[34;1m     11.70[0m[34;22m      0.00[0m[34;1m     18.38[0m[34;22m      0.00[0m[34;22m      0.00[0m[34;1m     69.92[0m
13:08:12   [32;22m     all[0m[34;1m     11.76[0m[34;22m      0.00[0m[34;1m     21.29[0m[34;22m      0.00[0m[34;22m      0.00[0m[34;1m     66.95[0m
13:08:13   [32;22m     all[0m[34;1m     12.39[0m[34;22m      0.00[0m[34;1m     21.97[0m[34;22m      0.00[0m[34;22m      0.00[0m[34;1m     65.63[0m
13:08:14   [32;22m     all[0m[34;1m     11.94[0m[34;22m      0.00[0m[34;1m     21.11[0m[34;22m      0.00[0m[34;22m      0.00[0m[34;1m     66.94[0m
13:08:15   [32;22m     all[0m[34;1m     14.89[0m[34;22m      0.00[0m[34;1m     22.75[0m[34;1m      0.28[0m[34;22m      0.00[0m[34;1m     62.08[0m
13:08:16   [32;22m     all[0m[34;1m     14.44[0m[34;22m      0.00[0m[34;1m     23.06[0m[34;22m      0.00[0m[34;22m      0.00[0m[34;1m     62.50[0m
13:08:17   [32;22m     all[0m[34;1m     14.61[0m[34;22m      0.00[0m[34;1m     24.16[0m[34;22m      0.00[0m[34;22m      0.00[0m[34;1m     61.24[0m
13:08:18   [32;22m     all[0m[34;1m     13.48[0m[34;22m      0.00[0m[34;1m     21.63[0m[34;22m      0.00[0m[34;22m      0.00[0m[34;1m     64.89[0m
13:08:19   [32;22m     all[0m[34;1m     12.64[0m[34;22m      0.00[0m[34;1m     19.94[0m[34;22m      0.00[0m[34;22m      0.00[0m[34;1m     67.42[0m
13:08:20   [32;22m     all[0m[34;1m     11.91[0m[34;22m      0.00[0m[34;1m     19.94[0m[34;22m      0.00[0m[34;22m      0.00[0m[34;1m     68.14[0m
13:08:21   [32;22m     all[0m[34;1m     12.12[0m[34;22m      0.00[0m[34;1m     20.94[0m[34;22m      0.00[0m[34;22m      0.00[0m[34;1m     66.94[0m
13:08:22   [32;22m     all[0m[34;1m     10.92[0m[34;22m      0.00[0m[34;1m     18.21[0m[34;22m      0.00[0m[34;22m      0.00[0m[34;1m     70.87[0m
13:08:23   [32;22m     all[0m[34;1m     13.73[0m[34;22m      0.00[0m[34;1m     20.73[0m[34;1m      0.28[0m[34;22m      0.00[0m[34;1m     65.27[0m
13:08:24   [32;22m     all[0m[34;1m     13.45[0m[34;22m      0.00[0m[34;1m     22.13[0m[34;22m      0.00[0m[34;22m      0.00[0m[34;1m     64.43[0m
13:08:25   [32;22m     all[0m[34;1m     11.83[0m[34;22m      0.00[0m[34;1m     20.28[0m[34;22m      0.00[0m[34;22m      0.00[0m[34;1m     67.89[0m
13:08:26   [32;22m     all[0m[34;1m     12.32[0m[34;22m      0.00[0m[34;1m     21.85[0m[34;22m      0.00[0m[34;22m      0.00[0m[34;1m     65.83[0m
13:08:27   [32;22m     all[0m[34;1m     15.71[0m[34;22m      0.00[0m[34;1m     24.57[0m[34;22m      0.00[0m[34;22m      0.00[0m[34;1m     59.71[0m
13:08:28   [32;22m     all[0m[34;1m     12.04[0m[34;22m      0.00[0m[34;1m     19.89[0m[34;22m      0.00[0m[34;22m      0.00[0m[34;1m     68.07[0m
13:08:29   [32;22m     all[0m[34;1m     13.17[0m[34;22m      0.00[0m[34;1m     21.85[0m[34;22m      0.00[0m[34;22m      0.00[0m[34;1m     64.99[0m
13:08:30   [32;22m     all[0m[34;1m     11.88[0m[34;22m      0.00[0m[34;1m     17.13[0m[34;22m      0.00[0m[34;22m      0.00[0m[34;1m     70.99[0m
13:08:31   [32;22m     all[0m[34;1m     14.16[0m[34;22m      0.00[0m[34;1m     21.81[0m[34;22m      0.00[0m[34;22m      0.00[0m[34;1m     64.02[0m
13:08:32   [32;22m     all[0m[34;1m     12.99[0m[34;22m      0.00[0m[34;1m     20.62[0m[34;22m      0.00[0m[34;22m      0.00[0m[34;1m     66.38[0m
13:08:33   [32;22m     all[0m[34;1m     14.68[0m[34;22m      0.00[0m[34;1m     20.22[0m[34;22m      0.00[0m[34;22m      0.00[0m[34;1m     65.10[0m
13:08:34   [32;22m     all[0m[34;1m     12.67[0m[34;22m      0.00[0m[34;1m     22.31[0m[34;22m      0.00[0m[34;22m      0.00[0m[34;1m     65.01[0m
13:08:35   [32;22m     all[0m[34;1m     14.20[0m[34;22m      0.00[0m[34;1m     21.59[0m[34;22m      0.00[0m[34;22m      0.00[0m[34;1m     64.20[0m
13:08:36   [32;22m     all[0m[34;1m     12.78[0m[34;22m      0.00[0m[34;1m     20.45[0m[34;22m      0.00[0m[34;22m      0.00[0m[34;1m     66.76[0m
13:08:37   [32;22m     all[0m[34;1m     12.61[0m[34;22m      0.00[0m[34;1m     19.05[0m[34;22m      0.00[0m[34;22m      0.00[0m[34;1m     68.35[0m
13:08:38   [32;22m     all[0m[34;1m     13.69[0m[34;22m      0.00[0m[34;1m     19.27[0m[34;22m      0.00[0m[34;22m      0.00[0m[34;1m     67.04[0m
13:08:39   [32;22m     all[0m[34;1m     12.82[0m[34;22m      0.00[0m[34;1m     19.37[0m[34;22m      0.00[0m[34;22m      0.00[0m[34;1m     67.81[0m
13:08:40   [32;22m     all[0m[34;1m     10.89[0m[34;22m      0.00[0m[34;1m     19.55[0m[34;22m      0.00[0m[34;22m      0.00[0m[34;1m     69.55[0m
13:08:41   [32;22m     all[0m[34;1m     10.71[0m[34;22m      0.00[0m[34;1m     15.93[0m[34;22m      0.00[0m[34;22m      0.00[0m[34;1m     73.35[0m
13:08:42   [32;22m     all[0m[34;1m     13.37[0m[34;22m      0.00[0m[34;1m     20.06[0m[34;22m      0.00[0m[34;22m      0.00[0m[34;1m     66.57[0m
13:08:43   [32;22m     all[0m[34;1m     11.27[0m[34;22m      0.00[0m[34;1m     18.59[0m[34;22m      0.00[0m[34;22m      0.00[0m[34;1m     70.14[0m
13:08:44   [32;22m     all[0m[34;1m     11.98[0m[34;22m      0.00[0m[34;1m     20.06[0m[34;22m      0.00[0m[34;22m      0.00[0m[34;1m     67.97[0m
13:08:45   [32;22m     all[0m[34;1m     12.08[0m[34;22m      0.00[0m[34;1m     20.22[0m[34;22m      0.00[0m[34;22m      0.00[0m[34;1m     67.70[0m
13:08:46   [32;22m     all[0m[34;1m     11.91[0m[34;22m      0.00[0m[34;1m     17.73[0m[34;22m      0.00[0m[34;22m      0.00[0m[34;1m     70.36[0m
13:08:47   [32;22m     all[0m[34;1m     11.63[0m[34;22m      0.00[0m[34;1m     17.17[0m[34;22m      0.00[0m[34;22m      0.00[0m[34;1m     71.19[0m
13:08:48   [32;22m     all[0m[34;1m     12.61[0m[34;22m      0.00[0m[34;1m     21.29[0m[34;22m      0.00[0m[34;22m      0.00[0m[34;1m     66.11[0m
13:08:49   [32;22m     all[0m[34;1m     10.74[0m[34;22m      0.00[0m[34;1m     17.36[0m[34;22m      0.00[0m[34;22m      0.00[0m[34;1m     71.90[0m
13:08:50   [32;22m     all[0m[34;1m     11.83[0m[34;22m      0.00[0m[34;1m     19.15[0m[34;22m      0.00[0m[34;22m      0.00[0m[34;1m     69.01[0m
13:08:51   [32;22m     all[0m[34;1m     11.29[0m[34;22m      0.00[0m[34;1m     17.08[0m[34;22m      0.00[0m[34;22m      0.00[0m[34;1m     71.63[0m
13:08:52   [32;22m     all[0m[34;1m     10.83[0m[34;22m      0.00[0m[34;1m     16.39[0m[34;22m      0.00[0m[34;22m      0.00[0m[34;1m     72.78[0m
13:08:53   [32;22m     all[0m[34;1m     13.30[0m[34;22m      0.00[0m[34;1m     20.78[0m[34;22m      0.00[0m[34;22m      0.00[0m[34;1m     65.93[0m
13:08:54   [32;22m     all[0m[34;1m     13.65[0m[34;22m      0.00[0m[34;1m     19.50[0m[34;22m      0.00[0m[34;22m      0.00[0m[34;1m     66.85[0m
13:08:55   [32;22m     all[0m[34;1m     11.24[0m[34;22m      0.00[0m[34;1m     16.29[0m[34;22m      0.00[0m[34;22m      0.00[0m[34;1m     72.47[0m
13:08:56   [32;22m     all[0m[34;1m     11.23[0m[34;22m      0.00[0m[34;1m     16.44[0m[34;22m      0.00[0m[34;22m      0.00[0m[34;1m     72.33[0m
13:08:57   [32;22m     all[0m[34;1m     11.75[0m[34;22m      0.00[0m[34;1m     19.40[0m[34;22m      0.00[0m[34;22m      0.00[0m[34;1m     68.85[0m
13:08:58   [32;22m     all[0m[34;1m     12.89[0m[34;22m      0.00[0m[34;1m     18.77[0m[34;22m      0.00[0m[34;22m      0.00[0m[34;1m     68.35[0m
13:08:59   [32;22m     all[0m[34;1m     10.63[0m[34;22m      0.00[0m[34;1m     16.89[0m[34;22m      0.00[0m[34;22m      0.00[0m[34;1m     72.48[0m
13:09:00   [32;22m     all[0m[34;1m     10.71[0m[34;22m      0.00[0m[34;1m     17.58[0m[34;1m      0.27[0m[34;22m      0.00[0m[34;1m     71.43[0m
13:09:01   [32;22m     all[0m[34;1m     10.14[0m[34;22m      0.00[0m[34;1m     15.34[0m[34;22m      0.00[0m[34;22m      0.00[0m[34;1m     74.52[0m
13:09:02   [32;22m     all[0m[34;1m     11.70[0m[34;22m      0.00[0m[34;1m     18.66[0m[34;22m      0.00[0m[34;22m      0.00[0m[34;1m     69.64[0m
13:09:03   [32;22m     all[0m[34;1m     10.80[0m[34;22m      0.00[0m[34;1m     16.07[0m[34;22m      0.00[0m[34;22m      0.00[0m[34;1m     73.13[0m
13:09:04   [32;22m     all[0m[34;1m      8.49[0m[34;22m      0.00[0m[34;1m     13.97[0m[34;22m      0.00[0m[34;22m      0.00[0m[34;1m     77.53[0m
13:09:05   [32;22m     all[0m[34;1m     11.51[0m[34;22m      0.00[0m[34;1m     18.36[0m[34;22m      0.00[0m[34;22m      0.00[0m[34;1m     70.14[0m
13:09:06   [32;22m     all[0m[34;1m     10.90[0m[34;22m      0.00[0m[34;1m     16.89[0m[34;22m      0.00[0m[34;22m      0.00[0m[34;1m     72.21[0m
13:09:07   [32;22m     all[0m[34;1m     12.09[0m[34;22m      0.00[0m[34;1m     19.23[0m[34;22m      0.00[0m[34;22m      0.00[0m[34;1m     68.68[0m
13:09:08   [32;22m     all[0m[34;1m     13.65[0m[34;22m      0.00[0m[34;1m     20.33[0m[34;22m      0.00[0m[34;22m      0.00[0m[34;1m     66.02[0m
13:09:09   [32;22m     all[0m[34;1m     13.70[0m[34;22m      0.00[0m[34;1m     18.36[0m[34;22m      0.00[0m[34;22m      0.00[0m[34;1m     67.95[0m
13:09:10   [32;22m     all[0m[34;1m     14.44[0m[34;22m      0.00[0m[34;1m     20.83[0m[34;22m      0.00[0m[34;22m      0.00[0m[34;1m     64.72[0m
13:09:11   [32;22m     all[0m[34;1m     11.91[0m[34;22m      0.00[0m[34;1m     18.01[0m[34;22m      0.00[0m[34;22m      0.00[0m[34;1m     70.08[0m
13:09:12   [32;22m     all[0m[34;1m     12.19[0m[34;22m      0.00[0m[34;1m     17.45[0m[34;22m      0.00[0m[34;22m      0.00[0m[34;1m     70.36[0m
13:09:13   [32;22m     all[0m[34;1m     11.98[0m[34;22m      0.00[0m[34;1m     18.38[0m[34;22m      0.00[0m[34;22m      0.00[0m[34;1m     69.64[0m
13:09:14   [32;22m     all[0m[34;1m     13.48[0m[34;22m      0.00[0m[34;1m     18.82[0m[34;22m      0.00[0m[34;22m      0.00[0m[34;1m     67.70[0m
13:09:15   [32;22m     all[0m[34;1m     13.97[0m[34;22m      0.00[0m[34;1m     16.44[0m[34;22m      0.00[0m[34;22m      0.00[0m[34;1m     69.59[0m
13:09:16   [32;22m     all[0m[34;1m     11.08[0m[34;22m      0.00[0m[34;1m     16.76[0m[34;22m      0.00[0m[34;22m      0.00[0m[34;1m     72.16[0m
13:09:17   [32;22m     all[0m[34;1m     10.53[0m[34;22m      0.00[0m[34;1m     17.45[0m[34;22m      0.00[0m[34;22m      0.00[0m[34;1m     72.02[0m
13:09:18   [32;22m     all[0m[34;1m     13.09[0m[34;22m      0.00[0m[34;1m     17.83[0m[34;22m      0.00[0m[34;22m      0.00[0m[34;1m     69.08[0m
13:09:19   [32;22m     all[0m[34;1m     10.41[0m[34;22m      0.00[0m[34;1m     17.81[0m[34;22m      0.00[0m[34;22m      0.00[0m[34;1m     71.78[0m
13:09:20   [32;22m     all[0m[34;1m     13.61[0m[34;22m      0.00[0m[34;1m     20.83[0m[34;22m      0.00[0m[34;22m      0.00[0m[34;1m     65.56[0m
13:09:21   [32;22m     all[0m[34;1m     10.19[0m[34;22m      0.00[0m[34;1m     16.80[0m[34;22m      0.00[0m[34;22m      0.00[0m[34;1m     73.00[0m
13:09:22   [32;22m     all[0m[34;1m     12.47[0m[34;22m      0.00[0m[34;1m     14.96[0m[34;22m      0.00[0m[34;22m      0.00[0m[34;1m     72.58[0m
13:09:23   [32;22m     all[0m[34;1m      9.67[0m[34;22m      0.00[0m[34;1m     17.40[0m[34;22m      0.00[0m[34;22m      0.00[0m[34;1m     72.93[0m
13:09:24   [32;22m     all[0m[34;1m     11.24[0m[34;22m      0.00[0m[34;1m     18.26[0m[34;22m      0.00[0m[34;22m      0.00[0m[34;1m     70.51[0m
13:09:25   [32;22m     all[0m[34;1m     11.88[0m[34;22m      0.00[0m[34;1m     18.23[0m[34;22m      0.00[0m[34;22m      0.00[0m[34;1m     69.89[0m
13:09:26   [32;22m     all[0m[34;1m     10.84[0m[34;22m      0.00[0m[34;1m     16.53[0m[34;1m      0.27[0m[34;22m      0.00[0m[34;1m     72.36[0m
13:09:27   [32;22m     all[0m[34;1m     12.22[0m[34;22m      0.00[0m[34;1m     18.89[0m[34;22m      0.00[0m[34;22m      0.00[0m[34;1m     68.89[0m
13:09:28   [32;22m     all[0m[34;1m     11.05[0m[34;22m      0.00[0m[34;1m     16.02[0m[34;22m      0.00[0m[34;22m      0.00[0m[34;1m     72.93[0m
13:09:29   [32;22m     all[0m[34;1m      9.54[0m[34;22m      0.00[0m[34;1m     15.80[0m[34;22m      0.00[0m[34;22m      0.00[0m[34;1m     74.66[0m
13:09:30   [32;22m     all[0m[34;1m     10.81[0m[34;22m      0.00[0m[34;1m     20.54[0m[34;22m      0.00[0m[34;22m      0.00[0m[34;1m     68.65[0m
