Linux 6.6.95 (minikube) 	04/17/26 	_x86_64_	(4 CPU)

13:04:30    kbmemfree   kbavail kbmemused  %memused kbbuffers  kbcached  kbcommit   %commit  kbactive   kbinact   kbdirty
13:04:31   [34;1m   1254412[0m[34;1m   1617152[0m[34;1m   1094884[0m[34;1m     27.36[0m[34;1m     36880[0m[34;1m   1479804[0m[34;1m   6039204[0m[31;1m    150.93[0m[34;1m    769648[0m[34;1m   1705024[0m[34;1m       300[0m
13:04:32   [34;1m   1233596[0m[34;1m   1596388[0m[34;1m   1115052[0m[34;1m     27.87[0m[34;1m     36888[0m[34;1m   1479872[0m[34;1m   6069904[0m[31;1m    151.69[0m[34;1m    769756[0m[34;1m   1722908[0m[34;1m       364[0m
13:04:33   [34;1m   1230680[0m[34;1m   1593596[0m[34;1m   1117380[0m[34;1m     27.92[0m[34;1m     36888[0m[34;1m   1479952[0m[34;1m   6100604[0m[31;1m    152.46[0m[34;1m    769840[0m[34;1m   1685680[0m[34;1m       444[0m
13:04:34   [34;1m   1222656[0m[34;1m   1585744[0m[34;1m   1124592[0m[34;1m     28.10[0m[34;1m     36888[0m[34;1m   1480092[0m[34;1m   6126584[0m[31;1m    153.11[0m[34;1m    769956[0m[34;1m   1700088[0m[34;1m       584[0m
13:04:35   [34;1m   1213640[0m[34;1m   1576864[0m[34;1m   1132904[0m[34;1m     28.31[0m[34;1m     36888[0m[34;1m   1480220[0m[34;1m   6157412[0m[31;1m    153.88[0m[34;1m    770056[0m[34;1m   1718292[0m[34;1m       712[0m
13:04:36   [34;1m   1200872[0m[34;1m   1564240[0m[34;1m   1144940[0m[34;1m     28.61[0m[34;1m     36896[0m[34;1m   1480280[0m[34;1m   6188112[0m[31;1m    154.65[0m[34;1m    770108[0m[34;1m   1736752[0m[34;1m       780[0m
13:04:37   [34;1m   1183876[0m[34;1m   1547452[0m[34;1m   1160744[0m[34;1m     29.01[0m[34;1m     36896[0m[34;1m   1480520[0m[34;1m   6218684[0m[31;1m    155.41[0m[34;1m    770264[0m[34;1m   1753272[0m[34;1m      1008[0m
13:04:38   [34;1m   1161132[0m[34;1m   1524708[0m[34;1m   1182748[0m[34;1m     29.56[0m[34;1m     36896[0m[34;1m   1480520[0m[34;1m   6249384[0m[31;1m    156.18[0m[34;1m    770264[0m[34;1m   1773104[0m[34;1m      1008[0m
13:04:39   [34;1m   1136552[0m[34;1m   1500700[0m[34;1m   1205804[0m[34;1m     30.13[0m[34;1m     36896[0m[34;1m   1480956[0m[34;1m   6280084[0m[31;1m    156.95[0m[34;1m    770464[0m[34;1m   1792188[0m[34;1m      1440[0m
13:04:40   [34;1m   1113988[0m[34;1m   1478436[0m[34;1m   1227032[0m[34;1m     30.67[0m[34;1m     36896[0m[34;1m   1481204[0m[34;1m   6310784[0m[31;1m    157.71[0m[34;1m    770564[0m[34;1m   1811508[0m[34;1m      1688[0m
13:04:41   [34;1m   1090224[0m[34;1m   1454860[0m[34;1m   1249592[0m[34;1m     31.23[0m[34;1m     36904[0m[34;1m   1481344[0m[34;1m   6341484[0m[31;1m    158.48[0m[34;1m    770632[0m[34;1m   1829772[0m[34;1m      1824[0m
13:04:42   [34;1m   1065432[0m[34;1m   1430476[0m[34;1m   1272588[0m[34;1m     31.80[0m[34;1m     36904[0m[34;1m   1481712[0m[34;1m   6372184[0m[31;1m    159.25[0m[34;1m    770772[0m[34;1m   1851448[0m[34;1m      2192[0m
13:04:43   [34;1m   1038168[0m[34;1m   1403628[0m[34;1m   1298092[0m[34;1m     32.44[0m[34;1m     36904[0m[34;1m   1482072[0m[34;1m   6402884[0m[31;1m    160.02[0m[34;1m    770872[0m[34;1m   1873984[0m[34;1m      2552[0m
13:04:44   [34;1m   1009816[0m[34;1m   1375480[0m[34;1m   1325076[0m[34;1m     33.12[0m[34;1m     36904[0m[34;1m   1482264[0m[34;1m   6433584[0m[31;1m    160.78[0m[34;1m    770904[0m[34;1m   1895940[0m[34;1m      2744[0m
13:04:45   [34;1m    983260[0m[34;1m   1349440[0m[34;1m   1349804[0m[34;1m     33.73[0m[34;1m     36904[0m[34;1m   1482724[0m[34;1m   6464284[0m[31;1m    161.55[0m[34;1m    771072[0m[34;1m   1919960[0m[34;1m      3204[0m
13:04:46   [34;1m    954176[0m[34;1m   1320356[0m[34;1m   1377828[0m[34;1m     34.43[0m[34;1m     36912[0m[34;1m   1482716[0m[34;1m   6494984[0m[31;1m    162.32[0m[34;1m    771072[0m[34;1m   1943492[0m[34;1m      3204[0m
13:04:47   [34;1m    930164[0m[34;1m   1297212[0m[34;1m   1399336[0m[34;1m     34.97[0m[34;1m     36928[0m[34;1m   1483492[0m[34;1m   6525812[0m[31;1m    163.09[0m[34;1m    771288[0m[34;1m   1963588[0m[34;1m      3880[0m
13:04:48   [34;1m    904904[0m[34;1m   1272440[0m[34;1m   1422740[0m[34;1m     35.56[0m[34;1m     36928[0m[34;1m   1483940[0m[34;1m   6556384[0m[31;1m    163.85[0m[34;1m    771396[0m[34;1m   1982416[0m[34;1m      4316[0m
13:04:49   [34;1m    878320[0m[34;1m   1246296[0m[34;1m   1447588[0m[34;1m     36.18[0m[34;1m     36936[0m[34;1m   1484360[0m[34;1m   6587084[0m[31;1m    164.62[0m[34;1m    771488[0m[34;1m   2004552[0m[34;1m       444[0m
13:04:50   [34;1m    854516[0m[34;1m   1223008[0m[34;1m   1469540[0m[34;1m     36.73[0m[34;1m     36936[0m[34;1m   1484796[0m[34;1m   6617784[0m[31;1m    165.39[0m[34;1m    771600[0m[34;1m   2025688[0m[34;1m       800[0m
13:04:51   [34;1m    827032[0m[34;1m   1195992[0m[34;1m   1494600[0m[34;1m     37.35[0m[34;1m     36936[0m[34;1m   1485204[0m[34;1m   6653332[0m[31;1m    166.28[0m[34;1m    771704[0m[34;1m   2048212[0m[34;1m      1212[0m
13:04:52   [34;1m    798852[0m[34;1m   1168104[0m[34;1m   1520756[0m[34;1m     38.01[0m[34;1m     36936[0m[34;1m   1485672[0m[34;1m   6684032[0m[31;1m    167.04[0m[34;1m    771780[0m[34;1m   2070616[0m[34;1m      1680[0m
13:04:53   [34;1m    769092[0m[34;1m   1139076[0m[34;1m   1547920[0m[34;1m     38.68[0m[34;1m     36936[0m[34;1m   1486124[0m[34;1m   6714604[0m[31;1m    167.81[0m[34;1m    771904[0m[34;1m   2095044[0m[34;1m      2132[0m
13:04:54   [34;1m    740088[0m[34;1m   1110592[0m[34;1m   1574700[0m[34;1m     39.35[0m[34;1m     36944[0m[34;1m   1486616[0m[34;1m   6740712[0m[31;1m    168.46[0m[34;1m    772012[0m[34;1m   2114980[0m[34;1m      2628[0m
13:04:55   [34;1m    716132[0m[34;1m   1087108[0m[34;1m   1596384[0m[34;1m     39.90[0m[34;1m     36944[0m[34;1m   1487108[0m[34;1m   6771284[0m[31;1m    169.22[0m[34;1m    772112[0m[34;1m   2138612[0m[34;1m      3120[0m
13:04:56   [34;1m    687408[0m[34;1m   1059120[0m[34;1m   1622624[0m[34;1m     40.55[0m[34;1m     36944[0m[34;1m   1487740[0m[34;1m   6801984[0m[31;1m    169.99[0m[34;1m    772212[0m[34;1m   2162360[0m[34;1m      3752[0m
13:04:57   [34;1m    656672[0m[34;1m   1028908[0m[34;1m   1651116[0m[34;1m     41.26[0m[34;1m     36952[0m[34;1m   1488240[0m[34;1m   6832684[0m[31;1m    170.76[0m[34;1m    772280[0m[34;1m   2187504[0m[34;1m      4172[0m
13:04:58   [34;1m    632260[0m[34;1m   1005148[0m[34;1m   1672716[0m[34;1m     41.80[0m[34;1m     36952[0m[34;1m   1488920[0m[34;1m   6863384[0m[31;1m    171.52[0m[34;1m    772420[0m[34;1m   2206808[0m[34;1m      4856[0m
13:04:59   [34;1m    602048[0m[34;1m    975952[0m[34;1m   1699836[0m[34;1m     42.48[0m[34;1m     36952[0m[34;1m   1489628[0m[34;1m   6894084[0m[31;1m    172.29[0m[34;1m    772548[0m[34;1m   2226060[0m[34;1m      5348[0m
13:05:00   [34;1m    580852[0m[34;1m    955288[0m[34;1m   1718924[0m[34;1m     42.96[0m[34;1m     36952[0m[34;1m   1490136[0m[34;1m   6924784[0m[31;1m    173.06[0m[34;1m    772620[0m[34;1m   2247328[0m[34;1m      5856[0m
13:05:01   [34;1m    579116[0m[34;1m    954284[0m[34;1m   1719788[0m[34;1m     42.98[0m[34;1m     36960[0m[34;1m   1490860[0m[34;1m   6924784[0m[31;1m    173.06[0m[34;1m    772656[0m[34;1m   2249060[0m[34;1m      6588[0m
13:05:02   [34;1m    576596[0m[34;1m    952332[0m[34;1m   1721776[0m[34;1m     43.03[0m[34;1m     36960[0m[34;1m   1491392[0m[34;1m   6924784[0m[31;1m    173.06[0m[34;1m    772656[0m[34;1m   2251308[0m[34;1m      7120[0m
13:05:03   [34;1m    575616[0m[34;1m    951952[0m[34;1m   1722136[0m[34;1m     43.04[0m[34;1m     36960[0m[34;1m   1491996[0m[34;1m   6924784[0m[31;1m    173.06[0m[34;1m    772656[0m[34;1m   2251036[0m[34;1m      7724[0m
13:05:04   [34;1m    573880[0m[34;1m    950752[0m[34;1m   1723228[0m[34;1m     43.07[0m[34;1m     36960[0m[34;1m   1492624[0m[34;1m   6924784[0m[31;1m    173.06[0m[34;1m    772656[0m[34;1m   2251284[0m[34;1m      8356[0m
13:05:05   [34;1m    573124[0m[34;1m    950528[0m[34;1m   1723508[0m[34;1m     43.07[0m[34;1m     36968[0m[34;1m   1493092[0m[34;1m   6924784[0m[31;1m    173.06[0m[34;1m    772664[0m[34;1m   2252444[0m[34;1m      8848[0m
13:05:06   [34;1m    572144[0m[34;1m    950200[0m[34;1m   1723856[0m[34;1m     43.08[0m[34;1m     36968[0m[34;1m   1493736[0m[34;1m   6924784[0m[31;1m    173.06[0m[34;1m    772664[0m[34;1m   2253504[0m[34;1m      9492[0m
13:05:07   [34;1m    570380[0m[34;1m    949032[0m[34;1m   1724968[0m[34;1m     43.11[0m[34;1m     36968[0m[34;1m   1494308[0m[34;1m   6924784[0m[31;1m    173.06[0m[34;1m    772664[0m[34;1m   2255584[0m[34;1m     10064[0m
13:05:08   [34;1m    570128[0m[34;1m    949208[0m[34;1m   1724768[0m[34;1m     43.10[0m[34;1m     36968[0m[34;1m   1494760[0m[34;1m   6924784[0m[31;1m    173.06[0m[34;1m    772664[0m[34;1m   2256048[0m[34;1m     10516[0m
13:05:09   [34;1m    564080[0m[34;1m    943860[0m[34;1m   1730092[0m[34;1m     43.24[0m[34;1m     36968[0m[34;1m   1495456[0m[34;1m   6924784[0m[31;1m    173.06[0m[34;1m    772664[0m[34;1m   2258476[0m[34;1m     11212[0m
13:05:10   [34;1m    563856[0m[34;1m    944212[0m[34;1m   1729804[0m[34;1m     43.23[0m[34;1m     36992[0m[34;1m   1495976[0m[34;1m   6924780[0m[31;1m    173.06[0m[34;1m    772676[0m[34;1m   2257016[0m[34;1m     11824[0m
13:05:11   [34;1m    563112[0m[34;1m    944028[0m[34;1m   1729964[0m[34;1m     43.23[0m[34;1m     37004[0m[34;1m   1496500[0m[34;1m   6929500[0m[31;1m    173.18[0m[34;1m    772688[0m[34;1m   2260180[0m[34;1m     12432[0m
13:05:12   [34;1m    561628[0m[34;1m    943080[0m[34;1m   1730840[0m[34;1m     43.26[0m[34;1m     37004[0m[34;1m   1497104[0m[34;1m   6929500[0m[31;1m    173.18[0m[34;1m    772688[0m[34;1m   2262604[0m[34;1m     13036[0m
13:05:13   [34;1m    559360[0m[34;1m    941396[0m[34;1m   1732536[0m[34;1m     43.30[0m[34;1m     37004[0m[34;1m   1497664[0m[34;1m   6929500[0m[31;1m    173.18[0m[34;1m    772688[0m[34;1m   2262372[0m[34;1m     13596[0m
13:05:14   [34;1m    559360[0m[34;1m    942140[0m[34;1m   1731836[0m[34;1m     43.28[0m[34;1m     37004[0m[34;1m   1498360[0m[34;1m   6924780[0m[31;1m    173.06[0m[34;1m    772688[0m[34;1m   2263400[0m[34;1m     14292[0m
13:05:15   [34;1m    558352[0m[34;1m    941768[0m[34;1m   1732220[0m[34;1m     43.29[0m[34;1m     37004[0m[34;1m   1498980[0m[34;1m   6924780[0m[31;1m    173.06[0m[34;1m    772688[0m[34;1m   2266160[0m[34;1m     14912[0m
13:05:16   [34;1m    557596[0m[34;1m    941344[0m[34;1m   1732472[0m[34;1m     43.30[0m[34;1m     37012[0m[34;1m   1499476[0m[34;1m   6924780[0m[31;1m    173.06[0m[34;1m    772688[0m[34;1m   2266368[0m[34;1m     15416[0m
13:05:17   [34;1m    554348[0m[34;1m    938904[0m[34;1m   1735092[0m[34;1m     43.36[0m[34;1m     37016[0m[34;1m   1500120[0m[34;1m   6924780[0m[31;1m    173.06[0m[34;1m    772700[0m[34;1m   2270536[0m[34;1m     16048[0m
13:05:18   [34;1m    553340[0m[34;1m    938484[0m[34;1m   1735512[0m[34;1m     43.37[0m[34;1m     37016[0m[34;1m   1500708[0m[34;1m   6924780[0m[31;1m    173.06[0m[34;1m    772700[0m[34;1m   2272080[0m[34;1m     16636[0m
13:05:19   [34;1m    550568[0m[34;1m    936196[0m[34;1m   1737704[0m[34;1m     43.43[0m[34;1m     37020[0m[34;1m   1501280[0m[34;1m   6924780[0m[31;1m    173.06[0m[34;1m    772700[0m[34;1m   2273712[0m[34;1m     17204[0m
13:05:20   [34;1m    549812[0m[34;1m    936096[0m[34;1m   1737840[0m[34;1m     43.43[0m[34;1m     37020[0m[34;1m   1501900[0m[34;1m   6924780[0m[31;1m    173.06[0m[34;1m    772704[0m[34;1m   2275160[0m[34;1m       640[0m
13:05:21   [34;1m    547824[0m[34;1m    934672[0m[34;1m   1739256[0m[34;1m     43.47[0m[34;1m     37020[0m[34;1m   1502472[0m[34;1m   6924780[0m[31;1m    173.06[0m[34;1m    772704[0m[34;1m   2276540[0m[34;1m      1212[0m
13:05:22   [34;1m    544056[0m[34;1m    931524[0m[34;1m   1742384[0m[34;1m     43.54[0m[34;1m     37020[0m[34;1m   1503112[0m[34;1m   6924780[0m[31;1m    173.06[0m[34;1m    772704[0m[34;1m   2279124[0m[34;1m      1812[0m
13:05:23   [34;1m    542068[0m[34;1m    930172[0m[34;1m   1743788[0m[34;1m     43.58[0m[34;1m     37020[0m[34;1m   1503696[0m[34;1m   6924780[0m[31;1m    173.06[0m[34;1m    772704[0m[34;1m   2280904[0m[34;1m      2396[0m
13:05:24   [34;1m    539324[0m[34;1m    927940[0m[34;1m   1745908[0m[34;1m     43.63[0m[34;1m     37032[0m[34;1m   1504284[0m[34;1m   6924780[0m[31;1m    173.06[0m[34;1m    772740[0m[34;1m   2281732[0m[34;1m      2920[0m
13:05:25   [34;1m    537812[0m[34;1m    927076[0m[34;1m   1746904[0m[34;1m     43.66[0m[34;1m     37032[0m[34;1m   1504852[0m[34;1m   6924780[0m[31;1m    173.06[0m[34;1m    772792[0m[34;1m   2283344[0m[34;1m      3476[0m
13:05:26   [34;1m    535796[0m[34;1m    925664[0m[34;1m   1748320[0m[34;1m     43.69[0m[34;1m     37040[0m[34;1m   1505436[0m[34;1m   6924780[0m[31;1m    173.06[0m[34;1m    772792[0m[34;1m   2285932[0m[34;1m      4064[0m
13:05:27   [34;1m    532296[0m[34;1m    922672[0m[34;1m   1751252[0m[34;1m     43.77[0m[34;1m     37040[0m[34;1m   1505968[0m[34;1m   6924780[0m[31;1m    173.06[0m[34;1m    772800[0m[34;1m   2288360[0m[34;1m      4600[0m
13:05:28   [34;1m    531316[0m[34;1m    922320[0m[34;1m   1751580[0m[34;1m     43.77[0m[34;1m     37040[0m[34;1m   1506604[0m[34;1m   6924780[0m[31;1m    173.06[0m[34;1m    772800[0m[34;1m   2289620[0m[34;1m      5236[0m
13:05:29   [34;1m    528824[0m[34;1m    920320[0m[34;1m   1753524[0m[34;1m     43.82[0m[34;1m     37040[0m[34;1m   1507120[0m[34;1m   6924780[0m[31;1m    173.06[0m[34;1m    772800[0m[34;1m   2291096[0m[34;1m      5752[0m
13:05:30   [34;1m    527564[0m[34;1m    919740[0m[34;1m   1754184[0m[34;1m     43.84[0m[34;1m     37040[0m[34;1m   1507752[0m[34;1m   6924780[0m[31;1m    173.06[0m[34;1m    772800[0m[34;1m   2292452[0m[34;1m      6376[0m
13:05:31   [34;1m    525812[0m[34;1m    918552[0m[34;1m   1755308[0m[34;1m     43.87[0m[34;1m     37048[0m[34;1m   1508332[0m[34;1m   6929500[0m[31;1m    173.18[0m[34;1m    772808[0m[34;1m   2293368[0m[34;1m      6960[0m
13:05:32   [34;1m    523800[0m[34;1m    917052[0m[34;1m   1756860[0m[34;1m     43.91[0m[34;1m     37048[0m[34;1m   1508792[0m[34;1m   6929500[0m[31;1m    173.18[0m[34;1m    772808[0m[34;1m   2295852[0m[34;1m      7420[0m
13:05:33   [34;1m    522792[0m[34;1m    916708[0m[34;1m   1757164[0m[34;1m     43.91[0m[34;1m     37056[0m[34;1m   1509496[0m[34;1m   6929500[0m[31;1m    173.18[0m[34;1m    772816[0m[34;1m   2297828[0m[34;1m      8120[0m
13:05:34   [34;1m    519264[0m[34;1m    913732[0m[34;1m   1760068[0m[34;1m     43.99[0m[34;1m     37056[0m[34;1m   1510116[0m[34;1m   6924780[0m[31;1m    173.06[0m[34;1m    772816[0m[34;1m   2297188[0m[34;1m      8740[0m
13:05:35   [34;1m    518508[0m[34;1m    913536[0m[34;1m   1760344[0m[34;1m     43.99[0m[34;1m     37056[0m[34;1m   1510596[0m[34;1m   6924780[0m[31;1m    173.06[0m[34;1m    772816[0m[34;1m   2299288[0m[34;1m      9020[0m
13:05:36   [34;1m    517752[0m[34;1m    913424[0m[34;1m   1760492[0m[34;1m     44.00[0m[34;1m     37056[0m[34;1m   1511204[0m[34;1m   6924780[0m[31;1m    173.06[0m[34;1m    772816[0m[34;1m   2301136[0m[34;1m      9628[0m
13:05:37   [34;1m    515232[0m[34;1m    911388[0m[34;1m   1762468[0m[34;1m     44.05[0m[34;1m     37056[0m[34;1m   1511768[0m[34;1m   6924780[0m[31;1m    173.06[0m[34;1m    772816[0m[34;1m   2304132[0m[34;1m     10192[0m
13:05:38   [34;1m    514224[0m[34;1m    911172[0m[34;1m   1762724[0m[34;1m     44.05[0m[34;1m     37064[0m[34;1m   1512516[0m[34;1m   6924780[0m[31;1m    173.06[0m[34;1m    772824[0m[34;1m   2305564[0m[34;1m     10864[0m
13:05:39   [34;1m    510780[0m[34;1m    908368[0m[34;1m   1765568[0m[34;1m     44.12[0m[34;1m     37064[0m[34;1m   1513116[0m[34;1m   6924780[0m[31;1m    173.06[0m[34;1m    772824[0m[34;1m   2307124[0m[34;1m     11464[0m
13:05:40   [34;1m    510024[0m[34;1m    908044[0m[34;1m   1765856[0m[34;1m     44.13[0m[34;1m     37064[0m[34;1m   1513584[0m[34;1m   6924780[0m[31;1m    173.06[0m[34;1m    772824[0m[34;1m   2308052[0m[34;1m     11932[0m
13:05:41   [34;1m    509520[0m[34;1m    908164[0m[34;1m   1765688[0m[34;1m     44.13[0m[34;1m     37064[0m[34;1m   1514256[0m[34;1m   6924780[0m[31;1m    173.06[0m[34;1m    772824[0m[34;1m   2309084[0m[34;1m     12604[0m
13:05:42   [34;1m    508764[0m[34;1m    908012[0m[34;1m   1765848[0m[34;1m     44.13[0m[34;1m     37064[0m[34;1m   1514852[0m[34;1m   6924780[0m[31;1m    173.06[0m[34;1m    772824[0m[34;1m   2309652[0m[34;1m     13200[0m
13:05:43   [34;1m    507280[0m[34;1m    907228[0m[34;1m   1766716[0m[34;1m     44.15[0m[34;1m     37064[0m[34;1m   1515468[0m[34;1m   6924780[0m[31;1m    173.06[0m[34;1m    772824[0m[34;1m   2310968[0m[34;1m     13816[0m
13:05:44   [34;1m    506020[0m[34;1m    906556[0m[34;1m   1767344[0m[34;1m     44.17[0m[34;1m     37064[0m[34;1m   1516116[0m[34;1m   6924780[0m[31;1m    173.06[0m[34;1m    772824[0m[34;1m   2310020[0m[34;1m     14464[0m
13:05:45   [34;1m    505516[0m[34;1m    906680[0m[34;1m   1767216[0m[34;1m     44.16[0m[34;1m     37068[0m[34;1m   1516744[0m[34;1m   6924780[0m[31;1m    173.06[0m[34;1m    772828[0m[34;1m   2311084[0m[34;1m     15092[0m
13:05:46   [34;1m    505012[0m[34;1m    906748[0m[34;1m   1767180[0m[34;1m     44.16[0m[34;1m     37068[0m[34;1m   1517284[0m[34;1m   6924780[0m[31;1m    173.06[0m[34;1m    772828[0m[34;1m   2311644[0m[34;1m     15632[0m
13:05:47   [34;1m    504760[0m[34;1m    907048[0m[34;1m   1766848[0m[34;1m     44.16[0m[34;1m     37068[0m[34;1m   1517844[0m[34;1m   6924780[0m[31;1m    173.06[0m[34;1m    772828[0m[34;1m   2312756[0m[34;1m     16192[0m
13:05:48   [34;1m    503248[0m[34;1m    905972[0m[34;1m   1767908[0m[34;1m     44.18[0m[34;1m     37076[0m[34;1m   1518288[0m[34;1m   6924780[0m[31;1m    173.06[0m[34;1m    772828[0m[34;1m   2314572[0m[34;1m     16644[0m
13:05:49   [34;1m    500980[0m[34;1m    904440[0m[34;1m   1769492[0m[34;1m     44.22[0m[34;1m     37076[0m[34;1m   1518980[0m[34;1m   6924780[0m[31;1m    173.06[0m[34;1m    772836[0m[34;1m   2313292[0m[34;1m     17324[0m
13:05:50   [34;1m    500028[0m[34;1m    904180[0m[34;1m   1769732[0m[34;1m     44.23[0m[34;1m     37076[0m[34;1m   1519692[0m[34;1m   6924780[0m[31;1m    173.06[0m[34;1m    772836[0m[34;1m   2314028[0m[34;1m       132[0m
13:05:51   [34;1m    498768[0m[34;1m    903452[0m[34;1m   1770396[0m[34;1m     44.24[0m[34;1m     37076[0m[34;1m   1520236[0m[34;1m   6929500[0m[31;1m    173.18[0m[34;1m    772836[0m[34;1m   2316476[0m[34;1m       628[0m
13:05:52   [34;1m    498040[0m[34;1m    903300[0m[34;1m   1770556[0m[34;1m     44.25[0m[34;1m     37076[0m[34;1m   1520812[0m[34;1m   6929500[0m[31;1m    173.18[0m[34;1m    772836[0m[34;1m   2317140[0m[34;1m      1204[0m
13:05:53   [34;1m    497284[0m[34;1m    903040[0m[34;1m   1770744[0m[34;1m     44.25[0m[34;1m     37096[0m[34;1m   1521368[0m[34;1m   6929500[0m[31;1m    173.18[0m[34;1m    772852[0m[34;1m   2317736[0m[34;1m      1764[0m
13:05:54   [34;1m    494764[0m[34;1m    901292[0m[34;1m   1772572[0m[34;1m     44.30[0m[34;1m     37096[0m[34;1m   1522052[0m[34;1m   6924780[0m[31;1m    173.06[0m[34;1m    772856[0m[34;1m   2316976[0m[34;1m      2448[0m
13:05:55   [34;1m    494288[0m[34;1m    901468[0m[34;1m   1772444[0m[34;1m     44.30[0m[34;1m     37096[0m[34;1m   1522656[0m[34;1m   6924780[0m[31;1m    173.06[0m[34;1m    772856[0m[34;1m   2318104[0m[34;1m      3052[0m
13:05:56   [34;1m    581636[0m[34;1m    891732[0m[34;1m   1782236[0m[34;1m     44.54[0m[34;1m     37096[0m[34;1m   1425516[0m[34;1m   6924780[0m[31;1m    173.06[0m[34;1m    772856[0m[34;1m   2220464[0m[34;1m        40[0m
13:05:57   [34;1m    581732[0m[34;1m    892304[0m[34;1m   1781496[0m[34;1m     44.52[0m[34;1m     37096[0m[34;1m   1426160[0m[34;1m   6924780[0m[31;1m    173.06[0m[34;1m    772856[0m[34;1m   2221572[0m[34;1m       676[0m
13:05:58   [34;1m    581508[0m[34;1m    892732[0m[34;1m   1781096[0m[34;1m     44.51[0m[34;1m     37104[0m[34;1m   1426776[0m[34;1m   6924780[0m[31;1m    173.06[0m[34;1m    772860[0m[34;1m   2222336[0m[34;1m      1308[0m
13:05:59   [34;1m    578792[0m[34;1m    890624[0m[34;1m   1783268[0m[34;1m     44.57[0m[34;1m     37104[0m[34;1m   1427332[0m[34;1m   6924780[0m[31;1m    173.06[0m[34;1m    772864[0m[34;1m   2223140[0m[34;1m      1864[0m
13:06:00   [34;1m    578792[0m[34;1m    891144[0m[34;1m   1782676[0m[34;1m     44.55[0m[34;1m     37112[0m[34;1m   1427916[0m[34;1m   6924780[0m[31;1m    173.06[0m[34;1m    772872[0m[34;1m   2223408[0m[34;1m      2444[0m
13:06:01   [34;1m    578316[0m[34;1m    891340[0m[34;1m   1782576[0m[34;1m     44.55[0m[34;1m     37112[0m[34;1m   1428492[0m[34;1m   6924780[0m[31;1m    173.06[0m[34;1m    772872[0m[34;1m   2224012[0m[34;1m      3008[0m
13:06:02   [34;1m    578316[0m[34;1m    891844[0m[34;1m   1781984[0m[34;1m     44.53[0m[34;1m     37120[0m[34;1m   1429072[0m[34;1m   6924780[0m[31;1m    173.06[0m[34;1m    772880[0m[34;1m   2224740[0m[34;1m      3612[0m
13:06:03   [34;1m    578316[0m[34;1m    892540[0m[34;1m   1781356[0m[34;1m     44.52[0m[34;1m     37128[0m[34;1m   1429692[0m[34;1m   6924780[0m[31;1m    173.06[0m[34;1m    772888[0m[34;1m   2225960[0m[34;1m      4228[0m
13:06:04   [34;1m    577308[0m[34;1m    891960[0m[34;1m   1781780[0m[34;1m     44.53[0m[34;1m     37128[0m[34;1m   1430276[0m[34;1m   6924780[0m[31;1m    173.06[0m[34;1m    772888[0m[34;1m   2226296[0m[34;1m      4812[0m
13:06:05   [34;1m    577056[0m[34;1m    892432[0m[34;1m   1781444[0m[34;1m     44.52[0m[34;1m     37128[0m[34;1m   1430868[0m[34;1m   6924780[0m[31;1m    173.06[0m[34;1m    772888[0m[34;1m   2227428[0m[34;1m      5404[0m
13:06:06   [34;1m    576832[0m[34;1m    892812[0m[34;1m   1781084[0m[34;1m     44.51[0m[34;1m     37128[0m[34;1m   1431468[0m[34;1m   6924780[0m[31;1m    173.06[0m[34;1m    772888[0m[34;1m   2228044[0m[34;1m      6004[0m
13:06:07   [34;1m    576104[0m[34;1m    892516[0m[34;1m   1781224[0m[34;1m     44.52[0m[34;1m     37128[0m[34;1m   1432048[0m[34;1m   6924780[0m[31;1m    173.06[0m[34;1m    772888[0m[34;1m   2228812[0m[34;1m      6584[0m
13:06:08   [34;1m    575348[0m[34;1m    892476[0m[34;1m   1781336[0m[34;1m     44.52[0m[34;1m     37136[0m[34;1m   1432684[0m[34;1m   6924780[0m[31;1m    173.06[0m[34;1m    772896[0m[34;1m   2225952[0m[34;1m      7220[0m
13:06:09   [34;1m    570812[0m[34;1m    888652[0m[34;1m   1785252[0m[34;1m     44.62[0m[34;1m     37144[0m[34;1m   1433300[0m[34;1m   6924780[0m[31;1m    173.06[0m[34;1m    772904[0m[34;1m   2227532[0m[34;1m      7832[0m
13:06:10   [34;1m    570336[0m[34;1m    888780[0m[34;1m   1785128[0m[34;1m     44.61[0m[34;1m     37144[0m[34;1m   1433892[0m[34;1m   6924780[0m[31;1m    173.06[0m[34;1m    772904[0m[34;1m   2228352[0m[34;1m      8424[0m
13:06:11   [34;1m    569580[0m[34;1m    888620[0m[34;1m   1785212[0m[34;1m     44.61[0m[34;1m     37144[0m[34;1m   1434496[0m[34;1m   6929500[0m[31;1m    173.18[0m[34;1m    772904[0m[34;1m   2231476[0m[34;1m      8920[0m
13:06:12   [34;1m    569328[0m[34;1m    888836[0m[34;1m   1785012[0m[34;1m     44.61[0m[34;1m     37144[0m[34;1m   1434948[0m[34;1m   6929500[0m[31;1m    173.18[0m[34;1m    772904[0m[34;1m   2231776[0m[34;1m      9372[0m
13:06:13   [34;1m    568824[0m[34;1m    888952[0m[34;1m   1784860[0m[34;1m     44.61[0m[34;1m     37144[0m[34;1m   1435600[0m[34;1m   6929500[0m[31;1m    173.18[0m[34;1m    772904[0m[34;1m   2232412[0m[34;1m     10024[0m
13:06:14   [34;1m    568096[0m[34;1m    888776[0m[34;1m   1784952[0m[34;1m     44.61[0m[34;1m     37152[0m[34;1m   1436204[0m[34;1m   6924780[0m[31;1m    173.06[0m[34;1m    772912[0m[34;1m   2231464[0m[34;1m     10644[0m
13:06:15   [34;1m    567844[0m[34;1m    889192[0m[34;1m   1784572[0m[34;1m     44.60[0m[34;1m     37160[0m[34;1m   1436828[0m[34;1m   6924780[0m[31;1m    173.06[0m[34;1m    772984[0m[34;1m   2232128[0m[34;1m     11196[0m
13:06:16   [34;1m    567340[0m[34;1m    889324[0m[34;1m   1784520[0m[34;1m     44.60[0m[34;1m     37160[0m[34;1m   1437384[0m[34;1m   6924780[0m[31;1m    173.06[0m[34;1m    772988[0m[34;1m   2232256[0m[34;1m     11752[0m
13:06:17   [34;1m    567340[0m[34;1m    889756[0m[34;1m   1784028[0m[34;1m     44.59[0m[34;1m     37160[0m[34;1m   1437888[0m[34;1m   6924780[0m[31;1m    173.06[0m[34;1m    772988[0m[34;1m   2233224[0m[34;1m     12256[0m
13:06:18   [34;1m    566612[0m[34;1m    889708[0m[34;1m   1784124[0m[34;1m     44.59[0m[34;1m     37168[0m[34;1m   1438504[0m[34;1m   6925356[0m[31;1m    173.07[0m[34;1m    772996[0m[34;1m   2234984[0m[34;1m     12868[0m
13:06:19   [34;1m    566612[0m[34;1m    890244[0m[34;1m   1783576[0m[34;1m     44.57[0m[34;1m     37168[0m[34;1m   1439048[0m[34;1m   6925356[0m[31;1m    173.07[0m[34;1m    773000[0m[34;1m   2235584[0m[34;1m     13412[0m
13:06:20   [34;1m    565884[0m[34;1m    889952[0m[34;1m   1783872[0m[34;1m     44.58[0m[34;1m     37168[0m[34;1m   1439480[0m[34;1m   6925356[0m[31;1m    173.07[0m[34;1m    773000[0m[34;1m   2236088[0m[34;1m     13844[0m
13:06:21   [34;1m    565408[0m[34;1m    890100[0m[34;1m   1783644[0m[34;1m     44.58[0m[34;1m     37168[0m[34;1m   1440184[0m[34;1m   6925356[0m[31;1m    173.07[0m[34;1m    773000[0m[34;1m   2236572[0m[34;1m     14548[0m
13:06:22   [34;1m    565156[0m[34;1m    890508[0m[34;1m   1783240[0m[34;1m     44.57[0m[34;1m     37168[0m[34;1m   1440836[0m[34;1m   6925356[0m[31;1m    173.07[0m[34;1m    773000[0m[34;1m   2237348[0m[34;1m     15200[0m
13:06:23   [34;1m    564904[0m[34;1m    890860[0m[34;1m   1782900[0m[34;1m     44.56[0m[34;1m     37176[0m[34;1m   1441412[0m[34;1m   6925356[0m[31;1m    173.07[0m[34;1m    773008[0m[34;1m   2237736[0m[34;1m     15784[0m
13:06:24   [34;1m    563644[0m[34;1m    890240[0m[34;1m   1783492[0m[34;1m     44.57[0m[34;1m     37176[0m[34;1m   1442072[0m[34;1m   6925356[0m[31;1m    173.07[0m[34;1m    773008[0m[34;1m   2238480[0m[34;1m     16444[0m
13:06:25   [34;1m    563140[0m[34;1m    890384[0m[34;1m   1783432[0m[34;1m     44.57[0m[34;1m     37176[0m[34;1m   1442644[0m[34;1m   6925356[0m[31;1m    173.07[0m[34;1m    773008[0m[34;1m   2237744[0m[34;1m     17016[0m
13:06:26   [34;1m    563140[0m[34;1m    890980[0m[34;1m   1782824[0m[34;1m     44.56[0m[34;1m     37176[0m[34;1m   1443252[0m[34;1m   6925356[0m[31;1m    173.07[0m[34;1m    773008[0m[34;1m   2238004[0m[34;1m     17624[0m
13:06:27   [34;1m    563140[0m[34;1m    891552[0m[34;1m   1782228[0m[34;1m     44.54[0m[34;1m     37176[0m[34;1m   1443836[0m[34;1m   6925356[0m[31;1m    173.07[0m[34;1m    773008[0m[34;1m   2239732[0m[34;1m     18208[0m
13:06:28   [34;1m    563140[0m[34;1m    892028[0m[34;1m   1781708[0m[34;1m     44.53[0m[34;1m     37184[0m[34;1m   1444348[0m[34;1m   6925356[0m[31;1m    173.07[0m[34;1m    773008[0m[34;1m   2240420[0m[34;1m     18728[0m
13:06:29   [34;1m    562132[0m[34;1m    891704[0m[34;1m   1781996[0m[34;1m     44.53[0m[34;1m     37184[0m[34;1m   1445068[0m[34;1m   6925356[0m[31;1m    173.07[0m[34;1m    773016[0m[34;1m   2239264[0m[34;1m     19440[0m
13:06:30   [34;1m    560116[0m[34;1m    890372[0m[34;1m   1783436[0m[34;1m     44.57[0m[34;1m     37184[0m[34;1m   1445652[0m[34;1m   6925356[0m[31;1m    173.07[0m[34;1m    773016[0m[34;1m   2241396[0m[34;1m     20024[0m
13:06:31   [34;1m    560116[0m[34;1m    890956[0m[34;1m   1782776[0m[34;1m     44.55[0m[34;1m     37192[0m[34;1m   1446240[0m[34;1m   6930076[0m[31;1m    173.19[0m[34;1m    773024[0m[34;1m   2244504[0m[34;1m       136[0m
13:06:32   [34;1m    559136[0m[34;1m    890620[0m[34;1m   1783140[0m[34;1m     44.56[0m[34;1m     37192[0m[34;1m   1446872[0m[34;1m   6930076[0m[31;1m    173.19[0m[34;1m    773024[0m[34;1m   2246888[0m[34;1m       684[0m
13:06:33   [34;1m    558156[0m[34;1m    890232[0m[34;1m   1783508[0m[34;1m     44.57[0m[34;1m     37200[0m[34;1m   1447488[0m[34;1m   6930076[0m[31;1m    173.19[0m[34;1m    773032[0m[34;1m   2247808[0m[34;1m      1316[0m
13:06:34   [34;1m    557932[0m[34;1m    890588[0m[34;1m   1783176[0m[34;1m     44.56[0m[34;1m     37200[0m[34;1m   1448068[0m[34;1m   6925356[0m[31;1m    173.07[0m[34;1m    773032[0m[34;1m   2245080[0m[34;1m      1896[0m
13:06:35   [34;1m    557932[0m[34;1m    891032[0m[34;1m   1782676[0m[34;1m     44.55[0m[34;1m     37200[0m[34;1m   1448568[0m[34;1m   6925356[0m[31;1m    173.07[0m[34;1m    773032[0m[34;1m   2246672[0m[34;1m      2396[0m
13:06:36   [34;1m    557456[0m[34;1m    891036[0m[34;1m   1782740[0m[34;1m     44.55[0m[34;1m     37200[0m[34;1m   1448996[0m[34;1m   6925356[0m[31;1m    173.07[0m[34;1m    773032[0m[34;1m   2247656[0m[34;1m      2824[0m
13:06:37   [34;1m    555944[0m[34;1m    890156[0m[34;1m   1783580[0m[34;1m     44.57[0m[34;1m     37200[0m[34;1m   1449668[0m[34;1m   6925356[0m[31;1m    173.07[0m[34;1m    773032[0m[34;1m   2252624[0m[34;1m      3480[0m
13:06:38   [34;1m    555440[0m[34;1m    890316[0m[34;1m   1783484[0m[34;1m     44.57[0m[34;1m     37208[0m[34;1m   1450260[0m[34;1m   6925356[0m[31;1m    173.07[0m[34;1m    773040[0m[34;1m   2251600[0m[34;1m      4080[0m
13:06:39   [34;1m    552668[0m[34;1m    888164[0m[34;1m   1785648[0m[34;1m     44.63[0m[34;1m     37212[0m[34;1m   1450864[0m[34;1m   6925356[0m[31;1m    173.07[0m[34;1m    773044[0m[34;1m   2254176[0m[34;1m      4684[0m
13:06:40   [34;1m    551940[0m[34;1m    887976[0m[34;1m   1785840[0m[34;1m     44.63[0m[34;1m     37212[0m[34;1m   1451392[0m[34;1m   6925356[0m[31;1m    173.07[0m[34;1m    773044[0m[34;1m   2255736[0m[34;1m      5212[0m
13:06:41   [34;1m    551436[0m[34;1m    888104[0m[34;1m   1785724[0m[34;1m     44.63[0m[34;1m     37212[0m[34;1m   1452024[0m[34;1m   6925356[0m[31;1m    173.07[0m[34;1m    773044[0m[34;1m   2257768[0m[34;1m      5844[0m
13:06:42   [34;1m    548188[0m[34;1m    885376[0m[34;1m   1788436[0m[34;1m     44.70[0m[34;1m     37212[0m[34;1m   1452560[0m[34;1m   6925356[0m[31;1m    173.07[0m[34;1m    773044[0m[34;1m   2260996[0m[34;1m      6380[0m
13:06:43   [34;1m    547684[0m[34;1m    885348[0m[34;1m   1788396[0m[34;1m     44.69[0m[34;1m     37220[0m[34;1m   1453100[0m[34;1m   6925356[0m[31;1m    173.07[0m[34;1m    773052[0m[34;1m   2259620[0m[34;1m      6916[0m
13:06:44   [34;1m    545668[0m[34;1m    884012[0m[34;1m   1789772[0m[34;1m     44.73[0m[34;1m     37220[0m[34;1m   1453744[0m[34;1m   6925356[0m[31;1m    173.07[0m[34;1m    773052[0m[34;1m   2260108[0m[34;1m      7560[0m
13:06:45   [34;1m    545164[0m[34;1m    884080[0m[34;1m   1789700[0m[34;1m     44.73[0m[34;1m     37220[0m[34;1m   1454324[0m[34;1m   6925356[0m[31;1m    173.07[0m[34;1m    773052[0m[34;1m   2261260[0m[34;1m      8140[0m
13:06:46   [34;1m    545164[0m[34;1m    884684[0m[34;1m   1789052[0m[34;1m     44.71[0m[34;1m     37220[0m[34;1m   1454972[0m[34;1m   6925356[0m[31;1m    173.07[0m[34;1m    773052[0m[34;1m   2261584[0m[34;1m      8788[0m
13:06:47   [34;1m    544688[0m[34;1m    884856[0m[34;1m   1788920[0m[34;1m     44.71[0m[34;1m     37220[0m[34;1m   1455580[0m[34;1m   6925356[0m[31;1m    173.07[0m[34;1m    773052[0m[34;1m   2261356[0m[34;1m      9340[0m
13:06:48   [34;1m    544688[0m[34;1m    885360[0m[34;1m   1788360[0m[34;1m     44.69[0m[34;1m     37228[0m[34;1m   1456132[0m[34;1m   6925356[0m[31;1m    173.07[0m[34;1m    773052[0m[34;1m   2262028[0m[34;1m      9908[0m
13:06:49   [34;1m    543176[0m[34;1m    884528[0m[34;1m   1789276[0m[34;1m     44.72[0m[34;1m     37228[0m[34;1m   1456728[0m[34;1m   6925356[0m[31;1m    173.07[0m[34;1m    773060[0m[34;1m   2262868[0m[34;1m     10504[0m
13:06:50   [34;1m    542952[0m[34;1m    884868[0m[34;1m   1788928[0m[34;1m     44.71[0m[34;1m     37228[0m[34;1m   1457300[0m[34;1m   6925356[0m[31;1m    173.07[0m[34;1m    773060[0m[34;1m   2263936[0m[34;1m     11076[0m
13:06:51   [34;1m    542476[0m[34;1m    885048[0m[34;1m   1788688[0m[34;1m     44.70[0m[34;1m     37228[0m[34;1m   1457984[0m[34;1m   6930076[0m[31;1m    173.19[0m[34;1m    773096[0m[34;1m   2264896[0m[34;1m     11652[0m
13:06:52   [34;1m    541972[0m[34;1m    885084[0m[34;1m   1788624[0m[34;1m     44.70[0m[34;1m     37228[0m[34;1m   1458548[0m[34;1m   6930076[0m[31;1m    173.19[0m[34;1m    773148[0m[34;1m   2265788[0m[34;1m     12216[0m
13:06:53   [34;1m    541972[0m[34;1m    885664[0m[34;1m   1788096[0m[34;1m     44.69[0m[34;1m     37244[0m[34;1m   1459060[0m[34;1m   6930076[0m[31;1m    173.19[0m[34;1m    773164[0m[34;1m   2266612[0m[34;1m     12732[0m
13:06:54   [34;1m    539732[0m[34;1m    884064[0m[34;1m   1789688[0m[34;1m     44.73[0m[34;1m     37244[0m[34;1m   1459704[0m[34;1m   6925356[0m[31;1m    173.07[0m[34;1m    773164[0m[34;1m   2266040[0m[34;1m     13376[0m
13:06:55   [34;1m    539728[0m[34;1m    884640[0m[34;1m   1789100[0m[34;1m     44.71[0m[34;1m     37244[0m[34;1m   1460296[0m[34;1m   6925356[0m[31;1m    173.07[0m[34;1m    773164[0m[34;1m   2267000[0m[34;1m     13968[0m
13:06:56   [34;1m    539000[0m[34;1m    884504[0m[34;1m   1789304[0m[34;1m     44.72[0m[34;1m     37244[0m[34;1m   1460820[0m[34;1m   6925356[0m[31;1m    173.07[0m[34;1m    773164[0m[34;1m   2267620[0m[34;1m     14492[0m
13:06:57   [34;1m    539000[0m[34;1m    884996[0m[34;1m   1788744[0m[34;1m     44.70[0m[34;1m     37244[0m[34;1m   1461420[0m[34;1m   6925356[0m[31;1m    173.07[0m[34;1m    773164[0m[34;1m   2268768[0m[34;1m     15092[0m
13:06:58   [34;1m    538748[0m[34;1m    885340[0m[34;1m   1788396[0m[34;1m     44.69[0m[34;1m     37252[0m[34;1m   1462012[0m[34;1m   6925356[0m[31;1m    173.07[0m[34;1m    773172[0m[34;1m   2269488[0m[34;1m     15684[0m
13:06:59   [34;1m    537264[0m[34;1m    884440[0m[34;1m   1789328[0m[34;1m     44.72[0m[34;1m     37252[0m[34;1m   1462588[0m[34;1m   6925356[0m[31;1m    173.07[0m[34;1m    773172[0m[34;1m   2266524[0m[34;1m     16260[0m
13:07:00   [34;1m    537264[0m[34;1m    885128[0m[34;1m   1788652[0m[34;1m     44.70[0m[34;1m     37252[0m[34;1m   1463264[0m[34;1m   6925356[0m[31;1m    173.07[0m[34;1m    773172[0m[34;1m   2267584[0m[34;1m     16936[0m
13:07:01   [34;1m    536760[0m[34;1m    885284[0m[34;1m   1788460[0m[34;1m     44.70[0m[34;1m     37260[0m[34;1m   1463952[0m[34;1m   6925356[0m[31;1m    173.07[0m[34;1m    773180[0m[34;1m   2268332[0m[34;1m     17496[0m
13:07:02   [34;1m    535248[0m[34;1m    884428[0m[34;1m   1789388[0m[34;1m     44.72[0m[34;1m     37260[0m[34;1m   1464536[0m[34;1m   6925356[0m[31;1m    173.07[0m[34;1m    773180[0m[34;1m   2270656[0m[34;1m       252[0m
13:07:03   [34;1m    532000[0m[34;1m    881824[0m[34;1m   1792052[0m[34;1m     44.79[0m[34;1m     37268[0m[34;1m   1465112[0m[34;1m   6925356[0m[31;1m    173.07[0m[34;1m    773188[0m[34;1m   2271204[0m[34;1m       832[0m
13:07:04   [34;1m    530516[0m[34;1m    880944[0m[34;1m   1792848[0m[34;1m     44.81[0m[34;1m     37268[0m[34;1m   1465796[0m[34;1m   6925356[0m[31;1m    173.07[0m[34;1m    773188[0m[34;1m   2269776[0m[34;1m      1516[0m
13:07:05   [34;1m    529536[0m[34;1m    880680[0m[34;1m   1793188[0m[34;1m     44.81[0m[34;1m     37268[0m[34;1m   1466436[0m[34;1m   6925356[0m[31;1m    173.07[0m[34;1m    773188[0m[34;1m   2271468[0m[34;1m      2156[0m
13:07:06   [34;1m    529032[0m[34;1m    880692[0m[34;1m   1793136[0m[34;1m     44.81[0m[34;1m     37272[0m[34;1m   1466988[0m[34;1m   6925356[0m[31;1m    173.07[0m[34;1m    773192[0m[34;1m   2273160[0m[34;1m      2708[0m
13:07:07   [34;1m    528024[0m[34;1m    880296[0m[34;1m   1793484[0m[34;1m     44.82[0m[34;1m     37272[0m[34;1m   1467620[0m[34;1m   6925356[0m[31;1m    173.07[0m[34;1m    773192[0m[34;1m   2274620[0m[34;1m      3304[0m
13:07:08   [34;1m    527520[0m[34;1m    880172[0m[34;1m   1793568[0m[34;1m     44.82[0m[34;1m     37272[0m[34;1m   1468040[0m[34;1m   6925356[0m[31;1m    173.07[0m[34;1m    773192[0m[34;1m   2275032[0m[34;1m      3724[0m
13:07:09   [34;1m    523488[0m[34;1m    877016[0m[34;1m   1796816[0m[34;1m     44.90[0m[34;1m     37272[0m[34;1m   1468848[0m[34;1m   6925356[0m[31;1m    173.07[0m[34;1m    773192[0m[34;1m   2275944[0m[34;1m      4536[0m
13:07:10   [34;1m    523488[0m[34;1m    877632[0m[34;1m   1796188[0m[34;1m     44.89[0m[34;1m     37272[0m[34;1m   1469476[0m[34;1m   6925356[0m[31;1m    173.07[0m[34;1m    773192[0m[34;1m   2276604[0m[34;1m      5164[0m
13:07:11   [34;1m    521472[0m[34;1m    876180[0m[34;1m   1797532[0m[34;1m     44.92[0m[34;1m     37276[0m[34;1m   1470072[0m[34;1m   6930076[0m[31;1m    173.19[0m[34;1m    773192[0m[34;1m   2278508[0m[34;1m      5768[0m
13:07:12   [34;1m    521220[0m[34;1m    876496[0m[34;1m   1797220[0m[34;1m     44.91[0m[34;1m     37276[0m[34;1m   1470628[0m[34;1m   6930076[0m[31;1m    173.19[0m[34;1m    773196[0m[34;1m   2279192[0m[34;1m      6312[0m
13:07:13   [34;1m    520968[0m[34;1m    876880[0m[34;1m   1796860[0m[34;1m     44.91[0m[34;1m     37284[0m[34;1m   1471216[0m[34;1m   6930076[0m[31;1m    173.19[0m[34;1m    773204[0m[34;1m   2279656[0m[34;1m      6908[0m
13:07:14   [34;1m    519456[0m[34;1m    875952[0m[34;1m   1797800[0m[34;1m     44.93[0m[34;1m     37284[0m[34;1m   1471816[0m[34;1m   6925356[0m[31;1m    173.07[0m[34;1m    773204[0m[34;1m   2278804[0m[34;1m      7508[0m
13:07:15   [34;1m    518476[0m[34;1m    875680[0m[34;1m   1798120[0m[34;1m     44.94[0m[34;1m     37284[0m[34;1m   1472492[0m[34;1m   6925356[0m[31;1m    173.07[0m[34;1m    773204[0m[34;1m   2278720[0m[34;1m      8124[0m
13:07:16   [34;1m    517748[0m[34;1m    875408[0m[34;1m   1798344[0m[34;1m     44.94[0m[34;1m     37284[0m[34;1m   1473000[0m[34;1m   6925356[0m[31;1m    173.07[0m[34;1m    773204[0m[34;1m   2277924[0m[34;1m      8632[0m
13:07:17   [34;1m    517748[0m[34;1m    875944[0m[34;1m   1797816[0m[34;1m     44.93[0m[34;1m     37284[0m[34;1m   1473544[0m[34;1m   6925356[0m[31;1m    173.07[0m[34;1m    773204[0m[34;1m   2278756[0m[34;1m      9176[0m
13:07:18   [34;1m    517748[0m[34;1m    876636[0m[34;1m   1797144[0m[34;1m     44.91[0m[34;1m     37292[0m[34;1m   1474208[0m[34;1m   6925356[0m[31;1m    173.07[0m[34;1m    773212[0m[34;1m   2279808[0m[34;1m      9784[0m
13:07:19   [34;1m    516768[0m[34;1m    876328[0m[34;1m   1797492[0m[34;1m     44.92[0m[34;1m     37292[0m[34;1m   1474868[0m[34;1m   6925356[0m[31;1m    173.07[0m[34;1m    773212[0m[34;1m   2280256[0m[34;1m     10444[0m
13:07:20   [34;1m    515312[0m[34;1m    875440[0m[34;1m   1798348[0m[34;1m     44.94[0m[34;1m     37292[0m[34;1m   1475468[0m[34;1m   6925356[0m[31;1m    173.07[0m[34;1m    773212[0m[34;1m   2281064[0m[34;1m     11044[0m
13:07:21   [34;1m    515060[0m[34;1m    875808[0m[34;1m   1797992[0m[34;1m     44.93[0m[34;1m     37292[0m[34;1m   1476080[0m[34;1m   6925356[0m[31;1m    173.07[0m[34;1m    773212[0m[34;1m   2281792[0m[34;1m     11656[0m
13:07:22   [34;1m    514360[0m[34;1m    875704[0m[34;1m   1798080[0m[34;1m     44.94[0m[34;1m     37296[0m[34;1m   1476684[0m[34;1m   6925356[0m[31;1m    173.07[0m[34;1m    773216[0m[34;1m   2282428[0m[34;1m     12268[0m
13:07:23   [34;1m    513352[0m[34;1m    875348[0m[34;1m   1798472[0m[34;1m     44.95[0m[34;1m     37296[0m[34;1m   1477304[0m[34;1m   6925356[0m[31;1m    173.07[0m[34;1m    773216[0m[34;1m   2284000[0m[34;1m     12888[0m
13:07:24   [34;1m    510580[0m[34;1m    873140[0m[34;1m   1800668[0m[34;1m     45.00[0m[34;1m     37296[0m[34;1m   1477876[0m[34;1m   6925356[0m[31;1m    173.07[0m[34;1m    773216[0m[34;1m   2284392[0m[34;1m     13460[0m
13:07:25   [34;1m    510580[0m[34;1m    873732[0m[34;1m   1800048[0m[34;1m     44.99[0m[34;1m     37296[0m[34;1m   1478512[0m[34;1m   6925356[0m[31;1m    173.07[0m[34;1m    773216[0m[34;1m   2285140[0m[34;1m     14096[0m
13:07:26   [34;1m    510076[0m[34;1m    873916[0m[34;1m   1799940[0m[34;1m     44.98[0m[34;1m     37296[0m[34;1m   1479124[0m[34;1m   6925356[0m[31;1m    173.07[0m[34;1m    773216[0m[34;1m   2285836[0m[34;1m     14708[0m
13:07:27   [34;1m    510076[0m[34;1m    874412[0m[34;1m   1799360[0m[34;1m     44.97[0m[34;1m     37308[0m[34;1m   1479684[0m[34;1m   6925356[0m[31;1m    173.07[0m[34;1m    773228[0m[34;1m   2286852[0m[34;1m     15280[0m
13:07:28   [34;1m    509852[0m[34;1m    874816[0m[34;1m   1798952[0m[34;1m     44.96[0m[34;1m     37308[0m[34;1m   1480316[0m[34;1m   6925356[0m[31;1m    173.07[0m[34;1m    773228[0m[34;1m   2287616[0m[34;1m       420[0m
13:07:29   [34;1m    507584[0m[34;1m    873260[0m[34;1m   1800560[0m[34;1m     45.00[0m[34;1m     37308[0m[34;1m   1480976[0m[34;1m   6925356[0m[31;1m    173.07[0m[34;1m    773228[0m[34;1m   2288444[0m[34;1m      1084[0m
13:07:30   [34;1m    507108[0m[34;1m    873344[0m[34;1m   1800388[0m[34;1m     44.99[0m[34;1m     37308[0m[34;1m   1481624[0m[34;1m   6925356[0m[31;1m    173.07[0m[34;1m    773228[0m[34;1m   2288984[0m[34;1m      1732[0m
13:07:31   [34;1m    505092[0m[34;1m    871932[0m[34;1m   1801848[0m[34;1m     45.03[0m[34;1m     37308[0m[34;1m   1482168[0m[34;1m   6930076[0m[31;1m    173.19[0m[34;1m    773228[0m[34;1m   2291912[0m[34;1m      2276[0m
13:07:32   [34;1m    504868[0m[34;1m    872216[0m[34;1m   1801464[0m[34;1m     45.02[0m[34;1m     37316[0m[34;1m   1482760[0m[34;1m   6930076[0m[31;1m    173.19[0m[34;1m    773236[0m[34;1m   2289640[0m[34;1m      2928[0m
13:07:33   [34;1m    504392[0m[34;1m    872432[0m[34;1m   1801408[0m[34;1m     45.02[0m[34;1m     37324[0m[34;1m   1483284[0m[34;1m   6930076[0m[31;1m    173.19[0m[34;1m    773244[0m[34;1m   2290420[0m[34;1m       380[0m
13:07:34   [34;1m    501624[0m[34;1m    870072[0m[34;1m   1803652[0m[34;1m     45.08[0m[34;1m     37324[0m[34;1m   1483788[0m[34;1m   6925356[0m[31;1m    173.07[0m[34;1m    773244[0m[34;1m   2288784[0m[34;1m       884[0m
13:07:35   [34;1m    501372[0m[34;1m    870556[0m[34;1m   1803248[0m[34;1m     45.07[0m[34;1m     37324[0m[34;1m   1484460[0m[34;1m   6925356[0m[31;1m    173.07[0m[34;1m    773244[0m[34;1m   2290232[0m[34;1m      1556[0m
13:07:36   [34;1m    501372[0m[34;1m    871080[0m[34;1m   1802752[0m[34;1m     45.05[0m[34;1m     37324[0m[34;1m   1484956[0m[34;1m   6925356[0m[31;1m    173.07[0m[34;1m    773244[0m[34;1m   2291036[0m[34;1m      2052[0m
13:07:37   [34;1m    501120[0m[34;1m    871392[0m[34;1m   1802356[0m[34;1m     45.04[0m[34;1m     37332[0m[34;1m   1485600[0m[34;1m   6925356[0m[31;1m    173.07[0m[34;1m    773252[0m[34;1m   2291992[0m[34;1m      2692[0m
13:07:38   [34;1m    500644[0m[34;1m    871484[0m[34;1m   1802264[0m[34;1m     45.04[0m[34;1m     37332[0m[34;1m   1486168[0m[34;1m   6925356[0m[31;1m    173.07[0m[34;1m    773252[0m[34;1m   2292596[0m[34;1m      3260[0m
13:07:39   [34;1m    515156[0m[34;1m    886668[0m[34;1m   1787160[0m[34;1m     44.66[0m[34;1m     37332[0m[34;1m   1486780[0m[34;1m   6925356[0m[31;1m    173.07[0m[34;1m    773252[0m[34;1m   2293612[0m[34;1m      3872[0m
13:07:40   [34;1m    513896[0m[34;1m    885988[0m[34;1m   1787840[0m[34;1m     44.68[0m[34;1m     37332[0m[34;1m   1487360[0m[34;1m   6925356[0m[31;1m    173.07[0m[34;1m    773252[0m[34;1m   2295940[0m[34;1m      4452[0m
13:07:41   [34;1m    512888[0m[34;1m    885580[0m[34;1m   1788284[0m[34;1m     44.69[0m[34;1m     37332[0m[34;1m   1487924[0m[34;1m   6925356[0m[31;1m    173.07[0m[34;1m    773252[0m[34;1m   2295020[0m[34;1m      5016[0m
13:07:42   [34;1m    512384[0m[34;1m    885660[0m[34;1m   1788160[0m[34;1m     44.69[0m[34;1m     37340[0m[34;1m   1488544[0m[34;1m   6925356[0m[31;1m    173.07[0m[34;1m    773260[0m[34;1m   2295508[0m[34;1m      5636[0m
13:07:43   [34;1m    511404[0m[34;1m    885268[0m[34;1m   1788532[0m[34;1m     44.70[0m[34;1m     37340[0m[34;1m   1489156[0m[34;1m   6925356[0m[31;1m    173.07[0m[34;1m    773260[0m[34;1m   2296080[0m[34;1m      6248[0m
13:07:44   [34;1m    509416[0m[34;1m    883960[0m[34;1m   1789888[0m[34;1m     44.73[0m[34;1m     37348[0m[34;1m   1489812[0m[34;1m   6925356[0m[31;1m    173.07[0m[34;1m    773268[0m[34;1m   2296952[0m[34;1m      6900[0m
13:07:45   [34;1m    509176[0m[34;1m    884288[0m[34;1m   1789580[0m[34;1m     44.72[0m[34;1m     37348[0m[34;1m   1490360[0m[34;1m   6925356[0m[31;1m    173.07[0m[34;1m    773268[0m[34;1m   2297912[0m[34;1m      7448[0m
13:07:46   [34;1m    508448[0m[34;1m    884104[0m[34;1m   1789720[0m[34;1m     44.73[0m[34;1m     37348[0m[34;1m   1490948[0m[34;1m   6925356[0m[31;1m    173.07[0m[34;1m    773268[0m[34;1m   2297660[0m[34;1m      8036[0m
13:07:47   [34;1m    508448[0m[34;1m    884752[0m[34;1m   1789060[0m[34;1m     44.71[0m[34;1m     37348[0m[34;1m   1491584[0m[34;1m   6925356[0m[31;1m    173.07[0m[34;1m    773268[0m[34;1m   2298260[0m[34;1m      8672[0m
13:07:48   [34;1m    508196[0m[34;1m    885084[0m[34;1m   1788748[0m[34;1m     44.70[0m[34;1m     37348[0m[34;1m   1492144[0m[34;1m   6925356[0m[31;1m    173.07[0m[34;1m    773268[0m[34;1m   2298888[0m[34;1m      9232[0m
13:07:49   [34;1m    505676[0m[34;1m    883140[0m[34;1m   1790660[0m[34;1m     44.75[0m[34;1m     37356[0m[34;1m   1492744[0m[34;1m   6925356[0m[31;1m    173.07[0m[34;1m    773276[0m[34;1m   2299364[0m[34;1m      9832[0m
13:07:50   [34;1m    505424[0m[34;1m    883572[0m[34;1m   1790212[0m[34;1m     44.74[0m[34;1m     37356[0m[34;1m   1493444[0m[34;1m   6925356[0m[31;1m    173.07[0m[34;1m    773276[0m[34;1m   2300108[0m[34;1m     10532[0m
13:07:51   [34;1m    503912[0m[34;1m    882616[0m[34;1m   1791156[0m[34;1m     44.76[0m[34;1m     37364[0m[34;1m   1493936[0m[34;1m   6930076[0m[31;1m    173.19[0m[34;1m    773284[0m[34;1m   2302400[0m[34;1m     11020[0m
13:07:52   [34;1m    503156[0m[34;1m    882424[0m[34;1m   1791304[0m[34;1m     44.77[0m[34;1m     37364[0m[34;1m   1494544[0m[34;1m   6930076[0m[31;1m    173.19[0m[34;1m    773284[0m[34;1m   2303036[0m[34;1m     11628[0m
13:07:53   [34;1m    501924[0m[34;1m    881904[0m[34;1m   1791832[0m[34;1m     44.78[0m[34;1m     37364[0m[34;1m   1495232[0m[34;1m   6930076[0m[31;1m    173.19[0m[34;1m    773284[0m[34;1m   2303788[0m[34;1m        80[0m
13:07:54   [34;1m    499684[0m[34;1m    880204[0m[34;1m   1793548[0m[34;1m     44.82[0m[34;1m     37364[0m[34;1m   1495776[0m[34;1m   6925356[0m[31;1m    173.07[0m[34;1m    773284[0m[34;1m   2302900[0m[34;1m       628[0m
13:07:55   [34;1m    499460[0m[34;1m    880612[0m[34;1m   1793160[0m[34;1m     44.81[0m[34;1m     37364[0m[34;1m   1496396[0m[34;1m   6925356[0m[31;1m    173.07[0m[34;1m    773284[0m[34;1m   2303592[0m[34;1m      1252[0m
13:07:56   [34;1m    499208[0m[34;1m    881016[0m[34;1m   1792748[0m[34;1m     44.80[0m[34;1m     37372[0m[34;1m   1497052[0m[34;1m   6925356[0m[31;1m    173.07[0m[34;1m    773292[0m[34;1m   2304228[0m[34;1m      1964[0m
13:07:57   [34;1m    498732[0m[34;1m    881220[0m[34;1m   1792540[0m[34;1m     44.80[0m[34;1m     37380[0m[34;1m   1497708[0m[34;1m   6925356[0m[31;1m    173.07[0m[34;1m    773300[0m[34;1m   2303468[0m[34;1m      2616[0m
13:07:58   [34;1m    498732[0m[34;1m    881840[0m[34;1m   1791872[0m[34;1m     44.78[0m[34;1m     37380[0m[34;1m   1498368[0m[34;1m   6925356[0m[31;1m    173.07[0m[34;1m    773300[0m[34;1m   2304788[0m[34;1m      3276[0m
13:07:59   [34;1m    498480[0m[34;1m    882156[0m[34;1m   1791600[0m[34;1m     44.77[0m[34;1m     37380[0m[34;1m   1498892[0m[34;1m   6925356[0m[31;1m    173.07[0m[34;1m    773300[0m[34;1m   2304964[0m[34;1m      3800[0m
13:08:00   [34;1m    498232[0m[34;1m    882476[0m[34;1m   1791216[0m[34;1m     44.76[0m[34;1m     37380[0m[34;1m   1499524[0m[34;1m   6925356[0m[31;1m    173.07[0m[34;1m    773300[0m[34;1m   2305952[0m[34;1m      4432[0m
13:08:01   [34;1m    497476[0m[34;1m    882328[0m[34;1m   1791392[0m[34;1m     44.77[0m[34;1m     37380[0m[34;1m   1500104[0m[34;1m   6925356[0m[31;1m    173.07[0m[34;1m    773300[0m[34;1m   2306768[0m[34;1m      5012[0m
13:08:02   [34;1m    497252[0m[34;1m    882796[0m[34;1m   1790968[0m[34;1m     44.76[0m[34;1m     37388[0m[34;1m   1500748[0m[34;1m   6925356[0m[31;1m    173.07[0m[34;1m    773308[0m[34;1m   2307868[0m[34;1m      5656[0m
13:08:03   [34;1m    497252[0m[34;1m    883320[0m[34;1m   1790420[0m[34;1m     44.74[0m[34;1m     37392[0m[34;1m   1501276[0m[34;1m   6925356[0m[31;1m    173.07[0m[34;1m    773312[0m[34;1m   2308212[0m[34;1m      6180[0m
13:08:04   [34;1m    495488[0m[34;1m    882168[0m[34;1m   1791576[0m[34;1m     44.77[0m[34;1m     37392[0m[34;1m   1501876[0m[34;1m   6925356[0m[31;1m    173.07[0m[34;1m    773312[0m[34;1m   2308976[0m[34;1m      6780[0m
13:08:05   [34;1m    495264[0m[34;1m    882480[0m[34;1m   1791244[0m[34;1m     44.77[0m[34;1m     37392[0m[34;1m   1502432[0m[34;1m   6925356[0m[31;1m    173.07[0m[34;1m    773312[0m[34;1m   2309064[0m[34;1m      7336[0m
13:08:06   [34;1m    494536[0m[34;1m    882340[0m[34;1m   1791380[0m[34;1m     44.77[0m[34;1m     37392[0m[34;1m   1503024[0m[34;1m   6925356[0m[31;1m    173.07[0m[34;1m    773312[0m[34;1m   2309696[0m[34;1m      7928[0m
13:08:07   [34;1m    494032[0m[34;1m    882468[0m[34;1m   1791288[0m[34;1m     44.77[0m[34;1m     37392[0m[34;1m   1503624[0m[34;1m   6925356[0m[31;1m    173.07[0m[34;1m    773312[0m[34;1m   2311040[0m[34;1m      8528[0m
13:08:08   [34;1m    493780[0m[34;1m    882736[0m[34;1m   1790912[0m[34;1m     44.76[0m[34;1m     37400[0m[34;1m   1504244[0m[34;1m   6925356[0m[31;1m    173.07[0m[34;1m    773316[0m[34;1m   2311652[0m[34;1m      9148[0m
13:08:09   [34;1m    505900[0m[34;1m    895512[0m[34;1m   1778232[0m[34;1m     44.44[0m[34;1m     37408[0m[34;1m   1504804[0m[34;1m   6925356[0m[31;1m    173.07[0m[34;1m    773320[0m[34;1m   2311824[0m[34;1m      9704[0m
13:08:10   [34;1m    505676[0m[34;1m    895788[0m[34;1m   1777924[0m[34;1m     44.43[0m[34;1m     37408[0m[34;1m   1505336[0m[34;1m   6925356[0m[31;1m    173.07[0m[34;1m    773328[0m[34;1m   2312460[0m[34;1m     10236[0m
13:08:11   [34;1m    505172[0m[34;1m    895892[0m[34;1m   1777784[0m[34;1m     44.43[0m[34;1m     37408[0m[34;1m   1505960[0m[34;1m   6930076[0m[31;1m    173.19[0m[34;1m    773328[0m[34;1m   2314456[0m[34;1m     10860[0m
13:08:12   [34;1m    504916[0m[34;1m    896264[0m[34;1m   1777472[0m[34;1m     44.42[0m[34;1m     37408[0m[34;1m   1506528[0m[34;1m   6930076[0m[31;1m    173.19[0m[34;1m    773328[0m[34;1m   2315332[0m[34;1m     11428[0m
13:08:13   [34;1m    504664[0m[34;1m    896576[0m[34;1m   1777132[0m[34;1m     44.41[0m[34;1m     37408[0m[34;1m   1507112[0m[34;1m   6930076[0m[31;1m    173.19[0m[34;1m    773328[0m[34;1m   2315692[0m[34;1m     12012[0m
13:08:14   [34;1m    502676[0m[34;1m    895160[0m[34;1m   1778540[0m[34;1m     44.45[0m[34;1m     37416[0m[34;1m   1507680[0m[34;1m   6925356[0m[31;1m    173.07[0m[34;1m    773328[0m[34;1m   2314740[0m[34;1m       472[0m
13:08:15   [34;1m    502424[0m[34;1m    895512[0m[34;1m   1778164[0m[34;1m     44.44[0m[34;1m     37424[0m[34;1m   1508300[0m[34;1m   6925356[0m[31;1m    173.07[0m[34;1m    773336[0m[34;1m   2315400[0m[34;1m      1096[0m
13:08:16   [34;1m    501220[0m[34;1m    894980[0m[34;1m   1778800[0m[34;1m     44.45[0m[34;1m     37424[0m[34;1m   1508900[0m[34;1m   6925356[0m[31;1m    173.07[0m[34;1m    773344[0m[34;1m   2314388[0m[34;1m      1696[0m
13:08:17   [34;1m    500212[0m[34;1m    894584[0m[34;1m   1779200[0m[34;1m     44.46[0m[34;1m     37424[0m[34;1m   1509528[0m[34;1m   6925356[0m[31;1m    173.07[0m[34;1m    773344[0m[34;1m   2314436[0m[34;1m      2324[0m
13:08:18   [34;1m    499960[0m[34;1m    894828[0m[34;1m   1778896[0m[34;1m     44.46[0m[34;1m     37424[0m[34;1m   1510084[0m[34;1m   6925356[0m[31;1m    173.07[0m[34;1m    773344[0m[34;1m   2314488[0m[34;1m      2880[0m
13:08:19   [34;1m    499232[0m[34;1m    894740[0m[34;1m   1779016[0m[34;1m     44.46[0m[34;1m     37424[0m[34;1m   1510692[0m[34;1m   6925356[0m[31;1m    173.07[0m[34;1m    773344[0m[34;1m   2316120[0m[34;1m      3488[0m
13:08:20   [34;1m    499008[0m[34;1m    895020[0m[34;1m   1778680[0m[34;1m     44.45[0m[34;1m     37432[0m[34;1m   1511244[0m[34;1m   6925356[0m[31;1m    173.07[0m[34;1m    773344[0m[34;1m   2316800[0m[34;1m      4040[0m
13:08:21   [34;1m    498784[0m[34;1m    895492[0m[34;1m   1778268[0m[34;1m     44.44[0m[34;1m     37432[0m[34;1m   1511884[0m[34;1m   6925356[0m[31;1m    173.07[0m[34;1m    773352[0m[34;1m   2317628[0m[34;1m      4680[0m
13:08:22   [34;1m    498532[0m[34;1m    895704[0m[34;1m   1777996[0m[34;1m     44.43[0m[34;1m     37432[0m[34;1m   1512408[0m[34;1m   6925356[0m[31;1m    173.07[0m[34;1m    773352[0m[34;1m   2318148[0m[34;1m      5204[0m
13:08:23   [34;1m    498028[0m[34;1m    895896[0m[34;1m   1777896[0m[34;1m     44.43[0m[34;1m     37440[0m[34;1m   1513008[0m[34;1m   6925356[0m[31;1m    173.07[0m[34;1m    773360[0m[34;1m   2318544[0m[34;1m      5804[0m
13:08:24   [34;1m    496012[0m[34;1m    894488[0m[34;1m   1779288[0m[34;1m     44.47[0m[34;1m     37440[0m[34;1m   1513636[0m[34;1m   6925356[0m[31;1m    173.07[0m[34;1m    773360[0m[34;1m   2318724[0m[34;1m      6432[0m
13:08:25   [34;1m    496012[0m[34;1m    895096[0m[34;1m   1778688[0m[34;1m     44.45[0m[34;1m     37440[0m[34;1m   1514236[0m[34;1m   6925356[0m[31;1m    173.07[0m[34;1m    773360[0m[34;1m   2319816[0m[34;1m      7032[0m
13:08:26   [34;1m    495760[0m[34;1m    895344[0m[34;1m   1778440[0m[34;1m     44.45[0m[34;1m     37444[0m[34;1m   1514748[0m[34;1m   6925356[0m[31;1m    173.07[0m[34;1m    773360[0m[34;1m   2320464[0m[34;1m      7540[0m
13:08:27   [34;1m    495508[0m[34;1m    895792[0m[34;1m   1778064[0m[34;1m     44.44[0m[34;1m     37444[0m[34;1m   1515412[0m[34;1m   6925356[0m[31;1m    173.07[0m[34;1m    773364[0m[34;1m   2321636[0m[34;1m      8204[0m
13:08:28   [34;1m    494780[0m[34;1m    895576[0m[34;1m   1778188[0m[34;1m     44.44[0m[34;1m     37444[0m[34;1m   1516016[0m[34;1m   6925356[0m[31;1m    173.07[0m[34;1m    773364[0m[34;1m   2320536[0m[34;1m      8808[0m
13:08:29   [34;1m    493520[0m[34;1m    895012[0m[34;1m   1778844[0m[34;1m     44.46[0m[34;1m     37444[0m[34;1m   1516632[0m[34;1m   6925356[0m[31;1m    173.07[0m[34;1m    773364[0m[34;1m   2321384[0m[34;1m      9424[0m
13:08:30   [34;1m    493268[0m[34;1m    895316[0m[34;1m   1778528[0m[34;1m     44.45[0m[34;1m     37444[0m[34;1m   1517200[0m[34;1m   6925356[0m[31;1m    173.07[0m[34;1m    773364[0m[34;1m   2323340[0m[34;1m      9992[0m
13:08:31   [34;1m    491532[0m[34;1m    894108[0m[34;1m   1779696[0m[34;1m     44.48[0m[34;1m     37452[0m[34;1m   1517748[0m[34;1m   6930076[0m[31;1m    173.19[0m[34;1m    773364[0m[34;1m   2326452[0m[34;1m     10540[0m
13:08:32   [34;1m    491028[0m[34;1m    894208[0m[34;1m   1779588[0m[34;1m     44.47[0m[34;1m     37452[0m[34;1m   1518360[0m[34;1m   6930076[0m[31;1m    173.19[0m[34;1m    773372[0m[34;1m   2327104[0m[34;1m     11152[0m
13:08:33   [34;1m    490776[0m[34;1m    894652[0m[34;1m   1779172[0m[34;1m     44.46[0m[34;1m     37460[0m[34;1m   1518996[0m[34;1m   6930076[0m[31;1m    173.19[0m[34;1m    773372[0m[34;1m   2327852[0m[34;1m     11788[0m
13:08:34   [34;1m    487500[0m[34;1m    891916[0m[34;1m   1781884[0m[34;1m     44.53[0m[34;1m     37460[0m[34;1m   1519556[0m[34;1m   6925356[0m[31;1m    173.07[0m[34;1m    773380[0m[34;1m   2326524[0m[34;1m     12344[0m
13:08:35   [34;1m    487248[0m[34;1m    892204[0m[34;1m   1781580[0m[34;1m     44.52[0m[34;1m     37460[0m[34;1m   1520112[0m[34;1m   6925356[0m[31;1m    173.07[0m[34;1m    773380[0m[34;1m   2327108[0m[34;1m     12900[0m
13:08:36   [34;1m    486744[0m[34;1m    892260[0m[34;1m   1781500[0m[34;1m     44.52[0m[34;1m     37460[0m[34;1m   1520696[0m[34;1m   6925356[0m[31;1m    173.07[0m[34;1m    773380[0m[34;1m   2327972[0m[34;1m     13484[0m
13:08:37   [34;1m    486492[0m[34;1m    892668[0m[34;1m   1781116[0m[34;1m     44.51[0m[34;1m     37460[0m[34;1m   1521308[0m[34;1m   6925356[0m[31;1m    173.07[0m[34;1m    773380[0m[34;1m   2328876[0m[34;1m     14096[0m
13:08:38   [34;1m    486240[0m[34;1m    892984[0m[34;1m   1780724[0m[34;1m     44.50[0m[34;1m     37468[0m[34;1m   1521940[0m[34;1m   6925356[0m[31;1m    173.07[0m[34;1m    773380[0m[34;1m   2329520[0m[34;1m     14728[0m
13:08:39   [34;1m    484224[0m[34;1m    891620[0m[34;1m   1782152[0m[34;1m     44.54[0m[34;1m     37480[0m[34;1m   1522528[0m[34;1m   6925356[0m[31;1m    173.07[0m[34;1m    773388[0m[34;1m   2330268[0m[34;1m      3000[0m
13:08:40   [34;1m    483496[0m[34;1m    891440[0m[34;1m   1782276[0m[34;1m     44.54[0m[34;1m     37480[0m[34;1m   1523136[0m[34;1m   6925356[0m[31;1m    173.07[0m[34;1m    773400[0m[34;1m   2329908[0m[34;1m      3608[0m
13:08:41   [34;1m    483020[0m[34;1m    891628[0m[34;1m   1782184[0m[34;1m     44.54[0m[34;1m     37480[0m[34;1m   1523704[0m[34;1m   6925356[0m[31;1m    173.07[0m[34;1m    773400[0m[34;1m   2330740[0m[34;1m      4176[0m
13:08:42   [34;1m    574900[0m[34;1m    886408[0m[34;1m   1787360[0m[34;1m     44.67[0m[34;1m     37480[0m[34;1m   1426652[0m[34;1m   6925356[0m[31;1m    173.07[0m[34;1m    773400[0m[34;1m   2233944[0m[34;1m       540[0m
13:08:43   [34;1m    574144[0m[34;1m    886324[0m[34;1m   1787440[0m[34;1m     44.67[0m[34;1m     37480[0m[34;1m   1427328[0m[34;1m   6925356[0m[31;1m    173.07[0m[34;1m    773432[0m[34;1m   2234652[0m[34;1m      1188[0m
13:08:44   [34;1m    573640[0m[34;1m    886444[0m[34;1m   1787388[0m[34;1m     44.67[0m[34;1m     37488[0m[34;1m   1427912[0m[34;1m   6925356[0m[31;1m    173.07[0m[34;1m    773432[0m[34;1m   2235756[0m[34;1m      1792[0m
13:08:45   [34;1m    573388[0m[34;1m    886688[0m[34;1m   1787056[0m[34;1m     44.66[0m[34;1m     37488[0m[34;1m   1428496[0m[34;1m   6925356[0m[31;1m    173.07[0m[34;1m    773440[0m[34;1m   2235528[0m[34;1m      2376[0m
13:08:46   [34;1m    573388[0m[34;1m    887328[0m[34;1m   1786488[0m[34;1m     44.65[0m[34;1m     37496[0m[34;1m   1429056[0m[34;1m   6925356[0m[31;1m    173.07[0m[34;1m    773448[0m[34;1m   2235552[0m[34;1m      2932[0m
13:08:47   [34;1m    572884[0m[34;1m    887376[0m[34;1m   1786432[0m[34;1m     44.65[0m[34;1m     37496[0m[34;1m   1429600[0m[34;1m   6925356[0m[31;1m    173.07[0m[34;1m    773448[0m[34;1m   2236488[0m[34;1m      3476[0m
13:08:48   [34;1m    572884[0m[34;1m    887992[0m[34;1m   1785800[0m[34;1m     44.63[0m[34;1m     37496[0m[34;1m   1430232[0m[34;1m   6925356[0m[31;1m    173.07[0m[34;1m    773448[0m[34;1m   2237208[0m[34;1m      4108[0m
13:08:49   [34;1m    572380[0m[34;1m    888124[0m[34;1m   1785712[0m[34;1m     44.63[0m[34;1m     37496[0m[34;1m   1430836[0m[34;1m   6925356[0m[31;1m    173.07[0m[34;1m    773448[0m[34;1m   2237924[0m[34;1m      4712[0m
13:08:50   [34;1m    572128[0m[34;1m    888300[0m[34;1m   1785408[0m[34;1m     44.62[0m[34;1m     37496[0m[34;1m   1431396[0m[34;1m   6925356[0m[31;1m    173.07[0m[34;1m    773448[0m[34;1m   2238912[0m[34;1m      5272[0m
13:08:51   [34;1m    570648[0m[34;1m    887384[0m[34;1m   1786336[0m[34;1m     44.64[0m[34;1m     37504[0m[34;1m   1431912[0m[34;1m   6930076[0m[31;1m    173.19[0m[34;1m    773456[0m[34;1m   2240508[0m[34;1m      5788[0m
13:08:52   [34;1m    570648[0m[34;1m    887968[0m[34;1m   1785772[0m[34;1m     44.63[0m[34;1m     37504[0m[34;1m   1432480[0m[34;1m   6930076[0m[31;1m    173.19[0m[34;1m    773456[0m[34;1m   2240480[0m[34;1m      6356[0m
13:08:53   [34;1m    570144[0m[34;1m    888316[0m[34;1m   1785492[0m[34;1m     44.62[0m[34;1m     37504[0m[34;1m   1433264[0m[34;1m   6930076[0m[31;1m    173.19[0m[34;1m    773456[0m[34;1m   2241604[0m[34;1m      7012[0m
13:08:54   [34;1m    569640[0m[34;1m    888524[0m[34;1m   1785288[0m[34;1m     44.62[0m[34;1m     37512[0m[34;1m   1433976[0m[34;1m   6925356[0m[31;1m    173.07[0m[34;1m    773464[0m[34;1m   2240936[0m[34;1m      7720[0m
13:08:55   [34;1m    569416[0m[34;1m    888720[0m[34;1m   1785028[0m[34;1m     44.61[0m[34;1m     37512[0m[34;1m   1434464[0m[34;1m   6925356[0m[31;1m    173.07[0m[34;1m    773464[0m[34;1m   2241672[0m[34;1m      8208[0m
13:08:56   [34;1m    569192[0m[34;1m    889108[0m[34;1m   1784712[0m[34;1m     44.60[0m[34;1m     37520[0m[34;1m   1435012[0m[34;1m   6925356[0m[31;1m    173.07[0m[34;1m    773472[0m[34;1m   2242272[0m[34;1m      8752[0m
13:08:57   [34;1m    568968[0m[34;1m    889544[0m[34;1m   1784308[0m[34;1m     44.59[0m[34;1m     37520[0m[34;1m   1435624[0m[34;1m   6925356[0m[31;1m    173.07[0m[34;1m    773472[0m[34;1m   2243392[0m[34;1m      9364[0m
13:08:58   [34;1m    568968[0m[34;1m    890128[0m[34;1m   1783668[0m[34;1m     44.58[0m[34;1m     37520[0m[34;1m   1436280[0m[34;1m   6925356[0m[31;1m    173.07[0m[34;1m    773472[0m[34;1m   2244140[0m[34;1m     10016[0m
13:08:59   [34;1m    568744[0m[34;1m    890556[0m[34;1m   1783320[0m[34;1m     44.57[0m[34;1m     37520[0m[34;1m   1436856[0m[34;1m   6925356[0m[31;1m    173.07[0m[34;1m    773472[0m[34;1m   2244608[0m[34;1m     10592[0m
13:09:00   [34;1m    568268[0m[34;1m    890544[0m[34;1m   1783248[0m[34;1m     44.57[0m[34;1m     37520[0m[34;1m   1437404[0m[34;1m   6925356[0m[31;1m    173.07[0m[34;1m    773472[0m[34;1m   2243204[0m[34;1m     11140[0m
13:09:01   [34;1m    567764[0m[34;1m    890660[0m[34;1m   1783176[0m[34;1m     44.56[0m[34;1m     37528[0m[34;1m   1437972[0m[34;1m   6925356[0m[31;1m    173.07[0m[34;1m    773480[0m[34;1m   2244120[0m[34;1m     11708[0m
13:09:02   [34;1m    567512[0m[34;1m    891000[0m[34;1m   1782784[0m[34;1m     44.55[0m[34;1m     37536[0m[34;1m   1438608[0m[34;1m   6925356[0m[31;1m    173.07[0m[34;1m    773488[0m[34;1m   2245104[0m[34;1m     12340[0m
13:09:03   [34;1m    565776[0m[34;1m    889932[0m[34;1m   1783876[0m[34;1m     44.58[0m[34;1m     37536[0m[34;1m   1439252[0m[34;1m   6925356[0m[31;1m    173.07[0m[34;1m    773488[0m[34;1m   2246480[0m[34;1m     12984[0m
13:09:04   [34;1m    564768[0m[34;1m    889532[0m[34;1m   1784332[0m[34;1m     44.59[0m[34;1m     37536[0m[34;1m   1439812[0m[34;1m   6925356[0m[31;1m    173.07[0m[34;1m    773488[0m[34;1m   2245756[0m[34;1m     13544[0m
13:09:05   [34;1m    564292[0m[34;1m    889520[0m[34;1m   1784228[0m[34;1m     44.59[0m[34;1m     37536[0m[34;1m   1440392[0m[34;1m   6925356[0m[31;1m    173.07[0m[34;1m    773488[0m[34;1m   2244964[0m[34;1m       296[0m
13:09:06   [34;1m    564040[0m[34;1m    889984[0m[34;1m   1783896[0m[34;1m     44.58[0m[34;1m     37544[0m[34;1m   1440968[0m[34;1m   6925356[0m[31;1m    173.07[0m[34;1m    773488[0m[34;1m   2245932[0m[34;1m       884[0m
13:09:07   [34;1m    562836[0m[34;1m    889416[0m[34;1m   1784424[0m[34;1m     44.59[0m[34;1m     37544[0m[34;1m   1441608[0m[34;1m   6925356[0m[31;1m    173.07[0m[34;1m    773496[0m[34;1m   2247720[0m[34;1m      1564[0m
13:09:08   [34;1m    562836[0m[34;1m    889852[0m[34;1m   1783912[0m[34;1m     44.58[0m[34;1m     37544[0m[34;1m   1442136[0m[34;1m   6925356[0m[31;1m    173.07[0m[34;1m    773496[0m[34;1m   2248448[0m[34;1m      2092[0m
13:09:09   [34;1m    559336[0m[34;1m    886964[0m[34;1m   1786832[0m[34;1m     44.66[0m[34;1m     37544[0m[34;1m   1442732[0m[34;1m   6925356[0m[31;1m    173.07[0m[34;1m    773496[0m[34;1m   2248908[0m[34;1m      2692[0m
13:09:10   [34;1m    559336[0m[34;1m    887572[0m[34;1m   1786200[0m[34;1m     44.64[0m[34;1m     37544[0m[34;1m   1443380[0m[34;1m   6925356[0m[31;1m    173.07[0m[34;1m    773496[0m[34;1m   2249676[0m[34;1m      3340[0m
13:09:11   [34;1m    558328[0m[34;1m    887240[0m[34;1m   1786548[0m[34;1m     44.65[0m[34;1m     37548[0m[34;1m   1443988[0m[34;1m   6930076[0m[31;1m    173.19[0m[34;1m    773496[0m[34;1m   2251656[0m[34;1m      3952[0m
13:09:12   [34;1m    558328[0m[34;1m    887860[0m[34;1m   1785972[0m[34;1m     44.63[0m[34;1m     37548[0m[34;1m   1444572[0m[34;1m   6930076[0m[31;1m    173.19[0m[34;1m    773500[0m[34;1m   2252656[0m[34;1m      4528[0m
13:09:13   [34;1m    558328[0m[34;1m    888328[0m[34;1m   1785420[0m[34;1m     44.62[0m[34;1m     37548[0m[34;1m   1445124[0m[34;1m   6930076[0m[31;1m    173.19[0m[34;1m    773500[0m[34;1m   2252948[0m[34;1m      5080[0m
13:09:14   [34;1m    556564[0m[34;1m    887244[0m[34;1m   1786588[0m[34;1m     44.65[0m[34;1m     37556[0m[34;1m   1445740[0m[34;1m   6925356[0m[31;1m    173.07[0m[34;1m    773508[0m[34;1m   2251488[0m[34;1m      5688[0m
13:09:15   [34;1m    556340[0m[34;1m    887684[0m[34;1m   1786172[0m[34;1m     44.64[0m[34;1m     37556[0m[34;1m   1446380[0m[34;1m   6925356[0m[31;1m    173.07[0m[34;1m    773508[0m[34;1m   2252996[0m[34;1m      6328[0m
13:09:16   [34;1m    556340[0m[34;1m    888236[0m[34;1m   1785612[0m[34;1m     44.62[0m[34;1m     37556[0m[34;1m   1446940[0m[34;1m   6925356[0m[31;1m    173.07[0m[34;1m    773508[0m[34;1m   2251036[0m[34;1m      6888[0m
13:09:17   [34;1m    556088[0m[34;1m    888440[0m[34;1m   1785320[0m[34;1m     44.62[0m[34;1m     37556[0m[34;1m   1447488[0m[34;1m   6925356[0m[31;1m    173.07[0m[34;1m    773508[0m[34;1m   2251548[0m[34;1m      7436[0m
13:09:18   [34;1m    555836[0m[34;1m    888936[0m[34;1m   1784892[0m[34;1m     44.61[0m[34;1m     37556[0m[34;1m   1448156[0m[34;1m   6925356[0m[31;1m    173.07[0m[34;1m    773508[0m[34;1m   2253460[0m[34;1m      8104[0m
13:09:19   [34;1m    552812[0m[34;1m    886476[0m[34;1m   1787352[0m[34;1m     44.67[0m[34;1m     37560[0m[34;1m   1448712[0m[34;1m   6925356[0m[31;1m    173.07[0m[34;1m    773512[0m[34;1m   2254308[0m[34;1m      8660[0m
13:09:20   [34;1m    552812[0m[34;1m    887116[0m[34;1m   1786672[0m[34;1m     44.65[0m[34;1m     37564[0m[34;1m   1449404[0m[34;1m   6925356[0m[31;1m    173.07[0m[34;1m    773516[0m[34;1m   2255008[0m[34;1m      9348[0m
13:09:21   [34;1m    552588[0m[34;1m    887480[0m[34;1m   1786332[0m[34;1m     44.64[0m[34;1m     37564[0m[34;1m   1449968[0m[34;1m   6925356[0m[31;1m    173.07[0m[34;1m    773516[0m[34;1m   2255668[0m[34;1m      9912[0m
13:09:22   [34;1m    552336[0m[34;1m    887816[0m[34;1m   1786012[0m[34;1m     44.63[0m[34;1m     37564[0m[34;1m   1450540[0m[34;1m   6925356[0m[31;1m    173.07[0m[34;1m    773516[0m[34;1m   2256380[0m[34;1m     10484[0m
13:09:23   [34;1m    552336[0m[34;1m    888308[0m[34;1m   1785460[0m[34;1m     44.62[0m[34;1m     37564[0m[34;1m   1451084[0m[34;1m   6925356[0m[31;1m    173.07[0m[34;1m    773516[0m[34;1m   2256920[0m[34;1m     11028[0m
13:09:24   [34;1m    550376[0m[34;1m    887016[0m[34;1m   1786852[0m[34;1m     44.66[0m[34;1m     37564[0m[34;1m   1451656[0m[34;1m   6925356[0m[31;1m    173.07[0m[34;1m    773516[0m[34;1m   2258536[0m[34;1m     11600[0m
13:09:25   [34;1m    550376[0m[34;1m    887688[0m[34;1m   1786156[0m[34;1m     44.64[0m[34;1m     37572[0m[34;1m   1452344[0m[34;1m   6925356[0m[31;1m    173.07[0m[34;1m    773524[0m[34;1m   2258420[0m[34;1m     12288[0m
13:09:26   [34;1m    550376[0m[34;1m    888268[0m[34;1m   1785584[0m[34;1m     44.62[0m[34;1m     37580[0m[34;1m   1452908[0m[34;1m   6925356[0m[31;1m    173.07[0m[34;1m    773532[0m[34;1m   2258816[0m[34;1m     12848[0m
13:09:27   [34;1m    549872[0m[34;1m    888308[0m[34;1m   1785516[0m[34;1m     44.62[0m[34;1m     37580[0m[34;1m   1453480[0m[34;1m   6925356[0m[31;1m    173.07[0m[34;1m    773532[0m[34;1m   2259400[0m[34;1m     13420[0m
13:09:28   [34;1m    548892[0m[34;1m    887848[0m[34;1m   1785848[0m[34;1m     44.63[0m[34;1m     37580[0m[34;1m   1454084[0m[34;1m   6925356[0m[31;1m    173.07[0m[34;1m    773532[0m[34;1m   2260792[0m[34;1m     14024[0m
13:09:29   [34;1m    548388[0m[34;1m    888012[0m[34;1m   1785780[0m[34;1m     44.63[0m[34;1m     37580[0m[34;1m   1454668[0m[34;1m   6925356[0m[31;1m    173.07[0m[34;1m    773532[0m[34;1m   2261588[0m[34;1m     14608[0m
13:09:30   [34;1m   1018368[0m[34;1m   1357744[0m[34;1m   1343364[0m[34;1m     33.57[0m[34;1m     37580[0m[34;1m   1455160[0m[34;1m   6238904[0m[31;1m    155.92[0m[34;1m    771576[0m[34;1m   1855868[0m[34;1m     15100[0m
