Linux 6.6.95 (minikube) 	04/17/26 	_x86_64_	(4 CPU)

13:26:07    kbmemfree   kbavail kbmemused  %memused kbbuffers  kbcached  kbcommit   %commit  kbactive   kbinact   kbdirty
13:26:08   [34;1m   1273332[0m[34;1m   1381384[0m[34;1m   1341344[0m[34;1m     33.52[0m[34;1m      5912[0m[34;1m   1271788[0m[34;1m   6106340[0m[31;1m    152.61[0m[34;1m    626948[0m[34;1m   1832976[0m[34;1m       368[0m
13:26:09   [34;1m   1342660[0m[34;1m   1452336[0m[34;1m   1269048[0m[34;1m     31.72[0m[34;1m      5920[0m[34;1m   1273196[0m[34;1m   6177564[0m[31;1m    154.39[0m[34;1m    627336[0m[34;1m   1694372[0m[34;1m       536[0m
13:26:10   [34;1m   1366684[0m[34;1m   1477392[0m[34;1m   1242484[0m[34;1m     31.05[0m[34;1m      5928[0m[34;1m   1274128[0m[34;1m   6248788[0m[31;1m    156.17[0m[34;1m    627632[0m[34;1m   1704628[0m[34;1m       128[0m
13:26:11   [34;1m   1332920[0m[34;1m   1444660[0m[34;1m   1272964[0m[34;1m     31.81[0m[34;1m      6116[0m[34;1m   1275016[0m[34;1m   6320008[0m[31;1m    157.94[0m[34;1m    627928[0m[34;1m   1747032[0m[34;1m       260[0m
13:26:12   [34;1m   1280600[0m[34;1m   1392912[0m[34;1m   1322264[0m[34;1m     33.05[0m[34;1m      6132[0m[34;1m   1275380[0m[34;1m   6395952[0m[31;1m    159.84[0m[34;1m    628320[0m[34;1m   1775448[0m[34;1m       588[0m
13:26:13   [34;1m   1241832[0m[34;1m   1354740[0m[34;1m   1357448[0m[34;1m     33.92[0m[34;1m      6200[0m[34;1m   1275768[0m[34;1m   6467176[0m[31;1m    161.62[0m[34;1m    628588[0m[34;1m   1818412[0m[34;1m       976[0m
13:26:14   [34;1m   1179976[0m[34;1m   1293760[0m[34;1m   1415500[0m[34;1m     35.38[0m[34;1m      6200[0m[34;1m   1276500[0m[34;1m   6538400[0m[31;1m    163.40[0m[34;1m    628908[0m[34;1m   1867184[0m[34;1m      1328[0m
13:26:15   [34;1m   1121240[0m[34;1m   1236040[0m[34;1m   1470212[0m[34;1m     36.74[0m[34;1m      6200[0m[34;1m   1277368[0m[34;1m   6604904[0m[31;1m    165.06[0m[34;1m    629140[0m[34;1m   1916648[0m[34;1m      1848[0m
13:26:16   [34;1m   1060896[0m[34;1m   1176184[0m[34;1m   1526612[0m[34;1m     38.15[0m[34;1m      6200[0m[34;1m   1277792[0m[34;1m   6676128[0m[31;1m    166.84[0m[34;1m    629396[0m[34;1m   1968584[0m[34;1m      2144[0m
13:26:17   [34;1m    999160[0m[34;1m   1115240[0m[34;1m   1583628[0m[34;1m     39.58[0m[34;1m      6204[0m[34;1m   1278464[0m[34;1m   6747352[0m[31;1m    168.62[0m[34;1m    629628[0m[34;1m   2019752[0m[34;1m      2816[0m
13:26:18   [34;1m    940600[0m[34;1m   1057468[0m[34;1m   1637524[0m[34;1m     40.92[0m[34;1m      6316[0m[34;1m   1279064[0m[34;1m   6818576[0m[31;1m    170.40[0m[34;1m    629908[0m[34;1m   2065304[0m[34;1m      3340[0m
13:26:19   [34;1m    879880[0m[34;1m    997556[0m[34;1m   1693352[0m[34;1m     42.32[0m[34;1m      6316[0m[34;1m   1279724[0m[34;1m   6889800[0m[31;1m    172.18[0m[34;1m    630216[0m[34;1m   2115224[0m[34;1m      3876[0m
13:26:20   [34;1m    817688[0m[34;1m    937248[0m[34;1m   1749264[0m[34;1m     43.72[0m[34;1m      6316[0m[34;1m   1281696[0m[34;1m   6961024[0m[31;1m    173.96[0m[34;1m    630464[0m[34;1m   2166964[0m[34;1m      4680[0m
13:26:21   [34;1m    756388[0m[34;1m    877104[0m[34;1m   1805476[0m[34;1m     45.12[0m[34;1m      6316[0m[34;1m   1282588[0m[34;1m   7032376[0m[31;1m    175.75[0m[34;1m    630696[0m[34;1m   2216552[0m[34;1m      5344[0m
13:26:22   [34;1m    694708[0m[34;1m    816544[0m[34;1m   1861956[0m[34;1m     46.53[0m[34;1m      6316[0m[34;1m   1283516[0m[34;1m   7103472[0m[31;1m    177.52[0m[34;1m    630928[0m[34;1m   2266992[0m[34;1m      5884[0m
13:26:23   [34;1m    625760[0m[34;1m    748804[0m[34;1m   1925372[0m[34;1m     48.12[0m[34;1m      6324[0m[34;1m   1284696[0m[34;1m   7174696[0m[31;1m    179.30[0m[34;1m    631160[0m[34;1m   2324728[0m[34;1m      6728[0m
13:26:24   [34;1m    562012[0m[34;1m    685996[0m[34;1m   1984012[0m[34;1m     49.58[0m[34;1m      6332[0m[34;1m   1285524[0m[34;1m   7246048[0m[31;1m    181.09[0m[34;1m    631408[0m[34;1m   2376168[0m[34;1m      7400[0m
13:26:25   [34;1m    499348[0m[34;1m    625672[0m[34;1m   2039424[0m[34;1m     50.97[0m[34;1m      6332[0m[34;1m   1287680[0m[34;1m   7317144[0m[31;1m    182.86[0m[34;1m    631652[0m[34;1m   2428092[0m[34;1m      8508[0m
13:26:26   [34;1m    436580[0m[34;1m    564416[0m[34;1m   2094396[0m[34;1m     52.34[0m[34;1m      6340[0m[34;1m   1289080[0m[34;1m   7388368[0m[31;1m    184.64[0m[34;1m    631884[0m[34;1m   2475232[0m[34;1m      9376[0m
13:26:27   [34;1m    373812[0m[34;1m    503516[0m[34;1m   2149328[0m[34;1m     53.71[0m[34;1m      6344[0m[34;1m   1290956[0m[34;1m   7459592[0m[31;1m    186.42[0m[34;1m    632124[0m[34;1m   2524120[0m[34;1m     10164[0m
13:26:28   [34;1m    311376[0m[34;1m    443304[0m[34;1m   2203608[0m[34;1m     55.07[0m[34;1m      6344[0m[34;1m   1292804[0m[34;1m   7530816[0m[31;1m    188.20[0m[34;1m    632476[0m[34;1m   2573820[0m[34;1m     11352[0m
13:26:29   [34;1m    246368[0m[34;1m    379368[0m[34;1m   2261004[0m[34;1m     56.51[0m[34;1m      6344[0m[34;1m   1293788[0m[34;1m   7602040[0m[31;1m    189.98[0m[34;1m    632724[0m[34;1m   2624620[0m[34;1m     12280[0m
13:26:30   [34;1m    182120[0m[34;1m    316408[0m[34;1m   2317576[0m[34;1m     57.92[0m[34;1m      6344[0m[34;1m   1294984[0m[34;1m   7673264[0m[31;1m    191.76[0m[34;1m    632956[0m[34;1m   2674264[0m[34;1m     13424[0m
13:26:31   [34;1m    115948[0m[34;1m    251660[0m[34;1m   2375756[0m[34;1m     59.37[0m[34;1m      6352[0m[34;1m   1296132[0m[34;1m   7744488[0m[31;1m    193.54[0m[34;1m    633188[0m[34;1m   2724804[0m[34;1m     14580[0m
13:26:32   [34;1m    121632[0m[34;1m    190876[0m[34;1m   2429672[0m[34;1m     60.72[0m[34;1m      6152[0m[34;1m   1229888[0m[34;1m   7820432[0m[31;1m    195.44[0m[34;1m    685556[0m[34;1m   2656836[0m[34;1m      3312[0m
13:26:33   [34;1m    127144[0m[34;1m    121456[0m[34;1m   2492412[0m[34;1m     62.29[0m[34;1m      5332[0m[34;1m   1155524[0m[34;1m   7891656[0m[31;1m    197.22[0m[34;1m    650988[0m[34;1m   2671696[0m[34;1m       716[0m
13:26:34   [34;1m    123584[0m[34;1m     80512[0m[34;1m   2555192[0m[34;1m     63.86[0m[34;1m      3080[0m[34;1m   1091184[0m[34;1m   7963136[0m[31;1m    199.01[0m[34;1m    621872[0m[34;1m   2690164[0m[34;1m       944[0m
13:26:35   [34;1m    113884[0m[34;1m     42088[0m[34;1m   2615696[0m[34;1m     65.37[0m[34;1m      2344[0m[34;1m   1036460[0m[34;1m   8029896[0m[31;1m    200.68[0m[34;1m    595196[0m[34;1m   2711732[0m[34;22m         0[0m
13:26:36   [34;1m     93568[0m[34;1m       112[0m[34;1m   2672924[0m[34;1m     66.80[0m[34;1m      2336[0m[34;1m    994392[0m[34;1m   8099596[0m[31;1m    202.42[0m[34;1m    580516[0m[34;1m   2734732[0m[34;22m         0[0m
13:26:37   [34;1m     85620[0m[34;22m         0[0m[34;1m   2674744[0m[34;1m     66.85[0m[34;1m      2388[0m[34;1m    999828[0m[34;1m   8101632[0m[31;1m    202.47[0m[34;1m    583096[0m[34;1m   2739676[0m[34;22m         0[0m
13:26:38   [34;1m     93756[0m[34;22m         0[0m[34;1m   2674856[0m[34;1m     66.85[0m[34;1m      2388[0m[34;1m    991604[0m[34;1m   8101632[0m[31;1m    202.47[0m[34;1m    580664[0m[34;1m   2733696[0m[34;22m         0[0m
13:26:39   [34;1m     91752[0m[34;22m         0[0m[34;1m   2675076[0m[34;1m     66.85[0m[34;1m      2312[0m[34;1m    993284[0m[34;1m   8101632[0m[31;1m    202.47[0m[34;1m    580428[0m[34;1m   2735872[0m[34;1m        20[0m
13:26:40   [34;1m     88880[0m[34;22m         0[0m[34;1m   2675344[0m[34;1m     66.86[0m[34;1m      2336[0m[34;1m    995984[0m[34;1m   8101632[0m[31;1m    202.47[0m[34;1m    580860[0m[34;1m   2738016[0m[34;1m         4[0m
13:26:41   [34;1m     90012[0m[34;22m         0[0m[34;1m   2675520[0m[34;1m     66.86[0m[34;1m      2336[0m[34;1m    994676[0m[34;1m   8101632[0m[31;1m    202.47[0m[34;1m    580768[0m[34;1m   2736588[0m[34;22m         0[0m
13:26:42   [34;1m     88400[0m[34;22m         0[0m[34;1m   2674964[0m[34;1m     66.85[0m[34;1m      2292[0m[34;1m    996888[0m[34;1m   8101632[0m[31;1m    202.47[0m[34;1m    581652[0m[34;1m   2738148[0m[34;22m         0[0m
13:26:43   [34;1m     87692[0m[34;22m         0[0m[34;1m   2673660[0m[34;1m     66.82[0m[34;1m      2292[0m[34;1m    998872[0m[34;1m   8101632[0m[31;1m    202.47[0m[34;1m    594068[0m[34;1m   2727340[0m[34;1m         4[0m
13:26:44   [34;1m     87980[0m[34;22m         0[0m[34;1m   2674928[0m[34;1m     66.85[0m[34;1m      2276[0m[34;1m    997212[0m[34;1m   8101632[0m[31;1m    202.47[0m[34;1m    582240[0m[34;1m   2738016[0m[34;22m         0[0m
13:26:45   [34;1m     97224[0m[34;1m       548[0m[34;1m   2674892[0m[34;1m     66.85[0m[34;1m      2332[0m[34;1m    988336[0m[34;1m   8101632[0m[31;1m    202.47[0m[34;1m    579860[0m[34;1m   2731036[0m[34;1m         4[0m
13:26:46   [34;1m     87772[0m[34;22m         0[0m[34;1m   2673576[0m[34;1m     66.82[0m[34;1m      2336[0m[34;1m    999160[0m[34;1m   8101632[0m[31;1m    202.47[0m[34;1m    593576[0m[34;1m   2727956[0m[34;22m         0[0m
13:26:47   [34;1m     89384[0m[34;22m         0[0m[34;1m   2673708[0m[34;1m     66.82[0m[34;1m      2336[0m[34;1m    997416[0m[34;1m   8101632[0m[31;1m    202.47[0m[34;1m    584736[0m[34;1m   2734772[0m[34;22m         0[0m
13:26:48   [34;1m     92220[0m[34;22m         0[0m[34;1m   2674612[0m[34;1m     66.84[0m[34;1m      2336[0m[34;1m    993676[0m[34;1m   8101632[0m[31;1m    202.47[0m[34;1m    580724[0m[34;1m   2735500[0m[34;22m         0[0m
13:26:49   [34;1m     97644[0m[34;1m       548[0m[34;1m   2675700[0m[34;1m     66.87[0m[34;1m      2324[0m[34;1m    987100[0m[34;1m   8102368[0m[31;1m    202.49[0m[34;1m    579112[0m[34;1m   2730684[0m[34;22m         0[0m
13:26:50   [34;1m     88040[0m[34;22m         0[0m[34;1m   2675328[0m[34;1m     66.86[0m[34;1m      2292[0m[34;1m    997148[0m[34;1m   8101632[0m[31;1m    202.47[0m[34;1m    582464[0m[34;1m   2736964[0m[34;22m         0[0m
13:26:51   [34;1m     88536[0m[34;22m         0[0m[34;1m   2673504[0m[34;1m     66.81[0m[34;1m      2340[0m[34;1m    998428[0m[34;1m   8101632[0m[31;1m    202.47[0m[34;1m    582384[0m[34;1m   2738380[0m[34;22m         0[0m
13:26:52   [34;1m     88276[0m[34;22m         0[0m[34;1m   2677332[0m[34;1m     66.91[0m[34;1m      2324[0m[34;1m    994672[0m[34;1m   8106352[0m[31;1m    202.59[0m[34;1m    581724[0m[34;1m   2736912[0m[34;22m         0[0m
13:26:53   [34;1m     88352[0m[34;22m         0[0m[34;1m   2676576[0m[34;1m     66.89[0m[34;1m      2320[0m[34;1m    995344[0m[34;1m   8106352[0m[31;1m    202.59[0m[34;1m    583548[0m[34;1m   2735760[0m[34;1m         4[0m
13:26:54   [34;1m     91004[0m[34;22m         0[0m[34;1m   2676548[0m[34;1m     66.89[0m[34;1m      2336[0m[34;1m    992756[0m[34;1m   8106352[0m[31;1m    202.59[0m[34;1m    580072[0m[34;1m   2736924[0m[34;22m         0[0m
13:26:55   [34;1m     87328[0m[34;22m         0[0m[34;1m   2675492[0m[34;1m     66.86[0m[34;1m      2332[0m[34;1m    997464[0m[34;1m   8101632[0m[31;1m    202.47[0m[34;1m    583592[0m[34;1m   2736668[0m[34;22m         0[0m
13:26:56   [34;1m     87956[0m[34;22m         0[0m[34;1m   2675940[0m[34;1m     66.88[0m[34;1m      2348[0m[34;1m    996384[0m[34;1m   8101632[0m[31;1m    202.47[0m[34;1m    581124[0m[34;1m   2738136[0m[34;22m         0[0m
13:26:57   [34;1m     88216[0m[34;22m         0[0m[34;1m   2675432[0m[34;1m     66.86[0m[34;1m      2284[0m[34;1m    996696[0m[34;1m   8101632[0m[31;1m    202.47[0m[34;1m    582116[0m[34;1m   2737512[0m[34;22m         0[0m
13:26:58   [34;1m     87724[0m[34;22m         0[0m[34;1m   2674760[0m[34;1m     66.85[0m[34;1m      2324[0m[34;1m    997848[0m[34;1m   8101632[0m[31;1m    202.47[0m[34;1m    582356[0m[34;1m   2738248[0m[34;22m         0[0m
13:26:59   [34;1m     88552[0m[34;22m         0[0m[34;1m   2675240[0m[34;1m     66.86[0m[34;1m      2356[0m[34;1m    996492[0m[34;1m   8101632[0m[31;1m    202.47[0m[34;1m    581616[0m[34;1m   2738116[0m[34;22m         0[0m
13:27:00   [34;1m     87212[0m[34;22m         0[0m[34;1m   2676188[0m[34;1m     66.88[0m[34;1m      2336[0m[34;1m    996920[0m[34;1m   8101632[0m[31;1m    202.47[0m[34;1m    581836[0m[34;1m   2738232[0m[34;1m        24[0m
13:27:01   [34;1m     88056[0m[34;22m         0[0m[34;1m   2675916[0m[34;1m     66.87[0m[34;1m      2352[0m[34;1m    996344[0m[34;1m   8101632[0m[31;1m    202.47[0m[34;1m    583496[0m[34;1m   2736632[0m[34;22m         0[0m
13:27:02   [34;1m     87532[0m[34;22m         0[0m[34;1m   2675308[0m[34;1m     66.86[0m[34;1m      2292[0m[34;1m    997536[0m[34;1m   8101632[0m[31;1m    202.47[0m[34;1m    582144[0m[34;1m   2738384[0m[34;22m         0[0m
13:27:03   [34;1m     87556[0m[34;22m         0[0m[34;1m   2675108[0m[34;1m     66.85[0m[34;1m      2316[0m[34;1m    997688[0m[34;1m   8101632[0m[31;1m    202.47[0m[34;1m    591868[0m[34;1m   2729036[0m[34;22m         0[0m
13:27:04   [34;1m     89112[0m[34;22m         0[0m[34;1m   2675048[0m[34;1m     66.85[0m[34;1m      2316[0m[34;1m    996192[0m[34;1m   8101632[0m[31;1m    202.47[0m[34;1m    584204[0m[34;1m   2735068[0m[34;22m         0[0m
13:27:05   [34;1m     88860[0m[34;22m         0[0m[34;1m   2675192[0m[34;1m     66.86[0m[34;1m      2340[0m[34;1m    996272[0m[34;1m   8101632[0m[31;1m    202.47[0m[34;1m    583188[0m[34;1m   2736208[0m[34;22m         0[0m
13:27:06   [34;1m     91536[0m[34;22m         0[0m[34;1m   2675608[0m[34;1m     66.87[0m[34;1m      2356[0m[34;1m    993220[0m[34;1m   8101632[0m[31;1m    202.47[0m[34;1m    580248[0m[34;1m   2736340[0m[34;22m         0[0m
13:27:07   [34;1m     89440[0m[34;22m         0[0m[34;1m   2675080[0m[34;1m     66.85[0m[34;1m      2320[0m[34;1m    995868[0m[34;1m   8101632[0m[31;1m    202.47[0m[34;1m    590272[0m[34;1m   2728592[0m[34;22m         0[0m
13:27:08   [34;1m     88824[0m[34;22m         0[0m[34;1m   2675960[0m[34;1m     66.88[0m[34;1m      2304[0m[34;1m    995648[0m[34;1m   8101632[0m[31;1m    202.47[0m[34;1m    583496[0m[34;1m   2735432[0m[34;22m         0[0m
13:27:09   [34;1m     95128[0m[34;22m         0[0m[34;1m   2676428[0m[34;1m     66.89[0m[34;1m      2348[0m[34;1m    988836[0m[34;1m   8101632[0m[31;1m    202.47[0m[34;1m    579492[0m[34;1m   2732652[0m[34;22m         0[0m
13:27:10   [34;1m     88924[0m[34;22m         0[0m[34;1m   2675900[0m[34;1m     66.87[0m[34;1m      2356[0m[34;1m    995472[0m[34;1m   8101632[0m[31;1m    202.47[0m[34;1m    582624[0m[34;1m   2735736[0m[34;22m         0[0m
13:27:11   [34;1m     92452[0m[34;22m         0[0m[34;1m   2676148[0m[34;1m     66.88[0m[34;1m      2340[0m[34;1m    991764[0m[34;1m   8101632[0m[31;1m    202.47[0m[34;1m    580512[0m[34;1m   2734696[0m[34;22m         0[0m
13:27:12   [34;1m     87720[0m[34;22m         0[0m[34;1m   2676860[0m[34;1m     66.90[0m[34;1m      2340[0m[34;1m    995732[0m[34;1m   8106352[0m[31;1m    202.59[0m[34;1m    583152[0m[34;1m   2737208[0m[34;22m         0[0m
13:27:13   [34;1m     90616[0m[34;22m         0[0m[34;1m   2677576[0m[34;1m     66.92[0m[34;1m      2348[0m[34;1m    992108[0m[34;1m   8106352[0m[31;1m    202.59[0m[34;1m    580384[0m[34;1m   2736156[0m[34;22m         0[0m
13:27:14   [34;1m     89872[0m[34;22m         0[0m[34;1m   2676592[0m[34;1m     66.89[0m[34;1m      2348[0m[34;1m    993872[0m[34;1m   8106352[0m[31;1m    202.59[0m[34;1m    580488[0m[34;1m   2738032[0m[34;22m         0[0m
13:27:15   [34;1m     88884[0m[34;22m         0[0m[34;1m   2675696[0m[34;1m     66.87[0m[34;1m      2348[0m[34;1m    995580[0m[34;1m   8101632[0m[31;1m    202.47[0m[34;1m    580448[0m[34;1m   2737988[0m[34;22m         0[0m
13:27:16   [34;1m     95280[0m[34;22m         0[0m[34;1m   2675800[0m[34;1m     66.87[0m[34;1m      2344[0m[34;1m    989260[0m[34;1m   8101632[0m[31;1m    202.47[0m[34;1m    579728[0m[34;1m   2733248[0m[34;22m         0[0m
13:27:17   [34;1m     92304[0m[34;22m         0[0m[34;1m   2677216[0m[34;1m     66.91[0m[34;1m      2352[0m[34;1m    990808[0m[34;1m   8156124[0m[31;1m    203.83[0m[34;1m    581080[0m[34;1m   2734760[0m[34;22m         0[0m
13:27:18   [34;1m     95204[0m[34;22m         0[0m[34;1m   2676244[0m[34;1m     66.88[0m[34;1m      2360[0m[34;1m    988920[0m[34;1m   8101632[0m[31;1m    202.47[0m[34;1m    578988[0m[34;1m   2733436[0m[34;22m         0[0m
13:27:19   [34;1m     95908[0m[34;22m         0[0m[34;1m   2676424[0m[34;1m     66.89[0m[34;1m      2304[0m[34;1m    988108[0m[34;1m   8101632[0m[31;1m    202.47[0m[34;1m    579212[0m[34;1m   2732532[0m[34;22m         0[0m
13:27:20   [34;1m     90028[0m[34;22m         0[0m[34;1m   2676124[0m[34;1m     66.88[0m[34;1m      2532[0m[34;1m    994064[0m[34;1m   8101632[0m[31;1m    202.47[0m[34;1m    581036[0m[34;1m   2737016[0m[34;22m         0[0m
13:27:21   [34;1m     95456[0m[34;22m         0[0m[34;1m   2676184[0m[34;1m     66.88[0m[34;1m      2344[0m[34;1m    988716[0m[34;1m   8101632[0m[31;1m    202.47[0m[34;1m    579132[0m[34;1m   2733556[0m[34;22m         0[0m
13:27:22   [34;1m     95448[0m[34;22m         0[0m[34;1m   2675508[0m[34;1m     66.86[0m[34;1m      2280[0m[34;1m    989404[0m[34;1m   8101632[0m[31;1m    202.47[0m[34;1m    579332[0m[34;1m   2734168[0m[34;22m         0[0m
13:27:23   [34;1m     96564[0m[34;22m         0[0m[34;1m   2676288[0m[34;1m     66.88[0m[34;1m      2252[0m[34;1m    987540[0m[34;1m   8101632[0m[31;1m    202.47[0m[34;1m    579000[0m[34;1m   2732572[0m[34;22m         0[0m
13:27:24   [34;1m     87180[0m[34;22m         0[0m[34;1m   2676112[0m[34;1m     66.88[0m[34;1m      2304[0m[34;1m    997044[0m[34;1m   8101632[0m[31;1m    202.47[0m[34;1m    581596[0m[34;1m   2739884[0m[34;22m         0[0m
13:27:25   [34;1m     87796[0m[34;22m         0[0m[34;1m   2676708[0m[34;1m     66.89[0m[34;1m      2288[0m[34;1m    995848[0m[34;1m   8101632[0m[31;1m    202.47[0m[34;1m    581816[0m[34;1m   2738176[0m[34;22m         0[0m
13:27:26   [34;1m     88900[0m[34;22m         0[0m[34;1m   2676352[0m[34;1m     66.89[0m[34;1m      2308[0m[34;1m    995092[0m[34;1m   8101632[0m[31;1m    202.47[0m[34;1m    580696[0m[34;1m   2738512[0m[34;22m         0[0m
13:27:27   [34;1m     93156[0m[34;22m         0[0m[34;1m   2675448[0m[34;1m     66.86[0m[34;1m      2316[0m[34;1m    991732[0m[34;1m   8101632[0m[31;1m    202.47[0m[34;1m    579736[0m[34;1m   2736052[0m[34;22m         0[0m
13:27:28   [34;1m     91952[0m[34;22m         0[0m[34;1m   2677676[0m[34;1m     66.92[0m[34;1m      2252[0m[34;1m    990784[0m[34;1m   8101632[0m[31;1m    202.47[0m[34;1m    580428[0m[34;1m   2734656[0m[34;22m         0[0m
13:27:29   [34;1m     88200[0m[34;22m         0[0m[34;1m   2676688[0m[34;1m     66.89[0m[34;1m      2328[0m[34;1m    995440[0m[34;1m   8101632[0m[31;1m    202.47[0m[34;1m    581540[0m[34;1m   2738444[0m[34;22m         0[0m
13:27:30   [34;1m     88780[0m[34;22m         0[0m[34;1m   2676640[0m[34;1m     66.89[0m[34;1m      2312[0m[34;1m    994920[0m[34;1m   8101632[0m[31;1m    202.47[0m[34;1m    580868[0m[34;1m   2738912[0m[34;22m         0[0m
13:27:31   [34;1m     88180[0m[34;22m         0[0m[34;1m   2676524[0m[34;1m     66.89[0m[34;1m      2300[0m[34;1m    995652[0m[34;1m   8101632[0m[31;1m    202.47[0m[34;1m    581500[0m[34;1m   2738428[0m[34;22m         0[0m
13:27:32   [34;1m     89092[0m[34;22m         0[0m[34;1m   2678668[0m[34;1m     66.94[0m[34;1m      2296[0m[34;1m    992552[0m[34;1m   8106352[0m[31;1m    202.59[0m[34;1m    580128[0m[34;1m   2738744[0m[34;22m         0[0m
13:27:33   [34;1m     88028[0m[34;22m         0[0m[34;1m   2679312[0m[34;1m     66.96[0m[34;1m      2316[0m[34;1m    992956[0m[34;1m   8106352[0m[31;1m    202.59[0m[34;1m    582024[0m[34;1m   2736808[0m[34;22m         0[0m
13:27:34   [34;1m     88972[0m[34;22m         0[0m[34;1m   2678808[0m[34;1m     66.95[0m[34;1m      2240[0m[34;1m    992604[0m[34;1m   8106352[0m[31;1m    202.59[0m[34;1m    580944[0m[34;1m   2737776[0m[34;22m         0[0m
13:27:35   [34;1m     88836[0m[34;22m         0[0m[34;1m   2677864[0m[34;1m     66.92[0m[34;1m      2328[0m[34;1m    993600[0m[34;1m   8101632[0m[31;1m    202.47[0m[34;1m    581072[0m[34;1m   2737104[0m[34;22m         0[0m
13:27:36   [34;1m     94868[0m[34;22m         0[0m[34;1m   2677360[0m[34;1m     66.91[0m[34;1m      2292[0m[34;1m    988104[0m[34;1m   8101632[0m[31;1m    202.47[0m[34;1m    579520[0m[34;1m   2733040[0m[34;22m         0[0m
13:27:37   [34;1m     89896[0m[34;22m         0[0m[34;1m   2676880[0m[34;1m     66.90[0m[34;1m      2284[0m[34;1m    993552[0m[34;1m   8101632[0m[31;1m    202.47[0m[34;1m    580692[0m[34;1m   2737164[0m[34;22m         0[0m
13:27:38   [34;1m     89036[0m[34;22m         0[0m[34;1m   2676628[0m[34;1m     66.89[0m[34;1m      2288[0m[34;1m    994656[0m[34;1m   8101632[0m[31;1m    202.47[0m[34;1m    580580[0m[34;1m   2738644[0m[34;22m         0[0m
13:27:39   [34;1m     89996[0m[34;22m         0[0m[34;1m   2678404[0m[34;1m     66.94[0m[34;1m      2280[0m[34;1m    991896[0m[34;1m   8101632[0m[31;1m    202.47[0m[34;1m    581084[0m[34;1m   2735516[0m[34;22m         0[0m
13:27:40   [34;1m     90300[0m[34;22m         0[0m[34;1m   2677224[0m[34;1m     66.91[0m[34;1m      2272[0m[34;1m    992792[0m[34;1m   8101632[0m[31;1m    202.47[0m[34;1m    580100[0m[34;1m   2736912[0m[34;22m         0[0m
13:27:41   [34;1m     90964[0m[34;22m         0[0m[34;1m   2676660[0m[34;1m     66.89[0m[34;1m      2236[0m[34;1m    992604[0m[34;1m   8101632[0m[31;1m    202.47[0m[34;1m    579956[0m[34;1m   2736908[0m[34;22m         0[0m
13:27:42   [34;1m     95840[0m[34;22m         0[0m[34;1m   2676576[0m[34;1m     66.89[0m[34;1m      2348[0m[34;1m    987820[0m[34;1m   8101632[0m[31;1m    202.47[0m[34;1m    579188[0m[34;1m   2733128[0m[34;22m         0[0m
13:27:43   [34;1m     87756[0m[34;22m         0[0m[34;1m   2675964[0m[34;1m     66.88[0m[34;1m      2344[0m[34;1m    996520[0m[34;1m   8101632[0m[31;1m    202.47[0m[34;1m    580584[0m[34;1m   2740204[0m[34;22m         0[0m
13:27:44   [34;1m     87148[0m[34;22m         0[0m[34;1m   2677764[0m[34;1m     66.92[0m[34;1m      2304[0m[34;1m    995368[0m[34;1m   8101632[0m[31;1m    202.47[0m[34;1m    580880[0m[34;1m   2738980[0m[34;22m         0[0m
13:27:45   [34;1m     87412[0m[34;22m         0[0m[34;1m   2676720[0m[34;1m     66.89[0m[34;1m      2288[0m[34;1m    996180[0m[34;1m   8101632[0m[31;1m    202.47[0m[34;1m    582688[0m[34;1m   2737828[0m[34;22m         0[0m
13:27:46   [34;1m     94072[0m[34;22m         0[0m[34;1m   2676276[0m[34;1m     66.88[0m[34;1m      2348[0m[34;1m    989764[0m[34;1m   8101632[0m[31;1m    202.47[0m[34;1m    579136[0m[34;1m   2735108[0m[34;22m         0[0m
13:27:47   [34;1m     88992[0m[34;22m         0[0m[34;1m   2677200[0m[34;1m     66.91[0m[34;1m      2316[0m[34;1m    994088[0m[34;1m   8101632[0m[31;1m    202.47[0m[34;1m    580476[0m[34;1m   2738096[0m[34;22m         0[0m
13:27:48   [34;1m     87516[0m[34;22m         0[0m[34;1m   2676140[0m[34;1m     66.88[0m[34;1m      2352[0m[34;1m    996588[0m[34;1m   8101632[0m[31;1m    202.47[0m[34;1m    581432[0m[34;1m   2739320[0m[34;22m         0[0m
13:27:49   [34;1m     87820[0m[34;22m         0[0m[34;1m   2676648[0m[34;1m     66.89[0m[34;1m      2348[0m[34;1m    995776[0m[34;1m   8109824[0m[31;1m    202.67[0m[34;1m    583012[0m[34;1m   2736780[0m[34;22m         0[0m
13:27:50   [34;1m     87172[0m[34;22m         0[0m[34;1m   2675748[0m[34;1m     66.87[0m[34;1m      2300[0m[34;1m    997372[0m[34;1m   8109824[0m[31;1m    202.67[0m[34;1m    582608[0m[34;1m   2739472[0m[34;22m         0[0m
13:27:51   [34;1m     88220[0m[34;22m         0[0m[34;1m   2677412[0m[34;1m     66.91[0m[34;1m      2336[0m[34;1m    994624[0m[34;1m   8109824[0m[31;1m    202.67[0m[34;1m    581620[0m[34;1m   2738184[0m[34;22m         0[0m
13:27:52   [34;1m     88052[0m[34;22m         0[0m[34;1m   2678084[0m[34;1m     66.93[0m[34;1m      2284[0m[34;1m    994160[0m[34;1m   8114544[0m[31;1m    202.79[0m[34;1m    581752[0m[34;1m   2738812[0m[34;22m         0[0m
13:27:53   [34;1m     88396[0m[34;22m         0[0m[34;1m   2678604[0m[34;1m     66.94[0m[34;1m      2292[0m[34;1m    993256[0m[34;1m   8114544[0m[31;1m    202.79[0m[34;1m    580916[0m[34;1m   2738600[0m[34;1m         4[0m
13:27:54   [34;1m     87840[0m[34;22m         0[0m[34;1m   2679324[0m[34;1m     66.96[0m[34;1m      2276[0m[34;1m    993108[0m[34;1m   8114544[0m[31;1m    202.79[0m[34;1m    581484[0m[34;1m   2737964[0m[34;22m         0[0m
13:27:55   [34;1m     87152[0m[34;22m         0[0m[34;1m   2677024[0m[34;1m     66.90[0m[34;1m      2284[0m[34;1m    996104[0m[34;1m   8109824[0m[31;1m    202.67[0m[34;1m    582244[0m[34;1m   2738520[0m[34;22m         0[0m
13:27:56   [34;1m     88352[0m[34;22m         0[0m[34;1m   2677192[0m[34;1m     66.91[0m[34;1m      2276[0m[34;1m    994716[0m[34;1m   8150208[0m[31;1m    203.68[0m[34;1m    583696[0m[34;1m   2736036[0m[34;22m         0[0m
13:27:57   [34;1m     87184[0m[34;22m         0[0m[34;1m   2676916[0m[34;1m     66.90[0m[34;1m      2264[0m[34;1m    996168[0m[34;1m   8109824[0m[31;1m    202.67[0m[34;1m    581736[0m[34;1m   2738776[0m[34;22m         0[0m
13:27:58   [34;1m     87936[0m[34;22m         0[0m[34;1m   2676608[0m[34;1m     66.89[0m[34;1m      2244[0m[34;1m    995744[0m[34;1m   8109824[0m[31;1m    202.67[0m[34;1m    583412[0m[34;1m   2737160[0m[34;22m         0[0m
13:27:59   [34;1m     87432[0m[34;22m         0[0m[34;1m   2676036[0m[34;1m     66.88[0m[34;1m      2244[0m[34;1m    996816[0m[34;1m   8109824[0m[31;1m    202.67[0m[34;1m    584176[0m[34;1m   2737320[0m[34;22m         0[0m
13:28:00   [34;1m     87100[0m[34;22m         0[0m[34;1m   2677612[0m[34;1m     66.92[0m[34;1m      2244[0m[34;1m    995568[0m[34;1m   8109824[0m[31;1m    202.67[0m[34;1m    583076[0m[34;1m   2737696[0m[34;1m         4[0m
13:28:01   [34;1m     87656[0m[34;22m         0[0m[34;1m   2677356[0m[34;1m     66.91[0m[34;1m      2240[0m[34;1m    995272[0m[34;1m   8109824[0m[31;1m    202.67[0m[34;1m    581288[0m[34;1m   2738544[0m[34;22m         0[0m
13:28:02   [34;1m     88196[0m[34;22m         0[0m[34;1m   2677972[0m[34;1m     66.93[0m[34;1m      2236[0m[34;1m    994124[0m[34;1m   8109824[0m[31;1m    202.67[0m[34;1m    582036[0m[34;1m   2736936[0m[34;22m         0[0m
13:28:03   [34;1m     88076[0m[34;22m         0[0m[34;1m   2676524[0m[34;1m     66.89[0m[34;1m      2280[0m[34;1m    995636[0m[34;1m   8109824[0m[31;1m    202.67[0m[34;1m    582536[0m[34;1m   2738220[0m[34;22m         0[0m
13:28:04   [34;1m     87456[0m[34;22m         0[0m[34;1m   2678784[0m[34;1m     66.95[0m[34;1m      2340[0m[34;1m    993936[0m[34;1m   8109824[0m[31;1m    202.67[0m[34;1m    582956[0m[34;1m   2736076[0m[34;1m         4[0m
13:28:05   [34;1m     88480[0m[34;22m         0[0m[34;1m   2675760[0m[34;1m     66.87[0m[34;1m      2340[0m[34;1m    995936[0m[34;1m   8109824[0m[31;1m    202.67[0m[34;1m    583432[0m[34;1m   2737676[0m[34;22m         0[0m
13:28:06   [34;1m     87824[0m[34;22m         0[0m[34;1m   2676788[0m[34;1m     66.90[0m[34;1m      2296[0m[34;1m    995608[0m[34;1m   8109824[0m[31;1m    202.67[0m[34;1m    582240[0m[34;1m   2738020[0m[34;22m         0[0m
13:28:07   [34;1m     87984[0m[34;22m         0[0m[34;1m   2677264[0m[34;1m     66.91[0m[34;1m      2296[0m[34;1m    994904[0m[34;1m   8109824[0m[31;1m    202.67[0m[34;1m    581208[0m[34;1m   2738180[0m[34;22m         0[0m
13:28:08   [34;1m     87620[0m[34;22m         0[0m[34;1m   2676592[0m[34;1m     66.89[0m[34;1m      2360[0m[34;1m    995940[0m[34;1m   8109824[0m[31;1m    202.67[0m[34;1m    582952[0m[34;1m   2737852[0m[34;22m         0[0m
13:28:09   [34;1m     87260[0m[34;22m         0[0m[34;1m   2677704[0m[34;1m     66.92[0m[34;1m      2360[0m[34;1m    995196[0m[34;1m   8109824[0m[31;1m    202.67[0m[34;1m    583160[0m[34;1m   2737012[0m[34;22m         0[0m
13:28:10   [34;1m     87864[0m[34;22m         0[0m[34;1m   2676152[0m[34;1m     66.88[0m[34;1m      2292[0m[34;1m    996212[0m[34;1m   8109824[0m[31;1m    202.67[0m[34;1m    583312[0m[34;1m   2738092[0m[34;22m         0[0m
13:28:11   [34;1m     89320[0m[34;22m         0[0m[34;1m   2676304[0m[34;1m     66.88[0m[34;1m      2308[0m[34;1m    994584[0m[34;1m   8109824[0m[31;1m    202.67[0m[34;1m    581732[0m[34;1m   2737660[0m[34;22m         0[0m
13:28:12   [34;1m     87708[0m[34;22m         0[0m[34;1m   2678880[0m[34;1m     66.95[0m[34;1m      2240[0m[34;1m    993720[0m[34;1m   8114544[0m[31;1m    202.79[0m[34;1m    581900[0m[34;1m   2738352[0m[34;22m         0[0m
13:28:13   [34;1m     86768[0m[34;22m         0[0m[34;1m   2679660[0m[34;1m     66.97[0m[34;1m      2496[0m[34;1m    993564[0m[34;1m   8114544[0m[31;1m    202.79[0m[34;1m    581592[0m[34;1m   2738488[0m[34;22m         0[0m
13:28:14   [34;1m     86884[0m[34;22m         0[0m[34;1m   2678944[0m[34;1m     66.95[0m[34;1m      2340[0m[34;1m    994320[0m[34;1m   8114544[0m[31;1m    202.79[0m[34;1m    582020[0m[34;1m   2739044[0m[34;22m         0[0m
13:28:15   [34;1m     87020[0m[34;22m         0[0m[34;1m   2677496[0m[34;1m     66.91[0m[34;1m      2300[0m[34;1m    995672[0m[34;1m   8109824[0m[31;1m    202.67[0m[34;1m    582528[0m[34;1m   2738032[0m[34;22m         0[0m
13:28:16   [34;1m     88020[0m[34;22m         0[0m[34;1m   2677836[0m[34;1m     66.92[0m[34;1m      2356[0m[34;1m    994276[0m[34;1m   8109824[0m[31;1m    202.67[0m[34;1m    583040[0m[34;1m   2736284[0m[34;22m         0[0m
13:28:17   [34;1m     87636[0m[34;22m         0[0m[34;1m   2677368[0m[34;1m     66.91[0m[34;1m      2332[0m[34;1m    995084[0m[34;1m   8109824[0m[31;1m    202.67[0m[34;1m    582876[0m[34;1m   2737084[0m[34;22m         0[0m
13:28:18   [34;1m     87812[0m[34;22m         0[0m[34;1m   2678068[0m[34;1m     66.93[0m[34;1m      2348[0m[34;1m    994260[0m[34;1m   8109824[0m[31;1m    202.67[0m[34;1m    581992[0m[34;1m   2737252[0m[34;22m         0[0m
13:28:19   [34;1m     88396[0m[34;22m         0[0m[34;1m   2677020[0m[34;1m     66.90[0m[34;1m      2364[0m[34;1m    994708[0m[34;1m   8109824[0m[31;1m    202.67[0m[34;1m    581216[0m[34;1m   2738924[0m[34;22m         0[0m
13:28:20   [34;1m     88216[0m[34;22m         0[0m[34;1m   2676960[0m[34;1m     66.90[0m[34;1m      2340[0m[34;1m    995000[0m[34;1m   8109824[0m[31;1m    202.67[0m[34;1m    582844[0m[34;1m   2737216[0m[34;22m         0[0m
13:28:21   [34;1m     88060[0m[34;22m         0[0m[34;1m   2677100[0m[34;1m     66.90[0m[34;1m      2364[0m[34;1m    994992[0m[34;1m   8109824[0m[31;1m    202.67[0m[34;1m    583716[0m[34;1m   2736692[0m[34;1m         4[0m
13:28:22   [34;1m     88332[0m[34;22m         0[0m[34;1m   2677556[0m[34;1m     66.92[0m[34;1m      2368[0m[34;1m    994260[0m[34;1m   8109824[0m[31;1m    202.67[0m[34;1m    582372[0m[34;1m   2736964[0m[34;1m         4[0m
13:28:23   [34;1m     87384[0m[34;22m         0[0m[34;1m   2676824[0m[34;1m     66.90[0m[34;1m      2368[0m[34;1m    995908[0m[34;1m   8109824[0m[31;1m    202.67[0m[34;1m    583728[0m[34;1m   2737304[0m[34;22m         0[0m
13:28:24   [34;1m     86804[0m[34;22m         0[0m[34;1m   2676960[0m[34;1m     66.90[0m[34;1m      2316[0m[34;1m    996408[0m[34;1m   8109824[0m[31;1m    202.67[0m[34;1m    583836[0m[34;1m   2738304[0m[34;22m         0[0m
13:28:25   [34;1m     87276[0m[34;22m         0[0m[34;1m   2676772[0m[34;1m     66.90[0m[34;1m      2324[0m[34;1m    996132[0m[34;1m   8109824[0m[31;1m    202.67[0m[34;1m    583528[0m[34;1m   2738284[0m[34;1m         4[0m
13:28:26   [34;1m     88288[0m[34;22m         0[0m[34;1m   2678112[0m[34;1m     66.93[0m[34;1m      2380[0m[34;1m    993708[0m[34;1m   8109824[0m[31;1m    202.67[0m[34;1m    582400[0m[34;1m   2736712[0m[34;22m         0[0m
13:28:27   [34;1m     87564[0m[34;22m         0[0m[34;1m   2677228[0m[34;1m     66.91[0m[34;1m      2348[0m[34;1m    995352[0m[34;1m   8109824[0m[31;1m    202.67[0m[34;1m    582908[0m[34;1m   2738088[0m[34;22m         0[0m
13:28:28   [34;1m     88564[0m[34;22m         0[0m[34;1m   2677140[0m[34;1m     66.91[0m[34;1m      2344[0m[34;1m    994444[0m[34;1m   8109824[0m[31;1m    202.67[0m[34;1m    581896[0m[34;1m   2737948[0m[34;22m         0[0m
13:28:29   [34;1m     88292[0m[34;22m         0[0m[34;1m   2676868[0m[34;1m     66.90[0m[34;1m      2280[0m[34;1m    995056[0m[34;1m   8109824[0m[31;1m    202.67[0m[34;1m    582780[0m[34;1m   2737776[0m[34;22m         0[0m
13:28:30   [34;1m     87716[0m[34;22m         0[0m[34;1m   2676372[0m[34;1m     66.89[0m[34;1m      2280[0m[34;1m    996128[0m[34;1m   8109824[0m[31;1m    202.67[0m[34;1m    580048[0m[34;1m   2740028[0m[34;22m         0[0m
13:28:31   [34;1m     87016[0m[34;22m         0[0m[34;1m   2675988[0m[34;1m     66.88[0m[34;1m      2280[0m[34;1m    997212[0m[34;1m   8109824[0m[31;1m    202.67[0m[34;1m    582120[0m[34;1m   2739272[0m[34;22m         0[0m
13:28:32   [34;1m     87352[0m[34;22m         0[0m[34;1m   2678264[0m[34;1m     66.93[0m[34;1m      2352[0m[34;1m    994496[0m[34;1m   8114544[0m[31;1m    202.79[0m[34;1m    582240[0m[34;1m   2738156[0m[34;22m         0[0m
13:28:33   [34;1m     87356[0m[34;22m         0[0m[34;1m   2679088[0m[34;1m     66.95[0m[34;1m      2344[0m[34;1m    993668[0m[34;1m   8114544[0m[31;1m    202.79[0m[34;1m    581424[0m[34;1m   2738236[0m[34;22m         0[0m
13:28:34   [34;1m     87920[0m[34;22m         0[0m[34;1m   2679284[0m[34;1m     66.96[0m[34;1m      2324[0m[34;1m    992932[0m[34;1m   8120556[0m[31;1m    202.94[0m[34;1m    581724[0m[34;1m   2738240[0m[34;22m         0[0m
13:28:35   [34;1m     87172[0m[34;22m         0[0m[34;1m   2676584[0m[34;1m     66.89[0m[34;1m      2368[0m[34;1m    996336[0m[34;1m   8109824[0m[31;1m    202.67[0m[34;1m    582976[0m[34;1m   2738084[0m[34;22m         0[0m
13:28:36   [34;1m     87284[0m[34;22m         0[0m[34;1m   2674752[0m[34;1m     66.85[0m[34;1m      2344[0m[34;1m    998080[0m[34;1m   8109824[0m[31;1m    202.67[0m[34;1m    582784[0m[34;1m   2739344[0m[34;22m         0[0m
13:28:37   [34;1m     87144[0m[34;22m         0[0m[34;1m   2676880[0m[34;1m     66.90[0m[34;1m      2320[0m[34;1m    996120[0m[34;1m   8109824[0m[31;1m    202.67[0m[34;1m    582164[0m[34;1m   2738884[0m[34;22m         0[0m
13:28:38   [34;1m     89232[0m[34;22m         0[0m[34;1m   2677312[0m[34;1m     66.91[0m[34;1m      2364[0m[34;1m    993548[0m[34;1m   8109824[0m[31;1m    202.67[0m[34;1m    582168[0m[34;1m   2736536[0m[34;1m         4[0m
13:28:39   [34;1m     87448[0m[34;22m         0[0m[34;1m   2676464[0m[34;1m     66.89[0m[34;1m      2388[0m[34;1m    996172[0m[34;1m   8109824[0m[31;1m    202.67[0m[34;1m    581404[0m[34;1m   2739596[0m[34;22m         0[0m
13:28:40   [34;1m     86012[0m[34;22m         0[0m[34;1m   2677328[0m[34;1m     66.91[0m[34;1m      2312[0m[34;1m    996820[0m[34;1m   8109824[0m[31;1m    202.67[0m[34;1m    583480[0m[34;1m   2738232[0m[34;22m         0[0m
13:28:41   [34;1m     88984[0m[34;22m         0[0m[34;1m   2677232[0m[34;1m     66.91[0m[34;1m      2320[0m[34;1m    993940[0m[34;1m   8109824[0m[31;1m    202.67[0m[34;1m    582280[0m[34;1m   2736312[0m[34;1m         4[0m
13:28:42   [34;1m     88216[0m[34;22m         0[0m[34;1m   2678504[0m[34;1m     66.94[0m[34;1m      2316[0m[34;1m    993328[0m[34;1m   8150716[0m[31;1m    203.70[0m[34;1m    580676[0m[34;1m   2737572[0m[34;22m         0[0m
13:28:43   [34;1m     86924[0m[34;22m         0[0m[34;1m   2676352[0m[34;1m     66.89[0m[34;1m      2344[0m[34;1m    996860[0m[34;1m   8109824[0m[31;1m    202.67[0m[34;1m    582924[0m[34;1m   2739272[0m[34;22m         0[0m
13:28:44   [34;1m     88156[0m[34;22m         0[0m[34;1m   2677056[0m[34;1m     66.90[0m[34;1m      2348[0m[34;1m    994924[0m[34;1m   8109824[0m[31;1m    202.67[0m[34;1m    582644[0m[34;1m   2737152[0m[34;1m         4[0m
13:28:45   [34;1m     88076[0m[34;22m         0[0m[34;1m   2677180[0m[34;1m     66.91[0m[34;1m      2336[0m[34;1m    994892[0m[34;1m   8109824[0m[31;1m    202.67[0m[34;1m    581892[0m[34;1m   2737836[0m[34;22m         0[0m
13:28:46   [34;1m     87176[0m[34;22m         0[0m[34;1m   2665636[0m[34;1m     66.62[0m[34;1m      2344[0m[34;1m   1007392[0m[34;1m   8114212[0m[31;1m    202.78[0m[34;1m    588936[0m[34;1m   2731488[0m[34;1m         4[0m
13:28:47   [34;1m     88148[0m[34;1m      2892[0m[34;1m   2660916[0m[34;1m     66.50[0m[34;1m      2404[0m[34;1m   1011272[0m[34;1m   8011428[0m[31;1m    200.22[0m[34;1m    586700[0m[34;1m   2733860[0m[34;1m        52[0m
13:28:48   [34;1m     87620[0m[34;1m      2808[0m[34;1m   2660988[0m[34;1m     66.50[0m[34;1m      2360[0m[34;1m   1011808[0m[34;1m   8011428[0m[31;1m    200.22[0m[34;1m    586316[0m[34;1m   2735212[0m[34;1m        72[0m
13:28:49   [34;1m     87864[0m[34;1m      3352[0m[34;1m   2659596[0m[34;1m     66.47[0m[34;1m      2316[0m[34;1m   1013012[0m[34;1m   8011428[0m[31;1m    200.22[0m[34;1m    586556[0m[34;1m   2735568[0m[34;1m        68[0m
13:28:50   [34;1m     86824[0m[34;1m      2028[0m[34;1m   2661140[0m[34;1m     66.51[0m[34;1m      2660[0m[34;1m   1012148[0m[34;1m   8012180[0m[31;1m    200.23[0m[34;1m    590548[0m[34;1m   2731072[0m[34;1m         4[0m
13:28:51   [34;1m     87524[0m[34;22m         0[0m[34;1m   2667436[0m[34;1m     66.66[0m[34;1m      2376[0m[34;1m   1005208[0m[34;1m   8156852[0m[31;1m    203.85[0m[34;1m    586216[0m[34;1m   2734384[0m[34;1m         4[0m
13:28:52   [34;1m     88500[0m[34;1m        32[0m[34;1m   2666860[0m[34;1m     66.65[0m[34;1m      2320[0m[34;1m   1004812[0m[34;1m   8097392[0m[31;1m    202.36[0m[34;1m    584852[0m[34;1m   2734872[0m[34;22m         0[0m
13:28:53   [34;1m     87708[0m[34;22m         0[0m[34;1m   2667028[0m[34;1m     66.65[0m[34;1m      2272[0m[34;1m   1005496[0m[34;1m   8097392[0m[31;1m    202.36[0m[34;1m    586500[0m[34;1m   2733708[0m[34;1m         4[0m
13:28:54   [34;1m     86612[0m[34;22m         0[0m[34;1m   2666740[0m[34;1m     66.65[0m[34;1m      2348[0m[34;1m   1006728[0m[34;1m   8097392[0m[31;1m    202.36[0m[34;1m    587528[0m[34;1m   2733516[0m[34;1m         4[0m
13:28:55   [34;1m     88024[0m[34;1m       940[0m[34;1m   2664312[0m[34;1m     66.58[0m[34;1m      2372[0m[34;1m   1007832[0m[34;1m   8097392[0m[31;1m    202.36[0m[34;1m    585328[0m[34;1m   2734108[0m[34;1m        12[0m
13:28:56   [34;1m     88572[0m[34;1m      2248[0m[34;1m   2662564[0m[34;1m     66.54[0m[34;1m      2352[0m[34;1m   1009024[0m[34;1m   8093184[0m[31;1m    202.26[0m[34;1m    587144[0m[34;1m   2732380[0m[34;1m         4[0m
13:28:57   [34;1m     88464[0m[34;1m      2380[0m[34;1m   2662140[0m[34;1m     66.53[0m[34;1m      2400[0m[34;1m   1009536[0m[34;1m   8094848[0m[31;1m    202.30[0m[34;1m    588424[0m[34;1m   2731884[0m[34;1m         4[0m
13:28:58   [34;1m     93356[0m[34;1m     17132[0m[34;1m   2637360[0m[34;1m     65.91[0m[34;1m      3144[0m[34;1m   1028700[0m[34;1m   7992624[0m[31;1m    199.75[0m[34;1m    599436[0m[34;1m   2716348[0m[34;1m        24[0m
13:28:59   [34;1m     90420[0m[34;1m     16648[0m[34;1m   2635540[0m[34;1m     65.87[0m[34;1m      2640[0m[34;1m   1034148[0m[34;1m   8037132[0m[31;1m    200.86[0m[34;1m    600740[0m[34;1m   2719028[0m[34;1m        60[0m
13:29:00   [34;1m     87792[0m[34;1m     12468[0m[34;1m   2641428[0m[34;1m     66.01[0m[34;1m      2720[0m[34;1m   1030824[0m[34;1m   8078272[0m[31;1m    201.89[0m[34;1m    598288[0m[34;1m   2721984[0m[34;22m         0[0m
13:29:01   [34;1m     89608[0m[34;1m     12492[0m[34;1m   2643204[0m[34;1m     66.06[0m[34;1m      2500[0m[34;1m   1027524[0m[34;1m   8080704[0m[31;1m    201.95[0m[34;1m    597516[0m[34;1m   2721412[0m[34;1m        24[0m
13:29:02   [34;1m     87916[0m[34;1m      9300[0m[34;1m   2647636[0m[34;1m     66.17[0m[34;1m      2352[0m[34;1m   1024856[0m[34;1m   8086464[0m[31;1m    202.09[0m[34;1m    589032[0m[34;1m   2731452[0m[34;1m        20[0m
13:29:03   [34;1m     89024[0m[34;1m      8532[0m[34;1m   2650220[0m[34;1m     66.23[0m[34;1m      2456[0m[34;1m   1021060[0m[34;1m   8087040[0m[31;1m    202.11[0m[34;1m    597000[0m[34;1m   2720760[0m[34;1m         4[0m
13:29:04   [34;1m     87312[0m[34;1m      8500[0m[34;1m   2648344[0m[34;1m     66.19[0m[34;1m      2348[0m[34;1m   1024772[0m[34;1m   8087040[0m[31;1m    202.11[0m[34;1m    595308[0m[34;1m   2726084[0m[34;1m        16[0m
13:29:05   [34;1m     87672[0m[34;1m      8892[0m[34;1m   2648332[0m[34;1m     66.19[0m[34;1m      2336[0m[34;1m   1024448[0m[34;1m   8087296[0m[31;1m    202.11[0m[34;1m    588440[0m[34;1m   2734984[0m[34;22m         0[0m
13:29:06   [34;1m     90092[0m[34;1m     10384[0m[34;1m   2647988[0m[34;1m     66.18[0m[34;1m      2908[0m[34;1m   1021780[0m[34;1m   8091648[0m[31;1m    202.22[0m[34;1m    592128[0m[34;1m   2726204[0m[34;1m        20[0m
13:29:07   [34;1m     90324[0m[34;1m     34408[0m[34;1m   2599504[0m[34;1m     64.96[0m[34;1m      3244[0m[34;1m   1069576[0m[34;1m   8001324[0m[31;1m    199.96[0m[34;1m    613356[0m[34;1m   2707024[0m[34;1m       120[0m
13:29:08   [34;1m     90492[0m[34;1m      5468[0m[34;1m   2651288[0m[34;1m     66.26[0m[34;1m      2308[0m[34;1m   1012396[0m[34;1m   7985264[0m[31;1m    199.56[0m[34;1m    586844[0m[34;1m   2719580[0m[34;1m        96[0m
13:29:09   [34;1m     88752[0m[34;22m         0[0m[34;1m   2664548[0m[34;1m     66.59[0m[34;1m      2320[0m[34;1m    999304[0m[34;1m   7995640[0m[31;1m    199.82[0m[34;1m    584572[0m[34;1m   2719596[0m[34;1m         4[0m
13:29:10   [34;1m     87052[0m[34;22m         0[0m[34;1m   2663892[0m[34;1m     66.57[0m[34;1m      2308[0m[34;1m   1001552[0m[34;1m   7994412[0m[31;1m    199.79[0m[34;1m    584352[0m[34;1m   2721272[0m[34;1m         8[0m
13:29:11   [34;1m     88196[0m[34;22m         0[0m[34;1m   2663648[0m[34;1m     66.57[0m[34;1m      2308[0m[34;1m   1000716[0m[34;1m   7994412[0m[31;1m    199.79[0m[34;1m    586220[0m[34;1m   2718652[0m[34;1m         4[0m
13:29:12   [34;1m     87940[0m[34;22m         0[0m[34;1m   2666404[0m[34;1m     66.64[0m[34;1m      2308[0m[34;1m    998176[0m[34;1m   7999708[0m[31;1m    199.92[0m[34;1m    582492[0m[34;1m   2722352[0m[34;1m         4[0m
13:29:13   [34;1m     90408[0m[34;22m         0[0m[34;1m   2667316[0m[34;1m     66.66[0m[34;1m      2512[0m[34;1m    994584[0m[34;1m   7999708[0m[31;1m    199.92[0m[34;1m    583752[0m[34;1m   2717804[0m[34;1m         8[0m
13:29:14   [34;1m     88140[0m[34;22m         0[0m[34;1m   2668892[0m[34;1m     66.70[0m[34;1m      2320[0m[34;1m    995476[0m[34;1m   7999964[0m[31;1m    199.93[0m[34;1m    584648[0m[34;1m   2718476[0m[34;1m        16[0m
13:29:15   [34;1m     87692[0m[34;22m         0[0m[34;1m   2667788[0m[34;1m     66.67[0m[34;1m      2272[0m[34;1m    997072[0m[34;1m   8004316[0m[31;1m    200.04[0m[34;1m    583896[0m[34;1m   2721084[0m[34;22m         0[0m
13:29:16   [34;1m     89436[0m[34;22m         0[0m[34;1m   2665436[0m[34;1m     66.61[0m[34;1m      2344[0m[34;1m    997608[0m[34;1m   7999596[0m[31;1m    199.92[0m[34;1m    587688[0m[34;1m   2715996[0m[34;1m        12[0m
13:29:17   [34;1m     87620[0m[34;22m         0[0m[34;1m   2666908[0m[34;1m     66.65[0m[34;1m      2336[0m[34;1m    997956[0m[34;1m   7999596[0m[31;1m    199.92[0m[34;1m    588704[0m[34;1m   2715300[0m[34;1m         4[0m
13:29:18   [34;1m     87900[0m[34;22m         0[0m[34;1m   2666764[0m[34;1m     66.65[0m[34;1m      2344[0m[34;1m    997856[0m[34;1m   7999596[0m[31;1m    199.92[0m[34;1m    590900[0m[34;1m   2713340[0m[34;1m         4[0m
13:29:19   [34;1m     88592[0m[34;22m         0[0m[34;1m   2668148[0m[34;1m     66.68[0m[34;1m      2404[0m[34;1m    995740[0m[34;1m   8087772[0m[31;1m    202.12[0m[34;1m    584188[0m[34;1m   2720484[0m[34;1m        48[0m
13:29:20   [34;1m   1617988[0m[34;1m   1727648[0m[34;1m    990380[0m[34;1m     24.75[0m[34;1m      5068[0m[34;1m   1278532[0m[34;1m   5611708[0m[31;1m    140.24[0m[34;1m    597360[0m[34;1m   1495656[0m[34;1m        32[0m
13:29:21   [34;1m   1388876[0m[34;1m   1551008[0m[34;1m   1167044[0m[34;1m     29.17[0m[34;1m      5216[0m[34;1m   1331104[0m[34;1m   5805984[0m[31;1m    145.10[0m[34;1m    597624[0m[34;1m   1734596[0m[34;1m       120[0m
13:29:22   [34;1m   1344524[0m[34;1m   1526472[0m[34;1m   1191768[0m[34;1m     29.78[0m[34;1m      5612[0m[34;1m   1350476[0m[34;1m   5822944[0m[31;1m    145.52[0m[34;1m    598004[0m[34;1m   1778800[0m[34;1m       252[0m
13:29:23   [34;1m   1338476[0m[34;1m   1523676[0m[34;1m   1194720[0m[34;1m     29.86[0m[34;1m      5664[0m[34;1m   1353508[0m[34;1m   5823200[0m[31;1m    145.53[0m[34;1m    598220[0m[34;1m   1785336[0m[34;1m       256[0m
13:29:24   [34;1m   1334948[0m[34;1m   1520640[0m[34;1m   1197756[0m[34;1m     29.93[0m[34;1m      5664[0m[34;1m   1354000[0m[34;1m   5823264[0m[31;1m    145.53[0m[34;1m    598228[0m[34;1m   1786080[0m[34;1m       256[0m
13:29:25   [34;1m   1328648[0m[34;1m   1520424[0m[34;1m   1197900[0m[34;1m     29.94[0m[34;1m      5664[0m[34;1m   1360176[0m[34;1m   5827432[0m[31;1m    145.63[0m[34;1m    598228[0m[34;1m   1794412[0m[34;1m       256[0m
13:29:26   [34;1m   1321844[0m[34;1m   1515600[0m[34;1m   1202824[0m[34;1m     30.06[0m[34;1m      5692[0m[34;1m   1362048[0m[34;1m   5831856[0m[31;1m    145.75[0m[34;1m    598252[0m[34;1m   1801756[0m[34;1m       256[0m
13:29:27   [34;1m   1308740[0m[34;1m   1505916[0m[34;1m   1212208[0m[34;1m     30.29[0m[34;1m      6036[0m[34;1m   1365420[0m[34;1m   5840624[0m[31;1m    145.96[0m[34;1m    600144[0m[34;1m   1811880[0m[34;1m       256[0m
13:29:28   [34;1m   1305092[0m[34;1m   1504268[0m[34;1m   1214184[0m[34;1m     30.34[0m[34;1m      6300[0m[34;1m   1366884[0m[34;1m   5840624[0m[31;1m    145.96[0m[34;1m    600984[0m[34;1m   1815772[0m[34;1m       288[0m
13:29:29   [34;1m   1302888[0m[34;1m   1502104[0m[34;1m   1216444[0m[34;1m     30.40[0m[34;1m      6324[0m[34;1m   1366860[0m[34;1m   5840624[0m[31;1m    145.96[0m[34;1m    601036[0m[34;1m   1816360[0m[34;1m       288[0m
13:29:30   [34;1m   1302636[0m[34;1m   1501888[0m[34;1m   1216664[0m[34;1m     30.41[0m[34;1m      6340[0m[34;1m   1366880[0m[34;1m   5840624[0m[31;1m    145.96[0m[34;1m    601060[0m[34;1m   1816440[0m[34;1m       288[0m
13:29:31   [34;1m   1302132[0m[34;1m   1501420[0m[34;1m   1217132[0m[34;1m     30.42[0m[34;1m      6340[0m[34;1m   1366912[0m[34;1m   5840624[0m[31;1m    145.96[0m[34;1m    601076[0m[34;1m   1816656[0m[34;1m       288[0m
13:29:32   [34;1m   1300620[0m[34;1m   1499996[0m[34;1m   1218572[0m[34;1m     30.45[0m[34;1m      6372[0m[34;1m   1366968[0m[34;1m   5845344[0m[31;1m    146.08[0m[34;1m    601076[0m[34;1m   1818476[0m[34;1m       288[0m
13:29:33   [34;1m   1300368[0m[34;1m   1499852[0m[34;1m   1218716[0m[34;1m     30.46[0m[34;1m      6420[0m[34;1m   1367028[0m[34;1m   5845344[0m[31;1m    146.08[0m[34;1m    601108[0m[34;1m   1819016[0m[34;1m       288[0m
13:29:34   [34;1m   1286508[0m[34;1m   1487192[0m[34;1m   1231172[0m[34;1m     30.77[0m[34;1m      6660[0m[34;1m   1368160[0m[34;1m   5992156[0m[31;1m    149.75[0m[34;1m    601272[0m[34;1m   1829252[0m[34;1m        24[0m
13:29:35   [34;1m   1286508[0m[34;1m   1487380[0m[34;1m   1231128[0m[34;1m     30.77[0m[34;1m      6668[0m[34;1m   1368192[0m[34;1m   5987436[0m[31;1m    149.63[0m[34;1m    601436[0m[34;1m   1827968[0m[34;1m       140[0m
13:29:36   [34;1m   1286256[0m[34;1m   1487368[0m[34;1m   1231116[0m[34;1m     30.77[0m[34;1m      6668[0m[34;1m   1368456[0m[34;1m   5987436[0m[31;1m    149.63[0m[34;1m    601444[0m[34;1m   1828500[0m[34;1m       140[0m
13:29:37   [34;1m   1285248[0m[34;1m   1486608[0m[34;1m   1231920[0m[34;1m     30.79[0m[34;1m      6892[0m[34;1m   1368448[0m[34;1m   5991660[0m[31;1m    149.74[0m[34;1m    601608[0m[34;1m   1832448[0m[34;1m       140[0m
13:29:38   [34;1m   1283736[0m[34;1m   1485344[0m[34;1m   1233188[0m[34;1m     30.82[0m[34;1m      6900[0m[34;1m   1368684[0m[34;1m   5995756[0m[31;1m    149.84[0m[34;1m    601700[0m[34;1m   1834288[0m[34;1m       164[0m
13:29:39   [34;1m   1281404[0m[34;1m   1483012[0m[34;1m   1235492[0m[34;1m     30.88[0m[34;1m      6900[0m[34;1m   1368684[0m[34;1m   5995756[0m[31;1m    149.84[0m[34;1m    601704[0m[34;1m   1834700[0m[34;1m       164[0m
13:29:40   [34;1m   1281404[0m[34;1m   1483036[0m[34;1m   1235444[0m[34;1m     30.88[0m[34;1m      6908[0m[34;1m   1368676[0m[34;1m   5995756[0m[31;1m    149.84[0m[34;1m    601704[0m[34;1m   1834980[0m[34;1m       164[0m
13:29:41   [34;1m   1281152[0m[34;1m   1482808[0m[34;1m   1235664[0m[34;1m     30.88[0m[34;1m      6908[0m[34;1m   1368692[0m[34;1m   5995756[0m[31;1m    149.84[0m[34;1m    601712[0m[34;1m   1835844[0m[34;1m       164[0m
13:29:42   [34;1m   1281152[0m[34;1m   1482808[0m[34;1m   1235664[0m[34;1m     30.88[0m[34;1m      6908[0m[34;1m   1368692[0m[34;1m   5995756[0m[31;1m    149.84[0m[34;1m    601712[0m[34;1m   1836272[0m[34;1m       164[0m
13:29:43   [34;1m   1281152[0m[34;1m   1482808[0m[34;1m   1235664[0m[34;1m     30.88[0m[34;1m      6908[0m[34;1m   1368692[0m[34;1m   5995756[0m[31;1m    149.84[0m[34;1m    601712[0m[34;1m   1837064[0m[34;1m       164[0m
13:29:44   [34;1m   1279892[0m[34;1m   1481548[0m[34;1m   1236928[0m[34;1m     30.91[0m[34;1m      6916[0m[34;1m   1368684[0m[34;1m   5995756[0m[31;1m    149.84[0m[34;1m    601712[0m[34;1m   1837520[0m[34;1m       164[0m
13:29:45   [34;1m   1279640[0m[34;1m   1481304[0m[34;1m   1237172[0m[34;1m     30.92[0m[34;1m      6916[0m[34;1m   1368692[0m[34;1m   5995756[0m[31;1m    149.84[0m[34;1m    601720[0m[34;1m   1838556[0m[34;1m        16[0m
13:29:46   [34;1m   1279388[0m[34;1m   1481100[0m[34;1m   1237364[0m[34;1m     30.92[0m[34;1m      6972[0m[34;1m   1368692[0m[34;1m   5995756[0m[31;1m    149.84[0m[34;1m    601764[0m[34;1m   1839164[0m[34;1m        32[0m
13:29:47   [34;1m   1276616[0m[34;1m   1478336[0m[34;1m   1240156[0m[34;1m     30.99[0m[34;1m      6972[0m[34;1m   1368692[0m[34;1m   5995756[0m[31;1m    149.84[0m[34;1m    601772[0m[34;1m   1842652[0m[34;1m        32[0m
13:29:48   [34;1m   1275860[0m[34;1m   1477584[0m[34;1m   1240860[0m[34;1m     31.01[0m[34;1m      7020[0m[34;1m   1368692[0m[34;1m   5995756[0m[31;1m    149.84[0m[34;1m    601772[0m[34;1m   1843340[0m[34;1m        32[0m
13:29:49   [34;1m   1273592[0m[34;1m   1475364[0m[34;1m   1243120[0m[34;1m     31.07[0m[34;1m      7020[0m[34;1m   1368692[0m[34;1m   5995756[0m[31;1m    149.84[0m[34;1m    601824[0m[34;1m   1844240[0m[34;1m        32[0m
13:29:50   [34;1m   1273088[0m[34;1m   1474860[0m[34;1m   1243624[0m[34;1m     31.08[0m[34;1m      7020[0m[34;1m   1368692[0m[34;1m   5995756[0m[31;1m    149.84[0m[34;1m    601824[0m[34;1m   1844676[0m[34;1m        32[0m
13:29:51   [34;1m   1272584[0m[34;1m   1474356[0m[34;1m   1244128[0m[34;1m     31.09[0m[34;1m      7028[0m[34;1m   1368684[0m[34;1m   5995756[0m[31;1m    149.84[0m[34;1m    601824[0m[34;1m   1845584[0m[34;1m        32[0m
13:29:52   [34;1m   1269812[0m[34;1m   1471888[0m[34;1m   1246596[0m[34;1m     31.15[0m[34;1m      7036[0m[34;1m   1368980[0m[34;1m   6000796[0m[31;1m    149.97[0m[34;1m    601832[0m[34;1m   1849620[0m[34;1m        20[0m
13:29:53   [34;1m   1268552[0m[34;1m   1470700[0m[34;1m   1247772[0m[34;1m     31.18[0m[34;1m      7044[0m[34;1m   1369056[0m[34;1m   6001052[0m[31;1m    149.97[0m[34;1m    601840[0m[34;1m   1850756[0m[34;1m        36[0m
13:29:54   [34;1m   1266032[0m[34;1m   1468192[0m[34;1m   1250292[0m[34;1m     31.25[0m[34;1m      7044[0m[34;1m   1369056[0m[34;1m   6001052[0m[31;1m    149.97[0m[34;1m    601848[0m[34;1m   1851496[0m[34;1m        36[0m
13:29:55   [34;1m   1266032[0m[34;1m   1468220[0m[34;1m   1250260[0m[34;1m     31.25[0m[34;1m      7092[0m[34;1m   1369056[0m[34;1m   5996332[0m[31;1m    149.86[0m[34;1m    601872[0m[34;1m   1850728[0m[34;1m        36[0m
13:29:56   [34;1m   1265528[0m[34;1m   1467736[0m[34;1m   1250760[0m[34;1m     31.26[0m[34;1m      7092[0m[34;1m   1369060[0m[34;1m   5996332[0m[31;1m    149.86[0m[34;1m    601896[0m[34;1m   1851160[0m[34;1m        40[0m
13:29:57   [34;1m   1263008[0m[34;1m   1465220[0m[34;1m   1253252[0m[34;1m     31.32[0m[34;1m      7120[0m[34;1m   1369052[0m[34;1m   5996332[0m[31;1m    149.86[0m[34;1m    601896[0m[34;1m   1855152[0m[34;22m         0[0m
13:29:58   [34;1m   1262756[0m[34;1m   1465004[0m[34;1m   1253428[0m[34;1m     31.32[0m[34;1m      7156[0m[34;1m   1369092[0m[34;1m   5996332[0m[31;1m    149.86[0m[34;1m    601920[0m[34;1m   1855736[0m[34;1m        48[0m
13:29:59   [34;1m   1259228[0m[34;1m   1461552[0m[34;1m   1256940[0m[34;1m     31.41[0m[34;1m      7156[0m[34;1m   1369108[0m[34;1m   5996332[0m[31;1m    149.86[0m[34;1m    601960[0m[34;1m   1856800[0m[34;1m        48[0m
13:30:00   [34;1m   1257464[0m[34;1m   1459860[0m[34;1m   1258556[0m[34;1m     31.45[0m[34;1m      7208[0m[34;1m   1369056[0m[34;1m   5996332[0m[31;1m    149.86[0m[34;1m    601960[0m[34;1m   1858364[0m[34;1m        48[0m
13:30:01   [34;1m   1257212[0m[34;1m   1459732[0m[34;1m   1258612[0m[34;1m     31.45[0m[34;1m      7208[0m[34;1m   1369108[0m[34;1m   5996332[0m[31;1m    149.86[0m[34;1m    602044[0m[34;1m   1859256[0m[34;1m        48[0m
13:30:02   [34;1m   1257212[0m[34;1m   1459748[0m[34;1m   1258596[0m[34;1m     31.45[0m[34;1m      7216[0m[34;1m   1369112[0m[34;1m   5996332[0m[31;1m    149.86[0m[34;1m    602048[0m[34;1m   1859668[0m[34;1m        48[0m
13:30:03   [34;1m   1255700[0m[34;1m   1458284[0m[34;1m   1260060[0m[34;1m     31.49[0m[34;1m      7264[0m[34;1m   1369112[0m[34;1m   5996332[0m[31;1m    149.86[0m[34;1m    602092[0m[34;1m   1861088[0m[34;1m        48[0m
13:30:04   [34;1m   1253684[0m[34;1m   1456268[0m[34;1m   1262076[0m[34;1m     31.54[0m[34;1m      7284[0m[34;1m   1369092[0m[34;1m   5996332[0m[31;1m    149.86[0m[34;1m    602104[0m[34;1m   1861272[0m[34;22m         0[0m
13:30:05   [34;1m   1253684[0m[34;1m   1456424[0m[34;1m   1261920[0m[34;1m     31.54[0m[34;1m      7284[0m[34;1m   1369248[0m[34;1m   5996332[0m[31;1m    149.86[0m[34;1m    602124[0m[34;1m   1862020[0m[34;1m         4[0m
13:30:06   [34;1m   1253432[0m[34;1m   1456176[0m[34;1m   1262160[0m[34;1m     31.54[0m[34;1m      7300[0m[34;1m   1369244[0m[34;1m   5996332[0m[31;1m    149.86[0m[34;1m    602124[0m[34;1m   1862728[0m[34;1m        12[0m
13:30:07   [34;1m   1251668[0m[34;1m   1454460[0m[34;1m   1263884[0m[34;1m     31.59[0m[34;1m      7300[0m[34;1m   1369284[0m[34;1m   5996332[0m[31;1m    149.86[0m[34;1m    602140[0m[34;1m   1866828[0m[34;1m        12[0m
13:30:08   [34;1m   1250912[0m[34;1m   1453788[0m[34;1m   1264532[0m[34;1m     31.60[0m[34;1m      7384[0m[34;1m   1369304[0m[34;1m   5996332[0m[31;1m    149.86[0m[34;1m    602208[0m[34;1m   1867440[0m[34;1m        20[0m
13:30:09   [34;1m   1248644[0m[34;1m   1451600[0m[34;1m   1266740[0m[34;1m     31.66[0m[34;1m      7444[0m[34;1m   1369304[0m[34;1m   5996332[0m[31;1m    149.86[0m[34;1m    602292[0m[34;1m   1868628[0m[34;1m        20[0m
13:30:10   [34;1m   1247384[0m[34;1m   1450368[0m[34;1m   1267964[0m[34;1m     31.69[0m[34;1m      7472[0m[34;1m   1369312[0m[34;1m   5996332[0m[31;1m    149.86[0m[34;1m    602312[0m[34;1m   1871288[0m[34;1m        36[0m
13:30:11   [34;1m   1246628[0m[34;1m   1449620[0m[34;1m   1268720[0m[34;1m     31.71[0m[34;1m      7472[0m[34;1m   1369312[0m[34;1m   5996332[0m[31;1m    149.86[0m[34;1m    602320[0m[34;1m   1872060[0m[34;1m        40[0m
13:30:12   [34;1m   1244612[0m[34;1m   1447604[0m[34;1m   1270736[0m[34;1m     31.76[0m[34;1m      7472[0m[34;1m   1369312[0m[34;1m   6001052[0m[31;1m    149.97[0m[34;1m    602320[0m[34;1m   1874356[0m[34;1m        40[0m
13:30:13   [34;1m   1243352[0m[34;1m   1446344[0m[34;1m   1271996[0m[34;1m     31.79[0m[34;1m      7520[0m[34;1m   1369264[0m[34;1m   6001052[0m[31;1m    149.97[0m[34;1m    602320[0m[34;1m   1875264[0m[34;1m        40[0m
13:30:14   [34;1m   1241588[0m[34;1m   1444676[0m[34;1m   1273632[0m[34;1m     31.83[0m[34;1m      7588[0m[34;1m   1369324[0m[34;1m   6001052[0m[31;1m    149.97[0m[34;1m    602408[0m[34;1m   1875960[0m[34;1m        40[0m
13:30:15   [34;1m   1241588[0m[34;1m   1444676[0m[34;1m   1273632[0m[34;1m     31.83[0m[34;1m      7608[0m[34;1m   1369304[0m[34;1m   5996332[0m[31;1m    149.86[0m[34;1m    602412[0m[34;1m   1875172[0m[34;1m        40[0m
13:30:16   [34;1m   1241336[0m[34;1m   1444480[0m[34;1m   1273856[0m[34;1m     31.84[0m[34;1m      7608[0m[34;1m   1369332[0m[34;1m   5996332[0m[31;1m    149.86[0m[34;1m    602452[0m[34;1m   1875760[0m[34;22m         0[0m
13:30:17   [34;1m   1238312[0m[34;1m   1441460[0m[34;1m   1276880[0m[34;1m     31.91[0m[34;1m      7608[0m[34;1m   1369332[0m[34;1m   5996332[0m[31;1m    149.86[0m[34;1m    602456[0m[34;1m   1879388[0m[34;1m         4[0m
13:30:18   [34;1m   1237808[0m[34;1m   1441012[0m[34;1m   1277316[0m[34;1m     31.92[0m[34;1m      7672[0m[34;1m   1369332[0m[34;1m   5996332[0m[31;1m    149.86[0m[34;1m    602500[0m[34;1m   1880624[0m[34;1m         4[0m
13:30:19   [34;1m   1235540[0m[34;1m   1438764[0m[34;1m   1279564[0m[34;1m     31.98[0m[34;1m      7692[0m[34;1m   1369332[0m[34;1m   5996332[0m[31;1m    149.86[0m[34;1m    602524[0m[34;1m   1881536[0m[34;1m         8[0m
13:30:20   [34;1m   1235540[0m[34;1m   1438788[0m[34;1m   1279540[0m[34;1m     31.98[0m[34;1m      7700[0m[34;1m   1369344[0m[34;1m   5996332[0m[31;1m    149.86[0m[34;1m    602548[0m[34;1m   1881960[0m[34;1m        28[0m
13:30:21   [34;1m   1235288[0m[34;1m   1438544[0m[34;1m   1279792[0m[34;1m     31.98[0m[34;1m      7704[0m[34;1m   1369340[0m[34;1m   5996332[0m[31;1m    149.86[0m[34;1m    602552[0m[34;1m   1882992[0m[34;1m        28[0m
13:30:22   [34;1m   1238752[0m[34;1m   1442140[0m[34;1m   1279616[0m[34;1m     31.98[0m[34;1m      7704[0m[34;1m   1369472[0m[34;1m   5996332[0m[31;1m    149.86[0m[34;1m    602552[0m[34;1m   1883652[0m[34;22m         0[0m
13:30:23   [34;1m   1234596[0m[34;1m   1437996[0m[34;1m   1283820[0m[34;1m     32.08[0m[34;1m      7720[0m[34;1m   1369472[0m[34;1m   5996332[0m[31;1m    149.86[0m[34;1m    602564[0m[34;1m   1884872[0m[34;1m        28[0m
13:30:24   [34;1m   1230564[0m[34;1m   1433980[0m[34;1m   1287840[0m[34;1m     32.18[0m[34;1m      7720[0m[34;1m   1369484[0m[34;1m   5996332[0m[31;1m    149.86[0m[34;1m    602572[0m[34;1m   1885736[0m[34;1m        32[0m
13:30:25   [34;1m   1229808[0m[34;1m   1433224[0m[34;1m   1288596[0m[34;1m     32.20[0m[34;1m      7720[0m[34;1m   1369484[0m[34;1m   5996588[0m[31;1m    149.86[0m[34;1m    602572[0m[34;1m   1886476[0m[34;1m        32[0m
13:30:26   [34;1m   1229304[0m[34;1m   1432812[0m[34;1m   1289000[0m[34;1m     32.21[0m[34;1m      7740[0m[34;1m   1369564[0m[34;1m   6000684[0m[31;1m    149.96[0m[34;1m    602588[0m[34;1m   1887576[0m[34;1m        32[0m
13:30:27   [34;1m   1225776[0m[34;1m   1429292[0m[34;1m   1292528[0m[34;1m     32.30[0m[34;1m      7740[0m[34;1m   1369564[0m[34;1m   6004780[0m[31;1m    150.07[0m[34;1m    602588[0m[34;1m   1892268[0m[34;1m        32[0m
13:30:28   [34;1m   1225776[0m[34;1m   1429292[0m[34;1m   1292528[0m[34;1m     32.30[0m[34;1m      7740[0m[34;1m   1369564[0m[34;1m   6004780[0m[31;1m    150.07[0m[34;1m    602588[0m[34;1m   1893256[0m[34;1m         4[0m
13:30:29   [34;1m   1222752[0m[34;1m   1426276[0m[34;1m   1295544[0m[34;1m     32.38[0m[34;1m      7748[0m[34;1m   1369564[0m[34;1m   6004780[0m[31;1m    150.07[0m[34;1m    602596[0m[34;1m   1894360[0m[34;1m        44[0m
13:30:30   [34;1m   1222500[0m[34;1m   1426024[0m[34;1m   1295796[0m[34;1m     32.38[0m[34;1m      7756[0m[34;1m   1369556[0m[34;1m   6004780[0m[31;1m    150.07[0m[34;1m    602600[0m[34;1m   1894576[0m[34;1m        44[0m
13:30:31   [34;1m   1221996[0m[34;1m   1425532[0m[34;1m   1296288[0m[34;1m     32.40[0m[34;1m      7756[0m[34;1m   1369568[0m[34;1m   6004780[0m[31;1m    150.07[0m[34;1m    602608[0m[34;1m   1895788[0m[34;1m        44[0m
13:30:32   [34;1m   1220484[0m[34;1m   1424020[0m[34;1m   1297800[0m[34;1m     32.43[0m[34;1m      7768[0m[34;1m   1369556[0m[34;1m   6013596[0m[31;1m    150.29[0m[34;1m    602608[0m[34;1m   1897720[0m[34;1m        44[0m
13:30:33   [34;1m   1219728[0m[34;1m   1423280[0m[34;1m   1298540[0m[34;1m     32.45[0m[34;1m      7768[0m[34;1m   1369568[0m[34;1m   6013596[0m[31;1m    150.29[0m[34;1m    602620[0m[34;1m   1898996[0m[34;22m         0[0m
13:30:34   [34;1m   1216956[0m[34;1m   1420508[0m[34;1m   1301312[0m[34;1m     32.52[0m[34;1m      7768[0m[34;1m   1369568[0m[34;1m   6013596[0m[31;1m    150.29[0m[34;1m    602608[0m[34;1m   1899472[0m[34;1m         4[0m
13:30:35   [34;1m   1216956[0m[34;1m   1420508[0m[34;1m   1301320[0m[34;1m     32.52[0m[34;1m      7768[0m[34;1m   1369568[0m[34;1m   6008876[0m[31;1m    150.17[0m[34;1m    602620[0m[34;1m   1898488[0m[34;1m         4[0m
13:30:36   [34;1m   1216956[0m[34;1m   1420524[0m[34;1m   1301304[0m[34;1m     32.52[0m[34;1m      7784[0m[34;1m   1369568[0m[34;1m   6008876[0m[31;1m    150.17[0m[34;1m    602632[0m[34;1m   1899304[0m[34;1m        12[0m
13:30:37   [34;1m   1216956[0m[34;1m   1420528[0m[34;1m   1301304[0m[34;1m     32.52[0m[34;1m      7784[0m[34;1m   1369572[0m[34;1m   6008876[0m[31;1m    150.17[0m[34;1m    602632[0m[34;1m   1901228[0m[34;1m        12[0m
13:30:38   [34;1m   1216956[0m[34;1m   1420536[0m[34;1m   1301296[0m[34;1m     32.52[0m[34;1m      7792[0m[34;1m   1369580[0m[34;1m   6008876[0m[31;1m    150.17[0m[34;1m    602636[0m[34;1m   1901668[0m[34;1m        36[0m
13:30:39   [34;1m   1214940[0m[34;1m   1418528[0m[34;1m   1303328[0m[34;1m     32.57[0m[34;1m      7792[0m[34;1m   1369580[0m[34;1m   6008876[0m[31;1m    150.17[0m[34;1m    602640[0m[34;1m   1901900[0m[34;22m         0[0m
13:30:40   [34;1m   1214940[0m[34;1m   1418528[0m[34;1m   1303328[0m[34;1m     32.57[0m[34;1m      7792[0m[34;1m   1369580[0m[34;1m   6009132[0m[31;1m    150.18[0m[34;1m    602644[0m[34;1m   1901980[0m[34;22m         0[0m
13:30:41   [34;1m   1214940[0m[34;1m   1418532[0m[34;1m   1303324[0m[34;1m     32.57[0m[34;1m      7792[0m[34;1m   1369584[0m[34;1m   6009132[0m[31;1m    150.18[0m[34;1m    602644[0m[34;1m   1902080[0m[34;1m         8[0m
13:30:42   [34;1m   1214940[0m[34;1m   1418532[0m[34;1m   1303324[0m[34;1m     32.57[0m[34;1m      7792[0m[34;1m   1369584[0m[34;1m   6009132[0m[31;1m    150.18[0m[34;1m    602644[0m[34;1m   1902236[0m[34;1m         8[0m
13:30:43   [34;1m   1214940[0m[34;1m   1418532[0m[34;1m   1303324[0m[34;1m     32.57[0m[34;1m      7800[0m[34;1m   1369576[0m[34;1m   6009132[0m[31;1m    150.18[0m[34;1m    602644[0m[34;1m   1901856[0m[34;1m         8[0m
13:30:44   [34;1m   1213680[0m[34;1m   1417288[0m[34;1m   1304568[0m[34;1m     32.60[0m[34;1m      7808[0m[34;1m   1369584[0m[34;1m   6009132[0m[31;1m    150.18[0m[34;1m    602668[0m[34;1m   1901904[0m[34;1m        32[0m
13:30:45   [34;1m   1213680[0m[34;1m   1417368[0m[34;1m   1304488[0m[34;1m     32.60[0m[34;1m      7808[0m[34;1m   1369664[0m[34;1m   6009132[0m[31;1m    150.18[0m[34;1m    602660[0m[34;1m   1901944[0m[34;22m         0[0m
13:30:46   [34;1m   1213680[0m[34;1m   1417368[0m[34;1m   1304488[0m[34;1m     32.60[0m[34;1m      7808[0m[34;1m   1369664[0m[34;1m   6009132[0m[31;1m    150.18[0m[34;1m    602660[0m[34;1m   1901964[0m[34;1m         4[0m
13:30:47   [34;1m   1213428[0m[34;1m   1417240[0m[34;1m   1304620[0m[34;1m     32.60[0m[34;1m      7808[0m[34;1m   1369788[0m[34;1m   6009132[0m[31;1m    150.18[0m[34;1m    602660[0m[34;1m   1902808[0m[34;1m         4[0m
13:30:48   [34;1m   1213176[0m[34;1m   1416988[0m[34;1m   1304872[0m[34;1m     32.61[0m[34;1m      7808[0m[34;1m   1369788[0m[34;1m   6009132[0m[31;1m    150.18[0m[34;1m    602660[0m[34;1m   1903024[0m[34;1m         4[0m
13:30:49   [34;1m   1212420[0m[34;1m   1416232[0m[34;1m   1305628[0m[34;1m     32.63[0m[34;1m      7808[0m[34;1m   1369788[0m[34;1m   6009132[0m[31;1m    150.18[0m[34;1m    602660[0m[34;1m   1903256[0m[34;1m         4[0m
13:30:50   [34;1m   1212420[0m[34;1m   1416232[0m[34;1m   1305628[0m[34;1m     32.63[0m[34;1m      7816[0m[34;1m   1369780[0m[34;1m   6009132[0m[31;1m    150.18[0m[34;1m    602660[0m[34;1m   1903184[0m[34;1m         4[0m
13:30:51   [34;1m   1212420[0m[34;1m   1416240[0m[34;1m   1305620[0m[34;1m     32.63[0m[34;1m      7816[0m[34;1m   1369788[0m[34;1m   6009132[0m[31;1m    150.18[0m[34;1m    602668[0m[34;1m   1903096[0m[34;22m         0[0m
13:30:52   [34;1m   1286728[0m[34;1m   1490620[0m[34;1m   1231240[0m[34;1m     30.77[0m[34;1m      7824[0m[34;1m   1369852[0m[34;1m   6013852[0m[31;1m    150.29[0m[34;1m    602676[0m[34;1m   1812156[0m[34;1m         8[0m
13:30:53   [34;1m   1429476[0m[34;1m   1633384[0m[34;1m   1088476[0m[34;1m     27.20[0m[34;1m      7832[0m[34;1m   1369860[0m[34;1m   6013852[0m[31;1m    150.29[0m[34;1m    602684[0m[34;1m   1667904[0m[34;1m        16[0m
13:30:54   [34;1m   1427936[0m[34;1m   1631848[0m[34;1m   1090012[0m[34;1m     27.24[0m[34;1m      7832[0m[34;1m   1369864[0m[34;1m   6013852[0m[31;1m    150.29[0m[34;1m    602684[0m[34;1m   1667868[0m[34;1m        24[0m
13:30:55   [34;1m   1456192[0m[34;1m   1660104[0m[34;1m   1061784[0m[34;1m     26.54[0m[34;1m      7832[0m[34;1m   1369864[0m[34;1m   6009132[0m[31;1m    150.18[0m[34;1m    602684[0m[34;1m   1666272[0m[34;1m        24[0m
13:30:56   [34;1m   1456068[0m[34;1m   1659980[0m[34;1m   1061908[0m[34;1m     26.54[0m[34;1m      7832[0m[34;1m   1369864[0m[34;1m   6009132[0m[31;1m    150.18[0m[34;1m    602684[0m[34;1m   1666272[0m[34;1m        24[0m
13:30:57   [34;1m   1455848[0m[34;1m   1659760[0m[34;1m   1062128[0m[34;1m     26.54[0m[34;1m      7832[0m[34;1m   1369864[0m[34;1m   6009132[0m[31;1m    150.18[0m[34;1m    602684[0m[34;1m   1666808[0m[34;22m         0[0m
13:30:58   [34;1m   1455848[0m[34;1m   1659760[0m[34;1m   1062128[0m[34;1m     26.54[0m[34;1m      7848[0m[34;1m   1369848[0m[34;1m   6009132[0m[31;1m    150.18[0m[34;1m    602684[0m[34;1m   1666824[0m[34;22m         0[0m
13:30:59   [34;1m   1453548[0m[34;1m   1657520[0m[34;1m   1064364[0m[34;1m     26.60[0m[34;1m      7848[0m[34;1m   1369908[0m[34;1m   6009132[0m[31;1m    150.18[0m[34;1m    602700[0m[34;1m   1667064[0m[34;1m        40[0m
13:31:00   [34;1m   1453548[0m[34;1m   1657520[0m[34;1m   1064364[0m[34;1m     26.60[0m[34;1m      7848[0m[34;1m   1369908[0m[34;1m   6009132[0m[31;1m    150.18[0m[34;1m    602700[0m[34;1m   1667124[0m[34;1m        40[0m
13:31:01   [34;1m   1453452[0m[34;1m   1657428[0m[34;1m   1064456[0m[34;1m     26.60[0m[34;1m      7848[0m[34;1m   1369912[0m[34;1m   6009132[0m[31;1m    150.18[0m[34;1m    602700[0m[34;1m   1667012[0m[34;1m        44[0m
13:31:02   [34;1m   1453356[0m[34;1m   1657332[0m[34;1m   1064540[0m[34;1m     26.60[0m[34;1m      7848[0m[34;1m   1369924[0m[34;1m   6009132[0m[31;1m    150.18[0m[34;1m    602700[0m[34;1m   1667012[0m[34;1m        44[0m
13:31:03   [34;1m   1453356[0m[34;1m   1657344[0m[34;1m   1064532[0m[34;1m     26.60[0m[34;1m      7856[0m[34;1m   1369924[0m[34;1m   6009132[0m[31;1m    150.18[0m[34;1m    602700[0m[34;1m   1667092[0m[34;1m        12[0m
13:31:04   [34;1m   1455424[0m[34;1m   1659420[0m[34;1m   1062464[0m[34;1m     26.55[0m[34;1m      7864[0m[34;1m   1369916[0m[34;1m   6009132[0m[31;1m    150.18[0m[34;1m    602708[0m[34;1m   1666916[0m[34;1m        12[0m
13:31:05   [34;1m   1455396[0m[34;1m   1659404[0m[34;1m   1062480[0m[34;1m     26.55[0m[34;1m      7864[0m[34;1m   1369928[0m[34;1m   6009132[0m[31;1m    150.18[0m[34;1m    602716[0m[34;1m   1666864[0m[34;1m        20[0m
13:31:06   [34;1m   1455300[0m[34;1m   1659308[0m[34;1m   1062576[0m[34;1m     26.56[0m[34;1m      7864[0m[34;1m   1369928[0m[34;1m   6009132[0m[31;1m    150.18[0m[34;1m    602716[0m[34;1m   1666864[0m[34;1m        20[0m
13:31:07   [34;1m   1455080[0m[34;1m   1659088[0m[34;1m   1062796[0m[34;1m     26.56[0m[34;1m      7864[0m[34;1m   1369928[0m[34;1m   6009132[0m[31;1m    150.18[0m[34;1m    602716[0m[34;1m   1666516[0m[34;1m        20[0m
