Linux 6.6.95 (minikube) 	04/17/26 	_x86_64_	(4 CPU)

13:26:07        CPU     %user     %nice   %system   %iowait    %steal     %idle
13:26:08   [32;22m     all[0m[34;1m      4.86[0m[34;22m      0.00[0m[34;1m      7.93[0m[34;1m      0.51[0m[34;22m      0.00[0m[34;1m     86.70[0m
13:26:09   [32;22m     all[0m[34;1m      7.27[0m[34;22m      0.00[0m[34;1m      8.57[0m[34;1m      0.26[0m[34;22m      0.00[0m[34;1m     83.90[0m
13:26:10   [32;22m     all[0m[34;1m      7.05[0m[34;22m      0.00[0m[34;1m      7.05[0m[34;22m      0.00[0m[34;22m      0.00[0m[34;1m     85.90[0m
13:26:11   [32;22m     all[0m[34;1m      7.27[0m[34;22m      0.00[0m[34;1m     10.13[0m[34;1m      0.52[0m[34;22m      0.00[0m[34;1m     82.08[0m
13:26:12   [32;22m     all[0m[34;1m      8.47[0m[34;22m      0.00[0m[34;1m     13.76[0m[34;22m      0.00[0m[34;22m      0.00[0m[34;1m     77.78[0m
13:26:13   [32;22m     all[0m[34;1m     11.14[0m[34;22m      0.00[0m[34;1m     14.59[0m[34;22m      0.00[0m[34;22m      0.00[0m[34;1m     74.27[0m
13:26:14   [32;22m     all[0m[34;1m     10.57[0m[34;22m      0.00[0m[34;1m     13.55[0m[34;22m      0.00[0m[34;22m      0.00[0m[34;1m     75.88[0m
13:26:15   [32;22m     all[0m[34;1m     11.97[0m[34;22m      0.00[0m[34;1m     15.69[0m[34;22m      0.00[0m[34;22m      0.00[0m[34;1m     72.34[0m
13:26:16   [32;22m     all[0m[34;1m     13.42[0m[34;22m      0.00[0m[34;1m     20.00[0m[34;22m      0.00[0m[34;22m      0.00[0m[34;1m     66.58[0m
13:26:17   [32;22m     all[0m[34;1m     11.29[0m[34;22m      0.00[0m[34;1m     16.67[0m[34;22m      0.00[0m[34;22m      0.00[0m[34;1m     72.04[0m
13:26:18   [32;22m     all[0m[34;1m     15.26[0m[34;22m      0.00[0m[34;1m     19.89[0m[34;1m      0.27[0m[34;22m      0.00[0m[34;1m     64.58[0m
13:26:19   [32;22m     all[0m[34;1m     13.93[0m[34;22m      0.00[0m[34;1m     19.13[0m[34;22m      0.00[0m[34;22m      0.00[0m[34;1m     66.94[0m
13:26:20   [32;22m     all[0m[34;1m     14.17[0m[34;22m      0.00[0m[34;1m     22.22[0m[34;1m      0.28[0m[34;22m      0.00[0m[34;1m     63.33[0m
13:26:21   [32;22m     all[0m[34;1m     16.58[0m[34;22m      0.00[0m[34;1m     21.74[0m[34;22m      0.00[0m[34;22m      0.00[0m[34;1m     61.68[0m
13:26:22   [32;22m     all[0m[34;1m     17.08[0m[34;22m      0.00[0m[34;1m     26.45[0m[34;22m      0.00[0m[34;22m      0.00[0m[34;1m     56.47[0m
13:26:23   [32;22m     all[0m[34;1m     17.81[0m[34;22m      0.00[0m[34;1m     28.49[0m[34;22m      0.00[0m[34;22m      0.00[0m[34;1m     53.70[0m
13:26:24   [32;22m     all[0m[34;1m     17.36[0m[34;22m      0.00[0m[34;1m     27.27[0m[34;22m      0.00[0m[34;22m      0.00[0m[34;1m     55.37[0m
13:26:25   [32;22m     all[0m[34;1m     18.49[0m[34;22m      0.00[0m[34;1m     27.73[0m[34;22m      0.00[0m[34;22m      0.00[0m[34;1m     53.78[0m
13:26:26   [32;22m     all[0m[34;1m     19.15[0m[34;22m      0.00[0m[34;1m     32.39[0m[34;22m      0.00[0m[34;22m      0.00[0m[34;1m     48.45[0m
13:26:27   [32;22m     all[0m[34;1m     18.61[0m[34;22m      0.00[0m[34;1m     30.83[0m[34;1m      0.28[0m[34;22m      0.00[0m[34;1m     50.28[0m
13:26:28   [32;22m     all[0m[34;1m     21.23[0m[34;22m      0.00[0m[34;1m     33.24[0m[34;22m      0.00[0m[34;22m      0.00[0m[34;1m     45.53[0m
13:26:29   [32;22m     all[0m[34;1m     23.18[0m[34;22m      0.00[0m[34;1m     33.52[0m[34;22m      0.00[0m[34;22m      0.00[0m[34;1m     43.30[0m
13:26:30   [32;22m     all[0m[34;1m     24.30[0m[34;22m      0.00[0m[34;1m     34.92[0m[34;22m      0.00[0m[34;22m      0.00[0m[34;1m     40.78[0m
13:26:31   [32;22m     all[0m[34;1m     22.53[0m[34;22m      0.00[0m[34;1m     34.62[0m[34;22m      0.00[0m[34;22m      0.00[0m[34;1m     42.86[0m
13:26:32   [32;22m     all[0m[34;1m     24.51[0m[34;22m      0.00[0m[34;1m     35.65[0m[34;22m      0.00[0m[34;22m      0.00[0m[34;1m     39.83[0m
13:26:33   [32;22m     all[0m[34;1m     25.34[0m[34;22m      0.00[0m[34;1m     39.67[0m[34;1m      0.55[0m[34;22m      0.00[0m[34;1m     34.44[0m
13:26:34   [32;22m     all[0m[34;1m     25.63[0m[34;22m      0.00[0m[34;1m     42.06[0m[34;22m      0.00[0m[34;22m      0.00[0m[34;1m     32.31[0m
13:26:35   [32;22m     all[0m[34;1m     23.97[0m[34;22m      0.00[0m[34;1m     51.24[0m[34;1m      2.48[0m[34;22m      0.00[0m[35;1m     22.31[0m
13:26:36   [32;22m     all[0m[34;1m     14.06[0m[34;22m      0.00[0m[34;1m     71.88[0m[34;1m      1.04[0m[34;22m      0.00[0m[35;1m     13.02[0m
13:26:37   [32;22m     all[0m[34;1m      3.30[0m[34;22m      0.00[0m[31;1m     95.69[0m[34;1m      1.02[0m[34;22m      0.00[0m[31;1m      0.00[0m
13:26:38   [32;22m     all[0m[34;1m      1.52[0m[34;22m      0.00[0m[31;1m     97.97[0m[34;1m      0.51[0m[34;22m      0.00[0m[31;1m      0.00[0m
13:26:39   [32;22m     all[0m[34;1m      1.24[0m[34;22m      0.00[0m[31;1m     96.27[0m[34;1m      1.24[0m[34;22m      0.00[0m[31;1m      1.24[0m
13:26:40   [32;22m     all[0m[34;1m      1.79[0m[34;22m      0.00[0m[31;1m     96.16[0m[34;1m      1.79[0m[34;22m      0.00[0m[31;1m      0.26[0m
13:26:41   [32;22m     all[0m[34;1m      1.00[0m[34;22m      0.00[0m[31;1m     98.50[0m[34;1m      0.50[0m[34;22m      0.00[0m[31;1m      0.00[0m
13:26:42   [32;22m     all[0m[34;1m      3.29[0m[34;22m      0.00[0m[31;1m     95.44[0m[34;1m      1.27[0m[34;22m      0.00[0m[31;1m      0.00[0m
13:26:43   [32;22m     all[0m[34;1m      1.24[0m[34;22m      0.00[0m[31;1m     97.26[0m[34;1m      1.24[0m[34;22m      0.00[0m[31;1m      0.25[0m
13:26:44   [32;22m     all[0m[34;1m      1.76[0m[34;22m      0.00[0m[31;1m     94.97[0m[34;1m      3.27[0m[34;22m      0.00[0m[31;1m      0.00[0m
13:26:45   [32;22m     all[0m[34;1m      1.25[0m[34;22m      0.00[0m[31;1m     96.25[0m[34;1m      2.50[0m[34;22m      0.00[0m[31;1m      0.00[0m
13:26:46   [32;22m     all[0m[34;1m      1.50[0m[34;22m      0.00[0m[31;1m     97.99[0m[34;1m      0.50[0m[34;22m      0.00[0m[31;1m      0.00[0m
13:26:47   [32;22m     all[0m[34;1m      1.01[0m[34;22m      0.00[0m[31;1m     98.48[0m[34;1m      0.51[0m[34;22m      0.00[0m[31;1m      0.00[0m
13:26:48   [32;22m     all[0m[34;1m      1.26[0m[34;22m      0.00[0m[31;1m     97.99[0m[34;1m      0.75[0m[34;22m      0.00[0m[31;1m      0.00[0m
13:26:49   [32;22m     all[0m[34;1m      1.50[0m[34;22m      0.00[0m[31;1m     95.50[0m[34;1m      3.00[0m[34;22m      0.00[0m[31;1m      0.00[0m
13:26:50   [32;22m     all[0m[34;1m      1.01[0m[34;22m      0.00[0m[31;1m     98.23[0m[34;1m      0.76[0m[34;22m      0.00[0m[31;1m      0.00[0m
13:26:51   [32;22m     all[0m[34;1m      1.52[0m[34;22m      0.00[0m[31;1m     97.98[0m[34;1m      0.51[0m[34;22m      0.00[0m[31;1m      0.00[0m
13:26:52   [32;22m     all[0m[34;1m      1.51[0m[34;22m      0.00[0m[31;1m     97.24[0m[34;1m      1.26[0m[34;22m      0.00[0m[31;1m      0.00[0m
13:26:53   [32;22m     all[0m[34;1m      1.01[0m[34;22m      0.00[0m[31;1m     98.24[0m[34;1m      0.50[0m[34;22m      0.00[0m[31;1m      0.25[0m
13:26:54   [32;22m     all[0m[34;1m      1.01[0m[34;22m      0.00[0m[31;1m     98.74[0m[34;1m      0.25[0m[34;22m      0.00[0m[31;1m      0.00[0m
13:26:55   [32;22m     all[0m[34;1m      1.77[0m[34;22m      0.00[0m[31;1m     97.98[0m[34;1m      0.25[0m[34;22m      0.00[0m[31;1m      0.00[0m
13:26:56   [32;22m     all[0m[34;1m      1.25[0m[34;22m      0.00[0m[31;1m     98.00[0m[34;1m      0.75[0m[34;22m      0.00[0m[31;1m      0.00[0m
13:26:57   [32;22m     all[0m[34;1m      1.25[0m[34;22m      0.00[0m[31;1m     98.25[0m[34;1m      0.50[0m[34;22m      0.00[0m[31;1m      0.00[0m
13:26:58   [32;22m     all[0m[34;1m      1.25[0m[34;22m      0.00[0m[31;1m     97.74[0m[34;1m      1.00[0m[34;22m      0.00[0m[31;1m      0.00[0m
13:26:59   [32;22m     all[0m[34;1m      1.76[0m[34;22m      0.00[0m[31;1m     97.99[0m[34;1m      0.25[0m[34;22m      0.00[0m[31;1m      0.00[0m
13:27:00   [32;22m     all[0m[34;1m      1.26[0m[34;22m      0.00[0m[31;1m     97.98[0m[34;1m      0.76[0m[34;22m      0.00[0m[31;1m      0.00[0m
13:27:01   [32;22m     all[0m[34;1m      0.75[0m[34;22m      0.00[0m[31;1m     98.75[0m[34;1m      0.50[0m[34;22m      0.00[0m[31;1m      0.00[0m
13:27:02   [32;22m     all[0m[34;1m      1.25[0m[34;22m      0.00[0m[31;1m     98.75[0m[34;22m      0.00[0m[34;22m      0.00[0m[31;1m      0.00[0m
13:27:03   [32;22m     all[0m[34;1m      1.00[0m[34;22m      0.00[0m[31;1m     99.00[0m[34;22m      0.00[0m[34;22m      0.00[0m[31;1m      0.00[0m
13:27:04   [32;22m     all[0m[34;1m      1.01[0m[34;22m      0.00[0m[31;1m     98.48[0m[34;1m      0.25[0m[34;22m      0.00[0m[31;1m      0.25[0m
13:27:05   [32;22m     all[0m[34;1m      1.25[0m[34;22m      0.00[0m[31;1m     98.50[0m[34;1m      0.25[0m[34;22m      0.00[0m[31;1m      0.00[0m
13:27:06   [32;22m     all[0m[34;1m      1.26[0m[34;22m      0.00[0m[31;1m     98.24[0m[34;1m      0.50[0m[34;22m      0.00[0m[31;1m      0.00[0m
13:27:07   [32;22m     all[0m[34;1m      1.26[0m[34;22m      0.00[0m[31;1m     98.48[0m[34;1m      0.25[0m[34;22m      0.00[0m[31;1m      0.00[0m
13:27:08   [32;22m     all[0m[34;1m      1.00[0m[34;22m      0.00[0m[31;1m     98.50[0m[34;1m      0.50[0m[34;22m      0.00[0m[31;1m      0.00[0m
13:27:09   [32;22m     all[0m[34;1m      1.26[0m[34;22m      0.00[0m[31;1m     96.98[0m[34;1m      1.76[0m[34;22m      0.00[0m[31;1m      0.00[0m
13:27:10   [32;22m     all[0m[34;1m      1.27[0m[34;22m      0.00[0m[31;1m     98.73[0m[34;22m      0.00[0m[34;22m      0.00[0m[31;1m      0.00[0m
13:27:11   [32;22m     all[0m[34;1m      1.52[0m[34;22m      0.00[0m[31;1m     98.23[0m[34;1m      0.25[0m[34;22m      0.00[0m[31;1m      0.00[0m
13:27:12   [32;22m     all[0m[34;1m      1.01[0m[34;22m      0.00[0m[31;1m     97.73[0m[34;1m      1.26[0m[34;22m      0.00[0m[31;1m      0.00[0m
13:27:13   [32;22m     all[0m[34;1m      1.51[0m[34;22m      0.00[0m[31;1m     97.98[0m[34;1m      0.50[0m[34;22m      0.00[0m[31;1m      0.00[0m
13:27:14   [32;22m     all[0m[34;1m      2.99[0m[34;22m      0.00[0m[31;1m     95.26[0m[34;1m      1.75[0m[34;22m      0.00[0m[31;1m      0.00[0m
13:27:15   [32;22m     all[0m[34;1m      0.98[0m[34;22m      0.00[0m[31;1m     98.28[0m[34;1m      0.74[0m[34;22m      0.00[0m[31;1m      0.00[0m
13:27:16   [32;22m     all[0m[34;1m      0.50[0m[34;22m      0.00[0m[31;1m     98.24[0m[34;1m      1.26[0m[34;22m      0.00[0m[31;1m      0.00[0m
13:27:17   [32;22m     all[0m[34;1m      1.50[0m[34;22m      0.00[0m[31;1m     98.25[0m[34;1m      0.25[0m[34;22m      0.00[0m[31;1m      0.00[0m
13:27:18   [32;22m     all[0m[34;1m      1.51[0m[34;22m      0.00[0m[31;1m     97.99[0m[34;1m      0.50[0m[34;22m      0.00[0m[31;1m      0.00[0m
13:27:19   [32;22m     all[0m[34;1m      1.50[0m[34;22m      0.00[0m[31;1m     97.26[0m[34;1m      1.25[0m[34;22m      0.00[0m[31;1m      0.00[0m
13:27:20   [32;22m     all[0m[34;1m      1.01[0m[34;22m      0.00[0m[31;1m     97.98[0m[34;1m      1.01[0m[34;22m      0.00[0m[31;1m      0.00[0m
13:27:21   [32;22m     all[0m[34;1m      1.75[0m[34;22m      0.00[0m[31;1m     97.75[0m[34;1m      0.50[0m[34;22m      0.00[0m[31;1m      0.00[0m
13:27:22   [32;22m     all[0m[34;1m      0.51[0m[34;22m      0.00[0m[31;1m     99.49[0m[34;22m      0.00[0m[34;22m      0.00[0m[31;1m      0.00[0m
13:27:23   [32;22m     all[0m[34;1m      0.99[0m[34;22m      0.00[0m[31;1m     98.27[0m[34;1m      0.74[0m[34;22m      0.00[0m[31;1m      0.00[0m
13:27:24   [32;22m     all[0m[34;1m      1.56[0m[34;22m      0.00[0m[31;1m     97.14[0m[34;1m      1.30[0m[34;22m      0.00[0m[31;1m      0.00[0m
13:27:25   [32;22m     all[0m[34;1m      1.01[0m[34;22m      0.00[0m[31;1m     98.74[0m[34;1m      0.25[0m[34;22m      0.00[0m[31;1m      0.00[0m
13:27:26   [32;22m     all[0m[34;1m      1.24[0m[34;22m      0.00[0m[31;1m     98.51[0m[34;1m      0.25[0m[34;22m      0.00[0m[31;1m      0.00[0m
13:27:27   [32;22m     all[0m[34;1m      0.25[0m[34;22m      0.00[0m[31;1m     99.50[0m[34;1m      0.25[0m[34;22m      0.00[0m[31;1m      0.00[0m
13:27:28   [32;22m     all[0m[34;1m      1.25[0m[34;22m      0.00[0m[31;1m     98.50[0m[34;1m      0.25[0m[34;22m      0.00[0m[31;1m      0.00[0m
13:27:29   [32;22m     all[0m[34;1m      1.00[0m[34;22m      0.00[0m[31;1m     99.00[0m[34;22m      0.00[0m[34;22m      0.00[0m[31;1m      0.00[0m
13:27:30   [32;22m     all[0m[34;1m      1.50[0m[34;22m      0.00[0m[31;1m     98.50[0m[34;22m      0.00[0m[34;22m      0.00[0m[31;1m      0.00[0m
13:27:31   [32;22m     all[0m[34;1m      0.99[0m[34;22m      0.00[0m[31;1m     98.01[0m[34;1m      0.99[0m[34;22m      0.00[0m[31;1m      0.00[0m
13:27:32   [32;22m     all[0m[34;1m      1.01[0m[34;22m      0.00[0m[31;1m     98.74[0m[34;1m      0.25[0m[34;22m      0.00[0m[31;1m      0.00[0m
13:27:33   [32;22m     all[0m[34;1m      1.25[0m[34;22m      0.00[0m[31;1m     98.75[0m[34;22m      0.00[0m[34;22m      0.00[0m[31;1m      0.00[0m
13:27:34   [32;22m     all[0m[34;1m      1.25[0m[34;22m      0.00[0m[31;1m     98.00[0m[34;1m      0.75[0m[34;22m      0.00[0m[31;1m      0.00[0m
13:27:35   [32;22m     all[0m[34;1m      1.25[0m[34;22m      0.00[0m[31;1m     98.75[0m[34;22m      0.00[0m[34;22m      0.00[0m[31;1m      0.00[0m
13:27:36   [32;22m     all[0m[34;1m      1.00[0m[34;22m      0.00[0m[31;1m     98.25[0m[34;1m      0.75[0m[34;22m      0.00[0m[31;1m      0.00[0m
13:27:37   [32;22m     all[0m[34;1m      0.75[0m[34;22m      0.00[0m[31;1m     99.25[0m[34;22m      0.00[0m[34;22m      0.00[0m[31;1m      0.00[0m
13:27:38   [32;22m     all[0m[34;1m      0.75[0m[34;22m      0.00[0m[31;1m     99.00[0m[34;1m      0.25[0m[34;22m      0.00[0m[31;1m      0.00[0m
13:27:39   [32;22m     all[0m[34;1m      1.49[0m[34;22m      0.00[0m[31;1m     98.01[0m[34;1m      0.50[0m[34;22m      0.00[0m[31;1m      0.00[0m
13:27:40   [32;22m     all[0m[34;1m      1.26[0m[34;22m      0.00[0m[31;1m     98.49[0m[34;22m      0.00[0m[34;22m      0.00[0m[31;1m      0.25[0m
13:27:41   [32;22m     all[0m[34;1m      1.26[0m[34;22m      0.00[0m[31;1m     98.49[0m[34;1m      0.25[0m[34;22m      0.00[0m[31;1m      0.00[0m
13:27:42   [32;22m     all[0m[34;1m      1.00[0m[34;22m      0.00[0m[31;1m     98.25[0m[34;1m      0.75[0m[34;22m      0.00[0m[31;1m      0.00[0m
13:27:43   [32;22m     all[0m[34;1m      2.02[0m[34;22m      0.00[0m[31;1m     97.98[0m[34;22m      0.00[0m[34;22m      0.00[0m[31;1m      0.00[0m
13:27:44   [32;22m     all[0m[34;1m      2.00[0m[34;22m      0.00[0m[31;1m     98.00[0m[34;22m      0.00[0m[34;22m      0.00[0m[31;1m      0.00[0m
13:27:45   [32;22m     all[0m[34;1m      1.25[0m[34;22m      0.00[0m[31;1m     98.25[0m[34;1m      0.50[0m[34;22m      0.00[0m[31;1m      0.00[0m
13:27:46   [32;22m     all[0m[34;1m      0.50[0m[34;22m      0.00[0m[31;1m     99.25[0m[34;1m      0.25[0m[34;22m      0.00[0m[31;1m      0.00[0m
13:27:47   [32;22m     all[0m[34;1m      1.25[0m[34;22m      0.00[0m[31;1m     98.50[0m[34;1m      0.25[0m[34;22m      0.00[0m[31;1m      0.00[0m
13:27:48   [32;22m     all[0m[34;1m      1.00[0m[34;22m      0.00[0m[31;1m     98.75[0m[34;1m      0.25[0m[34;22m      0.00[0m[31;1m      0.00[0m
13:27:49   [32;22m     all[0m[34;1m      1.25[0m[34;22m      0.00[0m[31;1m     93.75[0m[34;1m      5.00[0m[34;22m      0.00[0m[31;1m      0.00[0m
13:27:50   [32;22m     all[0m[34;1m      3.51[0m[34;22m      0.00[0m[31;1m     96.24[0m[34;1m      0.25[0m[34;22m      0.00[0m[31;1m      0.00[0m
13:27:51   [32;22m     all[0m[34;1m      1.00[0m[34;22m      0.00[0m[31;1m     99.00[0m[34;22m      0.00[0m[34;22m      0.00[0m[31;1m      0.00[0m
13:27:52   [32;22m     all[0m[34;1m      2.00[0m[34;22m      0.00[0m[31;1m     98.00[0m[34;22m      0.00[0m[34;22m      0.00[0m[31;1m      0.00[0m
13:27:53   [32;22m     all[0m[34;1m      2.76[0m[34;22m      0.00[0m[31;1m     97.24[0m[34;22m      0.00[0m[34;22m      0.00[0m[31;1m      0.00[0m
13:27:54   [32;22m     all[0m[34;1m      1.76[0m[34;22m      0.00[0m[31;1m     98.24[0m[34;22m      0.00[0m[34;22m      0.00[0m[31;1m      0.00[0m
13:27:55   [32;22m     all[0m[34;1m      0.75[0m[34;22m      0.00[0m[31;1m     99.00[0m[34;1m      0.25[0m[34;22m      0.00[0m[31;1m      0.00[0m
13:27:56   [32;22m     all[0m[34;1m      0.75[0m[34;22m      0.00[0m[31;1m     99.00[0m[34;1m      0.25[0m[34;22m      0.00[0m[31;1m      0.00[0m
13:27:57   [32;22m     all[0m[34;1m      1.26[0m[34;22m      0.00[0m[31;1m     98.49[0m[34;1m      0.25[0m[34;22m      0.00[0m[31;1m      0.00[0m
13:27:58   [32;22m     all[0m[34;1m      1.00[0m[34;22m      0.00[0m[31;1m     99.00[0m[34;22m      0.00[0m[34;22m      0.00[0m[31;1m      0.00[0m
13:27:59   [32;22m     all[0m[34;1m      0.75[0m[34;22m      0.00[0m[31;1m     99.25[0m[34;22m      0.00[0m[34;22m      0.00[0m[31;1m      0.00[0m
13:28:00   [32;22m     all[0m[34;1m      1.00[0m[34;22m      0.00[0m[31;1m     98.51[0m[34;1m      0.50[0m[34;22m      0.00[0m[31;1m      0.00[0m
13:28:01   [32;22m     all[0m[34;1m      1.01[0m[34;22m      0.00[0m[31;1m     98.99[0m[34;22m      0.00[0m[34;22m      0.00[0m[31;1m      0.00[0m
13:28:02   [32;22m     all[0m[34;1m      1.00[0m[34;22m      0.00[0m[31;1m     99.00[0m[34;22m      0.00[0m[34;22m      0.00[0m[31;1m      0.00[0m
13:28:03   [32;22m     all[0m[34;1m      1.00[0m[34;22m      0.00[0m[31;1m     99.00[0m[34;22m      0.00[0m[34;22m      0.00[0m[31;1m      0.00[0m
13:28:04   [32;22m     all[0m[34;1m      2.01[0m[34;22m      0.00[0m[31;1m     97.99[0m[34;22m      0.00[0m[34;22m      0.00[0m[31;1m      0.00[0m
13:28:05   [32;22m     all[0m[34;1m      1.24[0m[34;22m      0.00[0m[31;1m     98.76[0m[34;22m      0.00[0m[34;22m      0.00[0m[31;1m      0.00[0m
13:28:06   [32;22m     all[0m[34;1m      1.00[0m[34;22m      0.00[0m[31;1m     99.00[0m[34;22m      0.00[0m[34;22m      0.00[0m[31;1m      0.00[0m
13:28:07   [32;22m     all[0m[34;1m      0.75[0m[34;22m      0.00[0m[31;1m     99.00[0m[34;1m      0.25[0m[34;22m      0.00[0m[31;1m      0.00[0m
13:28:08   [32;22m     all[0m[34;1m      2.76[0m[34;22m      0.00[0m[31;1m     97.24[0m[34;22m      0.00[0m[34;22m      0.00[0m[31;1m      0.00[0m
13:28:09   [32;22m     all[0m[34;1m      1.25[0m[34;22m      0.00[0m[31;1m     98.75[0m[34;22m      0.00[0m[34;22m      0.00[0m[31;1m      0.00[0m
13:28:10   [32;22m     all[0m[34;1m      1.01[0m[34;22m      0.00[0m[31;1m     98.74[0m[34;1m      0.25[0m[34;22m      0.00[0m[31;1m      0.00[0m
13:28:11   [32;22m     all[0m[34;1m      0.75[0m[34;22m      0.00[0m[31;1m     98.99[0m[34;1m      0.25[0m[34;22m      0.00[0m[31;1m      0.00[0m
13:28:12   [32;22m     all[0m[34;1m      1.76[0m[34;22m      0.00[0m[31;1m     98.24[0m[34;22m      0.00[0m[34;22m      0.00[0m[31;1m      0.00[0m
13:28:13   [32;22m     all[0m[34;1m      1.50[0m[34;22m      0.00[0m[31;1m     98.50[0m[34;22m      0.00[0m[34;22m      0.00[0m[31;1m      0.00[0m
13:28:14   [32;22m     all[0m[34;1m      1.49[0m[34;22m      0.00[0m[31;1m     98.01[0m[34;1m      0.50[0m[34;22m      0.00[0m[31;1m      0.00[0m
13:28:15   [32;22m     all[0m[34;1m      0.75[0m[34;22m      0.00[0m[31;1m     99.25[0m[34;22m      0.00[0m[34;22m      0.00[0m[31;1m      0.00[0m
13:28:16   [32;22m     all[0m[34;1m      1.25[0m[34;22m      0.00[0m[31;1m     98.75[0m[34;22m      0.00[0m[34;22m      0.00[0m[31;1m      0.00[0m
13:28:17   [32;22m     all[0m[34;1m      1.00[0m[34;22m      0.00[0m[31;1m     99.00[0m[34;22m      0.00[0m[34;22m      0.00[0m[31;1m      0.00[0m
13:28:18   [32;22m     all[0m[34;1m      0.50[0m[34;22m      0.00[0m[31;1m     99.25[0m[34;1m      0.25[0m[34;22m      0.00[0m[31;1m      0.00[0m
13:28:19   [32;22m     all[0m[34;1m      2.25[0m[34;22m      0.00[0m[31;1m     97.50[0m[34;1m      0.25[0m[34;22m      0.00[0m[31;1m      0.00[0m
13:28:20   [32;22m     all[0m[34;1m      1.00[0m[34;22m      0.00[0m[31;1m     98.75[0m[34;1m      0.25[0m[34;22m      0.00[0m[31;1m      0.00[0m
13:28:21   [32;22m     all[0m[34;1m      0.50[0m[34;22m      0.00[0m[31;1m     99.50[0m[34;22m      0.00[0m[34;22m      0.00[0m[31;1m      0.00[0m
13:28:22   [32;22m     all[0m[34;1m      0.75[0m[34;22m      0.00[0m[31;1m     99.25[0m[34;22m      0.00[0m[34;22m      0.00[0m[31;1m      0.00[0m
13:28:23   [32;22m     all[0m[34;1m      1.50[0m[34;22m      0.00[0m[31;1m     98.25[0m[34;1m      0.25[0m[34;22m      0.00[0m[31;1m      0.00[0m
13:28:24   [32;22m     all[0m[34;1m      0.75[0m[34;22m      0.00[0m[31;1m     99.00[0m[34;1m      0.25[0m[34;22m      0.00[0m[31;1m      0.00[0m
13:28:25   [32;22m     all[0m[34;1m      1.00[0m[34;22m      0.00[0m[31;1m     99.00[0m[34;22m      0.00[0m[34;22m      0.00[0m[31;1m      0.00[0m
13:28:26   [32;22m     all[0m[34;1m      0.75[0m[34;22m      0.00[0m[31;1m     99.25[0m[34;22m      0.00[0m[34;22m      0.00[0m[31;1m      0.00[0m
13:28:27   [32;22m     all[0m[34;1m      0.50[0m[34;22m      0.00[0m[31;1m     99.25[0m[34;1m      0.25[0m[34;22m      0.00[0m[31;1m      0.00[0m
13:28:28   [32;22m     all[0m[34;1m      2.00[0m[34;22m      0.00[0m[31;1m     98.00[0m[34;22m      0.00[0m[34;22m      0.00[0m[31;1m      0.00[0m
13:28:29   [32;22m     all[0m[34;1m      0.75[0m[34;22m      0.00[0m[31;1m     99.00[0m[34;1m      0.25[0m[34;22m      0.00[0m[31;1m      0.00[0m
13:28:30   [32;22m     all[0m[34;1m      1.50[0m[34;22m      0.00[0m[31;1m     98.25[0m[34;1m      0.25[0m[34;22m      0.00[0m[31;1m      0.00[0m
13:28:31   [32;22m     all[0m[34;1m      1.50[0m[34;22m      0.00[0m[31;1m     98.50[0m[34;22m      0.00[0m[34;22m      0.00[0m[31;1m      0.00[0m
13:28:32   [32;22m     all[0m[34;1m      1.26[0m[34;22m      0.00[0m[31;1m     98.49[0m[34;1m      0.25[0m[34;22m      0.00[0m[31;1m      0.00[0m
13:28:33   [32;22m     all[0m[34;1m      1.00[0m[34;22m      0.00[0m[31;1m     99.00[0m[34;22m      0.00[0m[34;22m      0.00[0m[31;1m      0.00[0m
13:28:34   [32;22m     all[0m[34;1m      1.76[0m[34;22m      0.00[0m[31;1m     97.49[0m[34;1m      0.75[0m[34;22m      0.00[0m[31;1m      0.00[0m
13:28:35   [32;22m     all[0m[34;1m      1.00[0m[34;22m      0.00[0m[31;1m     99.00[0m[34;22m      0.00[0m[34;22m      0.00[0m[31;1m      0.00[0m
13:28:36   [32;22m     all[0m[34;1m      1.74[0m[34;22m      0.00[0m[31;1m     98.26[0m[34;22m      0.00[0m[34;22m      0.00[0m[31;1m      0.00[0m
13:28:37   [32;22m     all[0m[34;1m      2.01[0m[34;22m      0.00[0m[31;1m     97.99[0m[34;22m      0.00[0m[34;22m      0.00[0m[31;1m      0.00[0m
13:28:38   [32;22m     all[0m[34;1m      1.00[0m[34;22m      0.00[0m[31;1m     98.76[0m[34;1m      0.25[0m[34;22m      0.00[0m[31;1m      0.00[0m
13:28:39   [32;22m     all[0m[34;1m      1.00[0m[34;22m      0.00[0m[31;1m     98.75[0m[34;1m      0.25[0m[34;22m      0.00[0m[31;1m      0.00[0m
13:28:40   [32;22m     all[0m[34;1m      2.33[0m[34;22m      0.00[0m[31;1m     97.67[0m[34;22m      0.00[0m[34;22m      0.00[0m[31;1m      0.00[0m
13:28:41   [32;22m     all[0m[34;1m      0.50[0m[34;22m      0.00[0m[31;1m     99.25[0m[34;1m      0.25[0m[34;22m      0.00[0m[31;1m      0.00[0m
13:28:42   [32;22m     all[0m[34;1m      1.49[0m[34;22m      0.00[0m[31;1m     98.26[0m[34;1m      0.25[0m[34;22m      0.00[0m[31;1m      0.00[0m
13:28:43   [32;22m     all[0m[34;1m      1.75[0m[34;22m      0.00[0m[31;1m     98.25[0m[34;22m      0.00[0m[34;22m      0.00[0m[31;1m      0.00[0m
13:28:44   [32;22m     all[0m[34;1m      0.75[0m[34;22m      0.00[0m[31;1m     97.49[0m[34;1m      1.76[0m[34;22m      0.00[0m[31;1m      0.00[0m
13:28:45   [32;22m     all[0m[34;1m      2.00[0m[34;22m      0.00[0m[31;1m     97.50[0m[34;1m      0.50[0m[34;22m      0.00[0m[31;1m      0.00[0m
13:28:46   [32;22m     all[0m[34;1m      1.75[0m[34;22m      0.00[0m[31;1m     98.25[0m[34;22m      0.00[0m[34;22m      0.00[0m[31;1m      0.00[0m
13:28:47   [32;22m     all[0m[34;1m      3.00[0m[34;22m      0.00[0m[31;1m     97.00[0m[34;22m      0.00[0m[34;22m      0.00[0m[31;1m      0.00[0m
13:28:48   [32;22m     all[0m[34;1m      2.75[0m[34;22m      0.00[0m[31;1m     96.50[0m[34;1m      0.75[0m[34;22m      0.00[0m[31;1m      0.00[0m
13:28:49   [32;22m     all[0m[34;1m      1.77[0m[34;22m      0.00[0m[31;1m     98.23[0m[34;22m      0.00[0m[34;22m      0.00[0m[31;1m      0.00[0m
13:28:50   [32;22m     all[0m[34;1m      2.73[0m[34;22m      0.00[0m[31;1m     96.77[0m[34;1m      0.50[0m[34;22m      0.00[0m[31;1m      0.00[0m
13:28:51   [32;22m     all[0m[34;1m      2.76[0m[34;22m      0.00[0m[31;1m     97.24[0m[34;22m      0.00[0m[34;22m      0.00[0m[31;1m      0.00[0m
13:28:52   [32;22m     all[0m[34;1m      2.27[0m[34;22m      0.00[0m[31;1m     97.22[0m[34;1m      0.51[0m[34;22m      0.00[0m[31;1m      0.00[0m
13:28:53   [32;22m     all[0m[34;1m      1.50[0m[34;22m      0.00[0m[31;1m     98.25[0m[34;1m      0.25[0m[34;22m      0.00[0m[31;1m      0.00[0m
13:28:54   [32;22m     all[0m[34;1m      2.75[0m[34;22m      0.00[0m[31;1m     94.25[0m[34;1m      3.00[0m[34;22m      0.00[0m[31;1m      0.00[0m
13:28:55   [32;22m     all[0m[34;1m      1.50[0m[34;22m      0.00[0m[31;1m     98.50[0m[34;22m      0.00[0m[34;22m      0.00[0m[31;1m      0.00[0m
13:28:56   [32;22m     all[0m[34;1m      1.51[0m[34;22m      0.00[0m[31;1m     98.24[0m[34;1m      0.25[0m[34;22m      0.00[0m[31;1m      0.00[0m
13:28:57   [32;22m     all[0m[34;1m      1.25[0m[34;22m      0.00[0m[31;1m     98.25[0m[34;1m      0.50[0m[34;22m      0.00[0m[31;1m      0.00[0m
13:28:58   [32;22m     all[0m[34;1m      4.53[0m[34;22m      0.00[0m[31;1m     95.21[0m[34;1m      0.25[0m[34;22m      0.00[0m[31;1m      0.00[0m
13:28:59   [32;22m     all[0m[34;1m      5.75[0m[34;22m      0.00[0m[31;1m     93.50[0m[34;1m      0.75[0m[34;22m      0.00[0m[31;1m      0.00[0m
13:29:00   [32;22m     all[0m[34;1m      4.52[0m[34;22m      0.00[0m[31;1m     95.48[0m[34;22m      0.00[0m[34;22m      0.00[0m[31;1m      0.00[0m
13:29:01   [32;22m     all[0m[34;1m      2.51[0m[34;22m      0.00[0m[31;1m     97.24[0m[34;1m      0.25[0m[34;22m      0.00[0m[31;1m      0.00[0m
13:29:02   [32;22m     all[0m[34;1m      3.51[0m[34;22m      0.00[0m[31;1m     96.24[0m[34;1m      0.25[0m[34;22m      0.00[0m[31;1m      0.00[0m
13:29:03   [32;22m     all[0m[34;1m      3.80[0m[34;22m      0.00[0m[31;1m     95.70[0m[34;1m      0.51[0m[34;22m      0.00[0m[31;1m      0.00[0m
13:29:04   [32;22m     all[0m[34;1m      3.47[0m[34;22m      0.00[0m[31;1m     90.57[0m[34;1m      4.96[0m[34;22m      0.00[0m[31;1m      0.99[0m
13:29:05   [32;22m     all[0m[34;1m      3.24[0m[34;22m      0.00[0m[31;1m     96.26[0m[34;1m      0.50[0m[34;22m      0.00[0m[31;1m      0.00[0m
13:29:06   [32;22m     all[0m[34;1m      7.32[0m[34;22m      0.00[0m[31;1m     91.41[0m[34;1m      1.01[0m[34;22m      0.00[0m[31;1m      0.25[0m
13:29:07   [32;22m     all[0m[34;1m     20.35[0m[34;22m      0.00[0m[35;1m     79.15[0m[34;1m      0.50[0m[34;22m      0.00[0m[31;1m      0.00[0m
13:29:08   [32;22m     all[0m[34;1m     13.43[0m[34;22m      0.00[0m[35;1m     86.07[0m[34;1m      0.50[0m[34;22m      0.00[0m[31;1m      0.00[0m
13:29:09   [32;22m     all[0m[34;1m      2.02[0m[34;22m      0.00[0m[31;1m     94.46[0m[34;1m      3.02[0m[34;22m      0.00[0m[31;1m      0.50[0m
13:29:10   [32;22m     all[0m[34;1m      1.01[0m[34;22m      0.00[0m[31;1m     98.99[0m[34;22m      0.00[0m[34;22m      0.00[0m[31;1m      0.00[0m
13:29:11   [32;22m     all[0m[34;1m      1.50[0m[34;22m      0.00[0m[31;1m     97.75[0m[34;1m      0.75[0m[34;22m      0.00[0m[31;1m      0.00[0m
13:29:12   [32;22m     all[0m[34;1m      2.25[0m[34;22m      0.00[0m[31;1m     97.75[0m[34;22m      0.00[0m[34;22m      0.00[0m[31;1m      0.00[0m
13:29:13   [32;22m     all[0m[34;1m      1.01[0m[34;22m      0.00[0m[31;1m     98.48[0m[34;1m      0.51[0m[34;22m      0.00[0m[31;1m      0.00[0m
13:29:14   [32;22m     all[0m[34;1m      2.00[0m[34;22m      0.00[0m[31;1m     96.75[0m[34;1m      1.25[0m[34;22m      0.00[0m[31;1m      0.00[0m
13:29:15   [32;22m     all[0m[34;1m      0.75[0m[34;22m      0.00[0m[31;1m     98.75[0m[34;1m      0.25[0m[34;22m      0.00[0m[31;1m      0.25[0m
13:29:16   [32;22m     all[0m[34;1m      1.25[0m[34;22m      0.00[0m[31;1m     98.25[0m[34;1m      0.50[0m[34;22m      0.00[0m[31;1m      0.00[0m
13:29:17   [32;22m     all[0m[34;1m      1.00[0m[34;22m      0.00[0m[31;1m     98.50[0m[34;1m      0.25[0m[34;22m      0.00[0m[31;1m      0.25[0m
13:29:18   [32;22m     all[0m[34;1m      1.01[0m[34;22m      0.00[0m[31;1m     98.74[0m[34;1m      0.25[0m[34;22m      0.00[0m[31;1m      0.00[0m
13:29:19   [32;22m     all[0m[34;1m      1.50[0m[34;22m      0.00[0m[31;1m     98.00[0m[34;1m      0.50[0m[34;22m      0.00[0m[31;1m      0.00[0m
13:29:20   [32;22m     all[0m[34;1m     28.87[0m[34;22m      0.00[0m[34;1m     54.64[0m[34;1m      1.55[0m[34;22m      0.00[0m[35;1m     14.95[0m
13:29:21   [32;22m     all[0m[34;1m     45.95[0m[34;22m      0.00[0m[34;1m     12.53[0m[34;1m      0.78[0m[34;22m      0.00[0m[34;1m     40.73[0m
13:29:22   [32;22m     all[0m[34;1m     17.21[0m[34;22m      0.00[0m[34;1m      6.83[0m[34;1m      1.09[0m[34;22m      0.00[0m[34;1m     74.86[0m
13:29:23   [32;22m     all[0m[34;1m      2.54[0m[34;22m      0.00[0m[34;1m      1.27[0m[34;1m      0.25[0m[34;22m      0.00[0m[34;1m     95.93[0m
13:29:24   [32;22m     all[0m[34;1m      1.03[0m[34;22m      0.00[0m[34;1m      0.52[0m[34;22m      0.00[0m[34;22m      0.00[0m[34;1m     98.45[0m
13:29:25   [32;22m     all[0m[34;1m      2.04[0m[34;22m      0.00[0m[34;1m      1.27[0m[34;1m      0.51[0m[34;22m      0.00[0m[34;1m     96.18[0m
13:29:26   [32;22m     all[0m[34;1m      2.31[0m[34;22m      0.00[0m[34;1m      2.31[0m[34;1m      0.26[0m[34;22m      0.00[0m[34;1m     95.13[0m
13:29:27   [32;22m     all[0m[34;1m     12.14[0m[34;22m      0.00[0m[34;1m      4.65[0m[34;1m      0.26[0m[34;22m      0.00[0m[34;1m     82.95[0m
13:29:28   [32;22m     all[0m[34;1m      4.86[0m[34;22m      0.00[0m[34;1m      2.05[0m[34;22m      0.00[0m[34;22m      0.00[0m[34;1m     93.09[0m
13:29:29   [32;22m     all[0m[34;1m      1.28[0m[34;22m      0.00[0m[34;1m      0.26[0m[34;1m      0.26[0m[34;22m      0.00[0m[34;1m     98.21[0m
13:29:30   [32;22m     all[0m[34;1m      1.02[0m[34;22m      0.00[0m[34;1m      0.77[0m[34;22m      0.00[0m[34;22m      0.00[0m[34;1m     98.21[0m
13:29:31   [32;22m     all[0m[34;1m      1.03[0m[34;22m      0.00[0m[34;1m      1.03[0m[34;1m      0.26[0m[34;22m      0.00[0m[34;1m     97.69[0m
13:29:32   [32;22m     all[0m[34;1m      1.79[0m[34;22m      0.00[0m[34;1m      1.53[0m[34;22m      0.00[0m[34;22m      0.00[0m[34;1m     96.68[0m
13:29:33   [32;22m     all[0m[34;1m      1.02[0m[34;22m      0.00[0m[34;1m      1.02[0m[34;22m      0.00[0m[34;22m      0.00[0m[34;1m     97.96[0m
13:29:34   [32;22m     all[0m[34;1m      3.37[0m[34;22m      0.00[0m[34;1m      2.33[0m[34;22m      0.00[0m[34;22m      0.00[0m[34;1m     94.30[0m
13:29:35   [32;22m     all[0m[34;1m      1.27[0m[34;22m      0.00[0m[34;1m      0.76[0m[34;22m      0.00[0m[34;22m      0.00[0m[34;1m     97.97[0m
13:29:36   [32;22m     all[0m[34;1m      1.54[0m[34;22m      0.00[0m[34;1m      1.79[0m[34;22m      0.00[0m[34;22m      0.00[0m[34;1m     96.67[0m
13:29:37   [32;22m     all[0m[34;1m      9.16[0m[34;22m      0.00[0m[34;1m      3.05[0m[34;22m      0.00[0m[34;22m      0.00[0m[34;1m     87.79[0m
13:29:38   [32;22m     all[0m[34;1m      1.29[0m[34;22m      0.00[0m[34;22m      0.00[0m[34;22m      0.00[0m[34;22m      0.00[0m[34;1m     98.71[0m
13:29:39   [32;22m     all[0m[34;1m      1.01[0m[34;22m      0.00[0m[34;1m      1.52[0m[34;22m      0.00[0m[34;22m      0.00[0m[34;1m     97.47[0m
13:29:40   [32;22m     all[0m[34;1m      0.51[0m[34;22m      0.00[0m[34;1m      0.51[0m[34;22m      0.00[0m[34;22m      0.00[0m[34;1m     98.97[0m
13:29:41   [32;22m     all[0m[34;1m      1.02[0m[34;22m      0.00[0m[34;1m      0.51[0m[34;22m      0.00[0m[34;22m      0.00[0m[34;1m     98.47[0m
13:29:42   [32;22m     all[0m[34;1m      1.02[0m[34;22m      0.00[0m[34;1m      1.28[0m[34;22m      0.00[0m[34;22m      0.00[0m[34;1m     97.70[0m
13:29:43   [32;22m     all[0m[34;1m      0.77[0m[34;22m      0.00[0m[34;1m      0.26[0m[34;22m      0.00[0m[34;22m      0.00[0m[34;1m     98.97[0m
13:29:44   [32;22m     all[0m[34;1m      1.01[0m[34;22m      0.00[0m[34;1m      1.26[0m[34;22m      0.00[0m[34;22m      0.00[0m[34;1m     97.73[0m
13:29:45   [32;22m     all[0m[34;1m      0.26[0m[34;22m      0.00[0m[34;1m      0.77[0m[34;22m      0.00[0m[34;22m      0.00[0m[34;1m     98.98[0m
13:29:46   [32;22m     all[0m[34;1m      1.28[0m[34;22m      0.00[0m[34;1m      0.77[0m[34;22m      0.00[0m[34;22m      0.00[0m[34;1m     97.95[0m
13:29:47   [32;22m     all[0m[34;1m      1.28[0m[34;22m      0.00[0m[34;1m      1.02[0m[34;22m      0.00[0m[34;22m      0.00[0m[34;1m     97.70[0m
13:29:48   [32;22m     all[0m[34;1m      1.01[0m[34;22m      0.00[0m[34;1m      1.51[0m[34;1m      0.25[0m[34;22m      0.00[0m[34;1m     97.24[0m
13:29:49   [32;22m     all[0m[34;1m      0.77[0m[34;22m      0.00[0m[34;1m      0.51[0m[34;22m      0.00[0m[34;22m      0.00[0m[34;1m     98.72[0m
13:29:50   [32;22m     all[0m[34;1m      0.76[0m[34;22m      0.00[0m[34;1m      0.25[0m[34;22m      0.00[0m[34;22m      0.00[0m[34;1m     98.98[0m
13:29:51   [32;22m     all[0m[34;1m      0.77[0m[34;22m      0.00[0m[34;1m      1.02[0m[34;22m      0.00[0m[34;22m      0.00[0m[34;1m     98.21[0m
13:29:52   [32;22m     all[0m[34;1m      2.04[0m[34;22m      0.00[0m[34;1m      1.78[0m[34;1m      0.25[0m[34;22m      0.00[0m[34;1m     95.93[0m
13:29:53   [32;22m     all[0m[34;1m      1.29[0m[34;22m      0.00[0m[34;1m      0.52[0m[34;1m      0.26[0m[34;22m      0.00[0m[34;1m     97.93[0m
13:29:54   [32;22m     all[0m[34;1m      0.76[0m[34;22m      0.00[0m[34;1m      1.02[0m[34;22m      0.00[0m[34;22m      0.00[0m[34;1m     98.22[0m
13:29:55   [32;22m     all[0m[34;1m      1.27[0m[34;22m      0.00[0m[34;1m      1.02[0m[34;22m      0.00[0m[34;22m      0.00[0m[34;1m     97.71[0m
13:29:56   [32;22m     all[0m[34;1m      1.28[0m[34;22m      0.00[0m[34;1m      1.03[0m[34;22m      0.00[0m[34;22m      0.00[0m[34;1m     97.69[0m
13:29:57   [32;22m     all[0m[34;1m      1.55[0m[34;22m      0.00[0m[34;1m      0.77[0m[34;22m      0.00[0m[34;22m      0.00[0m[34;1m     97.68[0m
13:29:58   [32;22m     all[0m[34;1m      1.02[0m[34;22m      0.00[0m[34;1m      0.76[0m[34;1m      0.25[0m[34;22m      0.00[0m[34;1m     97.96[0m
13:29:59   [32;22m     all[0m[34;1m      0.51[0m[34;22m      0.00[0m[34;1m      0.77[0m[34;22m      0.00[0m[34;22m      0.00[0m[34;1m     98.72[0m
13:30:00   [32;22m     all[0m[34;1m      0.77[0m[34;22m      0.00[0m[34;1m      1.53[0m[34;22m      0.00[0m[34;22m      0.00[0m[34;1m     97.70[0m
13:30:01   [32;22m     all[0m[34;1m      0.77[0m[34;22m      0.00[0m[34;1m      0.77[0m[34;22m      0.00[0m[34;22m      0.00[0m[34;1m     98.47[0m
13:30:02   [32;22m     all[0m[34;1m      1.28[0m[34;22m      0.00[0m[34;1m      0.26[0m[34;22m      0.00[0m[34;22m      0.00[0m[34;1m     98.47[0m
13:30:03   [32;22m     all[0m[34;1m      1.01[0m[34;22m      0.00[0m[34;1m      1.27[0m[34;1m      0.25[0m[34;22m      0.00[0m[34;1m     97.47[0m
13:30:04   [32;22m     all[0m[34;1m      1.30[0m[34;22m      0.00[0m[34;1m      0.78[0m[34;22m      0.00[0m[34;22m      0.00[0m[34;1m     97.92[0m
13:30:05   [32;22m     all[0m[34;1m      1.02[0m[34;22m      0.00[0m[34;1m      0.25[0m[34;22m      0.00[0m[34;22m      0.00[0m[34;1m     98.73[0m
13:30:06   [32;22m     all[0m[34;1m      1.53[0m[34;22m      0.00[0m[34;1m      0.77[0m[34;22m      0.00[0m[34;22m      0.00[0m[34;1m     97.70[0m
13:30:07   [32;22m     all[0m[34;1m      2.05[0m[34;22m      0.00[0m[34;1m      1.79[0m[34;22m      0.00[0m[34;22m      0.00[0m[34;1m     96.15[0m
13:30:08   [32;22m     all[0m[34;1m      1.53[0m[34;22m      0.00[0m[34;1m      1.02[0m[34;22m      0.00[0m[34;22m      0.00[0m[34;1m     97.46[0m
13:30:09   [32;22m     all[0m[34;1m      1.03[0m[34;22m      0.00[0m[34;1m      0.26[0m[34;22m      0.00[0m[34;22m      0.00[0m[34;1m     98.71[0m
13:30:10   [32;22m     all[0m[34;1m      1.03[0m[34;22m      0.00[0m[34;1m      1.54[0m[34;22m      0.00[0m[34;22m      0.00[0m[34;1m     97.43[0m
13:30:11   [32;22m     all[0m[34;1m      1.02[0m[34;22m      0.00[0m[34;1m      0.76[0m[34;22m      0.00[0m[34;22m      0.00[0m[34;1m     98.22[0m
13:30:12   [32;22m     all[0m[34;1m      1.28[0m[34;22m      0.00[0m[34;1m      1.03[0m[34;22m      0.00[0m[34;22m      0.00[0m[34;1m     97.69[0m
13:30:13   [32;22m     all[0m[34;1m      1.28[0m[34;22m      0.00[0m[34;1m      0.51[0m[34;22m      0.00[0m[34;22m      0.00[0m[34;1m     98.21[0m
13:30:14   [32;22m     all[0m[34;1m      1.02[0m[34;22m      0.00[0m[34;1m      0.77[0m[34;1m      0.26[0m[34;22m      0.00[0m[34;1m     97.96[0m
13:30:15   [32;22m     all[0m[34;1m      0.76[0m[34;22m      0.00[0m[34;1m      0.76[0m[34;22m      0.00[0m[34;22m      0.00[0m[34;1m     98.48[0m
13:30:16   [32;22m     all[0m[34;1m      1.27[0m[34;22m      0.00[0m[34;1m      0.76[0m[34;22m      0.00[0m[34;22m      0.00[0m[34;1m     97.96[0m
13:30:17   [32;22m     all[0m[34;1m      1.55[0m[34;22m      0.00[0m[34;1m      1.55[0m[34;22m      0.00[0m[34;22m      0.00[0m[34;1m     96.90[0m
13:30:18   [32;22m     all[0m[34;1m      1.02[0m[34;22m      0.00[0m[34;1m      0.76[0m[34;1m      0.51[0m[34;22m      0.00[0m[34;1m     97.71[0m
13:30:19   [32;22m     all[0m[34;1m      0.77[0m[34;22m      0.00[0m[34;1m      0.77[0m[34;1m      0.26[0m[34;22m      0.00[0m[34;1m     98.21[0m
13:30:20   [32;22m     all[0m[34;1m      1.27[0m[34;22m      0.00[0m[34;1m      0.76[0m[34;22m      0.00[0m[34;22m      0.00[0m[34;1m     97.97[0m
13:30:21   [32;22m     all[0m[34;1m      0.77[0m[34;22m      0.00[0m[34;1m      1.03[0m[34;22m      0.00[0m[34;22m      0.00[0m[34;1m     98.21[0m
13:30:22   [32;22m     all[0m[34;1m      0.77[0m[34;22m      0.00[0m[34;1m      0.51[0m[34;22m      0.00[0m[34;22m      0.00[0m[34;1m     98.71[0m
13:30:23   [32;22m     all[0m[34;1m      1.80[0m[34;22m      0.00[0m[34;1m      0.77[0m[34;22m      0.00[0m[34;22m      0.00[0m[34;1m     97.43[0m
13:30:24   [32;22m     all[0m[34;1m      1.27[0m[34;22m      0.00[0m[34;1m      1.27[0m[34;22m      0.00[0m[34;22m      0.00[0m[34;1m     97.46[0m
13:30:25   [32;22m     all[0m[34;1m      1.02[0m[34;22m      0.00[0m[34;1m      0.77[0m[34;22m      0.00[0m[34;22m      0.00[0m[34;1m     98.21[0m
13:30:26   [32;22m     all[0m[34;1m      0.78[0m[34;22m      0.00[0m[34;1m      0.26[0m[34;22m      0.00[0m[34;22m      0.00[0m[34;1m     98.97[0m
13:30:27   [32;22m     all[0m[34;1m      2.06[0m[34;22m      0.00[0m[34;1m      2.31[0m[34;22m      0.00[0m[34;22m      0.00[0m[34;1m     95.63[0m
13:30:28   [32;22m     all[0m[34;1m      1.03[0m[34;22m      0.00[0m[34;1m      0.52[0m[34;22m      0.00[0m[34;22m      0.00[0m[34;1m     98.45[0m
13:30:29   [32;22m     all[0m[34;1m      1.28[0m[34;22m      0.00[0m[34;1m      0.77[0m[34;22m      0.00[0m[34;22m      0.00[0m[34;1m     97.96[0m
13:30:30   [32;22m     all[0m[34;1m      0.76[0m[34;22m      0.00[0m[34;1m      0.76[0m[34;1m      0.25[0m[34;22m      0.00[0m[34;1m     98.22[0m
13:30:31   [32;22m     all[0m[34;1m      1.02[0m[34;22m      0.00[0m[34;1m      1.02[0m[34;22m      0.00[0m[34;22m      0.00[0m[34;1m     97.96[0m
13:30:32   [32;22m     all[0m[34;1m      0.77[0m[34;22m      0.00[0m[34;1m      0.51[0m[34;22m      0.00[0m[34;22m      0.00[0m[34;1m     98.72[0m
13:30:33   [32;22m     all[0m[34;1m      1.02[0m[34;22m      0.00[0m[34;1m      1.28[0m[34;22m      0.00[0m[34;22m      0.00[0m[34;1m     97.70[0m
13:30:34   [32;22m     all[0m[34;1m      1.02[0m[34;22m      0.00[0m[34;1m      0.77[0m[34;22m      0.00[0m[34;22m      0.00[0m[34;1m     98.21[0m
13:30:35   [32;22m     all[0m[34;1m      1.28[0m[34;22m      0.00[0m[34;1m      0.77[0m[34;22m      0.00[0m[34;22m      0.00[0m[34;1m     97.95[0m
13:30:36   [32;22m     all[0m[34;1m      1.02[0m[34;22m      0.00[0m[34;1m      0.26[0m[34;22m      0.00[0m[34;22m      0.00[0m[34;1m     98.72[0m
13:30:37   [32;22m     all[0m[34;1m      1.79[0m[34;22m      0.00[0m[34;1m      2.05[0m[34;22m      0.00[0m[34;22m      0.00[0m[34;1m     96.15[0m
13:30:38   [32;22m     all[0m[34;1m      1.28[0m[34;22m      0.00[0m[34;1m      0.77[0m[34;22m      0.00[0m[34;22m      0.00[0m[34;1m     97.95[0m
13:30:39   [32;22m     all[0m[34;1m      1.02[0m[34;22m      0.00[0m[34;1m      0.77[0m[34;22m      0.00[0m[34;22m      0.00[0m[34;1m     98.21[0m
13:30:40   [32;22m     all[0m[34;1m      0.77[0m[34;22m      0.00[0m[34;1m      0.51[0m[34;22m      0.00[0m[34;22m      0.00[0m[34;1m     98.72[0m
13:30:41   [32;22m     all[0m[34;1m      0.77[0m[34;22m      0.00[0m[34;1m      0.77[0m[34;22m      0.00[0m[34;22m      0.00[0m[34;1m     98.46[0m
13:30:42   [32;22m     all[0m[34;1m      1.02[0m[34;22m      0.00[0m[34;1m      0.51[0m[34;22m      0.00[0m[34;22m      0.00[0m[34;1m     98.47[0m
13:30:43   [32;22m     all[0m[34;1m      1.28[0m[34;22m      0.00[0m[34;1m      1.02[0m[34;22m      0.00[0m[34;22m      0.00[0m[34;1m     97.70[0m
13:30:44   [32;22m     all[0m[34;1m      1.79[0m[34;22m      0.00[0m[34;1m      1.28[0m[34;22m      0.00[0m[34;22m      0.00[0m[34;1m     96.93[0m
13:30:45   [32;22m     all[0m[34;1m      0.51[0m[34;22m      0.00[0m[34;1m      0.77[0m[34;22m      0.00[0m[34;22m      0.00[0m[34;1m     98.71[0m
13:30:46   [32;22m     all[0m[34;1m      0.77[0m[34;22m      0.00[0m[34;1m      0.51[0m[34;22m      0.00[0m[34;22m      0.00[0m[34;1m     98.72[0m
13:30:47   [32;22m     all[0m[34;1m      2.55[0m[34;22m      0.00[0m[34;1m      2.04[0m[34;22m      0.00[0m[34;22m      0.00[0m[34;1m     95.41[0m
13:30:48   [32;22m     all[0m[34;1m      0.77[0m[34;22m      0.00[0m[34;1m      0.77[0m[34;22m      0.00[0m[34;22m      0.00[0m[34;1m     98.46[0m
13:30:49   [32;22m     all[0m[34;1m      1.02[0m[34;22m      0.00[0m[34;1m      0.77[0m[34;22m      0.00[0m[34;22m      0.00[0m[34;1m     98.21[0m
13:30:50   [32;22m     all[0m[34;1m      1.02[0m[34;22m      0.00[0m[34;1m      0.77[0m[34;22m      0.00[0m[34;22m      0.00[0m[34;1m     98.21[0m
13:30:51   [32;22m     all[0m[34;1m      1.04[0m[34;22m      0.00[0m[34;1m      0.78[0m[34;22m      0.00[0m[34;22m      0.00[0m[34;1m     98.19[0m
13:30:52   [32;22m     all[0m[34;1m      1.03[0m[34;22m      0.00[0m[34;1m      1.28[0m[34;22m      0.00[0m[34;22m      0.00[0m[34;1m     97.69[0m
13:30:53   [32;22m     all[0m[34;1m      1.79[0m[34;22m      0.00[0m[34;1m      1.79[0m[34;22m      0.00[0m[34;22m      0.00[0m[34;1m     96.42[0m
13:30:54   [32;22m     all[0m[34;1m      1.53[0m[34;22m      0.00[0m[34;1m      1.02[0m[34;1m      0.25[0m[34;22m      0.00[0m[34;1m     97.20[0m
13:30:55   [32;22m     all[0m[34;1m      0.77[0m[34;22m      0.00[0m[34;1m      1.02[0m[34;22m      0.00[0m[34;22m      0.00[0m[34;1m     98.21[0m
13:30:56   [32;22m     all[0m[34;1m      0.77[0m[34;22m      0.00[0m[34;1m      0.51[0m[34;22m      0.00[0m[34;22m      0.00[0m[34;1m     98.72[0m
13:30:57   [32;22m     all[0m[34;1m      2.29[0m[34;22m      0.00[0m[34;1m      1.53[0m[34;22m      0.00[0m[34;22m      0.00[0m[34;1m     96.18[0m
13:30:58   [32;22m     all[0m[34;1m      1.03[0m[34;22m      0.00[0m[34;1m      0.51[0m[34;22m      0.00[0m[34;22m      0.00[0m[34;1m     98.46[0m
13:30:59   [32;22m     all[0m[34;1m      1.02[0m[34;22m      0.00[0m[34;1m      0.77[0m[34;22m      0.00[0m[34;22m      0.00[0m[34;1m     98.21[0m
13:31:00   [32;22m     all[0m[34;1m      0.76[0m[34;22m      0.00[0m[34;1m      1.02[0m[34;22m      0.00[0m[34;22m      0.00[0m[34;1m     98.22[0m
13:31:01   [32;22m     all[0m[34;1m      1.28[0m[34;22m      0.00[0m[34;1m      0.26[0m[34;22m      0.00[0m[34;22m      0.00[0m[34;1m     98.47[0m
13:31:02   [32;22m     all[0m[34;1m      1.02[0m[34;22m      0.00[0m[34;1m      0.77[0m[34;22m      0.00[0m[34;22m      0.00[0m[34;1m     98.21[0m
13:31:03   [32;22m     all[0m[34;1m      0.77[0m[34;22m      0.00[0m[34;1m      0.51[0m[34;1m      0.26[0m[34;22m      0.00[0m[34;1m     98.47[0m
13:31:04   [32;22m     all[0m[34;1m      1.28[0m[34;22m      0.00[0m[34;1m      1.28[0m[34;1m      0.26[0m[34;22m      0.00[0m[34;1m     97.19[0m
13:31:05   [32;22m     all[0m[34;1m      0.77[0m[34;22m      0.00[0m[34;1m      0.51[0m[34;22m      0.00[0m[34;22m      0.00[0m[34;1m     98.72[0m
13:31:06   [32;22m     all[0m[34;1m      1.02[0m[34;22m      0.00[0m[34;1m      1.02[0m[34;22m      0.00[0m[34;22m      0.00[0m[34;1m     97.96[0m
