[2026-04-17 21:45:19,210] aayanksinghai-Vivobook-ASUSLaptop-K3605ZF-K3605ZF/INFO/locust.main: Starting Locust 2.43.4
[2026-04-17 21:45:19,211] aayanksinghai-Vivobook-ASUSLaptop-K3605ZF-K3605ZF/INFO/locust.main: Run time limit set to 300 seconds
[2026-04-17 21:45:19,211] aayanksinghai-Vivobook-ASUSLaptop-K3605ZF-K3605ZF/INFO/locust.runners: Ramping to 1250 users at a rate of 41.00 per second
[2026-04-17 21:45:49,294] aayanksinghai-Vivobook-ASUSLaptop-K3605ZF-K3605ZF/INFO/locust.runners: All users spawned: {"BoutiqueUser": 1250} (1250 total users)
[2026-04-17 21:50:19,072] aayanksinghai-Vivobook-ASUSLaptop-K3605ZF-K3605ZF/INFO/locust.main: --run-time limit reached, shutting down
[2026-04-17 21:50:19,206] aayanksinghai-Vivobook-ASUSLaptop-K3605ZF-K3605ZF/INFO/locust.main: Shutting down (exit code 0)
Type     Name                                                                          # reqs      # fails |    Avg     Min     Max    Med |   req/s  failures/s
--------|----------------------------------------------------------------------------|-------|-------------|-------|-------|-------|-------|--------|-----------
GET      GET /                                                                          28096     0(0.00%) |      7       1     260      6 |   93.66        0.00
GET      GET /?currency=X                                                               22837     0(0.00%) |      7       1     234      5 |   76.13        0.00
GET      GET /?product_id=X                                                              2802     0(0.00%) |      7       2     149      6 |    9.34        0.00
GET      GET /cart                                                                      11310     0(0.00%) |      7       1     244      5 |   37.70        0.00
GET      GET /product/[id]                                                              19986     0(0.00%) |      6       1     195      5 |   66.62        0.00
POST     POST /cart (add)                                                               14346     0(0.00%) |     18       3     316     10 |   47.82        0.00
POST     POST /cart (pre-checkout add)                                                   5658     0(0.00%) |     18       3     324     10 |   18.86        0.00
POST     POST /cart/checkout                                                             5656     0(0.00%) |     15       2     167      7 |   18.85        0.00
POST     POST /cart/empty                                                                5580     0(0.00%) |     11       3     287      9 |   18.60        0.00
POST     POST /setCurrency                                                               8406     0(0.00%) |     17       3     333     10 |   28.02        0.00
--------|----------------------------------------------------------------------------|-------|-------------|-------|-------|-------|-------|--------|-----------
         Aggregated                                                                    124677     0(0.00%) |     10       1     333      6 |  415.62        0.00

Response time percentiles (approximated)
Type     Name                                                                                  50%    66%    75%    80%    90%    95%    98%    99%  99.9% 99.99%   100% # reqs
--------|--------------------------------------------------------------------------------|--------|------|------|------|------|------|------|------|------|------|------|------
GET      GET /                                                                                   6      6      7      8      9     12     24     66    120    240    260  28096
GET      GET /?currency=X                                                                        5      6      7      8      9     12     25     67    120    230    230  22837
GET      GET /?product_id=X                                                                      6      7      7      8      9     11     26     66    110    150    150   2802
GET      GET /cart                                                                               5      6      7      8      9     11     20     64    120    240    240  11310
GET      GET /product/[id]                                                                       5      6      7      7      9     11     23     68    110    190    200  19986
POST     POST /cart (add)                                                                       10     12     15     18     50     53     60     88    140    310    320  14346
POST     POST /cart (pre-checkout add)                                                          10     12     15     19     50     53     60     91    290    320    320   5658
POST     POST /cart/checkout                                                                     7      9     12     45     47     49     51     53     86    170    170   5656
POST     POST /cart/empty                                                                        9     10     11     12     14     17     37     84    150    290    290   5580
POST     POST /setCurrency                                                                      10     12     14     18     50     53     59     87    160    330    330   8406
--------|--------------------------------------------------------------------------------|--------|------|------|------|------|------|------|------|------|------|------|------
         Aggregated                                                                              6      8      9     10     14     47     54     71    130    290    330 124677

[locust] Test starting → target: http://localhost:8081
[locust] Test complete.
