[2026-04-17 21:34:30,466] aayanksinghai-Vivobook-ASUSLaptop-K3605ZF-K3605ZF/INFO/locust.main: Starting Locust 2.43.4
[2026-04-17 21:34:30,467] aayanksinghai-Vivobook-ASUSLaptop-K3605ZF-K3605ZF/INFO/locust.main: Run time limit set to 300 seconds
[2026-04-17 21:34:30,467] aayanksinghai-Vivobook-ASUSLaptop-K3605ZF-K3605ZF/INFO/locust.runners: Ramping to 750 users at a rate of 25.00 per second
[2026-04-17 21:34:59,531] aayanksinghai-Vivobook-ASUSLaptop-K3605ZF-K3605ZF/INFO/locust.runners: All users spawned: {"BoutiqueUser": 750} (750 total users)
[2026-04-17 21:39:30,333] aayanksinghai-Vivobook-ASUSLaptop-K3605ZF-K3605ZF/INFO/locust.main: --run-time limit reached, shutting down
[2026-04-17 21:39:30,423] aayanksinghai-Vivobook-ASUSLaptop-K3605ZF-K3605ZF/INFO/locust.main: Shutting down (exit code 0)
Type     Name                                                                          # reqs      # fails |    Avg     Min     Max    Med |   req/s  failures/s
--------|----------------------------------------------------------------------------|-------|-------------|-------|-------|-------|-------|--------|-----------
GET      GET /                                                                          16919     0(0.00%) |      5       1      77      4 |   56.41        0.00
GET      GET /?currency=X                                                               13694     0(0.00%) |      5       2      85      4 |   45.66        0.00
GET      GET /?product_id=X                                                              1701     0(0.00%) |      5       2      74      4 |    5.67        0.00
GET      GET /cart                                                                       6798     0(0.00%) |      5       2      73      4 |   22.67        0.00
GET      GET /product/[id]                                                              11905     0(0.00%) |      5       2      78      4 |   39.69        0.00
POST     POST /cart (add)                                                                8507     0(0.00%) |     12       3      89      8 |   28.36        0.00
POST     POST /cart (pre-checkout add)                                                   3474     0(0.00%) |     12       4      83      8 |   11.58        0.00
POST     POST /cart/checkout                                                             3474     0(0.00%) |     12       2      65      5 |   11.58        0.00
POST     POST /cart/empty                                                                3403     0(0.00%) |      7       3      93      7 |   11.35        0.00
POST     POST /setCurrency                                                               5101     0(0.00%) |     12       3      87      7 |   17.01        0.00
--------|----------------------------------------------------------------------------|-------|-------------|-------|-------|-------|-------|--------|-----------
         Aggregated                                                                     74976     0(0.00%) |      7       1      93      5 |  249.98        0.00

Response time percentiles (approximated)
Type     Name                                                                                  50%    66%    75%    80%    90%    95%    98%    99%  99.9% 99.99%   100% # reqs
--------|--------------------------------------------------------------------------------|--------|------|------|------|------|------|------|------|------|------|------|------
GET      GET /                                                                                   4      5      5      6      6      8     10     37     64     75     78  16919
GET      GET /?currency=X                                                                        4      5      5      6      7      8     10     35     59     71     85  13694
GET      GET /?product_id=X                                                                      4      5      5      6      7      8     12     41     61     75     75   1701
GET      GET /cart                                                                               4      5      5      5      6      8     10     38     65     74     74   6798
GET      GET /product/[id]                                                                       4      5      5      5      6      7     10     42     66     73     79  11905
POST     POST /cart (add)                                                                        8      9      9     10     46     49     51     54     76     89     89   8507
POST     POST /cart (pre-checkout add)                                                           8      9     10     10     47     49     51     53     70     83     83   3474
POST     POST /cart/checkout                                                                     5      6      7      8     46     47     48     49     52     65     65   3474
POST     POST /cart/empty                                                                        7      8      8      9     10     11     15     44     70     93     93   3403
POST     POST /setCurrency                                                                       7      8      9     10     46     49     51     53     73     87     87   5101
--------|--------------------------------------------------------------------------------|--------|------|------|------|------|------|------|------|------|------|------|------
         Aggregated                                                                              5      6      7      7      9     13     48     50     67     83     93  74976

[locust] Test starting → target: http://localhost:8081
[locust] Test complete.
